SERVER_HANDSHAKE_TRAFFIC_SECRET 78709d3e153e063a22e9d6d917c35b9f53c509c18068924cb0c890375e97d942 08bb24b21a566636995da2502986ac9a859e1c188d1cb6f87eba27b6cf40fef3
CLIENT_HANDSHAKE_TRAFFIC_SECRET 78709d3e153e063a22e9d6d917c35b9f53c509c18068924cb0c890375e97d942 9d6f23b2a4b21b91a6be88abf1d9dc0112c3189b26124c10b14e14bfb85d70cc
SERVER_TRAFFIC_SECRET_0 78709d3e153e063a22e9d6d917c35b9f53c509c18068924cb0c890375e97d942 6465e5ed877956e87610a8bf6c7d06292e1a35b5c0aee6ec7bee4f1ddb8b1676
SERVER_HANDSHAKE_TRAFFIC_SECRET 78709d3e153e063a22e9d6d917c35b9f53c509c18068924cb0c890375e97d942 08bb24b21a566636995da2502986ac9a859e1c188d1cb6f87eba27b6cf40fef3
CLIENT_HANDSHAKE_TRAFFIC_SECRET 78709d3e153e063a22e9d6d917c35b9f53c509c18068924cb0c890375e97d942 9d6f23b2a4b21b91a6be88abf1d9dc0112c3189b26124c10b14e14bfb85d70cc
SERVER_TRAFFIC_SECRET_0 78709d3e153e063a22e9d6d917c35b9f53c509c18068924cb0c890375e97d942 6465e5ed877956e87610a8bf6c7d06292e1a35b5c0aee6ec7bee4f1ddb8b1676
CLIENT_TRAFFIC_SECRET_0 78709d3e153e063a22e9d6d917c35b9f53c509c18068924cb0c890375e97d942 c0a0ba0350929e0f036b8c04377cd5135431565d14fed2a920b0b59df3f62293
CLIENT_TRAFFIC_SECRET_0 78709d3e153e063a22e9d6d917c35b9f53c509c18068924cb0c890375e97d942 c0a0ba0350929e0f036b8c04377cd5135431565d14fed2a920b0b59df3f62293
SERVER_HANDSHAKE_TRAFFIC_SECRET ee97016c29a7355bdb24d0290ee7c3612308d9dd384c7c729a85155cae23d97f 8dba718d44867952f7e02b468a29bec98c17af36f1e2ad608710b952a81ba251
CLIENT_HANDSHAKE_TRAFFIC_SECRET ee97016c29a7355bdb24d0290ee7c3612308d9dd384c7c729a85155cae23d97f f3958fd8521d278023c294d8d7338ac7e5dbcca6613145558fd5b1c20e3fe119
SERVER_TRAFFIC_SECRET_0 ee97016c29a7355bdb24d0290ee7c3612308d9dd384c7c729a85155cae23d97f 14f0224f23b64c90cd72e308f6bbc3c560c7fad723dd7c2caccc32a9a7c90702
SERVER_HANDSHAKE_TRAFFIC_SECRET ee97016c29a7355bdb24d0290ee7c3612308d9dd384c7c729a85155cae23d97f 8dba718d44867952f7e02b468a29bec98c17af36f1e2ad608710b952a81ba251
CLIENT_HANDSHAKE_TRAFFIC_SECRET ee97016c29a7355bdb24d0290ee7c3612308d9dd384c7c729a85155cae23d97f f3958fd8521d278023c294d8d7338ac7e5dbcca6613145558fd5b1c20e3fe119
SERVER_TRAFFIC_SECRET_0 ee97016c29a7355bdb24d0290ee7c3612308d9dd384c7c729a85155cae23d97f 14f0224f23b64c90cd72e308f6bbc3c560c7fad723dd7c2caccc32a9a7c90702
CLIENT_TRAFFIC_SECRET_0 ee97016c29a7355bdb24d0290ee7c3612308d9dd384c7c729a85155cae23d97f 54cffef35d3fd85a0c7bd9df9ae16c5cf384085e572fcd65ce1b72eb950aa8b1
CLIENT_TRAFFIC_SECRET_0 ee97016c29a7355bdb24d0290ee7c3612308d9dd384c7c729a85155cae23d97f 54cffef35d3fd85a0c7bd9df9ae16c5cf384085e572fcd65ce1b72eb950aa8b1
SERVER_HANDSHAKE_TRAFFIC_SECRET 336e950c1d263ad70b81ca5e92976638fa98eb9f85be947dcd3ed172827ace01 3304f26bde7884dabe36a6e8dc8ad94e86ce756ed949fca2c35a49fb7c89a136
CLIENT_HANDSHAKE_TRAFFIC_SECRET 336e950c1d263ad70b81ca5e92976638fa98eb9f85be947dcd3ed172827ace01 8ec5181e231860224061f5bf59d667e7342b8fa9b166a62a31875fda81d2600b
SERVER_TRAFFIC_SECRET_0 336e950c1d263ad70b81ca5e92976638fa98eb9f85be947dcd3ed172827ace01 ae875bcb874d77402a540b268028858470228f277edb3069191b5c79fc5b9c32
SERVER_HANDSHAKE_TRAFFIC_SECRET 336e950c1d263ad70b81ca5e92976638fa98eb9f85be947dcd3ed172827ace01 3304f26bde7884dabe36a6e8dc8ad94e86ce756ed949fca2c35a49fb7c89a136
CLIENT_HANDSHAKE_TRAFFIC_SECRET 336e950c1d263ad70b81ca5e92976638fa98eb9f85be947dcd3ed172827ace01 8ec5181e231860224061f5bf59d667e7342b8fa9b166a62a31875fda81d2600b
SERVER_TRAFFIC_SECRET_0 336e950c1d263ad70b81ca5e92976638fa98eb9f85be947dcd3ed172827ace01 ae875bcb874d77402a540b268028858470228f277edb3069191b5c79fc5b9c32
CLIENT_TRAFFIC_SECRET_0 336e950c1d263ad70b81ca5e92976638fa98eb9f85be947dcd3ed172827ace01 e8265dac416513d68706b5e4bd0dea2e694db097c86d6cfe46cef6a2ee3c6374
CLIENT_TRAFFIC_SECRET_0 336e950c1d263ad70b81ca5e92976638fa98eb9f85be947dcd3ed172827ace01 e8265dac416513d68706b5e4bd0dea2e694db097c86d6cfe46cef6a2ee3c6374
SERVER_HANDSHAKE_TRAFFIC_SECRET 78004a39639c79eae662d07c8bada72116a94ae5c5206d00135389fa1de652b7 75550ced90a02f918a73970aed13f1cc88ad1066f3401057e052b082d7b90a29
CLIENT_HANDSHAKE_TRAFFIC_SECRET 78004a39639c79eae662d07c8bada72116a94ae5c5206d00135389fa1de652b7 44bec0edbe114688274f340aa0844fc27dd5f72b7f6e76193f90d8f765669285
SERVER_TRAFFIC_SECRET_0 78004a39639c79eae662d07c8bada72116a94ae5c5206d00135389fa1de652b7 7c678175e6506f6da0dc08ad3554e5af1f72fb1c6389c45d4599bf1be09e310f
SERVER_HANDSHAKE_TRAFFIC_SECRET 78004a39639c79eae662d07c8bada72116a94ae5c5206d00135389fa1de652b7 75550ced90a02f918a73970aed13f1cc88ad1066f3401057e052b082d7b90a29
CLIENT_HANDSHAKE_TRAFFIC_SECRET 78004a39639c79eae662d07c8bada72116a94ae5c5206d00135389fa1de652b7 44bec0edbe114688274f340aa0844fc27dd5f72b7f6e76193f90d8f765669285
SERVER_TRAFFIC_SECRET_0 78004a39639c79eae662d07c8bada72116a94ae5c5206d00135389fa1de652b7 7c678175e6506f6da0dc08ad3554e5af1f72fb1c6389c45d4599bf1be09e310f
CLIENT_TRAFFIC_SECRET_0 78004a39639c79eae662d07c8bada72116a94ae5c5206d00135389fa1de652b7 04c7b6b759c240a0e10aab5ed93c3dc7837c4867ef6ae44be67cf49a54fbb2a0
CLIENT_TRAFFIC_SECRET_0 78004a39639c79eae662d07c8bada72116a94ae5c5206d00135389fa1de652b7 04c7b6b759c240a0e10aab5ed93c3dc7837c4867ef6ae44be67cf49a54fbb2a0
SERVER_HANDSHAKE_TRAFFIC_SECRET e8e8dbc583ccff40f22f6f22e05315101c7751e8b87ed3e42759831ae45ecb8b 3db1036ebaf0c4987f691f95f1a6f8f14eb4b45cb135ff317c1dacc050cc75b1
CLIENT_HANDSHAKE_TRAFFIC_SECRET e8e8dbc583ccff40f22f6f22e05315101c7751e8b87ed3e42759831ae45ecb8b 559500890fa178c700bbd6df7a5f160521b38de899c45b0bc17525d360818e2b
SERVER_TRAFFIC_SECRET_0 e8e8dbc583ccff40f22f6f22e05315101c7751e8b87ed3e42759831ae45ecb8b a22969b5b53ae0561b1ff37c735fd0ab7f9d75c6cb99d4423bdce8f2a2e57176
SERVER_HANDSHAKE_TRAFFIC_SECRET e8e8dbc583ccff40f22f6f22e05315101c7751e8b87ed3e42759831ae45ecb8b 3db1036ebaf0c4987f691f95f1a6f8f14eb4b45cb135ff317c1dacc050cc75b1
CLIENT_HANDSHAKE_TRAFFIC_SECRET e8e8dbc583ccff40f22f6f22e05315101c7751e8b87ed3e42759831ae45ecb8b 559500890fa178c700bbd6df7a5f160521b38de899c45b0bc17525d360818e2b
SERVER_TRAFFIC_SECRET_0 e8e8dbc583ccff40f22f6f22e05315101c7751e8b87ed3e42759831ae45ecb8b a22969b5b53ae0561b1ff37c735fd0ab7f9d75c6cb99d4423bdce8f2a2e57176
CLIENT_TRAFFIC_SECRET_0 e8e8dbc583ccff40f22f6f22e05315101c7751e8b87ed3e42759831ae45ecb8b c93b3794bebf96b546ef89f2aaa2394aa9d2c5203c743331f16f594c2ce7fbc6
CLIENT_TRAFFIC_SECRET_0 e8e8dbc583ccff40f22f6f22e05315101c7751e8b87ed3e42759831ae45ecb8b c93b3794bebf96b546ef89f2aaa2394aa9d2c5203c743331f16f594c2ce7fbc6
SERVER_HANDSHAKE_TRAFFIC_SECRET a261c7a75051ba90c48a4b737f934aeb57fbbcf0fb67dd9d8c416f926ccc5bbe 7933b03eebbbd6950fba68a51557bf8e94462f827e7945e335c1981dc27b8b51
CLIENT_HANDSHAKE_TRAFFIC_SECRET a261c7a75051ba90c48a4b737f934aeb57fbbcf0fb67dd9d8c416f926ccc5bbe b735b5e3e3d8b03ee07808a0199b9a74c50ae624b9ddf2aabac4816f017b2268
SERVER_TRAFFIC_SECRET_0 a261c7a75051ba90c48a4b737f934aeb57fbbcf0fb67dd9d8c416f926ccc5bbe c65337dcfe5b3a4a33a3746d9cac02419aadda2c9c631cba297500af818d2553
SERVER_HANDSHAKE_TRAFFIC_SECRET a261c7a75051ba90c48a4b737f934aeb57fbbcf0fb67dd9d8c416f926ccc5bbe 7933b03eebbbd6950fba68a51557bf8e94462f827e7945e335c1981dc27b8b51
CLIENT_HANDSHAKE_TRAFFIC_SECRET a261c7a75051ba90c48a4b737f934aeb57fbbcf0fb67dd9d8c416f926ccc5bbe b735b5e3e3d8b03ee07808a0199b9a74c50ae624b9ddf2aabac4816f017b2268
SERVER_TRAFFIC_SECRET_0 a261c7a75051ba90c48a4b737f934aeb57fbbcf0fb67dd9d8c416f926ccc5bbe c65337dcfe5b3a4a33a3746d9cac02419aadda2c9c631cba297500af818d2553
CLIENT_TRAFFIC_SECRET_0 a261c7a75051ba90c48a4b737f934aeb57fbbcf0fb67dd9d8c416f926ccc5bbe 156e0c57e11aa8668281fe23bd8a5c3edae605bfa5eb560b5d778e4907af2e59
CLIENT_TRAFFIC_SECRET_0 a261c7a75051ba90c48a4b737f934aeb57fbbcf0fb67dd9d8c416f926ccc5bbe 156e0c57e11aa8668281fe23bd8a5c3edae605bfa5eb560b5d778e4907af2e59
SERVER_HANDSHAKE_TRAFFIC_SECRET 36426cb37b0f4018b083d3247df37a5872d42c80a8e7bd3eb2d2299b49e8056a 301a712006aef3ab903631000e70e515d4a255715f2b1419a9b44ca60f305604
CLIENT_HANDSHAKE_TRAFFIC_SECRET 36426cb37b0f4018b083d3247df37a5872d42c80a8e7bd3eb2d2299b49e8056a ff480025a7bf42b2f2d4e59f60f09da40949128e3bd03d9e02afbaf157c7d813
SERVER_TRAFFIC_SECRET_0 36426cb37b0f4018b083d3247df37a5872d42c80a8e7bd3eb2d2299b49e8056a 2d97f0697489d77a8b4c87335c7155e14405ee817a013d9070882b92767ee327
SERVER_HANDSHAKE_TRAFFIC_SECRET 36426cb37b0f4018b083d3247df37a5872d42c80a8e7bd3eb2d2299b49e8056a 301a712006aef3ab903631000e70e515d4a255715f2b1419a9b44ca60f305604
CLIENT_HANDSHAKE_TRAFFIC_SECRET 36426cb37b0f4018b083d3247df37a5872d42c80a8e7bd3eb2d2299b49e8056a ff480025a7bf42b2f2d4e59f60f09da40949128e3bd03d9e02afbaf157c7d813
SERVER_TRAFFIC_SECRET_0 36426cb37b0f4018b083d3247df37a5872d42c80a8e7bd3eb2d2299b49e8056a 2d97f0697489d77a8b4c87335c7155e14405ee817a013d9070882b92767ee327
CLIENT_TRAFFIC_SECRET_0 36426cb37b0f4018b083d3247df37a5872d42c80a8e7bd3eb2d2299b49e8056a 00888f0c1cf4f3246e1145fc8ee777d059aae87171a92b5f48aadb9d5b1f123e
CLIENT_TRAFFIC_SECRET_0 36426cb37b0f4018b083d3247df37a5872d42c80a8e7bd3eb2d2299b49e8056a 00888f0c1cf4f3246e1145fc8ee777d059aae87171a92b5f48aadb9d5b1f123e
SERVER_HANDSHAKE_TRAFFIC_SECRET cf01f2e0cd8f18f88a3fe21dbce858440912a7eb05ae4ca62490937ed5518fb3 c56cfbb517eb858e04a64cff0b5827c0dcd022a92b7e36199cf5f3db516add5d
CLIENT_HANDSHAKE_TRAFFIC_SECRET cf01f2e0cd8f18f88a3fe21dbce858440912a7eb05ae4ca62490937ed5518fb3 0919b429adc09c049b55976d99c706c8a19ad4802dfa49f26f7e5f35c88b8d9f
SERVER_TRAFFIC_SECRET_0 cf01f2e0cd8f18f88a3fe21dbce858440912a7eb05ae4ca62490937ed5518fb3 d59381e2e9e7811496ae0d0c1699af43c5f016b8ff9f1abf739e05ad3d6c4ccc
SERVER_HANDSHAKE_TRAFFIC_SECRET cf01f2e0cd8f18f88a3fe21dbce858440912a7eb05ae4ca62490937ed5518fb3 c56cfbb517eb858e04a64cff0b5827c0dcd022a92b7e36199cf5f3db516add5d
CLIENT_HANDSHAKE_TRAFFIC_SECRET cf01f2e0cd8f18f88a3fe21dbce858440912a7eb05ae4ca62490937ed5518fb3 0919b429adc09c049b55976d99c706c8a19ad4802dfa49f26f7e5f35c88b8d9f
SERVER_TRAFFIC_SECRET_0 cf01f2e0cd8f18f88a3fe21dbce858440912a7eb05ae4ca62490937ed5518fb3 d59381e2e9e7811496ae0d0c1699af43c5f016b8ff9f1abf739e05ad3d6c4ccc
CLIENT_TRAFFIC_SECRET_0 cf01f2e0cd8f18f88a3fe21dbce858440912a7eb05ae4ca62490937ed5518fb3 39bae1ba42e1ae8a895071e9dbeb58cfa1d6e1f6fc32fc23c95b62dcb572f714
CLIENT_TRAFFIC_SECRET_0 cf01f2e0cd8f18f88a3fe21dbce858440912a7eb05ae4ca62490937ed5518fb3 39bae1ba42e1ae8a895071e9dbeb58cfa1d6e1f6fc32fc23c95b62dcb572f714
SERVER_HANDSHAKE_TRAFFIC_SECRET fc69ea1637207832c3c0e3f96b5047ef964a6f57a88d1af7eda03192fc0265f8 04ec621fcb88db404714c38aa477f95387af7a44a8a003ee2adf923743a3913d
CLIENT_HANDSHAKE_TRAFFIC_SECRET fc69ea1637207832c3c0e3f96b5047ef964a6f57a88d1af7eda03192fc0265f8 a69b2f62339d9c84a1374a39c4f8926c94269dbdfc05a3fd10bd737fe42b1966
SERVER_TRAFFIC_SECRET_0 fc69ea1637207832c3c0e3f96b5047ef964a6f57a88d1af7eda03192fc0265f8 900933a24f9d87ee44fc309b2aa9db41b148feb0640c3bc212627a1c0864faa0
SERVER_HANDSHAKE_TRAFFIC_SECRET fc69ea1637207832c3c0e3f96b5047ef964a6f57a88d1af7eda03192fc0265f8 04ec621fcb88db404714c38aa477f95387af7a44a8a003ee2adf923743a3913d
CLIENT_HANDSHAKE_TRAFFIC_SECRET fc69ea1637207832c3c0e3f96b5047ef964a6f57a88d1af7eda03192fc0265f8 a69b2f62339d9c84a1374a39c4f8926c94269dbdfc05a3fd10bd737fe42b1966
SERVER_TRAFFIC_SECRET_0 fc69ea1637207832c3c0e3f96b5047ef964a6f57a88d1af7eda03192fc0265f8 900933a24f9d87ee44fc309b2aa9db41b148feb0640c3bc212627a1c0864faa0
CLIENT_TRAFFIC_SECRET_0 fc69ea1637207832c3c0e3f96b5047ef964a6f57a88d1af7eda03192fc0265f8 a18acd19151b8c2be1a904a96eeb5243060113b90074b9cc3d13a3c5e58f129e
CLIENT_TRAFFIC_SECRET_0 fc69ea1637207832c3c0e3f96b5047ef964a6f57a88d1af7eda03192fc0265f8 a18acd19151b8c2be1a904a96eeb5243060113b90074b9cc3d13a3c5e58f129e
SERVER_HANDSHAKE_TRAFFIC_SECRET 587974d0e6eec4dbe179f4e85a7930492684c8d25df7a835ebdd5f92bfc807f3 a5f08801c5a1444560cd579aea5f0f3b827079a7bdd96bf0c23d48ab2d8c1454
CLIENT_HANDSHAKE_TRAFFIC_SECRET 587974d0e6eec4dbe179f4e85a7930492684c8d25df7a835ebdd5f92bfc807f3 2c7132f283507507363dbf208c409b4ea8c4025b9476eabac333727d702071cd
SERVER_TRAFFIC_SECRET_0 587974d0e6eec4dbe179f4e85a7930492684c8d25df7a835ebdd5f92bfc807f3 1f571fc693097a73cb217d977841c24992d309667ef10bc91bb09891ef81c3ba
SERVER_HANDSHAKE_TRAFFIC_SECRET 587974d0e6eec4dbe179f4e85a7930492684c8d25df7a835ebdd5f92bfc807f3 a5f08801c5a1444560cd579aea5f0f3b827079a7bdd96bf0c23d48ab2d8c1454
CLIENT_HANDSHAKE_TRAFFIC_SECRET 587974d0e6eec4dbe179f4e85a7930492684c8d25df7a835ebdd5f92bfc807f3 2c7132f283507507363dbf208c409b4ea8c4025b9476eabac333727d702071cd
SERVER_TRAFFIC_SECRET_0 587974d0e6eec4dbe179f4e85a7930492684c8d25df7a835ebdd5f92bfc807f3 1f571fc693097a73cb217d977841c24992d309667ef10bc91bb09891ef81c3ba
CLIENT_TRAFFIC_SECRET_0 587974d0e6eec4dbe179f4e85a7930492684c8d25df7a835ebdd5f92bfc807f3 44e74ec15aa243efc2b5475d780ffc7fe49ea17d0fc186b2782be7d12cc1a89d
CLIENT_TRAFFIC_SECRET_0 587974d0e6eec4dbe179f4e85a7930492684c8d25df7a835ebdd5f92bfc807f3 44e74ec15aa243efc2b5475d780ffc7fe49ea17d0fc186b2782be7d12cc1a89d
SERVER_HANDSHAKE_TRAFFIC_SECRET e4230ef5e4a60f1256808958b24cdb7994fc3f9fa1651252f92643b053baa050 eb514cce2c92cfd5aa07ba3228d6f304d6f0e74b7c62eafb897ffc726046d66e
CLIENT_HANDSHAKE_TRAFFIC_SECRET e4230ef5e4a60f1256808958b24cdb7994fc3f9fa1651252f92643b053baa050 ae5dc5618030c3747f2f1b24a46f8b46f9a2a46195a1da23203a77531e306cad
SERVER_TRAFFIC_SECRET_0 e4230ef5e4a60f1256808958b24cdb7994fc3f9fa1651252f92643b053baa050 7c4da1e2a012743ba9a1c8ccb4e331b23b500ea5b69c4135a16cc638c0cdda9b
SERVER_HANDSHAKE_TRAFFIC_SECRET e4230ef5e4a60f1256808958b24cdb7994fc3f9fa1651252f92643b053baa050 eb514cce2c92cfd5aa07ba3228d6f304d6f0e74b7c62eafb897ffc726046d66e
CLIENT_HANDSHAKE_TRAFFIC_SECRET e4230ef5e4a60f1256808958b24cdb7994fc3f9fa1651252f92643b053baa050 ae5dc5618030c3747f2f1b24a46f8b46f9a2a46195a1da23203a77531e306cad
SERVER_TRAFFIC_SECRET_0 e4230ef5e4a60f1256808958b24cdb7994fc3f9fa1651252f92643b053baa050 7c4da1e2a012743ba9a1c8ccb4e331b23b500ea5b69c4135a16cc638c0cdda9b
CLIENT_TRAFFIC_SECRET_0 e4230ef5e4a60f1256808958b24cdb7994fc3f9fa1651252f92643b053baa050 154142fe7917bcb669b86757f80473b1f2a7a3b9face55986ad7dd6e54c15bf2
CLIENT_TRAFFIC_SECRET_0 e4230ef5e4a60f1256808958b24cdb7994fc3f9fa1651252f92643b053baa050 154142fe7917bcb669b86757f80473b1f2a7a3b9face55986ad7dd6e54c15bf2
SERVER_HANDSHAKE_TRAFFIC_SECRET a300ed24f127339c85275ee15b5743d36886c43aabee8cee86dc85dbd254a481 99ca9dfab02d7f9c795c3f4d0b4e59b6f961df342c07f6479a6bd47eafd59f0e
CLIENT_HANDSHAKE_TRAFFIC_SECRET a300ed24f127339c85275ee15b5743d36886c43aabee8cee86dc85dbd254a481 13c97260f7dd669227504cacd6d189b4932784d937bb8c530739afd0152f29a2
SERVER_TRAFFIC_SECRET_0 a300ed24f127339c85275ee15b5743d36886c43aabee8cee86dc85dbd254a481 3e4a9e7e6e11a531dd7b41f1e77c2ab852870cf9356f4c2d089b2b988e981253
SERVER_HANDSHAKE_TRAFFIC_SECRET a300ed24f127339c85275ee15b5743d36886c43aabee8cee86dc85dbd254a481 99ca9dfab02d7f9c795c3f4d0b4e59b6f961df342c07f6479a6bd47eafd59f0e
CLIENT_HANDSHAKE_TRAFFIC_SECRET a300ed24f127339c85275ee15b5743d36886c43aabee8cee86dc85dbd254a481 13c97260f7dd669227504cacd6d189b4932784d937bb8c530739afd0152f29a2
SERVER_TRAFFIC_SECRET_0 a300ed24f127339c85275ee15b5743d36886c43aabee8cee86dc85dbd254a481 3e4a9e7e6e11a531dd7b41f1e77c2ab852870cf9356f4c2d089b2b988e981253
CLIENT_TRAFFIC_SECRET_0 a300ed24f127339c85275ee15b5743d36886c43aabee8cee86dc85dbd254a481 953faf29c19db8dc87b79e5a2cd7d8fa6b7daf9f67cba073367c34120db1c0cd
CLIENT_TRAFFIC_SECRET_0 a300ed24f127339c85275ee15b5743d36886c43aabee8cee86dc85dbd254a481 953faf29c19db8dc87b79e5a2cd7d8fa6b7daf9f67cba073367c34120db1c0cd
SERVER_HANDSHAKE_TRAFFIC_SECRET 014e2904ef7e52c6cb70f87b3a9ca8868d57ed8950d94a6d2b461ad1bc3a5a17 b271466d027e907552de7fc81a37fd06685c738e530876809001a004bdc7dc94
CLIENT_HANDSHAKE_TRAFFIC_SECRET 014e2904ef7e52c6cb70f87b3a9ca8868d57ed8950d94a6d2b461ad1bc3a5a17 25e503e374f2c36a49e95d8e5e73cd0c8d13f1ab2d0bd62b6c434b231b720a7c
SERVER_TRAFFIC_SECRET_0 014e2904ef7e52c6cb70f87b3a9ca8868d57ed8950d94a6d2b461ad1bc3a5a17 26ecb7a636503235665e67449ac1e4286af9bc25cc64ef7d670f22bf40e8c85d
SERVER_HANDSHAKE_TRAFFIC_SECRET 014e2904ef7e52c6cb70f87b3a9ca8868d57ed8950d94a6d2b461ad1bc3a5a17 b271466d027e907552de7fc81a37fd06685c738e530876809001a004bdc7dc94
CLIENT_HANDSHAKE_TRAFFIC_SECRET 014e2904ef7e52c6cb70f87b3a9ca8868d57ed8950d94a6d2b461ad1bc3a5a17 25e503e374f2c36a49e95d8e5e73cd0c8d13f1ab2d0bd62b6c434b231b720a7c
SERVER_TRAFFIC_SECRET_0 014e2904ef7e52c6cb70f87b3a9ca8868d57ed8950d94a6d2b461ad1bc3a5a17 26ecb7a636503235665e67449ac1e4286af9bc25cc64ef7d670f22bf40e8c85d
CLIENT_TRAFFIC_SECRET_0 014e2904ef7e52c6cb70f87b3a9ca8868d57ed8950d94a6d2b461ad1bc3a5a17 c8c19fcc39a6894e2c60b6b8ad03356bb8ba0fa9fd259da927bfb2078e319676
CLIENT_TRAFFIC_SECRET_0 014e2904ef7e52c6cb70f87b3a9ca8868d57ed8950d94a6d2b461ad1bc3a5a17 c8c19fcc39a6894e2c60b6b8ad03356bb8ba0fa9fd259da927bfb2078e319676
SERVER_HANDSHAKE_TRAFFIC_SECRET 38b0e1f58b9a7c6203f8b033e0297be82e5aad6aa3504d83c8638995a924e86f ad11c62868b2175c571b0db27d518a99380b15ea27db172f01008ee0ab858c4c
CLIENT_HANDSHAKE_TRAFFIC_SECRET 38b0e1f58b9a7c6203f8b033e0297be82e5aad6aa3504d83c8638995a924e86f b9e8c7106041b0593d7fcc3cdb909e8b0c11fb022c9d1f31af0e56133a9fc255
SERVER_TRAFFIC_SECRET_0 38b0e1f58b9a7c6203f8b033e0297be82e5aad6aa3504d83c8638995a924e86f 2f8e2c2841f53272cde4853cd586f784067b81e0a5bccb849da50b76923e4913
SERVER_HANDSHAKE_TRAFFIC_SECRET 38b0e1f58b9a7c6203f8b033e0297be82e5aad6aa3504d83c8638995a924e86f ad11c62868b2175c571b0db27d518a99380b15ea27db172f01008ee0ab858c4c
CLIENT_HANDSHAKE_TRAFFIC_SECRET 38b0e1f58b9a7c6203f8b033e0297be82e5aad6aa3504d83c8638995a924e86f b9e8c7106041b0593d7fcc3cdb909e8b0c11fb022c9d1f31af0e56133a9fc255
SERVER_TRAFFIC_SECRET_0 38b0e1f58b9a7c6203f8b033e0297be82e5aad6aa3504d83c8638995a924e86f 2f8e2c2841f53272cde4853cd586f784067b81e0a5bccb849da50b76923e4913
CLIENT_TRAFFIC_SECRET_0 38b0e1f58b9a7c6203f8b033e0297be82e5aad6aa3504d83c8638995a924e86f 27af9d18c06691fff8d88427f5f13ccc34eff0f0b6e1124c3d8a95c9734a1847
CLIENT_TRAFFIC_SECRET_0 38b0e1f58b9a7c6203f8b033e0297be82e5aad6aa3504d83c8638995a924e86f 27af9d18c06691fff8d88427f5f13ccc34eff0f0b6e1124c3d8a95c9734a1847
SERVER_HANDSHAKE_TRAFFIC_SECRET 7ca50e0fe793b66e534fb61e8c203205ada49c53354797d8a3e68f0c4065245f 85c0875dc5ad1313de4090c4837e035462213a6cfc01be454725ef50590a8607
CLIENT_HANDSHAKE_TRAFFIC_SECRET 7ca50e0fe793b66e534fb61e8c203205ada49c53354797d8a3e68f0c4065245f 862056c10310a922ae8191dd72a6c8661c2d883bfb79b553bd73466ea7ef4929
SERVER_TRAFFIC_SECRET_0 7ca50e0fe793b66e534fb61e8c203205ada49c53354797d8a3e68f0c4065245f b94afbf591bd5f36eb2094d75792298ac424a5e131e49a05cfaeea0b7e94725a
SERVER_HANDSHAKE_TRAFFIC_SECRET 7ca50e0fe793b66e534fb61e8c203205ada49c53354797d8a3e68f0c4065245f 85c0875dc5ad1313de4090c4837e035462213a6cfc01be454725ef50590a8607
CLIENT_HANDSHAKE_TRAFFIC_SECRET 7ca50e0fe793b66e534fb61e8c203205ada49c53354797d8a3e68f0c4065245f 862056c10310a922ae8191dd72a6c8661c2d883bfb79b553bd73466ea7ef4929
SERVER_TRAFFIC_SECRET_0 7ca50e0fe793b66e534fb61e8c203205ada49c53354797d8a3e68f0c4065245f b94afbf591bd5f36eb2094d75792298ac424a5e131e49a05cfaeea0b7e94725a
CLIENT_TRAFFIC_SECRET_0 7ca50e0fe793b66e534fb61e8c203205ada49c53354797d8a3e68f0c4065245f 9549f7780e15dbbbedadc95e66ba79b85e04ceb657ded166aa84c77b6fdb7c41
CLIENT_TRAFFIC_SECRET_0 7ca50e0fe793b66e534fb61e8c203205ada49c53354797d8a3e68f0c4065245f 9549f7780e15dbbbedadc95e66ba79b85e04ceb657ded166aa84c77b6fdb7c41
SERVER_HANDSHAKE_TRAFFIC_SECRET adea03dcf85ae71ae4177e15f307abb672dcff66b296f52acf55f51b3954bc84 b86e8861bc706e32c185ae36e62bc4a7eed62e0f7ca5b9091cdda6ec014fb34f
CLIENT_HANDSHAKE_TRAFFIC_SECRET adea03dcf85ae71ae4177e15f307abb672dcff66b296f52acf55f51b3954bc84 9bd008eb79d0afe1857e59d6c409b8c070cf86f1b9832585c46676847e4f89c7
SERVER_TRAFFIC_SECRET_0 adea03dcf85ae71ae4177e15f307abb672dcff66b296f52acf55f51b3954bc84 4d3f24a72a7f3d85cfe4b867244d615854dfdb3721171be7f1ec86b9f5bd6267
SERVER_HANDSHAKE_TRAFFIC_SECRET adea03dcf85ae71ae4177e15f307abb672dcff66b296f52acf55f51b3954bc84 b86e8861bc706e32c185ae36e62bc4a7eed62e0f7ca5b9091cdda6ec014fb34f
CLIENT_HANDSHAKE_TRAFFIC_SECRET adea03dcf85ae71ae4177e15f307abb672dcff66b296f52acf55f51b3954bc84 9bd008eb79d0afe1857e59d6c409b8c070cf86f1b9832585c46676847e4f89c7
SERVER_TRAFFIC_SECRET_0 adea03dcf85ae71ae4177e15f307abb672dcff66b296f52acf55f51b3954bc84 4d3f24a72a7f3d85cfe4b867244d615854dfdb3721171be7f1ec86b9f5bd6267
CLIENT_TRAFFIC_SECRET_0 adea03dcf85ae71ae4177e15f307abb672dcff66b296f52acf55f51b3954bc84 cb51c01ba2aa4d6863bd0b1fef1fa0b455dc6de66426a66e59f8ede505f468ba
CLIENT_TRAFFIC_SECRET_0 adea03dcf85ae71ae4177e15f307abb672dcff66b296f52acf55f51b3954bc84 cb51c01ba2aa4d6863bd0b1fef1fa0b455dc6de66426a66e59f8ede505f468ba
SERVER_HANDSHAKE_TRAFFIC_SECRET 8d7e067f475318a432f83fd8fdf92aed3f236ef597bf8ac85db1176c2392392b da4176198906270562141e2c1f13f315908cdab6dd8b8bc8fa8078b159be50ad
CLIENT_HANDSHAKE_TRAFFIC_SECRET 8d7e067f475318a432f83fd8fdf92aed3f236ef597bf8ac85db1176c2392392b cd546e768af6ad9f50c596ec48ecd732b80f2ffc84f4488388bb3f5fed8fa258
SERVER_TRAFFIC_SECRET_0 8d7e067f475318a432f83fd8fdf92aed3f236ef597bf8ac85db1176c2392392b 2671a5c8665de40df95fe87eb689d4948a8f06350c9e597dd0700cb7b75e3b58
SERVER_HANDSHAKE_TRAFFIC_SECRET 8d7e067f475318a432f83fd8fdf92aed3f236ef597bf8ac85db1176c2392392b da4176198906270562141e2c1f13f315908cdab6dd8b8bc8fa8078b159be50ad
CLIENT_HANDSHAKE_TRAFFIC_SECRET 8d7e067f475318a432f83fd8fdf92aed3f236ef597bf8ac85db1176c2392392b cd546e768af6ad9f50c596ec48ecd732b80f2ffc84f4488388bb3f5fed8fa258
SERVER_TRAFFIC_SECRET_0 8d7e067f475318a432f83fd8fdf92aed3f236ef597bf8ac85db1176c2392392b 2671a5c8665de40df95fe87eb689d4948a8f06350c9e597dd0700cb7b75e3b58
CLIENT_TRAFFIC_SECRET_0 8d7e067f475318a432f83fd8fdf92aed3f236ef597bf8ac85db1176c2392392b 2de2d084e3ed30702a753e0c200fb50244941243940ee14230054a8e73356052
CLIENT_TRAFFIC_SECRET_0 8d7e067f475318a432f83fd8fdf92aed3f236ef597bf8ac85db1176c2392392b 2de2d084e3ed30702a753e0c200fb50244941243940ee14230054a8e73356052
SERVER_HANDSHAKE_TRAFFIC_SECRET abe6d5b24ebe2477d62bfcd36a04acf9d20f74f77a02e70bd43b612c190ef0a4 2f6e2995072a61426ac32f235c228eaf77d46a93032a230569d08eedbb6005fa
CLIENT_HANDSHAKE_TRAFFIC_SECRET abe6d5b24ebe2477d62bfcd36a04acf9d20f74f77a02e70bd43b612c190ef0a4 6fba186ab7f31cfd28c5f01350bedcb573661be3aba38400af07d2349f06d784
SERVER_TRAFFIC_SECRET_0 abe6d5b24ebe2477d62bfcd36a04acf9d20f74f77a02e70bd43b612c190ef0a4 c94ec0798d3e06cc661939370d676d832d9256968c55948fd6f90fe2d034b3ca
SERVER_HANDSHAKE_TRAFFIC_SECRET abe6d5b24ebe2477d62bfcd36a04acf9d20f74f77a02e70bd43b612c190ef0a4 2f6e2995072a61426ac32f235c228eaf77d46a93032a230569d08eedbb6005fa
CLIENT_HANDSHAKE_TRAFFIC_SECRET abe6d5b24ebe2477d62bfcd36a04acf9d20f74f77a02e70bd43b612c190ef0a4 6fba186ab7f31cfd28c5f01350bedcb573661be3aba38400af07d2349f06d784
SERVER_TRAFFIC_SECRET_0 abe6d5b24ebe2477d62bfcd36a04acf9d20f74f77a02e70bd43b612c190ef0a4 c94ec0798d3e06cc661939370d676d832d9256968c55948fd6f90fe2d034b3ca
CLIENT_TRAFFIC_SECRET_0 abe6d5b24ebe2477d62bfcd36a04acf9d20f74f77a02e70bd43b612c190ef0a4 668c21cf6a4d668717a222c7428d00d12c6ab3cf95f1cb60c0606b85216e23be
CLIENT_TRAFFIC_SECRET_0 abe6d5b24ebe2477d62bfcd36a04acf9d20f74f77a02e70bd43b612c190ef0a4 668c21cf6a4d668717a222c7428d00d12c6ab3cf95f1cb60c0606b85216e23be
SERVER_HANDSHAKE_TRAFFIC_SECRET 61447ee6854ef2981adb07f9137c0c547d04965c43f9013268a852f5ccbb920f bdbbf6f816cf93f349353c0c28f416130b0331fd1457a0c32cf8c42be9510973
CLIENT_HANDSHAKE_TRAFFIC_SECRET 61447ee6854ef2981adb07f9137c0c547d04965c43f9013268a852f5ccbb920f 13ae3c92116c17f73d369ba821f59b1ebb8f222ef6ba185b60a57cd9192eb211
SERVER_TRAFFIC_SECRET_0 61447ee6854ef2981adb07f9137c0c547d04965c43f9013268a852f5ccbb920f 544a780959867f397fe8984831793f29d153a59cd062e6ffbd39a362628e5a42
SERVER_HANDSHAKE_TRAFFIC_SECRET 61447ee6854ef2981adb07f9137c0c547d04965c43f9013268a852f5ccbb920f bdbbf6f816cf93f349353c0c28f416130b0331fd1457a0c32cf8c42be9510973
CLIENT_HANDSHAKE_TRAFFIC_SECRET 61447ee6854ef2981adb07f9137c0c547d04965c43f9013268a852f5ccbb920f 13ae3c92116c17f73d369ba821f59b1ebb8f222ef6ba185b60a57cd9192eb211
SERVER_TRAFFIC_SECRET_0 61447ee6854ef2981adb07f9137c0c547d04965c43f9013268a852f5ccbb920f 544a780959867f397fe8984831793f29d153a59cd062e6ffbd39a362628e5a42
CLIENT_TRAFFIC_SECRET_0 61447ee6854ef2981adb07f9137c0c547d04965c43f9013268a852f5ccbb920f e98e0ca7ccc2c4500ab4342a5bc6620bfaf8393ec62aee69b4610ff7ebffa3b2
CLIENT_TRAFFIC_SECRET_0 61447ee6854ef2981adb07f9137c0c547d04965c43f9013268a852f5ccbb920f e98e0ca7ccc2c4500ab4342a5bc6620bfaf8393ec62aee69b4610ff7ebffa3b2
SERVER_HANDSHAKE_TRAFFIC_SECRET 109b117eb217d42229b590eb7f39d8515f724ff98d52939a7b4983c1d78a452d b8d973662c611b51899d5b8d9e180ac04384b66c0494cfe2d88fbfd4b60e6c0c
CLIENT_HANDSHAKE_TRAFFIC_SECRET 109b117eb217d42229b590eb7f39d8515f724ff98d52939a7b4983c1d78a452d 7194408964e06951d1a229d2bd700704fdce279dd9d811f4bb528acb230ece82
SERVER_TRAFFIC_SECRET_0 109b117eb217d42229b590eb7f39d8515f724ff98d52939a7b4983c1d78a452d fb98cbbf689b4eb90c1f3605c43069548c6c348fb34f67cf8ae73d22e247f092
SERVER_HANDSHAKE_TRAFFIC_SECRET 109b117eb217d42229b590eb7f39d8515f724ff98d52939a7b4983c1d78a452d b8d973662c611b51899d5b8d9e180ac04384b66c0494cfe2d88fbfd4b60e6c0c
CLIENT_HANDSHAKE_TRAFFIC_SECRET 109b117eb217d42229b590eb7f39d8515f724ff98d52939a7b4983c1d78a452d 7194408964e06951d1a229d2bd700704fdce279dd9d811f4bb528acb230ece82
SERVER_TRAFFIC_SECRET_0 109b117eb217d42229b590eb7f39d8515f724ff98d52939a7b4983c1d78a452d fb98cbbf689b4eb90c1f3605c43069548c6c348fb34f67cf8ae73d22e247f092
CLIENT_TRAFFIC_SECRET_0 109b117eb217d42229b590eb7f39d8515f724ff98d52939a7b4983c1d78a452d 9c3e5109c5a1e667b188b9009383fb0e4427039a5be62b566c029144c15162ff
CLIENT_TRAFFIC_SECRET_0 109b117eb217d42229b590eb7f39d8515f724ff98d52939a7b4983c1d78a452d 9c3e5109c5a1e667b188b9009383fb0e4427039a5be62b566c029144c15162ff
SERVER_HANDSHAKE_TRAFFIC_SECRET e53f23e40535ce71e8b86b1f78fc4512ffce6f59afaf3acc2ca1ad8b27089497 e869ed56167717fe6c7dd13d46c977e9b360838d774a3fc9685f683b38ec1a98
CLIENT_HANDSHAKE_TRAFFIC_SECRET e53f23e40535ce71e8b86b1f78fc4512ffce6f59afaf3acc2ca1ad8b27089497 fbe23f0e9178479fa66bb946178ad34f29f724ca6f7214607e1cbb8a3b1b7bcc
SERVER_TRAFFIC_SECRET_0 e53f23e40535ce71e8b86b1f78fc4512ffce6f59afaf3acc2ca1ad8b27089497 9395f47495c76e900debccf84c83f527124ba9868feba249782237be4eb9d877
SERVER_HANDSHAKE_TRAFFIC_SECRET e53f23e40535ce71e8b86b1f78fc4512ffce6f59afaf3acc2ca1ad8b27089497 e869ed56167717fe6c7dd13d46c977e9b360838d774a3fc9685f683b38ec1a98
CLIENT_HANDSHAKE_TRAFFIC_SECRET e53f23e40535ce71e8b86b1f78fc4512ffce6f59afaf3acc2ca1ad8b27089497 fbe23f0e9178479fa66bb946178ad34f29f724ca6f7214607e1cbb8a3b1b7bcc
SERVER_TRAFFIC_SECRET_0 e53f23e40535ce71e8b86b1f78fc4512ffce6f59afaf3acc2ca1ad8b27089497 9395f47495c76e900debccf84c83f527124ba9868feba249782237be4eb9d877
CLIENT_TRAFFIC_SECRET_0 e53f23e40535ce71e8b86b1f78fc4512ffce6f59afaf3acc2ca1ad8b27089497 58da7782d10c1d3ae1ce2c8a4f355510e6544484c9f443f98a698555ed830490
CLIENT_TRAFFIC_SECRET_0 e53f23e40535ce71e8b86b1f78fc4512ffce6f59afaf3acc2ca1ad8b27089497 58da7782d10c1d3ae1ce2c8a4f355510e6544484c9f443f98a698555ed830490
SERVER_HANDSHAKE_TRAFFIC_SECRET 76534484d7c6645354ba107c8868d1f0a56477007faf0b813c099137a1175c29 21879e35acacf5b7542f726230d590278150e9e4abda823be7550e1cea54d43c
CLIENT_HANDSHAKE_TRAFFIC_SECRET 76534484d7c6645354ba107c8868d1f0a56477007faf0b813c099137a1175c29 22fc95e501dd84679516126dc4776e2a65b195dc01d9d75489de81c0127fbf2d
SERVER_TRAFFIC_SECRET_0 76534484d7c6645354ba107c8868d1f0a56477007faf0b813c099137a1175c29 580302faf10066fed95001f569e4469584e8fec66ba726632c169523c328db0c
SERVER_HANDSHAKE_TRAFFIC_SECRET 76534484d7c6645354ba107c8868d1f0a56477007faf0b813c099137a1175c29 21879e35acacf5b7542f726230d590278150e9e4abda823be7550e1cea54d43c
CLIENT_HANDSHAKE_TRAFFIC_SECRET 76534484d7c6645354ba107c8868d1f0a56477007faf0b813c099137a1175c29 22fc95e501dd84679516126dc4776e2a65b195dc01d9d75489de81c0127fbf2d
SERVER_TRAFFIC_SECRET_0 76534484d7c6645354ba107c8868d1f0a56477007faf0b813c099137a1175c29 580302faf10066fed95001f569e4469584e8fec66ba726632c169523c328db0c
CLIENT_TRAFFIC_SECRET_0 76534484d7c6645354ba107c8868d1f0a56477007faf0b813c099137a1175c29 28e85c066d8cbf025b28bf3184a2656807cd706c2c077b197424e0aaf0506ce5
CLIENT_TRAFFIC_SECRET_0 76534484d7c6645354ba107c8868d1f0a56477007faf0b813c099137a1175c29 28e85c066d8cbf025b28bf3184a2656807cd706c2c077b197424e0aaf0506ce5
SERVER_HANDSHAKE_TRAFFIC_SECRET 1d1c818dedcedc6b4446f9745b1e93450fff256941e30f452900aa4cd7c5b086 77806918a408e0bc7e024e49ebc7f12bd6f0571a640c750865b00c6c018b4ab8
CLIENT_HANDSHAKE_TRAFFIC_SECRET 1d1c818dedcedc6b4446f9745b1e93450fff256941e30f452900aa4cd7c5b086 ead3f06e50e83c34fbb7f8e9da3d08fd215b4769730abe283efee1407423476d
SERVER_TRAFFIC_SECRET_0 1d1c818dedcedc6b4446f9745b1e93450fff256941e30f452900aa4cd7c5b086 bed1482fc4400ed9224b23acd76200a2b6bc953f0f14d7ecd53d3de28f6d192b
SERVER_HANDSHAKE_TRAFFIC_SECRET 1d1c818dedcedc6b4446f9745b1e93450fff256941e30f452900aa4cd7c5b086 77806918a408e0bc7e024e49ebc7f12bd6f0571a640c750865b00c6c018b4ab8
CLIENT_HANDSHAKE_TRAFFIC_SECRET 1d1c818dedcedc6b4446f9745b1e93450fff256941e30f452900aa4cd7c5b086 ead3f06e50e83c34fbb7f8e9da3d08fd215b4769730abe283efee1407423476d
SERVER_TRAFFIC_SECRET_0 1d1c818dedcedc6b4446f9745b1e93450fff256941e30f452900aa4cd7c5b086 bed1482fc4400ed9224b23acd76200a2b6bc953f0f14d7ecd53d3de28f6d192b
CLIENT_TRAFFIC_SECRET_0 1d1c818dedcedc6b4446f9745b1e93450fff256941e30f452900aa4cd7c5b086 60b852beefcd357fe38939dd438b658208d214c907458c783d3d6d4b45836af3
CLIENT_TRAFFIC_SECRET_0 1d1c818dedcedc6b4446f9745b1e93450fff256941e30f452900aa4cd7c5b086 60b852beefcd357fe38939dd438b658208d214c907458c783d3d6d4b45836af3
SERVER_HANDSHAKE_TRAFFIC_SECRET 0cacfceb5656e7366439042dcd1fd95981b50e6658d109ac220449904ec34ce9 0ef345fdc122a32c819877ed2945867dcfe6329caf63d691b23fa2816d0a8430
CLIENT_HANDSHAKE_TRAFFIC_SECRET 0cacfceb5656e7366439042dcd1fd95981b50e6658d109ac220449904ec34ce9 411ffca7d467ce3525c16edc590513100d4b9d027eaa39e635af63fc3cf8ece9
SERVER_TRAFFIC_SECRET_0 0cacfceb5656e7366439042dcd1fd95981b50e6658d109ac220449904ec34ce9 de3c3de49e74b2f3df4b7097124a8edeb4a58b6ec390911730d04becea92d9b2
SERVER_HANDSHAKE_TRAFFIC_SECRET 0cacfceb5656e7366439042dcd1fd95981b50e6658d109ac220449904ec34ce9 0ef345fdc122a32c819877ed2945867dcfe6329caf63d691b23fa2816d0a8430
CLIENT_HANDSHAKE_TRAFFIC_SECRET 0cacfceb5656e7366439042dcd1fd95981b50e6658d109ac220449904ec34ce9 411ffca7d467ce3525c16edc590513100d4b9d027eaa39e635af63fc3cf8ece9
SERVER_TRAFFIC_SECRET_0 0cacfceb5656e7366439042dcd1fd95981b50e6658d109ac220449904ec34ce9 de3c3de49e74b2f3df4b7097124a8edeb4a58b6ec390911730d04becea92d9b2
CLIENT_TRAFFIC_SECRET_0 0cacfceb5656e7366439042dcd1fd95981b50e6658d109ac220449904ec34ce9 9a4ceb639ca672c84ce0ec32c02cbbfdb505cee5ebe4e97a2a344137673b84a7
CLIENT_TRAFFIC_SECRET_0 0cacfceb5656e7366439042dcd1fd95981b50e6658d109ac220449904ec34ce9 9a4ceb639ca672c84ce0ec32c02cbbfdb505cee5ebe4e97a2a344137673b84a7
SERVER_HANDSHAKE_TRAFFIC_SECRET fba80092349b7b9030955191a0eb529a9ed7ad7a131b9b1709c3b2943fff0c92 7da3e0954ac4630f4255027e4a4219b0b392dfac4ee5637e89cfc6b6c6db754c
CLIENT_HANDSHAKE_TRAFFIC_SECRET fba80092349b7b9030955191a0eb529a9ed7ad7a131b9b1709c3b2943fff0c92 0d941add3218c9509005994adf3444785df356f4f21c50c995ea6fb241388520
SERVER_TRAFFIC_SECRET_0 fba80092349b7b9030955191a0eb529a9ed7ad7a131b9b1709c3b2943fff0c92 7aa4694963cf8cf42059dba5a19ccb5d60db5df0cfb2cf820e28334437e49036
SERVER_HANDSHAKE_TRAFFIC_SECRET fba80092349b7b9030955191a0eb529a9ed7ad7a131b9b1709c3b2943fff0c92 7da3e0954ac4630f4255027e4a4219b0b392dfac4ee5637e89cfc6b6c6db754c
CLIENT_HANDSHAKE_TRAFFIC_SECRET fba80092349b7b9030955191a0eb529a9ed7ad7a131b9b1709c3b2943fff0c92 0d941add3218c9509005994adf3444785df356f4f21c50c995ea6fb241388520
SERVER_TRAFFIC_SECRET_0 fba80092349b7b9030955191a0eb529a9ed7ad7a131b9b1709c3b2943fff0c92 7aa4694963cf8cf42059dba5a19ccb5d60db5df0cfb2cf820e28334437e49036
CLIENT_TRAFFIC_SECRET_0 fba80092349b7b9030955191a0eb529a9ed7ad7a131b9b1709c3b2943fff0c92 0115604e5694ef0e4efd36dd5e6401d4e4c456fc56e078b14ee38b2670e1e490
CLIENT_TRAFFIC_SECRET_0 fba80092349b7b9030955191a0eb529a9ed7ad7a131b9b1709c3b2943fff0c92 0115604e5694ef0e4efd36dd5e6401d4e4c456fc56e078b14ee38b2670e1e490
SERVER_HANDSHAKE_TRAFFIC_SECRET bcacfdacfeec066070db21093e6f56342297a383beb5b291e0ac36c3b8eda545 e621f15990f01e95f7c5b993056cd9e906787fac6cad1ed73057df87d05e9df7
CLIENT_HANDSHAKE_TRAFFIC_SECRET bcacfdacfeec066070db21093e6f56342297a383beb5b291e0ac36c3b8eda545 5b463c49273b227027156abd7f5d24e7c5a1e005d402ffa606b772274d5327e9
SERVER_TRAFFIC_SECRET_0 bcacfdacfeec066070db21093e6f56342297a383beb5b291e0ac36c3b8eda545 998575da01d76a4bd3417ee31e0c18980acd9848ec6b937ac31a13daedf60a8d
SERVER_HANDSHAKE_TRAFFIC_SECRET bcacfdacfeec066070db21093e6f56342297a383beb5b291e0ac36c3b8eda545 e621f15990f01e95f7c5b993056cd9e906787fac6cad1ed73057df87d05e9df7
CLIENT_HANDSHAKE_TRAFFIC_SECRET bcacfdacfeec066070db21093e6f56342297a383beb5b291e0ac36c3b8eda545 5b463c49273b227027156abd7f5d24e7c5a1e005d402ffa606b772274d5327e9
SERVER_TRAFFIC_SECRET_0 bcacfdacfeec066070db21093e6f56342297a383beb5b291e0ac36c3b8eda545 998575da01d76a4bd3417ee31e0c18980acd9848ec6b937ac31a13daedf60a8d
CLIENT_TRAFFIC_SECRET_0 bcacfdacfeec066070db21093e6f56342297a383beb5b291e0ac36c3b8eda545 66957d2a04989294de838e22d433707e5fdd0097ea4d8bf902a91a3b3d60d481
CLIENT_TRAFFIC_SECRET_0 bcacfdacfeec066070db21093e6f56342297a383beb5b291e0ac36c3b8eda545 66957d2a04989294de838e22d433707e5fdd0097ea4d8bf902a91a3b3d60d481
SERVER_HANDSHAKE_TRAFFIC_SECRET 83ae7712b5640acadfbc7154398c2c27a91cfb1606df7a35acb76d37d944b215 fb3ec5c62be1ef565645586e798378784b98ab73facbec7301fe28a52575893c
CLIENT_HANDSHAKE_TRAFFIC_SECRET 83ae7712b5640acadfbc7154398c2c27a91cfb1606df7a35acb76d37d944b215 6437c5b88eb234162d822826d4c2938708dfae39255f5aafc9012756afde6982
SERVER_TRAFFIC_SECRET_0 83ae7712b5640acadfbc7154398c2c27a91cfb1606df7a35acb76d37d944b215 270765c13bdfd9923f8568de0b0da90d2d5cafa8d7dd93060c592ac44b4a54ef
SERVER_HANDSHAKE_TRAFFIC_SECRET 83ae7712b5640acadfbc7154398c2c27a91cfb1606df7a35acb76d37d944b215 fb3ec5c62be1ef565645586e798378784b98ab73facbec7301fe28a52575893c
CLIENT_HANDSHAKE_TRAFFIC_SECRET 83ae7712b5640acadfbc7154398c2c27a91cfb1606df7a35acb76d37d944b215 6437c5b88eb234162d822826d4c2938708dfae39255f5aafc9012756afde6982
SERVER_TRAFFIC_SECRET_0 83ae7712b5640acadfbc7154398c2c27a91cfb1606df7a35acb76d37d944b215 270765c13bdfd9923f8568de0b0da90d2d5cafa8d7dd93060c592ac44b4a54ef
CLIENT_TRAFFIC_SECRET_0 83ae7712b5640acadfbc7154398c2c27a91cfb1606df7a35acb76d37d944b215 9ece10f969eae54cd8216896ebc56e11c3d372cdbc5eb8fed47eb54e3044f21a
CLIENT_TRAFFIC_SECRET_0 83ae7712b5640acadfbc7154398c2c27a91cfb1606df7a35acb76d37d944b215 9ece10f969eae54cd8216896ebc56e11c3d372cdbc5eb8fed47eb54e3044f21a
SERVER_HANDSHAKE_TRAFFIC_SECRET 6acd7f7e414e645d1c4df6218f5d32169c0b7d2dbbd6a7f58e8147205dee162f af1a9ff66f071193600310d6feb6c694cfb04728fa24c60537e3df578747a686
CLIENT_HANDSHAKE_TRAFFIC_SECRET 6acd7f7e414e645d1c4df6218f5d32169c0b7d2dbbd6a7f58e8147205dee162f 4ee67001c226643810e56d52cdb7ebd4231187c5a7241b0da201663d3d3e050a
SERVER_TRAFFIC_SECRET_0 6acd7f7e414e645d1c4df6218f5d32169c0b7d2dbbd6a7f58e8147205dee162f 407902932a65dd91692b6ee1b29a76354abf8973f07e7e04508fd0bdd294a273
SERVER_HANDSHAKE_TRAFFIC_SECRET 6acd7f7e414e645d1c4df6218f5d32169c0b7d2dbbd6a7f58e8147205dee162f af1a9ff66f071193600310d6feb6c694cfb04728fa24c60537e3df578747a686
CLIENT_HANDSHAKE_TRAFFIC_SECRET 6acd7f7e414e645d1c4df6218f5d32169c0b7d2dbbd6a7f58e8147205dee162f 4ee67001c226643810e56d52cdb7ebd4231187c5a7241b0da201663d3d3e050a
SERVER_TRAFFIC_SECRET_0 6acd7f7e414e645d1c4df6218f5d32169c0b7d2dbbd6a7f58e8147205dee162f 407902932a65dd91692b6ee1b29a76354abf8973f07e7e04508fd0bdd294a273
CLIENT_TRAFFIC_SECRET_0 6acd7f7e414e645d1c4df6218f5d32169c0b7d2dbbd6a7f58e8147205dee162f 24d42e1c78489833d97e6c751cf25ce949e679f5204a5fb2c6b91c1a3d387238
CLIENT_TRAFFIC_SECRET_0 6acd7f7e414e645d1c4df6218f5d32169c0b7d2dbbd6a7f58e8147205dee162f 24d42e1c78489833d97e6c751cf25ce949e679f5204a5fb2c6b91c1a3d387238
SERVER_HANDSHAKE_TRAFFIC_SECRET b39b24ea7f27fc690880c4e1db0cceb91cc8b7524f7b04fcdb1ba5a4f16eb321 6cc25d96e9580639f10b9698a209b1ef6698d3b1df480ed63831c3ba10136327
CLIENT_HANDSHAKE_TRAFFIC_SECRET b39b24ea7f27fc690880c4e1db0cceb91cc8b7524f7b04fcdb1ba5a4f16eb321 83a4f0f0ec5d3aed0b7af0970db1113bbdf12a29794bae1712e27270975fd465
SERVER_TRAFFIC_SECRET_0 b39b24ea7f27fc690880c4e1db0cceb91cc8b7524f7b04fcdb1ba5a4f16eb321 e03bf5c417ef50daaec95cc8c072b315c04ac763ab16897815abfa0d27d444c3
SERVER_HANDSHAKE_TRAFFIC_SECRET b39b24ea7f27fc690880c4e1db0cceb91cc8b7524f7b04fcdb1ba5a4f16eb321 6cc25d96e9580639f10b9698a209b1ef6698d3b1df480ed63831c3ba10136327
CLIENT_HANDSHAKE_TRAFFIC_SECRET b39b24ea7f27fc690880c4e1db0cceb91cc8b7524f7b04fcdb1ba5a4f16eb321 83a4f0f0ec5d3aed0b7af0970db1113bbdf12a29794bae1712e27270975fd465
SERVER_TRAFFIC_SECRET_0 b39b24ea7f27fc690880c4e1db0cceb91cc8b7524f7b04fcdb1ba5a4f16eb321 e03bf5c417ef50daaec95cc8c072b315c04ac763ab16897815abfa0d27d444c3
CLIENT_TRAFFIC_SECRET_0 b39b24ea7f27fc690880c4e1db0cceb91cc8b7524f7b04fcdb1ba5a4f16eb321 40f5c09ab572cec5bf3a0032297eb9c6ac08412b41db0f1b87f20d071c0fc7ef
CLIENT_TRAFFIC_SECRET_0 b39b24ea7f27fc690880c4e1db0cceb91cc8b7524f7b04fcdb1ba5a4f16eb321 40f5c09ab572cec5bf3a0032297eb9c6ac08412b41db0f1b87f20d071c0fc7ef
SERVER_HANDSHAKE_TRAFFIC_SECRET c6a49a30db3022856548d5d5f022b46d7d65dd1971b02ee9ad6979400ca87f3e b6a048c7ddff2e2f7a7be5c41d21091fff3ea56147102cfcb911cdbc13cf24a4
CLIENT_HANDSHAKE_TRAFFIC_SECRET c6a49a30db3022856548d5d5f022b46d7d65dd1971b02ee9ad6979400ca87f3e 5022bf4f236b05196d86234b9b790e1aeae68a2770e795e2cf8ec451dff66f08
SERVER_TRAFFIC_SECRET_0 c6a49a30db3022856548d5d5f022b46d7d65dd1971b02ee9ad6979400ca87f3e 09efd1471812003e1164bc57e76c0f9249f077fcff3caf23a16794b995f1ecc1
SERVER_HANDSHAKE_TRAFFIC_SECRET c6a49a30db3022856548d5d5f022b46d7d65dd1971b02ee9ad6979400ca87f3e b6a048c7ddff2e2f7a7be5c41d21091fff3ea56147102cfcb911cdbc13cf24a4
CLIENT_HANDSHAKE_TRAFFIC_SECRET c6a49a30db3022856548d5d5f022b46d7d65dd1971b02ee9ad6979400ca87f3e 5022bf4f236b05196d86234b9b790e1aeae68a2770e795e2cf8ec451dff66f08
SERVER_TRAFFIC_SECRET_0 c6a49a30db3022856548d5d5f022b46d7d65dd1971b02ee9ad6979400ca87f3e 09efd1471812003e1164bc57e76c0f9249f077fcff3caf23a16794b995f1ecc1
CLIENT_TRAFFIC_SECRET_0 c6a49a30db3022856548d5d5f022b46d7d65dd1971b02ee9ad6979400ca87f3e 3e971f0bcd7cb49b308b7af0b5822764b2b64a17e3dc30d5b36655619849ad59
CLIENT_TRAFFIC_SECRET_0 c6a49a30db3022856548d5d5f022b46d7d65dd1971b02ee9ad6979400ca87f3e 3e971f0bcd7cb49b308b7af0b5822764b2b64a17e3dc30d5b36655619849ad59
SERVER_HANDSHAKE_TRAFFIC_SECRET 28b8cbb99e75276771014e4af4192721b5e02c18899a579f7bac2172d955b84a 4d63c2caa573f6e011689f4936d2cca2e26199ef9b3fb07b37d31346eaca0181
CLIENT_HANDSHAKE_TRAFFIC_SECRET 28b8cbb99e75276771014e4af4192721b5e02c18899a579f7bac2172d955b84a 749879581335aa8c22b7e522b568d8dfe162f2728d7d5ed11d72c1dc4a20872f
SERVER_TRAFFIC_SECRET_0 28b8cbb99e75276771014e4af4192721b5e02c18899a579f7bac2172d955b84a 5a0ea11e815802057922e064f57886e6d364e7e1083bcd63b9494b5acd968a70
SERVER_HANDSHAKE_TRAFFIC_SECRET 28b8cbb99e75276771014e4af4192721b5e02c18899a579f7bac2172d955b84a 4d63c2caa573f6e011689f4936d2cca2e26199ef9b3fb07b37d31346eaca0181
CLIENT_HANDSHAKE_TRAFFIC_SECRET 28b8cbb99e75276771014e4af4192721b5e02c18899a579f7bac2172d955b84a 749879581335aa8c22b7e522b568d8dfe162f2728d7d5ed11d72c1dc4a20872f
SERVER_TRAFFIC_SECRET_0 28b8cbb99e75276771014e4af4192721b5e02c18899a579f7bac2172d955b84a 5a0ea11e815802057922e064f57886e6d364e7e1083bcd63b9494b5acd968a70
CLIENT_TRAFFIC_SECRET_0 28b8cbb99e75276771014e4af4192721b5e02c18899a579f7bac2172d955b84a 505fbbcbf2ee89a790f8a359d2fd906500f3eeb7cffba5c4ee4ef79ed786da0b
CLIENT_TRAFFIC_SECRET_0 28b8cbb99e75276771014e4af4192721b5e02c18899a579f7bac2172d955b84a 505fbbcbf2ee89a790f8a359d2fd906500f3eeb7cffba5c4ee4ef79ed786da0b
SERVER_HANDSHAKE_TRAFFIC_SECRET 702c0fc44927221a925a50d753248439f9dbbd80baf9f2d7f0a47da02f0e0ff4 54269f1f014c337c68e88ab8a1f423245dfe2e756f002db4aac47eba82912ada
CLIENT_HANDSHAKE_TRAFFIC_SECRET 702c0fc44927221a925a50d753248439f9dbbd80baf9f2d7f0a47da02f0e0ff4 42b6e0b839eef9cb515569e2ad88d2f847fd6a44c9b07f208c0ea4415527a7c1
SERVER_TRAFFIC_SECRET_0 702c0fc44927221a925a50d753248439f9dbbd80baf9f2d7f0a47da02f0e0ff4 a28ba42dd6781f1f5696444f4826a6c3aa355667999e2f545a72ab5ec0e40aea
SERVER_HANDSHAKE_TRAFFIC_SECRET 702c0fc44927221a925a50d753248439f9dbbd80baf9f2d7f0a47da02f0e0ff4 54269f1f014c337c68e88ab8a1f423245dfe2e756f002db4aac47eba82912ada
CLIENT_HANDSHAKE_TRAFFIC_SECRET 702c0fc44927221a925a50d753248439f9dbbd80baf9f2d7f0a47da02f0e0ff4 42b6e0b839eef9cb515569e2ad88d2f847fd6a44c9b07f208c0ea4415527a7c1
SERVER_TRAFFIC_SECRET_0 702c0fc44927221a925a50d753248439f9dbbd80baf9f2d7f0a47da02f0e0ff4 a28ba42dd6781f1f5696444f4826a6c3aa355667999e2f545a72ab5ec0e40aea
CLIENT_TRAFFIC_SECRET_0 702c0fc44927221a925a50d753248439f9dbbd80baf9f2d7f0a47da02f0e0ff4 aed66b87ae5f984cffedb74dd383970c4e2baad7a8d74490a32819f606ea1733
CLIENT_TRAFFIC_SECRET_0 702c0fc44927221a925a50d753248439f9dbbd80baf9f2d7f0a47da02f0e0ff4 aed66b87ae5f984cffedb74dd383970c4e2baad7a8d74490a32819f606ea1733
SERVER_HANDSHAKE_TRAFFIC_SECRET e07f5410869668692a7f83401a9e507b73afaed0e8141aed5d963c8392c4fb8d 41621690e4b69d877f348b433fcb413a5b66c0569af18138477f669aa0a3dc3d
CLIENT_HANDSHAKE_TRAFFIC_SECRET e07f5410869668692a7f83401a9e507b73afaed0e8141aed5d963c8392c4fb8d b7f873be4a7a3c067c46ad952c457df07dbe9555a617d206118d079e6ac8088b
SERVER_TRAFFIC_SECRET_0 e07f5410869668692a7f83401a9e507b73afaed0e8141aed5d963c8392c4fb8d 2cba8afff24c8fce0a7f2f93c53a96713368974435543d1556c48672ba2819d1
SERVER_HANDSHAKE_TRAFFIC_SECRET e07f5410869668692a7f83401a9e507b73afaed0e8141aed5d963c8392c4fb8d 41621690e4b69d877f348b433fcb413a5b66c0569af18138477f669aa0a3dc3d
CLIENT_HANDSHAKE_TRAFFIC_SECRET e07f5410869668692a7f83401a9e507b73afaed0e8141aed5d963c8392c4fb8d b7f873be4a7a3c067c46ad952c457df07dbe9555a617d206118d079e6ac8088b
SERVER_TRAFFIC_SECRET_0 e07f5410869668692a7f83401a9e507b73afaed0e8141aed5d963c8392c4fb8d 2cba8afff24c8fce0a7f2f93c53a96713368974435543d1556c48672ba2819d1
CLIENT_TRAFFIC_SECRET_0 e07f5410869668692a7f83401a9e507b73afaed0e8141aed5d963c8392c4fb8d 4694cffc63b0bd53adaf38f918c15db3ea59037e646eac26ee45fdc3308aa9de
CLIENT_TRAFFIC_SECRET_0 e07f5410869668692a7f83401a9e507b73afaed0e8141aed5d963c8392c4fb8d 4694cffc63b0bd53adaf38f918c15db3ea59037e646eac26ee45fdc3308aa9de
SERVER_HANDSHAKE_TRAFFIC_SECRET e221fdb2a005dd68edd36e44ecbea70dc9ef38630bbb48f070bfa547436a88e4 dbd561cd81e9c4578133cd503095f512c87c6eab7f3d7c11fc634c71aefb88e1
CLIENT_HANDSHAKE_TRAFFIC_SECRET e221fdb2a005dd68edd36e44ecbea70dc9ef38630bbb48f070bfa547436a88e4 f9ed088662c17f9ddcaa70eaa52fd43049d68ded96f46b54c61778e5629518c1
SERVER_TRAFFIC_SECRET_0 e221fdb2a005dd68edd36e44ecbea70dc9ef38630bbb48f070bfa547436a88e4 004f6acec3ecbbf1f964153d5ca5b0a48d185604f4ee25f3d87bbfa7fe6f27ab
SERVER_HANDSHAKE_TRAFFIC_SECRET e221fdb2a005dd68edd36e44ecbea70dc9ef38630bbb48f070bfa547436a88e4 dbd561cd81e9c4578133cd503095f512c87c6eab7f3d7c11fc634c71aefb88e1
CLIENT_HANDSHAKE_TRAFFIC_SECRET e221fdb2a005dd68edd36e44ecbea70dc9ef38630bbb48f070bfa547436a88e4 f9ed088662c17f9ddcaa70eaa52fd43049d68ded96f46b54c61778e5629518c1
SERVER_TRAFFIC_SECRET_0 e221fdb2a005dd68edd36e44ecbea70dc9ef38630bbb48f070bfa547436a88e4 004f6acec3ecbbf1f964153d5ca5b0a48d185604f4ee25f3d87bbfa7fe6f27ab
CLIENT_TRAFFIC_SECRET_0 e221fdb2a005dd68edd36e44ecbea70dc9ef38630bbb48f070bfa547436a88e4 33d8eebe166920aa1e5934f06d14ee32588ec30501301a68227b7a60d8df72c2
CLIENT_TRAFFIC_SECRET_0 e221fdb2a005dd68edd36e44ecbea70dc9ef38630bbb48f070bfa547436a88e4 33d8eebe166920aa1e5934f06d14ee32588ec30501301a68227b7a60d8df72c2
SERVER_HANDSHAKE_TRAFFIC_SECRET 12174018b051137c6c4940f5499dd2a40ae9ee4e15cb1c4f3015b7f2e162ce24 68e1c0a4b13de465357916b22e791ed67d51dc2172097a4beccdf8f699cf8c10
CLIENT_HANDSHAKE_TRAFFIC_SECRET 12174018b051137c6c4940f5499dd2a40ae9ee4e15cb1c4f3015b7f2e162ce24 16d99d342f7d1ae7975171ce87340ac7aa931af6b817e030c18cf11e8f78b7f6
SERVER_TRAFFIC_SECRET_0 12174018b051137c6c4940f5499dd2a40ae9ee4e15cb1c4f3015b7f2e162ce24 b704e387ddd67c7d1f67798c98a3b848c11a0aed4152c730205cefa8121d2e2d
SERVER_HANDSHAKE_TRAFFIC_SECRET 12174018b051137c6c4940f5499dd2a40ae9ee4e15cb1c4f3015b7f2e162ce24 68e1c0a4b13de465357916b22e791ed67d51dc2172097a4beccdf8f699cf8c10
CLIENT_HANDSHAKE_TRAFFIC_SECRET 12174018b051137c6c4940f5499dd2a40ae9ee4e15cb1c4f3015b7f2e162ce24 16d99d342f7d1ae7975171ce87340ac7aa931af6b817e030c18cf11e8f78b7f6
SERVER_TRAFFIC_SECRET_0 12174018b051137c6c4940f5499dd2a40ae9ee4e15cb1c4f3015b7f2e162ce24 b704e387ddd67c7d1f67798c98a3b848c11a0aed4152c730205cefa8121d2e2d
CLIENT_TRAFFIC_SECRET_0 12174018b051137c6c4940f5499dd2a40ae9ee4e15cb1c4f3015b7f2e162ce24 522a0c237e9d1c057487dfcbe152e520dce5d1ef189a8b14a90ed198658289c7
CLIENT_TRAFFIC_SECRET_0 12174018b051137c6c4940f5499dd2a40ae9ee4e15cb1c4f3015b7f2e162ce24 522a0c237e9d1c057487dfcbe152e520dce5d1ef189a8b14a90ed198658289c7
SERVER_HANDSHAKE_TRAFFIC_SECRET 8657b816f6eaab88f9349f9dce2242ce32b42580ee9fb3633b0eff080e65a69b e79ab7d966299489c25eea68fdbf1f71789b8af7f16e5d5ec08072032bdfac43
CLIENT_HANDSHAKE_TRAFFIC_SECRET 8657b816f6eaab88f9349f9dce2242ce32b42580ee9fb3633b0eff080e65a69b ff0bbcf03c5dff4fa5826687caf0d08542c6a26b6b3a144fedd5a1689e0bd47b
SERVER_TRAFFIC_SECRET_0 8657b816f6eaab88f9349f9dce2242ce32b42580ee9fb3633b0eff080e65a69b 21fd9dbcd97b135192171da98f7764d2ec609bf4239011a3a6a090163a5e55a1
SERVER_HANDSHAKE_TRAFFIC_SECRET 8657b816f6eaab88f9349f9dce2242ce32b42580ee9fb3633b0eff080e65a69b e79ab7d966299489c25eea68fdbf1f71789b8af7f16e5d5ec08072032bdfac43
CLIENT_HANDSHAKE_TRAFFIC_SECRET 8657b816f6eaab88f9349f9dce2242ce32b42580ee9fb3633b0eff080e65a69b ff0bbcf03c5dff4fa5826687caf0d08542c6a26b6b3a144fedd5a1689e0bd47b
SERVER_TRAFFIC_SECRET_0 8657b816f6eaab88f9349f9dce2242ce32b42580ee9fb3633b0eff080e65a69b 21fd9dbcd97b135192171da98f7764d2ec609bf4239011a3a6a090163a5e55a1
CLIENT_TRAFFIC_SECRET_0 8657b816f6eaab88f9349f9dce2242ce32b42580ee9fb3633b0eff080e65a69b bec6e430de44b17dce98ab6c5a8533e1d80bcf85b2a71ea1a31f7b030c06d6a3
CLIENT_TRAFFIC_SECRET_0 8657b816f6eaab88f9349f9dce2242ce32b42580ee9fb3633b0eff080e65a69b bec6e430de44b17dce98ab6c5a8533e1d80bcf85b2a71ea1a31f7b030c06d6a3
SERVER_HANDSHAKE_TRAFFIC_SECRET 714e0a235cc92883191772b5fb8ea0696e5e9cd0a3f51d83c699f9b6dc797f0b 895ea03b184906b03a616cb7c0779c1b9c91f9e80ce7165af21e70a8c4bac597
CLIENT_HANDSHAKE_TRAFFIC_SECRET 714e0a235cc92883191772b5fb8ea0696e5e9cd0a3f51d83c699f9b6dc797f0b e083deefbe9863eaa4620118b169cba333707a346d419e92311869d1d5f60b94
SERVER_TRAFFIC_SECRET_0 714e0a235cc92883191772b5fb8ea0696e5e9cd0a3f51d83c699f9b6dc797f0b c69183f92d6b621dc44970e9243704e45982eb46a636d58220c6bc50d87ba0f9
SERVER_HANDSHAKE_TRAFFIC_SECRET 714e0a235cc92883191772b5fb8ea0696e5e9cd0a3f51d83c699f9b6dc797f0b 895ea03b184906b03a616cb7c0779c1b9c91f9e80ce7165af21e70a8c4bac597
CLIENT_HANDSHAKE_TRAFFIC_SECRET 714e0a235cc92883191772b5fb8ea0696e5e9cd0a3f51d83c699f9b6dc797f0b e083deefbe9863eaa4620118b169cba333707a346d419e92311869d1d5f60b94
SERVER_TRAFFIC_SECRET_0 714e0a235cc92883191772b5fb8ea0696e5e9cd0a3f51d83c699f9b6dc797f0b c69183f92d6b621dc44970e9243704e45982eb46a636d58220c6bc50d87ba0f9
CLIENT_TRAFFIC_SECRET_0 714e0a235cc92883191772b5fb8ea0696e5e9cd0a3f51d83c699f9b6dc797f0b c5340bccccf99920533550766e057aed332e422537d921ffa3e6bc979a0ad926
CLIENT_TRAFFIC_SECRET_0 714e0a235cc92883191772b5fb8ea0696e5e9cd0a3f51d83c699f9b6dc797f0b c5340bccccf99920533550766e057aed332e422537d921ffa3e6bc979a0ad926
SERVER_HANDSHAKE_TRAFFIC_SECRET d698a0f9ed2c2dc84a68e13832d9bb0087cb8d7e7bbbfbed444f0eaf10c07f18 5962bf87204eb6a5f334a3992ded705b915e7d55a5b4d0e8566be525b066721e
CLIENT_HANDSHAKE_TRAFFIC_SECRET d698a0f9ed2c2dc84a68e13832d9bb0087cb8d7e7bbbfbed444f0eaf10c07f18 b48e3b857cbf76a2c5cfe1747dc9ebd4147d9994f20924364f39a74192308a77
SERVER_TRAFFIC_SECRET_0 d698a0f9ed2c2dc84a68e13832d9bb0087cb8d7e7bbbfbed444f0eaf10c07f18 cb09df82041c6271edf65f84a32873ba48c88631b7a7456d25eba698b6b5140e
SERVER_HANDSHAKE_TRAFFIC_SECRET d698a0f9ed2c2dc84a68e13832d9bb0087cb8d7e7bbbfbed444f0eaf10c07f18 5962bf87204eb6a5f334a3992ded705b915e7d55a5b4d0e8566be525b066721e
CLIENT_HANDSHAKE_TRAFFIC_SECRET d698a0f9ed2c2dc84a68e13832d9bb0087cb8d7e7bbbfbed444f0eaf10c07f18 b48e3b857cbf76a2c5cfe1747dc9ebd4147d9994f20924364f39a74192308a77
SERVER_TRAFFIC_SECRET_0 d698a0f9ed2c2dc84a68e13832d9bb0087cb8d7e7bbbfbed444f0eaf10c07f18 cb09df82041c6271edf65f84a32873ba48c88631b7a7456d25eba698b6b5140e
CLIENT_TRAFFIC_SECRET_0 d698a0f9ed2c2dc84a68e13832d9bb0087cb8d7e7bbbfbed444f0eaf10c07f18 f9029ccfb0f8af4f49f4a6d50f27d7b2f47c729f321b352de48815e5b6c8fdd7
CLIENT_TRAFFIC_SECRET_0 d698a0f9ed2c2dc84a68e13832d9bb0087cb8d7e7bbbfbed444f0eaf10c07f18 f9029ccfb0f8af4f49f4a6d50f27d7b2f47c729f321b352de48815e5b6c8fdd7
SERVER_HANDSHAKE_TRAFFIC_SECRET c7711c4ea902f6e2757658bc514bca9b2b13396b12e342fa1e5b0633f7546847 bb74807d04119ae5d154bde8ee4757be02d5af5c426bb2477a44eac4ba2f279d
CLIENT_HANDSHAKE_TRAFFIC_SECRET c7711c4ea902f6e2757658bc514bca9b2b13396b12e342fa1e5b0633f7546847 f181b84294455c32d2ea493bb0416704743df1cc9f1e364eab609e763678336b
SERVER_TRAFFIC_SECRET_0 c7711c4ea902f6e2757658bc514bca9b2b13396b12e342fa1e5b0633f7546847 770ebf9b4d3a67a53252bc66f6d1d02e567d9f5d92dede3f561af5a55cebddfb
SERVER_HANDSHAKE_TRAFFIC_SECRET c7711c4ea902f6e2757658bc514bca9b2b13396b12e342fa1e5b0633f7546847 bb74807d04119ae5d154bde8ee4757be02d5af5c426bb2477a44eac4ba2f279d
CLIENT_HANDSHAKE_TRAFFIC_SECRET c7711c4ea902f6e2757658bc514bca9b2b13396b12e342fa1e5b0633f7546847 f181b84294455c32d2ea493bb0416704743df1cc9f1e364eab609e763678336b
SERVER_TRAFFIC_SECRET_0 c7711c4ea902f6e2757658bc514bca9b2b13396b12e342fa1e5b0633f7546847 770ebf9b4d3a67a53252bc66f6d1d02e567d9f5d92dede3f561af5a55cebddfb
CLIENT_TRAFFIC_SECRET_0 c7711c4ea902f6e2757658bc514bca9b2b13396b12e342fa1e5b0633f7546847 bfa2c9ff1370e788568527f7e293663a6c2d5d839ff191618b3cbfb7a3493bbf
CLIENT_TRAFFIC_SECRET_0 c7711c4ea902f6e2757658bc514bca9b2b13396b12e342fa1e5b0633f7546847 bfa2c9ff1370e788568527f7e293663a6c2d5d839ff191618b3cbfb7a3493bbf
SERVER_HANDSHAKE_TRAFFIC_SECRET faa4cb109c60fadd8bdc3925f38555cea2c9021958d0e0b709a13f00f3765860 4d52c4a3ffdb03278fd2fe4db8bcd31934709dce9a7b19dc1066b97ebf4d423e
CLIENT_HANDSHAKE_TRAFFIC_SECRET faa4cb109c60fadd8bdc3925f38555cea2c9021958d0e0b709a13f00f3765860 4d3b52649f79729cebd6a069e12811d06e2758c02b5edddb9440e34a07f83ed7
SERVER_TRAFFIC_SECRET_0 faa4cb109c60fadd8bdc3925f38555cea2c9021958d0e0b709a13f00f3765860 5c4eae0c27de817aa1f5b1ed1379105c8641aaef4ade11518d9c2596251f11c4
SERVER_HANDSHAKE_TRAFFIC_SECRET faa4cb109c60fadd8bdc3925f38555cea2c9021958d0e0b709a13f00f3765860 4d52c4a3ffdb03278fd2fe4db8bcd31934709dce9a7b19dc1066b97ebf4d423e
CLIENT_HANDSHAKE_TRAFFIC_SECRET faa4cb109c60fadd8bdc3925f38555cea2c9021958d0e0b709a13f00f3765860 4d3b52649f79729cebd6a069e12811d06e2758c02b5edddb9440e34a07f83ed7
SERVER_TRAFFIC_SECRET_0 faa4cb109c60fadd8bdc3925f38555cea2c9021958d0e0b709a13f00f3765860 5c4eae0c27de817aa1f5b1ed1379105c8641aaef4ade11518d9c2596251f11c4
CLIENT_TRAFFIC_SECRET_0 faa4cb109c60fadd8bdc3925f38555cea2c9021958d0e0b709a13f00f3765860 7fae888fa8f69740122b65af3af9afa01592857e24e4604729e85303db6e54fa
CLIENT_TRAFFIC_SECRET_0 faa4cb109c60fadd8bdc3925f38555cea2c9021958d0e0b709a13f00f3765860 7fae888fa8f69740122b65af3af9afa01592857e24e4604729e85303db6e54fa
SERVER_HANDSHAKE_TRAFFIC_SECRET 06327e0bd475c9493448eb9180005663e0f750b7410ba349e36ab8ab6ae9cbed d6b7033cdacf31ad4f4c752d73d8eb1d799d201d82a0f8fb5e3b446e1f712d02
CLIENT_HANDSHAKE_TRAFFIC_SECRET 06327e0bd475c9493448eb9180005663e0f750b7410ba349e36ab8ab6ae9cbed 2cab516a7f8aebc3d7eca5ead16e7d6ca3c10ffcc3245c8c7dda192c21bc3a03
SERVER_TRAFFIC_SECRET_0 06327e0bd475c9493448eb9180005663e0f750b7410ba349e36ab8ab6ae9cbed 2b36349307829c3a14c6398a2c84effc4488b05dfdd1b82e91ba46338f70f1ec
SERVER_HANDSHAKE_TRAFFIC_SECRET 06327e0bd475c9493448eb9180005663e0f750b7410ba349e36ab8ab6ae9cbed d6b7033cdacf31ad4f4c752d73d8eb1d799d201d82a0f8fb5e3b446e1f712d02
CLIENT_HANDSHAKE_TRAFFIC_SECRET 06327e0bd475c9493448eb9180005663e0f750b7410ba349e36ab8ab6ae9cbed 2cab516a7f8aebc3d7eca5ead16e7d6ca3c10ffcc3245c8c7dda192c21bc3a03
SERVER_TRAFFIC_SECRET_0 06327e0bd475c9493448eb9180005663e0f750b7410ba349e36ab8ab6ae9cbed 2b36349307829c3a14c6398a2c84effc4488b05dfdd1b82e91ba46338f70f1ec
CLIENT_TRAFFIC_SECRET_0 06327e0bd475c9493448eb9180005663e0f750b7410ba349e36ab8ab6ae9cbed 4b17cbeffb012871e7651f055a41be4a575e741390f7e4e6c390bf1f02535fea
CLIENT_TRAFFIC_SECRET_0 06327e0bd475c9493448eb9180005663e0f750b7410ba349e36ab8ab6ae9cbed 4b17cbeffb012871e7651f055a41be4a575e741390f7e4e6c390bf1f02535fea
SERVER_HANDSHAKE_TRAFFIC_SECRET db30b0db7461a1553982306e4702f4bb3c2a3ae7e8c3987a4fd5f70e0c1c3f19 abb6d0ba9c74e7cc1c96900dcbeef4fc775277760db433a921d0c2e1a5684f8a
CLIENT_HANDSHAKE_TRAFFIC_SECRET db30b0db7461a1553982306e4702f4bb3c2a3ae7e8c3987a4fd5f70e0c1c3f19 429347fdaffb84c43d5c226966c2259d73741075b8cab0329102c74d13b92749
SERVER_TRAFFIC_SECRET_0 db30b0db7461a1553982306e4702f4bb3c2a3ae7e8c3987a4fd5f70e0c1c3f19 eeafb84817b2ccf632847e767a91256ccd5e7c5416deeda795ab3a23eab11747
SERVER_HANDSHAKE_TRAFFIC_SECRET db30b0db7461a1553982306e4702f4bb3c2a3ae7e8c3987a4fd5f70e0c1c3f19 abb6d0ba9c74e7cc1c96900dcbeef4fc775277760db433a921d0c2e1a5684f8a
CLIENT_HANDSHAKE_TRAFFIC_SECRET db30b0db7461a1553982306e4702f4bb3c2a3ae7e8c3987a4fd5f70e0c1c3f19 429347fdaffb84c43d5c226966c2259d73741075b8cab0329102c74d13b92749
SERVER_TRAFFIC_SECRET_0 db30b0db7461a1553982306e4702f4bb3c2a3ae7e8c3987a4fd5f70e0c1c3f19 eeafb84817b2ccf632847e767a91256ccd5e7c5416deeda795ab3a23eab11747
CLIENT_TRAFFIC_SECRET_0 db30b0db7461a1553982306e4702f4bb3c2a3ae7e8c3987a4fd5f70e0c1c3f19 a141b0b4e66c59fd3cbb5fe555c6bdd2013261699511c16a57c83da56c723216
CLIENT_TRAFFIC_SECRET_0 db30b0db7461a1553982306e4702f4bb3c2a3ae7e8c3987a4fd5f70e0c1c3f19 a141b0b4e66c59fd3cbb5fe555c6bdd2013261699511c16a57c83da56c723216
SERVER_HANDSHAKE_TRAFFIC_SECRET fbbf5b8125423d28742bcc0d1b2bf09ab9f570765dba54ba4abd85bd8c0a880d e54db39ffd13efe5d85ee9435d054a29ab8df857920cae3ae9b2b1e94b29173d
CLIENT_HANDSHAKE_TRAFFIC_SECRET fbbf5b8125423d28742bcc0d1b2bf09ab9f570765dba54ba4abd85bd8c0a880d 3d56843ec62cc3de97c64ef6e1fa90291d3650c47f15c54fc67275cd448391a8
SERVER_TRAFFIC_SECRET_0 fbbf5b8125423d28742bcc0d1b2bf09ab9f570765dba54ba4abd85bd8c0a880d 1fc91d6b3f2c69b8ababb98f03ff89d2a4f5b1e117b8ddc179bc1efc62d10da1
SERVER_HANDSHAKE_TRAFFIC_SECRET fbbf5b8125423d28742bcc0d1b2bf09ab9f570765dba54ba4abd85bd8c0a880d e54db39ffd13efe5d85ee9435d054a29ab8df857920cae3ae9b2b1e94b29173d
CLIENT_HANDSHAKE_TRAFFIC_SECRET fbbf5b8125423d28742bcc0d1b2bf09ab9f570765dba54ba4abd85bd8c0a880d 3d56843ec62cc3de97c64ef6e1fa90291d3650c47f15c54fc67275cd448391a8
SERVER_TRAFFIC_SECRET_0 fbbf5b8125423d28742bcc0d1b2bf09ab9f570765dba54ba4abd85bd8c0a880d 1fc91d6b3f2c69b8ababb98f03ff89d2a4f5b1e117b8ddc179bc1efc62d10da1
CLIENT_TRAFFIC_SECRET_0 fbbf5b8125423d28742bcc0d1b2bf09ab9f570765dba54ba4abd85bd8c0a880d fd4151fc4f04b4e1785fa27877f76b4f6f2c28e163b5673efa93b2cd9878196f
CLIENT_TRAFFIC_SECRET_0 fbbf5b8125423d28742bcc0d1b2bf09ab9f570765dba54ba4abd85bd8c0a880d fd4151fc4f04b4e1785fa27877f76b4f6f2c28e163b5673efa93b2cd9878196f
SERVER_HANDSHAKE_TRAFFIC_SECRET c9e35032b905bae1d91c0048841dfa32b9e9070a041b0759d888157e7bc498cb 3bed7d558718dc383509ca94440e9278cacda2f071f84174c73d088b292df822
CLIENT_HANDSHAKE_TRAFFIC_SECRET c9e35032b905bae1d91c0048841dfa32b9e9070a041b0759d888157e7bc498cb 2b7bb93b48fc49ca72a8a6e010d93acf734997bf716ff89354c80316eae4c042
SERVER_TRAFFIC_SECRET_0 c9e35032b905bae1d91c0048841dfa32b9e9070a041b0759d888157e7bc498cb 7abae4df13713e564d5350d5446e29357165fdc73ab0f22b16ef2dcf3f85118d
SERVER_HANDSHAKE_TRAFFIC_SECRET c9e35032b905bae1d91c0048841dfa32b9e9070a041b0759d888157e7bc498cb 3bed7d558718dc383509ca94440e9278cacda2f071f84174c73d088b292df822
CLIENT_HANDSHAKE_TRAFFIC_SECRET c9e35032b905bae1d91c0048841dfa32b9e9070a041b0759d888157e7bc498cb 2b7bb93b48fc49ca72a8a6e010d93acf734997bf716ff89354c80316eae4c042
SERVER_TRAFFIC_SECRET_0 c9e35032b905bae1d91c0048841dfa32b9e9070a041b0759d888157e7bc498cb 7abae4df13713e564d5350d5446e29357165fdc73ab0f22b16ef2dcf3f85118d
CLIENT_TRAFFIC_SECRET_0 c9e35032b905bae1d91c0048841dfa32b9e9070a041b0759d888157e7bc498cb b345e266b307e4c7163cc00881a3f6a270804aee54ff8957a5a34243928021b5
CLIENT_TRAFFIC_SECRET_0 c9e35032b905bae1d91c0048841dfa32b9e9070a041b0759d888157e7bc498cb b345e266b307e4c7163cc00881a3f6a270804aee54ff8957a5a34243928021b5
SERVER_HANDSHAKE_TRAFFIC_SECRET 5d295a19ff65c9ad98da538b127847374e8e7e7a694aa391376f8389de0cdeba 3544839e46bf7d5c2ec21fd38e7e7925c76b8b8d94ac002ee2e856642bc90793
CLIENT_HANDSHAKE_TRAFFIC_SECRET 5d295a19ff65c9ad98da538b127847374e8e7e7a694aa391376f8389de0cdeba 48ef95d0c7839591f56a230d53e8fc254fd4870efbe9dcf19dc7e6550c0dacd8
SERVER_TRAFFIC_SECRET_0 5d295a19ff65c9ad98da538b127847374e8e7e7a694aa391376f8389de0cdeba 2725f88f71ecbc61a097fdfdbadbcf6f8ac93303139c523dcf4f004f501b6721
SERVER_HANDSHAKE_TRAFFIC_SECRET 5d295a19ff65c9ad98da538b127847374e8e7e7a694aa391376f8389de0cdeba 3544839e46bf7d5c2ec21fd38e7e7925c76b8b8d94ac002ee2e856642bc90793
CLIENT_HANDSHAKE_TRAFFIC_SECRET 5d295a19ff65c9ad98da538b127847374e8e7e7a694aa391376f8389de0cdeba 48ef95d0c7839591f56a230d53e8fc254fd4870efbe9dcf19dc7e6550c0dacd8
SERVER_TRAFFIC_SECRET_0 5d295a19ff65c9ad98da538b127847374e8e7e7a694aa391376f8389de0cdeba 2725f88f71ecbc61a097fdfdbadbcf6f8ac93303139c523dcf4f004f501b6721
CLIENT_TRAFFIC_SECRET_0 5d295a19ff65c9ad98da538b127847374e8e7e7a694aa391376f8389de0cdeba fc25f2691e05b7e03e9011d307494675400edb18a1cdb14fa6f9826e20d2cbcd
CLIENT_TRAFFIC_SECRET_0 5d295a19ff65c9ad98da538b127847374e8e7e7a694aa391376f8389de0cdeba fc25f2691e05b7e03e9011d307494675400edb18a1cdb14fa6f9826e20d2cbcd
SERVER_HANDSHAKE_TRAFFIC_SECRET 6fe372d4cbf657b93722f17ce98a9f39a463b5e414dfaee287fbcbdffa253dc6 53e76ad8588597eadd8e78c62468ad56d256f1239ee9f526eae53d9bbc74f471
CLIENT_HANDSHAKE_TRAFFIC_SECRET 6fe372d4cbf657b93722f17ce98a9f39a463b5e414dfaee287fbcbdffa253dc6 9d2fd77ade5fc40b1adc4f2da1c3fc73a88fc208bba0ee3e8b0df3bb0812ef1c
SERVER_TRAFFIC_SECRET_0 6fe372d4cbf657b93722f17ce98a9f39a463b5e414dfaee287fbcbdffa253dc6 2721bcc05db486c076775fc8ad2095094cd7dbca3e49f426ace2f1bc472218c6
SERVER_HANDSHAKE_TRAFFIC_SECRET 6fe372d4cbf657b93722f17ce98a9f39a463b5e414dfaee287fbcbdffa253dc6 53e76ad8588597eadd8e78c62468ad56d256f1239ee9f526eae53d9bbc74f471
CLIENT_HANDSHAKE_TRAFFIC_SECRET 6fe372d4cbf657b93722f17ce98a9f39a463b5e414dfaee287fbcbdffa253dc6 9d2fd77ade5fc40b1adc4f2da1c3fc73a88fc208bba0ee3e8b0df3bb0812ef1c
SERVER_TRAFFIC_SECRET_0 6fe372d4cbf657b93722f17ce98a9f39a463b5e414dfaee287fbcbdffa253dc6 2721bcc05db486c076775fc8ad2095094cd7dbca3e49f426ace2f1bc472218c6
CLIENT_TRAFFIC_SECRET_0 6fe372d4cbf657b93722f17ce98a9f39a463b5e414dfaee287fbcbdffa253dc6 43774d6506fdace8727e4a4f728799e48c739258dcd16e482807211e4fd36de6
CLIENT_TRAFFIC_SECRET_0 6fe372d4cbf657b93722f17ce98a9f39a463b5e414dfaee287fbcbdffa253dc6 43774d6506fdace8727e4a4f728799e48c739258dcd16e482807211e4fd36de6
SERVER_HANDSHAKE_TRAFFIC_SECRET 9611e26fc9bea318c2c3250c88d13dee9b199e45537ed219cc0790d45b423cec d7ba42fd8f6abb4bb24e3bc86a0608270824ba486f1389243b58ef90d7832954
CLIENT_HANDSHAKE_TRAFFIC_SECRET 9611e26fc9bea318c2c3250c88d13dee9b199e45537ed219cc0790d45b423cec f7a9d6b3334203aa8d1d8daad06465e2b6ee446cd0200576ece8150eef06719f
SERVER_TRAFFIC_SECRET_0 9611e26fc9bea318c2c3250c88d13dee9b199e45537ed219cc0790d45b423cec f3231df879955fb33b090e127a4548ddc931c6ac285dd699f1a54e991c772b68
SERVER_HANDSHAKE_TRAFFIC_SECRET 9611e26fc9bea318c2c3250c88d13dee9b199e45537ed219cc0790d45b423cec d7ba42fd8f6abb4bb24e3bc86a0608270824ba486f1389243b58ef90d7832954
CLIENT_HANDSHAKE_TRAFFIC_SECRET 9611e26fc9bea318c2c3250c88d13dee9b199e45537ed219cc0790d45b423cec f7a9d6b3334203aa8d1d8daad06465e2b6ee446cd0200576ece8150eef06719f
SERVER_TRAFFIC_SECRET_0 9611e26fc9bea318c2c3250c88d13dee9b199e45537ed219cc0790d45b423cec f3231df879955fb33b090e127a4548ddc931c6ac285dd699f1a54e991c772b68
CLIENT_TRAFFIC_SECRET_0 9611e26fc9bea318c2c3250c88d13dee9b199e45537ed219cc0790d45b423cec c5f754ab2746db1fc5b14e6808274ccf985548ea394622dcef4cd3f3af8b985b
CLIENT_TRAFFIC_SECRET_0 9611e26fc9bea318c2c3250c88d13dee9b199e45537ed219cc0790d45b423cec c5f754ab2746db1fc5b14e6808274ccf985548ea394622dcef4cd3f3af8b985b
SERVER_HANDSHAKE_TRAFFIC_SECRET 53e04847c6bcee4e3d1891ab27b79a7a7a516cad2ab373dc2d7b3478666b7c5d 0d94b9bcdcf3b6536946e4a1711c421285a8b53dd032711514647c0634425263
CLIENT_HANDSHAKE_TRAFFIC_SECRET 53e04847c6bcee4e3d1891ab27b79a7a7a516cad2ab373dc2d7b3478666b7c5d 788f358bd7c519757a89547be817f12ae0e17ac5c105a0db523b7150821c1f46
SERVER_TRAFFIC_SECRET_0 53e04847c6bcee4e3d1891ab27b79a7a7a516cad2ab373dc2d7b3478666b7c5d 781ba4526166eee8992924f119e9ba0aabbcb13b08d62ca71228ad298411158b
SERVER_HANDSHAKE_TRAFFIC_SECRET 53e04847c6bcee4e3d1891ab27b79a7a7a516cad2ab373dc2d7b3478666b7c5d 0d94b9bcdcf3b6536946e4a1711c421285a8b53dd032711514647c0634425263
CLIENT_HANDSHAKE_TRAFFIC_SECRET 53e04847c6bcee4e3d1891ab27b79a7a7a516cad2ab373dc2d7b3478666b7c5d 788f358bd7c519757a89547be817f12ae0e17ac5c105a0db523b7150821c1f46
SERVER_TRAFFIC_SECRET_0 53e04847c6bcee4e3d1891ab27b79a7a7a516cad2ab373dc2d7b3478666b7c5d 781ba4526166eee8992924f119e9ba0aabbcb13b08d62ca71228ad298411158b
CLIENT_TRAFFIC_SECRET_0 53e04847c6bcee4e3d1891ab27b79a7a7a516cad2ab373dc2d7b3478666b7c5d f415b96d79bf07dce6f92a4d60ceed41f5b0c4957e57e1c378606a9fcd23f173
CLIENT_TRAFFIC_SECRET_0 53e04847c6bcee4e3d1891ab27b79a7a7a516cad2ab373dc2d7b3478666b7c5d f415b96d79bf07dce6f92a4d60ceed41f5b0c4957e57e1c378606a9fcd23f173
SERVER_HANDSHAKE_TRAFFIC_SECRET caa6d553de8b5e6a7c407f2a8531a522ca1222a30693a9b91bcd0a03250fbfe3 fd614d9ee4eda5fcae5ed91cc887c47eb9b1812c5c45d790a675abc1fd265807
CLIENT_HANDSHAKE_TRAFFIC_SECRET caa6d553de8b5e6a7c407f2a8531a522ca1222a30693a9b91bcd0a03250fbfe3 4be57299c00cc890c587179c0e831c7c36093006a81c11e5d225d7e4e348bd8d
SERVER_TRAFFIC_SECRET_0 caa6d553de8b5e6a7c407f2a8531a522ca1222a30693a9b91bcd0a03250fbfe3 102e71c8029d6d68e16768bc80f90dc3d945cc2f2f49fe305e5438eeadb13fc1
SERVER_HANDSHAKE_TRAFFIC_SECRET caa6d553de8b5e6a7c407f2a8531a522ca1222a30693a9b91bcd0a03250fbfe3 fd614d9ee4eda5fcae5ed91cc887c47eb9b1812c5c45d790a675abc1fd265807
CLIENT_HANDSHAKE_TRAFFIC_SECRET caa6d553de8b5e6a7c407f2a8531a522ca1222a30693a9b91bcd0a03250fbfe3 4be57299c00cc890c587179c0e831c7c36093006a81c11e5d225d7e4e348bd8d
SERVER_TRAFFIC_SECRET_0 caa6d553de8b5e6a7c407f2a8531a522ca1222a30693a9b91bcd0a03250fbfe3 102e71c8029d6d68e16768bc80f90dc3d945cc2f2f49fe305e5438eeadb13fc1
CLIENT_TRAFFIC_SECRET_0 caa6d553de8b5e6a7c407f2a8531a522ca1222a30693a9b91bcd0a03250fbfe3 2443c7bdb3eb62b9668e580342c8d885d9f1fb952e264b7a041549163b94c4dd
CLIENT_TRAFFIC_SECRET_0 caa6d553de8b5e6a7c407f2a8531a522ca1222a30693a9b91bcd0a03250fbfe3 2443c7bdb3eb62b9668e580342c8d885d9f1fb952e264b7a041549163b94c4dd
SERVER_HANDSHAKE_TRAFFIC_SECRET 5de75e077a402a397118ae76b0df5dd9a6270ba267bb0a097a0d8adca5bbbb5b c08b31a161bf9d62930fd4e93d6c043005330dbee5059d1536ad71edb1b49fd5
CLIENT_HANDSHAKE_TRAFFIC_SECRET 5de75e077a402a397118ae76b0df5dd9a6270ba267bb0a097a0d8adca5bbbb5b b4280df330068b20e48fe07dccab58692baa20e1287201e6b37d93645247b81e
SERVER_TRAFFIC_SECRET_0 5de75e077a402a397118ae76b0df5dd9a6270ba267bb0a097a0d8adca5bbbb5b a9c48d8016648c3790b8cc8cf3ba745f99a4ff08f1c0cb8ed1b54fb90070def8
SERVER_HANDSHAKE_TRAFFIC_SECRET 5de75e077a402a397118ae76b0df5dd9a6270ba267bb0a097a0d8adca5bbbb5b c08b31a161bf9d62930fd4e93d6c043005330dbee5059d1536ad71edb1b49fd5
CLIENT_HANDSHAKE_TRAFFIC_SECRET 5de75e077a402a397118ae76b0df5dd9a6270ba267bb0a097a0d8adca5bbbb5b b4280df330068b20e48fe07dccab58692baa20e1287201e6b37d93645247b81e
SERVER_TRAFFIC_SECRET_0 5de75e077a402a397118ae76b0df5dd9a6270ba267bb0a097a0d8adca5bbbb5b a9c48d8016648c3790b8cc8cf3ba745f99a4ff08f1c0cb8ed1b54fb90070def8
CLIENT_TRAFFIC_SECRET_0 5de75e077a402a397118ae76b0df5dd9a6270ba267bb0a097a0d8adca5bbbb5b 7d0e0f4d58e055a3b1b8163ef128e75e3733b7997ab7d8943e96bfaf97c90308
CLIENT_TRAFFIC_SECRET_0 5de75e077a402a397118ae76b0df5dd9a6270ba267bb0a097a0d8adca5bbbb5b 7d0e0f4d58e055a3b1b8163ef128e75e3733b7997ab7d8943e96bfaf97c90308
