SERVER_HANDSHAKE_TRAFFIC_SECRET 14406b68b3f4852b7cfdc219169e18e273eed77b7c79941802a1529f0d68defd dc3c1210002c4cf046f5cd61874540f7a80b52a3b52047e3d759de0d8bc9a03e
CLIENT_HANDSHAKE_TRAFFIC_SECRET 14406b68b3f4852b7cfdc219169e18e273eed77b7c79941802a1529f0d68defd ba50f5e677c27da2931caf554010577a61aa5004f0e484dbbf01703caacbb934
SERVER_TRAFFIC_SECRET_0 14406b68b3f4852b7cfdc219169e18e273eed77b7c79941802a1529f0d68defd 5baa168147a39395e6bfc198f3f162829971d1884959f60db074a7fb01bd06ee
CLIENT_TRAFFIC_SECRET_0 14406b68b3f4852b7cfdc219169e18e273eed77b7c79941802a1529f0d68defd a3d1e0b87ef434ba15c62041d71c907c05ed9fa012edea8c01daacbce1671c1d
SERVER_HANDSHAKE_TRAFFIC_SECRET c119af9a77fa86c8d9deafbdb78ec9153164c7e9c6787b61e50451e16f6aac65 127dedba8a9821bb1e4e29dd124577a1849bdd08bf86533b9013e469b1eaf1bd
CLIENT_HANDSHAKE_TRAFFIC_SECRET c119af9a77fa86c8d9deafbdb78ec9153164c7e9c6787b61e50451e16f6aac65 aaf802400bacf4bcb88c1f53ee09e741e653d5e33caa940230fa745681b5cf2f
SERVER_TRAFFIC_SECRET_0 c119af9a77fa86c8d9deafbdb78ec9153164c7e9c6787b61e50451e16f6aac65 2dae995d6d2b03aa08053839c10378210740f554a3d8859456ef3957d0d34854
CLIENT_TRAFFIC_SECRET_0 c119af9a77fa86c8d9deafbdb78ec9153164c7e9c6787b61e50451e16f6aac65 9096bae9cccb8be36d07e02b8cf6dd88d227e62e97f77031236110e974dddc9b
SERVER_HANDSHAKE_TRAFFIC_SECRET 13e2558835de8022b24643a2963386f053cf583fb4c6cac989a7191af0a15a87 1bfa6f95a56b8dbc845eb774268be25f805b4cf3bc66b0235f4fe48e175d4486
CLIENT_HANDSHAKE_TRAFFIC_SECRET 13e2558835de8022b24643a2963386f053cf583fb4c6cac989a7191af0a15a87 15ca225da2886e717be2bfdab1fd76b7907b8a85185d7a00ae0b5cd1a17811d4
SERVER_TRAFFIC_SECRET_0 13e2558835de8022b24643a2963386f053cf583fb4c6cac989a7191af0a15a87 ccbc2f724b4880a9f1c3e4b333812e37c093e1faee71f42f1be7295a41fca56d
CLIENT_TRAFFIC_SECRET_0 13e2558835de8022b24643a2963386f053cf583fb4c6cac989a7191af0a15a87 8d987e48ed2b1b7020a8bff07709059b8bc6654648cbb46a88368e15f70ef0a4
SERVER_HANDSHAKE_TRAFFIC_SECRET a2de6e3fc392714bbb52597774f44af1df48bf2d296c419763730dc8712839ca fd9f53aa7ff486ace9c23401185ccaf2f42519595d9298e557bf8bc206db0320
CLIENT_HANDSHAKE_TRAFFIC_SECRET a2de6e3fc392714bbb52597774f44af1df48bf2d296c419763730dc8712839ca 7b86d7d68725da3f08780b5b05b40d63f3a719463711cfd657dd39dfb034472c
SERVER_TRAFFIC_SECRET_0 a2de6e3fc392714bbb52597774f44af1df48bf2d296c419763730dc8712839ca 6762015f2b5bd338c75681cda821a6d3d79d443d8cc384ca2290bdec61571815
CLIENT_TRAFFIC_SECRET_0 a2de6e3fc392714bbb52597774f44af1df48bf2d296c419763730dc8712839ca 37c531dcadc083dd235550f1be23118a7261d4503cc45e0964fe813c72519486
SERVER_HANDSHAKE_TRAFFIC_SECRET 92bf98452852c4f9dcb9c3f48fdeeee99aa39491ad72a42ff6c73e3b5bd051f7 685c502a74ce4ee8c19ad2fb2f9706f33682a564e0267955f2e84cb09e0d132a
CLIENT_HANDSHAKE_TRAFFIC_SECRET 92bf98452852c4f9dcb9c3f48fdeeee99aa39491ad72a42ff6c73e3b5bd051f7 8ca6f77b04140e2b99bfe41ac4b349973eb648c441b73efd9234069b9022e4a4
SERVER_TRAFFIC_SECRET_0 92bf98452852c4f9dcb9c3f48fdeeee99aa39491ad72a42ff6c73e3b5bd051f7 e7994a08f291928c5eeae716e8988f6ba4a3c23096484272b46232f5544a9248
CLIENT_TRAFFIC_SECRET_0 92bf98452852c4f9dcb9c3f48fdeeee99aa39491ad72a42ff6c73e3b5bd051f7 1f344aa4521cca2c72716f823e9198bd6e253a988ba89c5ebf13840d596e3ba7
SERVER_HANDSHAKE_TRAFFIC_SECRET 761bfd4537e644e0063fbfe85b57b52dba2541b86f73e4885c9163f0883a16a2 ec74591793938ba98c2461ca0eb5ef38ed33a47b56d9c4a32e192f3327d1a976
CLIENT_HANDSHAKE_TRAFFIC_SECRET 761bfd4537e644e0063fbfe85b57b52dba2541b86f73e4885c9163f0883a16a2 183752de441a5397eac9c7f4ea6cb50ec7cae3e36f6e6764cd88c680ee7ff18e
SERVER_TRAFFIC_SECRET_0 761bfd4537e644e0063fbfe85b57b52dba2541b86f73e4885c9163f0883a16a2 02e72fe9b84212dded07259341bc1ff047a14c75edf19ee71ff61e4477c530da
CLIENT_TRAFFIC_SECRET_0 761bfd4537e644e0063fbfe85b57b52dba2541b86f73e4885c9163f0883a16a2 f7e1097e657c1c957bbc28e4e70716c2725cdf85da6b92c078569ca509776345
SERVER_HANDSHAKE_TRAFFIC_SECRET 2f80dfbadba989c283fb54c69844e7877d036d7231ed44f9843d39cedc145365 4655ee6eabaadf1b8bf454376a5948aaa5d116edf9695ddaaa9afa44fc5fb543
CLIENT_HANDSHAKE_TRAFFIC_SECRET 2f80dfbadba989c283fb54c69844e7877d036d7231ed44f9843d39cedc145365 01c2be7ca524d896122458ef556e506af2f3c8ca08644de5e8e791316c214249
SERVER_TRAFFIC_SECRET_0 2f80dfbadba989c283fb54c69844e7877d036d7231ed44f9843d39cedc145365 3d26b7d5c71577a1c6830d8b6c29fc6d91941562c798573fd6be7eed6caef9b7
CLIENT_TRAFFIC_SECRET_0 2f80dfbadba989c283fb54c69844e7877d036d7231ed44f9843d39cedc145365 342dc57482a9c186b0e0fae907d020243fe527c8310f16d2032d91c02cf29039
SERVER_HANDSHAKE_TRAFFIC_SECRET b289e823b6c2fbdab4a74b2d15b5187463eab8a09e27e5bf85c80d279c6dfb19 03b146504f22d88fd03735d8c4e6167c22cca72100a11dded4e813d7401873d0
CLIENT_HANDSHAKE_TRAFFIC_SECRET b289e823b6c2fbdab4a74b2d15b5187463eab8a09e27e5bf85c80d279c6dfb19 dc2159be671f3b39fc81aa90bf755c02ee9a0e917d4629b6533cc549e065e784
SERVER_TRAFFIC_SECRET_0 b289e823b6c2fbdab4a74b2d15b5187463eab8a09e27e5bf85c80d279c6dfb19 b1a7847c5b48a3c343afd00ddd7f1195269fc04afd2ac911f8f1c556f4a4ff1d
CLIENT_TRAFFIC_SECRET_0 b289e823b6c2fbdab4a74b2d15b5187463eab8a09e27e5bf85c80d279c6dfb19 d0e98324774b63c84f128a2e786ed6ec38c00c7b8e2d8e469d4c6666ac33638b
SERVER_HANDSHAKE_TRAFFIC_SECRET e84384b50c2de05d819273e49eb0c9591677510cce8b4f07ef24965e95d79319 59b990e7a9919e9f8dbf5796bbec2dd908d23a7ca176a5da39281ddebb1ff7ee
CLIENT_HANDSHAKE_TRAFFIC_SECRET e84384b50c2de05d819273e49eb0c9591677510cce8b4f07ef24965e95d79319 b6620222fa9077f1b74c21a76c5f4009754bda587aee8c90c2eaf3024047d16d
SERVER_TRAFFIC_SECRET_0 e84384b50c2de05d819273e49eb0c9591677510cce8b4f07ef24965e95d79319 202f838c2c14369805ab9c7d9ad41702d675e8d0b91743d89b6615dab3e25c9b
CLIENT_TRAFFIC_SECRET_0 e84384b50c2de05d819273e49eb0c9591677510cce8b4f07ef24965e95d79319 af810138bc0a1480de3a145f6af4aacbaa68e9cadc0a01240b7616a0ca262797
SERVER_HANDSHAKE_TRAFFIC_SECRET f7f237e3f1bfdeb96d88714cd07721653eeab5637d292622c6df3fda4ef13b9b 09e23d972b1f05406b1160d594571235fe445c4c69efb03b49f50fff87391eb2
CLIENT_HANDSHAKE_TRAFFIC_SECRET f7f237e3f1bfdeb96d88714cd07721653eeab5637d292622c6df3fda4ef13b9b a470b3ccab16a3b890e1daace5c88828e9a14fe2146a7f4e0ab91ad8c77bdde9
SERVER_TRAFFIC_SECRET_0 f7f237e3f1bfdeb96d88714cd07721653eeab5637d292622c6df3fda4ef13b9b c3b768958a224aad60ea3618c0a086f931b280f4b6969ab3bcf737229c482cb8
CLIENT_TRAFFIC_SECRET_0 f7f237e3f1bfdeb96d88714cd07721653eeab5637d292622c6df3fda4ef13b9b 828dff09785624f0ab5ea3dc20b86f60adb5cbcd79990a918793778bd2e11ebd
SERVER_HANDSHAKE_TRAFFIC_SECRET 11d69992d96cc81aa34dc0079dc2b2dcd5fbe03e9cc434402a85435ce6078d40 2f20437f3129244d021a2acee110f2db1e073477e52c6a037885dcf0b0951dce
CLIENT_HANDSHAKE_TRAFFIC_SECRET 11d69992d96cc81aa34dc0079dc2b2dcd5fbe03e9cc434402a85435ce6078d40 512eeed22b0e7ba286efa53152fb7b524dbb7f12dff22ec377ebb2a31577abc5
SERVER_TRAFFIC_SECRET_0 11d69992d96cc81aa34dc0079dc2b2dcd5fbe03e9cc434402a85435ce6078d40 b330a0b96c3bf6b2d46fcb10c0efcf1ea228c95582d4b1c80d61a0560d769b57
CLIENT_TRAFFIC_SECRET_0 11d69992d96cc81aa34dc0079dc2b2dcd5fbe03e9cc434402a85435ce6078d40 d89ab1c46ca70753ae890ad8e807177a897ba3f374cedec6d180b2b03ac5070a
SERVER_HANDSHAKE_TRAFFIC_SECRET 2eb61b028b9ff07b60031c8e3297145a88925be7b8df311dd1d1ed4a0e77138b d6d69265ff51152ca4320be2b94db1f7ae9bac1579166349f8b5495609ea84e9
CLIENT_HANDSHAKE_TRAFFIC_SECRET 2eb61b028b9ff07b60031c8e3297145a88925be7b8df311dd1d1ed4a0e77138b bc05e4c7567643b8105490c806ad9a18ec4b37f6d042c77e2fde6f44f244dee1
SERVER_TRAFFIC_SECRET_0 2eb61b028b9ff07b60031c8e3297145a88925be7b8df311dd1d1ed4a0e77138b 6104c6346feb703a52ad14b550bb495a99b170b564dc0e8063703918a1c777a8
CLIENT_TRAFFIC_SECRET_0 2eb61b028b9ff07b60031c8e3297145a88925be7b8df311dd1d1ed4a0e77138b 119476d2e52ea74f80d93cf3abeef6d22691b7e3beb16bc164dccd631c9a1c2d
SERVER_HANDSHAKE_TRAFFIC_SECRET fdc475ece24f42488a75b5097fd34d5cbe3384787d213b4a4ab556596026ec5c 6eb92a807762cd48596ceac2ae2fa8f985050d9d51b618343169f4d824ef455c
CLIENT_HANDSHAKE_TRAFFIC_SECRET fdc475ece24f42488a75b5097fd34d5cbe3384787d213b4a4ab556596026ec5c 68c92af90f21162e340b49b8aded6089cdbe34a19834e12af3417f0296ec2099
SERVER_TRAFFIC_SECRET_0 fdc475ece24f42488a75b5097fd34d5cbe3384787d213b4a4ab556596026ec5c 358ab4500357efa8643948bf28957123bdffe8ff11417dfebf4247ea63a9faa5
CLIENT_TRAFFIC_SECRET_0 fdc475ece24f42488a75b5097fd34d5cbe3384787d213b4a4ab556596026ec5c e07ea2b6aedfca13050d1daae8ead0ef59f2946c61ed1d60e96d6335bb382f8b
CLIENT_EARLY_TRAFFIC_SECRET db67e302106de6aac10c61d07fa9d73a3ba1f7b00cfa6f89f61d86344227cf46 a48896cd8f3dda0ea573aff97c58987566bfb478f6cb79b971fa32f9f13d1f51
SERVER_HANDSHAKE_TRAFFIC_SECRET db67e302106de6aac10c61d07fa9d73a3ba1f7b00cfa6f89f61d86344227cf46 54c04410d974f047abe2491c30a48a0a61e271f999cafcf5a57e09f374d00d0a
CLIENT_HANDSHAKE_TRAFFIC_SECRET db67e302106de6aac10c61d07fa9d73a3ba1f7b00cfa6f89f61d86344227cf46 4f2195ec50b0cf4a8ef23a490e648566f46aea81cfecd9e13fb13fa09271ff55
SERVER_TRAFFIC_SECRET_0 db67e302106de6aac10c61d07fa9d73a3ba1f7b00cfa6f89f61d86344227cf46 241f25e34920ae131a7606598134ad6c99dbde2b74d64948ab039091e2f2d5e7
CLIENT_TRAFFIC_SECRET_0 db67e302106de6aac10c61d07fa9d73a3ba1f7b00cfa6f89f61d86344227cf46 5784e02a42f38a447b4a7858c60e34eccc6a007fa1bca14894f559608f63f99c
SERVER_HANDSHAKE_TRAFFIC_SECRET a0ad92f21dfed48a76f8571b755d7676ac9b107c70f8a691aa365347b93b7160 a3bad14870a899f7306fbebf20ee28d28ac7755d6554ad3ab9cb5f2d006cea0c
CLIENT_HANDSHAKE_TRAFFIC_SECRET a0ad92f21dfed48a76f8571b755d7676ac9b107c70f8a691aa365347b93b7160 f90b1c29d3460e1cab198efdcc24b43693e797583cbd35aa5416216cc6727175
SERVER_TRAFFIC_SECRET_0 a0ad92f21dfed48a76f8571b755d7676ac9b107c70f8a691aa365347b93b7160 c2f1992f65820f72b4814a46c6d83e509dc5313046c7058b4454493452fadfbc
CLIENT_TRAFFIC_SECRET_0 a0ad92f21dfed48a76f8571b755d7676ac9b107c70f8a691aa365347b93b7160 6eb22f888ffc44480e40e3019cca62c30c9e1728e8ddf9ddd2d4210eac6a5dfc
SERVER_HANDSHAKE_TRAFFIC_SECRET 24d0ca71255fc04e26d9b95afa5029d776e6448695b933c16c9bb1d5b1b98072 699e0a71e68518bf5570c6eb17f20309a8e8926de872540f9aafc8a61d8848c0
CLIENT_HANDSHAKE_TRAFFIC_SECRET 24d0ca71255fc04e26d9b95afa5029d776e6448695b933c16c9bb1d5b1b98072 4b870243de437840c673a88cddca75f6f62e2b2761eebd5a5d83c59d54abb8f3
SERVER_TRAFFIC_SECRET_0 24d0ca71255fc04e26d9b95afa5029d776e6448695b933c16c9bb1d5b1b98072 c9c379d22cbc2d97022fe2c12a2738b27cd1f86848a6379a528112c3eb3d792c
CLIENT_TRAFFIC_SECRET_0 24d0ca71255fc04e26d9b95afa5029d776e6448695b933c16c9bb1d5b1b98072 5966f385964e01ab4bba3be4f5f383953391c0a3fa7797c9009a6263a43b5edd
SERVER_HANDSHAKE_TRAFFIC_SECRET b49dd47edd385bf6c77dedc9a4bd0870a226de5c90a16a694d421b91d78c7c49 629abef86050dfb57d23eae4f62b28c6ff13543ce93efaf0c91d1c4b821a6c0e
CLIENT_HANDSHAKE_TRAFFIC_SECRET b49dd47edd385bf6c77dedc9a4bd0870a226de5c90a16a694d421b91d78c7c49 23cc0cf26f47f6a7c92503f8fe9e94747be32eb33be0d97597e0044b52d6ce11
SERVER_TRAFFIC_SECRET_0 b49dd47edd385bf6c77dedc9a4bd0870a226de5c90a16a694d421b91d78c7c49 ab8ccb0f4ebf0a1334a58ccdcc1e822319d9f1c44f734dd96ae8f0d94c2e1df6
CLIENT_TRAFFIC_SECRET_0 b49dd47edd385bf6c77dedc9a4bd0870a226de5c90a16a694d421b91d78c7c49 f20dbb602b032dbc6f828264fb734376e4a5d6e2d4127de8ef2652694e1b949e
SERVER_HANDSHAKE_TRAFFIC_SECRET 12b2e70ae2a5b4d18529ce7b96476e0cc8d5376c2431a9fcb05d1c8563d1099a 79a5a8ba41e44f0a59de64836a41f7c4285b829edaf6ab215d7397f1ccde32d8
CLIENT_HANDSHAKE_TRAFFIC_SECRET 12b2e70ae2a5b4d18529ce7b96476e0cc8d5376c2431a9fcb05d1c8563d1099a ef27c90807ecb067633d198035116a0c84bd830fb161f8058e11e416ae8b5dbf
SERVER_TRAFFIC_SECRET_0 12b2e70ae2a5b4d18529ce7b96476e0cc8d5376c2431a9fcb05d1c8563d1099a 20b621e48b012dec5e1822291f076e315920efdbd2d7a921a5d86a11845b04ec
SERVER_HANDSHAKE_TRAFFIC_SECRET 2a04116690ff1e9a76f6182748c142e746281cdac2856411209c4baa771aec38 71b98040a5ff3081f8e87307fc1ae6c6efdbf453de4301a2b23ca327186169df
CLIENT_HANDSHAKE_TRAFFIC_SECRET 2a04116690ff1e9a76f6182748c142e746281cdac2856411209c4baa771aec38 ee6332bc050febff9313091f00c5e7b9cda43c3a726d654996efe226c0f3d129
SERVER_TRAFFIC_SECRET_0 2a04116690ff1e9a76f6182748c142e746281cdac2856411209c4baa771aec38 5cd48025f381b2d5dc41b1a39fac86cf1ee8f0c63717e4a1949f24e786b46f8e
CLIENT_TRAFFIC_SECRET_0 2a04116690ff1e9a76f6182748c142e746281cdac2856411209c4baa771aec38 71a254fd8063eef45de606222e526727b34eac8a683e1599ec7cf668402254d1
SERVER_HANDSHAKE_TRAFFIC_SECRET 6acfe20fe1d770815c66692de980518bdc8963785f1fe49fae67b1abfba45458 00e86f2c9c535f98632631dfe723741def7e77b2bfa94fece1bd8a434b305c89
CLIENT_HANDSHAKE_TRAFFIC_SECRET 6acfe20fe1d770815c66692de980518bdc8963785f1fe49fae67b1abfba45458 e95c844278a75fb581bf97c074a8b8c6a42d5582652399e8eb329d26dffd2d08
SERVER_TRAFFIC_SECRET_0 6acfe20fe1d770815c66692de980518bdc8963785f1fe49fae67b1abfba45458 8350d4482b1a285bd6b692d1b8732f246f8e359f887a04de74b24a44abf5abbb
SERVER_HANDSHAKE_TRAFFIC_SECRET bdcd7770b393ae190674f7ded1cc63ec45c11ab2809033cdbe540d261e465096 9e77c06d383e6714fa12032af903716e15ba990e96d03491b84cceeed69c3278
CLIENT_HANDSHAKE_TRAFFIC_SECRET bdcd7770b393ae190674f7ded1cc63ec45c11ab2809033cdbe540d261e465096 13f78a39a8397e455d04d98982a8ace8d98ad2828af584dfac606c467aea9727
SERVER_TRAFFIC_SECRET_0 bdcd7770b393ae190674f7ded1cc63ec45c11ab2809033cdbe540d261e465096 0b3e2a6dc7832492e842428f87a2384137eb5d315a9f2020fd8454b76eeb3091
CLIENT_TRAFFIC_SECRET_0 bdcd7770b393ae190674f7ded1cc63ec45c11ab2809033cdbe540d261e465096 acd89ec0569fc5c9b0650df14aae1fe1b3f9b12057b4b9bf575ef1284cf2291e
CLIENT_EARLY_TRAFFIC_SECRET 112c635d2b13411f4dff3fe5af071caf09d587f5a3c786bafe857ac312a706d9 490a41105b7a65fdb7c52c9fe91bddece50749b8ed16d67655254c60f012e7ce
SERVER_HANDSHAKE_TRAFFIC_SECRET 112c635d2b13411f4dff3fe5af071caf09d587f5a3c786bafe857ac312a706d9 12438faa127fd4649c55189b28864e5dcbb22f5d1cc70785a250f8517727557b
CLIENT_HANDSHAKE_TRAFFIC_SECRET 112c635d2b13411f4dff3fe5af071caf09d587f5a3c786bafe857ac312a706d9 d43d55446ed2bce94b8c69806821c2baf2e3436fdd386501976ebdfc1da5385d
SERVER_TRAFFIC_SECRET_0 112c635d2b13411f4dff3fe5af071caf09d587f5a3c786bafe857ac312a706d9 cadb627e1f2d32ca923b58a10349346495906ff1cedda1e95089df444b9769ad
CLIENT_TRAFFIC_SECRET_0 112c635d2b13411f4dff3fe5af071caf09d587f5a3c786bafe857ac312a706d9 f66702df7ec89c526240ae63e76eb6583e9c37e690230a6b881eb037b3317d04
SERVER_HANDSHAKE_TRAFFIC_SECRET 3a433328db0a664aac122d15e30ca45a4b452ab664b00ad9b2f2eb3320bda069 b637f805126f1729420ec950cc75b930251b439832601d7de1fb611de19195b8
CLIENT_HANDSHAKE_TRAFFIC_SECRET 3a433328db0a664aac122d15e30ca45a4b452ab664b00ad9b2f2eb3320bda069 b619f7bee5d821275169c69bf8833cd4575d20737adfedcd1bb8aa8fdaec953e
SERVER_TRAFFIC_SECRET_0 3a433328db0a664aac122d15e30ca45a4b452ab664b00ad9b2f2eb3320bda069 af671e0a111f25b407c37e2922988dbdf721c5f2332921cbea90770ee6e1dff4
CLIENT_TRAFFIC_SECRET_0 3a433328db0a664aac122d15e30ca45a4b452ab664b00ad9b2f2eb3320bda069 01f342066ee76fb41f3748ce3a8df76248b4c91d317bb3d6c15c4795a4cbcdb6
SERVER_HANDSHAKE_TRAFFIC_SECRET 8ae6f06f0f734e9c315b2bc29d7b77074ffe733258bb48a831420e834e1d2a0d 6478115abee9b3c76f62d34d44cd7038d5fd72fa9dbe948e3f9324136af8cf15
CLIENT_HANDSHAKE_TRAFFIC_SECRET 8ae6f06f0f734e9c315b2bc29d7b77074ffe733258bb48a831420e834e1d2a0d 9f086f288eefb88cdff075f95488952e35fb78950f1d73d9966302883c94c92e
SERVER_TRAFFIC_SECRET_0 8ae6f06f0f734e9c315b2bc29d7b77074ffe733258bb48a831420e834e1d2a0d eb941efc3f69bd49ea1b4eb3ddfc93df36c8393db4cf88805376f4b6db00d57e
CLIENT_TRAFFIC_SECRET_0 8ae6f06f0f734e9c315b2bc29d7b77074ffe733258bb48a831420e834e1d2a0d 68adb3668994d1ab5dda22f6ab1736a38470e0945a3c63149ab2cc1ed2b0a79b
SERVER_HANDSHAKE_TRAFFIC_SECRET 2655be4af1fe0dbea59f2c70466c4e89b3499ec6a1596b965ad5f563fa7bfc7d d0ccf6078153262547315a707bdd4c162015f15fdf2cf089417d8b6cc1e6b706
CLIENT_HANDSHAKE_TRAFFIC_SECRET 2655be4af1fe0dbea59f2c70466c4e89b3499ec6a1596b965ad5f563fa7bfc7d 11ecb43343d7aab61f1162ac1eced50db2ff2a5954a60fbdb87b3ac4a544a4d2
SERVER_TRAFFIC_SECRET_0 2655be4af1fe0dbea59f2c70466c4e89b3499ec6a1596b965ad5f563fa7bfc7d 510f56c607542029933fda9364ef809c95111cb9f8d70e7c2d3f1d2d2dc640eb
CLIENT_TRAFFIC_SECRET_0 2655be4af1fe0dbea59f2c70466c4e89b3499ec6a1596b965ad5f563fa7bfc7d 7012bbaeb08ba10de47e0f64da9d67fd1a488c90c2e35d4d665d24bf0e03ebff
CLIENT_EARLY_TRAFFIC_SECRET e5e66bf455ad33ea326e48a8e09e5373aa6a51bbc3733aab480282a6dc990d91 b725bb2bb632fd9b6b76dcdd2a894bf962ec50088dc9f9164eca65d01d7b5cd0
SERVER_HANDSHAKE_TRAFFIC_SECRET e5e66bf455ad33ea326e48a8e09e5373aa6a51bbc3733aab480282a6dc990d91 c02ede46d5ab6df4af07eb61bf413cc1edb9728f964c5251e9d1456613590c14
CLIENT_HANDSHAKE_TRAFFIC_SECRET e5e66bf455ad33ea326e48a8e09e5373aa6a51bbc3733aab480282a6dc990d91 cacd99f784c7960332b509934bc750d9e043c20d13990f7c662ab835f11e493f
SERVER_TRAFFIC_SECRET_0 e5e66bf455ad33ea326e48a8e09e5373aa6a51bbc3733aab480282a6dc990d91 e339a83011f5b79055e9baa12840e34c0a506c6755bf7da5737082775106a2ec
CLIENT_TRAFFIC_SECRET_0 e5e66bf455ad33ea326e48a8e09e5373aa6a51bbc3733aab480282a6dc990d91 212d8c949d68dee28524a74fc0358314c64d7c393fe83547a9a5e4ff314bbfc9
SERVER_HANDSHAKE_TRAFFIC_SECRET e0c52c4a729d1661ee62aea46fd2a2f8681a3b18169ed69094948009a414e0f2 1c429c7db37f668216e11116106ffdc72e53a5824f83f0038869db7a6e512346
CLIENT_HANDSHAKE_TRAFFIC_SECRET e0c52c4a729d1661ee62aea46fd2a2f8681a3b18169ed69094948009a414e0f2 27b55f299843a5c2772ed359a61df67c90af2326b3b7911093339c55cac49637
SERVER_TRAFFIC_SECRET_0 e0c52c4a729d1661ee62aea46fd2a2f8681a3b18169ed69094948009a414e0f2 74d6b41a3be0486612ba4902aa4b46691069862e55f2fa8b2dcd0be5a044f40e
CLIENT_TRAFFIC_SECRET_0 e0c52c4a729d1661ee62aea46fd2a2f8681a3b18169ed69094948009a414e0f2 7368a098eaa7bf480a0a17bc4492412f6004a272cd8707b4316e31068aeceda7
CLIENT_EARLY_TRAFFIC_SECRET fa766ac91a5ce5efaf0bc5049a9f10193d350de8324bf4eabd7d6317c5943d7b 918f2753a5377ccbb1d5e90858337d1a4f82ef69975ecc8e2d27ff0e0b93dd84
SERVER_HANDSHAKE_TRAFFIC_SECRET fa766ac91a5ce5efaf0bc5049a9f10193d350de8324bf4eabd7d6317c5943d7b c99fcaa9ed77af9423e3cfe183f0f9ad5a5595971d6c9e2300fc274934594b63
CLIENT_HANDSHAKE_TRAFFIC_SECRET fa766ac91a5ce5efaf0bc5049a9f10193d350de8324bf4eabd7d6317c5943d7b 647df6efba74b28f2ac3451ed47cebabb9207770ffcdde05d23620708211d028
SERVER_TRAFFIC_SECRET_0 fa766ac91a5ce5efaf0bc5049a9f10193d350de8324bf4eabd7d6317c5943d7b 5c5ace480fb4ba1a895001271522427f6c835271e6231a241f4e4b3cf68ecd2b
CLIENT_TRAFFIC_SECRET_0 fa766ac91a5ce5efaf0bc5049a9f10193d350de8324bf4eabd7d6317c5943d7b 262827e2c9687e910cf18d22f6150c8d03929adc475d01e5300f226d25d8ec7d
SERVER_HANDSHAKE_TRAFFIC_SECRET 81e2a01f6ec0c622c07bc1e6788015a8a504f159ac58c510a803eb43290017e3 bd08b1666f29517b994f75af4c1de49f818aaa2fc4e8b6b36cff5214806ae68e
CLIENT_HANDSHAKE_TRAFFIC_SECRET 81e2a01f6ec0c622c07bc1e6788015a8a504f159ac58c510a803eb43290017e3 18ae9ddc21f3911603e9f749cc93d6b5e07c110a3d5690518d164a9cb6dd1090
SERVER_TRAFFIC_SECRET_0 81e2a01f6ec0c622c07bc1e6788015a8a504f159ac58c510a803eb43290017e3 b29bb06345a90d73d972f42d6494bb92b5cbc067b49c5c6015b41335eb54f35b
CLIENT_TRAFFIC_SECRET_0 81e2a01f6ec0c622c07bc1e6788015a8a504f159ac58c510a803eb43290017e3 6e86472f1aec876ab03e47dcf657db62b0958e4a1e82c9bb26bae0292d9eb75d
CLIENT_EARLY_TRAFFIC_SECRET 8524dc979cf20fcef293921b13a22cf43421079c0e1b71fce7dafa75b02e06a9 7df6dd2564ee67d3b2fe95406489020d4a224c0b6390f13aee34966164a7aaa3
SERVER_HANDSHAKE_TRAFFIC_SECRET 8524dc979cf20fcef293921b13a22cf43421079c0e1b71fce7dafa75b02e06a9 ffd8423c74f3a5fc3467b87c419252d49e05a4f1bc195371419d661167c3e2c1
CLIENT_HANDSHAKE_TRAFFIC_SECRET 8524dc979cf20fcef293921b13a22cf43421079c0e1b71fce7dafa75b02e06a9 19a149185894a6d8eaab82c8df0f51aa8c2db17a9a11acda1eabd88a71ede368
SERVER_TRAFFIC_SECRET_0 8524dc979cf20fcef293921b13a22cf43421079c0e1b71fce7dafa75b02e06a9 3907c3420bbf172d3b780bdcf70f689894aa9dc66ffa33f48628c7d64d4a7592
CLIENT_TRAFFIC_SECRET_0 8524dc979cf20fcef293921b13a22cf43421079c0e1b71fce7dafa75b02e06a9 444c868b297b05f5ef4bd39e6689353246f72ce55bec914a4fc735298477a001
SERVER_HANDSHAKE_TRAFFIC_SECRET a0a1bf27b8e2c9e71908e5d684aef79d9a6a137ac03f966aa720c7e7a7750f9e ebfdfc782aba3fdf93b0c80500ce62a8b8e9c46fdb4d8af677ab828fba49494c
CLIENT_HANDSHAKE_TRAFFIC_SECRET a0a1bf27b8e2c9e71908e5d684aef79d9a6a137ac03f966aa720c7e7a7750f9e 5d02a3df18db4eb4541d40351c20c3f71ad0d8e47dcc9d954b084f935d325e38
SERVER_TRAFFIC_SECRET_0 a0a1bf27b8e2c9e71908e5d684aef79d9a6a137ac03f966aa720c7e7a7750f9e 200d5f3f40ac019aca039bf49698d6f8d626a05b31c3714a7d1ccb7a6845a436
CLIENT_TRAFFIC_SECRET_0 a0a1bf27b8e2c9e71908e5d684aef79d9a6a137ac03f966aa720c7e7a7750f9e 248a0b4f57a60e5885c1ce39949122c06d98020a7c016c1f15565976f85c6330
CLIENT_EARLY_TRAFFIC_SECRET 1ebb467e95d8af58b2a28e3d853c1dddfb065249df960372155236b953e61d64 e99bced260e67275b2e8b75e71644d2e15051fdb807d2b7e0549be167e600497
SERVER_HANDSHAKE_TRAFFIC_SECRET 1ebb467e95d8af58b2a28e3d853c1dddfb065249df960372155236b953e61d64 0dd052a041d17baac86e985dbdcd7468c8ef0430fd3c3753ad3e11d369267c4f
CLIENT_HANDSHAKE_TRAFFIC_SECRET 1ebb467e95d8af58b2a28e3d853c1dddfb065249df960372155236b953e61d64 70bb66a6276fe920fc990976d5ae5ebedac4bad73f2e946ea674e884f494842d
SERVER_TRAFFIC_SECRET_0 1ebb467e95d8af58b2a28e3d853c1dddfb065249df960372155236b953e61d64 043bf5cb10df6f2418e958b489b44e80db4f78c900517c64f88eb612f4e33369
CLIENT_TRAFFIC_SECRET_0 1ebb467e95d8af58b2a28e3d853c1dddfb065249df960372155236b953e61d64 94820d622de3195b99f8aa4e7a857ac838b0b41d75b1a6b479d9953e249c052f
SERVER_HANDSHAKE_TRAFFIC_SECRET c4dbd7118fcb5c46e1384af4ae1e4fa4a2a9ed505609070a93387cfe1f5cbf93 c037466164b3b2b593c3766fe56fbbd7e6ac1919eb93e5a6e3be17867d1d175e
CLIENT_HANDSHAKE_TRAFFIC_SECRET c4dbd7118fcb5c46e1384af4ae1e4fa4a2a9ed505609070a93387cfe1f5cbf93 76122d85c01a69f1b412eb8c141a67842091f5e2fd58763dd7c342c46f2a2888
SERVER_TRAFFIC_SECRET_0 c4dbd7118fcb5c46e1384af4ae1e4fa4a2a9ed505609070a93387cfe1f5cbf93 11d4fc15a5fe648a1705836d0edfe0001cbf60f97fb46ff3013f3fcbd903fe8b
CLIENT_TRAFFIC_SECRET_0 c4dbd7118fcb5c46e1384af4ae1e4fa4a2a9ed505609070a93387cfe1f5cbf93 30bda68df32bb98a22f623807d6db90152f7bedd2d8895fe71b9934485bc4338
CLIENT_EARLY_TRAFFIC_SECRET 2d83cc7ac99759ce2fcac27e9b37b87baa9ce3b6359fc4b0ee19d549fe37c6cf 1e5cf302b94f28c34ca7a34290b48d4c03aafab46732759c44eb8e3e20d8ccf7
SERVER_HANDSHAKE_TRAFFIC_SECRET 2d83cc7ac99759ce2fcac27e9b37b87baa9ce3b6359fc4b0ee19d549fe37c6cf f8978636704e8d416d6dce501f39c6639cdff27b821799a4ab447cb049cea89b
CLIENT_HANDSHAKE_TRAFFIC_SECRET 2d83cc7ac99759ce2fcac27e9b37b87baa9ce3b6359fc4b0ee19d549fe37c6cf d7cb1905bccea9209bd5afa9e4c031ee561d53f8e91b84537488dc5a0f3cb038
SERVER_TRAFFIC_SECRET_0 2d83cc7ac99759ce2fcac27e9b37b87baa9ce3b6359fc4b0ee19d549fe37c6cf 26434e98c6e8630a590a0a515520411ab0a8a696db871b80cb55f0683917fde8
CLIENT_TRAFFIC_SECRET_0 2d83cc7ac99759ce2fcac27e9b37b87baa9ce3b6359fc4b0ee19d549fe37c6cf 73b2bc8ccce96e29f756290fefbc93bc56f61670390f97eb05919fcd269fe48a
SERVER_HANDSHAKE_TRAFFIC_SECRET 540f093e0e25dd0542ca6303e2647d81bcf595a186663ccad9a951e1f1523798 0932b27cb272e56dd5930f905daffe2eace46a8604e7b5f716fe45a2c35178d2
CLIENT_HANDSHAKE_TRAFFIC_SECRET 540f093e0e25dd0542ca6303e2647d81bcf595a186663ccad9a951e1f1523798 c791daa8f3021e07d5b101e24252eef25c32179534f1a27ec6021f09943e2ccf
SERVER_TRAFFIC_SECRET_0 540f093e0e25dd0542ca6303e2647d81bcf595a186663ccad9a951e1f1523798 a1dd2c0355a3592a0128884e9f4d04881c1db5decc84e0ca72ef978c7181db28
CLIENT_TRAFFIC_SECRET_0 540f093e0e25dd0542ca6303e2647d81bcf595a186663ccad9a951e1f1523798 f7f3356175cab7cc8a717b8aa93d6ccf47794239b4de8575f43c4ca5281ba43a
CLIENT_EARLY_TRAFFIC_SECRET c53cf375c2147d38fea69e5b3a80806ded282f4b68ecf7191185ead0b663482d 21ccc4e167c98fc5341a1eb7b17d6b7d0f095d60f4cca615f940af9e876951e1
SERVER_HANDSHAKE_TRAFFIC_SECRET c53cf375c2147d38fea69e5b3a80806ded282f4b68ecf7191185ead0b663482d 0592b8067130ca6d81eaa855fff3054289505fcbbead00165b9aa55573390ede
CLIENT_HANDSHAKE_TRAFFIC_SECRET c53cf375c2147d38fea69e5b3a80806ded282f4b68ecf7191185ead0b663482d 8b5611b5362425510acfa25b5827ed40e9e5c6797c51b5df80928c9ae77701e3
SERVER_TRAFFIC_SECRET_0 c53cf375c2147d38fea69e5b3a80806ded282f4b68ecf7191185ead0b663482d 376cd2827caaac4da4006229a8fca07b702ac61deb90b0f49d1786a640a7910d
CLIENT_TRAFFIC_SECRET_0 c53cf375c2147d38fea69e5b3a80806ded282f4b68ecf7191185ead0b663482d 1049cfc8497d95fa666c2a7885410305af9c236391ae12cdbc2fde8e4d8db559
SERVER_HANDSHAKE_TRAFFIC_SECRET d1d951d88e58be6b834162a019c6dcffd49f340165eb96100a66c4d3eb362c56 67e8c7add5619a9857e19652d16dc97888a39eeb4f58e9f01a404d9e46f6a662
CLIENT_HANDSHAKE_TRAFFIC_SECRET d1d951d88e58be6b834162a019c6dcffd49f340165eb96100a66c4d3eb362c56 d0fe4b31626859ddcfadf0c353b4a5640cef76c846283bf0f991e49441a865bb
SERVER_TRAFFIC_SECRET_0 d1d951d88e58be6b834162a019c6dcffd49f340165eb96100a66c4d3eb362c56 76dc5ee3a379199f807f63010a3043869354e6dc11d84268cbce3f15aabfdc95
CLIENT_TRAFFIC_SECRET_0 d1d951d88e58be6b834162a019c6dcffd49f340165eb96100a66c4d3eb362c56 f3048617059e33a19fadaa2713ab6c6c32196de66d6f4cfca98068994b57c43e
CLIENT_EARLY_TRAFFIC_SECRET 28155dae6c0021ac09a7137f0c2ffeb66e5da91646d60f0b23d9391ad9fbe668 f53d660934ac537487bd80a19d8141d84feacb9ca72d1733e9d795545dbf0e40
SERVER_HANDSHAKE_TRAFFIC_SECRET 28155dae6c0021ac09a7137f0c2ffeb66e5da91646d60f0b23d9391ad9fbe668 b196cae3b110b3e9660707bd83dd7834b023bff2bf4611cbc6999833839240b4
CLIENT_HANDSHAKE_TRAFFIC_SECRET 28155dae6c0021ac09a7137f0c2ffeb66e5da91646d60f0b23d9391ad9fbe668 ece0f9750180bdf5d9b26c05f2715e299eaf9da772183cc05b8c3e6b9c0b3df3
SERVER_TRAFFIC_SECRET_0 28155dae6c0021ac09a7137f0c2ffeb66e5da91646d60f0b23d9391ad9fbe668 960b7fd8b140d3e990ef8540a580ad7998b51dbd404ee98cf68541d899890d87
CLIENT_TRAFFIC_SECRET_0 28155dae6c0021ac09a7137f0c2ffeb66e5da91646d60f0b23d9391ad9fbe668 ddb57cb87d101d26f48f2db26ae478b8108274818c9205fe218f7cedf33fee0e
SERVER_HANDSHAKE_TRAFFIC_SECRET 87e9295b636a9e91f111b783b2c03e682a05abcceb37d8e67bbf6d2f94979ccd 9ad38e241d9d81e11f7b11ea1dbcaa8585cb0eddda0dfbf4945a83fd6199e32d
CLIENT_HANDSHAKE_TRAFFIC_SECRET 87e9295b636a9e91f111b783b2c03e682a05abcceb37d8e67bbf6d2f94979ccd a86be29fee5c4b250ac22dafc935475b882a519e18328da43fe06a2107365015
SERVER_TRAFFIC_SECRET_0 87e9295b636a9e91f111b783b2c03e682a05abcceb37d8e67bbf6d2f94979ccd ccd26c00c9e4feedd40d5bb0d10e159cb71ca981f34aa3fdc6f6c24acc72a689
CLIENT_TRAFFIC_SECRET_0 87e9295b636a9e91f111b783b2c03e682a05abcceb37d8e67bbf6d2f94979ccd 89f57af07acce5ea46a4473d909a1dbc9c0e1113f82b8cdaf663f6aa00d0a6f8
CLIENT_EARLY_TRAFFIC_SECRET e8df17766fa0972749a3d5632b6eb2ba10ffddcaf8c1a7b5568ea47698b4fd9f 5696797cc0cb5133819bf27f909f79f4c632dc9113424a1bc6d22958bae7e777
SERVER_HANDSHAKE_TRAFFIC_SECRET e8df17766fa0972749a3d5632b6eb2ba10ffddcaf8c1a7b5568ea47698b4fd9f 5243d927e8fa76527016ac5546a27dd738fe944e53bf1316e51db2ef1dfd5839
CLIENT_HANDSHAKE_TRAFFIC_SECRET e8df17766fa0972749a3d5632b6eb2ba10ffddcaf8c1a7b5568ea47698b4fd9f 2b88ff29522d2be4a3aa38cfa002d62bf5b26d7bb4665b2dd4c6219b345b9943
SERVER_TRAFFIC_SECRET_0 e8df17766fa0972749a3d5632b6eb2ba10ffddcaf8c1a7b5568ea47698b4fd9f c1199921af60263d2bedc15a168fc964b3a291fea8124c85817f115ee4781dc7
CLIENT_TRAFFIC_SECRET_0 e8df17766fa0972749a3d5632b6eb2ba10ffddcaf8c1a7b5568ea47698b4fd9f 86e902ecec8ad3a60d82b1db32b11943f5c7205f86c7964d7d5417e7e352be8f
SERVER_HANDSHAKE_TRAFFIC_SECRET 54f777543690a5f4f3b61c13b9044dcc9dac674b567921f6c9a843e1468a6814 f8b777b0b0de01ab996d0e16e2a61e31aa4545d0014fd886b0c7a0dc553a285d
CLIENT_HANDSHAKE_TRAFFIC_SECRET 54f777543690a5f4f3b61c13b9044dcc9dac674b567921f6c9a843e1468a6814 454ba6a666c61267a949e4091772e79f769ad51ff93e9ae770d48e6cdef05ba6
SERVER_TRAFFIC_SECRET_0 54f777543690a5f4f3b61c13b9044dcc9dac674b567921f6c9a843e1468a6814 02cd04477c9920fc4360a9c7de02ec4f0024b304543e52630f2d2a077b508060
CLIENT_TRAFFIC_SECRET_0 54f777543690a5f4f3b61c13b9044dcc9dac674b567921f6c9a843e1468a6814 d72de887810cb21562fe650b20815069ff13a69cd57f3f728134f66797e33b3b
CLIENT_EARLY_TRAFFIC_SECRET 55a8ec7e1f5c94c5b8f76126898a3e4a083e7e34993bbd64a89138fe15ee480a 707aec992c8537bb21680d38e1e80ccedd6aecb26cdfea5469f1affe5f207458
SERVER_HANDSHAKE_TRAFFIC_SECRET 55a8ec7e1f5c94c5b8f76126898a3e4a083e7e34993bbd64a89138fe15ee480a 64f8229b68400e3eb51c6948b5c6f995322f8278103305c3d4bd215572f2db8c
CLIENT_HANDSHAKE_TRAFFIC_SECRET 55a8ec7e1f5c94c5b8f76126898a3e4a083e7e34993bbd64a89138fe15ee480a 96e111b8e7f8e8ab39d8deac0b77b576eefb89da08638e101da2a9d2285e5786
SERVER_TRAFFIC_SECRET_0 55a8ec7e1f5c94c5b8f76126898a3e4a083e7e34993bbd64a89138fe15ee480a fe36a6bf7057a22c81958f77d16bc0f01ebb0538cf4d19f3fd8331bef3c894ed
CLIENT_TRAFFIC_SECRET_0 55a8ec7e1f5c94c5b8f76126898a3e4a083e7e34993bbd64a89138fe15ee480a 50c51963f414749e500906f4f4628a0d37a2e75385eca46c6a9606ba775c1dd8
SERVER_HANDSHAKE_TRAFFIC_SECRET 865393893bcbd8c66493ee70157fe70198b50f7f71c95b8dca49a5f39a69940c 2a82cbe5ad7cc253e7425f697e3c55ee2d741d50bd6277161b80fed3109ef047
CLIENT_HANDSHAKE_TRAFFIC_SECRET 865393893bcbd8c66493ee70157fe70198b50f7f71c95b8dca49a5f39a69940c 0f4b11d8bfb73be64313c400bd371908e0e7c2353c833340986b7e8ff2ccd9d8
SERVER_TRAFFIC_SECRET_0 865393893bcbd8c66493ee70157fe70198b50f7f71c95b8dca49a5f39a69940c a0ee4e41dd03107499628c169499ac6866881917c3eb1ba9bbf6154e9300fd54
CLIENT_TRAFFIC_SECRET_0 865393893bcbd8c66493ee70157fe70198b50f7f71c95b8dca49a5f39a69940c de4092c0ca92d289c2004c727c19ff2b47303ae3ef6dde1119e64dbc1d58d766
CLIENT_EARLY_TRAFFIC_SECRET 7f53f40b97daa9af84aad2de53b7c889a587a36f8425ea7a7cd5f84420181b3a fc439d2c7558e245acd8e347e8ca065aec45436165563619b5d67c0472ff2138
SERVER_HANDSHAKE_TRAFFIC_SECRET 7f53f40b97daa9af84aad2de53b7c889a587a36f8425ea7a7cd5f84420181b3a 02d81ded86037612a5effe8001ca2ae09817e0c05df95093b8f99230ea429b2b
CLIENT_HANDSHAKE_TRAFFIC_SECRET 7f53f40b97daa9af84aad2de53b7c889a587a36f8425ea7a7cd5f84420181b3a bd425f0d2be7dbd3acc90a2ef242f1672dcc43ce29727b2af45252ed6ac508c7
SERVER_TRAFFIC_SECRET_0 7f53f40b97daa9af84aad2de53b7c889a587a36f8425ea7a7cd5f84420181b3a 3160d9139784b085c2e30bf57c8a02e54f5246ba468ea254813c9f496a4d1db4
SERVER_HANDSHAKE_TRAFFIC_SECRET b8aa2f494ba0053fcc6b0e3ff721e0014cc067f664ad3529cd12fa14eeef5d4e c2e324590880e533c2b2bb4e7b417f25d13218d13cd31fb6f25284226c1927c5
CLIENT_HANDSHAKE_TRAFFIC_SECRET b8aa2f494ba0053fcc6b0e3ff721e0014cc067f664ad3529cd12fa14eeef5d4e 008a2bf34463ccbc6187a808acb4ce10a7395ca03a3c4717262642ac3f5933fe
SERVER_TRAFFIC_SECRET_0 b8aa2f494ba0053fcc6b0e3ff721e0014cc067f664ad3529cd12fa14eeef5d4e 05b9e8272e85e8df92c731e90eeebd1bf220dfbb867a8ef638053f06ce11da30
CLIENT_TRAFFIC_SECRET_0 b8aa2f494ba0053fcc6b0e3ff721e0014cc067f664ad3529cd12fa14eeef5d4e 06fd73c1e659aea7334a7324b39486cedb0edbc9d88f2ee226e4469a44999e8c
CLIENT_EARLY_TRAFFIC_SECRET be8cd063d75ca4aecff2c16c611a58387a61b485efde5deb0213bbf57a44d972 d7aaf5434d8de02c4bbc7124cf9a473543ede2d791f915525684e6bc84ccffba
SERVER_HANDSHAKE_TRAFFIC_SECRET be8cd063d75ca4aecff2c16c611a58387a61b485efde5deb0213bbf57a44d972 ac99c144fed280fbe5ea19a09f31b0b870293ae213d88596983e2f0a1dfe664b
CLIENT_HANDSHAKE_TRAFFIC_SECRET be8cd063d75ca4aecff2c16c611a58387a61b485efde5deb0213bbf57a44d972 b878cc1beca793e4308732a28f66d2ba33a29e72c2f80c62b81c9c98bda9a18e
SERVER_TRAFFIC_SECRET_0 be8cd063d75ca4aecff2c16c611a58387a61b485efde5deb0213bbf57a44d972 1f679e2106d621ddb5609d72b9f834a5cdd0e4a290c197fc4e6c49cf213ee844
CLIENT_TRAFFIC_SECRET_0 be8cd063d75ca4aecff2c16c611a58387a61b485efde5deb0213bbf57a44d972 eb7ffa72a4b7a5547475b7b317d91bf38ef60610b7a3423c6419402aa78d7896
SERVER_HANDSHAKE_TRAFFIC_SECRET 64d8dbc15cbdbcb0394ff555c5c67cd4b1d2c8e3d08b89680e4c1d9eb70feaab c9968050493bb85b4a0a6d381711c00df9f787e0a3bef096faf1e4b5ee66792d
CLIENT_HANDSHAKE_TRAFFIC_SECRET 64d8dbc15cbdbcb0394ff555c5c67cd4b1d2c8e3d08b89680e4c1d9eb70feaab 37b5061f105b2ea0c6909f734f0650d18e7da62b4aa6526d8a8f400a67df62de
SERVER_TRAFFIC_SECRET_0 64d8dbc15cbdbcb0394ff555c5c67cd4b1d2c8e3d08b89680e4c1d9eb70feaab 3a964c2c0f63365d557aeee93a009eb9395cd76374d7d97b9afd3bff242646f5
CLIENT_TRAFFIC_SECRET_0 64d8dbc15cbdbcb0394ff555c5c67cd4b1d2c8e3d08b89680e4c1d9eb70feaab 6621083c8ed66eb4b42e906685866ddbcb05ea8411ebca5671f2e00ec63f868f
CLIENT_EARLY_TRAFFIC_SECRET 0621151e373b1aea61a22856c40b2cbd86a8813b551caad6aded420723a7e7f0 fb8172fea5996d536b74d15c1db98dd80b2e820ecbe611fddcef2d8c999b2aeb
SERVER_HANDSHAKE_TRAFFIC_SECRET 0621151e373b1aea61a22856c40b2cbd86a8813b551caad6aded420723a7e7f0 1a1bcd5a60272784edd0552b3486d6030855b3ef950b1e25cb062688f4245f4b
CLIENT_HANDSHAKE_TRAFFIC_SECRET 0621151e373b1aea61a22856c40b2cbd86a8813b551caad6aded420723a7e7f0 24779bc1843508d1e2df99478d9438c482f27e6fb028cb586087eb927a6714fc
SERVER_TRAFFIC_SECRET_0 0621151e373b1aea61a22856c40b2cbd86a8813b551caad6aded420723a7e7f0 a2f3687e2d80fe10197bb524c50d05202e3cf5a01eaefce579c91802901c5912
CLIENT_TRAFFIC_SECRET_0 0621151e373b1aea61a22856c40b2cbd86a8813b551caad6aded420723a7e7f0 5491128e3e5688e0ce18627aecca631b8efed7a27a1c6b4e1533cb2a8a592dec
SERVER_HANDSHAKE_TRAFFIC_SECRET 5aacab614b9aa7342e8ec06ba0d0a88dcbb202a19fa097ea932eae13d3a5263e 6edba2cf0733cc39ee50624f4284489bae2daa59942db35f86827e60c77bc87a
CLIENT_HANDSHAKE_TRAFFIC_SECRET 5aacab614b9aa7342e8ec06ba0d0a88dcbb202a19fa097ea932eae13d3a5263e 5e65349b27ba8f6b18abf3ba4ac3ad4f2ff7665019106b605dafe2e0a99494ae
SERVER_TRAFFIC_SECRET_0 5aacab614b9aa7342e8ec06ba0d0a88dcbb202a19fa097ea932eae13d3a5263e f4d28e22319e399f4008799882ba470c921ae90d07dcdb6fa95b8e9b69157608
CLIENT_TRAFFIC_SECRET_0 5aacab614b9aa7342e8ec06ba0d0a88dcbb202a19fa097ea932eae13d3a5263e f574cd2b70e03856bf3a3361640c524ab740320bd6af7d4c7b766d6ca272e7c7
CLIENT_EARLY_TRAFFIC_SECRET 28d41301b06a32f6ae55f1404d042140aed829a149c1dd8897a2cb54f1e7413a d7fd335647e02c3414d103f16b38aa296497b5a1c01cb435f02656d12577c94b
SERVER_HANDSHAKE_TRAFFIC_SECRET 28d41301b06a32f6ae55f1404d042140aed829a149c1dd8897a2cb54f1e7413a e32b1d8f9505cc27857e2d67f49e795bd7015ad373aaa4499e387be46f735cf7
CLIENT_HANDSHAKE_TRAFFIC_SECRET 28d41301b06a32f6ae55f1404d042140aed829a149c1dd8897a2cb54f1e7413a c7e1ed51b5a9b351648c830089d026a6e9f38d0eb3b0b6d9640d3eb44182e28c
SERVER_TRAFFIC_SECRET_0 28d41301b06a32f6ae55f1404d042140aed829a149c1dd8897a2cb54f1e7413a 09c55163279af99714a37c4777729eff9a6ba98402cd34c7055580f8436d80f6
SERVER_HANDSHAKE_TRAFFIC_SECRET 41aa2798570b8cde4aab5bbf345993c9fe7557a2958935ee519e685e1dbfc598 367781ec9a27c166549cb01b4ebba1e255aa2d6f83b224800f996e76627f2053
CLIENT_HANDSHAKE_TRAFFIC_SECRET 41aa2798570b8cde4aab5bbf345993c9fe7557a2958935ee519e685e1dbfc598 bb1d72f69814f9c01e6315e5c052519653d930a5e09e77bd748bdae1cff84f76
SERVER_TRAFFIC_SECRET_0 41aa2798570b8cde4aab5bbf345993c9fe7557a2958935ee519e685e1dbfc598 b7cf26460c5fe103e4918ee99c3633a0e78e1faac1d045bbd7056c9bc6acce3d
CLIENT_TRAFFIC_SECRET_0 41aa2798570b8cde4aab5bbf345993c9fe7557a2958935ee519e685e1dbfc598 b49ccce258881e6a4f9b6618600793bd81047b24a4d27596dcb7b7ab744050ae
CLIENT_EARLY_TRAFFIC_SECRET f014aecaa60be7a29359b00b5f2e5038971ed28a4205bde9c5914c6d7104844c 93f7bbd084e85d8cbef10634de8a101452aedd594b30ece78a1563aac8bddd24
SERVER_HANDSHAKE_TRAFFIC_SECRET f014aecaa60be7a29359b00b5f2e5038971ed28a4205bde9c5914c6d7104844c 4df8a3ebbec2391e59523d10a61835cc7f10275fd5671d82710736ea45e39cda
CLIENT_HANDSHAKE_TRAFFIC_SECRET f014aecaa60be7a29359b00b5f2e5038971ed28a4205bde9c5914c6d7104844c a65be83af06f7328d3ec4d6122e569e417c2f993e95329abad01ee98dd397fc4
SERVER_TRAFFIC_SECRET_0 f014aecaa60be7a29359b00b5f2e5038971ed28a4205bde9c5914c6d7104844c db79c0241f8ec198e27e9ada3fff44f8d686ffb55e0f21f9e55e08d3a0a19687
CLIENT_TRAFFIC_SECRET_0 f014aecaa60be7a29359b00b5f2e5038971ed28a4205bde9c5914c6d7104844c 544367e8074337f12b2696a8098e67aabeb66b8382f788462e720237de961f8f
SERVER_HANDSHAKE_TRAFFIC_SECRET 4393f0d8db4eac520af40ca857aa19371ba3b8fe87de46ef92ba1542e484335a 28d03696893079e8d7d36607358b22ddf8952e3b3040064a62de23ec03f2fe5f
CLIENT_HANDSHAKE_TRAFFIC_SECRET 4393f0d8db4eac520af40ca857aa19371ba3b8fe87de46ef92ba1542e484335a bfdd1efb27ca8c8db787b4c4848a8ceb0794affd1e0a8b5e2900f0b114aaea19
SERVER_TRAFFIC_SECRET_0 4393f0d8db4eac520af40ca857aa19371ba3b8fe87de46ef92ba1542e484335a 564aa9af5ed0f1e105e8643894a9d3033228784f0b2ebd93d7a83072d2faa2f9
CLIENT_TRAFFIC_SECRET_0 4393f0d8db4eac520af40ca857aa19371ba3b8fe87de46ef92ba1542e484335a 55ebb713df58bd577ef7125dc3e750f7fd9853ac79f53557f1120bd0a9dc4a5b
CLIENT_EARLY_TRAFFIC_SECRET 9bbef6ea3c92717fb9bd0b8e57fe7b9b82c991e4b638208b8de7730a261a71f7 23fec828019e2763cb07ac9012208a77a178ff8c8c177a002b9dbb1de4fefac2
SERVER_HANDSHAKE_TRAFFIC_SECRET 9bbef6ea3c92717fb9bd0b8e57fe7b9b82c991e4b638208b8de7730a261a71f7 5d4a42a35e7e66649c8012e8c82100a7754e2f88cc8e3167a5c88b17fcaa3d3b
CLIENT_HANDSHAKE_TRAFFIC_SECRET 9bbef6ea3c92717fb9bd0b8e57fe7b9b82c991e4b638208b8de7730a261a71f7 fdbd3074b3e3445aa54fd5de4a45bca91d2aea1c5d8c7f2ce5552b98ba0b36a1
SERVER_TRAFFIC_SECRET_0 9bbef6ea3c92717fb9bd0b8e57fe7b9b82c991e4b638208b8de7730a261a71f7 bab8d2592bb773b48ea2a8402d13ba14cb24c615486d3c5760b91c4db2f3fb29
CLIENT_TRAFFIC_SECRET_0 9bbef6ea3c92717fb9bd0b8e57fe7b9b82c991e4b638208b8de7730a261a71f7 a4891fc931cfb70a0ae15dafb63506f1cb045fbe9106e0c16764f1158f8df097
SERVER_HANDSHAKE_TRAFFIC_SECRET bb1a5e3dc2b4c6b5f1f14bf0284f289bbf387c4fe9b8993071b9dfc0af71f2cb b3150679d5445345a25aaee2b5f407e0af6e075664b4c3f300ef327d8664f1d2
CLIENT_HANDSHAKE_TRAFFIC_SECRET bb1a5e3dc2b4c6b5f1f14bf0284f289bbf387c4fe9b8993071b9dfc0af71f2cb 04168ae6564cb83c8c0fa40dde76b860bc05087d4fd0573cf4e4a15ee5a38021
SERVER_TRAFFIC_SECRET_0 bb1a5e3dc2b4c6b5f1f14bf0284f289bbf387c4fe9b8993071b9dfc0af71f2cb 5d88a04204ca71057da2fbcf323fa65349ad78b95d26a3f0b638f9c934ecf8a8
CLIENT_TRAFFIC_SECRET_0 bb1a5e3dc2b4c6b5f1f14bf0284f289bbf387c4fe9b8993071b9dfc0af71f2cb eb1bf0bd4d85201ebc43bec1d7eb57448e804e084c15720fb20fbcb7e4cb9ad6
CLIENT_EARLY_TRAFFIC_SECRET 4d625179d54320e13738200277033b663a7a2c7d8aa0eaf3da7cfe5c4138f790 85829b8f061c6ebb21b64aeb5c406d9839c86fdcec06cc967b7a878e518f6375
SERVER_HANDSHAKE_TRAFFIC_SECRET 4d625179d54320e13738200277033b663a7a2c7d8aa0eaf3da7cfe5c4138f790 a364b382b7a74c5d75d8449b355c0da2a01b989add8e9a813922eb81e3d6acdb
CLIENT_HANDSHAKE_TRAFFIC_SECRET 4d625179d54320e13738200277033b663a7a2c7d8aa0eaf3da7cfe5c4138f790 778e1a52a87321ffc6460fa6d0628f837b19c125b129d251193bf2f7eaede8e8
SERVER_TRAFFIC_SECRET_0 4d625179d54320e13738200277033b663a7a2c7d8aa0eaf3da7cfe5c4138f790 457c5a5851a376298e2f3fe18a9d9c274f9b8e8c0c5d8202071d2ed9c35426f0
CLIENT_TRAFFIC_SECRET_0 4d625179d54320e13738200277033b663a7a2c7d8aa0eaf3da7cfe5c4138f790 b5bf2d3604fc51917d4781bd79f1bba79052e3c8cf1dfa45af265d27b80324f1
SERVER_HANDSHAKE_TRAFFIC_SECRET 829db52e7bcab6065fb9910e789b1f68f6440931b4041a8cef8b809e43f1fe3e a8627c999f8efbecd2a4f308495576c0a48f7f9c1e3579a6bdf37925eb462e61
CLIENT_HANDSHAKE_TRAFFIC_SECRET 829db52e7bcab6065fb9910e789b1f68f6440931b4041a8cef8b809e43f1fe3e ca3d1714d460594d1abd388b1d5aa66cf762c3e41cadb50df93937ac5a737e19
SERVER_TRAFFIC_SECRET_0 829db52e7bcab6065fb9910e789b1f68f6440931b4041a8cef8b809e43f1fe3e a027efdebb6ad99b66d8cf5dd3c9994312a871ee77f98c81574f4836b344ff9b
CLIENT_TRAFFIC_SECRET_0 829db52e7bcab6065fb9910e789b1f68f6440931b4041a8cef8b809e43f1fe3e 913621e6994d8201368f531774c812ef6e5d68c60067332225ba378f0990ff3d
SERVER_HANDSHAKE_TRAFFIC_SECRET 0d3467b89ffa2a6c77e9ffab96341cb5e5968fb064a0c981d12b03b0c75e3430 709a97ae7b88dc2bf2c5398eaf2a1bd6efb2c437840464f9cbd77de8bac8e34f
CLIENT_HANDSHAKE_TRAFFIC_SECRET 0d3467b89ffa2a6c77e9ffab96341cb5e5968fb064a0c981d12b03b0c75e3430 90e3e8d6a95b37c471a2756d9e6576d0ee31e97a7df9a8e4070cefcf65d34714
SERVER_TRAFFIC_SECRET_0 0d3467b89ffa2a6c77e9ffab96341cb5e5968fb064a0c981d12b03b0c75e3430 35c7d3e4f3ada567635018a5a1b29193dd8d397541853b81a4af1eb9bd1eb0a8
SERVER_HANDSHAKE_TRAFFIC_SECRET a38ae079361b2925662101a0690f2e053fc9d1734db2a61e4f9df345b8f90acb 0e3ff421f8c0b53ee1ef04e275a43a8e76c83f123965335bf7c7acc4e1d61943
CLIENT_HANDSHAKE_TRAFFIC_SECRET a38ae079361b2925662101a0690f2e053fc9d1734db2a61e4f9df345b8f90acb 30d02a601326f58f526c8587fe7133233cbc69f88c2d52b1d37a78c0bdedabcf
SERVER_TRAFFIC_SECRET_0 a38ae079361b2925662101a0690f2e053fc9d1734db2a61e4f9df345b8f90acb 05a66af4012179f1155427f919c52ad5e8ffd5a510e1a254c5991a62d0ca772b
CLIENT_TRAFFIC_SECRET_0 a38ae079361b2925662101a0690f2e053fc9d1734db2a61e4f9df345b8f90acb 8ec395cde25103b38df1bca82f4deb149ae72962eb33bc86ac3fa9485c254e5b
SERVER_HANDSHAKE_TRAFFIC_SECRET 672d5d23e86b6b8abaa31d9bc33b46fa3ef6eea8ac771abb0f0bd7a185f19040 c80cefa54f32bd4955c4dbdaf8b0b745c946ae8067a1fc8b87dc04f146a5be1c
CLIENT_HANDSHAKE_TRAFFIC_SECRET 672d5d23e86b6b8abaa31d9bc33b46fa3ef6eea8ac771abb0f0bd7a185f19040 e8cd85c5bfddfa335e6332bb8e746984bb022738207d7a5fa0697bdaa65d06a5
SERVER_TRAFFIC_SECRET_0 672d5d23e86b6b8abaa31d9bc33b46fa3ef6eea8ac771abb0f0bd7a185f19040 13c97934a08f3c842857892fc37903c76235e3b1906f14c6bd21417d0b42a895
CLIENT_TRAFFIC_SECRET_0 672d5d23e86b6b8abaa31d9bc33b46fa3ef6eea8ac771abb0f0bd7a185f19040 cd21661aebaa550243d8ea7fb33292c2b71acd05a7d5da1b574a28ce9adb1e85
SERVER_HANDSHAKE_TRAFFIC_SECRET a2b7d931291a193f94633687b4baa40a10dcc63d37a52cae116bfbac0883c2af a5d8de2fcd945a9bc394a9c16d455b4aa3cad9a1000b1c1f9f9ba81047c28a1c
CLIENT_HANDSHAKE_TRAFFIC_SECRET a2b7d931291a193f94633687b4baa40a10dcc63d37a52cae116bfbac0883c2af f8b47af00d0ec2f6010be7b5216a5bed42d0ef1aff2a81178febb57e03c0f9f6
SERVER_TRAFFIC_SECRET_0 a2b7d931291a193f94633687b4baa40a10dcc63d37a52cae116bfbac0883c2af 37a90d2b8094930135ed6cb7423e9993a4b45a49efcbf11f752d842c2a1c2a0d
CLIENT_TRAFFIC_SECRET_0 a2b7d931291a193f94633687b4baa40a10dcc63d37a52cae116bfbac0883c2af 549e39db73dbbe4a2ef0a1e91179e433bd54020438ea25dedce89bdfbd004a5f
SERVER_HANDSHAKE_TRAFFIC_SECRET 957ace5d5b3347703c66569696d9da0044705c4f98b9c23dc8cb3369d674977d f3dab8eac1045c517c41d3679ffb5c01ff2612d21bb2bf28390b2ac78c874b82
CLIENT_HANDSHAKE_TRAFFIC_SECRET 957ace5d5b3347703c66569696d9da0044705c4f98b9c23dc8cb3369d674977d ffff72a9435e8274bb9f842346fd9def45e77c4cfdc44d8e45274b04b38623ac
SERVER_TRAFFIC_SECRET_0 957ace5d5b3347703c66569696d9da0044705c4f98b9c23dc8cb3369d674977d 7caa70c1b9090114808b97500c570ea5765d7bb36ed226309145aef891b22e71
CLIENT_TRAFFIC_SECRET_0 957ace5d5b3347703c66569696d9da0044705c4f98b9c23dc8cb3369d674977d e380522354e31b103d547501f0e7a1c026b857fec11166c79cbb3294ebf1cd06
SERVER_HANDSHAKE_TRAFFIC_SECRET 9374fb701fd2a34aad87930cd19755ddfc04981cd966c3d0abcf0508e71211ab 9bc8edbb812b4dbf6fcc62b0f429f8803f179488dc8607aef49861441d967d75
CLIENT_HANDSHAKE_TRAFFIC_SECRET 9374fb701fd2a34aad87930cd19755ddfc04981cd966c3d0abcf0508e71211ab 3dea5bd271956cb816fcd2e830827a1d7b04936a407caf76350f0836f6730d41
SERVER_TRAFFIC_SECRET_0 9374fb701fd2a34aad87930cd19755ddfc04981cd966c3d0abcf0508e71211ab c8e043d48fb2fb442533ad3aca2e9373d9dcbecd29fb421942deb76dc96e6502
CLIENT_TRAFFIC_SECRET_0 9374fb701fd2a34aad87930cd19755ddfc04981cd966c3d0abcf0508e71211ab 9a0efb5f7f5cba58ce5737b621041ea4fbdb6dde2176636ac31aede599f60439
CLIENT_EARLY_TRAFFIC_SECRET 4d9c05f2c72208338c48ec09fded0c1e2c54560a156ffea8e01680d3657940c1 6881dc57c68769366b25306cdc63a47d167a810c4fce33a3218fc7312fe8cf94
SERVER_HANDSHAKE_TRAFFIC_SECRET 4d9c05f2c72208338c48ec09fded0c1e2c54560a156ffea8e01680d3657940c1 fb3eabf9cfedfc056c511687628cf20c7b88cd7d1272c4d7a93531f499f2cc29
CLIENT_HANDSHAKE_TRAFFIC_SECRET 4d9c05f2c72208338c48ec09fded0c1e2c54560a156ffea8e01680d3657940c1 e17af997ca545060235c3fdb999a07a5f665b029a7ddb51f71e85524e3394d2f
SERVER_TRAFFIC_SECRET_0 4d9c05f2c72208338c48ec09fded0c1e2c54560a156ffea8e01680d3657940c1 cdf91cfeda6346cb46aaedbd8a942cc4143576a69e6d6512011dfb8845f0095d
CLIENT_TRAFFIC_SECRET_0 4d9c05f2c72208338c48ec09fded0c1e2c54560a156ffea8e01680d3657940c1 0beb63a48d11cdccaa19f90b52c3f4b0dc54559ff212b2460c16c3ef9b8ede7b
SERVER_HANDSHAKE_TRAFFIC_SECRET 2f2f5f3d9662e414cc27e4f2707f12684484dad5a72348eb465c08b714cc24cd 6e485024190a85cdba4f19dc4bb96be18c2a915a9a4600a4b01527de61de1e1d
CLIENT_HANDSHAKE_TRAFFIC_SECRET 2f2f5f3d9662e414cc27e4f2707f12684484dad5a72348eb465c08b714cc24cd bcb6dcb999db7ad8607d81d3116bd128b5dd65a08b5fc954a7e2007cb6f258b1
SERVER_TRAFFIC_SECRET_0 2f2f5f3d9662e414cc27e4f2707f12684484dad5a72348eb465c08b714cc24cd 89fa40f324a5088e281f5b47e084735c1e8af570777da732ff297a4c0115485b
CLIENT_TRAFFIC_SECRET_0 2f2f5f3d9662e414cc27e4f2707f12684484dad5a72348eb465c08b714cc24cd 97ac8a37d08fb68ab83257bd8cb13d2672f6f926b3743a08b2971e3ac209bbff
CLIENT_EARLY_TRAFFIC_SECRET 2090d29af50c9505894792cf72454b26381d5653ad24e255bd9affa3323eb28b 23d644adeca58102075382a6d49243f854d0e9acb814f8f7a141d0f0fcf8e96a
SERVER_HANDSHAKE_TRAFFIC_SECRET 2090d29af50c9505894792cf72454b26381d5653ad24e255bd9affa3323eb28b 0ca16232312b5284ccd003a5ba6ada1aafcc4a965a6d17dc797b1121b5703a84
CLIENT_HANDSHAKE_TRAFFIC_SECRET 2090d29af50c9505894792cf72454b26381d5653ad24e255bd9affa3323eb28b 01ccd005786375f3f12e21921153888d663fd2809f8bdaa9283a22274762de4d
SERVER_TRAFFIC_SECRET_0 2090d29af50c9505894792cf72454b26381d5653ad24e255bd9affa3323eb28b f192057b2c915e2ca5c57ec1fc2b0f18350536f9a9ae50d1a1c03a12de1772ee
CLIENT_TRAFFIC_SECRET_0 2090d29af50c9505894792cf72454b26381d5653ad24e255bd9affa3323eb28b 4adde20307059cbba2138364d8af1d860020de3559401a444a801427d4ad4d6b
SERVER_HANDSHAKE_TRAFFIC_SECRET 5922b0abc25645f36f39c91277fb008018108f36b002ad574a1faa605c742398 d8701b81ad100331d877d9d4c28aaec67b4811eec8b3c7be2be292247f04bf98
CLIENT_HANDSHAKE_TRAFFIC_SECRET 5922b0abc25645f36f39c91277fb008018108f36b002ad574a1faa605c742398 63b435eaf0f9fdb462ea96ee1af9acd59db8005c211e1189ead2bc5e6434b941
SERVER_TRAFFIC_SECRET_0 5922b0abc25645f36f39c91277fb008018108f36b002ad574a1faa605c742398 26439b727af1950fe673a935c79733b0f9b89e4d926055376e24d92c42bf85bd
CLIENT_TRAFFIC_SECRET_0 5922b0abc25645f36f39c91277fb008018108f36b002ad574a1faa605c742398 3d5ed0e5f8ccd9f3df94fd540632d4f55ccfce567eb99cd05ae862ca3e9acf9d
CLIENT_EARLY_TRAFFIC_SECRET f02ee62bcf3a1174e11512aa0e4b613534e4021446fa015e203f42f0225c364e b3cfeca16a32b242262e3b81b2730890e30bfb1b4da461326c4b496d132a8474
SERVER_HANDSHAKE_TRAFFIC_SECRET f02ee62bcf3a1174e11512aa0e4b613534e4021446fa015e203f42f0225c364e fa38028656b148f39b315d714eb94b50c6cd67987f560db0b96f40401811bfd2
CLIENT_HANDSHAKE_TRAFFIC_SECRET f02ee62bcf3a1174e11512aa0e4b613534e4021446fa015e203f42f0225c364e f8597a2851b2695c2ba59f60e3792451be31fd0806ab447b7739c11de78118d1
SERVER_TRAFFIC_SECRET_0 f02ee62bcf3a1174e11512aa0e4b613534e4021446fa015e203f42f0225c364e ac629894ca076c94fbc83bc698d444e18c5b3d3d69528c5411cb11d7efba359f
CLIENT_TRAFFIC_SECRET_0 f02ee62bcf3a1174e11512aa0e4b613534e4021446fa015e203f42f0225c364e ba57f4661e3e628710dc1389d3009d58006357e0a9e5a5f9228848ce37b284ab
SERVER_HANDSHAKE_TRAFFIC_SECRET 398dfac0157a860394f79258564200b775060dc1ce5f8316f8c4aa16a2af5466 4596a07757ea2c82ae009db42ad2bd3519f5d1e924dbf70c57827809bceefa38
CLIENT_HANDSHAKE_TRAFFIC_SECRET 398dfac0157a860394f79258564200b775060dc1ce5f8316f8c4aa16a2af5466 beb811bc84b16596e45ba6d0f90f81e4406bc23f09d170aef54ba956eea2c3bc
SERVER_TRAFFIC_SECRET_0 398dfac0157a860394f79258564200b775060dc1ce5f8316f8c4aa16a2af5466 ce2cf7de8cf8e12556a9229310f44c64d6a4c58d9ab4e1d70916f14aa23b2a5a
CLIENT_TRAFFIC_SECRET_0 398dfac0157a860394f79258564200b775060dc1ce5f8316f8c4aa16a2af5466 785ac34e0eff6514d0b3306846c3d40bb32d73ae9a0ba18f90b365dae9307bd8
CLIENT_EARLY_TRAFFIC_SECRET d5190dfc8795bd60037038d76228134ed84d52b423ae05d3ef01de14da3ac779 31900ed525655d3b8fed66cb854384a264689590e6e37cf03acb91c54b05fde3
SERVER_HANDSHAKE_TRAFFIC_SECRET d5190dfc8795bd60037038d76228134ed84d52b423ae05d3ef01de14da3ac779 6bbdcdee1629253d5f84d853b6368aa16afb710e1af8ebe6eca3091bef3bbfa1
CLIENT_HANDSHAKE_TRAFFIC_SECRET d5190dfc8795bd60037038d76228134ed84d52b423ae05d3ef01de14da3ac779 1d1058a3efca2816aafaf645078f19a5dde83bb2de6d79f472c3e73455c4296c
SERVER_TRAFFIC_SECRET_0 d5190dfc8795bd60037038d76228134ed84d52b423ae05d3ef01de14da3ac779 aac00b73b82cd6504c2010b9aadadfd7fee236b7309a5334d191a61637aaa202
CLIENT_TRAFFIC_SECRET_0 d5190dfc8795bd60037038d76228134ed84d52b423ae05d3ef01de14da3ac779 3e0439d2a8c6a1d2f2985bb9d2269654572dd97b8fd29de940ca68fc728215be
SERVER_HANDSHAKE_TRAFFIC_SECRET 51609d6eec9845103211e7a3c1f1f19d483ac018ec828335774b99bb385eff07 068066797f75bec43a5a93f904649bb84546696704ac7630fe27cdbd2287e277
CLIENT_HANDSHAKE_TRAFFIC_SECRET 51609d6eec9845103211e7a3c1f1f19d483ac018ec828335774b99bb385eff07 7a54a0fb317349816352126d58ec68cdf2e2a220c9c6b7de57af821f25bca60c
SERVER_TRAFFIC_SECRET_0 51609d6eec9845103211e7a3c1f1f19d483ac018ec828335774b99bb385eff07 4b99977810d7bcbe33034a4ce65b4c1fb2e6a2036ecd3650d890bd2e11c568f3
CLIENT_TRAFFIC_SECRET_0 51609d6eec9845103211e7a3c1f1f19d483ac018ec828335774b99bb385eff07 35b629cbd2be21cdc393d7802d367a3409971c5459e458a5153c0badc43bbf98
SERVER_HANDSHAKE_TRAFFIC_SECRET 22132d1f37f977dc0b0966d78651150ba0a68bcba860c43cfaffb672c9a8884e 3a14aab3346b70835be41406bdad565078a4d8fd09fcc77624217bfc57708d96
CLIENT_HANDSHAKE_TRAFFIC_SECRET 22132d1f37f977dc0b0966d78651150ba0a68bcba860c43cfaffb672c9a8884e 8348bc17c220497a5932694851459ac4cb103a4365d006084abd0273541910e1
SERVER_TRAFFIC_SECRET_0 22132d1f37f977dc0b0966d78651150ba0a68bcba860c43cfaffb672c9a8884e e1c752648b44c94f063fa0051e0f558c6a61047d45caf91005514f703f826936
CLIENT_TRAFFIC_SECRET_0 22132d1f37f977dc0b0966d78651150ba0a68bcba860c43cfaffb672c9a8884e 49fef6cdd6058bfca77d6ad9c8742311993492de9f8c82e3cab69fc9fde20918
SERVER_HANDSHAKE_TRAFFIC_SECRET a4b1dda9e8d1ec97e41416052b33a17f56560289c0eb13752594c7bc1eb13dcf ed1c4c9559c92c08c7c22670fe1d95f799e6a02987b619c829954428c3159a81
CLIENT_HANDSHAKE_TRAFFIC_SECRET a4b1dda9e8d1ec97e41416052b33a17f56560289c0eb13752594c7bc1eb13dcf 63b7c10cff9be17861b6ca6dc11458c6a9944227525fa845f78f03840fe4cfd3
SERVER_TRAFFIC_SECRET_0 a4b1dda9e8d1ec97e41416052b33a17f56560289c0eb13752594c7bc1eb13dcf b007c20e12c0158123db3a870a6c92811b98b9b3a127be09f6c7d3885bc618d8
SERVER_HANDSHAKE_TRAFFIC_SECRET 783cbb48fd1af1b9a0f3f199310d90d78656c41877c498898472dfbd39f722ef 4aad63023ce01bb711c682489ba602312589dc4326cc6ca75e82ffe6853dceda
CLIENT_HANDSHAKE_TRAFFIC_SECRET 783cbb48fd1af1b9a0f3f199310d90d78656c41877c498898472dfbd39f722ef c615e0714c677edb026cdc1674858f406863e6d7e216818a591779d996af049d
SERVER_TRAFFIC_SECRET_0 783cbb48fd1af1b9a0f3f199310d90d78656c41877c498898472dfbd39f722ef 80ad604fbafd346b01bee6a500f952535e7eb01611a795b86681bc511449b6cd
CLIENT_TRAFFIC_SECRET_0 783cbb48fd1af1b9a0f3f199310d90d78656c41877c498898472dfbd39f722ef 4e51e68bf8253f2d50a0530fb3a1cb64fa1099dc16f8aeb352bac9a73aa8fe42
SERVER_HANDSHAKE_TRAFFIC_SECRET 0786fd16975bd85c26041dd9aad9b45df598e40af7a4b9faa51250c1c677d4f1 a8d4c62dabd6521afe542c61197bdf4e8f2a60b4256bffac5716eb494e52cf0c
CLIENT_HANDSHAKE_TRAFFIC_SECRET 0786fd16975bd85c26041dd9aad9b45df598e40af7a4b9faa51250c1c677d4f1 630367638fa932dfe8534afe2f3aacd312a3ab3bb2d873057be783c3b46766b1
SERVER_TRAFFIC_SECRET_0 0786fd16975bd85c26041dd9aad9b45df598e40af7a4b9faa51250c1c677d4f1 c37eabf9dade5b87aeadfd88fb28167df8f27a538dd188ccd8a9cfd2291576a4
CLIENT_TRAFFIC_SECRET_0 0786fd16975bd85c26041dd9aad9b45df598e40af7a4b9faa51250c1c677d4f1 d1a98bf83a8f756d7992dcb61e799b39feef92a138243eb35690b7d927f7d2e6
SERVER_HANDSHAKE_TRAFFIC_SECRET 5d4f82edd0a9312af6cd3b7cb3e9aac637b3bf6f9561f87006cde302a10f002c 37c855b7d35b728a1c7c2de0e2a0b307831a61d3a9a4a241c781eeca41cecb25
CLIENT_HANDSHAKE_TRAFFIC_SECRET 5d4f82edd0a9312af6cd3b7cb3e9aac637b3bf6f9561f87006cde302a10f002c 84d4e5db1046f32835e63494ba8b3e907a0020086a04120baa93941843c454f9
SERVER_TRAFFIC_SECRET_0 5d4f82edd0a9312af6cd3b7cb3e9aac637b3bf6f9561f87006cde302a10f002c 5766088181bad1ee25461aa44c4fd6eea52e5bda0f5da9face7818ede35f6436
CLIENT_TRAFFIC_SECRET_0 5d4f82edd0a9312af6cd3b7cb3e9aac637b3bf6f9561f87006cde302a10f002c 7b6889802d53641b6b01da9bd9e6216ab4a069d049d7a29d0046d415a9005b17
SERVER_HANDSHAKE_TRAFFIC_SECRET b486b635c60330c474a7a58b8d276ff6c4294ac3672d3cc03c9abdfbe74f4c19 95ce31ee527a1ddeabfbd6961de607836dbd33b4bc0992851cc0f86b25fafc3b
CLIENT_HANDSHAKE_TRAFFIC_SECRET b486b635c60330c474a7a58b8d276ff6c4294ac3672d3cc03c9abdfbe74f4c19 1576411742ee64292feaa69b67b54937ae0b0fe71e715cdeb2e55efc9573081e
SERVER_TRAFFIC_SECRET_0 b486b635c60330c474a7a58b8d276ff6c4294ac3672d3cc03c9abdfbe74f4c19 0def78759f80e384c37540b0991ac5f3fd41702faad9d9b3f7167b52c8056721
CLIENT_TRAFFIC_SECRET_0 b486b635c60330c474a7a58b8d276ff6c4294ac3672d3cc03c9abdfbe74f4c19 74bfd34de43f3d9393600c708667174855efeb3b0a625235978bc6ec95b0cc60
CLIENT_EARLY_TRAFFIC_SECRET 3896ffdd298d9ee2352be25ad5c88b38ef6b92dd51b7a1ac6b29fc02031a6df8 651d91adcbc496d6e23877103a1e0aaf2b245f357a6e35df4c28b79bae3c445a
SERVER_HANDSHAKE_TRAFFIC_SECRET 3896ffdd298d9ee2352be25ad5c88b38ef6b92dd51b7a1ac6b29fc02031a6df8 774a79830b817ca317d8228c8bd2f0912387915773415bd4e8b9e93dbe91d9fc
CLIENT_HANDSHAKE_TRAFFIC_SECRET 3896ffdd298d9ee2352be25ad5c88b38ef6b92dd51b7a1ac6b29fc02031a6df8 4003e76e7346635e7a3ca16093e0cc128f20613a5e4b47382916e2477f806f44
SERVER_TRAFFIC_SECRET_0 3896ffdd298d9ee2352be25ad5c88b38ef6b92dd51b7a1ac6b29fc02031a6df8 bbfe02a26b1686c5be464daf5f9acae9bb8871e8ead13efb35e4a12af3810bd9
CLIENT_TRAFFIC_SECRET_0 3896ffdd298d9ee2352be25ad5c88b38ef6b92dd51b7a1ac6b29fc02031a6df8 7c1f3582451443353c4a98f5296c78fcc7c31675ed8fe33b3128b854c09dde81
SERVER_HANDSHAKE_TRAFFIC_SECRET 0e4f59ae01bc783203a19a4327844c6ba8c5c82f156518fae0ffba18ad811ca0 d8eab9249dd6ccc675f94bf4538f4b5d7296bbc87cfa72e34ea0072e73606c3a
CLIENT_HANDSHAKE_TRAFFIC_SECRET 0e4f59ae01bc783203a19a4327844c6ba8c5c82f156518fae0ffba18ad811ca0 8ef130c6695251992d9f917f5d24774bcfc81ef43c1b22e43fb811d02141dd25
SERVER_TRAFFIC_SECRET_0 0e4f59ae01bc783203a19a4327844c6ba8c5c82f156518fae0ffba18ad811ca0 200590bcd4e61596fe118d13f023ff1e5674400536a48ffa08307713972060dc
CLIENT_TRAFFIC_SECRET_0 0e4f59ae01bc783203a19a4327844c6ba8c5c82f156518fae0ffba18ad811ca0 b713353fb0cfdbe20f707674158d0657295d63fbebbb7b732a4d695aa7444083
SERVER_HANDSHAKE_TRAFFIC_SECRET de80dd40065547bff5197eef349c56bc3ae5ee833b3e6cfee70e2f712c27e9b0 c14dc7e3cb70c2fa534b53f5437f3583116b9bb944e16e54d98471e2a3c14591
CLIENT_HANDSHAKE_TRAFFIC_SECRET de80dd40065547bff5197eef349c56bc3ae5ee833b3e6cfee70e2f712c27e9b0 dcb5023f14c235c18eef5f07ed8b91fdbe602c5e23ea9359786938ae3c750a83
SERVER_TRAFFIC_SECRET_0 de80dd40065547bff5197eef349c56bc3ae5ee833b3e6cfee70e2f712c27e9b0 12b40f548818b19e27f223392e16f9aaf623a5a626f3d60845b413f6690d2c01
CLIENT_TRAFFIC_SECRET_0 de80dd40065547bff5197eef349c56bc3ae5ee833b3e6cfee70e2f712c27e9b0 be83bd11f88ac4d0b9ec93ae40ff25685cc9b799fbe5e34b74a9b36498ccbcf5
SERVER_HANDSHAKE_TRAFFIC_SECRET 4dae5768c726a572e54a79734e2125cc8939e4c1cf2ba60ace40c62d8395baed 4566ed4f3bf51def0a1c11ca8a5dff4e12dfa604b1e56839fe8ac4da50eb7a71
CLIENT_HANDSHAKE_TRAFFIC_SECRET 4dae5768c726a572e54a79734e2125cc8939e4c1cf2ba60ace40c62d8395baed ccb61dad746f7bb0492f541183b60131582367d3c2ff802909b3d8967fa1a91a
SERVER_TRAFFIC_SECRET_0 4dae5768c726a572e54a79734e2125cc8939e4c1cf2ba60ace40c62d8395baed 7b3ec01c0503fb16db852da36ce7bba970338433c33e0aa41dfed9e52d688e5b
CLIENT_TRAFFIC_SECRET_0 4dae5768c726a572e54a79734e2125cc8939e4c1cf2ba60ace40c62d8395baed fdeb2523881005fb3cdc47227b2992b734a55e8f267a3a18447899b85a1fee07
SERVER_HANDSHAKE_TRAFFIC_SECRET 80d8c3831c1a57cb8ac0db059185d6369eb1d42026057cacfc3f196a94848c79 a69e0a092f604fb4e575b2e1857446194c5a75f38abd215850e1f8ba437ad8a8
CLIENT_HANDSHAKE_TRAFFIC_SECRET 80d8c3831c1a57cb8ac0db059185d6369eb1d42026057cacfc3f196a94848c79 432b9e8354ca30f12b104755710d71e603b4489927c605887229178311c155da
SERVER_TRAFFIC_SECRET_0 80d8c3831c1a57cb8ac0db059185d6369eb1d42026057cacfc3f196a94848c79 b30d3efe795cec3fd9dca155be367024c194d04a3baaa4370c1a893d7eb33c3c
CLIENT_TRAFFIC_SECRET_0 80d8c3831c1a57cb8ac0db059185d6369eb1d42026057cacfc3f196a94848c79 1152a120b74a74be926b0cb1451540e27673e678d5afc5fa441a7b43e7a68aae
SERVER_HANDSHAKE_TRAFFIC_SECRET 764402e01a44b40eb480fa40d00094a461cd76d0936a7fdaf961a37efce55ec9 8ccea5ae4d4780551887ccf2732f2a7ee54f7efe2844f8158062df693b0b4a96
CLIENT_HANDSHAKE_TRAFFIC_SECRET 764402e01a44b40eb480fa40d00094a461cd76d0936a7fdaf961a37efce55ec9 41133a174d6b08c1b543d4fb87eb5974adfe42d71e3126aebea37eb24c199a3a
SERVER_TRAFFIC_SECRET_0 764402e01a44b40eb480fa40d00094a461cd76d0936a7fdaf961a37efce55ec9 ca978f3f7e41872bf62dd51a38a54ff859586241e8409db0e840b09b11761d18
CLIENT_TRAFFIC_SECRET_0 764402e01a44b40eb480fa40d00094a461cd76d0936a7fdaf961a37efce55ec9 a5ce719071c839e785b73705ab9dc9181dd2264914216ed59ea5a03f108a1a97
SERVER_HANDSHAKE_TRAFFIC_SECRET e655c5cfc05cd986d3986180366af818f7769c239dbc857051e45e823f4cf9fa 75b86f726d088456ae94ff3976f125f718601d991ce2969de6aaeff699cb824b
CLIENT_HANDSHAKE_TRAFFIC_SECRET e655c5cfc05cd986d3986180366af818f7769c239dbc857051e45e823f4cf9fa 0d11c630533be017197e33986b6fc12e812b42749c9e9cce86a75516aa74865a
SERVER_TRAFFIC_SECRET_0 e655c5cfc05cd986d3986180366af818f7769c239dbc857051e45e823f4cf9fa 9b039a0f5437a14fcbbf112aab037af9f9a4948b65b96445327ab3f7fe04dc02
CLIENT_TRAFFIC_SECRET_0 e655c5cfc05cd986d3986180366af818f7769c239dbc857051e45e823f4cf9fa 9d48abc2fdd432bd2df7b9ab3cf66bd3470bb42b84c98f78b102167f054f399a
SERVER_HANDSHAKE_TRAFFIC_SECRET 6085725b7ccbc3273119c7437faffa0064aed9175989020ecb30ca7b514827ec 378bcc41f217dd6ffe71b604c0068abac53b6674eebabff6f197fc10f0e24453716a26c15944af4bdb3bb9ed61c75fb1
CLIENT_HANDSHAKE_TRAFFIC_SECRET 6085725b7ccbc3273119c7437faffa0064aed9175989020ecb30ca7b514827ec 385ed36c5ddf0d01cdda5aa38008a2d3f836b0dea26087689bf89dde1c158b35cc2ac4ed720832a7992fe98135849b5d
SERVER_TRAFFIC_SECRET_0 6085725b7ccbc3273119c7437faffa0064aed9175989020ecb30ca7b514827ec 153abb98e0c1357589e9dec99098a2916a92eb3e20612575431b994c58c81052c11216d736306d4dc558825fcc4ddc44
CLIENT_TRAFFIC_SECRET_0 6085725b7ccbc3273119c7437faffa0064aed9175989020ecb30ca7b514827ec 704da2d15237bd7085d6c02e0486c99f05cb03649da54d2efe24193f211eb56737d295ab8c7b0a2addff2d2fa79faace
CLIENT_EARLY_TRAFFIC_SECRET c1cd3b293e703efeb555189706b520b7afdb25b75dc162f38db31f70739e9b02 724417ad0aa458073de427a420ee7e9b05d5931efe42e7b7753ec5309b77386ca06b3ae85394b4e70345978bc6c62657
SERVER_HANDSHAKE_TRAFFIC_SECRET c1cd3b293e703efeb555189706b520b7afdb25b75dc162f38db31f70739e9b02 51e9d3121f9aa016e7c2a47a0baa79215728af4b1bcef0074251c9ad2d17504b020c535df8ceba39979193ad224bc766
CLIENT_HANDSHAKE_TRAFFIC_SECRET c1cd3b293e703efeb555189706b520b7afdb25b75dc162f38db31f70739e9b02 f5ff4cd4ea3dbb16025cd7015f2b65a7ba9a9c2eab81c7628c3754eb1e90f901c39001574bdda48aeefd72fb7f0812da
SERVER_TRAFFIC_SECRET_0 c1cd3b293e703efeb555189706b520b7afdb25b75dc162f38db31f70739e9b02 c83341c3f320d49d2da901b9b6d5c691eda4ef1cd4c9581452ab65ad5cd9f443de81e2d7cf1951e63d7d15eb11b5e302
CLIENT_TRAFFIC_SECRET_0 c1cd3b293e703efeb555189706b520b7afdb25b75dc162f38db31f70739e9b02 e982a632cf96607d2ff34e6b4dde005dd85d8d53581b38da7d1d39e94e79d670ec9cc22f575de5c25d291b264f25a7ab
SERVER_HANDSHAKE_TRAFFIC_SECRET ccdc5551608ac1c1818f5ef24c0a14b795b3d1acb61120bb6d9dea331a734a1e 038e1728145302fce80ed678dfcbf5973113ef24cbd1768f9913e40400cf233c1fb2545d9c114fa0eebaa296acf566a4
CLIENT_HANDSHAKE_TRAFFIC_SECRET ccdc5551608ac1c1818f5ef24c0a14b795b3d1acb61120bb6d9dea331a734a1e d206033f808a25e54bc572b9f044edce8e1d9731ead5b77411a290d5dfb5ef6fde8fd220dd8b464bc9a2f194e11db2bf
SERVER_TRAFFIC_SECRET_0 ccdc5551608ac1c1818f5ef24c0a14b795b3d1acb61120bb6d9dea331a734a1e 0e5f0617ce23b691c24f3ef5bfbe4d8244298f76f2daf6bd3d6b68a8e489222581f83072c756dbe4dca024792cc973b8
CLIENT_TRAFFIC_SECRET_0 ccdc5551608ac1c1818f5ef24c0a14b795b3d1acb61120bb6d9dea331a734a1e 996f46bb3225b56575050a328be9149720cae73bf33fd3e108822657f58925960dfbb30b30092e57976d10889d790aac
CLIENT_EARLY_TRAFFIC_SECRET 464a19082f4afa2aa6151b5bffbb5f65060fb9d4b0328b7bbedc73b2937064e3 a5ba9284e3dcaa7962b9639aef9c37e0bf5c12ecbf9e6a74d83ea1ec0bc14f67296947e7afcd33f81995b4c9c486287b
SERVER_HANDSHAKE_TRAFFIC_SECRET 464a19082f4afa2aa6151b5bffbb5f65060fb9d4b0328b7bbedc73b2937064e3 eb87362e92fdb51d37e43a49f38448c0317ea970e4d58ac38a4b3ca9c3548b9ab7f7fc4b65b5e9b62d257e62972a71ae
CLIENT_HANDSHAKE_TRAFFIC_SECRET 464a19082f4afa2aa6151b5bffbb5f65060fb9d4b0328b7bbedc73b2937064e3 04b4864f46193778d187470a09113e3931d5ac65bc4d387d1a9db235348c5038ff07df3c24e0c4f0c9f31926227a7888
SERVER_TRAFFIC_SECRET_0 464a19082f4afa2aa6151b5bffbb5f65060fb9d4b0328b7bbedc73b2937064e3 2f7c5c4b411ab029526447f63332ede7c7593ff8aec031e72a218add21f33ac64633e10bdb8c1cefbd3023b8522298d9
CLIENT_TRAFFIC_SECRET_0 464a19082f4afa2aa6151b5bffbb5f65060fb9d4b0328b7bbedc73b2937064e3 f29667eb292a671b4afbe057519a3404ed4109be5b5d41aa97d44de269f4adae99ea7c6f62367f5683351562b3a9b8a0
SERVER_HANDSHAKE_TRAFFIC_SECRET 188600b47536bcbf077f6da3a9d9e87d766e0ac0d253c7c331eef59acec4d83f 07602379b25f987fdb20a990d90e6a35f1487b5eb9b09e6c13dac06a6f33a7b37c67e7c6f1e616387419d9558d378a8e
CLIENT_HANDSHAKE_TRAFFIC_SECRET 188600b47536bcbf077f6da3a9d9e87d766e0ac0d253c7c331eef59acec4d83f bd4255fe720548756554ac17080debc5ca60646b34fafb6d4b351153c0b645f2760fdb500fa975fc8ce4701f6ee95120
SERVER_TRAFFIC_SECRET_0 188600b47536bcbf077f6da3a9d9e87d766e0ac0d253c7c331eef59acec4d83f 5be8fae8884dc73b61c29668f381ca9d840118c10093daed4049856da19e51f8266ae01f0c9b0a7847fe4a8ede1ea8cd
CLIENT_TRAFFIC_SECRET_0 188600b47536bcbf077f6da3a9d9e87d766e0ac0d253c7c331eef59acec4d83f dfefcf7b715746eac83943fde295d1ca68e1932e82d31c823c0e9d1b41183efada79543af6272ff3a386d42ba75734cc
CLIENT_EARLY_TRAFFIC_SECRET 803cdc7648827cd29b5e143e73ef2e77339ca3363a65f471705ea8e4aeee71d3 965cf9ebc7de9c0f8d66c967aad5f7bca8ebee65a396fa32c7598fafcd924901ebb64630d109080386b757fb945020e5
SERVER_HANDSHAKE_TRAFFIC_SECRET 803cdc7648827cd29b5e143e73ef2e77339ca3363a65f471705ea8e4aeee71d3 68f1b695f25e45556e9d729f3123fec1f7410f53171a273b329d7221b617155482913df517612e2117a6b730c08eb590
CLIENT_HANDSHAKE_TRAFFIC_SECRET 803cdc7648827cd29b5e143e73ef2e77339ca3363a65f471705ea8e4aeee71d3 7382961c2b2859b1a12cdadc8c989a782cfb95522b6678ca296dde4e22926ea7e94ff26e3fd720337ab8977af7c8cded
SERVER_TRAFFIC_SECRET_0 803cdc7648827cd29b5e143e73ef2e77339ca3363a65f471705ea8e4aeee71d3 79f7797ea01321d5981b3d07ec236ff1596e2031889f643ac176c7d6bb08d3e883cb783aaca1401634ea3a3c91175aed
CLIENT_TRAFFIC_SECRET_0 803cdc7648827cd29b5e143e73ef2e77339ca3363a65f471705ea8e4aeee71d3 6c58309f80c6aff1e1a7ea72f5441ea04f090b507ffd347a120972d3073ec2baa5026469ed5c71efa295b1f4e02dfd97
SERVER_HANDSHAKE_TRAFFIC_SECRET ec4f2b2df70fcbd8e654ca2b96b77ea2b654859ca45979371a0d821ea0ebece6 532eeb4a294a735b432890717c477487417bb509f188768cfc3fc13a5cdf8506
CLIENT_HANDSHAKE_TRAFFIC_SECRET ec4f2b2df70fcbd8e654ca2b96b77ea2b654859ca45979371a0d821ea0ebece6 f149f34313c523371e7610d7be40c3a332db29c985d82f3db0f49c1e811e9359
SERVER_TRAFFIC_SECRET_0 ec4f2b2df70fcbd8e654ca2b96b77ea2b654859ca45979371a0d821ea0ebece6 d1bde55bee49b7fc659b3e9a852fb76e15b17dd131153e817cab439c9144a612
CLIENT_TRAFFIC_SECRET_0 ec4f2b2df70fcbd8e654ca2b96b77ea2b654859ca45979371a0d821ea0ebece6 d83b0786b344d453bb3c85bf918cd8ba5652b59bfbc0efe5c30ef7a35a3f8c74
SERVER_HANDSHAKE_TRAFFIC_SECRET 359c6e360b8112d5da9dc54a42430cbea6e5fdaaf18fb0e5737797ed7003b24d 2a4562f288cb514fa4651dc04fe10aeee7e124e1d039f26bd69d779fa4792ea2
CLIENT_HANDSHAKE_TRAFFIC_SECRET 359c6e360b8112d5da9dc54a42430cbea6e5fdaaf18fb0e5737797ed7003b24d 4c14e875e2716a07eaf4e5e167c83adb04fb6ea5c10ed9b4d36229d516f5a41a
SERVER_TRAFFIC_SECRET_0 359c6e360b8112d5da9dc54a42430cbea6e5fdaaf18fb0e5737797ed7003b24d 2c273094f5b30bf9b8874ad824be765f20b7274cb7d513e906bb6f003a89a8c5
CLIENT_TRAFFIC_SECRET_0 359c6e360b8112d5da9dc54a42430cbea6e5fdaaf18fb0e5737797ed7003b24d 03f3b905b6771257dec9eb15f1547ed41f573f12f37372b53eb51e56674d6565
SERVER_HANDSHAKE_TRAFFIC_SECRET a5ef605200f954e53ebe119481682fe28c0dcc06e02029d23566c389f4e57eec 79b38bfebd8219879f6a68c1dec6f7a4bcf62fdf45b59ac630c338bd92a0acb5
CLIENT_HANDSHAKE_TRAFFIC_SECRET a5ef605200f954e53ebe119481682fe28c0dcc06e02029d23566c389f4e57eec 6f6ab1948154e22211d6618726352f54a2c7edc3eecb5ed764a9b09971c70fd9
SERVER_TRAFFIC_SECRET_0 a5ef605200f954e53ebe119481682fe28c0dcc06e02029d23566c389f4e57eec 3652bcb5d122a56e5e88665a481519011fda843ebe7155ff2ce565b099aab254
CLIENT_TRAFFIC_SECRET_0 a5ef605200f954e53ebe119481682fe28c0dcc06e02029d23566c389f4e57eec 985bfac08a0e4dd21a02728534f82d42da08273969f1109ea665fda9d1d1da36
SERVER_HANDSHAKE_TRAFFIC_SECRET fd476daebfd1544db2a4c6ff9ad8f4d46f62d87008ade05e0f34fd594385aafc cec3c60a3b96bd751847a2ae0f914bac148869e751640beb8fb7d4f9b7a1252f
CLIENT_HANDSHAKE_TRAFFIC_SECRET fd476daebfd1544db2a4c6ff9ad8f4d46f62d87008ade05e0f34fd594385aafc 54b461a9ba973094de0800038a9872ddd7de374b9483ae65e860bb2541e432c4
SERVER_TRAFFIC_SECRET_0 fd476daebfd1544db2a4c6ff9ad8f4d46f62d87008ade05e0f34fd594385aafc c46f67b9906ac7ae80f3c35dd631f92418e7e7594165b3753b0f1e7461c9538b
CLIENT_TRAFFIC_SECRET_0 fd476daebfd1544db2a4c6ff9ad8f4d46f62d87008ade05e0f34fd594385aafc 635d151366db3fb1a61b24a00a5a79bb3bfa3df6cf29d175ff5a4deb5eb560a7
SERVER_HANDSHAKE_TRAFFIC_SECRET 91a2db57360b3e7a1e75a5de602ab4c148499f28d0cdabe4c7e5cc3c8e93368c 4a0dc73a754d639b78a74b38cbb87f0fa6b01ee7baacc71a03b69391a7790dcf
CLIENT_HANDSHAKE_TRAFFIC_SECRET 91a2db57360b3e7a1e75a5de602ab4c148499f28d0cdabe4c7e5cc3c8e93368c dc2262293d25cb19af84831812082be3b97be3cb2d01920ca3b5c80285be4884
SERVER_TRAFFIC_SECRET_0 91a2db57360b3e7a1e75a5de602ab4c148499f28d0cdabe4c7e5cc3c8e93368c 40f2f118a339a458834323942add5ac9eb4cea80821e12d01c8345ce0ed47f61
CLIENT_TRAFFIC_SECRET_0 91a2db57360b3e7a1e75a5de602ab4c148499f28d0cdabe4c7e5cc3c8e93368c ebccbf594734b5f877dd9c78f4cbe216a8f963402724c8dd1f7dd67b05ccd9dd
SERVER_HANDSHAKE_TRAFFIC_SECRET 49fb7466d2b0cdfc9da60d5ac4aae44dc23c0987789e7553c0a71c16797b8504 0cb736ffd98e9f29a022bb495ce36d0285b4268277294489195ceeae9cf9b24d
CLIENT_HANDSHAKE_TRAFFIC_SECRET 49fb7466d2b0cdfc9da60d5ac4aae44dc23c0987789e7553c0a71c16797b8504 c5ec6f572851bee8effe95ba236633e51bc1c7cbe103ffd15ed52a1b8500afb3
SERVER_TRAFFIC_SECRET_0 49fb7466d2b0cdfc9da60d5ac4aae44dc23c0987789e7553c0a71c16797b8504 90165d3c8688792914a23c94c9910e4bca5b085e47e238ea896ef5587c413b64
CLIENT_TRAFFIC_SECRET_0 49fb7466d2b0cdfc9da60d5ac4aae44dc23c0987789e7553c0a71c16797b8504 7fd4bd14ced8ce2884a2adbca660cff52728bd3c66c5aa26f5b2526a5f9e87a5
SERVER_HANDSHAKE_TRAFFIC_SECRET b77f264054e15e11b13f0d201fc26f133d15fa7c5d44db47182fb8051bf7607f b13bba58b7672a6a7cbf26a8281d5d731a47c7537792cf13a4c382ee9c2ab3ff
CLIENT_HANDSHAKE_TRAFFIC_SECRET b77f264054e15e11b13f0d201fc26f133d15fa7c5d44db47182fb8051bf7607f 292af54a43314f5078f7aac8f203237ea09d8959bdcd9925f3260664ebb3c2f0
SERVER_TRAFFIC_SECRET_0 b77f264054e15e11b13f0d201fc26f133d15fa7c5d44db47182fb8051bf7607f 9b9c1813c26f72d5c4fd266a371c8f2e57c68821841b9056691d50cfc5e3dd56
CLIENT_TRAFFIC_SECRET_0 b77f264054e15e11b13f0d201fc26f133d15fa7c5d44db47182fb8051bf7607f d407b4687031f4d9b4b5b12370304b9c6ff1a0722ec3cbcaa5fd1736e0a61975
SERVER_HANDSHAKE_TRAFFIC_SECRET ab02510239000a0b8057839bb8ff1221799eaa29bb216671c196e10621c17b5b 356db1633e302fd59ed859f46840ca9a4a49cd0129000197e717ec3dec28fb9a
CLIENT_HANDSHAKE_TRAFFIC_SECRET ab02510239000a0b8057839bb8ff1221799eaa29bb216671c196e10621c17b5b 7e9a33daf92ae911235339307b27b53ea3f599435cd2e5b039ffa05802864e91
SERVER_TRAFFIC_SECRET_0 ab02510239000a0b8057839bb8ff1221799eaa29bb216671c196e10621c17b5b 10919cf3523c55435f7e294ab0d7a3e5e55f7f946ce387e38fd68411caf7abf0
CLIENT_EARLY_TRAFFIC_SECRET e8d686e0df4948f3c4dfd50bd69129f563728779ca79a1f848f7536fa5101b8d 8d37fd20effc2602ad93820aa18d19d8d6c2504f50c3b29c3dbb757caab77a2707412618029989b572513abf79cc66b2
SERVER_HANDSHAKE_TRAFFIC_SECRET e8d686e0df4948f3c4dfd50bd69129f563728779ca79a1f848f7536fa5101b8d a66c7a9c64dae1251ed9c0a788be2bb3a485bc8122dd80057c2e94fe303479224d54816d17f66be6d5044dc39fe848f9
CLIENT_HANDSHAKE_TRAFFIC_SECRET e8d686e0df4948f3c4dfd50bd69129f563728779ca79a1f848f7536fa5101b8d 7d92be6b04e9adfe38602dc9996cc85eb2cc0175dcb0ce43e7cc5a773887f49e05e0acbaf89b14c5de08441e0bf51c9a
SERVER_TRAFFIC_SECRET_0 e8d686e0df4948f3c4dfd50bd69129f563728779ca79a1f848f7536fa5101b8d 384c9fed6237086941e70e58927713ad43161bc2462332f7ba2099bdf705c5fecc4c151dc1e422effb51c6e8d6cf75a6
CLIENT_TRAFFIC_SECRET_0 e8d686e0df4948f3c4dfd50bd69129f563728779ca79a1f848f7536fa5101b8d 22fb0c8e0256c200e8ea28ad8e2ced0fbef24d09c3a2383824e1fadf499e509429c96d954547b59530aa4a6da5d7c5db
SERVER_HANDSHAKE_TRAFFIC_SECRET cd12df356a1e9c3113962f8c0d547be25307cf702ef3c2bd9249206b848bf002 4bbce696ebccac9ec9d47d5fb1ffb5c0ec691d52f4f06f99ced5b34a62335138
CLIENT_HANDSHAKE_TRAFFIC_SECRET cd12df356a1e9c3113962f8c0d547be25307cf702ef3c2bd9249206b848bf002 ff2535cbfbf47e41bf676a953e6efc427240f6d394a819fd2f0ce0f04581e6f5
SERVER_TRAFFIC_SECRET_0 cd12df356a1e9c3113962f8c0d547be25307cf702ef3c2bd9249206b848bf002 f6224e23d8fb94ccd2547a47b43bb7d0453973a4ce293c09350b1838cfd5273f
CLIENT_TRAFFIC_SECRET_0 cd12df356a1e9c3113962f8c0d547be25307cf702ef3c2bd9249206b848bf002 2c8de1f7c2599f6dab873a32e4e0c811245a642a9ebc8966e4562e0babbdbd7c
CLIENT_EARLY_TRAFFIC_SECRET cd7db198e0ab915d285df2f1b388f9c5228a7e0bc8aa2be0bd4349707f4d81b4 f5e85822c507093e28b1108e271dcefb24ed740e6e2c166186ca988ab60c2910
SERVER_HANDSHAKE_TRAFFIC_SECRET cd7db198e0ab915d285df2f1b388f9c5228a7e0bc8aa2be0bd4349707f4d81b4 b99b5de4ab338f49bfe34e6874e1ae5faa438b9946cba613da64208ba1d7e09b
CLIENT_HANDSHAKE_TRAFFIC_SECRET cd7db198e0ab915d285df2f1b388f9c5228a7e0bc8aa2be0bd4349707f4d81b4 3e9f9d897bb79341643144a25aa242ad7dbf1baeeee9925d4b9303c6db9253f5
SERVER_TRAFFIC_SECRET_0 cd7db198e0ab915d285df2f1b388f9c5228a7e0bc8aa2be0bd4349707f4d81b4 90a164c16cb48572c606aabbb619d04948d6a261e199615f4b6d3618814749d6
CLIENT_TRAFFIC_SECRET_0 cd7db198e0ab915d285df2f1b388f9c5228a7e0bc8aa2be0bd4349707f4d81b4 7b93a03c24f0308620678a78c28ed6facaf6568ec5ed125d7233eb410813e877
SERVER_HANDSHAKE_TRAFFIC_SECRET dbffa730ed6d832d21c1a4101292f692ca6aec581da2793f2d1f389ea7bffabd c8241bbebad0a5a35b4d34c9c91d26859382741026433073c0d45ccc996a3dd5f617a0e01ee80a0da796986c48012008
CLIENT_HANDSHAKE_TRAFFIC_SECRET dbffa730ed6d832d21c1a4101292f692ca6aec581da2793f2d1f389ea7bffabd eeaf624774034bcbcae0d09630cedbcffc07d4699a133d219bae23f2865979ffbe4f7144dde4c21433397997ad3a8c54
SERVER_TRAFFIC_SECRET_0 dbffa730ed6d832d21c1a4101292f692ca6aec581da2793f2d1f389ea7bffabd 86e6ca2966734d4a80ab8d02d26a88fff8a60701f9d38e5b7c0bf337b46d0db7666a5c6a30d7c371130fadd721731c82
CLIENT_TRAFFIC_SECRET_0 dbffa730ed6d832d21c1a4101292f692ca6aec581da2793f2d1f389ea7bffabd 7b7d933103c2b3440514ca469a79eeea8793a48b8befd49ee0298c10c8ab3faee86e743d7c3d286663bacfe35f8d4024
CLIENT_EARLY_TRAFFIC_SECRET ceb1646df893597e1930c7159c967b507e159ddb3cd75a3bfc55af4237b602ba 80898404c3c8b0277fc41a8afd90341a6dcedef7bcc70584d64293576c99c26aa3f3f163c330d1f64ed7d519ef8884b6
SERVER_HANDSHAKE_TRAFFIC_SECRET ceb1646df893597e1930c7159c967b507e159ddb3cd75a3bfc55af4237b602ba 4f6cd2b428ecbbd79a24f998776fa26fd1162debab6d1cdda14d8be937df4c880f4e1ac861f1a6734dfe40a01d64fad0
CLIENT_HANDSHAKE_TRAFFIC_SECRET ceb1646df893597e1930c7159c967b507e159ddb3cd75a3bfc55af4237b602ba ba9cfeb491ca53169db6eb5cb8c086bdc0692931ff2da63d1f9df5e1c4eafbddcea5464ae7ff087763688923b7f12db1
SERVER_TRAFFIC_SECRET_0 ceb1646df893597e1930c7159c967b507e159ddb3cd75a3bfc55af4237b602ba 4d1e6b3c07bea1088fcdb4cd7a2218f992570be907e9b0512b2b413cdc834480458d016fc256f1642b4cceecf53d75cf
CLIENT_TRAFFIC_SECRET_0 ceb1646df893597e1930c7159c967b507e159ddb3cd75a3bfc55af4237b602ba b6b4222a5bffc4bff8639a46799744e7a8b75314c88386ce5021b16dfd6a46338f4ed0903154c9f691da80ad7c6c89b3
SERVER_HANDSHAKE_TRAFFIC_SECRET 5f06e48630e3e523f7fef3ef53808f386c4dc905a829022e689966c58239b9da 25bb9ac4746563192e1dd871ac5e2c5a48e04a0ad6f153175df0c7e8450b795c
CLIENT_HANDSHAKE_TRAFFIC_SECRET 5f06e48630e3e523f7fef3ef53808f386c4dc905a829022e689966c58239b9da a5eb7f5af2596c35933fd3325c21af8b6a791f26be0c0c2e53644218de778f37
SERVER_TRAFFIC_SECRET_0 5f06e48630e3e523f7fef3ef53808f386c4dc905a829022e689966c58239b9da 0ba62b4f5b88eefa1761488a5d614f4334cb317b37d8a3aaa304aee9dadc0bae
CLIENT_TRAFFIC_SECRET_0 5f06e48630e3e523f7fef3ef53808f386c4dc905a829022e689966c58239b9da 3f0df1ff4925f8490bff0daac91bb0ffe3fad9a3ab7b913d1136fb207a236b48
CLIENT_EARLY_TRAFFIC_SECRET 11258584ba558b695ecf971ad7254b255301bb0b5696ecd99b4e6d0ab65c1a9c 464d7a18e3e2b1876cf562e29e0be43dc2c952c89a199264dfa847158b756bf6
SERVER_HANDSHAKE_TRAFFIC_SECRET 11258584ba558b695ecf971ad7254b255301bb0b5696ecd99b4e6d0ab65c1a9c 8c909fb0baa997ebd99c7728b08007b409628532b5d2f9f83a9d7018f1d1214a
CLIENT_HANDSHAKE_TRAFFIC_SECRET 11258584ba558b695ecf971ad7254b255301bb0b5696ecd99b4e6d0ab65c1a9c 07cf70ccc6c0882c9581ffe218532b76b9351a16d06604c3a288856b8b9cf1d9
SERVER_TRAFFIC_SECRET_0 11258584ba558b695ecf971ad7254b255301bb0b5696ecd99b4e6d0ab65c1a9c 3c48487acaf029f09d94cb7678ccd45fa57c131bd64790e04064fc51e997f67a
CLIENT_TRAFFIC_SECRET_0 11258584ba558b695ecf971ad7254b255301bb0b5696ecd99b4e6d0ab65c1a9c 03b038c9ed2d382dbb4cabe6131bf48a8c9e1385b748b4bfd0a1e5fd1a84b183
SERVER_HANDSHAKE_TRAFFIC_SECRET 78ecf60bf780e0997461da7516bc0e9d5a8b33b025d7e113075a1f398602478a f093e6dfa2255e7089c9b33702bd1287409a4fcbf25fc0b123ae9741f7e1f8b7
CLIENT_HANDSHAKE_TRAFFIC_SECRET 78ecf60bf780e0997461da7516bc0e9d5a8b33b025d7e113075a1f398602478a 1fe2affaa33ae3c085ffdcae6c36a2d1ff3f75e2685b0e403b440ab2fd6efdae
SERVER_TRAFFIC_SECRET_0 78ecf60bf780e0997461da7516bc0e9d5a8b33b025d7e113075a1f398602478a 2f3d94b6e46d1bf35ba9650e1b14aafdf7e6847d2777932396de2d65d98da097
CLIENT_TRAFFIC_SECRET_0 78ecf60bf780e0997461da7516bc0e9d5a8b33b025d7e113075a1f398602478a d6b7408dc589433153684b57a9da7b3962e7537db81b9948975df73a59130884
CLIENT_EARLY_TRAFFIC_SECRET 29c411ed007d09adc1ca1c1f521b1262a0d8589501d67c9247ba3ea6b9357643 7596556215f643452f198cd665b891a5a46ed989bb0500c0316164cc0f8894c4
SERVER_HANDSHAKE_TRAFFIC_SECRET 29c411ed007d09adc1ca1c1f521b1262a0d8589501d67c9247ba3ea6b9357643 b72f5b8f3e20a6e270ccaa6f9329876358c6b372980910fc1f545e0af6b64ec6
CLIENT_HANDSHAKE_TRAFFIC_SECRET 29c411ed007d09adc1ca1c1f521b1262a0d8589501d67c9247ba3ea6b9357643 9c347d56052271b60d6f22c56a06ab97c99a1bca960704b7ccb6cbd9fc234545
SERVER_TRAFFIC_SECRET_0 29c411ed007d09adc1ca1c1f521b1262a0d8589501d67c9247ba3ea6b9357643 c6935ec4164960bd152a3d6272d457bc199fe84b2afcf9fd1b29546c7f274368
CLIENT_TRAFFIC_SECRET_0 29c411ed007d09adc1ca1c1f521b1262a0d8589501d67c9247ba3ea6b9357643 aceb1ac6a3edbebe0a4f65cdc47accfff0f06613fcaa23dd308f6926fa819d5f
SERVER_HANDSHAKE_TRAFFIC_SECRET 9e8a1820044c8d610390c157327fca06e12396a23dadd81372772ef5615597fc 0f6bbb05ea27c72c94f9d0a90224ae9ee4953d145aa506a4e497605a3e8a1886a86dc258f8c30e1cd1974e22b956f3f3
CLIENT_HANDSHAKE_TRAFFIC_SECRET 9e8a1820044c8d610390c157327fca06e12396a23dadd81372772ef5615597fc f4535fcdd6fa3182d64c0b73879bdc187816b9f371f9da87ec760774fd3d0215b07af6efb24a1c832a33cedc72c1eb6b
CLIENT_EARLY_TRAFFIC_SECRET 40002fdf930ca9ac08cdf78e78aec05ab511047b0ce91b5ef22d5291d8f9586c 602a352c212e5ab8429855221c5dd72ef1254f5f2dc1872c5facd08f2622c29bad0f59ae6ddca822a862da671ce28ff6
SERVER_HANDSHAKE_TRAFFIC_SECRET 8155e97e2472f3e90c979313d860a674fe0b502c61348bdcb1b39ace72cbcb82 0efae83583c8484e4d6adad2fc1507c0153b90fa9c3b80978ab2dec10a8676f5
CLIENT_HANDSHAKE_TRAFFIC_SECRET 8155e97e2472f3e90c979313d860a674fe0b502c61348bdcb1b39ace72cbcb82 24676b55a1564e67dfeda2e4a933c233e279e7bfbdb3e5e8c9afb9f5304110a1
SERVER_TRAFFIC_SECRET_0 8155e97e2472f3e90c979313d860a674fe0b502c61348bdcb1b39ace72cbcb82 fcf47e6ff1fd74af47818170d216d4a679864a1feecfc04c0bcf761e9dc91c6a
CLIENT_TRAFFIC_SECRET_0 8155e97e2472f3e90c979313d860a674fe0b502c61348bdcb1b39ace72cbcb82 ceea7754a2b9420c4b8d0693ff6f55e6ddbb0eec12b867132f936da1d8bb251c
CLIENT_EARLY_TRAFFIC_SECRET 47ff3ef1f878fb79fe0a164a807366da54e96482771e8ff81a973edc0958b902 951476cbc7243b08587e6c08981d7821cb1aea8fb3dc3237a6cc416ac4177c8c
SERVER_HANDSHAKE_TRAFFIC_SECRET 47ff3ef1f878fb79fe0a164a807366da54e96482771e8ff81a973edc0958b902 74507289c07804e8a3bcd0975ebddc5a60affe07fe0725e55b32520270741408
CLIENT_HANDSHAKE_TRAFFIC_SECRET 47ff3ef1f878fb79fe0a164a807366da54e96482771e8ff81a973edc0958b902 b9757f171619f4afb3e5359a4280ba8c6d729644c9c9860ca8662641897f7dd3
SERVER_TRAFFIC_SECRET_0 47ff3ef1f878fb79fe0a164a807366da54e96482771e8ff81a973edc0958b902 de7e925b3c56d2caa66413ca4f8148a6a7fe103f62e9c06c8862090e60736e56
CLIENT_TRAFFIC_SECRET_0 47ff3ef1f878fb79fe0a164a807366da54e96482771e8ff81a973edc0958b902 834feaeafd2c50f94f246b66fafd2ff259b97b62f14e00ee285ba49136015f0d
SERVER_HANDSHAKE_TRAFFIC_SECRET 2bf93a2d969c3d85f1e9f156540700520225c8f5d9460497bad591c736400a6b 234731b4abb0ad1027bef7abbb83e6347f90de16a7eb478d6ce8ccf6ec571621
CLIENT_HANDSHAKE_TRAFFIC_SECRET 2bf93a2d969c3d85f1e9f156540700520225c8f5d9460497bad591c736400a6b f8e27db473762cda80fc6bd560d9dd3f9a86afff4e2e96174d0364f10adea12b
SERVER_TRAFFIC_SECRET_0 2bf93a2d969c3d85f1e9f156540700520225c8f5d9460497bad591c736400a6b a1e7e6d0afc9050dd452a1c99d443633866088d021c58eeb5895de4ef2a37a97
CLIENT_TRAFFIC_SECRET_0 2bf93a2d969c3d85f1e9f156540700520225c8f5d9460497bad591c736400a6b 1b7eca4edf9005baefa0b6492defa689a3a4e68abc569e7753b8de6963557f65
CLIENT_EARLY_TRAFFIC_SECRET 0e12189610eec8945fc3ad64870be1769c746e28eeedfc2c70622a28348eb1f4 9bfbc77ea38bd86bc0d1a30268d70069631f29dc99e68459979fa0bd9b48e043
SERVER_HANDSHAKE_TRAFFIC_SECRET cf63b278354755aa6e3b69590ecd238082d03be84a00c5dd0679d2bbd0c7def2 e16ff32e923056a6e7dea25355101845a1872072093785bdd9284f5bfbc7243e
CLIENT_HANDSHAKE_TRAFFIC_SECRET cf63b278354755aa6e3b69590ecd238082d03be84a00c5dd0679d2bbd0c7def2 680f7becc24b30cf5a0c2768924d01d53350fa02d310ed703fb4d0715a8d0ca8
SERVER_TRAFFIC_SECRET_0 cf63b278354755aa6e3b69590ecd238082d03be84a00c5dd0679d2bbd0c7def2 10310fa540f2f3743aef887aa0997d2fbfae58bf79ccb693e4e516584ef9a398
CLIENT_TRAFFIC_SECRET_0 cf63b278354755aa6e3b69590ecd238082d03be84a00c5dd0679d2bbd0c7def2 c5137e9bb67b68883d6f9c50a0de83db92c6b1c6292fe50b16a52dba5d74d803
SERVER_HANDSHAKE_TRAFFIC_SECRET b1a4055127a57bd0e06ef06f52e53ad18d8a1fc43e92db3875bd5266f1cec1ee a32efefa04453fbda144d07d8db8e22babd924e1692de5fb87b59a2ae6c7bd47
CLIENT_HANDSHAKE_TRAFFIC_SECRET b1a4055127a57bd0e06ef06f52e53ad18d8a1fc43e92db3875bd5266f1cec1ee 10002aec143752e71dfcf3d2a154c29cdd4af0063782283ecbf7343cc9637441
SERVER_TRAFFIC_SECRET_0 b1a4055127a57bd0e06ef06f52e53ad18d8a1fc43e92db3875bd5266f1cec1ee b1abe290a7fdc0b4bde7e2cdba41abb9986afed8027b3ea4922bbd41bfaa13b0
CLIENT_TRAFFIC_SECRET_0 b1a4055127a57bd0e06ef06f52e53ad18d8a1fc43e92db3875bd5266f1cec1ee 9cd320b69fa7c28daf5d8283483f4628d25ce3d5659c47d751963e934a730167
SERVER_HANDSHAKE_TRAFFIC_SECRET 7707353c9476318ac1331a4a0f279d867cbca40242ac8f57b092b24aaa90d34d 6fedf443d073d5a5ed35a05445fa674769270d6ebfdcfed5b28d159d4ea069f8
CLIENT_HANDSHAKE_TRAFFIC_SECRET 7707353c9476318ac1331a4a0f279d867cbca40242ac8f57b092b24aaa90d34d cbe7eb323c81cad92f0a59be14b2d170d470574abf612f1a09de126925840c9c
SERVER_TRAFFIC_SECRET_0 7707353c9476318ac1331a4a0f279d867cbca40242ac8f57b092b24aaa90d34d 8572b312a109ae3f6c28d0539f76383179f3e380420d0243e856f5f15a1e9ce4
CLIENT_TRAFFIC_SECRET_0 7707353c9476318ac1331a4a0f279d867cbca40242ac8f57b092b24aaa90d34d b46d273af6896f1b210336488e0e30110d4f10fcd7662b5c6dfd345daec0463c
SERVER_HANDSHAKE_TRAFFIC_SECRET 2248a32360fecb7b502f14fc17914e6d4ed79df22f38ccdf2492b11735df3d53 e926bb069a294fa444b786d2b25ad8674f1d32c81da4782337c0ceba27524b9a
CLIENT_HANDSHAKE_TRAFFIC_SECRET 2248a32360fecb7b502f14fc17914e6d4ed79df22f38ccdf2492b11735df3d53 d1a586dffe16851c1cede843a0cdc6f9c03a2d457dfe7a8940691a360d50851c
SERVER_TRAFFIC_SECRET_0 2248a32360fecb7b502f14fc17914e6d4ed79df22f38ccdf2492b11735df3d53 1f343d55aa54a74779a89c5d0926cc8925285207c3ed797e981b745365e1720b
CLIENT_TRAFFIC_SECRET_0 2248a32360fecb7b502f14fc17914e6d4ed79df22f38ccdf2492b11735df3d53 381c852c886107db7bedd4036a4e04b14d02f995410882706ef8fe6a2bce4240
SERVER_HANDSHAKE_TRAFFIC_SECRET e7539791200d7a6146b0a3b6b1db7c346df074fb52f4647fda562bfd5222be02 1d302462807f6910dae023b73ccd1478ab5b105d2057ce7a348733183de4fce0
CLIENT_HANDSHAKE_TRAFFIC_SECRET e7539791200d7a6146b0a3b6b1db7c346df074fb52f4647fda562bfd5222be02 34459c7b595bff13c1618c37170bb6d4c9264cea4b3be05df7dfeb5d71d817bf
SERVER_TRAFFIC_SECRET_0 e7539791200d7a6146b0a3b6b1db7c346df074fb52f4647fda562bfd5222be02 a8b6fbf99a94694ec8c297c4e422d9df486ff4cae45c379297497b6b7ba97869
CLIENT_TRAFFIC_SECRET_0 e7539791200d7a6146b0a3b6b1db7c346df074fb52f4647fda562bfd5222be02 269e376469bc7890b8129bc5e00bce0b0a1c1b5f6c65d6b1889a4399ebeb1801
SERVER_HANDSHAKE_TRAFFIC_SECRET 65608dbbefe5ca0b0c03448ca90672914574e488e6575e64dd77eb40a850b161 18186fd2ffe8c8b89b946e8358c90c5c73b0192769298a84b3534a48c6180570
CLIENT_HANDSHAKE_TRAFFIC_SECRET 65608dbbefe5ca0b0c03448ca90672914574e488e6575e64dd77eb40a850b161 ce65a23f63e00dec1e42db7096bb2db2206edf0799a1a76d2704ad04498b7a32
SERVER_TRAFFIC_SECRET_0 65608dbbefe5ca0b0c03448ca90672914574e488e6575e64dd77eb40a850b161 db0043ed47ea5df65d18086561e8d3a449014f52cf8e7c2fe6bd0e412fc4a833
CLIENT_TRAFFIC_SECRET_0 65608dbbefe5ca0b0c03448ca90672914574e488e6575e64dd77eb40a850b161 b7134386caf41ae6f3fca2fdbde5ecf7bd412933124d9f0bcc21f46e90badea1
SERVER_HANDSHAKE_TRAFFIC_SECRET c065049213608e2c254e0c6699e27342856cad3be951765f6b481c7c496c7db0 4c30386310b70dd774a752bb77e92a6d7ce7af3f168bd17ccbe4a577c34450e0
CLIENT_HANDSHAKE_TRAFFIC_SECRET c065049213608e2c254e0c6699e27342856cad3be951765f6b481c7c496c7db0 253cbc7343a05ebb56a3d7bdcdd43e642f11a7123c58d2231a40b4bdedf0b546
SERVER_TRAFFIC_SECRET_0 c065049213608e2c254e0c6699e27342856cad3be951765f6b481c7c496c7db0 2383d1759899c33b8537b22e8980106844a04e2a4f97ddd696511109adb557f5
CLIENT_TRAFFIC_SECRET_0 c065049213608e2c254e0c6699e27342856cad3be951765f6b481c7c496c7db0 56d1220a24e41c6e0869f0316584aeb1c79b33fcb591256b5b00f97de6423804
SERVER_HANDSHAKE_TRAFFIC_SECRET dd8064d76a1f978f00439226f1b542c79b46250f4241767207e2edc97725f79d 0dff52da188f185173c18f62108664919ee682c1d0f00f79be89ec67b16ddc14
CLIENT_HANDSHAKE_TRAFFIC_SECRET dd8064d76a1f978f00439226f1b542c79b46250f4241767207e2edc97725f79d 211311f25418c61b6065dbcc36c23171c7ba7c1915db02a340e945f8f19ffe85
SERVER_TRAFFIC_SECRET_0 dd8064d76a1f978f00439226f1b542c79b46250f4241767207e2edc97725f79d e8e80d36726704d444b615114595469eb1daf3e8fad54915fccca91454fef831
CLIENT_TRAFFIC_SECRET_0 dd8064d76a1f978f00439226f1b542c79b46250f4241767207e2edc97725f79d 77ad4a7a21a19aa283c2174e6012c60393afe461008c432a38f9c23ccc78cea8
SERVER_HANDSHAKE_TRAFFIC_SECRET 533011167dfa46e50036978125f4d1174e0f10d12892009aac70cb2e4096017c 224b79579dbd2346a632b5f9200a46ab62a28676bd671ba8f7d2c269940b229e
CLIENT_HANDSHAKE_TRAFFIC_SECRET 533011167dfa46e50036978125f4d1174e0f10d12892009aac70cb2e4096017c 86fcae92d48e251b5a7138625b6cf228a4f0a34da7f6428bcea429b9037725d7
SERVER_TRAFFIC_SECRET_0 533011167dfa46e50036978125f4d1174e0f10d12892009aac70cb2e4096017c 9daa46e05600d476555843473eca529faba8d2c18c7ac273d88b609348936bf4
CLIENT_TRAFFIC_SECRET_0 533011167dfa46e50036978125f4d1174e0f10d12892009aac70cb2e4096017c ced0e738d5e9b8a4c13ada5f260039c925ffa53c87bc483778873c6900171f7d
SERVER_HANDSHAKE_TRAFFIC_SECRET 9e727d9933c0473e8b84797c6d212c0f4522fd0e87aba02ba228db3fcb15143d eeda6c9f3651b848ac55953b724480e6b1fd1b1b0c959531bb98b019d3dd2581
CLIENT_HANDSHAKE_TRAFFIC_SECRET 9e727d9933c0473e8b84797c6d212c0f4522fd0e87aba02ba228db3fcb15143d f3868d4e72b52d6b6f19f2b85bc0e9cb6953905af0ae7bb122aed0d87d83c2ac
SERVER_TRAFFIC_SECRET_0 9e727d9933c0473e8b84797c6d212c0f4522fd0e87aba02ba228db3fcb15143d 64be0707b905ed776bd0832015288f281c591b889879dbbaa1b2f7d8fb0b7342
SERVER_HANDSHAKE_TRAFFIC_SECRET 259d570ad343a0449b394764961478c3d5dd51f1886bb9d3dda46229049d628c c52135f96246cfc8c89a9933ed2694c5032f8b7c12e0dcb1484fae1edff56315
CLIENT_HANDSHAKE_TRAFFIC_SECRET 259d570ad343a0449b394764961478c3d5dd51f1886bb9d3dda46229049d628c a2f9a14c934d46573383a78f722a44fbe046dfb4b93b0319416d24799983a7c2
SERVER_TRAFFIC_SECRET_0 259d570ad343a0449b394764961478c3d5dd51f1886bb9d3dda46229049d628c 69ffd802ea853163eef454ebc98055a08b196fff57f1e271178baa8bfa680a80
CLIENT_TRAFFIC_SECRET_0 259d570ad343a0449b394764961478c3d5dd51f1886bb9d3dda46229049d628c 549c8e5d31901c41ddc54d6639c9a2e0854c127be1cb62525419afe194caad9e
SERVER_HANDSHAKE_TRAFFIC_SECRET 2a6887a58dfaac90d8b4d4e1e2dd6cfa5d65acbec1151668e2de925b1b064696 db4ef213a299b2003ac27b97733bbd0398e9e09d8bdd249cdbe83661b38be07e
CLIENT_HANDSHAKE_TRAFFIC_SECRET 2a6887a58dfaac90d8b4d4e1e2dd6cfa5d65acbec1151668e2de925b1b064696 72fd991ae9f373761998d98f7c9fff926560bb818d24084ff0844cbc1a407f24
SERVER_TRAFFIC_SECRET_0 2a6887a58dfaac90d8b4d4e1e2dd6cfa5d65acbec1151668e2de925b1b064696 57300c70511318ca52a695e313cad6a538303b6aeedd8abad3f26b5e7d46392c
CLIENT_TRAFFIC_SECRET_0 2a6887a58dfaac90d8b4d4e1e2dd6cfa5d65acbec1151668e2de925b1b064696 84058b7ad98e64d416de252613e204cc9cc866c2695ac43c047f4b724f567b5c
SERVER_HANDSHAKE_TRAFFIC_SECRET eb1f48bf450a48cd7087826f77dd0a9b5ae76967f3c179477d422348160f1855 5d7ec912da527969665151209dea819fdeee64f3b636057545fc7875e727368a
CLIENT_HANDSHAKE_TRAFFIC_SECRET eb1f48bf450a48cd7087826f77dd0a9b5ae76967f3c179477d422348160f1855 59e64c67380ad91e9cd1f79efa45f083aeb9ff471e76be753bae023a4aba5ba2
SERVER_TRAFFIC_SECRET_0 eb1f48bf450a48cd7087826f77dd0a9b5ae76967f3c179477d422348160f1855 c51e3b7f6611384ce3cd4fa481786a92220b39f2a0dfed83b581a96ead61393d
CLIENT_TRAFFIC_SECRET_0 eb1f48bf450a48cd7087826f77dd0a9b5ae76967f3c179477d422348160f1855 eaa2d20c468b20c9821f9637e05b263faa798c614a9503e3a3b126b3434dc70c
CLIENT_EARLY_TRAFFIC_SECRET 330be476c9f4968a8ed9970aee59e3d55ac18449ee3de638464147406320ce4f f7acce0a6bf4cae58bc0fb3950b5689cb1581f3d9d335468f17fd1d1f991dc99
SERVER_HANDSHAKE_TRAFFIC_SECRET 278ad2f4072c981122b5649cf7a250dae56e0a15183e2a7366175d99963abe09 bb26dcaa02a5b838c134ed58d9f043f291c9703efe8bdd0d5d2238a560785980
CLIENT_HANDSHAKE_TRAFFIC_SECRET 278ad2f4072c981122b5649cf7a250dae56e0a15183e2a7366175d99963abe09 23c842e3917c41e28eec1bb1118e05a04e11498e4ce8e79634b68242c3fe9b21
SERVER_TRAFFIC_SECRET_0 278ad2f4072c981122b5649cf7a250dae56e0a15183e2a7366175d99963abe09 814a574820561113f5e3df3f9c397fa1d8ad58a6692931e76e0c2186c12c46ea
CLIENT_TRAFFIC_SECRET_0 278ad2f4072c981122b5649cf7a250dae56e0a15183e2a7366175d99963abe09 897a4befa05cd23dcc9be5c73a451cbe48f6dce5f2ac7c38117664b18604ce98
CLIENT_EARLY_TRAFFIC_SECRET e42d8f5beb3ff36d1b8be59787fb84365ae01cb7f97a7a7475456ec2caeacbf7 33ee6910de6c1607f8c4ff09927dbd60aa26e57b4281deac28fb07311ff1a7e9
SERVER_HANDSHAKE_TRAFFIC_SECRET e2fc1158ea77a987b3551c98baa30747a7f56bb1e7fbd75d4d91f60814f101bb 7b68ff394ff6e620cb7d4f421eee1689aeef7a4b7a5ec7459b35618906db9cee
CLIENT_HANDSHAKE_TRAFFIC_SECRET e2fc1158ea77a987b3551c98baa30747a7f56bb1e7fbd75d4d91f60814f101bb 4025d34ccf1fffff116091f1c18cc2a806b0d69690e8292627e8dc027ff639e1
SERVER_TRAFFIC_SECRET_0 e2fc1158ea77a987b3551c98baa30747a7f56bb1e7fbd75d4d91f60814f101bb bb712f2b3dad48c59a1bf44477d0004b7ba805b3157630c5f9febf33aaf124cc
CLIENT_TRAFFIC_SECRET_0 e2fc1158ea77a987b3551c98baa30747a7f56bb1e7fbd75d4d91f60814f101bb bafa1d816c6b249f1123ad70401ed1ee027dae2d00a9eafad4be1ff566168521
CLIENT_EARLY_TRAFFIC_SECRET 6e64df644fe90175dec13fd01d708a2128bbd5463219983779037ac44644d782 acc6cedb1c9876adb01d65c83667edfb7badf99d93431558e2a2f88a1da022b4
SERVER_HANDSHAKE_TRAFFIC_SECRET e6ec0399f672b004e9cbfbd37ff4e7ddf2d81067c5c7bdbe19eefa580446c05b 79cd488cf67aca2c1328c81d038aba6f5be55794d975b945b95bd3c766fdd097
CLIENT_HANDSHAKE_TRAFFIC_SECRET e6ec0399f672b004e9cbfbd37ff4e7ddf2d81067c5c7bdbe19eefa580446c05b 0b28d2ae9372d90968e9379b4ddb210a79ca9ef72d661b9f602085843d85e6d3
SERVER_TRAFFIC_SECRET_0 e6ec0399f672b004e9cbfbd37ff4e7ddf2d81067c5c7bdbe19eefa580446c05b 6e396a3b73b1dda1e1c4fb75629c9c32027dd4fda1af6fa2fcc1d9658d2d2484
CLIENT_TRAFFIC_SECRET_0 e6ec0399f672b004e9cbfbd37ff4e7ddf2d81067c5c7bdbe19eefa580446c05b 79db338f4cb9d1ec1db3595b7ff711c7f259cc18217822cdb071f2d4af3751ba
CLIENT_EARLY_TRAFFIC_SECRET 2c89ceb65afdf7ed38032afbce2a6bf2adb4bacaedf3376774466099a9cc10b1 889a555b8ee9a5276fb3e266e2a11889144d3061d1a5a5b2364f71f5183673bb
SERVER_HANDSHAKE_TRAFFIC_SECRET 7924fa3938c0b26ebc2b9e439f232ca7fa83ec41cb0d021510802f9a16e63cb3 60e3d43005574a86927bf13974a01f0b37a3dc2880c561d2d3a53ba922338dba
CLIENT_HANDSHAKE_TRAFFIC_SECRET 7924fa3938c0b26ebc2b9e439f232ca7fa83ec41cb0d021510802f9a16e63cb3 c7becd4c9bdb8f4043a292d0f9bff0473c88e803e740e94d3f02cd4acf703ed1
SERVER_TRAFFIC_SECRET_0 7924fa3938c0b26ebc2b9e439f232ca7fa83ec41cb0d021510802f9a16e63cb3 b2930263de7d90a588fdc8a541aa78fb9d38ba8dbe1a6c4977e3e06d2c14b42e
CLIENT_TRAFFIC_SECRET_0 7924fa3938c0b26ebc2b9e439f232ca7fa83ec41cb0d021510802f9a16e63cb3 71cb2fc258f3124d3b43ccee30b93e62b8f2a09055ed502e023c09040a9942d8
CLIENT_EARLY_TRAFFIC_SECRET c924d292425b1187c28955610c0fbe1b9aca0004e920869bc66e98c6c977997b 61027454aeb412229d08ba990406c1056b2c94348271a05fab90d695ec901bec
SERVER_HANDSHAKE_TRAFFIC_SECRET 56e8b1d0f6973a725f2001cfbae82cae1d9c415b8bc2cbbab3135b9a8d118cd4 b5d09827e877d2a7bc89e810d5b65a23b905203573b13e5458b8e5f526e3a8c1
CLIENT_HANDSHAKE_TRAFFIC_SECRET 56e8b1d0f6973a725f2001cfbae82cae1d9c415b8bc2cbbab3135b9a8d118cd4 e66f9f0cb8a8fc2492c81fa4a3dbb886735f535eb87c82b5fdb57e6bd46e8286
SERVER_TRAFFIC_SECRET_0 56e8b1d0f6973a725f2001cfbae82cae1d9c415b8bc2cbbab3135b9a8d118cd4 8c532d86da6a3301de823fc039ad0e520cc547b107a2e312f035365ce897f738
CLIENT_TRAFFIC_SECRET_0 56e8b1d0f6973a725f2001cfbae82cae1d9c415b8bc2cbbab3135b9a8d118cd4 71b276bc30647943466426b648b93e339fbfdec3e250227caaa21542e7ac5616
CLIENT_EARLY_TRAFFIC_SECRET e2d44231b83dcfd0f8b778719f356373a17e9e27bcc900661abb7a3d7173d84f 45b3b17ff8f44bfcf74f7133a42f60b3b6038ed657c933c662b22bdd277eedd8
SERVER_HANDSHAKE_TRAFFIC_SECRET dd1161efa07c75845e8705bf2e0c3acfcef514ddd85413d7467cafa375e39b20 f7659842592450aa97c8e91c5ae8ae65015d4d619bf0946b2b083621c8a84d83
CLIENT_HANDSHAKE_TRAFFIC_SECRET dd1161efa07c75845e8705bf2e0c3acfcef514ddd85413d7467cafa375e39b20 68b09aec63c14949e67f733e036f0dc589dce1319f092286006e99ef88527bc3
SERVER_TRAFFIC_SECRET_0 dd1161efa07c75845e8705bf2e0c3acfcef514ddd85413d7467cafa375e39b20 6c52b1306a6aa8b5938618af8e07b12f68f0b81acac6964aed8b8ffe450a841d
CLIENT_TRAFFIC_SECRET_0 dd1161efa07c75845e8705bf2e0c3acfcef514ddd85413d7467cafa375e39b20 45385165c4e3d56a173563ab9e0e90f67ae567f4dd063f0a5625cdeb41619c42
CLIENT_EARLY_TRAFFIC_SECRET be7424ee82eb696a510b2d5bdf4b15dc6ea87a48d886832380b267e33400dbcc 903d947f47feedcc17f68d699a9a8727c69d71f91bfac0fb28d315678b7f86d0
SERVER_HANDSHAKE_TRAFFIC_SECRET 7c5be8a4341a53e7a63a74b6cb3e70cdaab24f65f7f60d14388bde7738e37390 e4d5288998ac128d48961529a0bc7e7273fcbad3a23ab98c04227c3b3926b344
CLIENT_HANDSHAKE_TRAFFIC_SECRET 7c5be8a4341a53e7a63a74b6cb3e70cdaab24f65f7f60d14388bde7738e37390 b3cda842ecf8f4f168cf899291ae19862d4ed545ef73e503b138f1e2cc9d7acb
SERVER_TRAFFIC_SECRET_0 7c5be8a4341a53e7a63a74b6cb3e70cdaab24f65f7f60d14388bde7738e37390 1380c2777d69cfa174e514e5d8ad86d6dd127cdb7d21ee25f8e2b1d5af1c9311
CLIENT_TRAFFIC_SECRET_0 7c5be8a4341a53e7a63a74b6cb3e70cdaab24f65f7f60d14388bde7738e37390 d21c56c3910a7dd042295e68f31643e76e91539bf2d63632d77db2b2955bc6d6
SERVER_HANDSHAKE_TRAFFIC_SECRET 9d18e4b048b16f32f78ce37a03f7498cf3f80151ec4dbe08a2b77a0ec33655c8 b8ba1be10d8baf02dd2b74b092dafa661f5525cf8101bccd77d73b7b8cca208e
CLIENT_HANDSHAKE_TRAFFIC_SECRET 9d18e4b048b16f32f78ce37a03f7498cf3f80151ec4dbe08a2b77a0ec33655c8 3bdb5d2b1b46b1573ff1e9127f875ce05c1e0f32cd40eb0528da2d19aea5b63d
SERVER_TRAFFIC_SECRET_0 9d18e4b048b16f32f78ce37a03f7498cf3f80151ec4dbe08a2b77a0ec33655c8 6ea714e682e3bd17038bb18f134ebb872516de38215231442027cfbb92d5a010
CLIENT_TRAFFIC_SECRET_0 9d18e4b048b16f32f78ce37a03f7498cf3f80151ec4dbe08a2b77a0ec33655c8 328a78f984de8dc5d8bad50aa02a377bd2df31eac2ad78cfaaa1c43081264813
SERVER_HANDSHAKE_TRAFFIC_SECRET 47b817078c1968877b94067b6bd91858f201bb315a4ab02062ef415985153445 e9e3123b164c66d27eb014c3290fa426d62e3791dafa19cb78ee3f13c73fa27f
CLIENT_HANDSHAKE_TRAFFIC_SECRET 47b817078c1968877b94067b6bd91858f201bb315a4ab02062ef415985153445 4c0797ca8322eede31ee8dfeafd665c4af65371143de50abf0add3c61954ac2c
SERVER_TRAFFIC_SECRET_0 47b817078c1968877b94067b6bd91858f201bb315a4ab02062ef415985153445 62f70e11ee19dcf51e5c72b3bf97120cb0169f81d68f2f6c72d70a38c74dff75
CLIENT_TRAFFIC_SECRET_0 47b817078c1968877b94067b6bd91858f201bb315a4ab02062ef415985153445 d83db40f81a16c26d76e72d1cd1c1526b1f92362b3b4a9d8df9832acb0bcfd74
SERVER_HANDSHAKE_TRAFFIC_SECRET 0e293fb6cf377b54fa0c154600fae11d1317a602f92152029e0b18254af8506c ef6af06164c7f00c80e12272ff944fb7b485efd3443761b3f2257a557037f08b
CLIENT_HANDSHAKE_TRAFFIC_SECRET 0e293fb6cf377b54fa0c154600fae11d1317a602f92152029e0b18254af8506c 5b772099fa1d83f3af3d743f2c9165a13811f81f52ad2915127a756e877fd3de
SERVER_TRAFFIC_SECRET_0 0e293fb6cf377b54fa0c154600fae11d1317a602f92152029e0b18254af8506c 86a626da4ddf198df38ff811b40a964a27d152401a62db007b5c3eab4c58c71a
CLIENT_TRAFFIC_SECRET_0 0e293fb6cf377b54fa0c154600fae11d1317a602f92152029e0b18254af8506c 65a747b7ed55841d7d0b684d339ed7a9eb892565153003e6cdf93feaf9412062
SERVER_HANDSHAKE_TRAFFIC_SECRET 19e027f98264d7d6752e0a612eae78a168643f343008ed11726f543284a8f686 a3ccbe3a1afd8fe081d78847367bb09618ef3fc7bd3c782c54a37a08cabd7d06
CLIENT_HANDSHAKE_TRAFFIC_SECRET 19e027f98264d7d6752e0a612eae78a168643f343008ed11726f543284a8f686 d53d6d0904d9fb039770c5b9b0a5fa49951d751654914ad350425ebbdf918b93
SERVER_TRAFFIC_SECRET_0 19e027f98264d7d6752e0a612eae78a168643f343008ed11726f543284a8f686 99a78577508fa9e2d681cf94a5bfad334fbdd6ae319c8085132b1f28354995bc
CLIENT_TRAFFIC_SECRET_0 19e027f98264d7d6752e0a612eae78a168643f343008ed11726f543284a8f686 8eb26dbb12b31fa52ac139c301bfd1225171d8603b620c3eeef9ef5ba2bf5104
SERVER_HANDSHAKE_TRAFFIC_SECRET 02344e9befcc0dab521b5f4eb60d2a7eacdf1b4f12d13dd854b73065e9f9ee41 0ef35b371081022558e4e455f3b8bf8a017a33cb17f0ece2d37ce7a834f1b29d
CLIENT_HANDSHAKE_TRAFFIC_SECRET 02344e9befcc0dab521b5f4eb60d2a7eacdf1b4f12d13dd854b73065e9f9ee41 dfa037c5b2e36471b0c2dc214eb093c4170dec450b28534211dd06e4badb3c47
SERVER_TRAFFIC_SECRET_0 02344e9befcc0dab521b5f4eb60d2a7eacdf1b4f12d13dd854b73065e9f9ee41 0c0802e4bbc65987003c95b59e8cbbad9c37e92f6240b4b397f59c492c6d6c8c
CLIENT_TRAFFIC_SECRET_0 02344e9befcc0dab521b5f4eb60d2a7eacdf1b4f12d13dd854b73065e9f9ee41 ffad8420f3fc4016961991b84cf58eb7397c7fdb4674ca62fde920555f76f9ac
