CLIENT_HANDSHAKE_TRAFFIC_SECRET a603e13a5f6262820b005570f64bc8a1e900a195e712d38c298e9249035c6a90 7f16f0147a06539927795768eb356e9e3d9a6fceb91ddd63c5abccdf1828776025f307416fa891d8c9f7e9f0b199408f
SERVER_HANDSHAKE_TRAFFIC_SECRET a603e13a5f6262820b005570f64bc8a1e900a195e712d38c298e9249035c6a90 b4c36711ca5e7f9ffe4d954aa51d0ea212416c1e40c9ca28c5ac887d3a2c774b3103d3ef9d186b18ace8c842b5113acb
CLIENT_TRAFFIC_SECRET_0 a603e13a5f6262820b005570f64bc8a1e900a195e712d38c298e9249035c6a90 449efaa019cb62e4e6740982c90bfbb4b11ded20f99ea8e70249a7d67e5014e6e43035212be5d01b23c4710707084d05
SERVER_TRAFFIC_SECRET_0 a603e13a5f6262820b005570f64bc8a1e900a195e712d38c298e9249035c6a90 c0f4a7cf4da52ad3369cf3c6d291869d2aeb660f49f0e49f032c40ce5f427d657203f87a00f3cc20ebd913854a278708
EXPORTER_SECRET a603e13a5f6262820b005570f64bc8a1e900a195e712d38c298e9249035c6a90 447de77097ec9437a5df278788268fc6e6ebdeef62aaf2e04f3db682c60a515361d6cb0e2d3bcab999f56a67299fbe95
SERVER_HANDSHAKE_TRAFFIC_SECRET a603e13a5f6262820b005570f64bc8a1e900a195e712d38c298e9249035c6a90 b4c36711ca5e7f9ffe4d954aa51d0ea212416c1e40c9ca28c5ac887d3a2c774b3103d3ef9d186b18ace8c842b5113acb
CLIENT_HANDSHAKE_TRAFFIC_SECRET a603e13a5f6262820b005570f64bc8a1e900a195e712d38c298e9249035c6a90 7f16f0147a06539927795768eb356e9e3d9a6fceb91ddd63c5abccdf1828776025f307416fa891d8c9f7e9f0b199408f
CLIENT_HANDSHAKE_TRAFFIC_SECRET e6f924cdb9ccd4ca1aada605a7354ebc255437d366192e5e9c7fa28948ab9430 d037ffe88ec2f33f58076055b43e937e2bbce38c5252e95eab1d84b93f961525ef1909e62ccdfef6d6b55c3c8430fd2c
SERVER_HANDSHAKE_TRAFFIC_SECRET e6f924cdb9ccd4ca1aada605a7354ebc255437d366192e5e9c7fa28948ab9430 aa8b5e91c81a154334e77aa3721928ea957fc7f26b4d5094d8edbba2de5fe372cec44abd59bd2fa4cb776f767452d57a
CLIENT_TRAFFIC_SECRET_0 e6f924cdb9ccd4ca1aada605a7354ebc255437d366192e5e9c7fa28948ab9430 13d01c660029962a60220c14fab5429753eb8d4cf5d35eebbcb5a91146ec5b7face3083cfaa9ecf22bd4a4902cd202b1
SERVER_TRAFFIC_SECRET_0 e6f924cdb9ccd4ca1aada605a7354ebc255437d366192e5e9c7fa28948ab9430 fcbcddeb02e90911f0ba107bf2597f001bf32d0af74461a7275cc1c1470747e1e652269b7faf394005833809b4bbc843
EXPORTER_SECRET e6f924cdb9ccd4ca1aada605a7354ebc255437d366192e5e9c7fa28948ab9430 07891e19a82feb8a5d0825ed77b1559b91054465318a0d91fc445e0947f7848ff503fac2e92adb03dce6e63adb525b6c
SERVER_HANDSHAKE_TRAFFIC_SECRET e6f924cdb9ccd4ca1aada605a7354ebc255437d366192e5e9c7fa28948ab9430 aa8b5e91c81a154334e77aa3721928ea957fc7f26b4d5094d8edbba2de5fe372cec44abd59bd2fa4cb776f767452d57a
CLIENT_HANDSHAKE_TRAFFIC_SECRET e6f924cdb9ccd4ca1aada605a7354ebc255437d366192e5e9c7fa28948ab9430 d037ffe88ec2f33f58076055b43e937e2bbce38c5252e95eab1d84b93f961525ef1909e62ccdfef6d6b55c3c8430fd2c
CLIENT_HANDSHAKE_TRAFFIC_SECRET 046ba9fd4e1e02bbb43ea5ffd78e2c1b667e063e1dcde48aaaac73a5d43f6b2f 31f3c6d7b1efa5e2ac334996087684f617d72ad2125aca97fe967d4d9e081b06c61bed5d0f9b5dfe1ce88f20eb5d552a
SERVER_HANDSHAKE_TRAFFIC_SECRET 046ba9fd4e1e02bbb43ea5ffd78e2c1b667e063e1dcde48aaaac73a5d43f6b2f 68f3dd506895f672fd647582c3ab16cc51308f4c0f764360fc300a84ab4a0c2e23b905a12d6160abbd3c8629ee5cc970
CLIENT_TRAFFIC_SECRET_0 046ba9fd4e1e02bbb43ea5ffd78e2c1b667e063e1dcde48aaaac73a5d43f6b2f a82f78f320a466e67f3d23dbba69cc905d31b86f0987a16073ee2c1ac9c002c56cf3db08deeeca1e3442dc89f49c5346
SERVER_TRAFFIC_SECRET_0 046ba9fd4e1e02bbb43ea5ffd78e2c1b667e063e1dcde48aaaac73a5d43f6b2f 67d1342415a3a6bc667453141ba7d98aa6465693a605113b2dddd901c6bd3c5ddf8f432f6a0ebee5397eb9f02f615e42
EXPORTER_SECRET 046ba9fd4e1e02bbb43ea5ffd78e2c1b667e063e1dcde48aaaac73a5d43f6b2f 995b4ca84c99e6bda7a5a6c5852003530b3908f39aa066e8fe6483a3e4817bb34127e7fa53003e9df24f666a7bf25b4e
SERVER_HANDSHAKE_TRAFFIC_SECRET 046ba9fd4e1e02bbb43ea5ffd78e2c1b667e063e1dcde48aaaac73a5d43f6b2f 68f3dd506895f672fd647582c3ab16cc51308f4c0f764360fc300a84ab4a0c2e23b905a12d6160abbd3c8629ee5cc970
CLIENT_HANDSHAKE_TRAFFIC_SECRET 046ba9fd4e1e02bbb43ea5ffd78e2c1b667e063e1dcde48aaaac73a5d43f6b2f 31f3c6d7b1efa5e2ac334996087684f617d72ad2125aca97fe967d4d9e081b06c61bed5d0f9b5dfe1ce88f20eb5d552a
CLIENT_HANDSHAKE_TRAFFIC_SECRET 7c2997f47995f620dba36160244a460d638fe11021711c35e7520ef9746763ba d9aa6d8f6e1f6af3f3878bcc3ceac5abe87b825f0847b8f99c7a852548a4cea18cfc3ae83cc253cd02d034223895fc21
SERVER_HANDSHAKE_TRAFFIC_SECRET 7c2997f47995f620dba36160244a460d638fe11021711c35e7520ef9746763ba 0f818cdb280b7d2eba90c5a0a752760b3ce5129a1277d88734833ee7962532c546f495204d03a7fe2398d42942631300
CLIENT_TRAFFIC_SECRET_0 7c2997f47995f620dba36160244a460d638fe11021711c35e7520ef9746763ba 12746b0eb903892ae1a101366261408ced664316362615f3592d47cb1a2294e300899d0e4f4b5c57c6354540e53db5da
SERVER_TRAFFIC_SECRET_0 7c2997f47995f620dba36160244a460d638fe11021711c35e7520ef9746763ba e7c914b882e04ae6fcd2587a9f4b307626d54d50585e524b8b375639a20cdac8c3c5718970d99c1148e81599a4e6b276
EXPORTER_SECRET 7c2997f47995f620dba36160244a460d638fe11021711c35e7520ef9746763ba a874aec5f322b7b42f8248aea191b52f4b5c3ffbb67318e345f3636fea662d71d844c83746c6e87e8539cca0c020fc8d
SERVER_HANDSHAKE_TRAFFIC_SECRET 7c2997f47995f620dba36160244a460d638fe11021711c35e7520ef9746763ba 0f818cdb280b7d2eba90c5a0a752760b3ce5129a1277d88734833ee7962532c546f495204d03a7fe2398d42942631300
CLIENT_HANDSHAKE_TRAFFIC_SECRET 7c2997f47995f620dba36160244a460d638fe11021711c35e7520ef9746763ba d9aa6d8f6e1f6af3f3878bcc3ceac5abe87b825f0847b8f99c7a852548a4cea18cfc3ae83cc253cd02d034223895fc21
CLIENT_HANDSHAKE_TRAFFIC_SECRET 362ce43edcc17919eb880d08d6e0e7cd0d8dad2e5fc3e8c24dcb1d7a425f8230 333a287390392b92d75af31a5626c11663c054688a94a8266f3db0ca1ebc7404b9994d07bf591851d78889a1e43efd62
SERVER_HANDSHAKE_TRAFFIC_SECRET 362ce43edcc17919eb880d08d6e0e7cd0d8dad2e5fc3e8c24dcb1d7a425f8230 5daaa6d66be867821c67db1117dbdb7b77d46956d33e87cb5ea63a1f5f0661e4dc8dbd0de3b30d02b5897e5cfedfcc8c
CLIENT_TRAFFIC_SECRET_0 362ce43edcc17919eb880d08d6e0e7cd0d8dad2e5fc3e8c24dcb1d7a425f8230 4796137b1e58fb657ab8134c940aed622e1092e7a28494374d8f05e501edb70ba4db247a07587fc8269f95d9f2c1b6c4
SERVER_TRAFFIC_SECRET_0 362ce43edcc17919eb880d08d6e0e7cd0d8dad2e5fc3e8c24dcb1d7a425f8230 498ecab9e360faf18b63b07c73972b8d9880244663befcfba74f8b4e520b6161efcb4db6974feb0e0b18a3e3ec6a3b8c
EXPORTER_SECRET 362ce43edcc17919eb880d08d6e0e7cd0d8dad2e5fc3e8c24dcb1d7a425f8230 ffa9179c1a330b36a98a122d4a0bbffa47b892dc2a5b1bdea30191b8a3eb5818a8db122390ec91ea2da2571f3f3c829a
SERVER_HANDSHAKE_TRAFFIC_SECRET 362ce43edcc17919eb880d08d6e0e7cd0d8dad2e5fc3e8c24dcb1d7a425f8230 5daaa6d66be867821c67db1117dbdb7b77d46956d33e87cb5ea63a1f5f0661e4dc8dbd0de3b30d02b5897e5cfedfcc8c
CLIENT_HANDSHAKE_TRAFFIC_SECRET 362ce43edcc17919eb880d08d6e0e7cd0d8dad2e5fc3e8c24dcb1d7a425f8230 333a287390392b92d75af31a5626c11663c054688a94a8266f3db0ca1ebc7404b9994d07bf591851d78889a1e43efd62
CLIENT_HANDSHAKE_TRAFFIC_SECRET 4ac3b24e232c01ba3141076836509880e76346531fcb588d413c15ed72a1576e 62eb9ac6e3190ca317d49a3409cc9ba888a655b18c78fbf7b7879a788492c92239dd1e2ad69c42eabbd2bb1c5cde4b70
SERVER_HANDSHAKE_TRAFFIC_SECRET 4ac3b24e232c01ba3141076836509880e76346531fcb588d413c15ed72a1576e 25d713874e55dda8c3ba4fa41e4c1d7542f7d09201e39c15e6dcbbce74d2406b124df95b752f3c2dd7578f9fb8a03037
CLIENT_TRAFFIC_SECRET_0 4ac3b24e232c01ba3141076836509880e76346531fcb588d413c15ed72a1576e cdc99fd4c833fa264d50dce9fa1bbead84394a89205bc334c0ebf2e000cfcc6f96900d645344c65fb0972fef1b38f8a8
SERVER_TRAFFIC_SECRET_0 4ac3b24e232c01ba3141076836509880e76346531fcb588d413c15ed72a1576e f8e3f6d689c7e9afde4fdcb71ca1ca37e7194876b1aa461b153ecd5f139bc4124413679ef9506945c0cbe149ef7a3527
EXPORTER_SECRET 4ac3b24e232c01ba3141076836509880e76346531fcb588d413c15ed72a1576e d582d1900b065e51cdf059cfefdeee75d870329bda41ef65bebd3f6293d6ddb4a7e7de01349fd65050fc5e2dba7a013d
SERVER_HANDSHAKE_TRAFFIC_SECRET 4ac3b24e232c01ba3141076836509880e76346531fcb588d413c15ed72a1576e 25d713874e55dda8c3ba4fa41e4c1d7542f7d09201e39c15e6dcbbce74d2406b124df95b752f3c2dd7578f9fb8a03037
CLIENT_HANDSHAKE_TRAFFIC_SECRET 4ac3b24e232c01ba3141076836509880e76346531fcb588d413c15ed72a1576e 62eb9ac6e3190ca317d49a3409cc9ba888a655b18c78fbf7b7879a788492c92239dd1e2ad69c42eabbd2bb1c5cde4b70
CLIENT_HANDSHAKE_TRAFFIC_SECRET 5591926e753228c4adb2f54a34d7559ebc4a684fda060d5455eaada0780c550d c99a7b663479fefa6e545543eee0952e5e266bce26557b92a04d14a0736759296c786eb078517c9d0e7a8ace53be3f74
SERVER_HANDSHAKE_TRAFFIC_SECRET 5591926e753228c4adb2f54a34d7559ebc4a684fda060d5455eaada0780c550d 06e81a6434e085d8b938f5879033c7adb4b6448e0d5fc717c3084d981160927bd60f55aa3d61deccbad6028fcba9677a
CLIENT_TRAFFIC_SECRET_0 5591926e753228c4adb2f54a34d7559ebc4a684fda060d5455eaada0780c550d eeb56cb83247d8b3213206fddff75e51964133cf8a3eed4db0cd655479ca539e1a6290fa565ff227c713777c58288e0d
SERVER_TRAFFIC_SECRET_0 5591926e753228c4adb2f54a34d7559ebc4a684fda060d5455eaada0780c550d 5a26db9b7383cf633a84e654d93f2f8c0ff6dc01183b69c6b6dbf1b486caafd34394dd030203599dd260d2c5bd512543
EXPORTER_SECRET 5591926e753228c4adb2f54a34d7559ebc4a684fda060d5455eaada0780c550d acd6707e87820759f2b60b5b24cac9b31fa5ba3d4245010f9991a73c565a91a5e4e993589e0ee3e9b352d67b45774818
SERVER_HANDSHAKE_TRAFFIC_SECRET 5591926e753228c4adb2f54a34d7559ebc4a684fda060d5455eaada0780c550d 06e81a6434e085d8b938f5879033c7adb4b6448e0d5fc717c3084d981160927bd60f55aa3d61deccbad6028fcba9677a
CLIENT_HANDSHAKE_TRAFFIC_SECRET 5591926e753228c4adb2f54a34d7559ebc4a684fda060d5455eaada0780c550d c99a7b663479fefa6e545543eee0952e5e266bce26557b92a04d14a0736759296c786eb078517c9d0e7a8ace53be3f74
CLIENT_HANDSHAKE_TRAFFIC_SECRET f39c570c52d217d0d66b2a8ab59ef443255984c28e6fd04355c4774987176481 43f64d8810a03577b0555f87275b2cdfefaf270390a2162fc04914177eb597e17db2895333d0a4bdf4ad42c2ac857de6
SERVER_HANDSHAKE_TRAFFIC_SECRET f39c570c52d217d0d66b2a8ab59ef443255984c28e6fd04355c4774987176481 761b7ac80c71b05751d3c56f84804b1e230983efb99ae67eeb412620639a9c69a339c2dda5f9f11cf125f32d21537f90
CLIENT_TRAFFIC_SECRET_0 f39c570c52d217d0d66b2a8ab59ef443255984c28e6fd04355c4774987176481 47547184f1d53fd06bffad8c8befea11566886462567bb8588ed6e7fb48c8c8967e16241fa9f79df7015a279ca3f5f95
SERVER_TRAFFIC_SECRET_0 f39c570c52d217d0d66b2a8ab59ef443255984c28e6fd04355c4774987176481 682eef9164c68e12ff59ff3ab470685c883a457979598c878e899f8f6b7f65b0f3fb5a97816907896ac90382b4e0d3d6
EXPORTER_SECRET f39c570c52d217d0d66b2a8ab59ef443255984c28e6fd04355c4774987176481 930b9836383e8918ddce307f89a429a2bea1ed9e06ab0548872f39786f8c4c3448b62024bea9c793778d5ab0b2559cb2
SERVER_HANDSHAKE_TRAFFIC_SECRET f39c570c52d217d0d66b2a8ab59ef443255984c28e6fd04355c4774987176481 761b7ac80c71b05751d3c56f84804b1e230983efb99ae67eeb412620639a9c69a339c2dda5f9f11cf125f32d21537f90
CLIENT_HANDSHAKE_TRAFFIC_SECRET f39c570c52d217d0d66b2a8ab59ef443255984c28e6fd04355c4774987176481 43f64d8810a03577b0555f87275b2cdfefaf270390a2162fc04914177eb597e17db2895333d0a4bdf4ad42c2ac857de6
CLIENT_HANDSHAKE_TRAFFIC_SECRET ffb9e207844218d239fd77dd815adab987ac76358462e5ac6281c0065a21e8fd 075dccbed0fa620731def9c2ccfe7aca6067447241e47962ddb10c3f14aabbdfe417ce9af65755133c787387f88cc63a
SERVER_HANDSHAKE_TRAFFIC_SECRET ffb9e207844218d239fd77dd815adab987ac76358462e5ac6281c0065a21e8fd 1fad42b468124d356ae04cc3f0a033f93b13fa9b33a0eff6ccfeaba4340cd5ab30c3f2b6b8fb41260a445732d81f5fa9
CLIENT_TRAFFIC_SECRET_0 ffb9e207844218d239fd77dd815adab987ac76358462e5ac6281c0065a21e8fd d0a9cbc1d73ce2e3d652a79a531be908ee05c52e3cfa2e1a1d0708da5587666215bf65d58ef0b74c740a632e16f7672a
SERVER_TRAFFIC_SECRET_0 ffb9e207844218d239fd77dd815adab987ac76358462e5ac6281c0065a21e8fd 81d52ce2c06974bcc226e0ecd880f6fba668577e8fd3e375e59cd4f0902f8b825af310c20748a8b4e3a174219c4f30b4
EXPORTER_SECRET ffb9e207844218d239fd77dd815adab987ac76358462e5ac6281c0065a21e8fd 8309cef9b3721353ace9acbea8cd5d17a0974533aab93d2f0df621a8340a18ec6d83a8c41867cfdd7a31fedfc8ab9a10
SERVER_HANDSHAKE_TRAFFIC_SECRET ffb9e207844218d239fd77dd815adab987ac76358462e5ac6281c0065a21e8fd 1fad42b468124d356ae04cc3f0a033f93b13fa9b33a0eff6ccfeaba4340cd5ab30c3f2b6b8fb41260a445732d81f5fa9
CLIENT_HANDSHAKE_TRAFFIC_SECRET ffb9e207844218d239fd77dd815adab987ac76358462e5ac6281c0065a21e8fd 075dccbed0fa620731def9c2ccfe7aca6067447241e47962ddb10c3f14aabbdfe417ce9af65755133c787387f88cc63a
CLIENT_HANDSHAKE_TRAFFIC_SECRET e0518f06eaaac3e7d5d5604132041fb01911b1613d5913384a3bc875bfa1fed7 b692b4d359da7ea9fe6fd532cc5c7504f24b8d70976600cb8eb4acb6facf31a8f72f9d8b95d9a7b2d45129b0ae40c8e6
SERVER_HANDSHAKE_TRAFFIC_SECRET e0518f06eaaac3e7d5d5604132041fb01911b1613d5913384a3bc875bfa1fed7 9032ddc86d644dbd667068315bccbd3c2ac38f31e408adfb2ea2e0e4a775f16c7b0830c86d912d0c30b58933173c824e
CLIENT_TRAFFIC_SECRET_0 e0518f06eaaac3e7d5d5604132041fb01911b1613d5913384a3bc875bfa1fed7 026b30843edd4464bc83554b6c21939f3fd58175ccdd8f2ce9cd5a37d191fc2bcbc65fcfa0bfbd180353914955101dac
SERVER_TRAFFIC_SECRET_0 e0518f06eaaac3e7d5d5604132041fb01911b1613d5913384a3bc875bfa1fed7 a79b87f91ca2807a80c639567374d3e1f79cbdfe518eb7b8c69bbde13a19d2d2b64a9098722fab52d4342c3cb39ae379
EXPORTER_SECRET e0518f06eaaac3e7d5d5604132041fb01911b1613d5913384a3bc875bfa1fed7 4a69b604e9f532bd3127630b693a01c23c936f1ced8dedf177b2d41aa6ef26ca4ee2be688934ea7c95aae7dfd6a7fcf9
SERVER_HANDSHAKE_TRAFFIC_SECRET e0518f06eaaac3e7d5d5604132041fb01911b1613d5913384a3bc875bfa1fed7 9032ddc86d644dbd667068315bccbd3c2ac38f31e408adfb2ea2e0e4a775f16c7b0830c86d912d0c30b58933173c824e
CLIENT_HANDSHAKE_TRAFFIC_SECRET e0518f06eaaac3e7d5d5604132041fb01911b1613d5913384a3bc875bfa1fed7 b692b4d359da7ea9fe6fd532cc5c7504f24b8d70976600cb8eb4acb6facf31a8f72f9d8b95d9a7b2d45129b0ae40c8e6
CLIENT_HANDSHAKE_TRAFFIC_SECRET abc408292174b75e8e47330b367fb0eeb87afda6fe8213746ad693de38bb1f15 995348140dda53e08c44b39a65b20d40d84636b547ff512fc0e093813e692659e455c72c9cdba088bcb4decdf7a7a663
SERVER_HANDSHAKE_TRAFFIC_SECRET abc408292174b75e8e47330b367fb0eeb87afda6fe8213746ad693de38bb1f15 829257151fe0218bda9e3d845e86bd05526d782085b24bcbb6643456b2a2c9f288dc0492a30b7b964615077aaab2d69a
CLIENT_TRAFFIC_SECRET_0 abc408292174b75e8e47330b367fb0eeb87afda6fe8213746ad693de38bb1f15 619588e9d0af264928d82596a8370ee92cd2f2f4c02363fe62af687770d8a50b3170061545f46ef26785fa705e55e8d1
SERVER_TRAFFIC_SECRET_0 abc408292174b75e8e47330b367fb0eeb87afda6fe8213746ad693de38bb1f15 cfe3391b59a893864c787184f1a853206b495cc9c68188fca7f783ef32fd066bc790eb8f96b5b66fd01613f30e47aef8
EXPORTER_SECRET abc408292174b75e8e47330b367fb0eeb87afda6fe8213746ad693de38bb1f15 c6422a98b5313d19fd4017f359a42f1ee0679d6a52b6f4485a9072ab2997a6f7e51373346255f0b59ec487fd439963a9
SERVER_HANDSHAKE_TRAFFIC_SECRET abc408292174b75e8e47330b367fb0eeb87afda6fe8213746ad693de38bb1f15 829257151fe0218bda9e3d845e86bd05526d782085b24bcbb6643456b2a2c9f288dc0492a30b7b964615077aaab2d69a
CLIENT_HANDSHAKE_TRAFFIC_SECRET abc408292174b75e8e47330b367fb0eeb87afda6fe8213746ad693de38bb1f15 995348140dda53e08c44b39a65b20d40d84636b547ff512fc0e093813e692659e455c72c9cdba088bcb4decdf7a7a663
CLIENT_HANDSHAKE_TRAFFIC_SECRET 8a75cff5e0c2d0d8c27ee0b41b94c454f4665190d5d4f1cd0e42befb3481c885 a69910a57834217aa690256da0cf655553dd6c198cb6846efa2e8adc92c7ec14bc57d7563cdeab50bb709e6725194ac3
SERVER_HANDSHAKE_TRAFFIC_SECRET 8a75cff5e0c2d0d8c27ee0b41b94c454f4665190d5d4f1cd0e42befb3481c885 f144e825e9ec7338982ff26239fcf5e52821977e5c3e7883b6872f47fa50cdbb47d6181e89ebf09ed198a08ce5e1cd7b
CLIENT_TRAFFIC_SECRET_0 8a75cff5e0c2d0d8c27ee0b41b94c454f4665190d5d4f1cd0e42befb3481c885 9e55d5ca61293504eb4e352db9d25ff95ab509f56d6ea41d0e9576f6de24f42021aca7f84260f292432e62ecd6f0eab3
SERVER_TRAFFIC_SECRET_0 8a75cff5e0c2d0d8c27ee0b41b94c454f4665190d5d4f1cd0e42befb3481c885 1065a047457a312d111d36ff79fb114c771518dcb05f5dcf9b6f05d2c72fc7e69d826321d33989a75e8b4496315a739c
EXPORTER_SECRET 8a75cff5e0c2d0d8c27ee0b41b94c454f4665190d5d4f1cd0e42befb3481c885 3e40f126a17b18be04d6fc6e9699973227ec5972ce37306f85aa9ad935b8de885b5c09308066dacd3ece74353f47dbf5
SERVER_HANDSHAKE_TRAFFIC_SECRET 8a75cff5e0c2d0d8c27ee0b41b94c454f4665190d5d4f1cd0e42befb3481c885 f144e825e9ec7338982ff26239fcf5e52821977e5c3e7883b6872f47fa50cdbb47d6181e89ebf09ed198a08ce5e1cd7b
CLIENT_HANDSHAKE_TRAFFIC_SECRET 8a75cff5e0c2d0d8c27ee0b41b94c454f4665190d5d4f1cd0e42befb3481c885 a69910a57834217aa690256da0cf655553dd6c198cb6846efa2e8adc92c7ec14bc57d7563cdeab50bb709e6725194ac3
CLIENT_HANDSHAKE_TRAFFIC_SECRET 76a24525363e3fec8d01683b4965429f2f45150e7e7722f4b11d95a6229df7fa 06d50f0b4ef782128070a69e57ca760c4b73e919c53602d61ae23a3559ab080c6116a515e54583e15f4c9a57a7674085
SERVER_HANDSHAKE_TRAFFIC_SECRET 76a24525363e3fec8d01683b4965429f2f45150e7e7722f4b11d95a6229df7fa 3b315542799386c70783edf85aadc425f35f3781efe1f1b4ef658630b0dd9c2693d8510807217e1a8cc87a5fbd568d68
CLIENT_TRAFFIC_SECRET_0 76a24525363e3fec8d01683b4965429f2f45150e7e7722f4b11d95a6229df7fa bd954f27bbbe0a189e94d35d7a455216dd4fcabecf9120b09e21222cd820626c912b95d01d4cd6d20050c5d8efd80739
SERVER_TRAFFIC_SECRET_0 76a24525363e3fec8d01683b4965429f2f45150e7e7722f4b11d95a6229df7fa 0016986fb94b4dbfe2c7d06c67d412df77c6603748a82baa9a022c46f538231977526a27e238410678b7a9d999e670ef
EXPORTER_SECRET 76a24525363e3fec8d01683b4965429f2f45150e7e7722f4b11d95a6229df7fa ec22e65f35b1579726ca87ed7ab582cede51c7f57280c238a2c4b0daa41806a010ea37544b14146c7bb839c18b40a4dc
SERVER_HANDSHAKE_TRAFFIC_SECRET 76a24525363e3fec8d01683b4965429f2f45150e7e7722f4b11d95a6229df7fa 3b315542799386c70783edf85aadc425f35f3781efe1f1b4ef658630b0dd9c2693d8510807217e1a8cc87a5fbd568d68
CLIENT_HANDSHAKE_TRAFFIC_SECRET 76a24525363e3fec8d01683b4965429f2f45150e7e7722f4b11d95a6229df7fa 06d50f0b4ef782128070a69e57ca760c4b73e919c53602d61ae23a3559ab080c6116a515e54583e15f4c9a57a7674085
CLIENT_HANDSHAKE_TRAFFIC_SECRET 2f52b7d37105d074db0927436884af7d1a86e4829923f4b8d3a4a3083193d2d2 c6ef107eb37e35f71d62288071d59e72161e8c5578bb5f9308b2e8ad2b48a5c1da0f18dfd3d223c67c23cfcf02a19f4f
SERVER_HANDSHAKE_TRAFFIC_SECRET 2f52b7d37105d074db0927436884af7d1a86e4829923f4b8d3a4a3083193d2d2 369c920d36bc7676bbc5633e7995bfd6dd0bfe1f2ae101b08061b50f876d68a3dee67dbc09748b18f96d8a10cb057482
CLIENT_TRAFFIC_SECRET_0 2f52b7d37105d074db0927436884af7d1a86e4829923f4b8d3a4a3083193d2d2 bf9afbfcd075a4906ec37a4a2168c1acd4240fb1920b1fbc22af9bab8d2df85f6f4ac0bbbe0b35fc1870060da6e0dd76
SERVER_TRAFFIC_SECRET_0 2f52b7d37105d074db0927436884af7d1a86e4829923f4b8d3a4a3083193d2d2 9e12f4f67a272018d86c1ac16423484ca2bc1a13ef9d1215849775ad8f41776a8b23d55eed392f1022825a9ecab38dc5
EXPORTER_SECRET 2f52b7d37105d074db0927436884af7d1a86e4829923f4b8d3a4a3083193d2d2 2ee82527424917c74faa5f50e98e5c7a5fea378c858a622d9454a5b6316c7dbf0c80cf91284c7db68fb521a83539268d
SERVER_HANDSHAKE_TRAFFIC_SECRET 2f52b7d37105d074db0927436884af7d1a86e4829923f4b8d3a4a3083193d2d2 369c920d36bc7676bbc5633e7995bfd6dd0bfe1f2ae101b08061b50f876d68a3dee67dbc09748b18f96d8a10cb057482
CLIENT_HANDSHAKE_TRAFFIC_SECRET 2f52b7d37105d074db0927436884af7d1a86e4829923f4b8d3a4a3083193d2d2 c6ef107eb37e35f71d62288071d59e72161e8c5578bb5f9308b2e8ad2b48a5c1da0f18dfd3d223c67c23cfcf02a19f4f
CLIENT_HANDSHAKE_TRAFFIC_SECRET 2ef762bf7ba5a4e1cd2fce24f5ce885d5368eb0a690dfa37fdf5c482dca04417 495c9bc24ac715723de6b37b46ab002bec960c1b2fcdbb501b5dae4c47e66132f75e54b6bcb5ef4b0ae2be37e8768fb6
SERVER_HANDSHAKE_TRAFFIC_SECRET 2ef762bf7ba5a4e1cd2fce24f5ce885d5368eb0a690dfa37fdf5c482dca04417 eb3de0f1177329fc421ebd3f393620db0b98fa90169048a1b21de0e50ccfe91943ad514c5c68a21f1370e7c1ee9759f8
CLIENT_TRAFFIC_SECRET_0 2ef762bf7ba5a4e1cd2fce24f5ce885d5368eb0a690dfa37fdf5c482dca04417 33a96c979fe6b364cfa78fb59bf18a75c27f931d46cf42d10b0fc4e466da4cf1e6ac9d82debc61a3fb8692b0e127314f
SERVER_TRAFFIC_SECRET_0 2ef762bf7ba5a4e1cd2fce24f5ce885d5368eb0a690dfa37fdf5c482dca04417 f234f94b87b21bfa88a2cebe863099ee29f20f3d4f737bed44ddf61afabcc477a08e3ab0f674127c2909ce564c3c0ef6
EXPORTER_SECRET 2ef762bf7ba5a4e1cd2fce24f5ce885d5368eb0a690dfa37fdf5c482dca04417 8fcef9467aeef64ae954dd9bee016d4404953e2dd7c2fab102d7a4f8162341505dbe9713d9a2b5a12aa20aa9162fa8bb
SERVER_HANDSHAKE_TRAFFIC_SECRET 2ef762bf7ba5a4e1cd2fce24f5ce885d5368eb0a690dfa37fdf5c482dca04417 eb3de0f1177329fc421ebd3f393620db0b98fa90169048a1b21de0e50ccfe91943ad514c5c68a21f1370e7c1ee9759f8
CLIENT_HANDSHAKE_TRAFFIC_SECRET 2ef762bf7ba5a4e1cd2fce24f5ce885d5368eb0a690dfa37fdf5c482dca04417 495c9bc24ac715723de6b37b46ab002bec960c1b2fcdbb501b5dae4c47e66132f75e54b6bcb5ef4b0ae2be37e8768fb6
CLIENT_HANDSHAKE_TRAFFIC_SECRET d3efc799f8a58bda026fa4498ac3dcbe1cb97c95bfd0fba94aa25699f9fa477e d57b515f14254f9f112120256293a289fe476e25296ec515d7101f9074bdf27764bd3825b2535cc510bd7d009b0fe0b1
SERVER_HANDSHAKE_TRAFFIC_SECRET d3efc799f8a58bda026fa4498ac3dcbe1cb97c95bfd0fba94aa25699f9fa477e c2860cdd31d9f0e58fe1914bb2a6266ab05fed81d81a220d8ff264362051c2f2bd29daf2202be52f4f364f48f430865d
CLIENT_TRAFFIC_SECRET_0 d3efc799f8a58bda026fa4498ac3dcbe1cb97c95bfd0fba94aa25699f9fa477e 391227728fe0e16319b15c04d136c7205f66b7d21b21f71cea18c66ed45cbcc4a5222b463d2b25f8772cc10e7dcd38ba
SERVER_TRAFFIC_SECRET_0 d3efc799f8a58bda026fa4498ac3dcbe1cb97c95bfd0fba94aa25699f9fa477e c8d4581c334ce3a8e22172973c8e269c7f412a559657e31ef3ebc17b09c1eff6067f8b72b0af38b407408d92255385f2
EXPORTER_SECRET d3efc799f8a58bda026fa4498ac3dcbe1cb97c95bfd0fba94aa25699f9fa477e 758b09a5c405cb5b2ed7ac2178d94cc8adfda79bcca4ddf63942f5df6000c2f515e3274577d6640973719c91daa801b1
SERVER_HANDSHAKE_TRAFFIC_SECRET d3efc799f8a58bda026fa4498ac3dcbe1cb97c95bfd0fba94aa25699f9fa477e c2860cdd31d9f0e58fe1914bb2a6266ab05fed81d81a220d8ff264362051c2f2bd29daf2202be52f4f364f48f430865d
CLIENT_HANDSHAKE_TRAFFIC_SECRET d3efc799f8a58bda026fa4498ac3dcbe1cb97c95bfd0fba94aa25699f9fa477e d57b515f14254f9f112120256293a289fe476e25296ec515d7101f9074bdf27764bd3825b2535cc510bd7d009b0fe0b1
CLIENT_HANDSHAKE_TRAFFIC_SECRET 4ea3b74440b1491f9ead0b16137760881d5d85b2db797c54fa98025a8f269960 4cb693d55acc6438614c746af9f2894d60a61a5a32a4c5ee3cd894a52b194a7ddda167fea6e7385a300f1c22d47476bd
SERVER_HANDSHAKE_TRAFFIC_SECRET 4ea3b74440b1491f9ead0b16137760881d5d85b2db797c54fa98025a8f269960 ce7704b53e2d9ea3c38dfa1d302737e9fdb3c5a481c8ec3b895b5d0f9c3ef373ac017ea919cd2aaa3a3fb02e3b79a053
CLIENT_TRAFFIC_SECRET_0 4ea3b74440b1491f9ead0b16137760881d5d85b2db797c54fa98025a8f269960 223cb7e3de6fb963e133a9ea36695d5b63feec2acb8623a8494d1b4d6670191a445865759d8c194de148ffa5b78ea15e
SERVER_TRAFFIC_SECRET_0 4ea3b74440b1491f9ead0b16137760881d5d85b2db797c54fa98025a8f269960 1733819576ed69582f90d11adf7eee2b4143260de19e2729d1006a057b5bdd1c50ae59a47afd42cd0854097af3fc3b9b
EXPORTER_SECRET 4ea3b74440b1491f9ead0b16137760881d5d85b2db797c54fa98025a8f269960 eedda4b9a19f8a8e478b7f4238632087295cb283db8fdd4ac982fc29ece3d3364371e1c349452ae157248af9c0cee0bc
SERVER_HANDSHAKE_TRAFFIC_SECRET 4ea3b74440b1491f9ead0b16137760881d5d85b2db797c54fa98025a8f269960 ce7704b53e2d9ea3c38dfa1d302737e9fdb3c5a481c8ec3b895b5d0f9c3ef373ac017ea919cd2aaa3a3fb02e3b79a053
CLIENT_HANDSHAKE_TRAFFIC_SECRET 4ea3b74440b1491f9ead0b16137760881d5d85b2db797c54fa98025a8f269960 4cb693d55acc6438614c746af9f2894d60a61a5a32a4c5ee3cd894a52b194a7ddda167fea6e7385a300f1c22d47476bd
CLIENT_HANDSHAKE_TRAFFIC_SECRET d1c8c1956fb5efbf3fa693410b216bb735c4a7f2da5eac9c369d7e5a735e7661 31820f28a8b7e76e5f773292e92dd8e91c9be514259aa771460ecd80116cf62a5c2f6cd492b5040410bd7975f34843d6
SERVER_HANDSHAKE_TRAFFIC_SECRET d1c8c1956fb5efbf3fa693410b216bb735c4a7f2da5eac9c369d7e5a735e7661 16ce067b4f0bf0cf968f5eb0aeb1a40d2e0c5e3915753a34fb0175538106905b6dc25f996c9304e7271276a127ee923c
CLIENT_TRAFFIC_SECRET_0 d1c8c1956fb5efbf3fa693410b216bb735c4a7f2da5eac9c369d7e5a735e7661 47a9287885b4daba5ab9ab5c74526eb85cf614333ea55020a5163b2b4cea5711dea85fbd5830bdbfbbb51a4f5b0ea712
SERVER_TRAFFIC_SECRET_0 d1c8c1956fb5efbf3fa693410b216bb735c4a7f2da5eac9c369d7e5a735e7661 319c3d4afd8b8a03e1167e824a55eb23f8087bc91ef2a3192f12a8f3bd28b3cf6d7023e381c564d0ec51557f674aca9b
EXPORTER_SECRET d1c8c1956fb5efbf3fa693410b216bb735c4a7f2da5eac9c369d7e5a735e7661 63b5b52b03a0904191b1ec3049413957aefce9aa7c9416dbce82c3a5c4940245467c2dea066b855d4a8c6ecac1c88f73
SERVER_HANDSHAKE_TRAFFIC_SECRET d1c8c1956fb5efbf3fa693410b216bb735c4a7f2da5eac9c369d7e5a735e7661 16ce067b4f0bf0cf968f5eb0aeb1a40d2e0c5e3915753a34fb0175538106905b6dc25f996c9304e7271276a127ee923c
CLIENT_HANDSHAKE_TRAFFIC_SECRET d1c8c1956fb5efbf3fa693410b216bb735c4a7f2da5eac9c369d7e5a735e7661 31820f28a8b7e76e5f773292e92dd8e91c9be514259aa771460ecd80116cf62a5c2f6cd492b5040410bd7975f34843d6
