SERVER_HANDSHAKE_TRAFFIC_SECRET b97a3a346908b4dfc6279dc1ce27b03213dfef5df61333600b236b7461908d4e 5c9a67f3bec127dfe5e51487d50c27713298312682a24e5e683d98ad29cdeb5af161cf49895c1b5c1ad8df47ef8ea33a
CLIENT_HANDSHAKE_TRAFFIC_SECRET b97a3a346908b4dfc6279dc1ce27b03213dfef5df61333600b236b7461908d4e bf7f94237dee7024baf14eb087cdab0e30a16ece16a88d33f106857cc0503d28bc4edba954ba723c408c86a1de940157
SERVER_TRAFFIC_SECRET_0 b97a3a346908b4dfc6279dc1ce27b03213dfef5df61333600b236b7461908d4e 076d8b99174829eb8bfb52e1cf19b1bf02049e769008a5cca001d716bfbfde64e208abaf68c1744a8121f466544b7acf
EXPORTER_SECRET b97a3a346908b4dfc6279dc1ce27b03213dfef5df61333600b236b7461908d4e c44089f03fda6877327fd0050548606db76fae586a05e68e45a8853eb0c4cef8a0d6dcd3afc9e5f9d8d5b1be21981516
CLIENT_TRAFFIC_SECRET_0 b97a3a346908b4dfc6279dc1ce27b03213dfef5df61333600b236b7461908d4e c2d3e46934b632ba9da5edc7100089a87d0ca2fd2f2d1de0d4e7b4665e242914a1260ad43bd20dfdc68c744c49a8c4a7
SERVER_HANDSHAKE_TRAFFIC_SECRET b97a3a346908b4dfc6279dc1ce27b03213dfef5df61333600b236b7461908d4e 5c9a67f3bec127dfe5e51487d50c27713298312682a24e5e683d98ad29cdeb5af161cf49895c1b5c1ad8df47ef8ea33a
CLIENT_HANDSHAKE_TRAFFIC_SECRET b97a3a346908b4dfc6279dc1ce27b03213dfef5df61333600b236b7461908d4e bf7f94237dee7024baf14eb087cdab0e30a16ece16a88d33f106857cc0503d28bc4edba954ba723c408c86a1de940157
SERVER_TRAFFIC_SECRET_0 b97a3a346908b4dfc6279dc1ce27b03213dfef5df61333600b236b7461908d4e 076d8b99174829eb8bfb52e1cf19b1bf02049e769008a5cca001d716bfbfde64e208abaf68c1744a8121f466544b7acf
CLIENT_TRAFFIC_SECRET_0 b97a3a346908b4dfc6279dc1ce27b03213dfef5df61333600b236b7461908d4e c2d3e46934b632ba9da5edc7100089a87d0ca2fd2f2d1de0d4e7b4665e242914a1260ad43bd20dfdc68c744c49a8c4a7
CLIENT_TRAFFIC_SECRET_0 b97a3a346908b4dfc6279dc1ce27b03213dfef5df61333600b236b7461908d4e c2d3e46934b632ba9da5edc7100089a87d0ca2fd2f2d1de0d4e7b4665e242914a1260ad43bd20dfdc68c744c49a8c4a7
SERVER_HANDSHAKE_TRAFFIC_SECRET e29513074fe6daf936f8fde0771d0fa17df0dd84592e5d8f516bd948582749cc 0d7164777995250d083a342f6f677cd1fe726573df96db6bf7c2f16d6326cbeed91263205142aa033679626518fe694c
CLIENT_HANDSHAKE_TRAFFIC_SECRET e29513074fe6daf936f8fde0771d0fa17df0dd84592e5d8f516bd948582749cc 0b1bd7b9c9beb548fd80ce69ef9cf3aef14886be5a4427cca14f30d3ce3e7c1485e35cc29519c415b15f7dea4618a8a3
SERVER_TRAFFIC_SECRET_0 e29513074fe6daf936f8fde0771d0fa17df0dd84592e5d8f516bd948582749cc 3168d484b603337c6861c38f33c8190561fa80d1ff6b044dbabe7f49a3938c8cb79a665d3a84741743e4dc46cbf494b6
EXPORTER_SECRET e29513074fe6daf936f8fde0771d0fa17df0dd84592e5d8f516bd948582749cc 9ef523720df493d87f9c3a95a0c9a92c85bedba39e0075adfa6078d80c9d76846ea07fe045ae6ac292b250469a7d3f3b
CLIENT_TRAFFIC_SECRET_0 e29513074fe6daf936f8fde0771d0fa17df0dd84592e5d8f516bd948582749cc 0018d4ac3dd5f70b251c6994b084ba9d8c5444363cfa04ca91bff56b0e1b7ec2e863fb2d4dca2e169484b0f93bbbdc2b
SERVER_HANDSHAKE_TRAFFIC_SECRET e29513074fe6daf936f8fde0771d0fa17df0dd84592e5d8f516bd948582749cc 0d7164777995250d083a342f6f677cd1fe726573df96db6bf7c2f16d6326cbeed91263205142aa033679626518fe694c
CLIENT_HANDSHAKE_TRAFFIC_SECRET e29513074fe6daf936f8fde0771d0fa17df0dd84592e5d8f516bd948582749cc 0b1bd7b9c9beb548fd80ce69ef9cf3aef14886be5a4427cca14f30d3ce3e7c1485e35cc29519c415b15f7dea4618a8a3
SERVER_TRAFFIC_SECRET_0 e29513074fe6daf936f8fde0771d0fa17df0dd84592e5d8f516bd948582749cc 3168d484b603337c6861c38f33c8190561fa80d1ff6b044dbabe7f49a3938c8cb79a665d3a84741743e4dc46cbf494b6
CLIENT_TRAFFIC_SECRET_0 e29513074fe6daf936f8fde0771d0fa17df0dd84592e5d8f516bd948582749cc 0018d4ac3dd5f70b251c6994b084ba9d8c5444363cfa04ca91bff56b0e1b7ec2e863fb2d4dca2e169484b0f93bbbdc2b
CLIENT_TRAFFIC_SECRET_0 e29513074fe6daf936f8fde0771d0fa17df0dd84592e5d8f516bd948582749cc 0018d4ac3dd5f70b251c6994b084ba9d8c5444363cfa04ca91bff56b0e1b7ec2e863fb2d4dca2e169484b0f93bbbdc2b
SERVER_HANDSHAKE_TRAFFIC_SECRET 47348138872827f686a39d899028f3c2f148d0465c741372143fb6d30b37507c 6574b0aeefc9e137bfee331707c1f66a79cb98ea6a3044bc34ddf76517640c1c
EXPORTER_SECRET 47348138872827f686a39d899028f3c2f148d0465c741372143fb6d30b37507c c04264c6067f8594a2bb7658324c59f9546d2b2daa2d0659f2072c0646f75a5e
SERVER_TRAFFIC_SECRET_0 47348138872827f686a39d899028f3c2f148d0465c741372143fb6d30b37507c 717d5f3ccface29a622a56563acebc61f04b6cec2196099e9d569f6b1f96146e
CLIENT_HANDSHAKE_TRAFFIC_SECRET 47348138872827f686a39d899028f3c2f148d0465c741372143fb6d30b37507c 96cf1044cdb191cf4a46bffaf2ea4627b4f0f527f9fa22e8bd4f1666f818dad9
CLIENT_TRAFFIC_SECRET_0 47348138872827f686a39d899028f3c2f148d0465c741372143fb6d30b37507c dbccf2a095a3a23a9759b3dd1b4f91532dc5cd241e1e74fe015c50dc19da42bb
SERVER_HANDSHAKE_TRAFFIC_SECRET dacd33bf362c1cb26ee46bc16a0b4c30762a4dab347c30ce97ce201709d858d1 158b8839ba52ca89965aeaa3c43c13d2088c74f52944a4c6460ee4a13b7921f7
EXPORTER_SECRET dacd33bf362c1cb26ee46bc16a0b4c30762a4dab347c30ce97ce201709d858d1 8c2a7a2b6c5d019620aaa33886520f698146aa3ac96db3c87161fbdd98538e69
SERVER_TRAFFIC_SECRET_0 dacd33bf362c1cb26ee46bc16a0b4c30762a4dab347c30ce97ce201709d858d1 977d6c15e7e966a357fdceda0ba1c7eac9faa217966f07d6619b50b7a077b99d
CLIENT_HANDSHAKE_TRAFFIC_SECRET dacd33bf362c1cb26ee46bc16a0b4c30762a4dab347c30ce97ce201709d858d1 188c6e43941281ac65c5c4872b8c70209ebb42c4b59186cfce9a707cece9b069
CLIENT_TRAFFIC_SECRET_0 dacd33bf362c1cb26ee46bc16a0b4c30762a4dab347c30ce97ce201709d858d1 2fa846b96ec81abfc4f3aa51d71be4b87466178c6bdb340160f11193b722c26d
SERVER_HANDSHAKE_TRAFFIC_SECRET d6bbf85fb56cf69eb302670c5248c980bfc5b5c38ba8ff749dfe96ff5cf9c8ca 60b205f19a1d257da406b378d35e9588bcec812d2948cad70e84ca57e36daf3c
EXPORTER_SECRET d6bbf85fb56cf69eb302670c5248c980bfc5b5c38ba8ff749dfe96ff5cf9c8ca a7c2616df4c6040b15c94d34c2d9f7ff39606fb6a96f523892b19f9aef75fffe
SERVER_TRAFFIC_SECRET_0 d6bbf85fb56cf69eb302670c5248c980bfc5b5c38ba8ff749dfe96ff5cf9c8ca 09f60eb88318c36c75ef4ae1f76d64c4a61da15beae31c817a8dc3f774899d25
CLIENT_HANDSHAKE_TRAFFIC_SECRET d6bbf85fb56cf69eb302670c5248c980bfc5b5c38ba8ff749dfe96ff5cf9c8ca b88c22beba3fa5f8fa2a3b267d7bea167884aec93b3d6f069398a160d4b956d3
CLIENT_TRAFFIC_SECRET_0 d6bbf85fb56cf69eb302670c5248c980bfc5b5c38ba8ff749dfe96ff5cf9c8ca 0435c714a30b565ab4d61d420a6a52cebacd5c6f61364aa97b76c53080177882
SERVER_HANDSHAKE_TRAFFIC_SECRET dcbc511f14e9d071d2b033c583826bdb147da487f08931cddf0a733d44621b96 34a880e6c4751f993467721b60cee220a920f85bc996ebf8099eb12209d0e130addfb262767f66d9504583ca598d735a
CLIENT_HANDSHAKE_TRAFFIC_SECRET dcbc511f14e9d071d2b033c583826bdb147da487f08931cddf0a733d44621b96 e9a8e92f757f0d8ab77f4accd811fa5e04b86cd9de123b6df140919555d0ca8d8d62f9762c89ed6af8d93d6824e8417b
SERVER_TRAFFIC_SECRET_0 dcbc511f14e9d071d2b033c583826bdb147da487f08931cddf0a733d44621b96 a2d0ab52816cd1967fc6775e82042176380463826c1e4f79a32af70c4259452dcba4a1c520b925eda419b1761176a37d
EXPORTER_SECRET dcbc511f14e9d071d2b033c583826bdb147da487f08931cddf0a733d44621b96 0951af82ff6a545f20e84f8e546588d745942a838f309fe24de4cc4192812af6ae5b76cbd68720b034af952d5a3ced99
CLIENT_TRAFFIC_SECRET_0 dcbc511f14e9d071d2b033c583826bdb147da487f08931cddf0a733d44621b96 9671642a3fe72f06e41b47ebfaa57d7e0936bac669b67fc1b5026b6b9060ec257256e5e37c15f0a610e00ccba7238c5e
SERVER_HANDSHAKE_TRAFFIC_SECRET dcbc511f14e9d071d2b033c583826bdb147da487f08931cddf0a733d44621b96 34a880e6c4751f993467721b60cee220a920f85bc996ebf8099eb12209d0e130addfb262767f66d9504583ca598d735a
CLIENT_HANDSHAKE_TRAFFIC_SECRET dcbc511f14e9d071d2b033c583826bdb147da487f08931cddf0a733d44621b96 e9a8e92f757f0d8ab77f4accd811fa5e04b86cd9de123b6df140919555d0ca8d8d62f9762c89ed6af8d93d6824e8417b
SERVER_TRAFFIC_SECRET_0 dcbc511f14e9d071d2b033c583826bdb147da487f08931cddf0a733d44621b96 a2d0ab52816cd1967fc6775e82042176380463826c1e4f79a32af70c4259452dcba4a1c520b925eda419b1761176a37d
CLIENT_TRAFFIC_SECRET_0 dcbc511f14e9d071d2b033c583826bdb147da487f08931cddf0a733d44621b96 9671642a3fe72f06e41b47ebfaa57d7e0936bac669b67fc1b5026b6b9060ec257256e5e37c15f0a610e00ccba7238c5e
CLIENT_TRAFFIC_SECRET_0 dcbc511f14e9d071d2b033c583826bdb147da487f08931cddf0a733d44621b96 9671642a3fe72f06e41b47ebfaa57d7e0936bac669b67fc1b5026b6b9060ec257256e5e37c15f0a610e00ccba7238c5e
SERVER_HANDSHAKE_TRAFFIC_SECRET 3aa466f11c76b46b1572877b69c7deb1e67e06ca66722c8f3efc78f863a4db3e 6ee75af85ae7c580b74840833b0e5876527c930a8457b78c072faf0ef17583691f0306537bfc4659485aa6ee136271a7
CLIENT_HANDSHAKE_TRAFFIC_SECRET 3aa466f11c76b46b1572877b69c7deb1e67e06ca66722c8f3efc78f863a4db3e 88714469404ddd5d5a165b42b0868679623aba0c830963d00634270e5122e3197fad48f681976c43aa032b86cb85dd3f
SERVER_TRAFFIC_SECRET_0 3aa466f11c76b46b1572877b69c7deb1e67e06ca66722c8f3efc78f863a4db3e 362d620db0c4c8f55a57998bc9e87caf8ff2d4450f3f72e3c626ecfc1e62d631380f122cd5e4ba55aa41c29744c82792
EXPORTER_SECRET 3aa466f11c76b46b1572877b69c7deb1e67e06ca66722c8f3efc78f863a4db3e bdd809950e0150080bbc39bbc4f9d84a575defa6bc7348d70cb198393a97e1a5daf8e33737e30771b8c87636ea89faf4
CLIENT_TRAFFIC_SECRET_0 3aa466f11c76b46b1572877b69c7deb1e67e06ca66722c8f3efc78f863a4db3e 05489ec7166216875920067f2575d0b66e2edf06cd914342ee4d14bf39dba95d1cfda180d94ea2e590703f62efa4e94a
SERVER_HANDSHAKE_TRAFFIC_SECRET 3aa466f11c76b46b1572877b69c7deb1e67e06ca66722c8f3efc78f863a4db3e 6ee75af85ae7c580b74840833b0e5876527c930a8457b78c072faf0ef17583691f0306537bfc4659485aa6ee136271a7
CLIENT_HANDSHAKE_TRAFFIC_SECRET 3aa466f11c76b46b1572877b69c7deb1e67e06ca66722c8f3efc78f863a4db3e 88714469404ddd5d5a165b42b0868679623aba0c830963d00634270e5122e3197fad48f681976c43aa032b86cb85dd3f
SERVER_TRAFFIC_SECRET_0 3aa466f11c76b46b1572877b69c7deb1e67e06ca66722c8f3efc78f863a4db3e 362d620db0c4c8f55a57998bc9e87caf8ff2d4450f3f72e3c626ecfc1e62d631380f122cd5e4ba55aa41c29744c82792
CLIENT_TRAFFIC_SECRET_0 3aa466f11c76b46b1572877b69c7deb1e67e06ca66722c8f3efc78f863a4db3e 05489ec7166216875920067f2575d0b66e2edf06cd914342ee4d14bf39dba95d1cfda180d94ea2e590703f62efa4e94a
CLIENT_TRAFFIC_SECRET_0 3aa466f11c76b46b1572877b69c7deb1e67e06ca66722c8f3efc78f863a4db3e 05489ec7166216875920067f2575d0b66e2edf06cd914342ee4d14bf39dba95d1cfda180d94ea2e590703f62efa4e94a
SERVER_HANDSHAKE_TRAFFIC_SECRET 0a6f617acd4321554555e2df3eebba166d231bb4837ed6652157f64bd1b89213 96bc1eba78a56ec000a7b164eec5dbd3bb30ead2ee3d51f910cd4209f72a3dbf780cd5b64518f638bcfcef7abc451957
CLIENT_HANDSHAKE_TRAFFIC_SECRET 0a6f617acd4321554555e2df3eebba166d231bb4837ed6652157f64bd1b89213 e899e615947a4b9449abfdd1d82b03527b93b883f757532034ddcd78dfb9a5a25ff715f30f55900808fa204bf6dafa1a
SERVER_TRAFFIC_SECRET_0 0a6f617acd4321554555e2df3eebba166d231bb4837ed6652157f64bd1b89213 39a80efed51fe27227e0efae9084444d04a8e0a28428a7c7b67c35a026458f9d3dc22c581f77c90d70c81e8b0a04384f
EXPORTER_SECRET 0a6f617acd4321554555e2df3eebba166d231bb4837ed6652157f64bd1b89213 22e517e9dff9fb6a1231f0a1772ba438d552df1f1425411c27f91da016f598bf393d03a668e682978e589534e8510a13
CLIENT_TRAFFIC_SECRET_0 0a6f617acd4321554555e2df3eebba166d231bb4837ed6652157f64bd1b89213 61ec4829ac9949e3f7d309695f1bbfbcfbb0be159ec99ce8c345141e1ca3facad544c53922a5360f5125bd1004c23754
SERVER_HANDSHAKE_TRAFFIC_SECRET 0a6f617acd4321554555e2df3eebba166d231bb4837ed6652157f64bd1b89213 96bc1eba78a56ec000a7b164eec5dbd3bb30ead2ee3d51f910cd4209f72a3dbf780cd5b64518f638bcfcef7abc451957
CLIENT_HANDSHAKE_TRAFFIC_SECRET 0a6f617acd4321554555e2df3eebba166d231bb4837ed6652157f64bd1b89213 e899e615947a4b9449abfdd1d82b03527b93b883f757532034ddcd78dfb9a5a25ff715f30f55900808fa204bf6dafa1a
SERVER_TRAFFIC_SECRET_0 0a6f617acd4321554555e2df3eebba166d231bb4837ed6652157f64bd1b89213 39a80efed51fe27227e0efae9084444d04a8e0a28428a7c7b67c35a026458f9d3dc22c581f77c90d70c81e8b0a04384f
CLIENT_TRAFFIC_SECRET_0 0a6f617acd4321554555e2df3eebba166d231bb4837ed6652157f64bd1b89213 61ec4829ac9949e3f7d309695f1bbfbcfbb0be159ec99ce8c345141e1ca3facad544c53922a5360f5125bd1004c23754
CLIENT_TRAFFIC_SECRET_0 0a6f617acd4321554555e2df3eebba166d231bb4837ed6652157f64bd1b89213 61ec4829ac9949e3f7d309695f1bbfbcfbb0be159ec99ce8c345141e1ca3facad544c53922a5360f5125bd1004c23754
SERVER_HANDSHAKE_TRAFFIC_SECRET 1e37996ece96ad53451d9ad2ce0b4cd39734db8c2d7964656695b04e8b20edb4 49fb6021b9e7a5d3953fb58ad184248aa05bcf02a0a171d58f99440b1d903ab642015982074228730e7db0b9801d6132
CLIENT_HANDSHAKE_TRAFFIC_SECRET 1e37996ece96ad53451d9ad2ce0b4cd39734db8c2d7964656695b04e8b20edb4 716d7b8688e929f3ef8122081852102a35090f03baf344f6e5efdc404ea809f53252eeb2da4d0dbb41a1854c2aa756bb
SERVER_TRAFFIC_SECRET_0 1e37996ece96ad53451d9ad2ce0b4cd39734db8c2d7964656695b04e8b20edb4 fe530fc54867e9580ffd3ce09e866889d820b0eeb50743525dcc4c34112dc2ada34aa278f7d83a45e64f63a3f7f46b59
EXPORTER_SECRET 1e37996ece96ad53451d9ad2ce0b4cd39734db8c2d7964656695b04e8b20edb4 cd22e01e9fa079aa98631283e7df2bbcfe37c482c7efb7134a110737872a15825995a190cb56c8ab8e1586d6d76d7087
CLIENT_TRAFFIC_SECRET_0 1e37996ece96ad53451d9ad2ce0b4cd39734db8c2d7964656695b04e8b20edb4 7d1b1223b851227548b00b0076f0c1ec61e5aacbd126e799fe249bbc7182a50ee76b831d6aed022e31a707f1d6a4709a
SERVER_HANDSHAKE_TRAFFIC_SECRET 1e37996ece96ad53451d9ad2ce0b4cd39734db8c2d7964656695b04e8b20edb4 49fb6021b9e7a5d3953fb58ad184248aa05bcf02a0a171d58f99440b1d903ab642015982074228730e7db0b9801d6132
CLIENT_HANDSHAKE_TRAFFIC_SECRET 1e37996ece96ad53451d9ad2ce0b4cd39734db8c2d7964656695b04e8b20edb4 716d7b8688e929f3ef8122081852102a35090f03baf344f6e5efdc404ea809f53252eeb2da4d0dbb41a1854c2aa756bb
SERVER_TRAFFIC_SECRET_0 1e37996ece96ad53451d9ad2ce0b4cd39734db8c2d7964656695b04e8b20edb4 fe530fc54867e9580ffd3ce09e866889d820b0eeb50743525dcc4c34112dc2ada34aa278f7d83a45e64f63a3f7f46b59
CLIENT_TRAFFIC_SECRET_0 1e37996ece96ad53451d9ad2ce0b4cd39734db8c2d7964656695b04e8b20edb4 7d1b1223b851227548b00b0076f0c1ec61e5aacbd126e799fe249bbc7182a50ee76b831d6aed022e31a707f1d6a4709a
CLIENT_TRAFFIC_SECRET_0 1e37996ece96ad53451d9ad2ce0b4cd39734db8c2d7964656695b04e8b20edb4 7d1b1223b851227548b00b0076f0c1ec61e5aacbd126e799fe249bbc7182a50ee76b831d6aed022e31a707f1d6a4709a
SERVER_HANDSHAKE_TRAFFIC_SECRET 6b650a9f31c44f61f7c398391548537103df090ff798645b91b5249cb0aad4c8 e1abdefadd790c984cf6f8ae5f16d59bedf9fff11ba76af28e089b98074c1c7b626489776b0958edd40cc90f6d74c574
CLIENT_HANDSHAKE_TRAFFIC_SECRET 6b650a9f31c44f61f7c398391548537103df090ff798645b91b5249cb0aad4c8 d8f81fb2a544a271e98cf0db78829d49e9c8a53ecf84abb2420f061e2b938d3b84a76439f476f114eea95873ddbfc2eb
SERVER_TRAFFIC_SECRET_0 6b650a9f31c44f61f7c398391548537103df090ff798645b91b5249cb0aad4c8 d933691d52eab908558b90fb8cf0e2d4ce799b44142c066ce08e9b13e3ee0991c62a19537c491b798677f724f903694d
EXPORTER_SECRET 6b650a9f31c44f61f7c398391548537103df090ff798645b91b5249cb0aad4c8 baead628e5f528b676fca00089e88e1241f59c0c9a9795bc2515295d17bd2796fbb0d41dcdee933decc3591b26cd3e11
CLIENT_TRAFFIC_SECRET_0 6b650a9f31c44f61f7c398391548537103df090ff798645b91b5249cb0aad4c8 56465bd48f676977afdc9af25b0b2d61d5c6a14b72cbbbad1219f16c4ed9465ec3647aa8aa40ef7ab778da9a8e41d039
SERVER_HANDSHAKE_TRAFFIC_SECRET 6b650a9f31c44f61f7c398391548537103df090ff798645b91b5249cb0aad4c8 e1abdefadd790c984cf6f8ae5f16d59bedf9fff11ba76af28e089b98074c1c7b626489776b0958edd40cc90f6d74c574
CLIENT_HANDSHAKE_TRAFFIC_SECRET 6b650a9f31c44f61f7c398391548537103df090ff798645b91b5249cb0aad4c8 d8f81fb2a544a271e98cf0db78829d49e9c8a53ecf84abb2420f061e2b938d3b84a76439f476f114eea95873ddbfc2eb
SERVER_TRAFFIC_SECRET_0 6b650a9f31c44f61f7c398391548537103df090ff798645b91b5249cb0aad4c8 d933691d52eab908558b90fb8cf0e2d4ce799b44142c066ce08e9b13e3ee0991c62a19537c491b798677f724f903694d
CLIENT_TRAFFIC_SECRET_0 6b650a9f31c44f61f7c398391548537103df090ff798645b91b5249cb0aad4c8 56465bd48f676977afdc9af25b0b2d61d5c6a14b72cbbbad1219f16c4ed9465ec3647aa8aa40ef7ab778da9a8e41d039
SERVER_HANDSHAKE_TRAFFIC_SECRET 0df37e05bd6d3ceb52c0d1249da59ca8ad43a68509f1156ac6382366e00a0759 2da1d6fd1d93a13f15ce74141e7ca3210809a04a92d6fa53a7d031755648884907db6757d5a3dd6c144cb86156996369
CLIENT_HANDSHAKE_TRAFFIC_SECRET 0df37e05bd6d3ceb52c0d1249da59ca8ad43a68509f1156ac6382366e00a0759 4aef0a7e42204647988eabf7c0c6271157db0b9af80a4dc10799a5432a25d120df70b2499feaceaf73d25c07926185d5
SERVER_TRAFFIC_SECRET_0 0df37e05bd6d3ceb52c0d1249da59ca8ad43a68509f1156ac6382366e00a0759 5521715f1e7c2e8f096302453c34792a5fcd2d5b9334051c3c98603dba8fc45d88a889f8d7be59c9384982bbf68f331a
EXPORTER_SECRET 0df37e05bd6d3ceb52c0d1249da59ca8ad43a68509f1156ac6382366e00a0759 2ca5d0cf318f76b7ba895c16f2a71f227c275387fd605c69b32a758dbdd0a7ecfa57047c21f90f1dc50354d655c0bff7
CLIENT_TRAFFIC_SECRET_0 0df37e05bd6d3ceb52c0d1249da59ca8ad43a68509f1156ac6382366e00a0759 4a81642e6998dd46d78293cb6b2cf1ba65ec3330242ce726f6c2f25755b55a011b23b373b9380e1860dfe9e6dc5f8388
SERVER_HANDSHAKE_TRAFFIC_SECRET 0df37e05bd6d3ceb52c0d1249da59ca8ad43a68509f1156ac6382366e00a0759 2da1d6fd1d93a13f15ce74141e7ca3210809a04a92d6fa53a7d031755648884907db6757d5a3dd6c144cb86156996369
CLIENT_HANDSHAKE_TRAFFIC_SECRET 0df37e05bd6d3ceb52c0d1249da59ca8ad43a68509f1156ac6382366e00a0759 4aef0a7e42204647988eabf7c0c6271157db0b9af80a4dc10799a5432a25d120df70b2499feaceaf73d25c07926185d5
SERVER_TRAFFIC_SECRET_0 0df37e05bd6d3ceb52c0d1249da59ca8ad43a68509f1156ac6382366e00a0759 5521715f1e7c2e8f096302453c34792a5fcd2d5b9334051c3c98603dba8fc45d88a889f8d7be59c9384982bbf68f331a
CLIENT_TRAFFIC_SECRET_0 0df37e05bd6d3ceb52c0d1249da59ca8ad43a68509f1156ac6382366e00a0759 4a81642e6998dd46d78293cb6b2cf1ba65ec3330242ce726f6c2f25755b55a011b23b373b9380e1860dfe9e6dc5f8388
CLIENT_TRAFFIC_SECRET_0 0df37e05bd6d3ceb52c0d1249da59ca8ad43a68509f1156ac6382366e00a0759 4a81642e6998dd46d78293cb6b2cf1ba65ec3330242ce726f6c2f25755b55a011b23b373b9380e1860dfe9e6dc5f8388
SERVER_HANDSHAKE_TRAFFIC_SECRET a4b02b1cb502f6b3058cd8ff5d96533a066feaa46263fd533e72380e042e1485 d5f0f5d6acc4657ae8327ec661f1b722b2e772c5510193cb2518bd5c55b038aa0cfa66d345c42871dbd9546b8f7040d1
CLIENT_HANDSHAKE_TRAFFIC_SECRET a4b02b1cb502f6b3058cd8ff5d96533a066feaa46263fd533e72380e042e1485 220ea711efff84c74cba0a199c23013a6ab33b96ab7adc3e34dbe02baa6ac718c3af623c6cd7f3c7bb5a8325f4d18ab7
SERVER_TRAFFIC_SECRET_0 a4b02b1cb502f6b3058cd8ff5d96533a066feaa46263fd533e72380e042e1485 69dd56806b6e54eb62b93507fbced95c4ef86213456b07b2dbca25d677459f26be5cb6899da331c6f157703ec0e72590
EXPORTER_SECRET a4b02b1cb502f6b3058cd8ff5d96533a066feaa46263fd533e72380e042e1485 17cfbf78644878466042191711df2dcd60578a5e39d8e620c76e32d058a44633943272262ec2f3256d9b7bbdb0724240
CLIENT_TRAFFIC_SECRET_0 a4b02b1cb502f6b3058cd8ff5d96533a066feaa46263fd533e72380e042e1485 dc1cca2c7888dc1ac3287daa0628813ccfdca0eec6f7780861e1165e1efec0d98e90168df6c036f8ceb0e528d8d5cee6
SERVER_HANDSHAKE_TRAFFIC_SECRET a4b02b1cb502f6b3058cd8ff5d96533a066feaa46263fd533e72380e042e1485 d5f0f5d6acc4657ae8327ec661f1b722b2e772c5510193cb2518bd5c55b038aa0cfa66d345c42871dbd9546b8f7040d1
CLIENT_HANDSHAKE_TRAFFIC_SECRET a4b02b1cb502f6b3058cd8ff5d96533a066feaa46263fd533e72380e042e1485 220ea711efff84c74cba0a199c23013a6ab33b96ab7adc3e34dbe02baa6ac718c3af623c6cd7f3c7bb5a8325f4d18ab7
SERVER_TRAFFIC_SECRET_0 a4b02b1cb502f6b3058cd8ff5d96533a066feaa46263fd533e72380e042e1485 69dd56806b6e54eb62b93507fbced95c4ef86213456b07b2dbca25d677459f26be5cb6899da331c6f157703ec0e72590
CLIENT_TRAFFIC_SECRET_0 a4b02b1cb502f6b3058cd8ff5d96533a066feaa46263fd533e72380e042e1485 dc1cca2c7888dc1ac3287daa0628813ccfdca0eec6f7780861e1165e1efec0d98e90168df6c036f8ceb0e528d8d5cee6
CLIENT_TRAFFIC_SECRET_0 a4b02b1cb502f6b3058cd8ff5d96533a066feaa46263fd533e72380e042e1485 dc1cca2c7888dc1ac3287daa0628813ccfdca0eec6f7780861e1165e1efec0d98e90168df6c036f8ceb0e528d8d5cee6
SERVER_HANDSHAKE_TRAFFIC_SECRET c460bf83c032c7a74db6a1ce0f3c7a4617e941f757d6e49403f251136cb5cd58 abc821cdc6e6b67b5e332f472cb4136c567649bfea77e715fe9600a517797e4a345ee9173ef564db9b6f2665d7a2238a
CLIENT_HANDSHAKE_TRAFFIC_SECRET c460bf83c032c7a74db6a1ce0f3c7a4617e941f757d6e49403f251136cb5cd58 c2a9f7234144caa7f4a9f779c71467f1f727396a4f3e63b4dc783b597b9d2e1341997c40bf14f57d28ee2c9b826f9fc0
SERVER_TRAFFIC_SECRET_0 c460bf83c032c7a74db6a1ce0f3c7a4617e941f757d6e49403f251136cb5cd58 8a4e579b68c367c855e3861212a87a608cfb90807bc969e2e4990d7dcb66b3f4d14a43ca383c3fcc9235de5c89eefd9e
EXPORTER_SECRET c460bf83c032c7a74db6a1ce0f3c7a4617e941f757d6e49403f251136cb5cd58 76bca1be6f917c1905fb00b25d9be7e33d532c8d02b6f8d01b8a3029e6c1851409b945a2b1983f1e9d3e17e817081721
CLIENT_TRAFFIC_SECRET_0 c460bf83c032c7a74db6a1ce0f3c7a4617e941f757d6e49403f251136cb5cd58 ab65892761308ed555e3cfe701748893b74dd86b07f0226976f9d4b8e8722ec7da939e96631598709a31587f91f25159
SERVER_HANDSHAKE_TRAFFIC_SECRET c460bf83c032c7a74db6a1ce0f3c7a4617e941f757d6e49403f251136cb5cd58 abc821cdc6e6b67b5e332f472cb4136c567649bfea77e715fe9600a517797e4a345ee9173ef564db9b6f2665d7a2238a
CLIENT_HANDSHAKE_TRAFFIC_SECRET c460bf83c032c7a74db6a1ce0f3c7a4617e941f757d6e49403f251136cb5cd58 c2a9f7234144caa7f4a9f779c71467f1f727396a4f3e63b4dc783b597b9d2e1341997c40bf14f57d28ee2c9b826f9fc0
SERVER_TRAFFIC_SECRET_0 c460bf83c032c7a74db6a1ce0f3c7a4617e941f757d6e49403f251136cb5cd58 8a4e579b68c367c855e3861212a87a608cfb90807bc969e2e4990d7dcb66b3f4d14a43ca383c3fcc9235de5c89eefd9e
CLIENT_TRAFFIC_SECRET_0 c460bf83c032c7a74db6a1ce0f3c7a4617e941f757d6e49403f251136cb5cd58 ab65892761308ed555e3cfe701748893b74dd86b07f0226976f9d4b8e8722ec7da939e96631598709a31587f91f25159
CLIENT_TRAFFIC_SECRET_0 c460bf83c032c7a74db6a1ce0f3c7a4617e941f757d6e49403f251136cb5cd58 ab65892761308ed555e3cfe701748893b74dd86b07f0226976f9d4b8e8722ec7da939e96631598709a31587f91f25159
SERVER_HANDSHAKE_TRAFFIC_SECRET 02ac0d0807c36e5413911501538eef4bb573a0cebc82c72d0cce9ba424d305f2 40954a3f215d78b3d408ff5e108ff0b9856b658ab446100a68cdf162891acb3a5dcfba947eb4c9ad3be437fca31c4f4f
CLIENT_HANDSHAKE_TRAFFIC_SECRET 02ac0d0807c36e5413911501538eef4bb573a0cebc82c72d0cce9ba424d305f2 86d95b717ce209bda3d05a85ad14bcd38c27996325cf98d704e1d360e6fd539ca2646c6d12933bba95fb8cf640506cd5
SERVER_TRAFFIC_SECRET_0 02ac0d0807c36e5413911501538eef4bb573a0cebc82c72d0cce9ba424d305f2 a62368390d07b8ec194c8861f0b71a72c600e9f04ac3360ef102036b7ec3abb2814922d8ffb85603398fdf54e0268530
EXPORTER_SECRET 02ac0d0807c36e5413911501538eef4bb573a0cebc82c72d0cce9ba424d305f2 16717b621d12cc9624d21605fa38466a66026a4a4ad5e838ca3ac139ecd846eba8efcd9608fc5c7f1a56aacd12d6fc84
CLIENT_TRAFFIC_SECRET_0 02ac0d0807c36e5413911501538eef4bb573a0cebc82c72d0cce9ba424d305f2 e3beec642909103f7f8546c808d2deb3490845205f4ab54d09a990c69a8105a89b75581d99251b6deb1d76e9200c6205
SERVER_HANDSHAKE_TRAFFIC_SECRET 02ac0d0807c36e5413911501538eef4bb573a0cebc82c72d0cce9ba424d305f2 40954a3f215d78b3d408ff5e108ff0b9856b658ab446100a68cdf162891acb3a5dcfba947eb4c9ad3be437fca31c4f4f
CLIENT_HANDSHAKE_TRAFFIC_SECRET 02ac0d0807c36e5413911501538eef4bb573a0cebc82c72d0cce9ba424d305f2 86d95b717ce209bda3d05a85ad14bcd38c27996325cf98d704e1d360e6fd539ca2646c6d12933bba95fb8cf640506cd5
SERVER_TRAFFIC_SECRET_0 02ac0d0807c36e5413911501538eef4bb573a0cebc82c72d0cce9ba424d305f2 a62368390d07b8ec194c8861f0b71a72c600e9f04ac3360ef102036b7ec3abb2814922d8ffb85603398fdf54e0268530
CLIENT_TRAFFIC_SECRET_0 02ac0d0807c36e5413911501538eef4bb573a0cebc82c72d0cce9ba424d305f2 e3beec642909103f7f8546c808d2deb3490845205f4ab54d09a990c69a8105a89b75581d99251b6deb1d76e9200c6205
CLIENT_TRAFFIC_SECRET_0 02ac0d0807c36e5413911501538eef4bb573a0cebc82c72d0cce9ba424d305f2 e3beec642909103f7f8546c808d2deb3490845205f4ab54d09a990c69a8105a89b75581d99251b6deb1d76e9200c6205
SERVER_HANDSHAKE_TRAFFIC_SECRET 24a78c4af3f91e62ac94071a8502db9ccd806ba140520a5db62a2798a2559cb7 695855a682295d8cea26c38ae1f04a126a3cbd64b85b52f1b777f2abdc30848679aec5a9e0ca1d3893056ce24829d64c
CLIENT_HANDSHAKE_TRAFFIC_SECRET 24a78c4af3f91e62ac94071a8502db9ccd806ba140520a5db62a2798a2559cb7 2f8545b79115ac8f2170047edea99f30c2d28045f75d2c3eb3d189bd38fd4dfeef6209b8c619cdc7f228d513a821addc
SERVER_TRAFFIC_SECRET_0 24a78c4af3f91e62ac94071a8502db9ccd806ba140520a5db62a2798a2559cb7 07fdbbbead2cb65e7364a02493359455ee018595be063a93ed42862cd295d240de90842fff120fae4d35ba2eae26a945
EXPORTER_SECRET 24a78c4af3f91e62ac94071a8502db9ccd806ba140520a5db62a2798a2559cb7 dd8e630f7b1d874cdb1307161292df742a65681a5451b857b7afd1ae7b6751af0df74739158686a887731002f863474b
CLIENT_TRAFFIC_SECRET_0 24a78c4af3f91e62ac94071a8502db9ccd806ba140520a5db62a2798a2559cb7 7fee1fd1d8acddfb6fbc5381bcd5bda09be105283a64688a1577eb28899138a144ec138de35422d5507d6301543a4e3c
SERVER_HANDSHAKE_TRAFFIC_SECRET 24a78c4af3f91e62ac94071a8502db9ccd806ba140520a5db62a2798a2559cb7 695855a682295d8cea26c38ae1f04a126a3cbd64b85b52f1b777f2abdc30848679aec5a9e0ca1d3893056ce24829d64c
CLIENT_HANDSHAKE_TRAFFIC_SECRET 24a78c4af3f91e62ac94071a8502db9ccd806ba140520a5db62a2798a2559cb7 2f8545b79115ac8f2170047edea99f30c2d28045f75d2c3eb3d189bd38fd4dfeef6209b8c619cdc7f228d513a821addc
SERVER_TRAFFIC_SECRET_0 24a78c4af3f91e62ac94071a8502db9ccd806ba140520a5db62a2798a2559cb7 07fdbbbead2cb65e7364a02493359455ee018595be063a93ed42862cd295d240de90842fff120fae4d35ba2eae26a945
CLIENT_TRAFFIC_SECRET_0 24a78c4af3f91e62ac94071a8502db9ccd806ba140520a5db62a2798a2559cb7 7fee1fd1d8acddfb6fbc5381bcd5bda09be105283a64688a1577eb28899138a144ec138de35422d5507d6301543a4e3c
CLIENT_TRAFFIC_SECRET_0 24a78c4af3f91e62ac94071a8502db9ccd806ba140520a5db62a2798a2559cb7 7fee1fd1d8acddfb6fbc5381bcd5bda09be105283a64688a1577eb28899138a144ec138de35422d5507d6301543a4e3c
SERVER_HANDSHAKE_TRAFFIC_SECRET 70c3074c6c5093bc94838a89d815d287f07dc87be999cc93c5ab1a288208d1c7 ed6ff7b54d4b501014e4e99306d911563589584529f8f14d27aeb0d12ae3ef9e32a317cb0e141649856ae21811fb0385
CLIENT_HANDSHAKE_TRAFFIC_SECRET 70c3074c6c5093bc94838a89d815d287f07dc87be999cc93c5ab1a288208d1c7 41d63fcd9ff424321c7c6fabc21f0b860a4a1dac1f9a46b581f9dee989a1cbb7d8832fb6f700db672f034525569a346e
SERVER_TRAFFIC_SECRET_0 70c3074c6c5093bc94838a89d815d287f07dc87be999cc93c5ab1a288208d1c7 80624e414d6b1d6c2e4246825725179aa1a62d56096c44e5ef4ed600b6b272a5e9d371e53357e5f1cf9320c4d497f728
EXPORTER_SECRET 70c3074c6c5093bc94838a89d815d287f07dc87be999cc93c5ab1a288208d1c7 7818db21bce27fe5fcac6e08d2d10d0ee215c2b2ef33cf5c747ffe2f0bcb9ff943ae227d852f21b497e6c303c1b848c5
CLIENT_TRAFFIC_SECRET_0 70c3074c6c5093bc94838a89d815d287f07dc87be999cc93c5ab1a288208d1c7 172caa48109e591220e0526c24ca225fcf506c6aa178c27f23b26f0b9117f01acb70f3c019c6b78ff45f388705292f11
SERVER_HANDSHAKE_TRAFFIC_SECRET 70c3074c6c5093bc94838a89d815d287f07dc87be999cc93c5ab1a288208d1c7 ed6ff7b54d4b501014e4e99306d911563589584529f8f14d27aeb0d12ae3ef9e32a317cb0e141649856ae21811fb0385
CLIENT_HANDSHAKE_TRAFFIC_SECRET 70c3074c6c5093bc94838a89d815d287f07dc87be999cc93c5ab1a288208d1c7 41d63fcd9ff424321c7c6fabc21f0b860a4a1dac1f9a46b581f9dee989a1cbb7d8832fb6f700db672f034525569a346e
SERVER_TRAFFIC_SECRET_0 70c3074c6c5093bc94838a89d815d287f07dc87be999cc93c5ab1a288208d1c7 80624e414d6b1d6c2e4246825725179aa1a62d56096c44e5ef4ed600b6b272a5e9d371e53357e5f1cf9320c4d497f728
CLIENT_TRAFFIC_SECRET_0 70c3074c6c5093bc94838a89d815d287f07dc87be999cc93c5ab1a288208d1c7 172caa48109e591220e0526c24ca225fcf506c6aa178c27f23b26f0b9117f01acb70f3c019c6b78ff45f388705292f11
CLIENT_TRAFFIC_SECRET_0 70c3074c6c5093bc94838a89d815d287f07dc87be999cc93c5ab1a288208d1c7 172caa48109e591220e0526c24ca225fcf506c6aa178c27f23b26f0b9117f01acb70f3c019c6b78ff45f388705292f11
SERVER_HANDSHAKE_TRAFFIC_SECRET 5f93fb92e1d703e513e994f605ef30dad30794065a732d2db19923f1d393e212 94de787228f6efae5e760da80a2641620d8874d4c4e41da7b81a8f1d937bfb136c913cf97723f8abfe8be30ba320431f
CLIENT_HANDSHAKE_TRAFFIC_SECRET 5f93fb92e1d703e513e994f605ef30dad30794065a732d2db19923f1d393e212 ddd8dd07bac49d33b8aec9640eab10f93c5678afc17f2c789c79f5b105ed3a3cb89a6256938d3db46677652373c42b8a
SERVER_TRAFFIC_SECRET_0 5f93fb92e1d703e513e994f605ef30dad30794065a732d2db19923f1d393e212 d9274d69218d089d0b1327b5a4066797136d366ae7f65eaeb6d8323a827870e3694a6a6cb2379d99a37e386fef433974
EXPORTER_SECRET 5f93fb92e1d703e513e994f605ef30dad30794065a732d2db19923f1d393e212 44e5358c80fa44164af14089471d296ce3b418cb9243f8d7826202c38c7ba16b91bbc9f1ff730fad84f2f35180541bb4
CLIENT_TRAFFIC_SECRET_0 5f93fb92e1d703e513e994f605ef30dad30794065a732d2db19923f1d393e212 b7ee811cf5f1d46c0766d1bd68e2ea5d149c6d5ac8a5d777241b115030a91f623cdd767667b29acb5d4d07b8d1dd4dde
SERVER_HANDSHAKE_TRAFFIC_SECRET 5f93fb92e1d703e513e994f605ef30dad30794065a732d2db19923f1d393e212 94de787228f6efae5e760da80a2641620d8874d4c4e41da7b81a8f1d937bfb136c913cf97723f8abfe8be30ba320431f
CLIENT_HANDSHAKE_TRAFFIC_SECRET 5f93fb92e1d703e513e994f605ef30dad30794065a732d2db19923f1d393e212 ddd8dd07bac49d33b8aec9640eab10f93c5678afc17f2c789c79f5b105ed3a3cb89a6256938d3db46677652373c42b8a
SERVER_TRAFFIC_SECRET_0 5f93fb92e1d703e513e994f605ef30dad30794065a732d2db19923f1d393e212 d9274d69218d089d0b1327b5a4066797136d366ae7f65eaeb6d8323a827870e3694a6a6cb2379d99a37e386fef433974
CLIENT_TRAFFIC_SECRET_0 5f93fb92e1d703e513e994f605ef30dad30794065a732d2db19923f1d393e212 b7ee811cf5f1d46c0766d1bd68e2ea5d149c6d5ac8a5d777241b115030a91f623cdd767667b29acb5d4d07b8d1dd4dde
CLIENT_TRAFFIC_SECRET_0 5f93fb92e1d703e513e994f605ef30dad30794065a732d2db19923f1d393e212 b7ee811cf5f1d46c0766d1bd68e2ea5d149c6d5ac8a5d777241b115030a91f623cdd767667b29acb5d4d07b8d1dd4dde
SERVER_HANDSHAKE_TRAFFIC_SECRET 48080f24b9b665f59e2149dbff047b8e52da215a423dc571d31f8bf01ed35033 533085fb85eba9e6a7200beafece704badde6a60ce386c284127514485359c213ed9fb7f292e7a1e5880f868b7cc78f7
CLIENT_HANDSHAKE_TRAFFIC_SECRET 48080f24b9b665f59e2149dbff047b8e52da215a423dc571d31f8bf01ed35033 47f20683e3253dc70feb64573b20afd2089ad9af03345cc2d72be6b5880377a31cb67e53e095f8cfd25bbc548a53eaad
SERVER_TRAFFIC_SECRET_0 48080f24b9b665f59e2149dbff047b8e52da215a423dc571d31f8bf01ed35033 09209af9d838bcb151b9ede7dce9dfe46152a1c1151bb527083555a0203eedb28a7082a65a4875cb12c7ab16df607642
EXPORTER_SECRET 48080f24b9b665f59e2149dbff047b8e52da215a423dc571d31f8bf01ed35033 ed96e4e35496e8b97621a0b89970c2f92ae087a5e72da1a5a7bb311bd89ef93ce45b13f48c62a7332222ace04eefbdc3
CLIENT_TRAFFIC_SECRET_0 48080f24b9b665f59e2149dbff047b8e52da215a423dc571d31f8bf01ed35033 92a0070e963e629698663c74adfc888a3d636f536e25d8ca7ceea9ac87c1663a25164aa8220cdbcd10c0cf6e395dbd60
SERVER_HANDSHAKE_TRAFFIC_SECRET 48080f24b9b665f59e2149dbff047b8e52da215a423dc571d31f8bf01ed35033 533085fb85eba9e6a7200beafece704badde6a60ce386c284127514485359c213ed9fb7f292e7a1e5880f868b7cc78f7
CLIENT_HANDSHAKE_TRAFFIC_SECRET 48080f24b9b665f59e2149dbff047b8e52da215a423dc571d31f8bf01ed35033 47f20683e3253dc70feb64573b20afd2089ad9af03345cc2d72be6b5880377a31cb67e53e095f8cfd25bbc548a53eaad
SERVER_TRAFFIC_SECRET_0 48080f24b9b665f59e2149dbff047b8e52da215a423dc571d31f8bf01ed35033 09209af9d838bcb151b9ede7dce9dfe46152a1c1151bb527083555a0203eedb28a7082a65a4875cb12c7ab16df607642
CLIENT_TRAFFIC_SECRET_0 48080f24b9b665f59e2149dbff047b8e52da215a423dc571d31f8bf01ed35033 92a0070e963e629698663c74adfc888a3d636f536e25d8ca7ceea9ac87c1663a25164aa8220cdbcd10c0cf6e395dbd60
CLIENT_TRAFFIC_SECRET_0 48080f24b9b665f59e2149dbff047b8e52da215a423dc571d31f8bf01ed35033 92a0070e963e629698663c74adfc888a3d636f536e25d8ca7ceea9ac87c1663a25164aa8220cdbcd10c0cf6e395dbd60
SERVER_HANDSHAKE_TRAFFIC_SECRET a6232c03dfbb337d6b43b33a65f8bda34cf8dde94da7c14de1296cdbb056ac58 979a3dd344d0977aa886bbf4ae8eb42b25b8aeacd292ae36fb8f235d7a4d82e768732fc4e9cde4c63de8e573620f63d4
CLIENT_HANDSHAKE_TRAFFIC_SECRET a6232c03dfbb337d6b43b33a65f8bda34cf8dde94da7c14de1296cdbb056ac58 22b9cf65cd738d308cc85c9b84db70af6449c6737e038ea3070194355a2f45ae4dfce381daffbe7d4240ebd3b9f6fa4c
SERVER_TRAFFIC_SECRET_0 a6232c03dfbb337d6b43b33a65f8bda34cf8dde94da7c14de1296cdbb056ac58 c11ccf145861dc0a7e9d32c81068ece1a06f88e076910b03994ef486e057823db130cb407ace6563a407b3a3b81dee3d
EXPORTER_SECRET a6232c03dfbb337d6b43b33a65f8bda34cf8dde94da7c14de1296cdbb056ac58 59c2e940cdaa96e916fb3d6e24fa989a98b2217abdc90c4daf5b2520df75266da335fd8dec1e7a1f0c9888b2986f5920
CLIENT_TRAFFIC_SECRET_0 a6232c03dfbb337d6b43b33a65f8bda34cf8dde94da7c14de1296cdbb056ac58 06124730512b0da9909159d44d918db36f70526fc78d7ee5bc12cc580c345b8e6295cd041194de5922024f6dab751feb
SERVER_HANDSHAKE_TRAFFIC_SECRET a6232c03dfbb337d6b43b33a65f8bda34cf8dde94da7c14de1296cdbb056ac58 979a3dd344d0977aa886bbf4ae8eb42b25b8aeacd292ae36fb8f235d7a4d82e768732fc4e9cde4c63de8e573620f63d4
CLIENT_HANDSHAKE_TRAFFIC_SECRET a6232c03dfbb337d6b43b33a65f8bda34cf8dde94da7c14de1296cdbb056ac58 22b9cf65cd738d308cc85c9b84db70af6449c6737e038ea3070194355a2f45ae4dfce381daffbe7d4240ebd3b9f6fa4c
SERVER_TRAFFIC_SECRET_0 a6232c03dfbb337d6b43b33a65f8bda34cf8dde94da7c14de1296cdbb056ac58 c11ccf145861dc0a7e9d32c81068ece1a06f88e076910b03994ef486e057823db130cb407ace6563a407b3a3b81dee3d
CLIENT_TRAFFIC_SECRET_0 a6232c03dfbb337d6b43b33a65f8bda34cf8dde94da7c14de1296cdbb056ac58 06124730512b0da9909159d44d918db36f70526fc78d7ee5bc12cc580c345b8e6295cd041194de5922024f6dab751feb
SERVER_HANDSHAKE_TRAFFIC_SECRET 1b3a59820dfb88f2815888d96c0f96f77881fc3ddf59ae7cdb62b6730f035600 a676b39c6c9afdf731998f6dd68f23a607d241de07db6dc5adcb4a98bc4927f49fcf050e69351f774061ff9a19420769
CLIENT_HANDSHAKE_TRAFFIC_SECRET 1b3a59820dfb88f2815888d96c0f96f77881fc3ddf59ae7cdb62b6730f035600 9e8ed9de2e9149c40e2617960d4dcb2c88705d5c15599293dc36f419a8e1853b89935be7dd8d8c3709a5e2c5a4375192
SERVER_TRAFFIC_SECRET_0 1b3a59820dfb88f2815888d96c0f96f77881fc3ddf59ae7cdb62b6730f035600 ad5160e1c3d392f4612f76d63561f2501cc96d13856c28ddf2e12052c51ffbf2a831f1bb28ae96474e39e132641b5d0e
EXPORTER_SECRET 1b3a59820dfb88f2815888d96c0f96f77881fc3ddf59ae7cdb62b6730f035600 247f6400150833e273de843a1d1d9c63cccee4f30295bbd208931779b4e0772085d386590203933c1b937b7ec43c2c8f
CLIENT_TRAFFIC_SECRET_0 1b3a59820dfb88f2815888d96c0f96f77881fc3ddf59ae7cdb62b6730f035600 9c32b5b54ef73fed2966120606790cc2c464dcd9c86a6b0e639ecfc172d89077ad2b35f79c6ebb4daf216d649c7c2c6d
SERVER_HANDSHAKE_TRAFFIC_SECRET 1b3a59820dfb88f2815888d96c0f96f77881fc3ddf59ae7cdb62b6730f035600 a676b39c6c9afdf731998f6dd68f23a607d241de07db6dc5adcb4a98bc4927f49fcf050e69351f774061ff9a19420769
CLIENT_HANDSHAKE_TRAFFIC_SECRET 1b3a59820dfb88f2815888d96c0f96f77881fc3ddf59ae7cdb62b6730f035600 9e8ed9de2e9149c40e2617960d4dcb2c88705d5c15599293dc36f419a8e1853b89935be7dd8d8c3709a5e2c5a4375192
SERVER_TRAFFIC_SECRET_0 1b3a59820dfb88f2815888d96c0f96f77881fc3ddf59ae7cdb62b6730f035600 ad5160e1c3d392f4612f76d63561f2501cc96d13856c28ddf2e12052c51ffbf2a831f1bb28ae96474e39e132641b5d0e
CLIENT_TRAFFIC_SECRET_0 1b3a59820dfb88f2815888d96c0f96f77881fc3ddf59ae7cdb62b6730f035600 9c32b5b54ef73fed2966120606790cc2c464dcd9c86a6b0e639ecfc172d89077ad2b35f79c6ebb4daf216d649c7c2c6d
CLIENT_TRAFFIC_SECRET_0 1b3a59820dfb88f2815888d96c0f96f77881fc3ddf59ae7cdb62b6730f035600 9c32b5b54ef73fed2966120606790cc2c464dcd9c86a6b0e639ecfc172d89077ad2b35f79c6ebb4daf216d649c7c2c6d
SERVER_HANDSHAKE_TRAFFIC_SECRET d6175ccd2fb21022056f9b9db3b2235c6fa97b22498f9a09d3fe0f3588381ff7 e7826a9ad621337ca9d4688bd6564cbbe407b9fc74a0993c6de9b702d35c284ea0e61105a70b72fe0d2b3c89afa8d6b8
CLIENT_HANDSHAKE_TRAFFIC_SECRET d6175ccd2fb21022056f9b9db3b2235c6fa97b22498f9a09d3fe0f3588381ff7 1c2ba7183fc73e8d6933e8c74094dcd72168f020d890f51f5a1b1a7300712d94fc51516b2c02477edc1797016a935bba
SERVER_TRAFFIC_SECRET_0 d6175ccd2fb21022056f9b9db3b2235c6fa97b22498f9a09d3fe0f3588381ff7 1c3dde3ea13123574d188182b40e8b7ca5529cd04f0d8c344c83f846c4aaf7b7c6d05f5c91693304197c1fd55f8999ac
EXPORTER_SECRET d6175ccd2fb21022056f9b9db3b2235c6fa97b22498f9a09d3fe0f3588381ff7 6459b494ee2b7027077c23aa4f276a721c91c1fb6893cf76a072dbebd41a55a8a04a34bd46922450033454bc3d40e6a9
CLIENT_TRAFFIC_SECRET_0 d6175ccd2fb21022056f9b9db3b2235c6fa97b22498f9a09d3fe0f3588381ff7 fce9d4c748ea33b1369318261108d80cc87caf0b80dbfe00a05e640cc5610ecdfb6625193ffc73c3c8bcb58fdea0a236
SERVER_HANDSHAKE_TRAFFIC_SECRET d6175ccd2fb21022056f9b9db3b2235c6fa97b22498f9a09d3fe0f3588381ff7 e7826a9ad621337ca9d4688bd6564cbbe407b9fc74a0993c6de9b702d35c284ea0e61105a70b72fe0d2b3c89afa8d6b8
CLIENT_HANDSHAKE_TRAFFIC_SECRET d6175ccd2fb21022056f9b9db3b2235c6fa97b22498f9a09d3fe0f3588381ff7 1c2ba7183fc73e8d6933e8c74094dcd72168f020d890f51f5a1b1a7300712d94fc51516b2c02477edc1797016a935bba
SERVER_TRAFFIC_SECRET_0 d6175ccd2fb21022056f9b9db3b2235c6fa97b22498f9a09d3fe0f3588381ff7 1c3dde3ea13123574d188182b40e8b7ca5529cd04f0d8c344c83f846c4aaf7b7c6d05f5c91693304197c1fd55f8999ac
CLIENT_TRAFFIC_SECRET_0 d6175ccd2fb21022056f9b9db3b2235c6fa97b22498f9a09d3fe0f3588381ff7 fce9d4c748ea33b1369318261108d80cc87caf0b80dbfe00a05e640cc5610ecdfb6625193ffc73c3c8bcb58fdea0a236
CLIENT_TRAFFIC_SECRET_0 d6175ccd2fb21022056f9b9db3b2235c6fa97b22498f9a09d3fe0f3588381ff7 fce9d4c748ea33b1369318261108d80cc87caf0b80dbfe00a05e640cc5610ecdfb6625193ffc73c3c8bcb58fdea0a236
SERVER_HANDSHAKE_TRAFFIC_SECRET 1b7865fb900d2e6c994d2bcbd3eb12945e2c8b22e7c789cabdf5df02c8be5a62 1c7fe862cdca758144ca3c26d8398f754a72bdcea0ed241862d515acef870e47558ae760c880d80204c858e5df69e9b9
CLIENT_HANDSHAKE_TRAFFIC_SECRET 1b7865fb900d2e6c994d2bcbd3eb12945e2c8b22e7c789cabdf5df02c8be5a62 658d0953e510b9a90994984d8244599201e438e9de02db57b00db4708083cab808bc6496aee1cb9762402bdf6e9ae2c0
SERVER_TRAFFIC_SECRET_0 1b7865fb900d2e6c994d2bcbd3eb12945e2c8b22e7c789cabdf5df02c8be5a62 5bf79be7b4c742fe3b46ba405aacdcc409b7712937526576d5cc6c42041d2024b80df8285bbcac18436ac40e40c1c4a0
EXPORTER_SECRET 1b7865fb900d2e6c994d2bcbd3eb12945e2c8b22e7c789cabdf5df02c8be5a62 78aeac0ddad824483c6c9fbd486ac488535b16b1a111126734d728c0315fc74d5f8ad647a2127c82306cd2597426c822
CLIENT_TRAFFIC_SECRET_0 1b7865fb900d2e6c994d2bcbd3eb12945e2c8b22e7c789cabdf5df02c8be5a62 b41591957266fdf655e2afdb498680671496941cc6350d983de352a091fa171ccc6c8a974d66beeb52fa72d8d3a41ebe
SERVER_HANDSHAKE_TRAFFIC_SECRET 1b7865fb900d2e6c994d2bcbd3eb12945e2c8b22e7c789cabdf5df02c8be5a62 1c7fe862cdca758144ca3c26d8398f754a72bdcea0ed241862d515acef870e47558ae760c880d80204c858e5df69e9b9
CLIENT_HANDSHAKE_TRAFFIC_SECRET 1b7865fb900d2e6c994d2bcbd3eb12945e2c8b22e7c789cabdf5df02c8be5a62 658d0953e510b9a90994984d8244599201e438e9de02db57b00db4708083cab808bc6496aee1cb9762402bdf6e9ae2c0
SERVER_TRAFFIC_SECRET_0 1b7865fb900d2e6c994d2bcbd3eb12945e2c8b22e7c789cabdf5df02c8be5a62 5bf79be7b4c742fe3b46ba405aacdcc409b7712937526576d5cc6c42041d2024b80df8285bbcac18436ac40e40c1c4a0
CLIENT_TRAFFIC_SECRET_0 1b7865fb900d2e6c994d2bcbd3eb12945e2c8b22e7c789cabdf5df02c8be5a62 b41591957266fdf655e2afdb498680671496941cc6350d983de352a091fa171ccc6c8a974d66beeb52fa72d8d3a41ebe
CLIENT_TRAFFIC_SECRET_0 1b7865fb900d2e6c994d2bcbd3eb12945e2c8b22e7c789cabdf5df02c8be5a62 b41591957266fdf655e2afdb498680671496941cc6350d983de352a091fa171ccc6c8a974d66beeb52fa72d8d3a41ebe
SERVER_HANDSHAKE_TRAFFIC_SECRET 040f93e0883dd8aab7cc40c9cc0d8cddf8a061ec6c8decf091ca4186093aee0d b2129bc06c30667df1c3288b02fb04c5e6c88f07b1ee224a2955cdbd506f7d6b4eaf2e420622524058291b50e4528128
CLIENT_HANDSHAKE_TRAFFIC_SECRET 040f93e0883dd8aab7cc40c9cc0d8cddf8a061ec6c8decf091ca4186093aee0d addec88e7e0e2bd2093588d013a813c1b3e6250863e4629101a00c774c556e2ee31f4bbb308a9c619950dc88d7896038
SERVER_TRAFFIC_SECRET_0 040f93e0883dd8aab7cc40c9cc0d8cddf8a061ec6c8decf091ca4186093aee0d 7c72ca5603bbbfe176c24cd93c63de7180251a3539fb8e6a9ed45a48db0dc35dc97400459d9c26f8b20fd951edc08826
EXPORTER_SECRET 040f93e0883dd8aab7cc40c9cc0d8cddf8a061ec6c8decf091ca4186093aee0d 7cc1b32f3e9bb17e5cec566fc2fcf4d2fadbba3422d4a658ea8bc13ac9b9d03570d1054b9e9af98acb9bd5f7b1f45b48
CLIENT_TRAFFIC_SECRET_0 040f93e0883dd8aab7cc40c9cc0d8cddf8a061ec6c8decf091ca4186093aee0d 475f742b7b7a7e2c6300566cdd6d899c1464a2b76a67662ce51b72f884d8e38f92d6f8268a88ebeb39d648bda016354e
SERVER_HANDSHAKE_TRAFFIC_SECRET 040f93e0883dd8aab7cc40c9cc0d8cddf8a061ec6c8decf091ca4186093aee0d b2129bc06c30667df1c3288b02fb04c5e6c88f07b1ee224a2955cdbd506f7d6b4eaf2e420622524058291b50e4528128
CLIENT_HANDSHAKE_TRAFFIC_SECRET 040f93e0883dd8aab7cc40c9cc0d8cddf8a061ec6c8decf091ca4186093aee0d addec88e7e0e2bd2093588d013a813c1b3e6250863e4629101a00c774c556e2ee31f4bbb308a9c619950dc88d7896038
SERVER_TRAFFIC_SECRET_0 040f93e0883dd8aab7cc40c9cc0d8cddf8a061ec6c8decf091ca4186093aee0d 7c72ca5603bbbfe176c24cd93c63de7180251a3539fb8e6a9ed45a48db0dc35dc97400459d9c26f8b20fd951edc08826
CLIENT_TRAFFIC_SECRET_0 040f93e0883dd8aab7cc40c9cc0d8cddf8a061ec6c8decf091ca4186093aee0d 475f742b7b7a7e2c6300566cdd6d899c1464a2b76a67662ce51b72f884d8e38f92d6f8268a88ebeb39d648bda016354e
CLIENT_TRAFFIC_SECRET_0 040f93e0883dd8aab7cc40c9cc0d8cddf8a061ec6c8decf091ca4186093aee0d 475f742b7b7a7e2c6300566cdd6d899c1464a2b76a67662ce51b72f884d8e38f92d6f8268a88ebeb39d648bda016354e
SERVER_HANDSHAKE_TRAFFIC_SECRET 28939ad61f77f686c87b3dfb74294f656eca2a9ceab1340aadb504cece00be67 470069c1d670905dd45c797663155c9a18fc983ac69867403626a924ac7cdf34ebdb9959be2febf3484be1ad82e2ed7e
CLIENT_HANDSHAKE_TRAFFIC_SECRET 28939ad61f77f686c87b3dfb74294f656eca2a9ceab1340aadb504cece00be67 d8e0624ba24f7f141623fa533928282956ebe75caa6a6ac3159080aacc58753db115f1fc2c95aef65ee3fd4b49cdd95b
SERVER_TRAFFIC_SECRET_0 28939ad61f77f686c87b3dfb74294f656eca2a9ceab1340aadb504cece00be67 5e7324deebf061a388c0be62d947c8c8931d2b864753ec74899111dcd3dcd8e7f3c7b07cc95731742a98a329fb83ccda
EXPORTER_SECRET 28939ad61f77f686c87b3dfb74294f656eca2a9ceab1340aadb504cece00be67 45909f4e0ebf075fb652029b473e7e3c31cc26faf87aeb37f4d330a910be06f021576ddd6483e6611332da2929d1b4b9
CLIENT_TRAFFIC_SECRET_0 28939ad61f77f686c87b3dfb74294f656eca2a9ceab1340aadb504cece00be67 6c1debec5e9a0ea55cd193eadeda380668874f01bd52206a5232b7f9c39a0fb7699f71477bb66acb450d6f6532832b7e
SERVER_HANDSHAKE_TRAFFIC_SECRET 28939ad61f77f686c87b3dfb74294f656eca2a9ceab1340aadb504cece00be67 470069c1d670905dd45c797663155c9a18fc983ac69867403626a924ac7cdf34ebdb9959be2febf3484be1ad82e2ed7e
CLIENT_HANDSHAKE_TRAFFIC_SECRET 28939ad61f77f686c87b3dfb74294f656eca2a9ceab1340aadb504cece00be67 d8e0624ba24f7f141623fa533928282956ebe75caa6a6ac3159080aacc58753db115f1fc2c95aef65ee3fd4b49cdd95b
SERVER_TRAFFIC_SECRET_0 28939ad61f77f686c87b3dfb74294f656eca2a9ceab1340aadb504cece00be67 5e7324deebf061a388c0be62d947c8c8931d2b864753ec74899111dcd3dcd8e7f3c7b07cc95731742a98a329fb83ccda
CLIENT_TRAFFIC_SECRET_0 28939ad61f77f686c87b3dfb74294f656eca2a9ceab1340aadb504cece00be67 6c1debec5e9a0ea55cd193eadeda380668874f01bd52206a5232b7f9c39a0fb7699f71477bb66acb450d6f6532832b7e
CLIENT_TRAFFIC_SECRET_0 28939ad61f77f686c87b3dfb74294f656eca2a9ceab1340aadb504cece00be67 6c1debec5e9a0ea55cd193eadeda380668874f01bd52206a5232b7f9c39a0fb7699f71477bb66acb450d6f6532832b7e
SERVER_HANDSHAKE_TRAFFIC_SECRET 9aa0e2e45565793e15132924034cbb19f7dc4758c4e2ac175c2d761eac0db803 6786faf2e45ab55b5f8d7981523b6bf42d824350ae62d4bf8c9462dc03ea42fcfa5e4d4e78c04c36311be7ea243fd6a4
CLIENT_HANDSHAKE_TRAFFIC_SECRET 9aa0e2e45565793e15132924034cbb19f7dc4758c4e2ac175c2d761eac0db803 155bbe73a3baa50788bafdec965ab318e197f6382ba0b9fd5b0c12f38cf73130fa8134e96ca730657d6c8229eba0e009
SERVER_TRAFFIC_SECRET_0 9aa0e2e45565793e15132924034cbb19f7dc4758c4e2ac175c2d761eac0db803 bbf76d8dccb826aee8b1cbad050bd2ab089a777a95f3df55188bab3e44389456789dcc3d1481832886609fa79b8bc832
EXPORTER_SECRET 9aa0e2e45565793e15132924034cbb19f7dc4758c4e2ac175c2d761eac0db803 a80a52ea82fa8332934162de297046a8b8be29ee84bf1c94ffefcb147bcd73ee7411f9b66e1bb8e97e8520ced9206c26
CLIENT_TRAFFIC_SECRET_0 9aa0e2e45565793e15132924034cbb19f7dc4758c4e2ac175c2d761eac0db803 851d0e3a6e9d1d4598dd5304a3ea75d560a560bc37b85cc9577c55974cded5fa7cf4e61e89c76e70db00d7cd33dafdfe
SERVER_HANDSHAKE_TRAFFIC_SECRET 9aa0e2e45565793e15132924034cbb19f7dc4758c4e2ac175c2d761eac0db803 6786faf2e45ab55b5f8d7981523b6bf42d824350ae62d4bf8c9462dc03ea42fcfa5e4d4e78c04c36311be7ea243fd6a4
CLIENT_HANDSHAKE_TRAFFIC_SECRET 9aa0e2e45565793e15132924034cbb19f7dc4758c4e2ac175c2d761eac0db803 155bbe73a3baa50788bafdec965ab318e197f6382ba0b9fd5b0c12f38cf73130fa8134e96ca730657d6c8229eba0e009
SERVER_TRAFFIC_SECRET_0 9aa0e2e45565793e15132924034cbb19f7dc4758c4e2ac175c2d761eac0db803 bbf76d8dccb826aee8b1cbad050bd2ab089a777a95f3df55188bab3e44389456789dcc3d1481832886609fa79b8bc832
CLIENT_TRAFFIC_SECRET_0 9aa0e2e45565793e15132924034cbb19f7dc4758c4e2ac175c2d761eac0db803 851d0e3a6e9d1d4598dd5304a3ea75d560a560bc37b85cc9577c55974cded5fa7cf4e61e89c76e70db00d7cd33dafdfe
CLIENT_TRAFFIC_SECRET_0 9aa0e2e45565793e15132924034cbb19f7dc4758c4e2ac175c2d761eac0db803 851d0e3a6e9d1d4598dd5304a3ea75d560a560bc37b85cc9577c55974cded5fa7cf4e61e89c76e70db00d7cd33dafdfe
SERVER_HANDSHAKE_TRAFFIC_SECRET ecee907e98fef55162fdf4b76ecc5fc68f91ddcef90648e8c08dc4325944cc30 2df310d1ea935e54d17cf9ef7d0cff878af4828fe72ec237ad834a2b0f7d06d0596fc403991939bb4be50b78aa65632a
CLIENT_HANDSHAKE_TRAFFIC_SECRET ecee907e98fef55162fdf4b76ecc5fc68f91ddcef90648e8c08dc4325944cc30 0b5e4fcefb2d00a9fb16ec03e763f9f24263aa3dab581644e2cde0c7cbc5a17f48e10665f8590e7792cfb10ab0397124
SERVER_TRAFFIC_SECRET_0 ecee907e98fef55162fdf4b76ecc5fc68f91ddcef90648e8c08dc4325944cc30 567a43052344dce35fd6560a9e4f935b79ad10c271708d2da96b2a06cec738edb143cf6ba992163fa09f7da0e8c0c0b8
EXPORTER_SECRET ecee907e98fef55162fdf4b76ecc5fc68f91ddcef90648e8c08dc4325944cc30 c3ec1752aa139a77a819d6669247a16291301661f07ca5c2cf94bc64f88b1c84907abe3bc06f9cb9036d1bbd0f7a6b09
CLIENT_TRAFFIC_SECRET_0 ecee907e98fef55162fdf4b76ecc5fc68f91ddcef90648e8c08dc4325944cc30 d9463bda95935874d5bb3cfee8d362b63ebfdcbe6fedf1ebab7368715f00b13cf7daf7326b691eaebb91c16580ab4a35
SERVER_HANDSHAKE_TRAFFIC_SECRET ecee907e98fef55162fdf4b76ecc5fc68f91ddcef90648e8c08dc4325944cc30 2df310d1ea935e54d17cf9ef7d0cff878af4828fe72ec237ad834a2b0f7d06d0596fc403991939bb4be50b78aa65632a
CLIENT_HANDSHAKE_TRAFFIC_SECRET ecee907e98fef55162fdf4b76ecc5fc68f91ddcef90648e8c08dc4325944cc30 0b5e4fcefb2d00a9fb16ec03e763f9f24263aa3dab581644e2cde0c7cbc5a17f48e10665f8590e7792cfb10ab0397124
SERVER_TRAFFIC_SECRET_0 ecee907e98fef55162fdf4b76ecc5fc68f91ddcef90648e8c08dc4325944cc30 567a43052344dce35fd6560a9e4f935b79ad10c271708d2da96b2a06cec738edb143cf6ba992163fa09f7da0e8c0c0b8
CLIENT_TRAFFIC_SECRET_0 ecee907e98fef55162fdf4b76ecc5fc68f91ddcef90648e8c08dc4325944cc30 d9463bda95935874d5bb3cfee8d362b63ebfdcbe6fedf1ebab7368715f00b13cf7daf7326b691eaebb91c16580ab4a35
CLIENT_TRAFFIC_SECRET_0 ecee907e98fef55162fdf4b76ecc5fc68f91ddcef90648e8c08dc4325944cc30 d9463bda95935874d5bb3cfee8d362b63ebfdcbe6fedf1ebab7368715f00b13cf7daf7326b691eaebb91c16580ab4a35
SERVER_HANDSHAKE_TRAFFIC_SECRET ca9cbeaaa70b739f995aaed080ddc44e63574a5616bbabd89d6d2b7452d47fe1 e9e178bdfb54d797da5730e2f09874a3877172b96aad8abca03a0080320160017271196aad9e734748c159537ae065b9
CLIENT_HANDSHAKE_TRAFFIC_SECRET ca9cbeaaa70b739f995aaed080ddc44e63574a5616bbabd89d6d2b7452d47fe1 5ad4f8eaa4fece164afd1456b644a674346e75b2aea3f0e30a3295efee951a7538ab9e9b52cfa404f06e7136776d7ec3
SERVER_TRAFFIC_SECRET_0 ca9cbeaaa70b739f995aaed080ddc44e63574a5616bbabd89d6d2b7452d47fe1 7bf94165b16ecd05bdf37ddf09fd1945c49be314327b30ba3d7670b48a9e08100e0f2aa57fc6dcd98afdb6cd75768ef3
EXPORTER_SECRET ca9cbeaaa70b739f995aaed080ddc44e63574a5616bbabd89d6d2b7452d47fe1 a9d57ca06c8af7d4915f28b91a2079299b628e208e1406ab2071d05edd89bf8c435c1de3b1ce68a496c76246a260e188
CLIENT_TRAFFIC_SECRET_0 ca9cbeaaa70b739f995aaed080ddc44e63574a5616bbabd89d6d2b7452d47fe1 3658614ad214b40f5c66799fb8eea1739e9f452b6ad5d1de0d7d6c37678512e89181c296c03fff378d647433f84a954a
SERVER_HANDSHAKE_TRAFFIC_SECRET ca9cbeaaa70b739f995aaed080ddc44e63574a5616bbabd89d6d2b7452d47fe1 e9e178bdfb54d797da5730e2f09874a3877172b96aad8abca03a0080320160017271196aad9e734748c159537ae065b9
CLIENT_HANDSHAKE_TRAFFIC_SECRET ca9cbeaaa70b739f995aaed080ddc44e63574a5616bbabd89d6d2b7452d47fe1 5ad4f8eaa4fece164afd1456b644a674346e75b2aea3f0e30a3295efee951a7538ab9e9b52cfa404f06e7136776d7ec3
SERVER_TRAFFIC_SECRET_0 ca9cbeaaa70b739f995aaed080ddc44e63574a5616bbabd89d6d2b7452d47fe1 7bf94165b16ecd05bdf37ddf09fd1945c49be314327b30ba3d7670b48a9e08100e0f2aa57fc6dcd98afdb6cd75768ef3
CLIENT_TRAFFIC_SECRET_0 ca9cbeaaa70b739f995aaed080ddc44e63574a5616bbabd89d6d2b7452d47fe1 3658614ad214b40f5c66799fb8eea1739e9f452b6ad5d1de0d7d6c37678512e89181c296c03fff378d647433f84a954a
CLIENT_TRAFFIC_SECRET_0 ca9cbeaaa70b739f995aaed080ddc44e63574a5616bbabd89d6d2b7452d47fe1 3658614ad214b40f5c66799fb8eea1739e9f452b6ad5d1de0d7d6c37678512e89181c296c03fff378d647433f84a954a
SERVER_HANDSHAKE_TRAFFIC_SECRET d194bea602f9b0a3efd4fed60a581626e0e11f15467d616564bed5e96879597e 6ee24588eaa77fd274faae4cec92f6fe89c3e96a8c176b0172e6849b4f972e6dca1a2ab0ba0c2a5d3d673c765f8da164
CLIENT_HANDSHAKE_TRAFFIC_SECRET d194bea602f9b0a3efd4fed60a581626e0e11f15467d616564bed5e96879597e c219dcfbe3682391af6a0d6af8e8c89ea71f1ab5a640592549b5f28613a6e392f88900d1a296a6824e3587dddba6e584
SERVER_TRAFFIC_SECRET_0 d194bea602f9b0a3efd4fed60a581626e0e11f15467d616564bed5e96879597e b2a7e58f1f8e628ad33d04b8e86aceae39ec07613f86a9c181e635c274d8c17ac89195b465c4401a99c1aecdd69771c9
EXPORTER_SECRET d194bea602f9b0a3efd4fed60a581626e0e11f15467d616564bed5e96879597e 3800f8fe1b2a8215297291ee9b08bca5c9df3465aacef1973e8afa1a13a5b18e8a36fc5eb52f8cb754a46c34b3f83d84
CLIENT_TRAFFIC_SECRET_0 d194bea602f9b0a3efd4fed60a581626e0e11f15467d616564bed5e96879597e 75ea8e23d448770e462eed83fde323af761eb3223f384cefc2a6394cadbfc4ddc1a226316cc9df89f362d0a01dc98b4f
SERVER_HANDSHAKE_TRAFFIC_SECRET d194bea602f9b0a3efd4fed60a581626e0e11f15467d616564bed5e96879597e 6ee24588eaa77fd274faae4cec92f6fe89c3e96a8c176b0172e6849b4f972e6dca1a2ab0ba0c2a5d3d673c765f8da164
CLIENT_HANDSHAKE_TRAFFIC_SECRET d194bea602f9b0a3efd4fed60a581626e0e11f15467d616564bed5e96879597e c219dcfbe3682391af6a0d6af8e8c89ea71f1ab5a640592549b5f28613a6e392f88900d1a296a6824e3587dddba6e584
SERVER_TRAFFIC_SECRET_0 d194bea602f9b0a3efd4fed60a581626e0e11f15467d616564bed5e96879597e b2a7e58f1f8e628ad33d04b8e86aceae39ec07613f86a9c181e635c274d8c17ac89195b465c4401a99c1aecdd69771c9
CLIENT_TRAFFIC_SECRET_0 d194bea602f9b0a3efd4fed60a581626e0e11f15467d616564bed5e96879597e 75ea8e23d448770e462eed83fde323af761eb3223f384cefc2a6394cadbfc4ddc1a226316cc9df89f362d0a01dc98b4f
CLIENT_TRAFFIC_SECRET_0 d194bea602f9b0a3efd4fed60a581626e0e11f15467d616564bed5e96879597e 75ea8e23d448770e462eed83fde323af761eb3223f384cefc2a6394cadbfc4ddc1a226316cc9df89f362d0a01dc98b4f
SERVER_HANDSHAKE_TRAFFIC_SECRET 4a1b13e6718302e60aeaa619689e24dd1963d001f45f6f9f38051dbbd3b07e77 046539d563efb07dd590bf233b6dacf43d9d455a5e6fde3c8f3f633da2ef5f5972dd079937571cc8d96d9d59b3266fee
CLIENT_HANDSHAKE_TRAFFIC_SECRET 4a1b13e6718302e60aeaa619689e24dd1963d001f45f6f9f38051dbbd3b07e77 96473a73a4ce5e4646c55f8a70e6f4765087ff0d1a876711c9e7af113100780dc45d9e1fb4b88e4dcee5c52b043a0fa9
SERVER_TRAFFIC_SECRET_0 4a1b13e6718302e60aeaa619689e24dd1963d001f45f6f9f38051dbbd3b07e77 36e017117af234370cfb1a0dfe4f9651be8b2bdc543d44ca16771f96f106522c1d38024949deb770aca778aaf52c5a42
EXPORTER_SECRET 4a1b13e6718302e60aeaa619689e24dd1963d001f45f6f9f38051dbbd3b07e77 42097a44389c67c06f6d01aae5ccdb81f84e32115f56e4608b52c62307adcde972a2f90f30d4e25038661a31bc1eb0e5
CLIENT_TRAFFIC_SECRET_0 4a1b13e6718302e60aeaa619689e24dd1963d001f45f6f9f38051dbbd3b07e77 a43e1b2aefd22813ac92ec4378ff876d09f641025dbde1d9d2d339de087d71a1b6abf0a96f196c280649b1b39ecb8027
SERVER_HANDSHAKE_TRAFFIC_SECRET 4a1b13e6718302e60aeaa619689e24dd1963d001f45f6f9f38051dbbd3b07e77 046539d563efb07dd590bf233b6dacf43d9d455a5e6fde3c8f3f633da2ef5f5972dd079937571cc8d96d9d59b3266fee
CLIENT_HANDSHAKE_TRAFFIC_SECRET 4a1b13e6718302e60aeaa619689e24dd1963d001f45f6f9f38051dbbd3b07e77 96473a73a4ce5e4646c55f8a70e6f4765087ff0d1a876711c9e7af113100780dc45d9e1fb4b88e4dcee5c52b043a0fa9
SERVER_TRAFFIC_SECRET_0 4a1b13e6718302e60aeaa619689e24dd1963d001f45f6f9f38051dbbd3b07e77 36e017117af234370cfb1a0dfe4f9651be8b2bdc543d44ca16771f96f106522c1d38024949deb770aca778aaf52c5a42
CLIENT_TRAFFIC_SECRET_0 4a1b13e6718302e60aeaa619689e24dd1963d001f45f6f9f38051dbbd3b07e77 a43e1b2aefd22813ac92ec4378ff876d09f641025dbde1d9d2d339de087d71a1b6abf0a96f196c280649b1b39ecb8027
CLIENT_TRAFFIC_SECRET_0 4a1b13e6718302e60aeaa619689e24dd1963d001f45f6f9f38051dbbd3b07e77 a43e1b2aefd22813ac92ec4378ff876d09f641025dbde1d9d2d339de087d71a1b6abf0a96f196c280649b1b39ecb8027
SERVER_HANDSHAKE_TRAFFIC_SECRET 3715140cbcf29cf1b51bd01e2f57cdb0e63f73b6a7ffcea8dc629e7b50e37cc9 0b5ddef96078e9be7035501e7a173421ca49e301f990ca5036ba1fd51a6688870757351b133fd3bbd9cd3a456ff2bcff
CLIENT_HANDSHAKE_TRAFFIC_SECRET 3715140cbcf29cf1b51bd01e2f57cdb0e63f73b6a7ffcea8dc629e7b50e37cc9 3152c939ab3cd220887d8eb176f6c22505e31c2626a4ab8dc7007bd135fad165908c6465219686ad994910335e1b39ac
SERVER_TRAFFIC_SECRET_0 3715140cbcf29cf1b51bd01e2f57cdb0e63f73b6a7ffcea8dc629e7b50e37cc9 1a8d1b2d28fd036bd56e075e5f27e1c603b847acabeb929bb8f39811a1cc1a725b47efbca8a9d3b3e66f418879ebe3b4
EXPORTER_SECRET 3715140cbcf29cf1b51bd01e2f57cdb0e63f73b6a7ffcea8dc629e7b50e37cc9 037f24a18814e63bd53e95158a1eabdbf38e989dcc3e1caba933f60acd462fefcb622fd54adbb8bb7adf1e7383e5f659
CLIENT_TRAFFIC_SECRET_0 3715140cbcf29cf1b51bd01e2f57cdb0e63f73b6a7ffcea8dc629e7b50e37cc9 56fe62917171813665656c7826182060e5cadb7274259d3a4c5fa87ea7bc55deb3e19a2e8fccafe673ca74221b911044
SERVER_HANDSHAKE_TRAFFIC_SECRET 3715140cbcf29cf1b51bd01e2f57cdb0e63f73b6a7ffcea8dc629e7b50e37cc9 0b5ddef96078e9be7035501e7a173421ca49e301f990ca5036ba1fd51a6688870757351b133fd3bbd9cd3a456ff2bcff
CLIENT_HANDSHAKE_TRAFFIC_SECRET 3715140cbcf29cf1b51bd01e2f57cdb0e63f73b6a7ffcea8dc629e7b50e37cc9 3152c939ab3cd220887d8eb176f6c22505e31c2626a4ab8dc7007bd135fad165908c6465219686ad994910335e1b39ac
SERVER_TRAFFIC_SECRET_0 3715140cbcf29cf1b51bd01e2f57cdb0e63f73b6a7ffcea8dc629e7b50e37cc9 1a8d1b2d28fd036bd56e075e5f27e1c603b847acabeb929bb8f39811a1cc1a725b47efbca8a9d3b3e66f418879ebe3b4
CLIENT_TRAFFIC_SECRET_0 3715140cbcf29cf1b51bd01e2f57cdb0e63f73b6a7ffcea8dc629e7b50e37cc9 56fe62917171813665656c7826182060e5cadb7274259d3a4c5fa87ea7bc55deb3e19a2e8fccafe673ca74221b911044
CLIENT_TRAFFIC_SECRET_0 3715140cbcf29cf1b51bd01e2f57cdb0e63f73b6a7ffcea8dc629e7b50e37cc9 56fe62917171813665656c7826182060e5cadb7274259d3a4c5fa87ea7bc55deb3e19a2e8fccafe673ca74221b911044
SERVER_HANDSHAKE_TRAFFIC_SECRET 55c396197179a30371b5eb359b678b79fee491cfb12fb99431ad18b4efde432a dfd609e36f1cf0da8e02920330990cf8b849f9ded22dbcb96ff52f6d0094a2ef8db9a63b0f9b6a6a2b215fe151d09a25
CLIENT_HANDSHAKE_TRAFFIC_SECRET 55c396197179a30371b5eb359b678b79fee491cfb12fb99431ad18b4efde432a b6fdde30ea153bb32f911de6e263d30370a072d1d3627369210ed3b5afe1aed6d01c6355c2d5558a31d4f55d9df2970a
SERVER_TRAFFIC_SECRET_0 55c396197179a30371b5eb359b678b79fee491cfb12fb99431ad18b4efde432a 9b848c5c147a3be65dcbe485fb59260dfe32f0dc1a6011cbdb4a312e567f8049585532edbb5ce03f24ba1bc1764c8639
EXPORTER_SECRET 55c396197179a30371b5eb359b678b79fee491cfb12fb99431ad18b4efde432a b7685e58ea075dbc361923d6d3b5cd8846b1e26b76cc0a5639a6825f06aae3b692a82a0303891fed29501d8d7a054211
CLIENT_TRAFFIC_SECRET_0 55c396197179a30371b5eb359b678b79fee491cfb12fb99431ad18b4efde432a 4fc98ed839b3e0e30c6b6f0c3fba27acef1dee75f303d523093dc0ee09aa48291d67ea029762ddde11fd921e02eb50a7
SERVER_HANDSHAKE_TRAFFIC_SECRET 55c396197179a30371b5eb359b678b79fee491cfb12fb99431ad18b4efde432a dfd609e36f1cf0da8e02920330990cf8b849f9ded22dbcb96ff52f6d0094a2ef8db9a63b0f9b6a6a2b215fe151d09a25
CLIENT_HANDSHAKE_TRAFFIC_SECRET 55c396197179a30371b5eb359b678b79fee491cfb12fb99431ad18b4efde432a b6fdde30ea153bb32f911de6e263d30370a072d1d3627369210ed3b5afe1aed6d01c6355c2d5558a31d4f55d9df2970a
SERVER_TRAFFIC_SECRET_0 55c396197179a30371b5eb359b678b79fee491cfb12fb99431ad18b4efde432a 9b848c5c147a3be65dcbe485fb59260dfe32f0dc1a6011cbdb4a312e567f8049585532edbb5ce03f24ba1bc1764c8639
CLIENT_TRAFFIC_SECRET_0 55c396197179a30371b5eb359b678b79fee491cfb12fb99431ad18b4efde432a 4fc98ed839b3e0e30c6b6f0c3fba27acef1dee75f303d523093dc0ee09aa48291d67ea029762ddde11fd921e02eb50a7
CLIENT_TRAFFIC_SECRET_0 55c396197179a30371b5eb359b678b79fee491cfb12fb99431ad18b4efde432a 4fc98ed839b3e0e30c6b6f0c3fba27acef1dee75f303d523093dc0ee09aa48291d67ea029762ddde11fd921e02eb50a7
SERVER_HANDSHAKE_TRAFFIC_SECRET c0aaad853d8dcecff37586c7911981a7212f58822ff3360111961db1d902f2f8 f71c19988f297daf8fb7cb3ec9e9fa4a363f608ded2a090793d57455f4367842080f7eb137e590e07dbdbb56500c7a62
CLIENT_HANDSHAKE_TRAFFIC_SECRET c0aaad853d8dcecff37586c7911981a7212f58822ff3360111961db1d902f2f8 2f68e7db6deb4680d61ed69d81a5b52e9a99369987c79e52b65877997f7ba7c441d8c9351f3dd75747a3644f6b148226
SERVER_TRAFFIC_SECRET_0 c0aaad853d8dcecff37586c7911981a7212f58822ff3360111961db1d902f2f8 09aa98ef4505e6a31e65cb012129c0414d2360d8d04800e3148dd44d224b4fa32200dd396169dcd6b4619fa77921b042
EXPORTER_SECRET c0aaad853d8dcecff37586c7911981a7212f58822ff3360111961db1d902f2f8 45804ae943f5154edf47fb52980ed02c724369f1a57d7c721592c2885021511d00e9f61307ebdcfab97efc7fc0481b46
CLIENT_TRAFFIC_SECRET_0 c0aaad853d8dcecff37586c7911981a7212f58822ff3360111961db1d902f2f8 3a5780901a11c288f86b7c8fb81effb94adf586381c3b34a98d95fe435435a0599d384fd6ea31ef382d16c9af54f6aa8
SERVER_HANDSHAKE_TRAFFIC_SECRET c0aaad853d8dcecff37586c7911981a7212f58822ff3360111961db1d902f2f8 f71c19988f297daf8fb7cb3ec9e9fa4a363f608ded2a090793d57455f4367842080f7eb137e590e07dbdbb56500c7a62
CLIENT_HANDSHAKE_TRAFFIC_SECRET c0aaad853d8dcecff37586c7911981a7212f58822ff3360111961db1d902f2f8 2f68e7db6deb4680d61ed69d81a5b52e9a99369987c79e52b65877997f7ba7c441d8c9351f3dd75747a3644f6b148226
SERVER_TRAFFIC_SECRET_0 c0aaad853d8dcecff37586c7911981a7212f58822ff3360111961db1d902f2f8 09aa98ef4505e6a31e65cb012129c0414d2360d8d04800e3148dd44d224b4fa32200dd396169dcd6b4619fa77921b042
CLIENT_TRAFFIC_SECRET_0 c0aaad853d8dcecff37586c7911981a7212f58822ff3360111961db1d902f2f8 3a5780901a11c288f86b7c8fb81effb94adf586381c3b34a98d95fe435435a0599d384fd6ea31ef382d16c9af54f6aa8
CLIENT_TRAFFIC_SECRET_0 c0aaad853d8dcecff37586c7911981a7212f58822ff3360111961db1d902f2f8 3a5780901a11c288f86b7c8fb81effb94adf586381c3b34a98d95fe435435a0599d384fd6ea31ef382d16c9af54f6aa8
SERVER_HANDSHAKE_TRAFFIC_SECRET b33bb33363f050c721021618851a0fdb50a80e833a479e7ba0770fbf6b678b26 3e4043fd64a3812998ef430efca9e93a13521cf6eeb2c7ababc5c432d67facc17ee2e3863b5f7504504e07b549397c37
CLIENT_HANDSHAKE_TRAFFIC_SECRET b33bb33363f050c721021618851a0fdb50a80e833a479e7ba0770fbf6b678b26 ba539aa2f1240b108ab57b42b6e7a2f4f790df17bde61608b8704b101c96ff46fe97fcd5126dc02d5e1bb5042042bf14
SERVER_TRAFFIC_SECRET_0 b33bb33363f050c721021618851a0fdb50a80e833a479e7ba0770fbf6b678b26 a17bbe485fe0865031ce660cc74b17627b3e85d9a0ddffe415b2ed71e07e4d675c8cb279e685e3f4c7ee61c0de4041ff
EXPORTER_SECRET b33bb33363f050c721021618851a0fdb50a80e833a479e7ba0770fbf6b678b26 378bfc1f2b29c607cb3ebb3309176bdad7630f1223fd75dcdab5ad62c5d95425ac96273bb9d89d9b15209bf2cb7128fd
CLIENT_TRAFFIC_SECRET_0 b33bb33363f050c721021618851a0fdb50a80e833a479e7ba0770fbf6b678b26 63b7b4a4d5db3d59665e5e7817df4b447bb66e8ed8127baab0fdfbe31415f7ad6e65c1a7f61f878e7b9f2f80031c2824
SERVER_HANDSHAKE_TRAFFIC_SECRET b33bb33363f050c721021618851a0fdb50a80e833a479e7ba0770fbf6b678b26 3e4043fd64a3812998ef430efca9e93a13521cf6eeb2c7ababc5c432d67facc17ee2e3863b5f7504504e07b549397c37
CLIENT_HANDSHAKE_TRAFFIC_SECRET b33bb33363f050c721021618851a0fdb50a80e833a479e7ba0770fbf6b678b26 ba539aa2f1240b108ab57b42b6e7a2f4f790df17bde61608b8704b101c96ff46fe97fcd5126dc02d5e1bb5042042bf14
SERVER_TRAFFIC_SECRET_0 b33bb33363f050c721021618851a0fdb50a80e833a479e7ba0770fbf6b678b26 a17bbe485fe0865031ce660cc74b17627b3e85d9a0ddffe415b2ed71e07e4d675c8cb279e685e3f4c7ee61c0de4041ff
CLIENT_TRAFFIC_SECRET_0 b33bb33363f050c721021618851a0fdb50a80e833a479e7ba0770fbf6b678b26 63b7b4a4d5db3d59665e5e7817df4b447bb66e8ed8127baab0fdfbe31415f7ad6e65c1a7f61f878e7b9f2f80031c2824
CLIENT_TRAFFIC_SECRET_0 b33bb33363f050c721021618851a0fdb50a80e833a479e7ba0770fbf6b678b26 63b7b4a4d5db3d59665e5e7817df4b447bb66e8ed8127baab0fdfbe31415f7ad6e65c1a7f61f878e7b9f2f80031c2824
SERVER_HANDSHAKE_TRAFFIC_SECRET 9997cc45e5b53222f360a8863bff244517d084d3a13607ab0099cd6bcb6eff01 96e89387fd070f3beaf42d4a144503eb79b673e3c3c993bb0d7e0b2080b08c753e20619b18f087c85aa400759e7368be
CLIENT_HANDSHAKE_TRAFFIC_SECRET 9997cc45e5b53222f360a8863bff244517d084d3a13607ab0099cd6bcb6eff01 04ab7d8052c1e9ad33dcf7b2f071b2586d34b55e0d3478ff764dbc8df6be3e6d78b1bb9f8cf3e7975f7dbdfe21f7bc46
SERVER_TRAFFIC_SECRET_0 9997cc45e5b53222f360a8863bff244517d084d3a13607ab0099cd6bcb6eff01 f7d50fc97225cef2fa8581510eb441199c9eba0e0e139669a9208c64134bd341957b5933bafd1456e537f92325621c46
EXPORTER_SECRET 9997cc45e5b53222f360a8863bff244517d084d3a13607ab0099cd6bcb6eff01 fcd54bcac277e072b9dd525f5fae3abef4a9e07470597d8ab06dc4eca57cc2a30547619a59c77d6df7f44bd32191123e
CLIENT_TRAFFIC_SECRET_0 9997cc45e5b53222f360a8863bff244517d084d3a13607ab0099cd6bcb6eff01 7f1693dec2d8333a9601dc412cf762e7c6893948fc1fdda9604c1c72049a987e1eee52db69b6e952fb9f8453e0120e9a
SERVER_HANDSHAKE_TRAFFIC_SECRET 9997cc45e5b53222f360a8863bff244517d084d3a13607ab0099cd6bcb6eff01 96e89387fd070f3beaf42d4a144503eb79b673e3c3c993bb0d7e0b2080b08c753e20619b18f087c85aa400759e7368be
CLIENT_HANDSHAKE_TRAFFIC_SECRET 9997cc45e5b53222f360a8863bff244517d084d3a13607ab0099cd6bcb6eff01 04ab7d8052c1e9ad33dcf7b2f071b2586d34b55e0d3478ff764dbc8df6be3e6d78b1bb9f8cf3e7975f7dbdfe21f7bc46
SERVER_TRAFFIC_SECRET_0 9997cc45e5b53222f360a8863bff244517d084d3a13607ab0099cd6bcb6eff01 f7d50fc97225cef2fa8581510eb441199c9eba0e0e139669a9208c64134bd341957b5933bafd1456e537f92325621c46
CLIENT_TRAFFIC_SECRET_0 9997cc45e5b53222f360a8863bff244517d084d3a13607ab0099cd6bcb6eff01 7f1693dec2d8333a9601dc412cf762e7c6893948fc1fdda9604c1c72049a987e1eee52db69b6e952fb9f8453e0120e9a
CLIENT_TRAFFIC_SECRET_0 9997cc45e5b53222f360a8863bff244517d084d3a13607ab0099cd6bcb6eff01 7f1693dec2d8333a9601dc412cf762e7c6893948fc1fdda9604c1c72049a987e1eee52db69b6e952fb9f8453e0120e9a
SERVER_HANDSHAKE_TRAFFIC_SECRET 05ab28baf5949d74e4fb56eda3b671ecd49658d1a30b0599ef166dc34c235ddf 8945f4d8f8a4279561e341447480ea008d5f9c06395fa58c9e538a8bf1b109dc1c20ff67bb18f7b99c09889a72ba7630
CLIENT_HANDSHAKE_TRAFFIC_SECRET 05ab28baf5949d74e4fb56eda3b671ecd49658d1a30b0599ef166dc34c235ddf 89db8bd4f53d40c75d9165ec635eefedfbb3f5e3230b6aed1b79124f3eeedc8e70da979892c4bee9095b38325d88c828
SERVER_TRAFFIC_SECRET_0 05ab28baf5949d74e4fb56eda3b671ecd49658d1a30b0599ef166dc34c235ddf 32f5b2449a72ac3a54d67326f455f4d97b2ab5f9a9c07e31f9494afe5e210ed45b4346f0c91ba038bc0667299525c740
EXPORTER_SECRET 05ab28baf5949d74e4fb56eda3b671ecd49658d1a30b0599ef166dc34c235ddf c845ee5b13dc34a7f1000df8218a16e427e446efa5cf03d35c813af2cd70ff61fc859909ed964052bbbc3296bcd7e329
CLIENT_TRAFFIC_SECRET_0 05ab28baf5949d74e4fb56eda3b671ecd49658d1a30b0599ef166dc34c235ddf 16d84d88271d1a535fd28965aa85bd485659afc241e34260a03e4740c638cbe4ad86a3f8c8e80224747b862724b11afb
SERVER_HANDSHAKE_TRAFFIC_SECRET 05ab28baf5949d74e4fb56eda3b671ecd49658d1a30b0599ef166dc34c235ddf 8945f4d8f8a4279561e341447480ea008d5f9c06395fa58c9e538a8bf1b109dc1c20ff67bb18f7b99c09889a72ba7630
CLIENT_HANDSHAKE_TRAFFIC_SECRET 05ab28baf5949d74e4fb56eda3b671ecd49658d1a30b0599ef166dc34c235ddf 89db8bd4f53d40c75d9165ec635eefedfbb3f5e3230b6aed1b79124f3eeedc8e70da979892c4bee9095b38325d88c828
SERVER_TRAFFIC_SECRET_0 05ab28baf5949d74e4fb56eda3b671ecd49658d1a30b0599ef166dc34c235ddf 32f5b2449a72ac3a54d67326f455f4d97b2ab5f9a9c07e31f9494afe5e210ed45b4346f0c91ba038bc0667299525c740
CLIENT_TRAFFIC_SECRET_0 05ab28baf5949d74e4fb56eda3b671ecd49658d1a30b0599ef166dc34c235ddf 16d84d88271d1a535fd28965aa85bd485659afc241e34260a03e4740c638cbe4ad86a3f8c8e80224747b862724b11afb
CLIENT_TRAFFIC_SECRET_0 05ab28baf5949d74e4fb56eda3b671ecd49658d1a30b0599ef166dc34c235ddf 16d84d88271d1a535fd28965aa85bd485659afc241e34260a03e4740c638cbe4ad86a3f8c8e80224747b862724b11afb
SERVER_HANDSHAKE_TRAFFIC_SECRET b423cb254fa4407dcdbb0355917e995c591ccfac531ac931cd1a96cbb46bde34 5e06833a0966470168e17c165af178e5f4fc355fb3874a10c52ddb506a9954f906ae9974694aa9dc1850db2dad192b38
CLIENT_HANDSHAKE_TRAFFIC_SECRET b423cb254fa4407dcdbb0355917e995c591ccfac531ac931cd1a96cbb46bde34 8ac509c07d08297a75c26251780439a78cf846d6ce1e7155f038b872eab4328a2f6976130f3b6b5e55c6067c71519351
SERVER_TRAFFIC_SECRET_0 b423cb254fa4407dcdbb0355917e995c591ccfac531ac931cd1a96cbb46bde34 0ff37e05fc40b012a8a9512ec949df668c93cfc01c103c4061fdd0a3ddd80e49936948465af5308ded57472d910811c1
EXPORTER_SECRET b423cb254fa4407dcdbb0355917e995c591ccfac531ac931cd1a96cbb46bde34 bd816e766aece80ed81debfe42f9d74b81bdbd66596c490f5a684160d97d96a1f120cc0ea6074505834450f4e6f9c975
CLIENT_TRAFFIC_SECRET_0 b423cb254fa4407dcdbb0355917e995c591ccfac531ac931cd1a96cbb46bde34 82e297798933924a25cb52b241ae8250a80dc1601b125dc219b922894e9c0a320966aef4291e9df3d6b478ded77695e0
SERVER_HANDSHAKE_TRAFFIC_SECRET b423cb254fa4407dcdbb0355917e995c591ccfac531ac931cd1a96cbb46bde34 5e06833a0966470168e17c165af178e5f4fc355fb3874a10c52ddb506a9954f906ae9974694aa9dc1850db2dad192b38
CLIENT_HANDSHAKE_TRAFFIC_SECRET b423cb254fa4407dcdbb0355917e995c591ccfac531ac931cd1a96cbb46bde34 8ac509c07d08297a75c26251780439a78cf846d6ce1e7155f038b872eab4328a2f6976130f3b6b5e55c6067c71519351
SERVER_TRAFFIC_SECRET_0 b423cb254fa4407dcdbb0355917e995c591ccfac531ac931cd1a96cbb46bde34 0ff37e05fc40b012a8a9512ec949df668c93cfc01c103c4061fdd0a3ddd80e49936948465af5308ded57472d910811c1
CLIENT_TRAFFIC_SECRET_0 b423cb254fa4407dcdbb0355917e995c591ccfac531ac931cd1a96cbb46bde34 82e297798933924a25cb52b241ae8250a80dc1601b125dc219b922894e9c0a320966aef4291e9df3d6b478ded77695e0
CLIENT_TRAFFIC_SECRET_0 b423cb254fa4407dcdbb0355917e995c591ccfac531ac931cd1a96cbb46bde34 82e297798933924a25cb52b241ae8250a80dc1601b125dc219b922894e9c0a320966aef4291e9df3d6b478ded77695e0
SERVER_HANDSHAKE_TRAFFIC_SECRET 244cd7620c123e1e9ce44fbd9a10bdd7aa362d00ff0668a31f8d09c98fc6c107 dfc07796857f88c6623b36cfd61b624ed25920e732ea9607579e6ef748372c441d3f1066794c6c6cb1fa0b077e62b726
CLIENT_HANDSHAKE_TRAFFIC_SECRET 244cd7620c123e1e9ce44fbd9a10bdd7aa362d00ff0668a31f8d09c98fc6c107 17340e98d4285bb55ab8d84edb5dd18b7381387533632f6a06fa50c023d55394e130381969c92e318461f3cb86847758
SERVER_TRAFFIC_SECRET_0 244cd7620c123e1e9ce44fbd9a10bdd7aa362d00ff0668a31f8d09c98fc6c107 fadaac24af795365d4c8518cbb58b500de7582aed57c270f167f9523027dbef61d7f9cf7dbf292bb777d1f8d883225ac
EXPORTER_SECRET 244cd7620c123e1e9ce44fbd9a10bdd7aa362d00ff0668a31f8d09c98fc6c107 d29e898c60bc6a6be1c7e07b9ae974aedb84d3ab7860b73aa62e3d758a2dd81ace47e12661be93a1a53ef2d91a740b0b
CLIENT_TRAFFIC_SECRET_0 244cd7620c123e1e9ce44fbd9a10bdd7aa362d00ff0668a31f8d09c98fc6c107 bfb21ca7bc7b2ea15a9db3738da6e4313a5545d1c1b8f1064144e26f912e6698aa778ffb873a9b286325cee5ad5dce19
SERVER_HANDSHAKE_TRAFFIC_SECRET 244cd7620c123e1e9ce44fbd9a10bdd7aa362d00ff0668a31f8d09c98fc6c107 dfc07796857f88c6623b36cfd61b624ed25920e732ea9607579e6ef748372c441d3f1066794c6c6cb1fa0b077e62b726
CLIENT_HANDSHAKE_TRAFFIC_SECRET 244cd7620c123e1e9ce44fbd9a10bdd7aa362d00ff0668a31f8d09c98fc6c107 17340e98d4285bb55ab8d84edb5dd18b7381387533632f6a06fa50c023d55394e130381969c92e318461f3cb86847758
SERVER_TRAFFIC_SECRET_0 244cd7620c123e1e9ce44fbd9a10bdd7aa362d00ff0668a31f8d09c98fc6c107 fadaac24af795365d4c8518cbb58b500de7582aed57c270f167f9523027dbef61d7f9cf7dbf292bb777d1f8d883225ac
CLIENT_TRAFFIC_SECRET_0 244cd7620c123e1e9ce44fbd9a10bdd7aa362d00ff0668a31f8d09c98fc6c107 bfb21ca7bc7b2ea15a9db3738da6e4313a5545d1c1b8f1064144e26f912e6698aa778ffb873a9b286325cee5ad5dce19
CLIENT_TRAFFIC_SECRET_0 244cd7620c123e1e9ce44fbd9a10bdd7aa362d00ff0668a31f8d09c98fc6c107 bfb21ca7bc7b2ea15a9db3738da6e4313a5545d1c1b8f1064144e26f912e6698aa778ffb873a9b286325cee5ad5dce19
SERVER_HANDSHAKE_TRAFFIC_SECRET 48840d8fc6dfac74fce422af0519d120f062d72e494391bcbc897339bc4c8556 de6be5d728b833612401d94048cb575603aed0c81eec56816fe494d37ec0ee0baace9fc4b2f75fb9abe67c09476a568d
CLIENT_HANDSHAKE_TRAFFIC_SECRET 48840d8fc6dfac74fce422af0519d120f062d72e494391bcbc897339bc4c8556 cde55206163a269bfc2d099091f8ba78c36d55cf089f5ff20683dd7549e5b6bb100987ccb5afb22ce10925939e8ad8d1
SERVER_TRAFFIC_SECRET_0 48840d8fc6dfac74fce422af0519d120f062d72e494391bcbc897339bc4c8556 6ac4245db19b662bd54c550c0e927504b4bdcc36d14d84af24f3ba3bb37d0a9005e92d7cbf9ac5afbe98c9f56ac48191
EXPORTER_SECRET 48840d8fc6dfac74fce422af0519d120f062d72e494391bcbc897339bc4c8556 3ead216bdb664cb57e17361ec9cad0fdd3eb4db81837826164c3aac35b92e11eb68be4d3da8e8e9a513f112dc6e18191
CLIENT_TRAFFIC_SECRET_0 48840d8fc6dfac74fce422af0519d120f062d72e494391bcbc897339bc4c8556 808dbcc34ed476bf788ad3739e59186665e2bc7719c67ac87736f47a1ee3858ca8593cf0a481a0113221e0d1bf2a2594
SERVER_HANDSHAKE_TRAFFIC_SECRET 48840d8fc6dfac74fce422af0519d120f062d72e494391bcbc897339bc4c8556 de6be5d728b833612401d94048cb575603aed0c81eec56816fe494d37ec0ee0baace9fc4b2f75fb9abe67c09476a568d
CLIENT_HANDSHAKE_TRAFFIC_SECRET 48840d8fc6dfac74fce422af0519d120f062d72e494391bcbc897339bc4c8556 cde55206163a269bfc2d099091f8ba78c36d55cf089f5ff20683dd7549e5b6bb100987ccb5afb22ce10925939e8ad8d1
SERVER_TRAFFIC_SECRET_0 48840d8fc6dfac74fce422af0519d120f062d72e494391bcbc897339bc4c8556 6ac4245db19b662bd54c550c0e927504b4bdcc36d14d84af24f3ba3bb37d0a9005e92d7cbf9ac5afbe98c9f56ac48191
CLIENT_TRAFFIC_SECRET_0 48840d8fc6dfac74fce422af0519d120f062d72e494391bcbc897339bc4c8556 808dbcc34ed476bf788ad3739e59186665e2bc7719c67ac87736f47a1ee3858ca8593cf0a481a0113221e0d1bf2a2594
CLIENT_TRAFFIC_SECRET_0 48840d8fc6dfac74fce422af0519d120f062d72e494391bcbc897339bc4c8556 808dbcc34ed476bf788ad3739e59186665e2bc7719c67ac87736f47a1ee3858ca8593cf0a481a0113221e0d1bf2a2594
SERVER_HANDSHAKE_TRAFFIC_SECRET 03b02859bfff0f6cdd46af40fe73d2b8aa4e6dd5c41dd0238368d953627eb979 9587707ba758e79ed05e7dc3d29b60dc4c61e6d26ec3999660938d4dc3f77944ba26690631fc1902b1c1ffbf689e7d0d
CLIENT_HANDSHAKE_TRAFFIC_SECRET 03b02859bfff0f6cdd46af40fe73d2b8aa4e6dd5c41dd0238368d953627eb979 dc96895b73499b4715f38b6e0457c6cf53aafa4538343bd459de0fe77eb86d228cd3123910570da3c1d156bce1e92d33
SERVER_TRAFFIC_SECRET_0 03b02859bfff0f6cdd46af40fe73d2b8aa4e6dd5c41dd0238368d953627eb979 365432a5fa34dc32986f7d5b6a9f0cd0cdf1691a1037e4a03ed7e882c11ea3fb4be320bcfbe2f2442b3dff5c55bd8879
EXPORTER_SECRET 03b02859bfff0f6cdd46af40fe73d2b8aa4e6dd5c41dd0238368d953627eb979 94616f092ee7e7ad0fe9ea8abb7ba4982fcf83075e6e356165f88fe1373def579b9455b4f81f3cde0ad78ca284ccbb44
CLIENT_TRAFFIC_SECRET_0 03b02859bfff0f6cdd46af40fe73d2b8aa4e6dd5c41dd0238368d953627eb979 03a00f0c4c847a7974d9a7d7fa557c9592ccbc8d2f1e5b9f584dca3431d7b451608da2f6839b711fe50207cbfc179928
SERVER_HANDSHAKE_TRAFFIC_SECRET 03b02859bfff0f6cdd46af40fe73d2b8aa4e6dd5c41dd0238368d953627eb979 9587707ba758e79ed05e7dc3d29b60dc4c61e6d26ec3999660938d4dc3f77944ba26690631fc1902b1c1ffbf689e7d0d
CLIENT_HANDSHAKE_TRAFFIC_SECRET 03b02859bfff0f6cdd46af40fe73d2b8aa4e6dd5c41dd0238368d953627eb979 dc96895b73499b4715f38b6e0457c6cf53aafa4538343bd459de0fe77eb86d228cd3123910570da3c1d156bce1e92d33
SERVER_TRAFFIC_SECRET_0 03b02859bfff0f6cdd46af40fe73d2b8aa4e6dd5c41dd0238368d953627eb979 365432a5fa34dc32986f7d5b6a9f0cd0cdf1691a1037e4a03ed7e882c11ea3fb4be320bcfbe2f2442b3dff5c55bd8879
CLIENT_TRAFFIC_SECRET_0 03b02859bfff0f6cdd46af40fe73d2b8aa4e6dd5c41dd0238368d953627eb979 03a00f0c4c847a7974d9a7d7fa557c9592ccbc8d2f1e5b9f584dca3431d7b451608da2f6839b711fe50207cbfc179928
CLIENT_TRAFFIC_SECRET_0 03b02859bfff0f6cdd46af40fe73d2b8aa4e6dd5c41dd0238368d953627eb979 03a00f0c4c847a7974d9a7d7fa557c9592ccbc8d2f1e5b9f584dca3431d7b451608da2f6839b711fe50207cbfc179928
SERVER_HANDSHAKE_TRAFFIC_SECRET b383df1862eda05f78a99da5fba4da2c118e6b3af8a70f7d8105dd4f0f6f4ba8 25b08cb26a657023cb70046a7ac12905a6a340899170707127f0bd6dac83e976620560b27cf2e0418065253a7ade7a14
CLIENT_HANDSHAKE_TRAFFIC_SECRET b383df1862eda05f78a99da5fba4da2c118e6b3af8a70f7d8105dd4f0f6f4ba8 ce2a7830a2150858aec476c5e0bbdfcf461efe4d95baafd3f2685f813f456e93c51fe2532c0ed0302294ebff313e38fa
SERVER_TRAFFIC_SECRET_0 b383df1862eda05f78a99da5fba4da2c118e6b3af8a70f7d8105dd4f0f6f4ba8 ba27870159222647701d919a1e0d056d4613ddd56e526391507ac2f2655c11f55814612a819ef955e6f1fd85097946ba
EXPORTER_SECRET b383df1862eda05f78a99da5fba4da2c118e6b3af8a70f7d8105dd4f0f6f4ba8 4a6bb34036e3b838c1b9c857df1dc0fbcf100fe8fbce6578601b3deb401f1de3677831784848701a25d3c75b65cb91df
CLIENT_TRAFFIC_SECRET_0 b383df1862eda05f78a99da5fba4da2c118e6b3af8a70f7d8105dd4f0f6f4ba8 cbd75633504c9b27aeeb988376d5d49750cbacd38875a87a45ff1cb6d718126bf40153183d35fbb18dd37c6be18be343
SERVER_HANDSHAKE_TRAFFIC_SECRET b383df1862eda05f78a99da5fba4da2c118e6b3af8a70f7d8105dd4f0f6f4ba8 25b08cb26a657023cb70046a7ac12905a6a340899170707127f0bd6dac83e976620560b27cf2e0418065253a7ade7a14
CLIENT_HANDSHAKE_TRAFFIC_SECRET b383df1862eda05f78a99da5fba4da2c118e6b3af8a70f7d8105dd4f0f6f4ba8 ce2a7830a2150858aec476c5e0bbdfcf461efe4d95baafd3f2685f813f456e93c51fe2532c0ed0302294ebff313e38fa
SERVER_TRAFFIC_SECRET_0 b383df1862eda05f78a99da5fba4da2c118e6b3af8a70f7d8105dd4f0f6f4ba8 ba27870159222647701d919a1e0d056d4613ddd56e526391507ac2f2655c11f55814612a819ef955e6f1fd85097946ba
CLIENT_TRAFFIC_SECRET_0 b383df1862eda05f78a99da5fba4da2c118e6b3af8a70f7d8105dd4f0f6f4ba8 cbd75633504c9b27aeeb988376d5d49750cbacd38875a87a45ff1cb6d718126bf40153183d35fbb18dd37c6be18be343
CLIENT_TRAFFIC_SECRET_0 b383df1862eda05f78a99da5fba4da2c118e6b3af8a70f7d8105dd4f0f6f4ba8 cbd75633504c9b27aeeb988376d5d49750cbacd38875a87a45ff1cb6d718126bf40153183d35fbb18dd37c6be18be343
SERVER_HANDSHAKE_TRAFFIC_SECRET 67807d1e3db7a1ad7870881af9492c6cd47037d56e69f3e2984b1810c872ec11 394ed1f9c384cf9de9d8850e13dc7080ecc7bca4d5038dead1bd4e748bdbeecb41ca99b559ed73b915d179ed24a76907
CLIENT_HANDSHAKE_TRAFFIC_SECRET 67807d1e3db7a1ad7870881af9492c6cd47037d56e69f3e2984b1810c872ec11 50c55bd545ea980044508693e1b5b4f74b6617ba9fe759de8f0a252fa11bfbef475a11308800a5e2961064bf9e0a4544
SERVER_TRAFFIC_SECRET_0 67807d1e3db7a1ad7870881af9492c6cd47037d56e69f3e2984b1810c872ec11 540e8d62e8e24e6196148b167eb2685e94f9f8d4db654d61471068533f7dfd74480b2d1ee6b126cdafcdd6199a30e4f6
EXPORTER_SECRET 67807d1e3db7a1ad7870881af9492c6cd47037d56e69f3e2984b1810c872ec11 dfe7720cddd2d6207d11b2ff6f90d9e777952ae803bca1b5355c42069c65aed44969bfad2656abc679775bda3f617779
CLIENT_TRAFFIC_SECRET_0 67807d1e3db7a1ad7870881af9492c6cd47037d56e69f3e2984b1810c872ec11 85bbd26e9c598a9b1ff0313d64c96dcde5af60d8190359a0e6ec9217b771156efbae72392d156918fd92c5b978ae4cc5
SERVER_HANDSHAKE_TRAFFIC_SECRET 67807d1e3db7a1ad7870881af9492c6cd47037d56e69f3e2984b1810c872ec11 394ed1f9c384cf9de9d8850e13dc7080ecc7bca4d5038dead1bd4e748bdbeecb41ca99b559ed73b915d179ed24a76907
CLIENT_HANDSHAKE_TRAFFIC_SECRET 67807d1e3db7a1ad7870881af9492c6cd47037d56e69f3e2984b1810c872ec11 50c55bd545ea980044508693e1b5b4f74b6617ba9fe759de8f0a252fa11bfbef475a11308800a5e2961064bf9e0a4544
SERVER_TRAFFIC_SECRET_0 67807d1e3db7a1ad7870881af9492c6cd47037d56e69f3e2984b1810c872ec11 540e8d62e8e24e6196148b167eb2685e94f9f8d4db654d61471068533f7dfd74480b2d1ee6b126cdafcdd6199a30e4f6
CLIENT_TRAFFIC_SECRET_0 67807d1e3db7a1ad7870881af9492c6cd47037d56e69f3e2984b1810c872ec11 85bbd26e9c598a9b1ff0313d64c96dcde5af60d8190359a0e6ec9217b771156efbae72392d156918fd92c5b978ae4cc5
CLIENT_TRAFFIC_SECRET_0 67807d1e3db7a1ad7870881af9492c6cd47037d56e69f3e2984b1810c872ec11 85bbd26e9c598a9b1ff0313d64c96dcde5af60d8190359a0e6ec9217b771156efbae72392d156918fd92c5b978ae4cc5
SERVER_HANDSHAKE_TRAFFIC_SECRET 3e686d6bf854d8b8617dac7cd6927876078474e252b766281074b312d31b37cc 3bacf9345c411c1c847df0fcf7334ed05dfca6843bd345c2e69a1e55c8f8c3fea4ca6f5a669f01b5a471869563233e7b
CLIENT_HANDSHAKE_TRAFFIC_SECRET 3e686d6bf854d8b8617dac7cd6927876078474e252b766281074b312d31b37cc 313eba1e479cd7bca76885bd15ee50abc99ab62d27910c69fe479bfb8a52950b7fbc1f3192bb49b4f815c4fb1f8c6f39
SERVER_TRAFFIC_SECRET_0 3e686d6bf854d8b8617dac7cd6927876078474e252b766281074b312d31b37cc e9b3b08cceb0f4653d83936dcae1c234f0cb1bf26224edf79acabf50f34dc41556c3e559b0f9b3cd79d04014ff284d18
EXPORTER_SECRET 3e686d6bf854d8b8617dac7cd6927876078474e252b766281074b312d31b37cc 941b97895773e9b231f5147ee9ecb27f76a613234526eb29e5010daeb6c78bc087f11481b8e43f4aecb9ce70c816024c
CLIENT_TRAFFIC_SECRET_0 3e686d6bf854d8b8617dac7cd6927876078474e252b766281074b312d31b37cc d89a7da9cdc75e828b12fe039b12646bc4651a6d97b4246662e0942938e5b2d99e7f609fedbd85f530611a51f2619f12
SERVER_HANDSHAKE_TRAFFIC_SECRET 3e686d6bf854d8b8617dac7cd6927876078474e252b766281074b312d31b37cc 3bacf9345c411c1c847df0fcf7334ed05dfca6843bd345c2e69a1e55c8f8c3fea4ca6f5a669f01b5a471869563233e7b
CLIENT_HANDSHAKE_TRAFFIC_SECRET 3e686d6bf854d8b8617dac7cd6927876078474e252b766281074b312d31b37cc 313eba1e479cd7bca76885bd15ee50abc99ab62d27910c69fe479bfb8a52950b7fbc1f3192bb49b4f815c4fb1f8c6f39
SERVER_TRAFFIC_SECRET_0 3e686d6bf854d8b8617dac7cd6927876078474e252b766281074b312d31b37cc e9b3b08cceb0f4653d83936dcae1c234f0cb1bf26224edf79acabf50f34dc41556c3e559b0f9b3cd79d04014ff284d18
CLIENT_TRAFFIC_SECRET_0 3e686d6bf854d8b8617dac7cd6927876078474e252b766281074b312d31b37cc d89a7da9cdc75e828b12fe039b12646bc4651a6d97b4246662e0942938e5b2d99e7f609fedbd85f530611a51f2619f12
CLIENT_TRAFFIC_SECRET_0 3e686d6bf854d8b8617dac7cd6927876078474e252b766281074b312d31b37cc d89a7da9cdc75e828b12fe039b12646bc4651a6d97b4246662e0942938e5b2d99e7f609fedbd85f530611a51f2619f12
SERVER_HANDSHAKE_TRAFFIC_SECRET d40db9ef04184e0f5467c347d70e68c4b0e4fdcbb7f194a7390288315d809bbd 5ec55f29f414014b1e4398cbe054223513370cd636054b6c58fd09aeed3fa3aecc3b5d1abad5faf3c4008023bc686529
CLIENT_HANDSHAKE_TRAFFIC_SECRET d40db9ef04184e0f5467c347d70e68c4b0e4fdcbb7f194a7390288315d809bbd cf69a08c8929008d539dfb23b72c4229321a5c76cb08fac277a9eb34c612d13f202c65adbe9d1354b2a6fd73911fc544
SERVER_TRAFFIC_SECRET_0 d40db9ef04184e0f5467c347d70e68c4b0e4fdcbb7f194a7390288315d809bbd c57b1b633de51b0119305ed72025d9f9a0d0aa3cf559f478191f8deeb697024e0249bea67c163715be0c23cdeff4f8ba
EXPORTER_SECRET d40db9ef04184e0f5467c347d70e68c4b0e4fdcbb7f194a7390288315d809bbd a4d34eff6febf53ee81a3df1ff70fdb798e9c85ea51f8a2e0fe3ead14848cae497cc4df5ff47c43cb078a766d507ee7c
CLIENT_TRAFFIC_SECRET_0 d40db9ef04184e0f5467c347d70e68c4b0e4fdcbb7f194a7390288315d809bbd 08a87e8556d8a15de790fab2f6d95f53363e30d06ef8f914c1cbc4c83075086b11cedf5800ac03ed12731b1be1cf1207
SERVER_HANDSHAKE_TRAFFIC_SECRET d40db9ef04184e0f5467c347d70e68c4b0e4fdcbb7f194a7390288315d809bbd 5ec55f29f414014b1e4398cbe054223513370cd636054b6c58fd09aeed3fa3aecc3b5d1abad5faf3c4008023bc686529
CLIENT_HANDSHAKE_TRAFFIC_SECRET d40db9ef04184e0f5467c347d70e68c4b0e4fdcbb7f194a7390288315d809bbd cf69a08c8929008d539dfb23b72c4229321a5c76cb08fac277a9eb34c612d13f202c65adbe9d1354b2a6fd73911fc544
SERVER_TRAFFIC_SECRET_0 d40db9ef04184e0f5467c347d70e68c4b0e4fdcbb7f194a7390288315d809bbd c57b1b633de51b0119305ed72025d9f9a0d0aa3cf559f478191f8deeb697024e0249bea67c163715be0c23cdeff4f8ba
CLIENT_TRAFFIC_SECRET_0 d40db9ef04184e0f5467c347d70e68c4b0e4fdcbb7f194a7390288315d809bbd 08a87e8556d8a15de790fab2f6d95f53363e30d06ef8f914c1cbc4c83075086b11cedf5800ac03ed12731b1be1cf1207
CLIENT_TRAFFIC_SECRET_0 d40db9ef04184e0f5467c347d70e68c4b0e4fdcbb7f194a7390288315d809bbd 08a87e8556d8a15de790fab2f6d95f53363e30d06ef8f914c1cbc4c83075086b11cedf5800ac03ed12731b1be1cf1207
SERVER_HANDSHAKE_TRAFFIC_SECRET 0b094879d687143d50c0ab52c7b6f8249726d1150299e43c1833ebca3e5832fa b1dea67fc570fcef869c0d58144cfa2e55d1a27c27121333421be9521f005a56bff1463c754b5b1c33dd417b93643244
CLIENT_HANDSHAKE_TRAFFIC_SECRET 0b094879d687143d50c0ab52c7b6f8249726d1150299e43c1833ebca3e5832fa bd7829e0336e79c6c391c8597ea4efbc8f17cbd85cb6fa7990039f08ef0cd8f8eb9e2a6b984df1b9770d9e2ed8752efc
SERVER_TRAFFIC_SECRET_0 0b094879d687143d50c0ab52c7b6f8249726d1150299e43c1833ebca3e5832fa 573b622c7905c23f3087da4bb7488e0072f05aeeea683705655a1a6c7929fef17867a1ebb021524f87aa5c2e3fbbcd9a
EXPORTER_SECRET 0b094879d687143d50c0ab52c7b6f8249726d1150299e43c1833ebca3e5832fa 18c08b0f9d910859b921c2fc2e768c178e9315439d053b5091841686138b3c10b37a370729b5c6057948794908e3acb9
CLIENT_TRAFFIC_SECRET_0 0b094879d687143d50c0ab52c7b6f8249726d1150299e43c1833ebca3e5832fa 405a9cd95d79e3501d0129f1bc265c2e518d7eabb96e2ca4fcc586405f8436ada5a75ae10b9e27f4fbc7cabc057b094c
SERVER_HANDSHAKE_TRAFFIC_SECRET 0b094879d687143d50c0ab52c7b6f8249726d1150299e43c1833ebca3e5832fa b1dea67fc570fcef869c0d58144cfa2e55d1a27c27121333421be9521f005a56bff1463c754b5b1c33dd417b93643244
CLIENT_HANDSHAKE_TRAFFIC_SECRET 0b094879d687143d50c0ab52c7b6f8249726d1150299e43c1833ebca3e5832fa bd7829e0336e79c6c391c8597ea4efbc8f17cbd85cb6fa7990039f08ef0cd8f8eb9e2a6b984df1b9770d9e2ed8752efc
SERVER_TRAFFIC_SECRET_0 0b094879d687143d50c0ab52c7b6f8249726d1150299e43c1833ebca3e5832fa 573b622c7905c23f3087da4bb7488e0072f05aeeea683705655a1a6c7929fef17867a1ebb021524f87aa5c2e3fbbcd9a
CLIENT_TRAFFIC_SECRET_0 0b094879d687143d50c0ab52c7b6f8249726d1150299e43c1833ebca3e5832fa 405a9cd95d79e3501d0129f1bc265c2e518d7eabb96e2ca4fcc586405f8436ada5a75ae10b9e27f4fbc7cabc057b094c
CLIENT_TRAFFIC_SECRET_0 0b094879d687143d50c0ab52c7b6f8249726d1150299e43c1833ebca3e5832fa 405a9cd95d79e3501d0129f1bc265c2e518d7eabb96e2ca4fcc586405f8436ada5a75ae10b9e27f4fbc7cabc057b094c
SERVER_HANDSHAKE_TRAFFIC_SECRET 1e0a5ecfe1b6102d6b9006a44400cdd49c36838faa7bface9b4a97b1b1b1e0af f438eb7df62ec432b9d13307e578377013d7e9e837ea9a1f2109f255e01899d58aff41adc892854ee7aa75d5d13c2c18
CLIENT_HANDSHAKE_TRAFFIC_SECRET 1e0a5ecfe1b6102d6b9006a44400cdd49c36838faa7bface9b4a97b1b1b1e0af e37c36b46701605f28f4528f0aa2c2948d432823ee03446135bbe326e6a780aacf6f10e3070339bd662a2bce8c4b4deb
SERVER_TRAFFIC_SECRET_0 1e0a5ecfe1b6102d6b9006a44400cdd49c36838faa7bface9b4a97b1b1b1e0af 83d55d3296c956bd27e2f3b89d02fa181ea9aa566d6a7d45cb4810503b6c3bd90338befe07a8b61be49debedf6cbb848
EXPORTER_SECRET 1e0a5ecfe1b6102d6b9006a44400cdd49c36838faa7bface9b4a97b1b1b1e0af ce7d189754b16e3dd128d513b791456291d2d429c54c6f49e8b13bb4c9c1d0468237b5076de63932e836eb946ab252e3
CLIENT_TRAFFIC_SECRET_0 1e0a5ecfe1b6102d6b9006a44400cdd49c36838faa7bface9b4a97b1b1b1e0af ec981f5cd7356f48dce32d77eb6aa3ae263075aad2dd725534d2efb440f0eee24763f218553d4a570c5bc90f1c8a59c4
SERVER_HANDSHAKE_TRAFFIC_SECRET 1e0a5ecfe1b6102d6b9006a44400cdd49c36838faa7bface9b4a97b1b1b1e0af f438eb7df62ec432b9d13307e578377013d7e9e837ea9a1f2109f255e01899d58aff41adc892854ee7aa75d5d13c2c18
CLIENT_HANDSHAKE_TRAFFIC_SECRET 1e0a5ecfe1b6102d6b9006a44400cdd49c36838faa7bface9b4a97b1b1b1e0af e37c36b46701605f28f4528f0aa2c2948d432823ee03446135bbe326e6a780aacf6f10e3070339bd662a2bce8c4b4deb
SERVER_TRAFFIC_SECRET_0 1e0a5ecfe1b6102d6b9006a44400cdd49c36838faa7bface9b4a97b1b1b1e0af 83d55d3296c956bd27e2f3b89d02fa181ea9aa566d6a7d45cb4810503b6c3bd90338befe07a8b61be49debedf6cbb848
CLIENT_TRAFFIC_SECRET_0 1e0a5ecfe1b6102d6b9006a44400cdd49c36838faa7bface9b4a97b1b1b1e0af ec981f5cd7356f48dce32d77eb6aa3ae263075aad2dd725534d2efb440f0eee24763f218553d4a570c5bc90f1c8a59c4
CLIENT_TRAFFIC_SECRET_0 1e0a5ecfe1b6102d6b9006a44400cdd49c36838faa7bface9b4a97b1b1b1e0af ec981f5cd7356f48dce32d77eb6aa3ae263075aad2dd725534d2efb440f0eee24763f218553d4a570c5bc90f1c8a59c4
SERVER_HANDSHAKE_TRAFFIC_SECRET f3f1a138ba88d4309149c7f5594cd43df26d328545f17c58596d5e7cd0925d7b 138b05a43804b6257a9d7a0e37ef30de445a2544d16a4e5113349270e92f6926a945749a4e294b43cf475aa402a69602
CLIENT_HANDSHAKE_TRAFFIC_SECRET f3f1a138ba88d4309149c7f5594cd43df26d328545f17c58596d5e7cd0925d7b dacfad0c4fa008cfa274c5091e8ee03c47237f0bf12c50f40784635463293ed870d04d0f644f7f2152a522171f6db023
SERVER_TRAFFIC_SECRET_0 f3f1a138ba88d4309149c7f5594cd43df26d328545f17c58596d5e7cd0925d7b 1dde23e3a2135677c9e906751b11dc1244ebb43604a27611a6ec117c2b850d970740983997165302dc1ebc8e02c7e4e4
EXPORTER_SECRET f3f1a138ba88d4309149c7f5594cd43df26d328545f17c58596d5e7cd0925d7b 63edb0dc17035720bdaf006f68a451707eb5cbf1d05c90ad2e9795958fd6ee60d97a23e42542fa6f9e054c7e12d6c877
CLIENT_TRAFFIC_SECRET_0 f3f1a138ba88d4309149c7f5594cd43df26d328545f17c58596d5e7cd0925d7b 3477bb0098ebf481e03126f54e836a347f526e2781e38817522a3a8987d5d6131ed404ed66b52d47bd9072663145b5a4
SERVER_HANDSHAKE_TRAFFIC_SECRET f3f1a138ba88d4309149c7f5594cd43df26d328545f17c58596d5e7cd0925d7b 138b05a43804b6257a9d7a0e37ef30de445a2544d16a4e5113349270e92f6926a945749a4e294b43cf475aa402a69602
CLIENT_HANDSHAKE_TRAFFIC_SECRET f3f1a138ba88d4309149c7f5594cd43df26d328545f17c58596d5e7cd0925d7b dacfad0c4fa008cfa274c5091e8ee03c47237f0bf12c50f40784635463293ed870d04d0f644f7f2152a522171f6db023
SERVER_TRAFFIC_SECRET_0 f3f1a138ba88d4309149c7f5594cd43df26d328545f17c58596d5e7cd0925d7b 1dde23e3a2135677c9e906751b11dc1244ebb43604a27611a6ec117c2b850d970740983997165302dc1ebc8e02c7e4e4
CLIENT_TRAFFIC_SECRET_0 f3f1a138ba88d4309149c7f5594cd43df26d328545f17c58596d5e7cd0925d7b 3477bb0098ebf481e03126f54e836a347f526e2781e38817522a3a8987d5d6131ed404ed66b52d47bd9072663145b5a4
CLIENT_TRAFFIC_SECRET_0 f3f1a138ba88d4309149c7f5594cd43df26d328545f17c58596d5e7cd0925d7b 3477bb0098ebf481e03126f54e836a347f526e2781e38817522a3a8987d5d6131ed404ed66b52d47bd9072663145b5a4
SERVER_HANDSHAKE_TRAFFIC_SECRET 77def7c3c234e6e0a5e03b6132af04a1f510e9f664c3036ed9d437a77883fd95 2f215b9d0686869e02d89a5fcea034f90397e2499e5522fd4c8a6a66dc484384806e5f31126d4b524b1a9eafe1ada2a5
CLIENT_HANDSHAKE_TRAFFIC_SECRET 77def7c3c234e6e0a5e03b6132af04a1f510e9f664c3036ed9d437a77883fd95 8d7238eb72db1b4eb59ab4d71a20d4f595377ca8bbe0e744dbc7b67ef11c91c8a9bf35c0fb92657751f0b943efbe4b46
SERVER_TRAFFIC_SECRET_0 77def7c3c234e6e0a5e03b6132af04a1f510e9f664c3036ed9d437a77883fd95 8d9254fecbc28178f0cd73e783103f7486e9b6b202c2f9942825c7cb8b91e506c9ee5a7dbdb23e4b4e5d4f909e81c732
EXPORTER_SECRET 77def7c3c234e6e0a5e03b6132af04a1f510e9f664c3036ed9d437a77883fd95 cdf59bbd6854d5517f565985c407f0a304595dc87c8319ba1922ffd05620adf30febdc9060fb268f4f5751e4f6ed0aee
CLIENT_TRAFFIC_SECRET_0 77def7c3c234e6e0a5e03b6132af04a1f510e9f664c3036ed9d437a77883fd95 f8ed0eb3cded720812977112fb6e2af63e505bf9da1ed566313cc0177d58c55999898029526062cea7e70649bd37b9d1
SERVER_HANDSHAKE_TRAFFIC_SECRET 77def7c3c234e6e0a5e03b6132af04a1f510e9f664c3036ed9d437a77883fd95 2f215b9d0686869e02d89a5fcea034f90397e2499e5522fd4c8a6a66dc484384806e5f31126d4b524b1a9eafe1ada2a5
CLIENT_HANDSHAKE_TRAFFIC_SECRET 77def7c3c234e6e0a5e03b6132af04a1f510e9f664c3036ed9d437a77883fd95 8d7238eb72db1b4eb59ab4d71a20d4f595377ca8bbe0e744dbc7b67ef11c91c8a9bf35c0fb92657751f0b943efbe4b46
SERVER_TRAFFIC_SECRET_0 77def7c3c234e6e0a5e03b6132af04a1f510e9f664c3036ed9d437a77883fd95 8d9254fecbc28178f0cd73e783103f7486e9b6b202c2f9942825c7cb8b91e506c9ee5a7dbdb23e4b4e5d4f909e81c732
CLIENT_TRAFFIC_SECRET_0 77def7c3c234e6e0a5e03b6132af04a1f510e9f664c3036ed9d437a77883fd95 f8ed0eb3cded720812977112fb6e2af63e505bf9da1ed566313cc0177d58c55999898029526062cea7e70649bd37b9d1
CLIENT_TRAFFIC_SECRET_0 77def7c3c234e6e0a5e03b6132af04a1f510e9f664c3036ed9d437a77883fd95 f8ed0eb3cded720812977112fb6e2af63e505bf9da1ed566313cc0177d58c55999898029526062cea7e70649bd37b9d1
SERVER_HANDSHAKE_TRAFFIC_SECRET 184a7d0464cde53ad53848daf7303c29acfecbf0e1a6d885abcead5ac418d0a5 7839b324c8733b8c4c5621ed1dfdc482dab6264f431e33a80ccd284b829dedbb7226c2fe13921ae2a7ac266aec2c802e
CLIENT_HANDSHAKE_TRAFFIC_SECRET 184a7d0464cde53ad53848daf7303c29acfecbf0e1a6d885abcead5ac418d0a5 d1cf4665caf5e9689e9ed18b2b196a861d74057baf0502c0a71564e50b9846c24054efedec2c8aa90c2e8282fe3e2d1f
SERVER_TRAFFIC_SECRET_0 184a7d0464cde53ad53848daf7303c29acfecbf0e1a6d885abcead5ac418d0a5 314b32805e2f099c7c377e5bc253b18ddc3c395b0f2fcaefda1d6e8fac08cb8fc6a4f5fdee576fb972347143f7d9f152
EXPORTER_SECRET 184a7d0464cde53ad53848daf7303c29acfecbf0e1a6d885abcead5ac418d0a5 f05668fa985b7fd0cfc48a049e9ba069dea9a972b76c9fea08c6bc25d8632f6df1d317709f69dd000e504647ea51b03d
CLIENT_TRAFFIC_SECRET_0 184a7d0464cde53ad53848daf7303c29acfecbf0e1a6d885abcead5ac418d0a5 22372cbaa29e48334aedba5f216efb12e11731fc7aec6cc2b548129e5ce0a0192f99d004750c394eb1ee3259bacfce8c
SERVER_HANDSHAKE_TRAFFIC_SECRET 184a7d0464cde53ad53848daf7303c29acfecbf0e1a6d885abcead5ac418d0a5 7839b324c8733b8c4c5621ed1dfdc482dab6264f431e33a80ccd284b829dedbb7226c2fe13921ae2a7ac266aec2c802e
CLIENT_HANDSHAKE_TRAFFIC_SECRET 184a7d0464cde53ad53848daf7303c29acfecbf0e1a6d885abcead5ac418d0a5 d1cf4665caf5e9689e9ed18b2b196a861d74057baf0502c0a71564e50b9846c24054efedec2c8aa90c2e8282fe3e2d1f
SERVER_TRAFFIC_SECRET_0 184a7d0464cde53ad53848daf7303c29acfecbf0e1a6d885abcead5ac418d0a5 314b32805e2f099c7c377e5bc253b18ddc3c395b0f2fcaefda1d6e8fac08cb8fc6a4f5fdee576fb972347143f7d9f152
CLIENT_TRAFFIC_SECRET_0 184a7d0464cde53ad53848daf7303c29acfecbf0e1a6d885abcead5ac418d0a5 22372cbaa29e48334aedba5f216efb12e11731fc7aec6cc2b548129e5ce0a0192f99d004750c394eb1ee3259bacfce8c
CLIENT_TRAFFIC_SECRET_0 184a7d0464cde53ad53848daf7303c29acfecbf0e1a6d885abcead5ac418d0a5 22372cbaa29e48334aedba5f216efb12e11731fc7aec6cc2b548129e5ce0a0192f99d004750c394eb1ee3259bacfce8c
SERVER_HANDSHAKE_TRAFFIC_SECRET 0709f6794b4d4c379cc431013d79b716ffddb0a0541abb5fc6899f59c14b27e6 6b99161f04fd6fb9ed49194d6a5ef0949c5a092c53dc3a69a658903e8ecbd310d0be773a9874d6b84cd2aee2f43c7eb6
CLIENT_HANDSHAKE_TRAFFIC_SECRET 0709f6794b4d4c379cc431013d79b716ffddb0a0541abb5fc6899f59c14b27e6 98e3dece646ce658a992ef7ab737354893618cc3e06459770296aa9248e066d82485bd10f609befcc19a1fe37d76293c
SERVER_TRAFFIC_SECRET_0 0709f6794b4d4c379cc431013d79b716ffddb0a0541abb5fc6899f59c14b27e6 9afba515995d99ecc984e066e38b2199017dbdf95fdf555ff4df0b056c2dfa7e811ff92f60d15472d699cf6a0cda343a
EXPORTER_SECRET 0709f6794b4d4c379cc431013d79b716ffddb0a0541abb5fc6899f59c14b27e6 4971e839da3079a39d345e89936a27a3dfe3b8d5c05e7147b8e11b5bd6d59fa741aae2b48a3ec2eb0e31d73361f84a62
CLIENT_TRAFFIC_SECRET_0 0709f6794b4d4c379cc431013d79b716ffddb0a0541abb5fc6899f59c14b27e6 9ffa526be11478849548c3a6c55e8f51af6f77224965196bdcc7b2f825b4dab3ec52af699a1c421b4782e996d24b3aba
SERVER_HANDSHAKE_TRAFFIC_SECRET 0709f6794b4d4c379cc431013d79b716ffddb0a0541abb5fc6899f59c14b27e6 6b99161f04fd6fb9ed49194d6a5ef0949c5a092c53dc3a69a658903e8ecbd310d0be773a9874d6b84cd2aee2f43c7eb6
CLIENT_HANDSHAKE_TRAFFIC_SECRET 0709f6794b4d4c379cc431013d79b716ffddb0a0541abb5fc6899f59c14b27e6 98e3dece646ce658a992ef7ab737354893618cc3e06459770296aa9248e066d82485bd10f609befcc19a1fe37d76293c
SERVER_TRAFFIC_SECRET_0 0709f6794b4d4c379cc431013d79b716ffddb0a0541abb5fc6899f59c14b27e6 9afba515995d99ecc984e066e38b2199017dbdf95fdf555ff4df0b056c2dfa7e811ff92f60d15472d699cf6a0cda343a
CLIENT_TRAFFIC_SECRET_0 0709f6794b4d4c379cc431013d79b716ffddb0a0541abb5fc6899f59c14b27e6 9ffa526be11478849548c3a6c55e8f51af6f77224965196bdcc7b2f825b4dab3ec52af699a1c421b4782e996d24b3aba
CLIENT_TRAFFIC_SECRET_0 0709f6794b4d4c379cc431013d79b716ffddb0a0541abb5fc6899f59c14b27e6 9ffa526be11478849548c3a6c55e8f51af6f77224965196bdcc7b2f825b4dab3ec52af699a1c421b4782e996d24b3aba
SERVER_HANDSHAKE_TRAFFIC_SECRET 85e4d8f1c1185ec119a33e0a0a718a81e0ac6361819ac251f66ac8402cf331a2 f20ab406066d148b973b847278542510f20cad32f4ac3e7788b9cab9b429a85f70c39fae1933f4104748caad0c094cd4
CLIENT_HANDSHAKE_TRAFFIC_SECRET 85e4d8f1c1185ec119a33e0a0a718a81e0ac6361819ac251f66ac8402cf331a2 0ac3e07b63e989cc49b280021a6cd4d1f8b3b4f209267ceba4ca728052f2baf4ca8a590a35b10730d514bf24b8063261
SERVER_TRAFFIC_SECRET_0 85e4d8f1c1185ec119a33e0a0a718a81e0ac6361819ac251f66ac8402cf331a2 6395e79d3427dcf9a04e4a6b453021d0e92cf3548f30ef2c684a0edafa5575799249ea7e322f2b1f9d734e0391adef98
EXPORTER_SECRET 85e4d8f1c1185ec119a33e0a0a718a81e0ac6361819ac251f66ac8402cf331a2 c22b429c9a3eebbbfa368abd79f594402acf0d33e294725507d26e70d97350e255b0ad27bcbe8babae45d78dea8f03c9
CLIENT_TRAFFIC_SECRET_0 85e4d8f1c1185ec119a33e0a0a718a81e0ac6361819ac251f66ac8402cf331a2 18ebb4f0ed7efa5a49fbb3a9280a638f4b70c6c24bdd7c322f6db0e59d10e0fe8004612d2e36b9e448d5966a56c97985
SERVER_HANDSHAKE_TRAFFIC_SECRET 85e4d8f1c1185ec119a33e0a0a718a81e0ac6361819ac251f66ac8402cf331a2 f20ab406066d148b973b847278542510f20cad32f4ac3e7788b9cab9b429a85f70c39fae1933f4104748caad0c094cd4
CLIENT_HANDSHAKE_TRAFFIC_SECRET 85e4d8f1c1185ec119a33e0a0a718a81e0ac6361819ac251f66ac8402cf331a2 0ac3e07b63e989cc49b280021a6cd4d1f8b3b4f209267ceba4ca728052f2baf4ca8a590a35b10730d514bf24b8063261
SERVER_TRAFFIC_SECRET_0 85e4d8f1c1185ec119a33e0a0a718a81e0ac6361819ac251f66ac8402cf331a2 6395e79d3427dcf9a04e4a6b453021d0e92cf3548f30ef2c684a0edafa5575799249ea7e322f2b1f9d734e0391adef98
CLIENT_TRAFFIC_SECRET_0 85e4d8f1c1185ec119a33e0a0a718a81e0ac6361819ac251f66ac8402cf331a2 18ebb4f0ed7efa5a49fbb3a9280a638f4b70c6c24bdd7c322f6db0e59d10e0fe8004612d2e36b9e448d5966a56c97985
CLIENT_TRAFFIC_SECRET_0 85e4d8f1c1185ec119a33e0a0a718a81e0ac6361819ac251f66ac8402cf331a2 18ebb4f0ed7efa5a49fbb3a9280a638f4b70c6c24bdd7c322f6db0e59d10e0fe8004612d2e36b9e448d5966a56c97985
SERVER_HANDSHAKE_TRAFFIC_SECRET e5e1af1a0805b9a7bb5e50464c85c2c4280e154acbd50c5524130c778409b648 75954e57523eee86f00f552e1c5982d8c92457a7ed39630f86e1321a140997ef9ffd4c5e7a4cd026eac279533ac81979
CLIENT_HANDSHAKE_TRAFFIC_SECRET e5e1af1a0805b9a7bb5e50464c85c2c4280e154acbd50c5524130c778409b648 06284168bfe51cb639be53f6031750cdd75b5beec7d9d6f48abf645b6edc8a44e783432fcdfb0c76e6631e0e923af511
SERVER_TRAFFIC_SECRET_0 e5e1af1a0805b9a7bb5e50464c85c2c4280e154acbd50c5524130c778409b648 a0e9901b74c564552b7e5d87a485a7ad1b91f22a3b2ba051615fb2992796c5a4adbb614a024db1af2c4e9aa8b9a0a1b3
EXPORTER_SECRET e5e1af1a0805b9a7bb5e50464c85c2c4280e154acbd50c5524130c778409b648 059a2ce0054a9f117c8b2bdb153b5c0e20331598be6af312c23544ac1b94db735216baf7f66a07ac8ba9c2dd6c4dfa42
CLIENT_TRAFFIC_SECRET_0 e5e1af1a0805b9a7bb5e50464c85c2c4280e154acbd50c5524130c778409b648 0f3f920e0d6db1f965a70431ba0acabc015427e76448fd2a3eaa28f1c8fb7f10d6c1a1cba7820948fcdb9df896c3bcb9
SERVER_HANDSHAKE_TRAFFIC_SECRET e5e1af1a0805b9a7bb5e50464c85c2c4280e154acbd50c5524130c778409b648 75954e57523eee86f00f552e1c5982d8c92457a7ed39630f86e1321a140997ef9ffd4c5e7a4cd026eac279533ac81979
CLIENT_HANDSHAKE_TRAFFIC_SECRET e5e1af1a0805b9a7bb5e50464c85c2c4280e154acbd50c5524130c778409b648 06284168bfe51cb639be53f6031750cdd75b5beec7d9d6f48abf645b6edc8a44e783432fcdfb0c76e6631e0e923af511
SERVER_TRAFFIC_SECRET_0 e5e1af1a0805b9a7bb5e50464c85c2c4280e154acbd50c5524130c778409b648 a0e9901b74c564552b7e5d87a485a7ad1b91f22a3b2ba051615fb2992796c5a4adbb614a024db1af2c4e9aa8b9a0a1b3
CLIENT_TRAFFIC_SECRET_0 e5e1af1a0805b9a7bb5e50464c85c2c4280e154acbd50c5524130c778409b648 0f3f920e0d6db1f965a70431ba0acabc015427e76448fd2a3eaa28f1c8fb7f10d6c1a1cba7820948fcdb9df896c3bcb9
CLIENT_TRAFFIC_SECRET_0 e5e1af1a0805b9a7bb5e50464c85c2c4280e154acbd50c5524130c778409b648 0f3f920e0d6db1f965a70431ba0acabc015427e76448fd2a3eaa28f1c8fb7f10d6c1a1cba7820948fcdb9df896c3bcb9
SERVER_HANDSHAKE_TRAFFIC_SECRET ea00b336e339c23dd1fce897c9fc4ab87483f618c18e91048ed937a7b6069ed5 2abbeb94a701fb0e3334632aa1502471da0973627a33269c5464b006a814e14e994d140afd251a5e109896f292909e33
CLIENT_HANDSHAKE_TRAFFIC_SECRET ea00b336e339c23dd1fce897c9fc4ab87483f618c18e91048ed937a7b6069ed5 04f3f6bedfbc021dd5273dcb4dedd5ae451d17be38151d8fe34633175b3dfff0fc3f1d1923bfd7f8cb21ecc3866ad251
SERVER_TRAFFIC_SECRET_0 ea00b336e339c23dd1fce897c9fc4ab87483f618c18e91048ed937a7b6069ed5 e8b875a4b20adab7dc62e83b0968dd3dc87b2c4b05ae7d68099850e27b35888862281ff20238ed10888c1b8f6038f7cc
EXPORTER_SECRET ea00b336e339c23dd1fce897c9fc4ab87483f618c18e91048ed937a7b6069ed5 66446e56d1e452d2e2c36f218b945982b559171a76e3dcb03b51d26b398c4d9a8bd3956c5ca10fcde2af1aa83dd26516
CLIENT_TRAFFIC_SECRET_0 ea00b336e339c23dd1fce897c9fc4ab87483f618c18e91048ed937a7b6069ed5 b11e4ecf3ef8a16987103d6ed95a382e89fd3a5afccd726b553e0c06d9398130716106797e3934a61e4661d34ffe132d
SERVER_HANDSHAKE_TRAFFIC_SECRET ea00b336e339c23dd1fce897c9fc4ab87483f618c18e91048ed937a7b6069ed5 2abbeb94a701fb0e3334632aa1502471da0973627a33269c5464b006a814e14e994d140afd251a5e109896f292909e33
CLIENT_HANDSHAKE_TRAFFIC_SECRET ea00b336e339c23dd1fce897c9fc4ab87483f618c18e91048ed937a7b6069ed5 04f3f6bedfbc021dd5273dcb4dedd5ae451d17be38151d8fe34633175b3dfff0fc3f1d1923bfd7f8cb21ecc3866ad251
SERVER_TRAFFIC_SECRET_0 ea00b336e339c23dd1fce897c9fc4ab87483f618c18e91048ed937a7b6069ed5 e8b875a4b20adab7dc62e83b0968dd3dc87b2c4b05ae7d68099850e27b35888862281ff20238ed10888c1b8f6038f7cc
CLIENT_TRAFFIC_SECRET_0 ea00b336e339c23dd1fce897c9fc4ab87483f618c18e91048ed937a7b6069ed5 b11e4ecf3ef8a16987103d6ed95a382e89fd3a5afccd726b553e0c06d9398130716106797e3934a61e4661d34ffe132d
CLIENT_TRAFFIC_SECRET_0 ea00b336e339c23dd1fce897c9fc4ab87483f618c18e91048ed937a7b6069ed5 b11e4ecf3ef8a16987103d6ed95a382e89fd3a5afccd726b553e0c06d9398130716106797e3934a61e4661d34ffe132d
