CLIENT_HANDSHAKE_TRAFFIC_SECRET 59342c82352a394086bb64096fe150d1c89162639d288a185ad901fda5cb715e dab99a531d27d5b80010151a0b0d84a04e988d7e027e12622512536a4112ac26
SERVER_HANDSHAKE_TRAFFIC_SECRET 59342c82352a394086bb64096fe150d1c89162639d288a185ad901fda5cb715e 0708731ce0cce8a1a5fc534062a15f5ede555aa11b1e47b23976e20f44cff9df
CLIENT_TRAFFIC_SECRET_0 59342c82352a394086bb64096fe150d1c89162639d288a185ad901fda5cb715e 69bde59f5ce62cdedab39d868acbd0ca147b7877bf9dffc450b8eec8aa334ec6
SERVER_TRAFFIC_SECRET_0 59342c82352a394086bb64096fe150d1c89162639d288a185ad901fda5cb715e bd02413a792763916e097ef65822b3e5c2480f91d9c65108e56d5be2cbf056d8
SERVER_HANDSHAKE_TRAFFIC_SECRET a213c707d17138df34c6be5b0347c74932ba3d88580c37bea2e4f9c34b61b5ec 8f9f83e3ae57eaf82553d8722488406670dfb42aed4440f28eb249209b8b03c8073781ac3ecb31ff29100cf39786de2f
CLIENT_HANDSHAKE_TRAFFIC_SECRET a213c707d17138df34c6be5b0347c74932ba3d88580c37bea2e4f9c34b61b5ec fc6b008e83d9141c2f65bc8e3f25002e4a76b0e07fcb87f070fa7419471289d91c3a4ce4e1410f8a6e4099aaf84d4262
SERVER_TRAFFIC_SECRET_0 a213c707d17138df34c6be5b0347c74932ba3d88580c37bea2e4f9c34b61b5ec 9e849079b628f46e696af3e2e0ad79b6fb0c6cdb23a18be2dc6866083281a18aa3fcbb6fdd1dd497166602b57f03cab1
CLIENT_TRAFFIC_SECRET_0 a213c707d17138df34c6be5b0347c74932ba3d88580c37bea2e4f9c34b61b5ec 257707aca585c917b34ef684fcdb2ccc3b9859031189d171218ba2d91dc97b03f07f388e6323e669b43225b22086cadf
SERVER_HANDSHAKE_TRAFFIC_SECRET 3fc72570d4f38f08e87057c20c2f374ea70f0fd5f84eaf84ff5848aaa68ed592 6e74f90406e41e0a238fd8c7c1b0131eec28f1901725b3e1206afce719c17069719c575a766df80970333195e1304817
CLIENT_HANDSHAKE_TRAFFIC_SECRET 3fc72570d4f38f08e87057c20c2f374ea70f0fd5f84eaf84ff5848aaa68ed592 d7f39d2eed8b6187ab83e484459312f14bb508e389aad9b22ebe3c60b4228064e9b5a5c5ba970643cf1151eb78e8b3e5
SERVER_TRAFFIC_SECRET_0 3fc72570d4f38f08e87057c20c2f374ea70f0fd5f84eaf84ff5848aaa68ed592 6b6a35adb73c0edd3a846f3b821d57bafc5b777ecb17a78871e1778f61263ff482637f247fd9da9d612ccf3daa1b4fc8
CLIENT_TRAFFIC_SECRET_0 3fc72570d4f38f08e87057c20c2f374ea70f0fd5f84eaf84ff5848aaa68ed592 493b5343e2b9c33feb051f51e8867ccc82ab878d4094e11745166ea5190f4aa0748375c80d682b181782f947e3ede723
SERVER_HANDSHAKE_TRAFFIC_SECRET c08f4112db435cd18e1f5715157e962af661f06e8629d1d1f6f697f9cbd22db3 4072a73a9510602001dbc9ffceed3877855bbe6d1644d7255fd35d1b979bc5607bf309f74b6021ad16a910d958d67731
CLIENT_HANDSHAKE_TRAFFIC_SECRET c08f4112db435cd18e1f5715157e962af661f06e8629d1d1f6f697f9cbd22db3 02c2869e60ab3ac7b5b16c944fced0313613e8af2c4fcdd3d0401c748d000e92a06b00b1fddc27258a9618d43c54d3fd
SERVER_TRAFFIC_SECRET_0 c08f4112db435cd18e1f5715157e962af661f06e8629d1d1f6f697f9cbd22db3 22e55f2a2762f37b9f435a14a2b793f2c8574eb7db002c157654df47174cd2c7bd867e3d7e0099e7aa6493d883b4d82e
CLIENT_TRAFFIC_SECRET_0 c08f4112db435cd18e1f5715157e962af661f06e8629d1d1f6f697f9cbd22db3 42005009639fbacc497fdcb15f668741e00f3ebbff4ee7f745f0564de4933da9bf40fefcc0b731a3065928a7c25c06eb
SERVER_HANDSHAKE_TRAFFIC_SECRET 4fe4ea1eff47ead6dc056683089f5e09c08be83d63ea614fe5b6c786a50d3181 5e57bfad3ca38dc3c11b41b47fac4df7a396be31bc599d826839009f5e7289b0faf4a8f776684814c26421cc5eea57aa
CLIENT_HANDSHAKE_TRAFFIC_SECRET 4fe4ea1eff47ead6dc056683089f5e09c08be83d63ea614fe5b6c786a50d3181 e3a538db077d9c02683a057f590c76ae1b261dd24c8f28e20561df10b9363c0d143b87e1af0bb27034514d4d1940ef71
SERVER_TRAFFIC_SECRET_0 4fe4ea1eff47ead6dc056683089f5e09c08be83d63ea614fe5b6c786a50d3181 f7b8d1a9fbeac0144d2456cd9f3101b002411ea560e9009e5fe7cc1723ea502c54de71d47bafe5aa69a8846e29bb4385
CLIENT_TRAFFIC_SECRET_0 4fe4ea1eff47ead6dc056683089f5e09c08be83d63ea614fe5b6c786a50d3181 92cfa0c7bd4a02dacf403f6ca29c74f4cce74b8c9865d52b9bb044993f431413a8e34a1547f6618363577d1cc3572c63
SERVER_HANDSHAKE_TRAFFIC_SECRET 2aedeb86ab2a09e6bf7f6f9d34073bf33bb3d1a7f764dbd6689e53c929552ca2 69fd988b79599c3788359e4268c727f80316710e2952ff5a62d8c1a140111d8d992fcd95c4797e1d19c322bc7e79561a
CLIENT_HANDSHAKE_TRAFFIC_SECRET 2aedeb86ab2a09e6bf7f6f9d34073bf33bb3d1a7f764dbd6689e53c929552ca2 98fbcfd3e6919c871f6edb68471136a4459fe59338b859e6c155226852d69f39b04f1701f5ab10f9e336b5b114d709aa
SERVER_TRAFFIC_SECRET_0 2aedeb86ab2a09e6bf7f6f9d34073bf33bb3d1a7f764dbd6689e53c929552ca2 d9e1ec994bffaabce67d428a4386c59589e0b51be697464fb1fa3881488f24b53eb035c9eb11a7f8c3c8c68beef10002
CLIENT_TRAFFIC_SECRET_0 2aedeb86ab2a09e6bf7f6f9d34073bf33bb3d1a7f764dbd6689e53c929552ca2 af8e8f785faa5906ecf530e66b0b8d27dd1e18dd4c1905a5830b98d9bb08b8998e49609c98f67f730665151667d4ee34
SERVER_HANDSHAKE_TRAFFIC_SECRET 4e0aec117a8345e652217e0c25459720737085401820db61d2e5bf221da815cf 7d313369774471c8119764d3e1dfd53eb45bea0572c98cb2d4a3c828b22ffcf30ecfbe29973f908b95a063851265ce8c
CLIENT_HANDSHAKE_TRAFFIC_SECRET 4e0aec117a8345e652217e0c25459720737085401820db61d2e5bf221da815cf 56b249a02a0ed19a97b48f6aee1a4d5a6fcdbc4f917dfa97bd7c2efbc5297020dfdc7674299bceca6c11b676e92f60a7
SERVER_TRAFFIC_SECRET_0 4e0aec117a8345e652217e0c25459720737085401820db61d2e5bf221da815cf f1d2056dc39a5f517f739432dc4562f871dd961ab332a623b3af1093bec0c78befb10dd06555bb20418a3b8b845eb92a
CLIENT_TRAFFIC_SECRET_0 4e0aec117a8345e652217e0c25459720737085401820db61d2e5bf221da815cf f7be4afc9d91f1527bf63d3a331c4cc4e74bed4fa8291b3f9709f3a1c689b8b3ebb01f9fffcf1239ca584211feb675e3
SERVER_HANDSHAKE_TRAFFIC_SECRET 9e2ac445e58050c171a96c75824ea9c7ab60c983b20b50a993d71afd256b9f58 f2e10e8df77e1ccb9a0a28ef38207a4ce4410829066d047b5cb6259485ab5f08279991fe25c474bccc73e7c2f3a4f4ae
CLIENT_HANDSHAKE_TRAFFIC_SECRET 9e2ac445e58050c171a96c75824ea9c7ab60c983b20b50a993d71afd256b9f58 e80b91d25b0c65be25f388f22d72df9e7802b02ac93ebae050aa175c3a375076d2db97a8f69efc0dd8fd0839df1e4af4
SERVER_TRAFFIC_SECRET_0 9e2ac445e58050c171a96c75824ea9c7ab60c983b20b50a993d71afd256b9f58 1405ef55f5d8737150a86f55ff614a96331a6e6c62e99648bbfbf341f70ab06acaeea22445f4c08a2459d2c7b7686cfe
CLIENT_TRAFFIC_SECRET_0 9e2ac445e58050c171a96c75824ea9c7ab60c983b20b50a993d71afd256b9f58 8e94e76429df88f6eff3b9d6060c0768e21f02cde2b2c61358779d4808d841301ab191b16bf95300263c9526f5d1d769
SERVER_HANDSHAKE_TRAFFIC_SECRET e40e30d8ee97d8e20df944eb8379e8d1f04d8b132a93038dd91f5bdd43a5f4a6 5ffc03701aeed69ee5b4157bd35b2991540bb43be6773a75692c3478d3826bd5a7bce8f6ffad745441bcebcc06f5d13f
CLIENT_HANDSHAKE_TRAFFIC_SECRET e40e30d8ee97d8e20df944eb8379e8d1f04d8b132a93038dd91f5bdd43a5f4a6 5820f0f55beb95cbfe21ce70b14d3cd6a4769a043c9143e8fc5127b54335eaa06ee412e86ec110b8ef163c744dc8bf35
SERVER_TRAFFIC_SECRET_0 e40e30d8ee97d8e20df944eb8379e8d1f04d8b132a93038dd91f5bdd43a5f4a6 ce949408fb056ec916ccf5ad87e2085e1e26b688ce321d1c87c10f98f65dc906ce6c9e1064052b7399757a1b434de978
CLIENT_TRAFFIC_SECRET_0 e40e30d8ee97d8e20df944eb8379e8d1f04d8b132a93038dd91f5bdd43a5f4a6 e651c6ea0d7b68de61615235c62d7b7c8f650eb5e153653ec7b8b69a06873f921db0867f4d098977578691ad59a11997
CLIENT_EARLY_TRAFFIC_SECRET f863a87e95b0b704c951708ccd98c8c00859c630be4a0847bd368d547f1894b6 6c1cc8a117d7d604e1ddc1f779a4031c2e8714cf2e91234157161b658b04d6f0af818464904fddd6f36db30ac3721949
SERVER_HANDSHAKE_TRAFFIC_SECRET f863a87e95b0b704c951708ccd98c8c00859c630be4a0847bd368d547f1894b6 311609948ccd2a038356ef2aa8ceadee2e5897ed57931cde83660291ee2be670fd35efc8ec7775ff5b279a5dba68d4f1
CLIENT_HANDSHAKE_TRAFFIC_SECRET f863a87e95b0b704c951708ccd98c8c00859c630be4a0847bd368d547f1894b6 e1e4d7370c77ec3a98dcf8e7b77c995170c238aa4abeb1327f1f1ff9fbcd687ece3485224faf937006841d9533ceb171
SERVER_TRAFFIC_SECRET_0 f863a87e95b0b704c951708ccd98c8c00859c630be4a0847bd368d547f1894b6 e4931f2a8bdd9e615a1946846f9826bc537986d729bc393ef62325b138b7a5d2e16ad75ee1b6da5c788548ec7c578702
CLIENT_TRAFFIC_SECRET_0 f863a87e95b0b704c951708ccd98c8c00859c630be4a0847bd368d547f1894b6 b95bb5f61a43803973e0af82f0ac654366e20e5bcb1002e7d6373fe7bbb0cd28481a226fa2cafef9c7c396179e52f147
SERVER_HANDSHAKE_TRAFFIC_SECRET a12e076ec3f16a2e3b454a76081d317c8264f7a5dc55fbba2bc711498eff17f6 38bc53cd5b1e850ad9f9b8f3c56e38185f392a60e786d759f9365f3e8ddf0e3950f36439d44c9b05e1173aec3b6e76a5
CLIENT_HANDSHAKE_TRAFFIC_SECRET a12e076ec3f16a2e3b454a76081d317c8264f7a5dc55fbba2bc711498eff17f6 5514fdc831cff63e5b15e5864045b7f4c324b387f118f22e8acc5e4ab47c963b102c62b3bddb1a7ae27715899c6338aa
SERVER_TRAFFIC_SECRET_0 a12e076ec3f16a2e3b454a76081d317c8264f7a5dc55fbba2bc711498eff17f6 6d3f3c11431d9afb33d1d755fe9c614e7ae16b4902049cdc87e78510b41853af50ba73fccf192fe632d81e9d6d91098a
CLIENT_TRAFFIC_SECRET_0 a12e076ec3f16a2e3b454a76081d317c8264f7a5dc55fbba2bc711498eff17f6 9d6bfff848674fefd06d6cd97d973971b397a6da65327fe6ccb3abf0982feefd4f989f7e98975d232c949b657987b21b
CLIENT_EARLY_TRAFFIC_SECRET 7b8c9a7e1ee282a99f5ea216315c7293453eda001b383ce97ae70104febaf522 826c8313e6c01a054ad440dc11b1a980bac3d0666914e5734c9d9ee59fac6d30a8d35f3c68508bd8c7453f8f87c16e84
SERVER_HANDSHAKE_TRAFFIC_SECRET 7b8c9a7e1ee282a99f5ea216315c7293453eda001b383ce97ae70104febaf522 adb15ec1766807a98b70e557691adce87de92a4303f0bd58563170c1982c089500a132a005ae610d5cdce2a4a949ec2c
CLIENT_HANDSHAKE_TRAFFIC_SECRET 7b8c9a7e1ee282a99f5ea216315c7293453eda001b383ce97ae70104febaf522 4df1bf6a380257022b6e54fbb46baabf9a79479787b8fe64ec0672ff1702575aea232021799aa3fc9fa165b44855467d
SERVER_TRAFFIC_SECRET_0 7b8c9a7e1ee282a99f5ea216315c7293453eda001b383ce97ae70104febaf522 d40009af96b57a3e08dd01fb63ee6b62860b8dfbcf5ab8d3f71a23a8685f61c085cdf03ce8b3643430bedf6b5f6a162b
CLIENT_TRAFFIC_SECRET_0 7b8c9a7e1ee282a99f5ea216315c7293453eda001b383ce97ae70104febaf522 0f655d079234731f3372c5728a84e605f92434bd4c42fc88fba534761744026fb3771f325ce37de9342312a1840e3f61
SERVER_HANDSHAKE_TRAFFIC_SECRET 5746ca66ee4264e53fb967654208b72cddc177a330d4e241843334d1e4e1e00f 7b57d81467ada7c6631cbde0731ee7c83e29106ffb59b667b1f025e12485036f761c2a6bd93c79ba701736708ee0bd31
CLIENT_HANDSHAKE_TRAFFIC_SECRET 5746ca66ee4264e53fb967654208b72cddc177a330d4e241843334d1e4e1e00f 84e2b2dbcfd3a65deb425cc6a8456f63895cb5665ba8d9f7319d7264c3e59ebdb3648c505fbdbfd5fece5411a3d4f2e1
SERVER_TRAFFIC_SECRET_0 5746ca66ee4264e53fb967654208b72cddc177a330d4e241843334d1e4e1e00f c428673e1061e5f9adf9dd2ec33925946417010794d8d36607f037a364f1b46e32b24fb7a886bb9af2cd21ac9b8d1f80
CLIENT_TRAFFIC_SECRET_0 5746ca66ee4264e53fb967654208b72cddc177a330d4e241843334d1e4e1e00f d9aea7e0bbff08ee357f048b9a17b77b0e8c5e43d5cb5f5bf6d900a083b0e71b97f0d271555fac18ee5ec7365a98a06b
CLIENT_EARLY_TRAFFIC_SECRET 6057759b56dea6e97463cbd0c706b03a0a18886c9b017c3002733f4359b423ac 44cf9cb202ea79eed6f047e62d174d81160105669352ae7a8ee9951d6c0ab6f796cc96c599a6c1f135179431bf52bfef
SERVER_HANDSHAKE_TRAFFIC_SECRET 6057759b56dea6e97463cbd0c706b03a0a18886c9b017c3002733f4359b423ac f9c7e18062d9bb82cd8a5241e55a2522ebbb088adb5e53bd74362797e75db1ad6fee3e7d33820321954524e6072f07e2
CLIENT_HANDSHAKE_TRAFFIC_SECRET 6057759b56dea6e97463cbd0c706b03a0a18886c9b017c3002733f4359b423ac bff458abc84a01ce3d225dbf5fe0a7a91b4a701e11cccb7e887c80cce9e1c8789526b33507088042b7790cdc36da5478
SERVER_TRAFFIC_SECRET_0 6057759b56dea6e97463cbd0c706b03a0a18886c9b017c3002733f4359b423ac 25a28b000adb060459cb2fa1b86a60c12351742bb132a8e29a3f2138d4f2a5e45dd0e2a695fadde6f7b8c5594ac45680
CLIENT_TRAFFIC_SECRET_0 6057759b56dea6e97463cbd0c706b03a0a18886c9b017c3002733f4359b423ac 3782431c17a914e7da7e835cfaf6306fc11344ec1124b36fdbd02eb20a1d2f033d99769b81a10585e6c1249b4ee04910
SERVER_HANDSHAKE_TRAFFIC_SECRET a9d16c3c071e9c7234ff4e03c6c7b9d061f2b27a513113401aa126ed1de04718 7d30ea02d2a4a41d1b9cee6f356bc1dea9c5a1833856598254aa5a533ead9113fe1f49ccb2cb0bfcb9c6b53f354fccbf
CLIENT_HANDSHAKE_TRAFFIC_SECRET a9d16c3c071e9c7234ff4e03c6c7b9d061f2b27a513113401aa126ed1de04718 44fbd128a18e1dc8f92c3fcf56856da5dc128db1174daf84ef1f310233165b613e1cf346c7836a3a6724bcecfb1f8617
SERVER_TRAFFIC_SECRET_0 a9d16c3c071e9c7234ff4e03c6c7b9d061f2b27a513113401aa126ed1de04718 3d011ce685518943b515c852dba9a8c70ef63a357fed3f5f36c29e925cbcf41c9cc83cabe0fbe09a35ebbfba9af5d562
CLIENT_TRAFFIC_SECRET_0 a9d16c3c071e9c7234ff4e03c6c7b9d061f2b27a513113401aa126ed1de04718 f543a3fe82a48be7067c2fa5707493336983bc930f3c6b1981a6065ce0bd9788de0b964e083990f10dc7744b11b2eb8e
CLIENT_EARLY_TRAFFIC_SECRET b8112bf7c48ff6c422a77c6bafba77b64cd375db4aeced262deb5bf121ef27c7 1f2f45f8fcf8662026380b8aa0795947f8f80249c7013a6f9c66206bb3226cbcc3a960858fbaf5952ae10819a8efa24a
SERVER_HANDSHAKE_TRAFFIC_SECRET b8112bf7c48ff6c422a77c6bafba77b64cd375db4aeced262deb5bf121ef27c7 6d16374b0d8a8edd29e26f544c653d0eb1beed836811b483b8417385758bc936caecb20f6ca83ce920dde6e112979767
CLIENT_HANDSHAKE_TRAFFIC_SECRET b8112bf7c48ff6c422a77c6bafba77b64cd375db4aeced262deb5bf121ef27c7 f2e6957ea16f572d619740a17d507d1d4e1e8d42e3c61fc48b091db8dbd70a6d09956a9dbf042c892509ffbf3c2ed422
SERVER_TRAFFIC_SECRET_0 b8112bf7c48ff6c422a77c6bafba77b64cd375db4aeced262deb5bf121ef27c7 aa1453d2bf9310412e8ad915965033182d3ab6951884b3cd7eb46e84f5bb21d1a7202c1dc1e169eb28c7ca4669fc2756
CLIENT_TRAFFIC_SECRET_0 b8112bf7c48ff6c422a77c6bafba77b64cd375db4aeced262deb5bf121ef27c7 8c6c5b7023016bf2acf45b4aef20c76950a254e0d3a4c7c76011a9a4174aae80acd744354f07b942bcddc9c7f5cea582
SERVER_HANDSHAKE_TRAFFIC_SECRET b07674f96a5efdb1de63869e27f12fed265a5e25ff90e2938749c0c95a12c499 80b7f954c73eabe939d6cdb7b419eb7e10bbc48078020cb12d4b550c2bbcdff282849be1b6bd350397050504c8fdda0a
CLIENT_HANDSHAKE_TRAFFIC_SECRET b07674f96a5efdb1de63869e27f12fed265a5e25ff90e2938749c0c95a12c499 c03ca55dc6a94cda230d5ed1f07db37ea6fd6ff0c7dc073cd7afc7ad15fc7354d2677b3403eabee7f26579d8ed8cae6a
SERVER_TRAFFIC_SECRET_0 b07674f96a5efdb1de63869e27f12fed265a5e25ff90e2938749c0c95a12c499 5c5939dd462b2b47f25a84adf0ae8d589efce22c026cb70accf3a30982a9ea757716342e7c5de8a27622d49f632f497f
CLIENT_TRAFFIC_SECRET_0 b07674f96a5efdb1de63869e27f12fed265a5e25ff90e2938749c0c95a12c499 572cf2dbd049369a3b20e41efd8aae1f22948a6e878a1767ff883f8cdd07ef4beabb43fb132b25b6cc7d9d4a16fa3f97
CLIENT_EARLY_TRAFFIC_SECRET 43a10d3bf30075420ae62a416288c5b0d5209e878904f88ea208c86a7418b303 15dc3555a27cf827821d092d8f6d717f49844d9cfc4d126a8c130af3c13ec035e2a6738f3140e49d6cee6e97ae5c5467
SERVER_HANDSHAKE_TRAFFIC_SECRET 43a10d3bf30075420ae62a416288c5b0d5209e878904f88ea208c86a7418b303 96e03a46de46ddd36fb26ddc3941dab51968681abfcec3b49e9c1dee52b8f4b02be18fa07250d1b5ea7c54bb3a7e2168
CLIENT_HANDSHAKE_TRAFFIC_SECRET 43a10d3bf30075420ae62a416288c5b0d5209e878904f88ea208c86a7418b303 9165a90bc0552085a6c557941bff520e3436d02022ccd906dd73d96f4bf6c6b0408b108be39a6c12414686dd847758c5
SERVER_TRAFFIC_SECRET_0 43a10d3bf30075420ae62a416288c5b0d5209e878904f88ea208c86a7418b303 2105a2244fee2127fd99013b55c3bc144bdcaabac311139f7a814c88abd23ea11e3276d2f27241740f9b7ea452cd10d0
CLIENT_TRAFFIC_SECRET_0 43a10d3bf30075420ae62a416288c5b0d5209e878904f88ea208c86a7418b303 899042b9dbd4261767e2be01175cda6947377070f50169a428cd25f09a2d22a45bfacbecbe02d23f10e8822b2cdbe622
QUIC_SERVER_HANDSHAKE_TRAFFIC_SECRET d3bfdf2930f6891e5ccfc6d871c795d400f94ca7161bca10e6850eac182770c9 203e266a64e170eaa1e71211c7136aa7e70e4c57c32bbea43efe27882c7b63e3308c2e0fdea7d1d954368b569bfcac66
QUIC_CLIENT_HANDSHAKE_TRAFFIC_SECRET d3bfdf2930f6891e5ccfc6d871c795d400f94ca7161bca10e6850eac182770c9 4bf9066c3ed47f35330967352e58675f0ed62333cd258e82b4f8067003c99523f753dfa4f6e57f4068c854c15dcbd9c8
QUIC_SERVER_TRAFFIC_SECRET_0 d3bfdf2930f6891e5ccfc6d871c795d400f94ca7161bca10e6850eac182770c9 523838a5cfb4d3fa4e6ea314ad56ea1e5ce9f2f37e951f742a8fe17f0b5270fff82837605dc863b2dc5be3c6b84b19ab
QUIC_CLIENT_TRAFFIC_SECRET_0 d3bfdf2930f6891e5ccfc6d871c795d400f94ca7161bca10e6850eac182770c9 437ed7fec7509bd9cc413580c0f21f078775daf3e32da8c84de201254f2f815c492bc39ae188846bacb07e7dd0645be2
QUIC_CLIENT_EARLY_TRAFFIC_SECRET 206cd87ced078a238838bbf0d6ea47e7310c1094520ad1a0367a75137f8b2e28 8dea41962c3b3dca03e0f2b39bb34154ac2350716c56499266ca54b9a54a071f5a0a7ceb322d89c768f72f91eb9c8b65
QUIC_SERVER_HANDSHAKE_TRAFFIC_SECRET 206cd87ced078a238838bbf0d6ea47e7310c1094520ad1a0367a75137f8b2e28 8f6234df0116c689ca9c1c9e378c5134f062aa1ec77ef407425f8771ad393cd3e4d2bc12561a239d0ab0b394193c5a3a
QUIC_CLIENT_HANDSHAKE_TRAFFIC_SECRET 206cd87ced078a238838bbf0d6ea47e7310c1094520ad1a0367a75137f8b2e28 1b81f6ec078e394a9c6642852907d5bd7a5983f63101a1bb37191195cbbc84eb9f2f14997f906bba26454f29136921b7
QUIC_SERVER_TRAFFIC_SECRET_0 206cd87ced078a238838bbf0d6ea47e7310c1094520ad1a0367a75137f8b2e28 c8dd218cb6a2cc2c8c0553538967a6a123a70f8974cc9fd8cfc568a20a7b4c3749ade536207c15dde751f8f175fce598
QUIC_CLIENT_TRAFFIC_SECRET_0 206cd87ced078a238838bbf0d6ea47e7310c1094520ad1a0367a75137f8b2e28 64be07d1c2bb59f856fe4423555d407854333f4129098e2728c47c96b1d5af89b14a69f2e1f1e9e625f5e282cfc6c98a
SERVER_HANDSHAKE_TRAFFIC_SECRET 2849b45697af7ec8ee89bb59e67b657de21f47d3474539864a59e5497a8533c8 bb1e99ddc2fe88da78ea8b92d55577decb6bc7fd3ed018db6f4b060b0403ac4ef158d851e7c09e06d7662397e7981638
CLIENT_HANDSHAKE_TRAFFIC_SECRET 2849b45697af7ec8ee89bb59e67b657de21f47d3474539864a59e5497a8533c8 749109890d8a9fe79082a172a67a77ac68bf3a0bb1c371e15321603fa32e8f172171c97bd00b72d4c1aa0289ca4779da
SERVER_TRAFFIC_SECRET_0 2849b45697af7ec8ee89bb59e67b657de21f47d3474539864a59e5497a8533c8 4fd218335b181a9ef4a8574980bc87d8979bb24fcf31bc8268df898e6894c086c270c52d006ec31d6ea4f62a9be394f6
CLIENT_TRAFFIC_SECRET_0 2849b45697af7ec8ee89bb59e67b657de21f47d3474539864a59e5497a8533c8 2289239aad26c341af57fcdff4c8ee6951bce97a3920f74107657e30c75a06709064c486cfebad6a2b02402a7ea2e9ce
CLIENT_EARLY_TRAFFIC_SECRET 6cfc13132bae8cb8aeac968bdad97c641beba234364c969d737857a711248a44 2f98356c5a3376ca48d6f02f5f892f50459e490f3a1ef0f8087b3d57544738085579676641598f329e4c65cee5472794
SERVER_HANDSHAKE_TRAFFIC_SECRET 6cfc13132bae8cb8aeac968bdad97c641beba234364c969d737857a711248a44 befa068fdc5286beb13ae250b9e4b30cbd72596a88d2231f30e47cfd9e9867b906aebfd66b22d2891c8449ebf213239f
CLIENT_HANDSHAKE_TRAFFIC_SECRET 6cfc13132bae8cb8aeac968bdad97c641beba234364c969d737857a711248a44 206a07f11fedc20645f26cdd0c416e16ca298aed5efb824b4351a3e9d381f5df443128559bdc56858633ac5b680e7fe7
SERVER_TRAFFIC_SECRET_0 6cfc13132bae8cb8aeac968bdad97c641beba234364c969d737857a711248a44 42b2153e46ab9abe65fa836ae24c7a7edf0ed2c30dd17adc3303095d42038a97c5475f435c2c93d5fb61849cde615fff
CLIENT_TRAFFIC_SECRET_0 6cfc13132bae8cb8aeac968bdad97c641beba234364c969d737857a711248a44 2251be587c24d501b08e210f0160ef153aa823465bed6e700bf41a90b3396f7216154b01ba5f23b735c8e7e21bdec597
QUIC_SERVER_HANDSHAKE_TRAFFIC_SECRET 137422da58e792a69e0ac854ac06763e7b2e0387c3eaf8e139f71f938232a14b 12bd99f1b01cfc3e8c37cfb287907509afb0f2ad6912b74934fa46ea46e68330fac8dfb022019a08f49e3dd6892f88de
QUIC_CLIENT_HANDSHAKE_TRAFFIC_SECRET 137422da58e792a69e0ac854ac06763e7b2e0387c3eaf8e139f71f938232a14b ef040693df6508ff55c85b35017e5ca207f87a6a5e801520cd93f7813aba1ae8cbc3c41851bd46a10271e48f4bebefe4
QUIC_SERVER_TRAFFIC_SECRET_0 137422da58e792a69e0ac854ac06763e7b2e0387c3eaf8e139f71f938232a14b ed325df9db8047c1a16641cc395fab21e0f138070e2c0f52ebf6699f747346b54e1d8756fa78d92326b7e4a563aea1e2
QUIC_CLIENT_TRAFFIC_SECRET_0 137422da58e792a69e0ac854ac06763e7b2e0387c3eaf8e139f71f938232a14b b948c53117b6e2a5a312fccd8bfde3cfd42ec1a9e2448b28956c7967cc67e2e7f66f41cea7e0983e30dda8f92152e73e
QUIC_CLIENT_EARLY_TRAFFIC_SECRET b466d91094d814e0da8459db5770fff993dbe561f153e42dd68ece9a956c0384 5f7eff96b8188742858bb50fd24a952d600f14920f788c9f132245b4aa9b401443304de64f0d67e7e889bad28174e3d8
QUIC_SERVER_HANDSHAKE_TRAFFIC_SECRET b466d91094d814e0da8459db5770fff993dbe561f153e42dd68ece9a956c0384 d0e0ad5be4af03122abd363a87759778c396e9775451a2195cecfab83f48ec72fa491bb211e93a324e07ac371df3cb0f
QUIC_CLIENT_HANDSHAKE_TRAFFIC_SECRET b466d91094d814e0da8459db5770fff993dbe561f153e42dd68ece9a956c0384 c6fb4c4b9b4bdc09e8ef427c1f00aafbf5d512e313d3a442e79dc20cc2a878bb13374b66459b02368ea70957e7e2d5d4
QUIC_SERVER_TRAFFIC_SECRET_0 b466d91094d814e0da8459db5770fff993dbe561f153e42dd68ece9a956c0384 44fb047391d8bb4d7fcdf442cc395396dbfdbcd89c34aef3810f7ba046d0cec894363518f966127fa7d672628b0bb7ca
QUIC_CLIENT_TRAFFIC_SECRET_0 b466d91094d814e0da8459db5770fff993dbe561f153e42dd68ece9a956c0384 3e263e7ad71196aae7ecd4a2721c01ec44da1349559f14d8c68cc67206d5bc61562b02beb57071519afcc1be3abd9b29
SERVER_HANDSHAKE_TRAFFIC_SECRET 6a50c7b626f4be33a1aea0b6bc13dc51574d92c57bec420ab22337a38bba6990 19293b8a8683016af30844834c3ca20b2248dc610e51d8de1ba4b44492e9e771db9a4fa1e5f8bc14876e495d66a5efb7
CLIENT_HANDSHAKE_TRAFFIC_SECRET 6a50c7b626f4be33a1aea0b6bc13dc51574d92c57bec420ab22337a38bba6990 aa71ac58524e77511eb00344b8be40378a0b381165b79e9ff4fe8d843169a2116a7c8d832cf52856c9975f9a9d83956b
SERVER_TRAFFIC_SECRET_0 6a50c7b626f4be33a1aea0b6bc13dc51574d92c57bec420ab22337a38bba6990 75d95f49d0e3e4dde5408687dc12acb125f0f53e8327bc2532c26725843c7cb48e2b9af9ad5460a7d1bbc7fe1cda982d
CLIENT_TRAFFIC_SECRET_0 6a50c7b626f4be33a1aea0b6bc13dc51574d92c57bec420ab22337a38bba6990 cab17b13acc9e24f3184eb1bc6ac8c97dce8dd9737c675215456e1d4efd1ac24d7a1342725e7e7c3d475951ecee6923e
CLIENT_EARLY_TRAFFIC_SECRET 6d7d3dfdd02345c7a2712010cb63c25dcbc4d6b5b4f1bd8c35379c5053c82733 894a10f75cc78626b20fe892851bcaae41b9dc15299a1eecd98072c2e7a63b271d27b3a6e563e3502f11bcae444cab2e
SERVER_HANDSHAKE_TRAFFIC_SECRET 6d7d3dfdd02345c7a2712010cb63c25dcbc4d6b5b4f1bd8c35379c5053c82733 596e5db8a8c31cb8ed70ea1de62523d3985193a99053cb57839fa4a2cae3f917a2419a5194e4c4565ac6cfe05f685aae
CLIENT_HANDSHAKE_TRAFFIC_SECRET 6d7d3dfdd02345c7a2712010cb63c25dcbc4d6b5b4f1bd8c35379c5053c82733 c6d3d68cc6b9e97cb59e978a28520e50a7d8b0c1fdff883163c527a72535d7e92a55e6f2390053cb5b1085615716f337
SERVER_TRAFFIC_SECRET_0 6d7d3dfdd02345c7a2712010cb63c25dcbc4d6b5b4f1bd8c35379c5053c82733 d49f59ea64f405eec82ecae8bf666cb38be2e383231cf3bd174f18e94a26d53e7a8ce2e8e9135e084a4f27fbf5645e46
CLIENT_TRAFFIC_SECRET_0 6d7d3dfdd02345c7a2712010cb63c25dcbc4d6b5b4f1bd8c35379c5053c82733 0ba37b3bf93c4e47c45f3e85cebc4e1d298ee0b9b8f4c29a8f57ad2662ffadc4aeeda4cfd3227655a2d3f4440fca9323
QUIC_SERVER_HANDSHAKE_TRAFFIC_SECRET a7767c964debfcd172d8b153713de79c1de7c3610fd5c0d39c2ad70cf1af764b 6ba1e301daa3106514e8f5eb49d129d1a12f98f9e8e5551ef2babbeb74faef27719839961a17375a4d85a60e8fb8ce18
QUIC_CLIENT_HANDSHAKE_TRAFFIC_SECRET a7767c964debfcd172d8b153713de79c1de7c3610fd5c0d39c2ad70cf1af764b 73463363ed2ed16cba59a98f6767402648fa25149b9af5af4e6d39d0e7fb686b94f5a888a259a340dbd36bcdec46f794
QUIC_SERVER_TRAFFIC_SECRET_0 a7767c964debfcd172d8b153713de79c1de7c3610fd5c0d39c2ad70cf1af764b 2b2d8468f57f717cf169da6f98aca9fc9b596547c07a43a1ebc39e8edb7235ccf56bb0b87a53a68dc102989fc627c4ac
QUIC_CLIENT_TRAFFIC_SECRET_0 a7767c964debfcd172d8b153713de79c1de7c3610fd5c0d39c2ad70cf1af764b 1a1697f6a4d5e4c3b43f60e7c3264442a47690b76e20170afaf9736fc6fdb464171477217a6904dc5f25c2b5e30720b2
QUIC_CLIENT_EARLY_TRAFFIC_SECRET 48474ee025fd07c41e737a9176f7d690395a5c05b376a177fc2626657cf323f9 7d4767fed4d0d784fbebd4a9b560807d6360f6a8ff5b16acb29e2c4a020dc31ef69fdc0ae9833bab983456a0192f4d38
QUIC_SERVER_HANDSHAKE_TRAFFIC_SECRET 48474ee025fd07c41e737a9176f7d690395a5c05b376a177fc2626657cf323f9 7ded7d4978c6c68e4106811f3948476d53e4a877ff06fed14778f24a8e0caf5cdabc08148c19803240ff06ff06d40f8e
QUIC_CLIENT_HANDSHAKE_TRAFFIC_SECRET 48474ee025fd07c41e737a9176f7d690395a5c05b376a177fc2626657cf323f9 0122937adeeb4e8c5239b7ea34dc119c83504b253bf4989da22e0ea41cc49185c9d85de4dee5ab3d81e799b8baacbb54
QUIC_SERVER_TRAFFIC_SECRET_0 48474ee025fd07c41e737a9176f7d690395a5c05b376a177fc2626657cf323f9 adb4be41c7586659668010d3045b2f5b57bd1b90bedfbc10b6871bbe46ddc6d96c82d2c24a0a14213b38b8f3ad77db7e
QUIC_CLIENT_TRAFFIC_SECRET_0 48474ee025fd07c41e737a9176f7d690395a5c05b376a177fc2626657cf323f9 1558c970fffa9cd4e784ad52bbb20b887d13d4f70fc8d702f52f2fae420b0e205739528435f44a1324fabf1af28e919c
SERVER_HANDSHAKE_TRAFFIC_SECRET 06e3b1c7e744b4ad1019f57ec1e22698a3c86e4d0479802c50902f80aa52f81c 7fb6fcfe39fbd64d35cb1bccbad5188ee24e0eed087b37771ad334e7ca09f11b02110dc0e54e0b0a3b7651245aad5673
CLIENT_HANDSHAKE_TRAFFIC_SECRET 06e3b1c7e744b4ad1019f57ec1e22698a3c86e4d0479802c50902f80aa52f81c 3d47201fe2a952abf421ea7c222deb0ffe811da13f93cbe4684fc1d73a8d0507d42b71e8f178684e14f17020b73a40bc
SERVER_TRAFFIC_SECRET_0 06e3b1c7e744b4ad1019f57ec1e22698a3c86e4d0479802c50902f80aa52f81c 87856d02e900ec2b704284cf3669d38b9064b0881133603ea3d8a65a9da6e6fd436982a2a419e647e4d9675710ab62b1
CLIENT_TRAFFIC_SECRET_0 06e3b1c7e744b4ad1019f57ec1e22698a3c86e4d0479802c50902f80aa52f81c c8244d25b9bf413e5f0e1408620c5f57233a5aaf08351de970776aee5f1cfad20c750e57074b99e97e380a629b8798e2
CLIENT_EARLY_TRAFFIC_SECRET ad383b197784518f3055e0f68a1ad9a1b7200f6060965e05ce296c1a4fc2bfc6 e94b2dc06c0f698fec9236763a205c1837947c2f068b6813ef1322b5620820e2d47de602e89f2671f0c76ed34426387e
SERVER_HANDSHAKE_TRAFFIC_SECRET ad383b197784518f3055e0f68a1ad9a1b7200f6060965e05ce296c1a4fc2bfc6 9656d60980f54a50bf09aa5a4e377082fd687832e98d1059b44ed1f19772827265004db3c608970ff219a17b8bced9ea
CLIENT_HANDSHAKE_TRAFFIC_SECRET ad383b197784518f3055e0f68a1ad9a1b7200f6060965e05ce296c1a4fc2bfc6 2fadbf417347763eaacc2df339e9ef5340756c83cdad4839b57c7d51e923520eedbe687fc8718d92aa0a6fc5852ec48b
SERVER_TRAFFIC_SECRET_0 ad383b197784518f3055e0f68a1ad9a1b7200f6060965e05ce296c1a4fc2bfc6 90757712fdcbfcba7d4f3b2ab9277d973fc39ac158353cc9f904ceb9d76db1e9b13233e0b724b348cba17531c2b83503
CLIENT_TRAFFIC_SECRET_0 ad383b197784518f3055e0f68a1ad9a1b7200f6060965e05ce296c1a4fc2bfc6 4b61c9b9ca4f8c573701ac18ac3eeeebc5b1e5ca75c1471aff9c74f12ccf37ae912290fb67e3e5d86e3b49e13993d257
QUIC_SERVER_HANDSHAKE_TRAFFIC_SECRET 93318c608ae700be4859e926c6a07c5b476bcc525f3e16f132cc1600dea7f940 89b1c754e3395b225834776b792d725febd5437b7f302af8d4e2f354ba69846d79376ad6030e0483a553ce5fcfb3508f
QUIC_CLIENT_HANDSHAKE_TRAFFIC_SECRET 93318c608ae700be4859e926c6a07c5b476bcc525f3e16f132cc1600dea7f940 8fe033e9ef6d1650948e69393566d6cdf89ac685fd35561a8298b093a0b7168b892b26df8ffed9f9e17c5a38062341fa
QUIC_SERVER_TRAFFIC_SECRET_0 93318c608ae700be4859e926c6a07c5b476bcc525f3e16f132cc1600dea7f940 b68eb91a15d28444757ca6ce84fdf0e83c936e287fc067c27893d8d9a3bef608f533d40b96292294b5cecf87cfd86a2d
QUIC_CLIENT_TRAFFIC_SECRET_0 93318c608ae700be4859e926c6a07c5b476bcc525f3e16f132cc1600dea7f940 1db0c3958bd69d4b47038a5f91ca90ca83acabe491c450ef210975a301e45fc9e04321325c644d09264282b150a83148
QUIC_CLIENT_EARLY_TRAFFIC_SECRET ffb5c593626c8fbf01239d75132065be611041c182261c3832b103069ea9b3d8 5314a7a0b03ac822817ad244046a740d041c5564db6314626094887a5c5f52c6ad93561b8505fa24cd9a4c7766e9220b
QUIC_SERVER_HANDSHAKE_TRAFFIC_SECRET ffb5c593626c8fbf01239d75132065be611041c182261c3832b103069ea9b3d8 44b6d54ac7710607b8be647113192dc0bf08ca9e35495382784ac68d33c9a476fed64bb093037365b654f5f6dd033a9e
QUIC_CLIENT_HANDSHAKE_TRAFFIC_SECRET ffb5c593626c8fbf01239d75132065be611041c182261c3832b103069ea9b3d8 ed52b45b5c3a43b87a39e47a4f0e2830ed9d4ec432622044ef7cd8bb5174eb9e57242cb04c4d005e795cfd8809fc633c
QUIC_SERVER_TRAFFIC_SECRET_0 ffb5c593626c8fbf01239d75132065be611041c182261c3832b103069ea9b3d8 4cf860ff972aa0435470e4fa001711d3078bbdbaddcebeded3062e3ab796517dc4e998524139fdf567ddcb2874495af9
QUIC_CLIENT_TRAFFIC_SECRET_0 ffb5c593626c8fbf01239d75132065be611041c182261c3832b103069ea9b3d8 dd93b4cd46dfd59325722604a69ec63ef22543bd4fc03edd573fd6bd0f12c36747219f5064eef8c0d306add3388419c1
SERVER_HANDSHAKE_TRAFFIC_SECRET 5e683b07f039b91b7dbb5061f1c0631eaeb1c1cef0b2959b6da594d5c8a23f09 010c0123a0f605fc2b3b886d7a83d9b0d7034aae761fea99e5a424d46d9cf5edf936711f4c40bafcc9810c024bd9bb3f
CLIENT_HANDSHAKE_TRAFFIC_SECRET 5e683b07f039b91b7dbb5061f1c0631eaeb1c1cef0b2959b6da594d5c8a23f09 ab332cc5f3339cee7d0e5ab3d0c0a01d7dac07c54e70e3879fe2dcd35b2e251b5de1e088cbe19d0c2f87c6b8ae8a2f7e
SERVER_TRAFFIC_SECRET_0 5e683b07f039b91b7dbb5061f1c0631eaeb1c1cef0b2959b6da594d5c8a23f09 42cb67bf898041754353d1ad9117f124b689868e87f7fe88c2a05975879fab1092d52a3397daf35cb8cdefe7ccfe308c
CLIENT_TRAFFIC_SECRET_0 5e683b07f039b91b7dbb5061f1c0631eaeb1c1cef0b2959b6da594d5c8a23f09 1c0050b2543322e26a29bc0e9021205cae17c4fdbe6650b2236e8eb270a68b166eef5b379a63e42bdd521441c4b168e1
CLIENT_EARLY_TRAFFIC_SECRET 7b14f1709f3d7544e0968def46ab5f38edd6306b193e8443be5f7b7f37b9aa2d 9c50eb2128695d8a788273248281adcb60f89d71bbb9caf334614c2995e684b392ec301c5b62fb05eda80153aea4d532
SERVER_HANDSHAKE_TRAFFIC_SECRET 7b14f1709f3d7544e0968def46ab5f38edd6306b193e8443be5f7b7f37b9aa2d 069246d16732a08b65b5bcfc4dc43e477b82b56fda5d905ec91fcd3959fdd4e907f09ee9a22aa7dcc807769986c65b4d
CLIENT_HANDSHAKE_TRAFFIC_SECRET 7b14f1709f3d7544e0968def46ab5f38edd6306b193e8443be5f7b7f37b9aa2d e1bf0dde78a1fee8895793e992811dd279df76d9902244255525387adabe398d282e30dfaea9e24b4beb74d9a901f22d
SERVER_TRAFFIC_SECRET_0 7b14f1709f3d7544e0968def46ab5f38edd6306b193e8443be5f7b7f37b9aa2d d66a54f75b64fb8022ae5cbd1ed9c95efa5e520d23c73db8171ece575a707f6af0bc6def82f443f97d6bcf2184bb0b91
CLIENT_TRAFFIC_SECRET_0 7b14f1709f3d7544e0968def46ab5f38edd6306b193e8443be5f7b7f37b9aa2d 199edc2de005eabb8480bd3339b6febea1f08852bf586e73bff2d403459ce6fc6eb47416504893dbce528fb0f73bef53
SERVER_HANDSHAKE_TRAFFIC_SECRET 3a7d43593b885ebfbb3b439334ec6b82aed9dd6b3b709ca81df85769fa26d860 b1177dd366eb37e9f6ee28a9129909a6046ac802e569a29b48ea08e114c93c2b48f83732d731ffeb6e6102cde27ada86
CLIENT_HANDSHAKE_TRAFFIC_SECRET 3a7d43593b885ebfbb3b439334ec6b82aed9dd6b3b709ca81df85769fa26d860 f13659ff18d02675718e34827e52ae7503594ae4d5b7916cab395a9607fafbd3c67af2ba5756373152d0735fda975332
SERVER_TRAFFIC_SECRET_0 3a7d43593b885ebfbb3b439334ec6b82aed9dd6b3b709ca81df85769fa26d860 90ec9b8a480a46418f1076a27e705c95b006d978556ff4fb23ee63450786410100f8bb7e4de2fd1bc8e84a906d7ddbe8
CLIENT_TRAFFIC_SECRET_0 3a7d43593b885ebfbb3b439334ec6b82aed9dd6b3b709ca81df85769fa26d860 54821a2613ff418abbb730c8b52355714e61211ae9b48139409e85c4287e2281441338d4ddd322224b019bdd29cabb54
CLIENT_EARLY_TRAFFIC_SECRET dcca5a493d34c4ca36476b28c5dadf5ee9917c7da8e7e842fa3ee91103efb1b8 6a30312111f0f4d27ac0959a092a5ca7e581f349230b7c7e5e78830dbd72359b139cda3a11f7f738387450ea72734dde
SERVER_HANDSHAKE_TRAFFIC_SECRET dcca5a493d34c4ca36476b28c5dadf5ee9917c7da8e7e842fa3ee91103efb1b8 94626365ca7310ed91d3fe756aba4d5225d3422992f930b3dbb7c14061b9ac637f245d709bfd6f44ca281fe664624383
CLIENT_HANDSHAKE_TRAFFIC_SECRET dcca5a493d34c4ca36476b28c5dadf5ee9917c7da8e7e842fa3ee91103efb1b8 0c53c28632cfdd2fec7ea3a0d638cf36c109d845cbfe0a5a476f9c0c913d2ba11a01996ecc72968c831aed3a0b7d64e9
SERVER_TRAFFIC_SECRET_0 dcca5a493d34c4ca36476b28c5dadf5ee9917c7da8e7e842fa3ee91103efb1b8 76103a3c4e4e0d488c7e6fde38570d93dff67c6b2fa6a6bcb5db39d8625b2347210a7e4ea05000a0cf60688084d5c3b7
CLIENT_TRAFFIC_SECRET_0 dcca5a493d34c4ca36476b28c5dadf5ee9917c7da8e7e842fa3ee91103efb1b8 b455785075ef3607b7376b709254a60b47a0c431cb6e0480bb39387d85466bf9734795e07d09531be72b6c1b3f4f7322
SERVER_HANDSHAKE_TRAFFIC_SECRET 6ea01d64822f3c85795661d9c02bbc112e279388238697020b7a9be4b811d30f 192e2bf7761cb4346ba34589835e6ae39ab60e6c3a6fbeae426fd2c90192f56b9d6033e47c92528b6e40cbf7d86c2018
CLIENT_HANDSHAKE_TRAFFIC_SECRET 6ea01d64822f3c85795661d9c02bbc112e279388238697020b7a9be4b811d30f 5f2f509238cb42ddfcc831e94b7101f1a5c3b80e904c65ff9fa4e2d12611c9c9b0cff1d64123036a75faed06319970ff
SERVER_TRAFFIC_SECRET_0 6ea01d64822f3c85795661d9c02bbc112e279388238697020b7a9be4b811d30f 7bb039b87ee7ef156c31aea8bebff513e3bbaade8f61de39fe64725080b1791269143df5af0ec29997a3a7e0dbd6e756
CLIENT_TRAFFIC_SECRET_0 6ea01d64822f3c85795661d9c02bbc112e279388238697020b7a9be4b811d30f 2b66c0a5a22e5eb57b44e5c7e7a895799a7008b24878eba48c237f2d52b1d759e73c879adec342524c85c3c9f0b0d18d
CLIENT_EARLY_TRAFFIC_SECRET 5edc363cb6f02146a44229f0bba82504a807e2889f8abc91a0858511985ba224 c43460bcb8d48f4f5633851d613846a8eaa7e57fb4540d7346b6ec7b4678a7663a143a2fa396324860db32bccef25a23
SERVER_HANDSHAKE_TRAFFIC_SECRET 5edc363cb6f02146a44229f0bba82504a807e2889f8abc91a0858511985ba224 b4091fa77d5ad8a5c21310a1fb688d303dba4e142707f90a68f7f8bba6162226417e612420b83af8cefbd2ef6afefdd6
CLIENT_HANDSHAKE_TRAFFIC_SECRET 5edc363cb6f02146a44229f0bba82504a807e2889f8abc91a0858511985ba224 28d5b2362c6ff151767e65052b371e42514c8fe5fae84ab316022ddb20262885ea727fd48b9ec3bd163c85e481eab817
SERVER_TRAFFIC_SECRET_0 5edc363cb6f02146a44229f0bba82504a807e2889f8abc91a0858511985ba224 7176bceb7a406b5aefed3ab05b6dd802e195f158bd2fb75d63a4fffe4e4041529897a480509a141ae5bf7506309c9572
CLIENT_TRAFFIC_SECRET_0 5edc363cb6f02146a44229f0bba82504a807e2889f8abc91a0858511985ba224 71f8def3838d32cff33921f45b6494dba3b30f9834d0a01d722406abe1ac68cb398350c012aac04d4fbf7615b0a15d14
SERVER_HANDSHAKE_TRAFFIC_SECRET 0de046a1922d86830585bb2d89108fcdc136ffa8ee00b6b785433641176cabf1 9533197be17f30972132761959602cf46bf9928427e7dd22190d10227c344639bb9c1015b3d58cb34ef86cb07503adec
CLIENT_HANDSHAKE_TRAFFIC_SECRET 0de046a1922d86830585bb2d89108fcdc136ffa8ee00b6b785433641176cabf1 47df28effef90fdd06db9a542dd074c0be32956779964dffa4fc58de9a91c4194fb4225080a98067025d26f4032432d2
SERVER_TRAFFIC_SECRET_0 0de046a1922d86830585bb2d89108fcdc136ffa8ee00b6b785433641176cabf1 6513c54631d16a3693a1fefab08f0aa661f1cd253e721965f6389913fd122799e8aa5c6708f159931d8b59de35749736
CLIENT_TRAFFIC_SECRET_0 0de046a1922d86830585bb2d89108fcdc136ffa8ee00b6b785433641176cabf1 7b6f657f8f1478f7e67a2208b3ccd32ae004785f0be7075b2852b35542d7f146755c1e05ebfddfcbe3a3b33a2d99b387
CLIENT_EARLY_TRAFFIC_SECRET b708949b55fcfcb54f99d73f140fdeae5e3e9e39703fb20ee9355af661654fe1 a7f925c7feb24450f95ea4dac4a0e211236d530edb9091f65104fefaf5eff8b064e5377d5028fe509e51d3235db744d8
SERVER_HANDSHAKE_TRAFFIC_SECRET b708949b55fcfcb54f99d73f140fdeae5e3e9e39703fb20ee9355af661654fe1 b3a06fba3348a53d10e90a6e6b4a187cf42c79dd4af05e82daa14fedbb27773030e622c719cf07ef70a55eba736cdc32
CLIENT_HANDSHAKE_TRAFFIC_SECRET b708949b55fcfcb54f99d73f140fdeae5e3e9e39703fb20ee9355af661654fe1 0ea5e2c5501b5e6c25d674452be12d458f5cb667a075a5cfdbefe0ebd6885a1843c22200b3b29c947b3ff645ae3889d9
SERVER_TRAFFIC_SECRET_0 b708949b55fcfcb54f99d73f140fdeae5e3e9e39703fb20ee9355af661654fe1 b49258fceca5d4998456e87f6ace791e2a2ad4445cf972faa62aaf8dd9d7a237390cc89716224e21d8ed1adc3c141679
CLIENT_TRAFFIC_SECRET_0 b708949b55fcfcb54f99d73f140fdeae5e3e9e39703fb20ee9355af661654fe1 090abe00e0c7c59a95d6d48ec139afebe5aa30cff802c6e1cccaf882f9633b4f318118083012dfe484405730a6bee92d
SERVER_HANDSHAKE_TRAFFIC_SECRET d1984570d76cc927436c0dd8f203323f3af7650b42937136eac858290e61299c 232ad8bae45685c3e8e25c657b6facda6f7b617893f154ca6291fe34dc2cd45e242e2b2208aaeb270f1293ec926ee00b
CLIENT_HANDSHAKE_TRAFFIC_SECRET d1984570d76cc927436c0dd8f203323f3af7650b42937136eac858290e61299c 615ff669a1ef0bd6630a3611ed3b6facd81f1627d8118815e858a1cf9d80ca7775c1ef3f8a1673f1865d454bed1bbcf9
SERVER_TRAFFIC_SECRET_0 d1984570d76cc927436c0dd8f203323f3af7650b42937136eac858290e61299c 5af6c99f7a16b3440320906bdc9a138eb94435b39c75549c5029ac8e282928552107258d3fcfc19d6615df3c7ce7523f
CLIENT_TRAFFIC_SECRET_0 d1984570d76cc927436c0dd8f203323f3af7650b42937136eac858290e61299c 4ff4331a2775591779d58bd3bbe68a705f52dcef5f23555d3465ad81838d3925c0ffd41c3463ae2c460c873bb6f6af54
CLIENT_EARLY_TRAFFIC_SECRET 189b8e17631913317891be97c06c8ce2bc6eb56c01944039555b808a1bb200a0 bdecd18891a3210175d4ae7363a1204ba4da0609a2264518d0236fa92620f4aad480f9ef57a38230df7f8b7e1d55f169
SERVER_HANDSHAKE_TRAFFIC_SECRET 189b8e17631913317891be97c06c8ce2bc6eb56c01944039555b808a1bb200a0 526bb78d1bb4e3d895482aefbecea4f9f168f12de5462e240e195d589ae7799bcd2609ed562ecec3d800b0c145995bf3
CLIENT_HANDSHAKE_TRAFFIC_SECRET 189b8e17631913317891be97c06c8ce2bc6eb56c01944039555b808a1bb200a0 1e4e369c2292109dbfe5113480e0a21e4bc9b3902566983be14d4bf0e94b2433336083200a41f079680b3b1d29b9885a
SERVER_TRAFFIC_SECRET_0 189b8e17631913317891be97c06c8ce2bc6eb56c01944039555b808a1bb200a0 b5443c65c85997aa45a323215e92822bc6b26e16e7683a5bc0b2a682acd7fdec12bd67a2be6c717253c12bdd0df6d1c2
CLIENT_TRAFFIC_SECRET_0 189b8e17631913317891be97c06c8ce2bc6eb56c01944039555b808a1bb200a0 38e871f463e81315d9c4f22a15a939a0646edc933bf8290d7a6127e0ee649024bd5eab480e63843b34f08430f40b9a81
SERVER_HANDSHAKE_TRAFFIC_SECRET 833b2a11f092f6e8de8e5944559149c5864306691365258834f697af447c9a67 4892380e05d88adb463abb9c5fae1cb0edf23811f31500acb0bd60115a84a9fc99eef8bda5b7da8a752871b46c83a126
CLIENT_HANDSHAKE_TRAFFIC_SECRET 833b2a11f092f6e8de8e5944559149c5864306691365258834f697af447c9a67 5f8e3c0c523ad5a0090510644900f18628312f224b9f6699db08cc619ce7d26c62af0e66147bd98f30072a72098404d5
SERVER_TRAFFIC_SECRET_0 833b2a11f092f6e8de8e5944559149c5864306691365258834f697af447c9a67 146c42d1f08450414af4422acca39a0c1642f202589dbebd23cf9b46c306b6f874ef148ad6a8a673544ed424120244ca
CLIENT_TRAFFIC_SECRET_0 833b2a11f092f6e8de8e5944559149c5864306691365258834f697af447c9a67 85a1b6283f4b6d808a2d9b74e0a0e5c3c18e8528cb2c64aea21f6e551848eb4430dae6149e3742e197f7b4e160e04284
CLIENT_EARLY_TRAFFIC_SECRET 52622322f7a7cf0ad2b1ec7acd360e574412eefb480a84dbc87e217a77d583ac d9e4569f55abee6c324f39fc4917d2733f25a6c1bbc1606081e2fa06745e51780524daeed7847a9b9713eb26aa3b843a
SERVER_HANDSHAKE_TRAFFIC_SECRET 52622322f7a7cf0ad2b1ec7acd360e574412eefb480a84dbc87e217a77d583ac 58331384e503a1df0b879d4760f3bddf36c8c14f698c4aed927dc16cf3985603b25d93d32bdc00be9460450a23e9600a
CLIENT_HANDSHAKE_TRAFFIC_SECRET 52622322f7a7cf0ad2b1ec7acd360e574412eefb480a84dbc87e217a77d583ac f72a964033ad0f01eaed5ccbc2c98559a2e36580123479c2c5eb5fc371ae76cc9643660b5d33ff03a9f6e94bdc841f1e
SERVER_TRAFFIC_SECRET_0 52622322f7a7cf0ad2b1ec7acd360e574412eefb480a84dbc87e217a77d583ac aec48c733caa2c4ddcb8baeabd41487d3844c19521e9a36eb0ca6648aaac0689e9290b7fe2386f4b8624e01128c58a6b
CLIENT_TRAFFIC_SECRET_0 52622322f7a7cf0ad2b1ec7acd360e574412eefb480a84dbc87e217a77d583ac d3dc2b9a477ecb44cc23593691c0df6c2e509da8d99187fc2f35bf3b4a3e34335de3e53a10c408f5d0e55f83326e2c4b
SERVER_HANDSHAKE_TRAFFIC_SECRET c775f7166f31fada97a062d018624d628cf216a5f2ede93d952a976f3aa951f3 e075453852247175a6f3760d2ea46284fbb8e6a8396196f24975cfffc5a0c372393ded495e0e7e2bb268bfe627c8cbea
CLIENT_HANDSHAKE_TRAFFIC_SECRET c775f7166f31fada97a062d018624d628cf216a5f2ede93d952a976f3aa951f3 6ebcfa64bb18bbeb0548062a3013611bd2a9be38d996bc010b2062d16c38e5f9cb64dc35675804cf7eae094dd72ecfc4
SERVER_TRAFFIC_SECRET_0 c775f7166f31fada97a062d018624d628cf216a5f2ede93d952a976f3aa951f3 c470817c3f83be42060e9055597be3d244f7898b155ca7613d0b765602c5c867160f339c5bb300a7a916d82776a69832
CLIENT_TRAFFIC_SECRET_0 c775f7166f31fada97a062d018624d628cf216a5f2ede93d952a976f3aa951f3 02d64fd3fff466a54fe48a03ae72940cedb5b0b892d896f5e672d65c9d78f8b1bb57f8866906450dc16606e49ecd7d22
CLIENT_EARLY_TRAFFIC_SECRET 047dc1ef6afb439d7e6f03ec190a414b2ed4ec729b3c80b23b1bfb6713af39bc e22d50c5dc4ad0b8d731a70236e310aa4071c20a0e88b86e3cd2368ac857ae98c8befb97746db3103fcc2c921a99ae5b
SERVER_HANDSHAKE_TRAFFIC_SECRET 047dc1ef6afb439d7e6f03ec190a414b2ed4ec729b3c80b23b1bfb6713af39bc 4734656ead74892cc1ee7a06072a1b1383038ef60495cda63531858b049b750a09479fbe9fc8ebd5b5f75e75829e1506
CLIENT_HANDSHAKE_TRAFFIC_SECRET 047dc1ef6afb439d7e6f03ec190a414b2ed4ec729b3c80b23b1bfb6713af39bc aa8414faa861acf2ae67592ee426508479205d6e8f2c9eaa18e95a6c23846ea08ca2481bb3af5743845a2e439b1aeef2
SERVER_TRAFFIC_SECRET_0 047dc1ef6afb439d7e6f03ec190a414b2ed4ec729b3c80b23b1bfb6713af39bc dd524809eeca3cf6ad2df67de56dd15b0bd453ed189635e59a5b9deabe1b79749c269dbdae50890a087580457bb02329
CLIENT_TRAFFIC_SECRET_0 047dc1ef6afb439d7e6f03ec190a414b2ed4ec729b3c80b23b1bfb6713af39bc 9d5924a688097d9d3d41f235dabc19fdd1e2524cbc2b56a937fd00d8ec90cdaf1b170412938813f64be3bea3fbab236a
SERVER_HANDSHAKE_TRAFFIC_SECRET 3dd3acbaefb24624cbf86b344accee31bf79aed4467140753e7de2ca8be36d99 4f1a1d14f6ba15bc0b5b8fb1eb94305b5942e7acd8184c2eb4acb77c7a6caba98a0daaab5f927a2b6908bb0ab067336a
CLIENT_HANDSHAKE_TRAFFIC_SECRET 3dd3acbaefb24624cbf86b344accee31bf79aed4467140753e7de2ca8be36d99 bb0348dd49732bb3bce87afedd2d44357e8d89410ef423ee8779b4b072ff26a92e4cf444aa2ea893825db23588afe3ca
SERVER_TRAFFIC_SECRET_0 3dd3acbaefb24624cbf86b344accee31bf79aed4467140753e7de2ca8be36d99 de83564f04e51f63e2856496f9d42385a39aa7b205554a22aa68de0c1a31605275f6dcfd4e1e467822253de6f6365abd
CLIENT_TRAFFIC_SECRET_0 3dd3acbaefb24624cbf86b344accee31bf79aed4467140753e7de2ca8be36d99 349abb89cf76c7cb531e3c01bbe807ff117052c496fdebb280e88d3175a6e8a9b4a2ef648370fd94965e7f72169b26b6
CLIENT_EARLY_TRAFFIC_SECRET 0b1a7fe727b7a6664ff9eca5d8d54e84e39358184eba9e5f3965c58700071c10 34f427dbac87cd0e338234a4890d9f0134ccd3df905046ae9757895129fcc0b907fb9036a561f0cdaa4d580987013a29
SERVER_HANDSHAKE_TRAFFIC_SECRET 0b1a7fe727b7a6664ff9eca5d8d54e84e39358184eba9e5f3965c58700071c10 b8222559d79d2a5d0e985d4ea1c016f466e2c7da64ff4150f099430c917ff092555dd2d36f163a78b023f9a37c097bea
CLIENT_HANDSHAKE_TRAFFIC_SECRET 0b1a7fe727b7a6664ff9eca5d8d54e84e39358184eba9e5f3965c58700071c10 66bdaf1919715cf3264b0793a688a082d1e858e69359e1b1b8fc67fd6eefc11fd3b88e80aa5a67d8da774d066555e06b
SERVER_TRAFFIC_SECRET_0 0b1a7fe727b7a6664ff9eca5d8d54e84e39358184eba9e5f3965c58700071c10 4c2867344ba7605cdd547bd5e64d166f92829835e1c1ab136b166acfd27d35296b61ef2ac5a068cde60ee16c25e0d50d
CLIENT_TRAFFIC_SECRET_0 0b1a7fe727b7a6664ff9eca5d8d54e84e39358184eba9e5f3965c58700071c10 1235b4b637b31cdbb585628e3b544f5fcca2cf4916818aed9e87b29eaf83359295f9694a85226c5dbeb35fd4151bb372
QUIC_SERVER_HANDSHAKE_TRAFFIC_SECRET ab8e571df53ce2245f55bf85835223f031f886eedb108324828b3c8b4b5bb8d0 fc7f57aba69b3ed36ce95eac679fd1741492bde635bf8554ebe265a2e34057918a1c0883bf7b154d60d3524231f0473e
QUIC_CLIENT_HANDSHAKE_TRAFFIC_SECRET ab8e571df53ce2245f55bf85835223f031f886eedb108324828b3c8b4b5bb8d0 c1ea601e3f5d2663cbe432c177ff5b5dab947efd65f34ba8a95d8af12cc829970d18996989c85e3834debc6a64db9fea
QUIC_SERVER_TRAFFIC_SECRET_0 ab8e571df53ce2245f55bf85835223f031f886eedb108324828b3c8b4b5bb8d0 e7b4bdd13d2dddf47907522c70a85937ff19dfd2a1750d4e87358b0fe01ad5959719f16842d2b570fe0c851898ca3d76
QUIC_CLIENT_TRAFFIC_SECRET_0 ab8e571df53ce2245f55bf85835223f031f886eedb108324828b3c8b4b5bb8d0 b93b014d5d02450fda3d157685b933ad030344dba675a57ae411ad51c0f79776c8306e43ed11f2e1f295966913e5ff0f
QUIC_CLIENT_EARLY_TRAFFIC_SECRET 767c16476fe154bfeac4ee5fbfd3441333fbebe0e59ff3cb061e17da3b859f36 bec9a74a066c5798821d0b60b141285a7741d0677527b341a61fa0a253c688b3cfde42cc14dc379f7a2b6844830f4ac1
QUIC_SERVER_HANDSHAKE_TRAFFIC_SECRET 767c16476fe154bfeac4ee5fbfd3441333fbebe0e59ff3cb061e17da3b859f36 f008fdd3c6a4a8e4a114759d5ddb75aaf7bba79ea7d59c1b7bb75439908d55312078e17377d9d727bc6cf539ed0303c0
QUIC_CLIENT_HANDSHAKE_TRAFFIC_SECRET 767c16476fe154bfeac4ee5fbfd3441333fbebe0e59ff3cb061e17da3b859f36 39446cf946af693dd677ee21d0b18b707ef2614b3d9195fc0e06529d16e96cff0f9c0dc598581de8e73c023adaffcb02
QUIC_SERVER_TRAFFIC_SECRET_0 767c16476fe154bfeac4ee5fbfd3441333fbebe0e59ff3cb061e17da3b859f36 329a99e705d72153c7bbb8b1de0ae0b3f594ad382c9887aca34f46425daece9542e4232a90f51904ce442c6c121cd5d2
QUIC_CLIENT_TRAFFIC_SECRET_0 767c16476fe154bfeac4ee5fbfd3441333fbebe0e59ff3cb061e17da3b859f36 bd052a2f41f427f9079b5f292466158c1b5e1084f61295b4777b3d4838882ad2e80956eb104d1f6d2985da2d928ba4b1
SERVER_HANDSHAKE_TRAFFIC_SECRET 39885841e78d3b242fb1efee93404776fdc66fc81a19ef33310005baafdebf51 7f3ee3cc1725a398d5f702bbe5441c8becabd1e9f50f0158b07fa2ca5ce12b170e3e70e2bb5ffd4daf8eeef5409e2d90
CLIENT_HANDSHAKE_TRAFFIC_SECRET 39885841e78d3b242fb1efee93404776fdc66fc81a19ef33310005baafdebf51 4bda7a9384db977e22e223da3b76a9b9be065efab234a17fc07a0ee1dbd51cfc34129c590c525a4536c8145a0bf5edd4
SERVER_TRAFFIC_SECRET_0 39885841e78d3b242fb1efee93404776fdc66fc81a19ef33310005baafdebf51 80ce6726815645ff26897f7ec60ba4b3c0d9794c565f9206b64e9a168e4e73b2d3a12b851290cffc3c497b10c44df131
CLIENT_TRAFFIC_SECRET_0 39885841e78d3b242fb1efee93404776fdc66fc81a19ef33310005baafdebf51 7b0adad88c3532d867f0aec793cbb5c3164e3756593f9438e9adafe9d2f4e4ece4a811b7034aa4099816a1484d121f48
CLIENT_EARLY_TRAFFIC_SECRET 0bd41c23529aef5b423e0dbdde20f61ff0824cce9a2872ee83310cd126c41770 6fa162b5aee2dbfaa4f7502828c9e7a4c3ff9365fa5dd34f14102bea2e953c2b829b9ff9c40c839dd2e52ef97786826f
SERVER_HANDSHAKE_TRAFFIC_SECRET 0bd41c23529aef5b423e0dbdde20f61ff0824cce9a2872ee83310cd126c41770 aa49416b9e8595d59197a752e9088fe10ea34259aab3dd70003d5dea58c1c83071e6083b805b3c5fc34295a3bc49e781
CLIENT_HANDSHAKE_TRAFFIC_SECRET 0bd41c23529aef5b423e0dbdde20f61ff0824cce9a2872ee83310cd126c41770 e2247f1af999691bc4a35272344b794dfc906b2e55014197185d1f6c66cc8c8e280300db12f2450b53bc1c21993bde32
SERVER_TRAFFIC_SECRET_0 0bd41c23529aef5b423e0dbdde20f61ff0824cce9a2872ee83310cd126c41770 36925f7d2eddd838ebb2926e2b32d40310cfd08e0baac72ae14b6f15ee31ce5140c27199b356b9cd1a0c2f7906924201
CLIENT_TRAFFIC_SECRET_0 0bd41c23529aef5b423e0dbdde20f61ff0824cce9a2872ee83310cd126c41770 7b2cb54a1c9dffa979942b5e05e96172a55a80699ee9c631beb215437bd27424b8d2e2d8751977672597b97669916bdb
QUIC_SERVER_HANDSHAKE_TRAFFIC_SECRET 5e2afbc38b3d905a36c7bef3d6b4d66a85500a76cb35a24ec43d119a6af9bcc6 f1979a4499e4a45671a58dd78da3ad0a5427528d4d6b7f167aa7f86fb17e26dcb0f2114b14d5c9cbb4584fd730918a35
QUIC_CLIENT_HANDSHAKE_TRAFFIC_SECRET 5e2afbc38b3d905a36c7bef3d6b4d66a85500a76cb35a24ec43d119a6af9bcc6 7618591a73e4f1daf599d6a81c3f0122aad838604e15a23e5290edb7170f89b5d133bcd752ceba6cdaf6c4bfac8722c4
QUIC_SERVER_TRAFFIC_SECRET_0 5e2afbc38b3d905a36c7bef3d6b4d66a85500a76cb35a24ec43d119a6af9bcc6 0a9d912bed594093e927e3151d1fa5eecd18256f5133ade86190e2bf5e3073a2075793bda66df9bdc766743a828d8550
QUIC_CLIENT_TRAFFIC_SECRET_0 5e2afbc38b3d905a36c7bef3d6b4d66a85500a76cb35a24ec43d119a6af9bcc6 4a96b19d435532d70e60bdab29c31a848887fbcef01721b12248c80e4a47ce1316e6e5695064e06b3374a95ce1f4bd94
QUIC_CLIENT_EARLY_TRAFFIC_SECRET d8f8c183023d0ecfa4026aaf323e85769699432f3bdb6fcb352c7fcb5bb9ac15 dd4043bad94c307cbe26871b4f51ac18f47fbfdb74bca8b76a3d726bc97c5f9a65cd3e4e9354b7b5906dd20467871b21
QUIC_SERVER_HANDSHAKE_TRAFFIC_SECRET d8f8c183023d0ecfa4026aaf323e85769699432f3bdb6fcb352c7fcb5bb9ac15 657ac036119613aba90abe9e1cbc8875656c8ba9f7391a110a334bed927a2ab79dd14f4df5f358438ffd9c169bf2402f
QUIC_CLIENT_HANDSHAKE_TRAFFIC_SECRET d8f8c183023d0ecfa4026aaf323e85769699432f3bdb6fcb352c7fcb5bb9ac15 57614046970f0bcd74a60d4d4d7ed9c37c7e7e8f2c75921e2f80fd4ebfb6c22e650f384685196eb1d4f5aefeccd7ce14
QUIC_SERVER_TRAFFIC_SECRET_0 d8f8c183023d0ecfa4026aaf323e85769699432f3bdb6fcb352c7fcb5bb9ac15 1ccb9508c9ad0a7ac4c80348b0f90a65a97910de9343cb3edc5f5e94183e494c6c2baf532f692faa2e578d77721ef75e
SERVER_HANDSHAKE_TRAFFIC_SECRET 1324b936da6e824ede19bb7934dc2187b4e78e1f0f838f75004669d391b3dac0 27cef4d36ffacf266bccb06fcb78c6754722c80249eb2a10a907c01f980139136f1575f904d58c5049c89d1b903fc47d
CLIENT_HANDSHAKE_TRAFFIC_SECRET 1324b936da6e824ede19bb7934dc2187b4e78e1f0f838f75004669d391b3dac0 17bbac939fb20d2eb00cf68e1a3641b6bd74dcda10cc39bb943689fcc3f9b11bf995e58e6cc38808be02c0ba5988ba6c
SERVER_TRAFFIC_SECRET_0 1324b936da6e824ede19bb7934dc2187b4e78e1f0f838f75004669d391b3dac0 017a036be5e562e972b81db2b5a1302d222b2fe1083db9824c173b23873c350c6e46b2f5eaac7e68580217fd6a00335d
CLIENT_TRAFFIC_SECRET_0 1324b936da6e824ede19bb7934dc2187b4e78e1f0f838f75004669d391b3dac0 cbb84518d151d7fc7b8396eaa158f17c0547fd3121edc5109a2b0ab735d4a7ac27327025b5332572138d5f38c6d40c73
CLIENT_EARLY_TRAFFIC_SECRET 8cd6b2f6da235b5f0130042217aa9af7cfdeff727ddb2a924b3498a18ebe621a d22c07d15aa80cc4e0dc31468f47bc4f7df9384f0b3a84e4221a1cc38a135c165988d60de0fc978dde16092a12efa2e7
SERVER_HANDSHAKE_TRAFFIC_SECRET 8cd6b2f6da235b5f0130042217aa9af7cfdeff727ddb2a924b3498a18ebe621a 1aeacc2b2d37c9b8c8fa0f9331fd75f701b2414c82116b514f6e4d94a00afea710518755c809641d8ea37b46e61319c0
CLIENT_HANDSHAKE_TRAFFIC_SECRET 8cd6b2f6da235b5f0130042217aa9af7cfdeff727ddb2a924b3498a18ebe621a ad34f79a7d9376dcfcf7d098f7a53a998e8897effbfca85fd60b93d4d8b63fbb05154a46526fb8b382c7215fb53d3c7e
SERVER_TRAFFIC_SECRET_0 8cd6b2f6da235b5f0130042217aa9af7cfdeff727ddb2a924b3498a18ebe621a 425dda2328e6ea5ca51867e21d4705d8207fb7a6164fea566505657a6fff9b0622e5d78b7bf3b4539e430bf098fef484
CLIENT_TRAFFIC_SECRET_0 8cd6b2f6da235b5f0130042217aa9af7cfdeff727ddb2a924b3498a18ebe621a 794ae8080de203f536b126a65f5f06c471334c8f625f1fb820bb300de095381a7735f59e79eb98ec4d747ff6236180bd
QUIC_SERVER_HANDSHAKE_TRAFFIC_SECRET 272dc520d496aec3c38b926f20444549dc66b05ef8bc303f990baf7fa3012864 75a9ad99d6d324b49e7a20cc9d8b54563be5ae321a208552faf26cd1c11aa58748e75220871251612d6417b0acc86102
QUIC_CLIENT_HANDSHAKE_TRAFFIC_SECRET 272dc520d496aec3c38b926f20444549dc66b05ef8bc303f990baf7fa3012864 aa4ccf75c2edba71cfd359f9fe549c0c113e83b2698f5b9ea39064494e2b1964d3cb9e17464298434354292a7d3e2ea1
QUIC_SERVER_TRAFFIC_SECRET_0 272dc520d496aec3c38b926f20444549dc66b05ef8bc303f990baf7fa3012864 19ef020648fc60651a3215b53cd8c4d58b15d39eaf8ec8cd852b4feef6328e970086ae6dad7d24b9a1ef557e66dd1e52
QUIC_CLIENT_TRAFFIC_SECRET_0 272dc520d496aec3c38b926f20444549dc66b05ef8bc303f990baf7fa3012864 1dd1cba01d543951755b7867231d0df6af196497b82da504a63b61494a274221d18601fd09bedd7b4c882039cf7ec18d
QUIC_CLIENT_EARLY_TRAFFIC_SECRET 738b0e6663d6ea30ec7403243e08c5dede593043677683f275430a83b512d44f 5452ca607f8d8a6d4e1588a27384b6fd2a1d2853016cdb6f25316cc7979fc95e52e96c1cba003b8dbb044f6ad90a27e0
QUIC_SERVER_HANDSHAKE_TRAFFIC_SECRET 738b0e6663d6ea30ec7403243e08c5dede593043677683f275430a83b512d44f ab062a0a6a5e2a68df26d02669e3cb0c72568a0659fcadc5ed2f221f7ba6ddc0f1dc5b9e676a442a47a7ad7ac03332ca
QUIC_CLIENT_HANDSHAKE_TRAFFIC_SECRET 738b0e6663d6ea30ec7403243e08c5dede593043677683f275430a83b512d44f f1572f30039305a13d4e5266e7e82c636038dca86bff8bd650be7b87d89c9134c9a98e33b2874d36e2ae8b2cc86908cb
QUIC_SERVER_TRAFFIC_SECRET_0 738b0e6663d6ea30ec7403243e08c5dede593043677683f275430a83b512d44f cca6d10599eea90de41858eabd22f2ab0939519ff14780df1c3dbfff236f93cd2c46b365b828f07d6b46475d12c414e8
QUIC_CLIENT_TRAFFIC_SECRET_0 738b0e6663d6ea30ec7403243e08c5dede593043677683f275430a83b512d44f a9b79fe94358bf36c5317d73d90a5676c81195c8727f472eb7a5c9fbdb86bed67f673ff84852074fd9c47ae6109f00fa
SERVER_HANDSHAKE_TRAFFIC_SECRET 8895b214decae73c6ee18e71da0d274344c326db00f37f2cf463ff59d5d2b06d 7b4a40041a246774c0b2729fd57c084df8a47f1599da517917720e3225b1a977c7909b1d6a9bfedfd2ae9c4815545f6f
CLIENT_HANDSHAKE_TRAFFIC_SECRET 8895b214decae73c6ee18e71da0d274344c326db00f37f2cf463ff59d5d2b06d 171ca47b9b754d553f524f4afd651dbaa158bc4465915d292e53b45010d783dfcf50779614744d487a940dfb0921be62
SERVER_TRAFFIC_SECRET_0 8895b214decae73c6ee18e71da0d274344c326db00f37f2cf463ff59d5d2b06d 966f4118343be8710ba757dd227b376e661df6037c43e577e54b7a26e40f1f6ef82547f878bb8a5284b5fd34f7575f37
CLIENT_TRAFFIC_SECRET_0 8895b214decae73c6ee18e71da0d274344c326db00f37f2cf463ff59d5d2b06d 8f540cc494132157bb9a8dd8ac11bf12df8ba6cb74188aaa3f0aaf837261fea3e037911c2fb25d1055b8ae6d5ca98d84
CLIENT_EARLY_TRAFFIC_SECRET 871eb2a39ae6f20343337700247bcc288351aa50d8b91c24fa14a4270a50aa56 f23ec1eb3bc1cc48f6f9cd9f0a6516814bdd14b58c42a4f339a94452a20290313a4e65009cc1d378738464fe00b3911e
SERVER_HANDSHAKE_TRAFFIC_SECRET 871eb2a39ae6f20343337700247bcc288351aa50d8b91c24fa14a4270a50aa56 35b9528e3c0bac4517dd4efac6d08b53729f459f9c8c5d35d59c334a78b878a98dcc61c0ccf5ecd4e7c21bf768ebd836
CLIENT_HANDSHAKE_TRAFFIC_SECRET 871eb2a39ae6f20343337700247bcc288351aa50d8b91c24fa14a4270a50aa56 36414ec832a754c248070b0be803db94998549418eba547aa94cfa4a3321073a21fd9ca895f27711fdfb12136fb651ae
SERVER_TRAFFIC_SECRET_0 871eb2a39ae6f20343337700247bcc288351aa50d8b91c24fa14a4270a50aa56 ee900bc3fdc172e85b6f51ee60c1901ee3b6279e3041d5597a4830529879a1466ebddcab28d6155fdfce2fd80e9c2a79
CLIENT_TRAFFIC_SECRET_0 871eb2a39ae6f20343337700247bcc288351aa50d8b91c24fa14a4270a50aa56 c76c3e0fba1eb0f9ea02ec60d1667c88420182d0a686b6e7e3db85ef7d0787dc034b493809e539906c6bafaeb008c1f2
QUIC_SERVER_HANDSHAKE_TRAFFIC_SECRET b4f759bb5ad6f27b597b0b2b7af557a240c32a1c5a5cb72a42781c4aca73a2c0 e2fc575a2713e23eef924e14bd0b9a619761defe7b8a5b3419dad52235a18c28340fc00af46965bd7ff86e43310326e4
QUIC_CLIENT_HANDSHAKE_TRAFFIC_SECRET b4f759bb5ad6f27b597b0b2b7af557a240c32a1c5a5cb72a42781c4aca73a2c0 3a19a161573e0159c16337838af0544c01085c77f9e071c46ede39961f0d4097f2a1929873876d5448a9ebea0b6bde98
QUIC_SERVER_TRAFFIC_SECRET_0 b4f759bb5ad6f27b597b0b2b7af557a240c32a1c5a5cb72a42781c4aca73a2c0 1ffb4ea330dc0a8a2bf710f78f167085569c41aa6f0aba0fbf56a9224c798797c74178e7c9e3cbaf52a77c5f75c71a5d
QUIC_CLIENT_TRAFFIC_SECRET_0 b4f759bb5ad6f27b597b0b2b7af557a240c32a1c5a5cb72a42781c4aca73a2c0 c11f3c8a5363c0f858b7c36cd5d1b1d9751c2563d5005311f2c776fcfaabbea64df114cd4aef8b5a0b525cde3523499d
QUIC_CLIENT_EARLY_TRAFFIC_SECRET 4118bb5e449d81e796f56654ef4825053151515f417120fed33648ba55feb895 990226ef0e634f0ad8b1f9bf158d5b9865af953dcbdea685f6d408ea9c2bb681d9677f39353fc898cdc27f408968fc22
QUIC_SERVER_HANDSHAKE_TRAFFIC_SECRET 4118bb5e449d81e796f56654ef4825053151515f417120fed33648ba55feb895 797845d65016a6a82ef3d746bbf1080ec63aa786e5a0db873903f8220e75ded2495d8640f2c41a16aa08bbe49ac74441
QUIC_CLIENT_HANDSHAKE_TRAFFIC_SECRET 4118bb5e449d81e796f56654ef4825053151515f417120fed33648ba55feb895 2a6b797eddf43f1719c94ec1ee5889a28324cea29cc34b2e2e1f4a5ebc4631f4ed09e2d368ecd66f3e884394deea56dd
QUIC_SERVER_TRAFFIC_SECRET_0 4118bb5e449d81e796f56654ef4825053151515f417120fed33648ba55feb895 85c64e20846b61250adf0732fa9a598343087f6c8a36eb183cc0efe41173bc0377a77c7e3937ab560dae708135ba724e
QUIC_CLIENT_TRAFFIC_SECRET_0 4118bb5e449d81e796f56654ef4825053151515f417120fed33648ba55feb895 b4eb89341a80375d8405037f7a6b527ed0be5f3dc902952d5b2f6820befcc5a5bb29de1714645a6564cd5da21aa9562f
SERVER_HANDSHAKE_TRAFFIC_SECRET b597e120ad749cdc65ff060e8adc31bb29ea6143b644f53387cbda2748e90c66 ac664b3ecdf497bd4f8e77378c2f3a06b220814c0eb5a51e6a44fdc087af183cba7c31ed488e40e9db0c70e99ec29433
CLIENT_HANDSHAKE_TRAFFIC_SECRET b597e120ad749cdc65ff060e8adc31bb29ea6143b644f53387cbda2748e90c66 f3c8ae543f4ba5042b7897e1d3732236c7c9f595e878d036446692a35eb10141c564d188f703ed6c887001cd08022156
SERVER_TRAFFIC_SECRET_0 b597e120ad749cdc65ff060e8adc31bb29ea6143b644f53387cbda2748e90c66 37088b814511a67bf094f1955ad2e2434fd52561f10482fe867ea545ba11d53cbb28ab9e41b44c66216b53f2ad7a8022
CLIENT_TRAFFIC_SECRET_0 b597e120ad749cdc65ff060e8adc31bb29ea6143b644f53387cbda2748e90c66 314e767bcaa7a518dddaab5e31d18ed02d37104c2ba8eb26bf57d45910853e2b416e681cd87e09fbb661eff778fe8531
CLIENT_EARLY_TRAFFIC_SECRET 597989fa312ebd4026aa51210936e8e8f29120e14fb0aab3ad22bd1a3be334b2 31a707004b27a9ea18d80df4f91151701b642d383ceed30d2b6e1ad150ff0fefcd51c1dcd92fd08a44808685398c666a
SERVER_HANDSHAKE_TRAFFIC_SECRET 597989fa312ebd4026aa51210936e8e8f29120e14fb0aab3ad22bd1a3be334b2 5fd32ff918c85b85af1e26502089432d7f0b657bafce278b1e7e3724148a64b0e8d74308fb89a9cffc6765dc05032c2c
CLIENT_HANDSHAKE_TRAFFIC_SECRET 597989fa312ebd4026aa51210936e8e8f29120e14fb0aab3ad22bd1a3be334b2 6024d33432067afa732689d9be77b7e2ee565e5f0aec21cadc1ebcca3bb483280d9d14773ccad5d672e2e83afdeaa8a8
SERVER_TRAFFIC_SECRET_0 597989fa312ebd4026aa51210936e8e8f29120e14fb0aab3ad22bd1a3be334b2 a2a59b257b4177bd52eb3e5b15ea1fc49f6c10a38f2211750f75bca778777c229c067fb2e38453fa809a22b898547de4
CLIENT_TRAFFIC_SECRET_0 597989fa312ebd4026aa51210936e8e8f29120e14fb0aab3ad22bd1a3be334b2 f877a50bfe27e049e2c1466fee9b2d3096289e980576c26bf26041d4b78c2ed8a7ad16ab824c370113cdd9265f427eaa
QUIC_SERVER_HANDSHAKE_TRAFFIC_SECRET 29a0622206513dff932fd1e592edc87500bd9239965c2545384dbb12b9260cf9 9cbf8f46db88ce71da3331dba1253cbbe541b319b03e93144fe3ec4737be14d17b1a799280509dcc661e46036ed5584e
QUIC_CLIENT_HANDSHAKE_TRAFFIC_SECRET 29a0622206513dff932fd1e592edc87500bd9239965c2545384dbb12b9260cf9 386929c5e1826cde030da0a62b7dd5e765af942485f53523b325ef59c4514b3a29866a1f56d63cd3b50889ad923bc558
QUIC_SERVER_TRAFFIC_SECRET_0 29a0622206513dff932fd1e592edc87500bd9239965c2545384dbb12b9260cf9 45b8d82ee490ffa3df86687e3e1615737c91378cd4da28a1f98e8df38f3531f5cc486887f8dffc5e5da21cb9e4bbadb1
QUIC_CLIENT_TRAFFIC_SECRET_0 29a0622206513dff932fd1e592edc87500bd9239965c2545384dbb12b9260cf9 aa6428ff0cf91726cae9555045c195d4183e2146410dae435f518b5e7622af8a16c4a85a8ae3a50b3d3d00e4186fe6be
QUIC_CLIENT_EARLY_TRAFFIC_SECRET 061483476a1e23c66c47c5093ed969290bb652b3b96056a8f4270fe0e5f49709 d90161134361eeb4c60d1f9587e5ef1da4ba10902af0928903576ae98204a012fddced7b1d074fa6951cbefa8d5f61b4
QUIC_SERVER_HANDSHAKE_TRAFFIC_SECRET 061483476a1e23c66c47c5093ed969290bb652b3b96056a8f4270fe0e5f49709 60ce11859f233976f1497620563f91074c69918aab8da5c58d2d15746867cdd69c2087b3f83394632032c03c4c8baddd
QUIC_CLIENT_HANDSHAKE_TRAFFIC_SECRET 061483476a1e23c66c47c5093ed969290bb652b3b96056a8f4270fe0e5f49709 5ae452a2ef075ecfe3cdfa317d253349048d6807f5874369b1b6f70384b4152cbc7e0bf318a965d21718228a98009855
QUIC_SERVER_TRAFFIC_SECRET_0 061483476a1e23c66c47c5093ed969290bb652b3b96056a8f4270fe0e5f49709 02bc6a8cbe4a52b36d542cf7e55ea73993c86d279571ad09589cf2afbcdeb8b5cf4c3cb47ef246ebbe03403607c05237
QUIC_CLIENT_TRAFFIC_SECRET_0 061483476a1e23c66c47c5093ed969290bb652b3b96056a8f4270fe0e5f49709 2f7e164011b3b5a1e3ec7b7810ebcf0c7137680f03eb58eb2f09dc4e3ecfba50e65ac5a4ee9d530c2c23878ed6152bcd
SERVER_HANDSHAKE_TRAFFIC_SECRET 44ac155b01668c9783e765ff8ee80012b9d6b2e5bff811d768d26cc6b2ee708d cb3e8f20e3c153308a11857b578229a244cbe9741b33ff2277ac915d20c599ab44cf5c129e0472ae8510eb441f5abfea
CLIENT_HANDSHAKE_TRAFFIC_SECRET 44ac155b01668c9783e765ff8ee80012b9d6b2e5bff811d768d26cc6b2ee708d 7322a1362ebab37d186c35f742b4abef1beb021093f7310665b68512517416861bac426339eea15509dc25347126022b
SERVER_TRAFFIC_SECRET_0 44ac155b01668c9783e765ff8ee80012b9d6b2e5bff811d768d26cc6b2ee708d 1c2af255f006a72eb99c7b07c8c34e04ddd457dfe8b944d17cde7c46bd13f84acfe32e858afca67977c505c9138f25a9
CLIENT_TRAFFIC_SECRET_0 44ac155b01668c9783e765ff8ee80012b9d6b2e5bff811d768d26cc6b2ee708d 86a29f3002505eb266ac794c58b9a56be6875c1dd7654af8ddbab836572a3959b95b58cf168b3ae62de20eb0b08b4422
CLIENT_EARLY_TRAFFIC_SECRET 886d4b3ad7d9af3922ee1562bdc8e0f201140fb00306d601bf4f740e98467160 756790cf069dc691bf01bcc5f68b230f9588ed846631fae59443e3c55e32ebd176cce85baa1bd2cc454a5f1d3e9f9381
SERVER_HANDSHAKE_TRAFFIC_SECRET 886d4b3ad7d9af3922ee1562bdc8e0f201140fb00306d601bf4f740e98467160 0074365b5f2c52de524e16651ec29deb07d269c63ec0370c3e7a07cfc3ba5cf3f3d2a0759e9d788d780e3fd5038168bf
CLIENT_HANDSHAKE_TRAFFIC_SECRET 886d4b3ad7d9af3922ee1562bdc8e0f201140fb00306d601bf4f740e98467160 c3d2c3046b68c9c9b91fac95aef3918eb465533728c7a131da95c4c70fefc6fa030a44f79f729d378efaed3eaead2054
SERVER_TRAFFIC_SECRET_0 886d4b3ad7d9af3922ee1562bdc8e0f201140fb00306d601bf4f740e98467160 7383d497d7835ad55da6e93cf0cd2361e7d97e8d59c94b27a801e87c1c45b8b2cf919729b6cf0111ea78ea4703e3e0e1
CLIENT_TRAFFIC_SECRET_0 886d4b3ad7d9af3922ee1562bdc8e0f201140fb00306d601bf4f740e98467160 e72aa21cd47888a63b265ee9b6ee157916b70d03aa09b77a3f06660dd5494c718725623fb5566ad18f74c92f75a561c7
QUIC_SERVER_HANDSHAKE_TRAFFIC_SECRET 62d15d998582d50d662522769927fbb704d4c57f28352eac1a1ea744b98124c9 5e5d78232b44cb6011345026499c21783c3547aa6b91abc71e4deff47ca2bc9ae86e14b86b9985a725f03e16482f5588
QUIC_CLIENT_HANDSHAKE_TRAFFIC_SECRET 62d15d998582d50d662522769927fbb704d4c57f28352eac1a1ea744b98124c9 cae04109c54a9d6e513412880ecc83fd606a93d7029de53774dd4b9790d48959cb67730d05882f5e2fee30285ee15170
QUIC_SERVER_TRAFFIC_SECRET_0 62d15d998582d50d662522769927fbb704d4c57f28352eac1a1ea744b98124c9 d56ac6d9978d1168352714677bd7cfc389208628a88b7fb9a080d38a279c2e23b4f55add35fdbe9e2f1d8061736839c7
QUIC_CLIENT_TRAFFIC_SECRET_0 62d15d998582d50d662522769927fbb704d4c57f28352eac1a1ea744b98124c9 eb80bfee6989792bb93e0a7c6927a7c7d315537762e4434045c9707cad66e0bfe5470884c0cfd905a8cef6df0214d68a
QUIC_CLIENT_EARLY_TRAFFIC_SECRET 0c660ba477db5df687bf48f5d7357c073ebd6ed45025bb227cfdec8f3978a03c 5e4e1858ffbe532ed4b9a23080e74483c5a75017e07f4b5119c1af2efa9a4a5ce3917710c7a2419ed2bcefec963fc14d
QUIC_SERVER_HANDSHAKE_TRAFFIC_SECRET 0c660ba477db5df687bf48f5d7357c073ebd6ed45025bb227cfdec8f3978a03c 85957f94e00087f39e9ee79c52e04ffeaaf67e5250d089c4d0cc5120dd3f0453e5e6032c4845b30f3819826923ea66ea
QUIC_CLIENT_HANDSHAKE_TRAFFIC_SECRET 0c660ba477db5df687bf48f5d7357c073ebd6ed45025bb227cfdec8f3978a03c 9a7ddc1895d1ccd2f7e79e452655821aa8645138cddad5f938259cc8de21cc5a0be94b32d98b1818952e2f8c43499322
QUIC_SERVER_TRAFFIC_SECRET_0 0c660ba477db5df687bf48f5d7357c073ebd6ed45025bb227cfdec8f3978a03c 8a680c4577afa0c732f3bb6c5ab352e6ff76f60c09cf180b9bd1d1764663cfd99e47b4f5c1880a26e810e53418a7d73e
QUIC_CLIENT_TRAFFIC_SECRET_0 0c660ba477db5df687bf48f5d7357c073ebd6ed45025bb227cfdec8f3978a03c 1f8bc731c48862deba602312199fbfde8244cb30aa278b1fcbe2939f5bc53aa8952737fabcf351f3e8f084501845ead7
SERVER_HANDSHAKE_TRAFFIC_SECRET 80b717fa949f473dae410d096004f8909553b8b39355aae69a7427a05baa8c64 4d7c4e48d9d6edc1d00702966ef88f4c55a23ee3ce3c3269168c5a5b505225ae1ab45285454cfa41efd5f51d16cfb286
CLIENT_HANDSHAKE_TRAFFIC_SECRET 80b717fa949f473dae410d096004f8909553b8b39355aae69a7427a05baa8c64 d03ad651f56cdafb1dab44f4f69fa0b1f8b97e03007832a3d76d87b1542b0c4194da40c4cdff8cefd052f3a4fcc06004
SERVER_TRAFFIC_SECRET_0 80b717fa949f473dae410d096004f8909553b8b39355aae69a7427a05baa8c64 6cf61aa1ab5a3ee52e07d47d7018e6fe029f6a835e5bba4a26711abcf2cebdb780f153abc6012d1585437fe263ec2716
CLIENT_TRAFFIC_SECRET_0 80b717fa949f473dae410d096004f8909553b8b39355aae69a7427a05baa8c64 73ae131f027e1e9862fc5a67017e154cf24435df3a2b3bad3baf36fec3fb0d020489f6646efb300601782efb6291f905
CLIENT_EARLY_TRAFFIC_SECRET 55a5d5a50bc9b5bf9a476c7fa70a981282870c5212b88653d183b9139e55b2d5 1ef54d8a0d62b75cec2f895195c40357dc129ce9af49b69c8fcee6311330c4f6e784c25a5f26b1e035de5a92f6ce06a2
SERVER_HANDSHAKE_TRAFFIC_SECRET 55a5d5a50bc9b5bf9a476c7fa70a981282870c5212b88653d183b9139e55b2d5 1db5fd0d413d230ce64d8d224faf1cb4e600247e6f436fd8269fb8984134c9963e557d8bfd5996673b2fff6f635a1dd7
CLIENT_HANDSHAKE_TRAFFIC_SECRET 55a5d5a50bc9b5bf9a476c7fa70a981282870c5212b88653d183b9139e55b2d5 d4c6a88cd7e934b27bf9ca484e5f6ab1de1037975ce2d2d9afd326814e72bb2335d07d468dc4b2800d0b43ba85d03bf7
SERVER_TRAFFIC_SECRET_0 55a5d5a50bc9b5bf9a476c7fa70a981282870c5212b88653d183b9139e55b2d5 818755d46870b9a30dfaa22c2eeadac5b47c2bd8603cfb457cca91c02a14176fe2c33dbdcdb033528731a3a763f3da89
CLIENT_TRAFFIC_SECRET_0 55a5d5a50bc9b5bf9a476c7fa70a981282870c5212b88653d183b9139e55b2d5 deb696305a643900be7f2d6d8f62241a837660fc9d675d43a6740cda1b6f80e56046ecac76a691d7cc045c8b2fca7b1b
QUIC_SERVER_HANDSHAKE_TRAFFIC_SECRET 5366af77bf33afc7dacc72d565512e1bf7481785106feee2a5bae77ab54ec378 84c3a1ec31720a5f560c6b6c7f47ee8148e231e1e94be0c442379690dbee5e1163a8c70849f25017eac253cb08e79586
QUIC_CLIENT_HANDSHAKE_TRAFFIC_SECRET 5366af77bf33afc7dacc72d565512e1bf7481785106feee2a5bae77ab54ec378 3f2e37bd7cb6b256117b2489085c0c0d2634b64c76aca7766b5e01cf2e6800d18b5bb181e213ac5e077401f7af986520
QUIC_SERVER_TRAFFIC_SECRET_0 5366af77bf33afc7dacc72d565512e1bf7481785106feee2a5bae77ab54ec378 349ebd8d5659d79011af5c6d90c3c26002d8866f30a3d35d8dbdb7d7590bc78c2d6d68290ddffd962df2c29d12f87808
QUIC_CLIENT_TRAFFIC_SECRET_0 5366af77bf33afc7dacc72d565512e1bf7481785106feee2a5bae77ab54ec378 87b0247146f0e10c7a0329fe78638dbf2ec3a88a7ac6880aa191809a9c2343afc4babf21fae57086b5a714ab4a0a5d5d
QUIC_CLIENT_EARLY_TRAFFIC_SECRET cf9957c0bd4545d243b1048f46051a682cb5265d8e3423c131b7b514f29a5d52 3a524ff44ad13e4e8e20261d1c100279ba4c3f7eda5a51f2a07b282b965905b74384fda68086e84987976971db875328
QUIC_SERVER_HANDSHAKE_TRAFFIC_SECRET cf9957c0bd4545d243b1048f46051a682cb5265d8e3423c131b7b514f29a5d52 d2d63a814b04e844c40c35e4eb60d5ec34f0e75dafc7d44433ba8100780fd44e8ca62417bbb5a23b863e3018cc1578a8
QUIC_CLIENT_HANDSHAKE_TRAFFIC_SECRET cf9957c0bd4545d243b1048f46051a682cb5265d8e3423c131b7b514f29a5d52 b46cdcf3ba94622db94793065e8e0723975a15b3e51d1cc8a875537d4b9e4944d1ae5b189c132bee82e5086bdc90e6eb
QUIC_SERVER_TRAFFIC_SECRET_0 cf9957c0bd4545d243b1048f46051a682cb5265d8e3423c131b7b514f29a5d52 58f9dc50e82ce1851adb4cb82bfd926ee19f1b97ba737766c685d62b4d03c5104e0248fad358d36d89287939e4d49cb9
QUIC_CLIENT_TRAFFIC_SECRET_0 cf9957c0bd4545d243b1048f46051a682cb5265d8e3423c131b7b514f29a5d52 030a758f23b9b0d7d0ab2654136afbaf1d7418d9ae1abfaec868e5abd48bad7bc6c1076480c564e662951fb3b893acee
SERVER_HANDSHAKE_TRAFFIC_SECRET 4d9ed650e0e794672dd5968a08cdcd16fdcb87647117fa2f6b546ef788eac87f 1b59f26b37f0db22aa6da112f63dc13ea1ef7fb641395a741e7dfc93cf9531f3fa5f10479396b368a0d14c9c78883fbd
CLIENT_HANDSHAKE_TRAFFIC_SECRET 4d9ed650e0e794672dd5968a08cdcd16fdcb87647117fa2f6b546ef788eac87f 06c58728078b49ba248e62cfdaeb7c4c83c607b70d0c774a7342b1c616c89c864dbb4bf33347ea31e7ed990447b08e3e
SERVER_TRAFFIC_SECRET_0 4d9ed650e0e794672dd5968a08cdcd16fdcb87647117fa2f6b546ef788eac87f 7282fad9757665c678ac30600d44d0a04653907794253ae7f31fb3c9e8b5217bab3f9bb99fab1d544892956d82f2d2cc
CLIENT_TRAFFIC_SECRET_0 4d9ed650e0e794672dd5968a08cdcd16fdcb87647117fa2f6b546ef788eac87f 164c18eecd5a4115796b4b0b9dc5e25805229a298673b67dae6d0c286eb9c76764e5560ac6adf9ab85b05469f0faf0d5
CLIENT_EARLY_TRAFFIC_SECRET bf3e70821652035ff889ec92f9a1247dd2f055029db14da603d4d3889765958b f8b2bfc63d5f4e5933d797e6ad1e9d481bd377bec415a92bc7037cbdcf6fc5be4d8ea1eb9aaefb0cbbc87bd1293f5417
SERVER_HANDSHAKE_TRAFFIC_SECRET bf3e70821652035ff889ec92f9a1247dd2f055029db14da603d4d3889765958b 20f6a42f81e9bb8dcabf079164204c8a2367a82b61f125c9767e7d7d630f7828b3d77ad8f9a3c898229ed6afb7b9e411
CLIENT_HANDSHAKE_TRAFFIC_SECRET bf3e70821652035ff889ec92f9a1247dd2f055029db14da603d4d3889765958b a7c03bfa212bf353f84871db4289d4e6f3889e0a92c692dab04fddaed8dc816d5a9dbec9439c57ba71cb4a479781dc2b
SERVER_TRAFFIC_SECRET_0 bf3e70821652035ff889ec92f9a1247dd2f055029db14da603d4d3889765958b dca3bb73b8bf7f1e801bec1431a4d8119322f90d5e7c53d24639dd67cd2b2a46b0b84dc1467002e4a96204ab22368122
CLIENT_TRAFFIC_SECRET_0 bf3e70821652035ff889ec92f9a1247dd2f055029db14da603d4d3889765958b cb80f113b10aedd9711f7cf6367a75c1336a8f1cececd698314a9ec41d4b53d99dd608251c358248ce8a60320efaad11
QUIC_SERVER_HANDSHAKE_TRAFFIC_SECRET 6650da1584c41445e94f1e3237aa8d8a15a2f3ad44d50adf5502fc019663fedd e77681c4d076f8e22d1694eaa15ef95f7c32e38b275701ccf20af3d149cb6c3712201ba034fd8e135dd4bea7c028f3bf
QUIC_CLIENT_HANDSHAKE_TRAFFIC_SECRET 6650da1584c41445e94f1e3237aa8d8a15a2f3ad44d50adf5502fc019663fedd b66eed5e88294e06292fac90006406574b15c54756c05ebba61f96a3b839d48082feec7bf9751e17d29ee0eb4fe45cbb
QUIC_SERVER_TRAFFIC_SECRET_0 6650da1584c41445e94f1e3237aa8d8a15a2f3ad44d50adf5502fc019663fedd f9f944298c427d2a35da0156dcbb91ecbb646c1120232df169d98ebaea1ce6eca7bf7a6bf06d858a415dd89ab0193569
QUIC_CLIENT_TRAFFIC_SECRET_0 6650da1584c41445e94f1e3237aa8d8a15a2f3ad44d50adf5502fc019663fedd bf4c32998cb8e66af6b8cc831960404f83daf2f2b13dd32f8b67341c93b76bb0e7ab2d55f9e543cd0abbe67f2be53aa3
QUIC_CLIENT_EARLY_TRAFFIC_SECRET 8b6791faf5a11b1e1bcffa188a11f1cb188eb42f935ec0d31711c3d3746a80e5 4e951632bda8aa98ad31b94c4eab02905508700b7f6da2ad5ae37268517052266a7ce1d5034f42e02760614e18e28a2d
QUIC_SERVER_HANDSHAKE_TRAFFIC_SECRET 8b6791faf5a11b1e1bcffa188a11f1cb188eb42f935ec0d31711c3d3746a80e5 a0f226e4fc0be8920c08f4186350eb97d01f56de7e0ce17c1d22402217bc661983c34beafc230a0677e8989fe45514db
QUIC_CLIENT_HANDSHAKE_TRAFFIC_SECRET 8b6791faf5a11b1e1bcffa188a11f1cb188eb42f935ec0d31711c3d3746a80e5 39c345ada404d145e9b730255f118bd8148e55dec1c724ef878377de05f79701d67b7153f9905db4786228a11df1df9c
QUIC_SERVER_TRAFFIC_SECRET_0 8b6791faf5a11b1e1bcffa188a11f1cb188eb42f935ec0d31711c3d3746a80e5 5d0237a527bd5088d91cd8e913972d5e0938b59f2ef1de287a7ca1641b01ba4045733b24eea6111baaceeebd859dc860
QUIC_CLIENT_TRAFFIC_SECRET_0 8b6791faf5a11b1e1bcffa188a11f1cb188eb42f935ec0d31711c3d3746a80e5 7d440d61e317405d3195fc8059e586ddc6525b45ec5e7b7cac6663f8c733fa8ffd36b1d35fd2507231fef602d1d458a1
SERVER_HANDSHAKE_TRAFFIC_SECRET 386fb18549406732beade883ae4510e9982d0d1c170bb9789b8539dde0b57f54 8e263d1ee1219de79ed0e90ac07c29fc4927ec18980133fe4a02a7030a275d82050608c035dff16e4c5a1da21f0e365f
CLIENT_HANDSHAKE_TRAFFIC_SECRET 386fb18549406732beade883ae4510e9982d0d1c170bb9789b8539dde0b57f54 671707ecfbece0cb9060ca23038971ec2e3aa2ef764a49eeaee9c6631656e15aa0141f7ffbba121d028d33c43708e3f2
SERVER_TRAFFIC_SECRET_0 386fb18549406732beade883ae4510e9982d0d1c170bb9789b8539dde0b57f54 31353796393508e6353455e9424442c2b3dabdcfecdc4df279dbadb87fd4ca5c4c733a6517e15bff401d4c464817aefa
CLIENT_TRAFFIC_SECRET_0 386fb18549406732beade883ae4510e9982d0d1c170bb9789b8539dde0b57f54 b16c16703cdcd504beba8ca384602a3ab316ba91735a6e03ea0346cc7753dc0e9546fd37a81de8e06f73f25c3bb45b67
CLIENT_EARLY_TRAFFIC_SECRET 70e4b34ce3ca302b5cf1ef62dcaf32be4b0670f1a451b556d3ee939238bb295d beae28f045a907ec22764d08b77c5f9befe9f83771f03ba31f4b008f56edae46c09320de6c3c178bdf2328e9ae050b22
SERVER_HANDSHAKE_TRAFFIC_SECRET 70e4b34ce3ca302b5cf1ef62dcaf32be4b0670f1a451b556d3ee939238bb295d d4fe3c173a957ea66001afffe5bddb40b72e4a5c6dee39e1b22e26bd8fd0c17faaf62a3629ec16e9f409c851ede38af2
CLIENT_HANDSHAKE_TRAFFIC_SECRET 70e4b34ce3ca302b5cf1ef62dcaf32be4b0670f1a451b556d3ee939238bb295d f0ed4805df4ee47f8122d921b5ed9abb2c32f0dd8cb7bfa780664ff4b2f94b9daa3aec8b2371333ef8fa0a686e36a89e
SERVER_TRAFFIC_SECRET_0 70e4b34ce3ca302b5cf1ef62dcaf32be4b0670f1a451b556d3ee939238bb295d 8269ea3541980f459351b8516b0817037d55897a8392e77c865bf4e523cb74d40a5ef0eba29669ff25ca587c69c692ed
CLIENT_TRAFFIC_SECRET_0 70e4b34ce3ca302b5cf1ef62dcaf32be4b0670f1a451b556d3ee939238bb295d 49603255c15fc92b96f97dfe0db273f33058dac60077b17c440283ab689c59afede829080b58cc1541c91f5c13c5c189
QUIC_SERVER_HANDSHAKE_TRAFFIC_SECRET 33400483c8780b6b7a9a873bbacbbb02bf53e34107cf32e8864e551fd6bd1c80 3768c7876fd84f2984a19e2d89cd097e3e21ac4d128c3be04f0827558c74cd541efec54ddd301879d4714a2ba1d3a3c0
QUIC_CLIENT_HANDSHAKE_TRAFFIC_SECRET 33400483c8780b6b7a9a873bbacbbb02bf53e34107cf32e8864e551fd6bd1c80 2953e3aa48b0744ae824fc67014f7fdc79924b492470c12e40c92a1bda94e06113afaf0a27430530d6794db34e5e82a8
QUIC_SERVER_TRAFFIC_SECRET_0 33400483c8780b6b7a9a873bbacbbb02bf53e34107cf32e8864e551fd6bd1c80 d218a7b99f45cb9b4e1964d4686c8edaafa2df790858853e1bb5a24ef41a8f04167d0281731aab721e3a7c05f3b8175b
QUIC_CLIENT_TRAFFIC_SECRET_0 33400483c8780b6b7a9a873bbacbbb02bf53e34107cf32e8864e551fd6bd1c80 86d25b9fe47212ea862194db8b884f7f2cfabfa018e70df318cf0161cd3971acb8ce3309b3a6611be5e8c2f9db245b04
QUIC_CLIENT_EARLY_TRAFFIC_SECRET fc7505331b802e29a3c648f22d966696ee9ab371ab0a55d704a195e58a5e38f6 143738e0bb23da5aa43bea4a6054424552cd8f005c9feecac9400151514714b90bd075d8342d88c113267d9702842052
QUIC_SERVER_HANDSHAKE_TRAFFIC_SECRET fc7505331b802e29a3c648f22d966696ee9ab371ab0a55d704a195e58a5e38f6 7b3413520bb50f6a7037607a430a21b36890eda26f937e28faa6fe837334078e5f76e5e07cd2e1f869122bececb60714
QUIC_CLIENT_HANDSHAKE_TRAFFIC_SECRET fc7505331b802e29a3c648f22d966696ee9ab371ab0a55d704a195e58a5e38f6 7f31a143e0467507f2614be8bdc15339140dfbf94bf1813260eeb2b6a307aa07ff464709865a2c1802cc2932694677ff
QUIC_SERVER_TRAFFIC_SECRET_0 fc7505331b802e29a3c648f22d966696ee9ab371ab0a55d704a195e58a5e38f6 61af8d03c5e310b0fe3a35f7a033f638d7c97a19a480f59a6ee37800da8a8052f7443d9ba234475df80a69d76bee98a5
QUIC_CLIENT_TRAFFIC_SECRET_0 fc7505331b802e29a3c648f22d966696ee9ab371ab0a55d704a195e58a5e38f6 3e952fce973f2329a0bb0166c68077c544d8536bfbddb3c2ea648b6f58b83d95fdff617275366e4f4cac91045a53e1b8
SERVER_HANDSHAKE_TRAFFIC_SECRET ea1b319041f24e062c27e33d980cdfb53f63a33c0cce825fec10a55ddc665158 07813921bf0fd85d5b6cdb3873b511db26896939001dba00529fa38222bb570bc4977cc94d7c43c86417599d73eca936
CLIENT_HANDSHAKE_TRAFFIC_SECRET ea1b319041f24e062c27e33d980cdfb53f63a33c0cce825fec10a55ddc665158 e07aa271075e06b49dc9ca40b6c2c1f4a6ebfb69ae82837a6de6235e96142a4a7981b47a986a2e3bcd8824a971c7fead
SERVER_TRAFFIC_SECRET_0 ea1b319041f24e062c27e33d980cdfb53f63a33c0cce825fec10a55ddc665158 e2fcd11f0b296e6d7f730d26ae81e2bd334f86f10c04eadd0ba417de720efef8fda12995c2810272ae62d57c27b239d1
CLIENT_TRAFFIC_SECRET_0 ea1b319041f24e062c27e33d980cdfb53f63a33c0cce825fec10a55ddc665158 7b026a9c1b002abd397ffa91c50b4d5f7015b6cdf5bc94fa86f590efbac6c271762b8d7ea8d58aaac94e599b1a775a09
CLIENT_EARLY_TRAFFIC_SECRET 16e9a7b32651e3f302d0f24ec4f5fb9e5266f6e8894c8b12c348aabb83271b94 ca848eb628672be47a4e6b68dc320743c32d0bd5ab32b376b364233b8e84dfda11580f5d0c196761f98683d2b4dc5c54
SERVER_HANDSHAKE_TRAFFIC_SECRET 16e9a7b32651e3f302d0f24ec4f5fb9e5266f6e8894c8b12c348aabb83271b94 10aadfe7749e2fd7f33ac4d165e7a98eaf1a71193c2141140837e26e83d39efcbab93a28909a945acf2480e41edee72a
CLIENT_HANDSHAKE_TRAFFIC_SECRET 16e9a7b32651e3f302d0f24ec4f5fb9e5266f6e8894c8b12c348aabb83271b94 f5c281aa8d7fdb645d05107a1896bc8bc69ffbfddf837ce022277af72539b4546fc9e00a2cb50309e4f6f95a44f39d33
SERVER_TRAFFIC_SECRET_0 16e9a7b32651e3f302d0f24ec4f5fb9e5266f6e8894c8b12c348aabb83271b94 e812a9f932933dd2f0a4316618089983d015f80d75790a35824029656c0d4a8b12ed02f975ae1853d363d95e2da01c50
CLIENT_TRAFFIC_SECRET_0 16e9a7b32651e3f302d0f24ec4f5fb9e5266f6e8894c8b12c348aabb83271b94 877a85e0315d9be255988f52574a6232f6a52458e8d041bf901cfbe2b615c6413097ab7fbacdcabc6ed1c97d230b9da0
QUIC_SERVER_HANDSHAKE_TRAFFIC_SECRET 92572ca944d074ee387007a6f1fd9c97d75894830083f695e218974ba5810e0a 434630f6139d00c12b29bba1c11fdde277a994bb0581175299fd10e3f5fc06eab8489ddfb2e9b1df1ac838e66b20683c
QUIC_CLIENT_HANDSHAKE_TRAFFIC_SECRET 92572ca944d074ee387007a6f1fd9c97d75894830083f695e218974ba5810e0a 78dd1d04494100c0257bcdf96e6b0089721b0e5bd1eaaa6dac84ca7dd2f15bda1dfcacf583fa60923008ccc69446cb1c
QUIC_SERVER_TRAFFIC_SECRET_0 92572ca944d074ee387007a6f1fd9c97d75894830083f695e218974ba5810e0a f415dd9da089e6b756f74502bb9ec2925eb0088fc20f71e1ae0f4d0258d6ddfb1bc1eb28338c97230318054b309e6868
QUIC_CLIENT_TRAFFIC_SECRET_0 92572ca944d074ee387007a6f1fd9c97d75894830083f695e218974ba5810e0a 35655c051fa49061e409155d9a043ee18879f1317135c482d62815120a54bfc8f88dcee8b8a402c520688d049920bebd
QUIC_CLIENT_EARLY_TRAFFIC_SECRET c2627cc8525294f0768450227714dfee213434bd0b5db0ddb1a3bf42e2859f2b 8c167eabacd3b536ec698b49ff672d87e5ca41ef3260b0e011376a03131fab271a31f27977dcd812734228a8b72a3162
QUIC_SERVER_HANDSHAKE_TRAFFIC_SECRET c2627cc8525294f0768450227714dfee213434bd0b5db0ddb1a3bf42e2859f2b 193929b6074c2e0671146a159cca6c0c50d3cafa76115a20045e367c9cbb3b4b7fa5a82d4a9beead9b58c79d931e94a8
QUIC_CLIENT_HANDSHAKE_TRAFFIC_SECRET c2627cc8525294f0768450227714dfee213434bd0b5db0ddb1a3bf42e2859f2b 830bccb99b4ef01c861ed8411a813b58a2a9265a428a1f2513ddba3eb9429aa781bff0198b6f9a8349fead6bae69af7e
QUIC_SERVER_TRAFFIC_SECRET_0 c2627cc8525294f0768450227714dfee213434bd0b5db0ddb1a3bf42e2859f2b 1fec267419a6be253a5c0b0063153898a825fdb3619693195b3ef86b816c10fca91bd71a66d1ce9250a5c22f5766cf14
QUIC_CLIENT_TRAFFIC_SECRET_0 c2627cc8525294f0768450227714dfee213434bd0b5db0ddb1a3bf42e2859f2b 67a7e93a8c9ca70c60d4aa915b40dcb498b784245ec02b2216f048954d9606f8ccb331ad81a39d02def78cde6853fe17
