SERVER_HANDSHAKE_TRAFFIC_SECRET a157436f8bb322ebef7a44276c7f57a12026729b8ff4ed01a467b290c7214633 feea509fb1d11f6a6978ffe8ae5ec50cf4bc24f23784926098ad951782e35bd6
EXPORTER_SECRET a157436f8bb322ebef7a44276c7f57a12026729b8ff4ed01a467b290c7214633 95d1482b64da88f4751459425f4c3803cffe09873a7cb10e0de691e5656ecf61
SERVER_TRAFFIC_SECRET_0 a157436f8bb322ebef7a44276c7f57a12026729b8ff4ed01a467b290c7214633 679363103c9da47d1f4168f0fac048a2ade40fbcf139545eb5fe0eacf6fa045a
CLIENT_HANDSHAKE_TRAFFIC_SECRET a157436f8bb322ebef7a44276c7f57a12026729b8ff4ed01a467b290c7214633 3f75f48e10d1697563bd2962694105216d83716fea7998be56fac64fa02ea9b2
CLIENT_TRAFFIC_SECRET_0 a157436f8bb322ebef7a44276c7f57a12026729b8ff4ed01a467b290c7214633 ad3be109b2257f6fd4136e367078eabcb746ca5e63e749f8c59897da92addd9d
SERVER_HANDSHAKE_TRAFFIC_SECRET 0d0bd1900e0ee3ddb709baae7c9a99d83559763d747f86e6e7b58cad73ef7e0f 2663cb7e748f39125cca9a3d69f15a273eeae8a0aee98bb920e6c7cacfc5fc64
EXPORTER_SECRET 0d0bd1900e0ee3ddb709baae7c9a99d83559763d747f86e6e7b58cad73ef7e0f 9b2dad792163ccab71d9d76960d906ca607b538f9ba9e93bf7303d2156a23327
SERVER_TRAFFIC_SECRET_0 0d0bd1900e0ee3ddb709baae7c9a99d83559763d747f86e6e7b58cad73ef7e0f a790c008183922269d205a5e14c2b1d0d09dc4568ddf059ed926391eef94cb34
CLIENT_HANDSHAKE_TRAFFIC_SECRET 0d0bd1900e0ee3ddb709baae7c9a99d83559763d747f86e6e7b58cad73ef7e0f 26f5b0203ae51f1d95f4fa38081123a27a846165ff3070840f9301bf94a22c80
CLIENT_TRAFFIC_SECRET_0 0d0bd1900e0ee3ddb709baae7c9a99d83559763d747f86e6e7b58cad73ef7e0f 9e9a6bee53b6c01055bf9972e5c07b6869a0fe801c715b24afae6c48f0a72d8b
SERVER_HANDSHAKE_TRAFFIC_SECRET 18bfb6f1430b86348d56a1a6f7b7f82b4c7c1ed828fc812cea85b6ee0170b1b9 04c46a0949fc710aa19ec0dd2717aa806b1bf3c6076cb0ced0d3507ef2069ff8
EXPORTER_SECRET 18bfb6f1430b86348d56a1a6f7b7f82b4c7c1ed828fc812cea85b6ee0170b1b9 aec34bcc85ad0f8169723ca3cea6c04ee38b9582bde4c18fe72f69b2a6b2c5aa
SERVER_TRAFFIC_SECRET_0 18bfb6f1430b86348d56a1a6f7b7f82b4c7c1ed828fc812cea85b6ee0170b1b9 46056798b3e6b7e9c0b74957b77d6cc4a517e18dc8bfa6c717c5dd9e1bdaea9a
CLIENT_HANDSHAKE_TRAFFIC_SECRET 18bfb6f1430b86348d56a1a6f7b7f82b4c7c1ed828fc812cea85b6ee0170b1b9 a5e1b0452f233acba3e5e66f2d6bfe6672306a820b1f573cbac2757417bbbcb2
CLIENT_TRAFFIC_SECRET_0 18bfb6f1430b86348d56a1a6f7b7f82b4c7c1ed828fc812cea85b6ee0170b1b9 494c7b78ba87fd7b0ee5fb4bc4482e45a028fd658e93a150d518f18713540c4f
SERVER_HANDSHAKE_TRAFFIC_SECRET 656c4941e0a9608a78fa1a103ff02bde2e9e2cb092208e319c4b8bd64c50a866 46bc1234cfc9efd9d98f4dd307b85c9940d9efdae1ea9050d236f5f76ea567e6
CLIENT_HANDSHAKE_TRAFFIC_SECRET 656c4941e0a9608a78fa1a103ff02bde2e9e2cb092208e319c4b8bd64c50a866 3143712609b2855a4f91660eb6fd59a9c7ca60999d1629d59dc94d4d1bd31125
SERVER_TRAFFIC_SECRET_0 656c4941e0a9608a78fa1a103ff02bde2e9e2cb092208e319c4b8bd64c50a866 fd2d00aee5729c9c762680d154da970d1b2a299194f2bdf3797e10b53b048591
CLIENT_HANDSHAKE_TRAFFIC_SECRET 656c4941e0a9608a78fa1a103ff02bde2e9e2cb092208e319c4b8bd64c50a866 3143712609b2855a4f91660eb6fd59a9c7ca60999d1629d59dc94d4d1bd31125
SERVER_HANDSHAKE_TRAFFIC_SECRET 656c4941e0a9608a78fa1a103ff02bde2e9e2cb092208e319c4b8bd64c50a866 46bc1234cfc9efd9d98f4dd307b85c9940d9efdae1ea9050d236f5f76ea567e6
CLIENT_TRAFFIC_SECRET_0 656c4941e0a9608a78fa1a103ff02bde2e9e2cb092208e319c4b8bd64c50a866 421ea703f05d6a23b8d4e54877d1233462175ab638beabd60eac6b22de2ae4a2
SERVER_TRAFFIC_SECRET_0 656c4941e0a9608a78fa1a103ff02bde2e9e2cb092208e319c4b8bd64c50a866 fd2d00aee5729c9c762680d154da970d1b2a299194f2bdf3797e10b53b048591
EXPORTER_SECRET 656c4941e0a9608a78fa1a103ff02bde2e9e2cb092208e319c4b8bd64c50a866 a1ab6c641fcf0bc13cb67e8791d9426324e5e156a39e61555c4d1f83c158fb27
CLIENT_TRAFFIC_SECRET_0 656c4941e0a9608a78fa1a103ff02bde2e9e2cb092208e319c4b8bd64c50a866 421ea703f05d6a23b8d4e54877d1233462175ab638beabd60eac6b22de2ae4a2
SERVER_HANDSHAKE_TRAFFIC_SECRET 5f565b98e3d183497924702bf39db94683499c0effb45a785b68b9069c44ce52 d74b9c147edc69620c5f292f0baa16aa9dff97f9a8f4d92ed8a6c94784da90c1
CLIENT_HANDSHAKE_TRAFFIC_SECRET 5f565b98e3d183497924702bf39db94683499c0effb45a785b68b9069c44ce52 6eef35550929dee94ec6987e3264767dfc30e4d2c48c6f4e5cf04a9282214f26
SERVER_TRAFFIC_SECRET_0 5f565b98e3d183497924702bf39db94683499c0effb45a785b68b9069c44ce52 eae2e19fec88ab33cc0a43e16effe962e3a4d8b74e4caa3f6513c5f31c136182
CLIENT_HANDSHAKE_TRAFFIC_SECRET 5f565b98e3d183497924702bf39db94683499c0effb45a785b68b9069c44ce52 6eef35550929dee94ec6987e3264767dfc30e4d2c48c6f4e5cf04a9282214f26
SERVER_HANDSHAKE_TRAFFIC_SECRET 5f565b98e3d183497924702bf39db94683499c0effb45a785b68b9069c44ce52 d74b9c147edc69620c5f292f0baa16aa9dff97f9a8f4d92ed8a6c94784da90c1
CLIENT_TRAFFIC_SECRET_0 5f565b98e3d183497924702bf39db94683499c0effb45a785b68b9069c44ce52 93353a1b200c754f1fbc1ff9c3ec5dd1f3644e4d6d2b102d0c267dd4910f7213
SERVER_TRAFFIC_SECRET_0 5f565b98e3d183497924702bf39db94683499c0effb45a785b68b9069c44ce52 eae2e19fec88ab33cc0a43e16effe962e3a4d8b74e4caa3f6513c5f31c136182
EXPORTER_SECRET 5f565b98e3d183497924702bf39db94683499c0effb45a785b68b9069c44ce52 bacea01c6588acc7edfd36df4eb69b967b3708455c9f451f87aea73f9f9f63e9
CLIENT_TRAFFIC_SECRET_0 5f565b98e3d183497924702bf39db94683499c0effb45a785b68b9069c44ce52 93353a1b200c754f1fbc1ff9c3ec5dd1f3644e4d6d2b102d0c267dd4910f7213
SERVER_HANDSHAKE_TRAFFIC_SECRET 7b639454b92d8390888d3b95a68b420b7df46814d8242908f4ce6a0ebd557aec acddfca5ee905fa9631bc7e997e02cd3a08e9198d72c53cff59546653faedb73
CLIENT_HANDSHAKE_TRAFFIC_SECRET 7b639454b92d8390888d3b95a68b420b7df46814d8242908f4ce6a0ebd557aec f060a0502c45ee116f58d28c0a6e8ca3c510db0dc3c14ff6cbe0db0b0e5f3aba
SERVER_TRAFFIC_SECRET_0 7b639454b92d8390888d3b95a68b420b7df46814d8242908f4ce6a0ebd557aec 41a76ad3ce30bb7d48da5f5fe461399573ade9c9bd69db50b51d3f97d01da4ec
CLIENT_HANDSHAKE_TRAFFIC_SECRET 7b639454b92d8390888d3b95a68b420b7df46814d8242908f4ce6a0ebd557aec f060a0502c45ee116f58d28c0a6e8ca3c510db0dc3c14ff6cbe0db0b0e5f3aba
SERVER_HANDSHAKE_TRAFFIC_SECRET 7b639454b92d8390888d3b95a68b420b7df46814d8242908f4ce6a0ebd557aec acddfca5ee905fa9631bc7e997e02cd3a08e9198d72c53cff59546653faedb73
CLIENT_TRAFFIC_SECRET_0 7b639454b92d8390888d3b95a68b420b7df46814d8242908f4ce6a0ebd557aec 37ff85824cf33ab4858aea6711c9e44a3f227354120c671e6e4fbcfeb6879a9e
SERVER_TRAFFIC_SECRET_0 7b639454b92d8390888d3b95a68b420b7df46814d8242908f4ce6a0ebd557aec 41a76ad3ce30bb7d48da5f5fe461399573ade9c9bd69db50b51d3f97d01da4ec
EXPORTER_SECRET 7b639454b92d8390888d3b95a68b420b7df46814d8242908f4ce6a0ebd557aec ee511eaa7f78e7241f60734f1158bae4e25264126e0f3f2f9f373895dbf08885
CLIENT_TRAFFIC_SECRET_0 7b639454b92d8390888d3b95a68b420b7df46814d8242908f4ce6a0ebd557aec 37ff85824cf33ab4858aea6711c9e44a3f227354120c671e6e4fbcfeb6879a9e
SERVER_HANDSHAKE_TRAFFIC_SECRET 8b267ab70cbd5977a76b6e334363afe8483d9bc2435f3f3300969c2b68163491 15c7c42f1f865bef1e3e5b65f4ff966bfb7f0d05bd321de2f2a6791b10a5fb63
CLIENT_HANDSHAKE_TRAFFIC_SECRET 8b267ab70cbd5977a76b6e334363afe8483d9bc2435f3f3300969c2b68163491 6a7fe1524f909b8b72a828b0a8d913e3fa746d9e2655de4f95bdfda6afeb799e
SERVER_TRAFFIC_SECRET_0 8b267ab70cbd5977a76b6e334363afe8483d9bc2435f3f3300969c2b68163491 5ec0244f74c9bf8cba56a7423e5dc7e6e2560cb690a27065cfa03c84505a898a
CLIENT_HANDSHAKE_TRAFFIC_SECRET 8b267ab70cbd5977a76b6e334363afe8483d9bc2435f3f3300969c2b68163491 6a7fe1524f909b8b72a828b0a8d913e3fa746d9e2655de4f95bdfda6afeb799e
SERVER_HANDSHAKE_TRAFFIC_SECRET 8b267ab70cbd5977a76b6e334363afe8483d9bc2435f3f3300969c2b68163491 15c7c42f1f865bef1e3e5b65f4ff966bfb7f0d05bd321de2f2a6791b10a5fb63
CLIENT_TRAFFIC_SECRET_0 8b267ab70cbd5977a76b6e334363afe8483d9bc2435f3f3300969c2b68163491 34f88aa0ff07935885f6a6640a46aae9df67708fd72e835188718bfeebc43b59
SERVER_TRAFFIC_SECRET_0 8b267ab70cbd5977a76b6e334363afe8483d9bc2435f3f3300969c2b68163491 5ec0244f74c9bf8cba56a7423e5dc7e6e2560cb690a27065cfa03c84505a898a
EXPORTER_SECRET 8b267ab70cbd5977a76b6e334363afe8483d9bc2435f3f3300969c2b68163491 d0f23f85652a38b2cab7db45fac115bea5951640a271e7f4ddcb590d0cdc2350
CLIENT_TRAFFIC_SECRET_0 8b267ab70cbd5977a76b6e334363afe8483d9bc2435f3f3300969c2b68163491 34f88aa0ff07935885f6a6640a46aae9df67708fd72e835188718bfeebc43b59
SERVER_HANDSHAKE_TRAFFIC_SECRET 664234b788204b17bee8526a5ec4adbe289f8d5fd814000d07611c04c886ed8d 660938842d631b6ca000ef1bc7f2a70cb4162d591ec254838c91878de6b4ef83
CLIENT_HANDSHAKE_TRAFFIC_SECRET 664234b788204b17bee8526a5ec4adbe289f8d5fd814000d07611c04c886ed8d dbbd898934d61d52fe05dd48408be3042518217bab09eccdbad63a1853079753
SERVER_TRAFFIC_SECRET_0 664234b788204b17bee8526a5ec4adbe289f8d5fd814000d07611c04c886ed8d 30c6ee05007877518dba6bcb5115be476f95bcd1006791b8c635bad994abfd16
CLIENT_HANDSHAKE_TRAFFIC_SECRET 664234b788204b17bee8526a5ec4adbe289f8d5fd814000d07611c04c886ed8d dbbd898934d61d52fe05dd48408be3042518217bab09eccdbad63a1853079753
SERVER_HANDSHAKE_TRAFFIC_SECRET 664234b788204b17bee8526a5ec4adbe289f8d5fd814000d07611c04c886ed8d 660938842d631b6ca000ef1bc7f2a70cb4162d591ec254838c91878de6b4ef83
CLIENT_TRAFFIC_SECRET_0 664234b788204b17bee8526a5ec4adbe289f8d5fd814000d07611c04c886ed8d 2b3dc0e2f2e3d325527acf430fca7806ed1db9f89b4e4fff40998ae39c48d7db
SERVER_TRAFFIC_SECRET_0 664234b788204b17bee8526a5ec4adbe289f8d5fd814000d07611c04c886ed8d 30c6ee05007877518dba6bcb5115be476f95bcd1006791b8c635bad994abfd16
EXPORTER_SECRET 664234b788204b17bee8526a5ec4adbe289f8d5fd814000d07611c04c886ed8d 35e5903e4b479e624d8f50b8399221ae4b55ed19cc46ad67bc810221b874515c
CLIENT_TRAFFIC_SECRET_0 664234b788204b17bee8526a5ec4adbe289f8d5fd814000d07611c04c886ed8d 2b3dc0e2f2e3d325527acf430fca7806ed1db9f89b4e4fff40998ae39c48d7db
SERVER_HANDSHAKE_TRAFFIC_SECRET 540031f1e30d953399c3c38159dfefe7e2e0f1e67d4ae41d174cccef260488c8 85abe157eeeb93823af09bd7cf93d5ee95c221f1fe3cda3bad888e8774cb720e
CLIENT_HANDSHAKE_TRAFFIC_SECRET 540031f1e30d953399c3c38159dfefe7e2e0f1e67d4ae41d174cccef260488c8 bcdc13e26e20f9246dbde51d3b42dde6d8f0a72bda14e4edfecd618b2a70a2c4
SERVER_TRAFFIC_SECRET_0 540031f1e30d953399c3c38159dfefe7e2e0f1e67d4ae41d174cccef260488c8 4081f06eece6a724edaf0281ce533c60399d67ccd2e92db518455d9deeedae7c
CLIENT_HANDSHAKE_TRAFFIC_SECRET 540031f1e30d953399c3c38159dfefe7e2e0f1e67d4ae41d174cccef260488c8 bcdc13e26e20f9246dbde51d3b42dde6d8f0a72bda14e4edfecd618b2a70a2c4
SERVER_HANDSHAKE_TRAFFIC_SECRET 540031f1e30d953399c3c38159dfefe7e2e0f1e67d4ae41d174cccef260488c8 85abe157eeeb93823af09bd7cf93d5ee95c221f1fe3cda3bad888e8774cb720e
CLIENT_TRAFFIC_SECRET_0 540031f1e30d953399c3c38159dfefe7e2e0f1e67d4ae41d174cccef260488c8 1078df9ac071e47b4924b41590811451724e4da349c04ee2f5dcc2c71a3a99b4
SERVER_TRAFFIC_SECRET_0 540031f1e30d953399c3c38159dfefe7e2e0f1e67d4ae41d174cccef260488c8 4081f06eece6a724edaf0281ce533c60399d67ccd2e92db518455d9deeedae7c
EXPORTER_SECRET 540031f1e30d953399c3c38159dfefe7e2e0f1e67d4ae41d174cccef260488c8 5e0283910a3a9bb362679df702902a9216852360bd17da9b99a3948ceccfaba4
CLIENT_TRAFFIC_SECRET_0 540031f1e30d953399c3c38159dfefe7e2e0f1e67d4ae41d174cccef260488c8 1078df9ac071e47b4924b41590811451724e4da349c04ee2f5dcc2c71a3a99b4
SERVER_HANDSHAKE_TRAFFIC_SECRET 31f4b1a075fc3c27b7003d4e192bc389e159556959503f9fa9a04d6aed82f9f7 8f6d444c7bf0162cacb42510ef13e6590740e10643cecb1abe80ee26cfa775f3
CLIENT_HANDSHAKE_TRAFFIC_SECRET 31f4b1a075fc3c27b7003d4e192bc389e159556959503f9fa9a04d6aed82f9f7 c220f36420d66f3cd07952a59d79892d4b36feece6c1bf4eb374d160890184a6
SERVER_TRAFFIC_SECRET_0 31f4b1a075fc3c27b7003d4e192bc389e159556959503f9fa9a04d6aed82f9f7 01ae116e7140f725051c1201e2e7ef606b20589e1cfaaea23528215c7395ba50
CLIENT_HANDSHAKE_TRAFFIC_SECRET 31f4b1a075fc3c27b7003d4e192bc389e159556959503f9fa9a04d6aed82f9f7 c220f36420d66f3cd07952a59d79892d4b36feece6c1bf4eb374d160890184a6
SERVER_HANDSHAKE_TRAFFIC_SECRET 31f4b1a075fc3c27b7003d4e192bc389e159556959503f9fa9a04d6aed82f9f7 8f6d444c7bf0162cacb42510ef13e6590740e10643cecb1abe80ee26cfa775f3
CLIENT_TRAFFIC_SECRET_0 31f4b1a075fc3c27b7003d4e192bc389e159556959503f9fa9a04d6aed82f9f7 622c2616f47d2f1f550a4d8d302c499535742d3e121200d2489315392790355a
SERVER_TRAFFIC_SECRET_0 31f4b1a075fc3c27b7003d4e192bc389e159556959503f9fa9a04d6aed82f9f7 01ae116e7140f725051c1201e2e7ef606b20589e1cfaaea23528215c7395ba50
EXPORTER_SECRET 31f4b1a075fc3c27b7003d4e192bc389e159556959503f9fa9a04d6aed82f9f7 3c3587c13e0d0ee870ada0e73e976401c53dfeb50e55bf246839df7bb74a0b11
CLIENT_TRAFFIC_SECRET_0 31f4b1a075fc3c27b7003d4e192bc389e159556959503f9fa9a04d6aed82f9f7 622c2616f47d2f1f550a4d8d302c499535742d3e121200d2489315392790355a
SERVER_HANDSHAKE_TRAFFIC_SECRET 3b8f4c7d492ea59a7265fbf63521f52abc0515525f76e0c6feca4a2ce24d7ef1 adcd31371cacf0375b747d5e37318dd6ca309c4abe82321a98ca147b7b10059e
CLIENT_HANDSHAKE_TRAFFIC_SECRET 3b8f4c7d492ea59a7265fbf63521f52abc0515525f76e0c6feca4a2ce24d7ef1 6f38fe29d4dc914b8957827fd0b2d0ba63649dc963f6e7c662288a90d8a1c9b3
SERVER_TRAFFIC_SECRET_0 3b8f4c7d492ea59a7265fbf63521f52abc0515525f76e0c6feca4a2ce24d7ef1 175710ec14dab28dc206c95564d9e3b8e9f55faefb11c8d4cf366cb5dee11a60
CLIENT_HANDSHAKE_TRAFFIC_SECRET 3b8f4c7d492ea59a7265fbf63521f52abc0515525f76e0c6feca4a2ce24d7ef1 6f38fe29d4dc914b8957827fd0b2d0ba63649dc963f6e7c662288a90d8a1c9b3
SERVER_HANDSHAKE_TRAFFIC_SECRET 3b8f4c7d492ea59a7265fbf63521f52abc0515525f76e0c6feca4a2ce24d7ef1 adcd31371cacf0375b747d5e37318dd6ca309c4abe82321a98ca147b7b10059e
CLIENT_TRAFFIC_SECRET_0 3b8f4c7d492ea59a7265fbf63521f52abc0515525f76e0c6feca4a2ce24d7ef1 36a030fe86c3371c659ee7d78b2d0c411568576600c633448df9f0c17974e283
SERVER_TRAFFIC_SECRET_0 3b8f4c7d492ea59a7265fbf63521f52abc0515525f76e0c6feca4a2ce24d7ef1 175710ec14dab28dc206c95564d9e3b8e9f55faefb11c8d4cf366cb5dee11a60
EXPORTER_SECRET 3b8f4c7d492ea59a7265fbf63521f52abc0515525f76e0c6feca4a2ce24d7ef1 b13c59468a7cef3db8216a580ef5eafa450ccffa4c421ad19d2083fb82ca6190
CLIENT_TRAFFIC_SECRET_0 3b8f4c7d492ea59a7265fbf63521f52abc0515525f76e0c6feca4a2ce24d7ef1 36a030fe86c3371c659ee7d78b2d0c411568576600c633448df9f0c17974e283
SERVER_HANDSHAKE_TRAFFIC_SECRET bf0abd246b831a23d59de18553fe7f1486a7d092a5ed6be7bd7e22573b134165 f889a04c060a7d0f2dd1bccbeeba40f8914d97246ca0d7b696d09104a78219bd
CLIENT_HANDSHAKE_TRAFFIC_SECRET bf0abd246b831a23d59de18553fe7f1486a7d092a5ed6be7bd7e22573b134165 a20d595500a08c7fc0c09d758b915cbfa2d31ecfe4079f91ac21418fc020ee1c
SERVER_TRAFFIC_SECRET_0 bf0abd246b831a23d59de18553fe7f1486a7d092a5ed6be7bd7e22573b134165 c97946391568f89ff1333579d413029598f60f93f455ef5befd454823bce106e
CLIENT_HANDSHAKE_TRAFFIC_SECRET bf0abd246b831a23d59de18553fe7f1486a7d092a5ed6be7bd7e22573b134165 a20d595500a08c7fc0c09d758b915cbfa2d31ecfe4079f91ac21418fc020ee1c
SERVER_HANDSHAKE_TRAFFIC_SECRET bf0abd246b831a23d59de18553fe7f1486a7d092a5ed6be7bd7e22573b134165 f889a04c060a7d0f2dd1bccbeeba40f8914d97246ca0d7b696d09104a78219bd
CLIENT_TRAFFIC_SECRET_0 bf0abd246b831a23d59de18553fe7f1486a7d092a5ed6be7bd7e22573b134165 811653c5d2785aefe9d7f56a84c6cca11951c64867319a157b95b0645c0154d1
SERVER_TRAFFIC_SECRET_0 bf0abd246b831a23d59de18553fe7f1486a7d092a5ed6be7bd7e22573b134165 c97946391568f89ff1333579d413029598f60f93f455ef5befd454823bce106e
EXPORTER_SECRET bf0abd246b831a23d59de18553fe7f1486a7d092a5ed6be7bd7e22573b134165 9ce1f76239cde56412575a492a181d1dfe3ae69185e1028edd3f5600b1e0e7f9
CLIENT_TRAFFIC_SECRET_0 bf0abd246b831a23d59de18553fe7f1486a7d092a5ed6be7bd7e22573b134165 811653c5d2785aefe9d7f56a84c6cca11951c64867319a157b95b0645c0154d1
SERVER_HANDSHAKE_TRAFFIC_SECRET 67b002defdd8ae1008fb7462cf5f6f529653a0ebb38d0d43dd6d89ca52843bdb 77e86233b5b91595b21f72b1467f37faa934afd1fb5723203848c4c0e4488b61
CLIENT_HANDSHAKE_TRAFFIC_SECRET 67b002defdd8ae1008fb7462cf5f6f529653a0ebb38d0d43dd6d89ca52843bdb 299e066859d0a4efcbb6408e928415acf1f66893263e219c8c6e88e355bbf82d
SERVER_TRAFFIC_SECRET_0 67b002defdd8ae1008fb7462cf5f6f529653a0ebb38d0d43dd6d89ca52843bdb 1f2bf76d6ffbd9ea3b3d368f0901b89eb2fcb2ef7311df783d11ae5ea029e22f
CLIENT_HANDSHAKE_TRAFFIC_SECRET 67b002defdd8ae1008fb7462cf5f6f529653a0ebb38d0d43dd6d89ca52843bdb 299e066859d0a4efcbb6408e928415acf1f66893263e219c8c6e88e355bbf82d
SERVER_HANDSHAKE_TRAFFIC_SECRET 67b002defdd8ae1008fb7462cf5f6f529653a0ebb38d0d43dd6d89ca52843bdb 77e86233b5b91595b21f72b1467f37faa934afd1fb5723203848c4c0e4488b61
CLIENT_TRAFFIC_SECRET_0 67b002defdd8ae1008fb7462cf5f6f529653a0ebb38d0d43dd6d89ca52843bdb bf32ef948ce9408fd5374077ac422ff6eb9218c3b82a20be7ef82f4325bf6b7c
SERVER_TRAFFIC_SECRET_0 67b002defdd8ae1008fb7462cf5f6f529653a0ebb38d0d43dd6d89ca52843bdb 1f2bf76d6ffbd9ea3b3d368f0901b89eb2fcb2ef7311df783d11ae5ea029e22f
EXPORTER_SECRET 67b002defdd8ae1008fb7462cf5f6f529653a0ebb38d0d43dd6d89ca52843bdb 4f0cc3656e1e4a33649dabd9c3bffce975eec0111b13c0b0d14ee479a60c0b94
CLIENT_TRAFFIC_SECRET_0 67b002defdd8ae1008fb7462cf5f6f529653a0ebb38d0d43dd6d89ca52843bdb bf32ef948ce9408fd5374077ac422ff6eb9218c3b82a20be7ef82f4325bf6b7c
SERVER_HANDSHAKE_TRAFFIC_SECRET 43a6c3ac16460211df0f3d59e0ae30d89b8388ea6c777614190ff1a533ad18cf 9591d3341a3561a377dc71cd04b1a0cff4cfc9abf566ab04f27205d724841bec
CLIENT_HANDSHAKE_TRAFFIC_SECRET 43a6c3ac16460211df0f3d59e0ae30d89b8388ea6c777614190ff1a533ad18cf 80a399b8f4743b35c7fd50840e68cf90b86fb027241552b4c2475dea56c7b4f6
SERVER_TRAFFIC_SECRET_0 43a6c3ac16460211df0f3d59e0ae30d89b8388ea6c777614190ff1a533ad18cf 92f52c7366a5fb6ceae600c0cdc5f2bd71713c5c26593d75444c3fde96223ef3
CLIENT_HANDSHAKE_TRAFFIC_SECRET 43a6c3ac16460211df0f3d59e0ae30d89b8388ea6c777614190ff1a533ad18cf 80a399b8f4743b35c7fd50840e68cf90b86fb027241552b4c2475dea56c7b4f6
SERVER_HANDSHAKE_TRAFFIC_SECRET 43a6c3ac16460211df0f3d59e0ae30d89b8388ea6c777614190ff1a533ad18cf 9591d3341a3561a377dc71cd04b1a0cff4cfc9abf566ab04f27205d724841bec
CLIENT_TRAFFIC_SECRET_0 43a6c3ac16460211df0f3d59e0ae30d89b8388ea6c777614190ff1a533ad18cf 9662c16fb3c550bc0f3c42e01c95e88875445d5e978f7c275ce7bf367b4671a8
SERVER_TRAFFIC_SECRET_0 43a6c3ac16460211df0f3d59e0ae30d89b8388ea6c777614190ff1a533ad18cf 92f52c7366a5fb6ceae600c0cdc5f2bd71713c5c26593d75444c3fde96223ef3
EXPORTER_SECRET 43a6c3ac16460211df0f3d59e0ae30d89b8388ea6c777614190ff1a533ad18cf 354f85573948298f5883b0b3146d7caff0b835abf5daaf0510dd688cd92ba2ee
CLIENT_TRAFFIC_SECRET_0 43a6c3ac16460211df0f3d59e0ae30d89b8388ea6c777614190ff1a533ad18cf 9662c16fb3c550bc0f3c42e01c95e88875445d5e978f7c275ce7bf367b4671a8
SERVER_HANDSHAKE_TRAFFIC_SECRET 020344dd39e86d25bbafab6dcbdf2e76f3e0b511c316802d53af8eba2b4853c8 c5f6c534924bb0671b26786c43cd732a333f8aaa6bf7e5cab8b9d9c007ca4d29
CLIENT_HANDSHAKE_TRAFFIC_SECRET 020344dd39e86d25bbafab6dcbdf2e76f3e0b511c316802d53af8eba2b4853c8 2112ad948d7182b448d27b3bfc6f777d94a263e7a84fe583f663672dda2ba239
SERVER_TRAFFIC_SECRET_0 020344dd39e86d25bbafab6dcbdf2e76f3e0b511c316802d53af8eba2b4853c8 a548053eed8bd0802b08c9659a8b08fee018be9cec7dc2374ef0c56184fdd3e8
CLIENT_HANDSHAKE_TRAFFIC_SECRET 020344dd39e86d25bbafab6dcbdf2e76f3e0b511c316802d53af8eba2b4853c8 2112ad948d7182b448d27b3bfc6f777d94a263e7a84fe583f663672dda2ba239
SERVER_HANDSHAKE_TRAFFIC_SECRET 020344dd39e86d25bbafab6dcbdf2e76f3e0b511c316802d53af8eba2b4853c8 c5f6c534924bb0671b26786c43cd732a333f8aaa6bf7e5cab8b9d9c007ca4d29
CLIENT_TRAFFIC_SECRET_0 020344dd39e86d25bbafab6dcbdf2e76f3e0b511c316802d53af8eba2b4853c8 bc4fab91827d3479f7996b8416bee869fb165b9c8b5bf85aacda88d2ff98a4aa
SERVER_TRAFFIC_SECRET_0 020344dd39e86d25bbafab6dcbdf2e76f3e0b511c316802d53af8eba2b4853c8 a548053eed8bd0802b08c9659a8b08fee018be9cec7dc2374ef0c56184fdd3e8
EXPORTER_SECRET 020344dd39e86d25bbafab6dcbdf2e76f3e0b511c316802d53af8eba2b4853c8 faaf2c3afb11c44ec3ff9d88913e11afa42e9baa422495cd6cedb6da821cf186
CLIENT_TRAFFIC_SECRET_0 020344dd39e86d25bbafab6dcbdf2e76f3e0b511c316802d53af8eba2b4853c8 bc4fab91827d3479f7996b8416bee869fb165b9c8b5bf85aacda88d2ff98a4aa
SERVER_HANDSHAKE_TRAFFIC_SECRET 9381787b43b03e4235809411db212d5488f8b51fd2251270a572a146220a13c0 da783299fdd8e398614108ea07d2ab3933766a0f39649e46485f33496524e20c
CLIENT_HANDSHAKE_TRAFFIC_SECRET 9381787b43b03e4235809411db212d5488f8b51fd2251270a572a146220a13c0 4cd748ee577307800e6ddf1b1df27bf39a8cec761f97e208697b2653d004f458
SERVER_TRAFFIC_SECRET_0 9381787b43b03e4235809411db212d5488f8b51fd2251270a572a146220a13c0 7003b4a6e550b5185e5bbaf1f6585cfb3d3373d4aa4678456fc3a1add034c4b7
CLIENT_HANDSHAKE_TRAFFIC_SECRET 9381787b43b03e4235809411db212d5488f8b51fd2251270a572a146220a13c0 4cd748ee577307800e6ddf1b1df27bf39a8cec761f97e208697b2653d004f458
SERVER_HANDSHAKE_TRAFFIC_SECRET 9381787b43b03e4235809411db212d5488f8b51fd2251270a572a146220a13c0 da783299fdd8e398614108ea07d2ab3933766a0f39649e46485f33496524e20c
CLIENT_TRAFFIC_SECRET_0 9381787b43b03e4235809411db212d5488f8b51fd2251270a572a146220a13c0 24f41d85b1bda67f293c9e8c75e9310204a2812dfec9a014eb3e8904b53c7ac6
SERVER_TRAFFIC_SECRET_0 9381787b43b03e4235809411db212d5488f8b51fd2251270a572a146220a13c0 7003b4a6e550b5185e5bbaf1f6585cfb3d3373d4aa4678456fc3a1add034c4b7
EXPORTER_SECRET 9381787b43b03e4235809411db212d5488f8b51fd2251270a572a146220a13c0 62612e79b8ed8465258bc438bfd9539d09aa08644f18e4270e34c019e38c56d4
CLIENT_TRAFFIC_SECRET_0 9381787b43b03e4235809411db212d5488f8b51fd2251270a572a146220a13c0 24f41d85b1bda67f293c9e8c75e9310204a2812dfec9a014eb3e8904b53c7ac6
SERVER_HANDSHAKE_TRAFFIC_SECRET 8c7a17953dbc1f3acfb2a89eafc7609abf9b6197c91b52252241b0e6108caa79 3f59dc0c6c14343408b87bc8c563b0f3b05ed487635d4b24d66a0de73ccb74c0
CLIENT_HANDSHAKE_TRAFFIC_SECRET 8c7a17953dbc1f3acfb2a89eafc7609abf9b6197c91b52252241b0e6108caa79 1c37726fba469346d35176cd7fc4784ec9bcac85b2a25d77b495696904cd16ab
SERVER_TRAFFIC_SECRET_0 8c7a17953dbc1f3acfb2a89eafc7609abf9b6197c91b52252241b0e6108caa79 884253416a5ebd390a95944dffeaf66828e06af0fc4cac61628511c074daedfe
CLIENT_HANDSHAKE_TRAFFIC_SECRET 8c7a17953dbc1f3acfb2a89eafc7609abf9b6197c91b52252241b0e6108caa79 1c37726fba469346d35176cd7fc4784ec9bcac85b2a25d77b495696904cd16ab
SERVER_HANDSHAKE_TRAFFIC_SECRET 8c7a17953dbc1f3acfb2a89eafc7609abf9b6197c91b52252241b0e6108caa79 3f59dc0c6c14343408b87bc8c563b0f3b05ed487635d4b24d66a0de73ccb74c0
CLIENT_TRAFFIC_SECRET_0 8c7a17953dbc1f3acfb2a89eafc7609abf9b6197c91b52252241b0e6108caa79 a7b0ceea6527c819419d48c9a51c2c98101b53e324270d09765e7a460a107efc
SERVER_TRAFFIC_SECRET_0 8c7a17953dbc1f3acfb2a89eafc7609abf9b6197c91b52252241b0e6108caa79 884253416a5ebd390a95944dffeaf66828e06af0fc4cac61628511c074daedfe
EXPORTER_SECRET 8c7a17953dbc1f3acfb2a89eafc7609abf9b6197c91b52252241b0e6108caa79 80f129212d008b3df1cec9a77bf995e10a5b2173b7de120516a59f19fcbd86d4
CLIENT_TRAFFIC_SECRET_0 8c7a17953dbc1f3acfb2a89eafc7609abf9b6197c91b52252241b0e6108caa79 a7b0ceea6527c819419d48c9a51c2c98101b53e324270d09765e7a460a107efc
SERVER_HANDSHAKE_TRAFFIC_SECRET 268ed0da1e34cbe78da18930cd564aa9eff232969bf10fefe14e606da42d9dfd 3bf105915b2d4a870e0ed9ad703d61d2944d9327b0693a04c1fcceb2f7c3047a
CLIENT_HANDSHAKE_TRAFFIC_SECRET 268ed0da1e34cbe78da18930cd564aa9eff232969bf10fefe14e606da42d9dfd ffe72a0d424967e3632596441cce6fb24f6591ecbaa8393246a6d9a960576e0b
SERVER_TRAFFIC_SECRET_0 268ed0da1e34cbe78da18930cd564aa9eff232969bf10fefe14e606da42d9dfd 8609c9565631e9605c96f09e19a6614c555d8c77748263095d44893e2100e61a
CLIENT_HANDSHAKE_TRAFFIC_SECRET 268ed0da1e34cbe78da18930cd564aa9eff232969bf10fefe14e606da42d9dfd ffe72a0d424967e3632596441cce6fb24f6591ecbaa8393246a6d9a960576e0b
SERVER_HANDSHAKE_TRAFFIC_SECRET 268ed0da1e34cbe78da18930cd564aa9eff232969bf10fefe14e606da42d9dfd 3bf105915b2d4a870e0ed9ad703d61d2944d9327b0693a04c1fcceb2f7c3047a
CLIENT_TRAFFIC_SECRET_0 268ed0da1e34cbe78da18930cd564aa9eff232969bf10fefe14e606da42d9dfd 7b4079c35134235f6cb53b9e758dba6be93def152ae608af451c8fd6b331383b
SERVER_TRAFFIC_SECRET_0 268ed0da1e34cbe78da18930cd564aa9eff232969bf10fefe14e606da42d9dfd 8609c9565631e9605c96f09e19a6614c555d8c77748263095d44893e2100e61a
EXPORTER_SECRET 268ed0da1e34cbe78da18930cd564aa9eff232969bf10fefe14e606da42d9dfd 2700a9d6a479bb930a836a071b35bc185e2b0d0ff144a6084625b5bb248bf322
CLIENT_TRAFFIC_SECRET_0 268ed0da1e34cbe78da18930cd564aa9eff232969bf10fefe14e606da42d9dfd 7b4079c35134235f6cb53b9e758dba6be93def152ae608af451c8fd6b331383b
SERVER_HANDSHAKE_TRAFFIC_SECRET c39e83915175a90553b567db25fd27136b633689ed04ba6f8e0219e13261c199 20a6354453ae46f05f9c3c2268166c555e9a5f143b7b1a477d2d7866a238dcca
CLIENT_HANDSHAKE_TRAFFIC_SECRET c39e83915175a90553b567db25fd27136b633689ed04ba6f8e0219e13261c199 05435d7b80426ef16ba781599db32fcdbc28413ade5b66ce61c83e89aa5755db
SERVER_TRAFFIC_SECRET_0 c39e83915175a90553b567db25fd27136b633689ed04ba6f8e0219e13261c199 687c68a2b2f09a83c8e6ca1990bb9918a19dcdae985ea49918f51490dfd8b2c8
CLIENT_HANDSHAKE_TRAFFIC_SECRET c39e83915175a90553b567db25fd27136b633689ed04ba6f8e0219e13261c199 05435d7b80426ef16ba781599db32fcdbc28413ade5b66ce61c83e89aa5755db
SERVER_HANDSHAKE_TRAFFIC_SECRET c39e83915175a90553b567db25fd27136b633689ed04ba6f8e0219e13261c199 20a6354453ae46f05f9c3c2268166c555e9a5f143b7b1a477d2d7866a238dcca
CLIENT_TRAFFIC_SECRET_0 c39e83915175a90553b567db25fd27136b633689ed04ba6f8e0219e13261c199 42232b0079da1608e7009efd7ea2c9df19e673c1d9fe059d125b7a8ece68af3b
SERVER_TRAFFIC_SECRET_0 c39e83915175a90553b567db25fd27136b633689ed04ba6f8e0219e13261c199 687c68a2b2f09a83c8e6ca1990bb9918a19dcdae985ea49918f51490dfd8b2c8
EXPORTER_SECRET c39e83915175a90553b567db25fd27136b633689ed04ba6f8e0219e13261c199 0c9cc9228a945d6483b628723e4d80cc79ef37a1233dc431a60826e200446264
CLIENT_TRAFFIC_SECRET_0 c39e83915175a90553b567db25fd27136b633689ed04ba6f8e0219e13261c199 42232b0079da1608e7009efd7ea2c9df19e673c1d9fe059d125b7a8ece68af3b
SERVER_HANDSHAKE_TRAFFIC_SECRET 921b3f2304844b94744e3c92b84aad7b8a57fb14a15bde57c7deca96b43bc870 08133f74c6d0b7292f640d68819e00228fceac43678b20985b7d05c0d52d2a4b
CLIENT_HANDSHAKE_TRAFFIC_SECRET 921b3f2304844b94744e3c92b84aad7b8a57fb14a15bde57c7deca96b43bc870 669d0dab2823e2d091c7d9feb4c2fb10838fbb696dfe408d08d33c24c8b556f4
SERVER_TRAFFIC_SECRET_0 921b3f2304844b94744e3c92b84aad7b8a57fb14a15bde57c7deca96b43bc870 2141edffd2cbfcb9eb47e0addbce9f4a0a970dcae638275b2d7cb8fbef6efa12
CLIENT_HANDSHAKE_TRAFFIC_SECRET 921b3f2304844b94744e3c92b84aad7b8a57fb14a15bde57c7deca96b43bc870 669d0dab2823e2d091c7d9feb4c2fb10838fbb696dfe408d08d33c24c8b556f4
SERVER_HANDSHAKE_TRAFFIC_SECRET 921b3f2304844b94744e3c92b84aad7b8a57fb14a15bde57c7deca96b43bc870 08133f74c6d0b7292f640d68819e00228fceac43678b20985b7d05c0d52d2a4b
CLIENT_TRAFFIC_SECRET_0 921b3f2304844b94744e3c92b84aad7b8a57fb14a15bde57c7deca96b43bc870 c8869b27951bd5a474028c969f78206c11ec7805f13620e3ac3ceb1fd01d1174
SERVER_TRAFFIC_SECRET_0 921b3f2304844b94744e3c92b84aad7b8a57fb14a15bde57c7deca96b43bc870 2141edffd2cbfcb9eb47e0addbce9f4a0a970dcae638275b2d7cb8fbef6efa12
EXPORTER_SECRET 921b3f2304844b94744e3c92b84aad7b8a57fb14a15bde57c7deca96b43bc870 5ebb3d8b405b24f784ad35e846c88abf8aaec01ba36c378981ff4a3f9527762c
CLIENT_TRAFFIC_SECRET_0 921b3f2304844b94744e3c92b84aad7b8a57fb14a15bde57c7deca96b43bc870 c8869b27951bd5a474028c969f78206c11ec7805f13620e3ac3ceb1fd01d1174
SERVER_HANDSHAKE_TRAFFIC_SECRET 2e16850551a4ebe27e342ccb8180ccf5f06ae117d931e9c40245307507cd527f bef33157951fd337213ce28ac1f0abc23eaff2a73efe71d46cec541044ff9014
CLIENT_HANDSHAKE_TRAFFIC_SECRET 2e16850551a4ebe27e342ccb8180ccf5f06ae117d931e9c40245307507cd527f dd2d4cd8731a4907d247dcf37eaa39f4db91f3f0cc7cce61c5b88202f02d7936
SERVER_TRAFFIC_SECRET_0 2e16850551a4ebe27e342ccb8180ccf5f06ae117d931e9c40245307507cd527f 93d21f570287f24e7614f8f61cf9b61be608554f3b177e874107218c34f5bdd9
CLIENT_HANDSHAKE_TRAFFIC_SECRET 2e16850551a4ebe27e342ccb8180ccf5f06ae117d931e9c40245307507cd527f dd2d4cd8731a4907d247dcf37eaa39f4db91f3f0cc7cce61c5b88202f02d7936
SERVER_HANDSHAKE_TRAFFIC_SECRET 2e16850551a4ebe27e342ccb8180ccf5f06ae117d931e9c40245307507cd527f bef33157951fd337213ce28ac1f0abc23eaff2a73efe71d46cec541044ff9014
CLIENT_TRAFFIC_SECRET_0 2e16850551a4ebe27e342ccb8180ccf5f06ae117d931e9c40245307507cd527f 550b5b84dc8a11c625abf6fae2703e038e3b8b6dd578677e6395ee9e1ccc0a1e
SERVER_TRAFFIC_SECRET_0 2e16850551a4ebe27e342ccb8180ccf5f06ae117d931e9c40245307507cd527f 93d21f570287f24e7614f8f61cf9b61be608554f3b177e874107218c34f5bdd9
EXPORTER_SECRET 2e16850551a4ebe27e342ccb8180ccf5f06ae117d931e9c40245307507cd527f 6fc2a3bf74246a0941f96d977f30f94546e6866e8667ffd8b5410bcee9a82aaf
CLIENT_TRAFFIC_SECRET_0 2e16850551a4ebe27e342ccb8180ccf5f06ae117d931e9c40245307507cd527f 550b5b84dc8a11c625abf6fae2703e038e3b8b6dd578677e6395ee9e1ccc0a1e
SERVER_HANDSHAKE_TRAFFIC_SECRET b69415f45628def4b53b67e0495693dc4934ed3fdf5b18ce3a8c6eda6f7c91b2 f2929f1d73bef053613ac7f141f72e199f3c789f704daa07c2445246291036a8
CLIENT_HANDSHAKE_TRAFFIC_SECRET b69415f45628def4b53b67e0495693dc4934ed3fdf5b18ce3a8c6eda6f7c91b2 02d1b1ca19b60da943eff0bfc3fd20e8a548a471c07ea9e4d60aa5b4964a015c
SERVER_TRAFFIC_SECRET_0 b69415f45628def4b53b67e0495693dc4934ed3fdf5b18ce3a8c6eda6f7c91b2 5605ad9fe66252e91a82a3491a5bc9a334b46150e6820573d917f966532ed0cd
CLIENT_HANDSHAKE_TRAFFIC_SECRET b69415f45628def4b53b67e0495693dc4934ed3fdf5b18ce3a8c6eda6f7c91b2 02d1b1ca19b60da943eff0bfc3fd20e8a548a471c07ea9e4d60aa5b4964a015c
SERVER_HANDSHAKE_TRAFFIC_SECRET b69415f45628def4b53b67e0495693dc4934ed3fdf5b18ce3a8c6eda6f7c91b2 f2929f1d73bef053613ac7f141f72e199f3c789f704daa07c2445246291036a8
CLIENT_TRAFFIC_SECRET_0 b69415f45628def4b53b67e0495693dc4934ed3fdf5b18ce3a8c6eda6f7c91b2 025baab7c94d1d140670547b08420c61412ef2987285ac1eaf727556da9c731e
SERVER_TRAFFIC_SECRET_0 b69415f45628def4b53b67e0495693dc4934ed3fdf5b18ce3a8c6eda6f7c91b2 5605ad9fe66252e91a82a3491a5bc9a334b46150e6820573d917f966532ed0cd
EXPORTER_SECRET b69415f45628def4b53b67e0495693dc4934ed3fdf5b18ce3a8c6eda6f7c91b2 dbd65ba0c3f3b8b045a356c42b3c33dca3c271285909a64c524ffc80c07f1282
CLIENT_TRAFFIC_SECRET_0 b69415f45628def4b53b67e0495693dc4934ed3fdf5b18ce3a8c6eda6f7c91b2 025baab7c94d1d140670547b08420c61412ef2987285ac1eaf727556da9c731e
SERVER_HANDSHAKE_TRAFFIC_SECRET f2803abe100cac49d3c66e86b20f6ac2dbf901893c82d0ae1bfaaed736d382f5 056d2c5bec3e8f039e92cfb82ac285b5339eaf8ec8b2742951f8a503830114ab
CLIENT_HANDSHAKE_TRAFFIC_SECRET f2803abe100cac49d3c66e86b20f6ac2dbf901893c82d0ae1bfaaed736d382f5 ab623c5db94b1d630a7661faee36ca7525d52378cfcd4590f9c1ae832b930dc6
SERVER_TRAFFIC_SECRET_0 f2803abe100cac49d3c66e86b20f6ac2dbf901893c82d0ae1bfaaed736d382f5 b3c898a3e4c0cc8d10010ae6eb2ad4f4dd82f28bebef8fc191fad106d0f2c22d
CLIENT_HANDSHAKE_TRAFFIC_SECRET f2803abe100cac49d3c66e86b20f6ac2dbf901893c82d0ae1bfaaed736d382f5 ab623c5db94b1d630a7661faee36ca7525d52378cfcd4590f9c1ae832b930dc6
SERVER_HANDSHAKE_TRAFFIC_SECRET f2803abe100cac49d3c66e86b20f6ac2dbf901893c82d0ae1bfaaed736d382f5 056d2c5bec3e8f039e92cfb82ac285b5339eaf8ec8b2742951f8a503830114ab
CLIENT_TRAFFIC_SECRET_0 f2803abe100cac49d3c66e86b20f6ac2dbf901893c82d0ae1bfaaed736d382f5 1ac0008e58034a66d83a2d588be42391fc738a896ad945b16ca4941adde0e379
SERVER_TRAFFIC_SECRET_0 f2803abe100cac49d3c66e86b20f6ac2dbf901893c82d0ae1bfaaed736d382f5 b3c898a3e4c0cc8d10010ae6eb2ad4f4dd82f28bebef8fc191fad106d0f2c22d
EXPORTER_SECRET f2803abe100cac49d3c66e86b20f6ac2dbf901893c82d0ae1bfaaed736d382f5 fb62ebdcde3efe1bc7f33983add5790a2cc55fb1e172b442cb40033f2fb2df18
CLIENT_TRAFFIC_SECRET_0 f2803abe100cac49d3c66e86b20f6ac2dbf901893c82d0ae1bfaaed736d382f5 1ac0008e58034a66d83a2d588be42391fc738a896ad945b16ca4941adde0e379
SERVER_HANDSHAKE_TRAFFIC_SECRET bb746d1e494f1f1425a325f0d3dd049e6f8ed2241699d4f0e3cd1433d8b640c3 07de06c3ecbf2d55393f8920ff8a148ec7f15f4c5cad1913aa347ce96fb77baa
CLIENT_HANDSHAKE_TRAFFIC_SECRET bb746d1e494f1f1425a325f0d3dd049e6f8ed2241699d4f0e3cd1433d8b640c3 6a47d6ff6df99b39e5ed564b905ea3a02a4d859abb56deb11d7660be932b2977
SERVER_TRAFFIC_SECRET_0 bb746d1e494f1f1425a325f0d3dd049e6f8ed2241699d4f0e3cd1433d8b640c3 0c0a290a78fbb9fe1d2a6c9b63e488092c25fd118e8a307436dbe137f06154b3
CLIENT_HANDSHAKE_TRAFFIC_SECRET bb746d1e494f1f1425a325f0d3dd049e6f8ed2241699d4f0e3cd1433d8b640c3 6a47d6ff6df99b39e5ed564b905ea3a02a4d859abb56deb11d7660be932b2977
SERVER_HANDSHAKE_TRAFFIC_SECRET bb746d1e494f1f1425a325f0d3dd049e6f8ed2241699d4f0e3cd1433d8b640c3 07de06c3ecbf2d55393f8920ff8a148ec7f15f4c5cad1913aa347ce96fb77baa
CLIENT_TRAFFIC_SECRET_0 bb746d1e494f1f1425a325f0d3dd049e6f8ed2241699d4f0e3cd1433d8b640c3 f3d1d541e23acf99fd8bf02ea67fe04b132b404acbea67bd0ff362274b0aad5e
SERVER_TRAFFIC_SECRET_0 bb746d1e494f1f1425a325f0d3dd049e6f8ed2241699d4f0e3cd1433d8b640c3 0c0a290a78fbb9fe1d2a6c9b63e488092c25fd118e8a307436dbe137f06154b3
EXPORTER_SECRET bb746d1e494f1f1425a325f0d3dd049e6f8ed2241699d4f0e3cd1433d8b640c3 08521022b127dbdd41d836aef5809507a441e1eb7062feafa080f634c8fd6411
CLIENT_TRAFFIC_SECRET_0 bb746d1e494f1f1425a325f0d3dd049e6f8ed2241699d4f0e3cd1433d8b640c3 f3d1d541e23acf99fd8bf02ea67fe04b132b404acbea67bd0ff362274b0aad5e
SERVER_HANDSHAKE_TRAFFIC_SECRET 8137087c0aeddecb44a18e73f099cfc297e11361304ec37a8f5a95b0b28393b2 cd4a8ef2423d330bbe258766b93f99d3ce0b56721bbe737a4c73883de1714925
CLIENT_HANDSHAKE_TRAFFIC_SECRET 8137087c0aeddecb44a18e73f099cfc297e11361304ec37a8f5a95b0b28393b2 8160ea00962d72a81e313b0e74d3f3486ded592942dbbcb8d4127220a3020e13
SERVER_TRAFFIC_SECRET_0 8137087c0aeddecb44a18e73f099cfc297e11361304ec37a8f5a95b0b28393b2 6772402893ab8da45465010dda8d21706fa3d80cdd51c5024403df29dfd849e5
CLIENT_HANDSHAKE_TRAFFIC_SECRET 8137087c0aeddecb44a18e73f099cfc297e11361304ec37a8f5a95b0b28393b2 8160ea00962d72a81e313b0e74d3f3486ded592942dbbcb8d4127220a3020e13
SERVER_HANDSHAKE_TRAFFIC_SECRET 8137087c0aeddecb44a18e73f099cfc297e11361304ec37a8f5a95b0b28393b2 cd4a8ef2423d330bbe258766b93f99d3ce0b56721bbe737a4c73883de1714925
CLIENT_TRAFFIC_SECRET_0 8137087c0aeddecb44a18e73f099cfc297e11361304ec37a8f5a95b0b28393b2 a047fc7489b726e40629436412204c302061d253cf6b607032fa9510ba45e618
SERVER_TRAFFIC_SECRET_0 8137087c0aeddecb44a18e73f099cfc297e11361304ec37a8f5a95b0b28393b2 6772402893ab8da45465010dda8d21706fa3d80cdd51c5024403df29dfd849e5
EXPORTER_SECRET 8137087c0aeddecb44a18e73f099cfc297e11361304ec37a8f5a95b0b28393b2 ef89422eecf9fda02bf39101eb304979d77a4d7c96a1499e33ca5b9def01bcd5
CLIENT_TRAFFIC_SECRET_0 8137087c0aeddecb44a18e73f099cfc297e11361304ec37a8f5a95b0b28393b2 a047fc7489b726e40629436412204c302061d253cf6b607032fa9510ba45e618
SERVER_HANDSHAKE_TRAFFIC_SECRET e4080e7b2363c526d4c06977aa5f376bdd57a340a02fa591c6746b7a06fc6ef6 f9582b3706e561d2e71c8500fcb476311b8a2ae1ed91bc1a040ab7dfe00762a9
CLIENT_HANDSHAKE_TRAFFIC_SECRET e4080e7b2363c526d4c06977aa5f376bdd57a340a02fa591c6746b7a06fc6ef6 1f9862b3e60d2d96620ce470869f8372883363cebfb926b0da743e1210bb3e89
SERVER_TRAFFIC_SECRET_0 e4080e7b2363c526d4c06977aa5f376bdd57a340a02fa591c6746b7a06fc6ef6 f3aa7bfead7dd1078c3cbdca36830d2f359296c4c7f931c218c56877b5e7abec
CLIENT_HANDSHAKE_TRAFFIC_SECRET e4080e7b2363c526d4c06977aa5f376bdd57a340a02fa591c6746b7a06fc6ef6 1f9862b3e60d2d96620ce470869f8372883363cebfb926b0da743e1210bb3e89
SERVER_HANDSHAKE_TRAFFIC_SECRET e4080e7b2363c526d4c06977aa5f376bdd57a340a02fa591c6746b7a06fc6ef6 f9582b3706e561d2e71c8500fcb476311b8a2ae1ed91bc1a040ab7dfe00762a9
CLIENT_TRAFFIC_SECRET_0 e4080e7b2363c526d4c06977aa5f376bdd57a340a02fa591c6746b7a06fc6ef6 84cf97895d7681afcbc609cec837866a0d4a80a29508991b5488c694acb7ef54
SERVER_TRAFFIC_SECRET_0 e4080e7b2363c526d4c06977aa5f376bdd57a340a02fa591c6746b7a06fc6ef6 f3aa7bfead7dd1078c3cbdca36830d2f359296c4c7f931c218c56877b5e7abec
EXPORTER_SECRET e4080e7b2363c526d4c06977aa5f376bdd57a340a02fa591c6746b7a06fc6ef6 63a4b35954f1b2b723112e4f6173638344054067b35360281e388f1c8cb132af
CLIENT_TRAFFIC_SECRET_0 e4080e7b2363c526d4c06977aa5f376bdd57a340a02fa591c6746b7a06fc6ef6 84cf97895d7681afcbc609cec837866a0d4a80a29508991b5488c694acb7ef54
SERVER_HANDSHAKE_TRAFFIC_SECRET 709221a61ba9095eb54e34e0fd003f1a271aec6d38d228ddedd22df5ece0056c e1e20add253d694876f952503685c38893978f2f58bcaf9faec40235c1ae83ab
CLIENT_HANDSHAKE_TRAFFIC_SECRET 709221a61ba9095eb54e34e0fd003f1a271aec6d38d228ddedd22df5ece0056c 43cd86c886f7acc1a8b16994eac6336a97875869ae68c0e46bb09e4c20b64255
SERVER_TRAFFIC_SECRET_0 709221a61ba9095eb54e34e0fd003f1a271aec6d38d228ddedd22df5ece0056c 4edb9b0eaf268b72037d7f19abca0169a659c2a405b8eb15cf1c2b72bc64b6e3
CLIENT_HANDSHAKE_TRAFFIC_SECRET 709221a61ba9095eb54e34e0fd003f1a271aec6d38d228ddedd22df5ece0056c 43cd86c886f7acc1a8b16994eac6336a97875869ae68c0e46bb09e4c20b64255
SERVER_HANDSHAKE_TRAFFIC_SECRET 709221a61ba9095eb54e34e0fd003f1a271aec6d38d228ddedd22df5ece0056c e1e20add253d694876f952503685c38893978f2f58bcaf9faec40235c1ae83ab
CLIENT_TRAFFIC_SECRET_0 709221a61ba9095eb54e34e0fd003f1a271aec6d38d228ddedd22df5ece0056c d7b80d58c840f4cbdd8b6afb7bca3e0ef970add6adba48c8176bc17024c9f318
SERVER_TRAFFIC_SECRET_0 709221a61ba9095eb54e34e0fd003f1a271aec6d38d228ddedd22df5ece0056c 4edb9b0eaf268b72037d7f19abca0169a659c2a405b8eb15cf1c2b72bc64b6e3
EXPORTER_SECRET 709221a61ba9095eb54e34e0fd003f1a271aec6d38d228ddedd22df5ece0056c 225d573c6c1e84b968ad6dafca4bdeeb69388ac5c352abbd32686f539f81ebe1
CLIENT_TRAFFIC_SECRET_0 709221a61ba9095eb54e34e0fd003f1a271aec6d38d228ddedd22df5ece0056c d7b80d58c840f4cbdd8b6afb7bca3e0ef970add6adba48c8176bc17024c9f318
SERVER_HANDSHAKE_TRAFFIC_SECRET 7db7ac2dd7b3fa4faf038d46b39a12d65e526958b2538202050fd7bfa2ab2752 087cff559b8a79c8c7979f583d1e6edf5336f171e88d5b68ef9c81f8b0cd90a6
CLIENT_HANDSHAKE_TRAFFIC_SECRET 7db7ac2dd7b3fa4faf038d46b39a12d65e526958b2538202050fd7bfa2ab2752 f2156da8154ab036c492a7fd1540892364b8981e04000cf4f77dc5a0622e26f9
SERVER_TRAFFIC_SECRET_0 7db7ac2dd7b3fa4faf038d46b39a12d65e526958b2538202050fd7bfa2ab2752 06b1ed0329cd25822e606a4488d3dee55bfb97bca8b95a09d0a0319c2153e691
CLIENT_HANDSHAKE_TRAFFIC_SECRET 7db7ac2dd7b3fa4faf038d46b39a12d65e526958b2538202050fd7bfa2ab2752 f2156da8154ab036c492a7fd1540892364b8981e04000cf4f77dc5a0622e26f9
SERVER_HANDSHAKE_TRAFFIC_SECRET 7db7ac2dd7b3fa4faf038d46b39a12d65e526958b2538202050fd7bfa2ab2752 087cff559b8a79c8c7979f583d1e6edf5336f171e88d5b68ef9c81f8b0cd90a6
CLIENT_TRAFFIC_SECRET_0 7db7ac2dd7b3fa4faf038d46b39a12d65e526958b2538202050fd7bfa2ab2752 404c8297e91f9c0dfa5058965ca1f92bea0a625a2f94f76f2d1d1c41f42edff0
SERVER_TRAFFIC_SECRET_0 7db7ac2dd7b3fa4faf038d46b39a12d65e526958b2538202050fd7bfa2ab2752 06b1ed0329cd25822e606a4488d3dee55bfb97bca8b95a09d0a0319c2153e691
EXPORTER_SECRET 7db7ac2dd7b3fa4faf038d46b39a12d65e526958b2538202050fd7bfa2ab2752 0842fa5381da551e2ce4e8077314e2d52e58dd806c26343046dfddbc05ec2c23
CLIENT_TRAFFIC_SECRET_0 7db7ac2dd7b3fa4faf038d46b39a12d65e526958b2538202050fd7bfa2ab2752 404c8297e91f9c0dfa5058965ca1f92bea0a625a2f94f76f2d1d1c41f42edff0
SERVER_HANDSHAKE_TRAFFIC_SECRET 22159f8c70e03836ec96def03c568679d47c8a836cb8f3549c2e945f1f6139b7 1e3d623d7eca06725c8c335c57adc1e99ed6be258fbe1a9c2b971935534f2020
CLIENT_HANDSHAKE_TRAFFIC_SECRET 22159f8c70e03836ec96def03c568679d47c8a836cb8f3549c2e945f1f6139b7 e83ae7895b6ef4660f33a58921f5c9d446fbb7bd048f7f63b38f790e6ffa457d
SERVER_TRAFFIC_SECRET_0 22159f8c70e03836ec96def03c568679d47c8a836cb8f3549c2e945f1f6139b7 3c546c42e30b0e0c97f83cf4058ef7f5ce7976bbe42ea40ff10395a2bc3153f0
CLIENT_HANDSHAKE_TRAFFIC_SECRET 22159f8c70e03836ec96def03c568679d47c8a836cb8f3549c2e945f1f6139b7 e83ae7895b6ef4660f33a58921f5c9d446fbb7bd048f7f63b38f790e6ffa457d
SERVER_HANDSHAKE_TRAFFIC_SECRET 22159f8c70e03836ec96def03c568679d47c8a836cb8f3549c2e945f1f6139b7 1e3d623d7eca06725c8c335c57adc1e99ed6be258fbe1a9c2b971935534f2020
CLIENT_TRAFFIC_SECRET_0 22159f8c70e03836ec96def03c568679d47c8a836cb8f3549c2e945f1f6139b7 f3d5fe7ec680f8ed54dc5d12a5409df091e6fbb2e8bff5659027565f6be06b33
SERVER_TRAFFIC_SECRET_0 22159f8c70e03836ec96def03c568679d47c8a836cb8f3549c2e945f1f6139b7 3c546c42e30b0e0c97f83cf4058ef7f5ce7976bbe42ea40ff10395a2bc3153f0
EXPORTER_SECRET 22159f8c70e03836ec96def03c568679d47c8a836cb8f3549c2e945f1f6139b7 50090fedc826c05ea785d50c597de37cc585944e62f06052c1e2182605547207
CLIENT_TRAFFIC_SECRET_0 22159f8c70e03836ec96def03c568679d47c8a836cb8f3549c2e945f1f6139b7 f3d5fe7ec680f8ed54dc5d12a5409df091e6fbb2e8bff5659027565f6be06b33
SERVER_HANDSHAKE_TRAFFIC_SECRET a48230d86d0ee692ba8753964887539c1c784cadd613f08bf4bbfb31fc52fbbd 1116792526a76d7f56985c63d44cdd4aac4e56a40b684b2a1cd2f92ea001cac4
CLIENT_HANDSHAKE_TRAFFIC_SECRET a48230d86d0ee692ba8753964887539c1c784cadd613f08bf4bbfb31fc52fbbd f731e5499a58b0947a9feaf8600a638208b9b4949b9975b433916043e9c71b29
SERVER_TRAFFIC_SECRET_0 a48230d86d0ee692ba8753964887539c1c784cadd613f08bf4bbfb31fc52fbbd 1ef1d2d2fc2c970711a8753c86410fd7913007b5f327bc70edbed4285a8eb27f
CLIENT_HANDSHAKE_TRAFFIC_SECRET a48230d86d0ee692ba8753964887539c1c784cadd613f08bf4bbfb31fc52fbbd f731e5499a58b0947a9feaf8600a638208b9b4949b9975b433916043e9c71b29
SERVER_HANDSHAKE_TRAFFIC_SECRET a48230d86d0ee692ba8753964887539c1c784cadd613f08bf4bbfb31fc52fbbd 1116792526a76d7f56985c63d44cdd4aac4e56a40b684b2a1cd2f92ea001cac4
CLIENT_TRAFFIC_SECRET_0 a48230d86d0ee692ba8753964887539c1c784cadd613f08bf4bbfb31fc52fbbd b4ee0eac23b8f5db09a7830dd39fcfb9d7bfc7695ba0cb10b1fca466f5d057dd
SERVER_TRAFFIC_SECRET_0 a48230d86d0ee692ba8753964887539c1c784cadd613f08bf4bbfb31fc52fbbd 1ef1d2d2fc2c970711a8753c86410fd7913007b5f327bc70edbed4285a8eb27f
EXPORTER_SECRET a48230d86d0ee692ba8753964887539c1c784cadd613f08bf4bbfb31fc52fbbd a6afc1f2e916278b0b0b41de4093a4f31b7be28cc680d151af4568ef063d26e9
CLIENT_TRAFFIC_SECRET_0 a48230d86d0ee692ba8753964887539c1c784cadd613f08bf4bbfb31fc52fbbd b4ee0eac23b8f5db09a7830dd39fcfb9d7bfc7695ba0cb10b1fca466f5d057dd
SERVER_HANDSHAKE_TRAFFIC_SECRET bb25f090fe06c48f57b511c18d7edac9314754abe361527d6a472e22e5e488cf 52dd7f5006a492e206dff5398c417a0d97cccf9bc75941e7cd923f5252e8a277
CLIENT_HANDSHAKE_TRAFFIC_SECRET bb25f090fe06c48f57b511c18d7edac9314754abe361527d6a472e22e5e488cf 702761b0542d7837ac88d05ac86a117404c1c110d8fad1cdef0d2073ed167f44
SERVER_TRAFFIC_SECRET_0 bb25f090fe06c48f57b511c18d7edac9314754abe361527d6a472e22e5e488cf 119261f2de16ed8c5159e6303a3485c75a94b8717814768a90f869b320a849ba
CLIENT_HANDSHAKE_TRAFFIC_SECRET bb25f090fe06c48f57b511c18d7edac9314754abe361527d6a472e22e5e488cf 702761b0542d7837ac88d05ac86a117404c1c110d8fad1cdef0d2073ed167f44
SERVER_HANDSHAKE_TRAFFIC_SECRET bb25f090fe06c48f57b511c18d7edac9314754abe361527d6a472e22e5e488cf 52dd7f5006a492e206dff5398c417a0d97cccf9bc75941e7cd923f5252e8a277
CLIENT_TRAFFIC_SECRET_0 bb25f090fe06c48f57b511c18d7edac9314754abe361527d6a472e22e5e488cf 4482488dc6b0c8d8fed810dd08df36b3f6e4c8bc3d2ceb2e356d2eb280d89af8
SERVER_TRAFFIC_SECRET_0 bb25f090fe06c48f57b511c18d7edac9314754abe361527d6a472e22e5e488cf 119261f2de16ed8c5159e6303a3485c75a94b8717814768a90f869b320a849ba
EXPORTER_SECRET bb25f090fe06c48f57b511c18d7edac9314754abe361527d6a472e22e5e488cf 7c8f0d682c361cbf4a7a79f01ddd0fe2e2b3cdf2bbd125720c2518b7a70acfbb
CLIENT_TRAFFIC_SECRET_0 bb25f090fe06c48f57b511c18d7edac9314754abe361527d6a472e22e5e488cf 4482488dc6b0c8d8fed810dd08df36b3f6e4c8bc3d2ceb2e356d2eb280d89af8
SERVER_HANDSHAKE_TRAFFIC_SECRET 6308bc2b2a314642dd6579e5221d4f07803c40802b314285674d17e3d17565f5 1d528a25c2bca509229cc2359d4ad6492fc180535181524b6cfd85e1f4407276
CLIENT_HANDSHAKE_TRAFFIC_SECRET 6308bc2b2a314642dd6579e5221d4f07803c40802b314285674d17e3d17565f5 a28f9fa367ae86997da1bd0000981e0da45e37a8aef365d44e0ad394b1d05813
SERVER_TRAFFIC_SECRET_0 6308bc2b2a314642dd6579e5221d4f07803c40802b314285674d17e3d17565f5 abb68d9008e1d49cd7284bf775afd27107222932a43441ac9e31d9ddf91e4c0a
CLIENT_HANDSHAKE_TRAFFIC_SECRET 6308bc2b2a314642dd6579e5221d4f07803c40802b314285674d17e3d17565f5 a28f9fa367ae86997da1bd0000981e0da45e37a8aef365d44e0ad394b1d05813
SERVER_HANDSHAKE_TRAFFIC_SECRET 6308bc2b2a314642dd6579e5221d4f07803c40802b314285674d17e3d17565f5 1d528a25c2bca509229cc2359d4ad6492fc180535181524b6cfd85e1f4407276
CLIENT_TRAFFIC_SECRET_0 6308bc2b2a314642dd6579e5221d4f07803c40802b314285674d17e3d17565f5 c8dbe982ad09f97f22a6e48711b856dea8bac1cb8a6903ee9ef17c8ecd86c529
SERVER_TRAFFIC_SECRET_0 6308bc2b2a314642dd6579e5221d4f07803c40802b314285674d17e3d17565f5 abb68d9008e1d49cd7284bf775afd27107222932a43441ac9e31d9ddf91e4c0a
EXPORTER_SECRET 6308bc2b2a314642dd6579e5221d4f07803c40802b314285674d17e3d17565f5 57e77ba7cde510da7433b2ff0d12793bd06cac3d6d31a6090d42d0617838177b
CLIENT_TRAFFIC_SECRET_0 6308bc2b2a314642dd6579e5221d4f07803c40802b314285674d17e3d17565f5 c8dbe982ad09f97f22a6e48711b856dea8bac1cb8a6903ee9ef17c8ecd86c529
SERVER_HANDSHAKE_TRAFFIC_SECRET 048aa288f7e9847aaae9be00074d07e05f5b8dc633de22745deea84bd87413bb 9e1203f0733530e298c2072dfe9c385f4a921e934ced25fd0716e12a6fce9fad
CLIENT_HANDSHAKE_TRAFFIC_SECRET 048aa288f7e9847aaae9be00074d07e05f5b8dc633de22745deea84bd87413bb e210f6825c20662392a6648a01c0bf9a6798a90b6eb2c5de6b9b449228709032
SERVER_TRAFFIC_SECRET_0 048aa288f7e9847aaae9be00074d07e05f5b8dc633de22745deea84bd87413bb 73fc81178b224657f2817f8dadf052aeff4b1c48064e6d8030139cf4be50ad43
CLIENT_HANDSHAKE_TRAFFIC_SECRET 048aa288f7e9847aaae9be00074d07e05f5b8dc633de22745deea84bd87413bb e210f6825c20662392a6648a01c0bf9a6798a90b6eb2c5de6b9b449228709032
SERVER_HANDSHAKE_TRAFFIC_SECRET 048aa288f7e9847aaae9be00074d07e05f5b8dc633de22745deea84bd87413bb 9e1203f0733530e298c2072dfe9c385f4a921e934ced25fd0716e12a6fce9fad
CLIENT_TRAFFIC_SECRET_0 048aa288f7e9847aaae9be00074d07e05f5b8dc633de22745deea84bd87413bb 133b601e8e4143416adeeba2d3235ea0026556a0348ad24514e47e8169e4e2fa
SERVER_TRAFFIC_SECRET_0 048aa288f7e9847aaae9be00074d07e05f5b8dc633de22745deea84bd87413bb 73fc81178b224657f2817f8dadf052aeff4b1c48064e6d8030139cf4be50ad43
EXPORTER_SECRET 048aa288f7e9847aaae9be00074d07e05f5b8dc633de22745deea84bd87413bb b1df51d8f5a69d1ec6f9955e92f8bc649abe22f432cf82351cacad6aae92b598
CLIENT_TRAFFIC_SECRET_0 048aa288f7e9847aaae9be00074d07e05f5b8dc633de22745deea84bd87413bb 133b601e8e4143416adeeba2d3235ea0026556a0348ad24514e47e8169e4e2fa
SERVER_HANDSHAKE_TRAFFIC_SECRET ab7b9a0597fbb9d2a31bc763f3a7757166dd7d2be7c3cc183c368d9eecf9046b 09e798d59bb679e9995643d7a5e48cdbe9cc3378ac4064c89e3d0cc7295d0c62
CLIENT_HANDSHAKE_TRAFFIC_SECRET ab7b9a0597fbb9d2a31bc763f3a7757166dd7d2be7c3cc183c368d9eecf9046b 820666ba916fce2f07e691e4404349b0d96f7b47a0db06c9c87eb65a4b12e5d0
SERVER_TRAFFIC_SECRET_0 ab7b9a0597fbb9d2a31bc763f3a7757166dd7d2be7c3cc183c368d9eecf9046b fc3b7cd73fca1056395a2423629edcac1f3328bac46c11873b5cfd51780a3e86
CLIENT_HANDSHAKE_TRAFFIC_SECRET ab7b9a0597fbb9d2a31bc763f3a7757166dd7d2be7c3cc183c368d9eecf9046b 820666ba916fce2f07e691e4404349b0d96f7b47a0db06c9c87eb65a4b12e5d0
SERVER_HANDSHAKE_TRAFFIC_SECRET ab7b9a0597fbb9d2a31bc763f3a7757166dd7d2be7c3cc183c368d9eecf9046b 09e798d59bb679e9995643d7a5e48cdbe9cc3378ac4064c89e3d0cc7295d0c62
CLIENT_TRAFFIC_SECRET_0 ab7b9a0597fbb9d2a31bc763f3a7757166dd7d2be7c3cc183c368d9eecf9046b fb50bc1a313925e6081afbc9eddd97fcc75d9211b839d3299baa7c46b249234d
SERVER_TRAFFIC_SECRET_0 ab7b9a0597fbb9d2a31bc763f3a7757166dd7d2be7c3cc183c368d9eecf9046b fc3b7cd73fca1056395a2423629edcac1f3328bac46c11873b5cfd51780a3e86
EXPORTER_SECRET ab7b9a0597fbb9d2a31bc763f3a7757166dd7d2be7c3cc183c368d9eecf9046b 2a39867cf599237d7f01f91f6d683243c95ffb87d59c91414a9ab3b72ff58655
CLIENT_TRAFFIC_SECRET_0 ab7b9a0597fbb9d2a31bc763f3a7757166dd7d2be7c3cc183c368d9eecf9046b fb50bc1a313925e6081afbc9eddd97fcc75d9211b839d3299baa7c46b249234d
SERVER_HANDSHAKE_TRAFFIC_SECRET 3c60a45b340f07e9c5ae36f30405f7b79a67714cb651fa4c6373ba34319241c0 8265488ecaa5d026baba0fc86af79a58952982fa66c05d58c727458ab72613fb
CLIENT_HANDSHAKE_TRAFFIC_SECRET 3c60a45b340f07e9c5ae36f30405f7b79a67714cb651fa4c6373ba34319241c0 4574cbf936d04e671c66559c1558f42c1c4f242c2440c7d38717f5425b2fe830
SERVER_TRAFFIC_SECRET_0 3c60a45b340f07e9c5ae36f30405f7b79a67714cb651fa4c6373ba34319241c0 83a35e1d5f97716e856249873603f10553cc080b6f864318ddcc00baf60e9c61
CLIENT_HANDSHAKE_TRAFFIC_SECRET 3c60a45b340f07e9c5ae36f30405f7b79a67714cb651fa4c6373ba34319241c0 4574cbf936d04e671c66559c1558f42c1c4f242c2440c7d38717f5425b2fe830
SERVER_HANDSHAKE_TRAFFIC_SECRET 3c60a45b340f07e9c5ae36f30405f7b79a67714cb651fa4c6373ba34319241c0 8265488ecaa5d026baba0fc86af79a58952982fa66c05d58c727458ab72613fb
CLIENT_TRAFFIC_SECRET_0 3c60a45b340f07e9c5ae36f30405f7b79a67714cb651fa4c6373ba34319241c0 4b194f128a6de2986ffdf8f7c6df5e9eed384b0ea99b79f43c7242d1a28dc7a2
SERVER_TRAFFIC_SECRET_0 3c60a45b340f07e9c5ae36f30405f7b79a67714cb651fa4c6373ba34319241c0 83a35e1d5f97716e856249873603f10553cc080b6f864318ddcc00baf60e9c61
EXPORTER_SECRET 3c60a45b340f07e9c5ae36f30405f7b79a67714cb651fa4c6373ba34319241c0 aedfb6bb6381402083e3151cef8e549442846fc42fbfb7cd5d5c9439f0ba6533
CLIENT_TRAFFIC_SECRET_0 3c60a45b340f07e9c5ae36f30405f7b79a67714cb651fa4c6373ba34319241c0 4b194f128a6de2986ffdf8f7c6df5e9eed384b0ea99b79f43c7242d1a28dc7a2
SERVER_HANDSHAKE_TRAFFIC_SECRET 2487b0bbd2afff4c5969eb1721cdeee88220b4de74dce0374dbeeb40f69c9aba 37176bc7d29df250f75e1de1f79c0712c345303213d909a5e92018ba8beb3763
CLIENT_HANDSHAKE_TRAFFIC_SECRET 2487b0bbd2afff4c5969eb1721cdeee88220b4de74dce0374dbeeb40f69c9aba 49d9b18a45a6b45a7c8e5f7abb045ded8460da3cd06428cb95fcba8e162f457b
SERVER_TRAFFIC_SECRET_0 2487b0bbd2afff4c5969eb1721cdeee88220b4de74dce0374dbeeb40f69c9aba 156ff6a0ef51bd6b6ddafc273b351984c3701121332263a993cc5cb14bf6b41d
CLIENT_HANDSHAKE_TRAFFIC_SECRET 2487b0bbd2afff4c5969eb1721cdeee88220b4de74dce0374dbeeb40f69c9aba 49d9b18a45a6b45a7c8e5f7abb045ded8460da3cd06428cb95fcba8e162f457b
SERVER_HANDSHAKE_TRAFFIC_SECRET 2487b0bbd2afff4c5969eb1721cdeee88220b4de74dce0374dbeeb40f69c9aba 37176bc7d29df250f75e1de1f79c0712c345303213d909a5e92018ba8beb3763
CLIENT_TRAFFIC_SECRET_0 2487b0bbd2afff4c5969eb1721cdeee88220b4de74dce0374dbeeb40f69c9aba c864a86af6ec138ad482449aa803e3fecbc4a022d38e93a82759e8af03f2b0ba
SERVER_TRAFFIC_SECRET_0 2487b0bbd2afff4c5969eb1721cdeee88220b4de74dce0374dbeeb40f69c9aba 156ff6a0ef51bd6b6ddafc273b351984c3701121332263a993cc5cb14bf6b41d
EXPORTER_SECRET 2487b0bbd2afff4c5969eb1721cdeee88220b4de74dce0374dbeeb40f69c9aba 429d691f5403f0b11dc322286b01a86ad86e372ac721679724624aac7bbe9cd2
CLIENT_TRAFFIC_SECRET_0 2487b0bbd2afff4c5969eb1721cdeee88220b4de74dce0374dbeeb40f69c9aba c864a86af6ec138ad482449aa803e3fecbc4a022d38e93a82759e8af03f2b0ba
SERVER_HANDSHAKE_TRAFFIC_SECRET aaa094627f5088f003e3b7e73699d66edfc51bdde4fdde6e752afd6a8d277896 debaaf3a3572208c9d96f92c5a6b8c10f473d986264c6cd24e37b1a0677fe3af
CLIENT_HANDSHAKE_TRAFFIC_SECRET aaa094627f5088f003e3b7e73699d66edfc51bdde4fdde6e752afd6a8d277896 379fca65887b0022e16b26740540b473466e0255d99789e75a2d4e1fd24f67da
SERVER_TRAFFIC_SECRET_0 aaa094627f5088f003e3b7e73699d66edfc51bdde4fdde6e752afd6a8d277896 ad8a99a0ed7e61bf5f7941d8236ca06fa3ba5180f9bb1bdffa1da069560fd892
CLIENT_HANDSHAKE_TRAFFIC_SECRET aaa094627f5088f003e3b7e73699d66edfc51bdde4fdde6e752afd6a8d277896 379fca65887b0022e16b26740540b473466e0255d99789e75a2d4e1fd24f67da
SERVER_HANDSHAKE_TRAFFIC_SECRET aaa094627f5088f003e3b7e73699d66edfc51bdde4fdde6e752afd6a8d277896 debaaf3a3572208c9d96f92c5a6b8c10f473d986264c6cd24e37b1a0677fe3af
CLIENT_TRAFFIC_SECRET_0 aaa094627f5088f003e3b7e73699d66edfc51bdde4fdde6e752afd6a8d277896 0b5296ebf0f2ac7c1ef85d3baa3002da794fbcdd89cc49a9475ed6974aca0fd2
SERVER_TRAFFIC_SECRET_0 aaa094627f5088f003e3b7e73699d66edfc51bdde4fdde6e752afd6a8d277896 ad8a99a0ed7e61bf5f7941d8236ca06fa3ba5180f9bb1bdffa1da069560fd892
EXPORTER_SECRET aaa094627f5088f003e3b7e73699d66edfc51bdde4fdde6e752afd6a8d277896 e1973d9ca1557a3f0ea845f791fdb26258c77c789be2021b7ba1b5950d57b5e9
CLIENT_TRAFFIC_SECRET_0 aaa094627f5088f003e3b7e73699d66edfc51bdde4fdde6e752afd6a8d277896 0b5296ebf0f2ac7c1ef85d3baa3002da794fbcdd89cc49a9475ed6974aca0fd2
SERVER_HANDSHAKE_TRAFFIC_SECRET 21294b885eb8e79410f636baf26059eaeb169d195885be6dcbfbe43516180750 030f95ece7e50f63a35f86fbb148437a16da4b114b6d4223cd0c197e365b1071
CLIENT_HANDSHAKE_TRAFFIC_SECRET 21294b885eb8e79410f636baf26059eaeb169d195885be6dcbfbe43516180750 21b7374267d91a3602927467dfbcd2964417393701374b4fe7ec104aac9dc672
SERVER_TRAFFIC_SECRET_0 21294b885eb8e79410f636baf26059eaeb169d195885be6dcbfbe43516180750 86549a986ffac429b661f03ebd8fdc61766c7aabbd2e11445c7a5cf903850eae
CLIENT_HANDSHAKE_TRAFFIC_SECRET 21294b885eb8e79410f636baf26059eaeb169d195885be6dcbfbe43516180750 21b7374267d91a3602927467dfbcd2964417393701374b4fe7ec104aac9dc672
SERVER_HANDSHAKE_TRAFFIC_SECRET 21294b885eb8e79410f636baf26059eaeb169d195885be6dcbfbe43516180750 030f95ece7e50f63a35f86fbb148437a16da4b114b6d4223cd0c197e365b1071
CLIENT_TRAFFIC_SECRET_0 21294b885eb8e79410f636baf26059eaeb169d195885be6dcbfbe43516180750 f3aca65ef8e22c96dd3ef923d749163fa97b6d2580de8f2c7193783a915b6b82
SERVER_TRAFFIC_SECRET_0 21294b885eb8e79410f636baf26059eaeb169d195885be6dcbfbe43516180750 86549a986ffac429b661f03ebd8fdc61766c7aabbd2e11445c7a5cf903850eae
EXPORTER_SECRET 21294b885eb8e79410f636baf26059eaeb169d195885be6dcbfbe43516180750 3fdf93313d5027a7ed4fd50a25bb75919eb6c38aec39f0509943e5febfd5e88b
CLIENT_TRAFFIC_SECRET_0 21294b885eb8e79410f636baf26059eaeb169d195885be6dcbfbe43516180750 f3aca65ef8e22c96dd3ef923d749163fa97b6d2580de8f2c7193783a915b6b82
SERVER_HANDSHAKE_TRAFFIC_SECRET 842fa517390f95057dc1a4d325f5ad1d991ed225f4d8c1d6bf41a818fc6424d7 128da56776f89739b9ec062db215d7a07094fbcd88055ed7f618696cf75ab870
CLIENT_HANDSHAKE_TRAFFIC_SECRET 842fa517390f95057dc1a4d325f5ad1d991ed225f4d8c1d6bf41a818fc6424d7 fc953834cb8d089d8a96ef7628dbf2f56569bca01333a28e0682a2cf04076db5
SERVER_TRAFFIC_SECRET_0 842fa517390f95057dc1a4d325f5ad1d991ed225f4d8c1d6bf41a818fc6424d7 ca5f04355da96d70517013294ff279958390007e23ea3c3bb7ef18b5f4ba25f3
CLIENT_HANDSHAKE_TRAFFIC_SECRET 842fa517390f95057dc1a4d325f5ad1d991ed225f4d8c1d6bf41a818fc6424d7 fc953834cb8d089d8a96ef7628dbf2f56569bca01333a28e0682a2cf04076db5
SERVER_HANDSHAKE_TRAFFIC_SECRET 842fa517390f95057dc1a4d325f5ad1d991ed225f4d8c1d6bf41a818fc6424d7 128da56776f89739b9ec062db215d7a07094fbcd88055ed7f618696cf75ab870
CLIENT_TRAFFIC_SECRET_0 842fa517390f95057dc1a4d325f5ad1d991ed225f4d8c1d6bf41a818fc6424d7 67ee7524688ffc2cb4df7efba6aabb6db53e9cc38f109e82e256eee469e8682d
SERVER_TRAFFIC_SECRET_0 842fa517390f95057dc1a4d325f5ad1d991ed225f4d8c1d6bf41a818fc6424d7 ca5f04355da96d70517013294ff279958390007e23ea3c3bb7ef18b5f4ba25f3
EXPORTER_SECRET 842fa517390f95057dc1a4d325f5ad1d991ed225f4d8c1d6bf41a818fc6424d7 a25fd36b7680f9376b5a7a7e37bbe8481dae091053533696d0e9139cc1a12362
CLIENT_TRAFFIC_SECRET_0 842fa517390f95057dc1a4d325f5ad1d991ed225f4d8c1d6bf41a818fc6424d7 67ee7524688ffc2cb4df7efba6aabb6db53e9cc38f109e82e256eee469e8682d
SERVER_HANDSHAKE_TRAFFIC_SECRET a218533d5ef2edf4a49560ae286bfb3ee8bfb8d68e4f7c057d2242e9cd6646be 11f6a38b65c907c55efbb2830ba6cb0662f1ba98d574f8f3ced5e5be7b40a81b
CLIENT_HANDSHAKE_TRAFFIC_SECRET a218533d5ef2edf4a49560ae286bfb3ee8bfb8d68e4f7c057d2242e9cd6646be 3e96f421ed4bc8e027adbd01b001c2c5cedb600e8e37ffe6d422834bdea9a3cb
SERVER_TRAFFIC_SECRET_0 a218533d5ef2edf4a49560ae286bfb3ee8bfb8d68e4f7c057d2242e9cd6646be afa615db03dd5372f8792c50bcf72c3c1dd84bb4957c7893ada098af3c28b936
CLIENT_HANDSHAKE_TRAFFIC_SECRET a218533d5ef2edf4a49560ae286bfb3ee8bfb8d68e4f7c057d2242e9cd6646be 3e96f421ed4bc8e027adbd01b001c2c5cedb600e8e37ffe6d422834bdea9a3cb
SERVER_HANDSHAKE_TRAFFIC_SECRET a218533d5ef2edf4a49560ae286bfb3ee8bfb8d68e4f7c057d2242e9cd6646be 11f6a38b65c907c55efbb2830ba6cb0662f1ba98d574f8f3ced5e5be7b40a81b
CLIENT_TRAFFIC_SECRET_0 a218533d5ef2edf4a49560ae286bfb3ee8bfb8d68e4f7c057d2242e9cd6646be c38dbf9c5515ee585370df82b74ca859dfb9d75dfe3e21c4db7cf7a03f8edad9
SERVER_TRAFFIC_SECRET_0 a218533d5ef2edf4a49560ae286bfb3ee8bfb8d68e4f7c057d2242e9cd6646be afa615db03dd5372f8792c50bcf72c3c1dd84bb4957c7893ada098af3c28b936
EXPORTER_SECRET a218533d5ef2edf4a49560ae286bfb3ee8bfb8d68e4f7c057d2242e9cd6646be fba415c8a0f36bd150ccde6c6d7601f1fd14cab38868545504491fef69ba0126
CLIENT_TRAFFIC_SECRET_0 a218533d5ef2edf4a49560ae286bfb3ee8bfb8d68e4f7c057d2242e9cd6646be c38dbf9c5515ee585370df82b74ca859dfb9d75dfe3e21c4db7cf7a03f8edad9
SERVER_HANDSHAKE_TRAFFIC_SECRET cad05f935f4eb36dd9dc9e47765d027801cb714574ce138598e203d1f04fec3c ac3f82180c19f885af012f43ac4638820162cf805a825e83830afd5f708425bf
CLIENT_HANDSHAKE_TRAFFIC_SECRET cad05f935f4eb36dd9dc9e47765d027801cb714574ce138598e203d1f04fec3c 50b5dc461d0b7befd3a33623d917c3001cc45c3858aac4d1c0dfd2814d8820cc
SERVER_TRAFFIC_SECRET_0 cad05f935f4eb36dd9dc9e47765d027801cb714574ce138598e203d1f04fec3c 08967056e653feee5a029a34fa6ffed7bbe14be4aa21e5ee3f9ad13b625183ea
CLIENT_HANDSHAKE_TRAFFIC_SECRET cad05f935f4eb36dd9dc9e47765d027801cb714574ce138598e203d1f04fec3c 50b5dc461d0b7befd3a33623d917c3001cc45c3858aac4d1c0dfd2814d8820cc
SERVER_HANDSHAKE_TRAFFIC_SECRET cad05f935f4eb36dd9dc9e47765d027801cb714574ce138598e203d1f04fec3c ac3f82180c19f885af012f43ac4638820162cf805a825e83830afd5f708425bf
CLIENT_TRAFFIC_SECRET_0 cad05f935f4eb36dd9dc9e47765d027801cb714574ce138598e203d1f04fec3c 73d8f3ddc30f5ede410947e25651a5d45515988869c8066f113aad6e5cbc91b9
SERVER_TRAFFIC_SECRET_0 cad05f935f4eb36dd9dc9e47765d027801cb714574ce138598e203d1f04fec3c 08967056e653feee5a029a34fa6ffed7bbe14be4aa21e5ee3f9ad13b625183ea
EXPORTER_SECRET cad05f935f4eb36dd9dc9e47765d027801cb714574ce138598e203d1f04fec3c 8c5b039820da02d25d43e20dd5a540d496be63aff1a353fdb0a9eaa95fbe625c
CLIENT_TRAFFIC_SECRET_0 cad05f935f4eb36dd9dc9e47765d027801cb714574ce138598e203d1f04fec3c 73d8f3ddc30f5ede410947e25651a5d45515988869c8066f113aad6e5cbc91b9
SERVER_HANDSHAKE_TRAFFIC_SECRET 1d090d9836532017e52c8c00745f2808b32f0de66dde7325af5b6bd0275421b0 a383e3e5c3f614e43328fc2b168ce07dff64686d8b60d542a4c37d1432bd02da
CLIENT_HANDSHAKE_TRAFFIC_SECRET 1d090d9836532017e52c8c00745f2808b32f0de66dde7325af5b6bd0275421b0 303a2b05c96e193106515091c5948506216fe9205816f1867ed1ed670b4ee0d4
SERVER_TRAFFIC_SECRET_0 1d090d9836532017e52c8c00745f2808b32f0de66dde7325af5b6bd0275421b0 cb95fe5c0a2bc5ac9231434fb07224480717ba35351ee1fee01ca327c6d760da
CLIENT_HANDSHAKE_TRAFFIC_SECRET 1d090d9836532017e52c8c00745f2808b32f0de66dde7325af5b6bd0275421b0 303a2b05c96e193106515091c5948506216fe9205816f1867ed1ed670b4ee0d4
SERVER_HANDSHAKE_TRAFFIC_SECRET 1d090d9836532017e52c8c00745f2808b32f0de66dde7325af5b6bd0275421b0 a383e3e5c3f614e43328fc2b168ce07dff64686d8b60d542a4c37d1432bd02da
CLIENT_TRAFFIC_SECRET_0 1d090d9836532017e52c8c00745f2808b32f0de66dde7325af5b6bd0275421b0 6435e2be34b9be9b2c67b11ad5010341d8267f2daf951a014c757978818f58ad
SERVER_TRAFFIC_SECRET_0 1d090d9836532017e52c8c00745f2808b32f0de66dde7325af5b6bd0275421b0 cb95fe5c0a2bc5ac9231434fb07224480717ba35351ee1fee01ca327c6d760da
EXPORTER_SECRET 1d090d9836532017e52c8c00745f2808b32f0de66dde7325af5b6bd0275421b0 402bd4e02d4374ae60865caab571031415e7b32e489d9075130f6bc787aac270
CLIENT_TRAFFIC_SECRET_0 1d090d9836532017e52c8c00745f2808b32f0de66dde7325af5b6bd0275421b0 6435e2be34b9be9b2c67b11ad5010341d8267f2daf951a014c757978818f58ad
SERVER_HANDSHAKE_TRAFFIC_SECRET 62a5ad0f58da1c77478d1d719d7234d33abb4ea33aa0375edfb331987084af10 5994e43f5eb479a7b3595e4a40c159da02e39118b3cb374805c5d3dc0ce3d32e
CLIENT_HANDSHAKE_TRAFFIC_SECRET 62a5ad0f58da1c77478d1d719d7234d33abb4ea33aa0375edfb331987084af10 44a4e982f0408ca6857d7d0696519d674d3d28d2b66ea760c7712163c9bb0780
SERVER_TRAFFIC_SECRET_0 62a5ad0f58da1c77478d1d719d7234d33abb4ea33aa0375edfb331987084af10 3af44337a81f434c836615fe0fb45aa99670e4d9a8e1b725225da99ee0309f4b
CLIENT_HANDSHAKE_TRAFFIC_SECRET 62a5ad0f58da1c77478d1d719d7234d33abb4ea33aa0375edfb331987084af10 44a4e982f0408ca6857d7d0696519d674d3d28d2b66ea760c7712163c9bb0780
SERVER_HANDSHAKE_TRAFFIC_SECRET 62a5ad0f58da1c77478d1d719d7234d33abb4ea33aa0375edfb331987084af10 5994e43f5eb479a7b3595e4a40c159da02e39118b3cb374805c5d3dc0ce3d32e
CLIENT_TRAFFIC_SECRET_0 62a5ad0f58da1c77478d1d719d7234d33abb4ea33aa0375edfb331987084af10 306fe5a1b182ce09aebec60d481169a5c28cfd367ddb5faa3f780fe2f3dc8de6
SERVER_TRAFFIC_SECRET_0 62a5ad0f58da1c77478d1d719d7234d33abb4ea33aa0375edfb331987084af10 3af44337a81f434c836615fe0fb45aa99670e4d9a8e1b725225da99ee0309f4b
EXPORTER_SECRET 62a5ad0f58da1c77478d1d719d7234d33abb4ea33aa0375edfb331987084af10 df3c77950deb8a49083c4c4568886f223cac43557ba6ed053bd9cd374ce980ab
CLIENT_TRAFFIC_SECRET_0 62a5ad0f58da1c77478d1d719d7234d33abb4ea33aa0375edfb331987084af10 306fe5a1b182ce09aebec60d481169a5c28cfd367ddb5faa3f780fe2f3dc8de6
SERVER_HANDSHAKE_TRAFFIC_SECRET 8c20f10dfa543a73f144f62e8408d9f0ee9a4ebe5b1f87af38fd9e404a6fabac 2b188215ebf959182bae43aacfdc9009acad89e735615125fe5095128b38ee0c
CLIENT_HANDSHAKE_TRAFFIC_SECRET 8c20f10dfa543a73f144f62e8408d9f0ee9a4ebe5b1f87af38fd9e404a6fabac 468af68a0d9a3e28118a94652b197760c662f12a36ddf8d79ac591cc72b79c89
SERVER_TRAFFIC_SECRET_0 8c20f10dfa543a73f144f62e8408d9f0ee9a4ebe5b1f87af38fd9e404a6fabac ae25f9398961bb5978ecdfeff47da844ae7279d5d141a909a41c3395e96cc35f
CLIENT_HANDSHAKE_TRAFFIC_SECRET 8c20f10dfa543a73f144f62e8408d9f0ee9a4ebe5b1f87af38fd9e404a6fabac 468af68a0d9a3e28118a94652b197760c662f12a36ddf8d79ac591cc72b79c89
SERVER_HANDSHAKE_TRAFFIC_SECRET 8c20f10dfa543a73f144f62e8408d9f0ee9a4ebe5b1f87af38fd9e404a6fabac 2b188215ebf959182bae43aacfdc9009acad89e735615125fe5095128b38ee0c
CLIENT_TRAFFIC_SECRET_0 8c20f10dfa543a73f144f62e8408d9f0ee9a4ebe5b1f87af38fd9e404a6fabac eb360de1cd395eed612d7b11b8044b8ffa0eb1eee58729d43a28c23b678b0d54
SERVER_TRAFFIC_SECRET_0 8c20f10dfa543a73f144f62e8408d9f0ee9a4ebe5b1f87af38fd9e404a6fabac ae25f9398961bb5978ecdfeff47da844ae7279d5d141a909a41c3395e96cc35f
EXPORTER_SECRET 8c20f10dfa543a73f144f62e8408d9f0ee9a4ebe5b1f87af38fd9e404a6fabac 555af366752a86594fba234545caa86208a5cd41e145187748aa29e28a77d010
CLIENT_TRAFFIC_SECRET_0 8c20f10dfa543a73f144f62e8408d9f0ee9a4ebe5b1f87af38fd9e404a6fabac eb360de1cd395eed612d7b11b8044b8ffa0eb1eee58729d43a28c23b678b0d54
SERVER_HANDSHAKE_TRAFFIC_SECRET 54f37c9bc7378d9add63e32484cbfa74d5abfc160d086eeff3e5eef22fa11d55 06c66bf9c11192eae926911b7336c2edf8e9106a9bcc1181cbde3feb0d5e8ca3
CLIENT_HANDSHAKE_TRAFFIC_SECRET 54f37c9bc7378d9add63e32484cbfa74d5abfc160d086eeff3e5eef22fa11d55 c39b6d6ca1eee4ef76e49a57249664bb3afc4f742c29e8687d2a9bd11d680f09
SERVER_TRAFFIC_SECRET_0 54f37c9bc7378d9add63e32484cbfa74d5abfc160d086eeff3e5eef22fa11d55 0377418830fa4268b4674dc12ff869e7f8777a29bdc2c66a559d1d09193874ab
CLIENT_HANDSHAKE_TRAFFIC_SECRET 54f37c9bc7378d9add63e32484cbfa74d5abfc160d086eeff3e5eef22fa11d55 c39b6d6ca1eee4ef76e49a57249664bb3afc4f742c29e8687d2a9bd11d680f09
SERVER_HANDSHAKE_TRAFFIC_SECRET 54f37c9bc7378d9add63e32484cbfa74d5abfc160d086eeff3e5eef22fa11d55 06c66bf9c11192eae926911b7336c2edf8e9106a9bcc1181cbde3feb0d5e8ca3
CLIENT_TRAFFIC_SECRET_0 54f37c9bc7378d9add63e32484cbfa74d5abfc160d086eeff3e5eef22fa11d55 7c77d23382bea9af1819e16972da9fb52279173890c2eea6f991694cbb4566b8
SERVER_TRAFFIC_SECRET_0 54f37c9bc7378d9add63e32484cbfa74d5abfc160d086eeff3e5eef22fa11d55 0377418830fa4268b4674dc12ff869e7f8777a29bdc2c66a559d1d09193874ab
EXPORTER_SECRET 54f37c9bc7378d9add63e32484cbfa74d5abfc160d086eeff3e5eef22fa11d55 625fe121b679075d33bc89b3c6bccfcfb526fb2a57ee6f43ac9567890bcd0085
CLIENT_TRAFFIC_SECRET_0 54f37c9bc7378d9add63e32484cbfa74d5abfc160d086eeff3e5eef22fa11d55 7c77d23382bea9af1819e16972da9fb52279173890c2eea6f991694cbb4566b8
SERVER_HANDSHAKE_TRAFFIC_SECRET 71b0df3982110c12ec9e263bffbc32bbcec889f103d7c2b0585d1b83bae1c162 cd6900f2f3278ea939f03dcb8a66e73ec21e1ead7f46f9136224c35650d69c01
CLIENT_HANDSHAKE_TRAFFIC_SECRET 71b0df3982110c12ec9e263bffbc32bbcec889f103d7c2b0585d1b83bae1c162 226ec263074feb6dbda7e751c4ba1f7311f40ba7ffefb5b1676a6a9a98366334
SERVER_TRAFFIC_SECRET_0 71b0df3982110c12ec9e263bffbc32bbcec889f103d7c2b0585d1b83bae1c162 b1b7c7e80cce9cebaa392cfa16c562d34f47c0582480c753b2d5bb639cbe9d03
CLIENT_HANDSHAKE_TRAFFIC_SECRET 71b0df3982110c12ec9e263bffbc32bbcec889f103d7c2b0585d1b83bae1c162 226ec263074feb6dbda7e751c4ba1f7311f40ba7ffefb5b1676a6a9a98366334
SERVER_HANDSHAKE_TRAFFIC_SECRET 71b0df3982110c12ec9e263bffbc32bbcec889f103d7c2b0585d1b83bae1c162 cd6900f2f3278ea939f03dcb8a66e73ec21e1ead7f46f9136224c35650d69c01
CLIENT_TRAFFIC_SECRET_0 71b0df3982110c12ec9e263bffbc32bbcec889f103d7c2b0585d1b83bae1c162 381f79931f280da407a9899540e2ca79dd179d54e3988eab032349abd7bc3a92
SERVER_TRAFFIC_SECRET_0 71b0df3982110c12ec9e263bffbc32bbcec889f103d7c2b0585d1b83bae1c162 b1b7c7e80cce9cebaa392cfa16c562d34f47c0582480c753b2d5bb639cbe9d03
EXPORTER_SECRET 71b0df3982110c12ec9e263bffbc32bbcec889f103d7c2b0585d1b83bae1c162 4d1fcecb08d85061c972a8866bfaa342d17250f93c006e27199c7c7524e9abc1
CLIENT_TRAFFIC_SECRET_0 71b0df3982110c12ec9e263bffbc32bbcec889f103d7c2b0585d1b83bae1c162 381f79931f280da407a9899540e2ca79dd179d54e3988eab032349abd7bc3a92
SERVER_HANDSHAKE_TRAFFIC_SECRET d5d4b98c87653f3e3987ed806a00ef6a75758710f54a79c3204336b0fc878d8f e6cefbe032e83b1a83d4dbe9a8afe76901d4511a01484c239a240ea52f184b03
CLIENT_HANDSHAKE_TRAFFIC_SECRET d5d4b98c87653f3e3987ed806a00ef6a75758710f54a79c3204336b0fc878d8f 0f16304e875c37587f39c9ebca42dd047b75351f78c459865ee9b29dc2f39c1a
SERVER_TRAFFIC_SECRET_0 d5d4b98c87653f3e3987ed806a00ef6a75758710f54a79c3204336b0fc878d8f 61c2e5f96f4c47c0afad40dd7083ad63f69f039659097bcd514f0bb72f637c24
CLIENT_HANDSHAKE_TRAFFIC_SECRET d5d4b98c87653f3e3987ed806a00ef6a75758710f54a79c3204336b0fc878d8f 0f16304e875c37587f39c9ebca42dd047b75351f78c459865ee9b29dc2f39c1a
SERVER_HANDSHAKE_TRAFFIC_SECRET d5d4b98c87653f3e3987ed806a00ef6a75758710f54a79c3204336b0fc878d8f e6cefbe032e83b1a83d4dbe9a8afe76901d4511a01484c239a240ea52f184b03
CLIENT_TRAFFIC_SECRET_0 d5d4b98c87653f3e3987ed806a00ef6a75758710f54a79c3204336b0fc878d8f 17194959757c23d2b4a7db6991ff86b7181cce7aa92788f9f0d79732f31692d3
SERVER_TRAFFIC_SECRET_0 d5d4b98c87653f3e3987ed806a00ef6a75758710f54a79c3204336b0fc878d8f 61c2e5f96f4c47c0afad40dd7083ad63f69f039659097bcd514f0bb72f637c24
EXPORTER_SECRET d5d4b98c87653f3e3987ed806a00ef6a75758710f54a79c3204336b0fc878d8f c5b9f69ef3811b37ff99d0ad8388cc0c04170bca1f58ac061e85931021ca68d9
CLIENT_TRAFFIC_SECRET_0 d5d4b98c87653f3e3987ed806a00ef6a75758710f54a79c3204336b0fc878d8f 17194959757c23d2b4a7db6991ff86b7181cce7aa92788f9f0d79732f31692d3
SERVER_HANDSHAKE_TRAFFIC_SECRET fde2a78f10a28b9b68b348ccd46c098c9b635c8adece422ef448244dec9e620d 2d254851a4cdde8640a26374d8c33c65d372e87f26c43b5f18541ebc543862b8
CLIENT_HANDSHAKE_TRAFFIC_SECRET fde2a78f10a28b9b68b348ccd46c098c9b635c8adece422ef448244dec9e620d 06acecb25fcc0ec37ec82ca34ce5929f9bcc927f5fc1c3fc16d01e8a6e6b3289
SERVER_TRAFFIC_SECRET_0 fde2a78f10a28b9b68b348ccd46c098c9b635c8adece422ef448244dec9e620d b4d740e2541b22b70565afecd2e35a98ffb10c0d182513fe3778c2ec04406db9
CLIENT_HANDSHAKE_TRAFFIC_SECRET fde2a78f10a28b9b68b348ccd46c098c9b635c8adece422ef448244dec9e620d 06acecb25fcc0ec37ec82ca34ce5929f9bcc927f5fc1c3fc16d01e8a6e6b3289
SERVER_HANDSHAKE_TRAFFIC_SECRET fde2a78f10a28b9b68b348ccd46c098c9b635c8adece422ef448244dec9e620d 2d254851a4cdde8640a26374d8c33c65d372e87f26c43b5f18541ebc543862b8
CLIENT_TRAFFIC_SECRET_0 fde2a78f10a28b9b68b348ccd46c098c9b635c8adece422ef448244dec9e620d 6c5c95ed2d36eb54b0499be9f0815d4ce3bb352216b758065376b633cafcc275
SERVER_TRAFFIC_SECRET_0 fde2a78f10a28b9b68b348ccd46c098c9b635c8adece422ef448244dec9e620d b4d740e2541b22b70565afecd2e35a98ffb10c0d182513fe3778c2ec04406db9
EXPORTER_SECRET fde2a78f10a28b9b68b348ccd46c098c9b635c8adece422ef448244dec9e620d c9b614a2f82a0e97d115c0066b249c062d7467e87b88e8c2b1992544bd2608d5
CLIENT_TRAFFIC_SECRET_0 fde2a78f10a28b9b68b348ccd46c098c9b635c8adece422ef448244dec9e620d 6c5c95ed2d36eb54b0499be9f0815d4ce3bb352216b758065376b633cafcc275
SERVER_HANDSHAKE_TRAFFIC_SECRET 3ae742b2b8ba6b773e7c221f4e4a29ebd003b04d432ccae15bab5718d11c12bc 4faf2d16590a9abc738d9fb59270a04271055e63c490d54c4c231cf48c91d4f0
CLIENT_HANDSHAKE_TRAFFIC_SECRET 3ae742b2b8ba6b773e7c221f4e4a29ebd003b04d432ccae15bab5718d11c12bc df4ff3ff763b93e7d687b0f9ce5f19092bac2c33e22409a85a24d51b4671c096
SERVER_TRAFFIC_SECRET_0 3ae742b2b8ba6b773e7c221f4e4a29ebd003b04d432ccae15bab5718d11c12bc 9e95f7ed1bd5ac693fcb205d8795caa0594c694207612929b4b9d614246c6744
CLIENT_HANDSHAKE_TRAFFIC_SECRET 3ae742b2b8ba6b773e7c221f4e4a29ebd003b04d432ccae15bab5718d11c12bc df4ff3ff763b93e7d687b0f9ce5f19092bac2c33e22409a85a24d51b4671c096
SERVER_HANDSHAKE_TRAFFIC_SECRET 3ae742b2b8ba6b773e7c221f4e4a29ebd003b04d432ccae15bab5718d11c12bc 4faf2d16590a9abc738d9fb59270a04271055e63c490d54c4c231cf48c91d4f0
CLIENT_TRAFFIC_SECRET_0 3ae742b2b8ba6b773e7c221f4e4a29ebd003b04d432ccae15bab5718d11c12bc daf4662ce80b390a630fb237828a30b575b0e8d60abb32f45ae21793df76936d
SERVER_TRAFFIC_SECRET_0 3ae742b2b8ba6b773e7c221f4e4a29ebd003b04d432ccae15bab5718d11c12bc 9e95f7ed1bd5ac693fcb205d8795caa0594c694207612929b4b9d614246c6744
EXPORTER_SECRET 3ae742b2b8ba6b773e7c221f4e4a29ebd003b04d432ccae15bab5718d11c12bc d39f4ae1740ec0e0b74915c3184e6d54939f7985f14764ba84537f26547714de
CLIENT_TRAFFIC_SECRET_0 3ae742b2b8ba6b773e7c221f4e4a29ebd003b04d432ccae15bab5718d11c12bc daf4662ce80b390a630fb237828a30b575b0e8d60abb32f45ae21793df76936d
SERVER_HANDSHAKE_TRAFFIC_SECRET 87e4db0e5bd456f2a8f68331a7bdc81016e3dc65f0e585f8916a3b405cb2f9b7 89cae07f34e560c04bb0038bd815ce62691ce26e692fe6cad70bc4dee9fba3b2
CLIENT_HANDSHAKE_TRAFFIC_SECRET 87e4db0e5bd456f2a8f68331a7bdc81016e3dc65f0e585f8916a3b405cb2f9b7 cabc3327de170d670076e0f308ba99f01a2cdf8a38e3c53d18f612dfd42d7caf
SERVER_TRAFFIC_SECRET_0 87e4db0e5bd456f2a8f68331a7bdc81016e3dc65f0e585f8916a3b405cb2f9b7 5364b8b27c48eab3f0073110271c99612796faf3e5dc46f2e44bfaa2ee26e73f
CLIENT_HANDSHAKE_TRAFFIC_SECRET 87e4db0e5bd456f2a8f68331a7bdc81016e3dc65f0e585f8916a3b405cb2f9b7 cabc3327de170d670076e0f308ba99f01a2cdf8a38e3c53d18f612dfd42d7caf
SERVER_HANDSHAKE_TRAFFIC_SECRET 87e4db0e5bd456f2a8f68331a7bdc81016e3dc65f0e585f8916a3b405cb2f9b7 89cae07f34e560c04bb0038bd815ce62691ce26e692fe6cad70bc4dee9fba3b2
CLIENT_TRAFFIC_SECRET_0 87e4db0e5bd456f2a8f68331a7bdc81016e3dc65f0e585f8916a3b405cb2f9b7 e80fb187d1ccc7f4205cfa802241ea6dfe949053e63d7b21fd394fd1b720c46f
SERVER_TRAFFIC_SECRET_0 87e4db0e5bd456f2a8f68331a7bdc81016e3dc65f0e585f8916a3b405cb2f9b7 5364b8b27c48eab3f0073110271c99612796faf3e5dc46f2e44bfaa2ee26e73f
EXPORTER_SECRET 87e4db0e5bd456f2a8f68331a7bdc81016e3dc65f0e585f8916a3b405cb2f9b7 50580914a18caf8f3a2b972fe84e5db8ef37715a457756913be3c5de807e26bb
CLIENT_TRAFFIC_SECRET_0 87e4db0e5bd456f2a8f68331a7bdc81016e3dc65f0e585f8916a3b405cb2f9b7 e80fb187d1ccc7f4205cfa802241ea6dfe949053e63d7b21fd394fd1b720c46f
SERVER_HANDSHAKE_TRAFFIC_SECRET aaa90416771b26a59caf57554f377639b91b6d86102fa24a8f7d45c995bfe947 6baafcd1506b201346b3834ec4b3c6f5c9931cd9b5cf8c26a5c8fecdf5815167
CLIENT_HANDSHAKE_TRAFFIC_SECRET aaa90416771b26a59caf57554f377639b91b6d86102fa24a8f7d45c995bfe947 36304d9a48df56545cac0da4cfe257c31aa4182f7678f4876883f04e511225eb
SERVER_TRAFFIC_SECRET_0 aaa90416771b26a59caf57554f377639b91b6d86102fa24a8f7d45c995bfe947 bf570437a9f57f284eca1f16e970d22f1332923f8348e5bcbfb3ff266a28015e
CLIENT_HANDSHAKE_TRAFFIC_SECRET aaa90416771b26a59caf57554f377639b91b6d86102fa24a8f7d45c995bfe947 36304d9a48df56545cac0da4cfe257c31aa4182f7678f4876883f04e511225eb
SERVER_HANDSHAKE_TRAFFIC_SECRET aaa90416771b26a59caf57554f377639b91b6d86102fa24a8f7d45c995bfe947 6baafcd1506b201346b3834ec4b3c6f5c9931cd9b5cf8c26a5c8fecdf5815167
CLIENT_TRAFFIC_SECRET_0 aaa90416771b26a59caf57554f377639b91b6d86102fa24a8f7d45c995bfe947 efd8bf580576a212d89f9bb7c2a6c83c8fdb40698e346d51be8a7ff8384253a1
SERVER_TRAFFIC_SECRET_0 aaa90416771b26a59caf57554f377639b91b6d86102fa24a8f7d45c995bfe947 bf570437a9f57f284eca1f16e970d22f1332923f8348e5bcbfb3ff266a28015e
EXPORTER_SECRET aaa90416771b26a59caf57554f377639b91b6d86102fa24a8f7d45c995bfe947 08898b3a889aaa1d25bed6edf2d8c754681f78bb978b599db5b06f1c94c00f27
CLIENT_TRAFFIC_SECRET_0 aaa90416771b26a59caf57554f377639b91b6d86102fa24a8f7d45c995bfe947 efd8bf580576a212d89f9bb7c2a6c83c8fdb40698e346d51be8a7ff8384253a1
SERVER_HANDSHAKE_TRAFFIC_SECRET e4c083ec343d8790c7edf605e2f1b438232e73cfb6293213cc27aded2d508b8e de52e48a76f374f8fc536df49ddd39238e562d9d4352f68aa4bba52723f6ad48
CLIENT_HANDSHAKE_TRAFFIC_SECRET e4c083ec343d8790c7edf605e2f1b438232e73cfb6293213cc27aded2d508b8e 3d6314629f55a525984325a3438bdfa71e6330c026d24c8ef1eaa170249ad7ae
SERVER_TRAFFIC_SECRET_0 e4c083ec343d8790c7edf605e2f1b438232e73cfb6293213cc27aded2d508b8e c8eede24ae465ead1a12b7da0fbe55b1c9bcaa76b58c677211a0cd78423e3274
CLIENT_HANDSHAKE_TRAFFIC_SECRET e4c083ec343d8790c7edf605e2f1b438232e73cfb6293213cc27aded2d508b8e 3d6314629f55a525984325a3438bdfa71e6330c026d24c8ef1eaa170249ad7ae
SERVER_HANDSHAKE_TRAFFIC_SECRET e4c083ec343d8790c7edf605e2f1b438232e73cfb6293213cc27aded2d508b8e de52e48a76f374f8fc536df49ddd39238e562d9d4352f68aa4bba52723f6ad48
CLIENT_TRAFFIC_SECRET_0 e4c083ec343d8790c7edf605e2f1b438232e73cfb6293213cc27aded2d508b8e 30da60721b2a969e35bd3b0ec62d397fcaf8f0bd3b093461a02b48b61e14e6ae
SERVER_TRAFFIC_SECRET_0 e4c083ec343d8790c7edf605e2f1b438232e73cfb6293213cc27aded2d508b8e c8eede24ae465ead1a12b7da0fbe55b1c9bcaa76b58c677211a0cd78423e3274
EXPORTER_SECRET e4c083ec343d8790c7edf605e2f1b438232e73cfb6293213cc27aded2d508b8e d5786e3111cabfcac5b7ba6155dd259a3de78e0ad3144977a4f305e5f663e099
CLIENT_TRAFFIC_SECRET_0 e4c083ec343d8790c7edf605e2f1b438232e73cfb6293213cc27aded2d508b8e 30da60721b2a969e35bd3b0ec62d397fcaf8f0bd3b093461a02b48b61e14e6ae
SERVER_HANDSHAKE_TRAFFIC_SECRET 03bb588d8b76fedcc0d7ac5ef675364307793594d678e6f862f8561bb7c17f4e c5b463cec6f9ccc606a619b3e18a89d940287d7dd926dc31131d1b5937c2a90f
CLIENT_HANDSHAKE_TRAFFIC_SECRET 03bb588d8b76fedcc0d7ac5ef675364307793594d678e6f862f8561bb7c17f4e 4c91b6f69c51b439b81278d2e15afe4171421e926f64dfb63cdcb6ee27f57393
SERVER_TRAFFIC_SECRET_0 03bb588d8b76fedcc0d7ac5ef675364307793594d678e6f862f8561bb7c17f4e cdaca2dfef61a3347393b44396da3317a6fea3e029d6157fea5c5b72424bb9db
CLIENT_HANDSHAKE_TRAFFIC_SECRET 03bb588d8b76fedcc0d7ac5ef675364307793594d678e6f862f8561bb7c17f4e 4c91b6f69c51b439b81278d2e15afe4171421e926f64dfb63cdcb6ee27f57393
SERVER_HANDSHAKE_TRAFFIC_SECRET 03bb588d8b76fedcc0d7ac5ef675364307793594d678e6f862f8561bb7c17f4e c5b463cec6f9ccc606a619b3e18a89d940287d7dd926dc31131d1b5937c2a90f
CLIENT_TRAFFIC_SECRET_0 03bb588d8b76fedcc0d7ac5ef675364307793594d678e6f862f8561bb7c17f4e 228caf837df08800c792b187aed915011571a1edfb792f5cbefd3f3ba74a5ed4
SERVER_TRAFFIC_SECRET_0 03bb588d8b76fedcc0d7ac5ef675364307793594d678e6f862f8561bb7c17f4e cdaca2dfef61a3347393b44396da3317a6fea3e029d6157fea5c5b72424bb9db
EXPORTER_SECRET 03bb588d8b76fedcc0d7ac5ef675364307793594d678e6f862f8561bb7c17f4e f503d8cfd8d065a6d3d172dcecf1b0f508bede1a8ec1ebfea2222e6238125db1
CLIENT_TRAFFIC_SECRET_0 03bb588d8b76fedcc0d7ac5ef675364307793594d678e6f862f8561bb7c17f4e 228caf837df08800c792b187aed915011571a1edfb792f5cbefd3f3ba74a5ed4
SERVER_HANDSHAKE_TRAFFIC_SECRET e40462f50161115d7353b3ebb73f47b94e38ec124cf656479a1fb584212ff1f7 1a0ae32c4b505a85b795006bab8b1a1a31f3365e09f88b2b48021cf566b2f2ab
CLIENT_HANDSHAKE_TRAFFIC_SECRET e40462f50161115d7353b3ebb73f47b94e38ec124cf656479a1fb584212ff1f7 a6f7f8dec55a44303d4fbc01a3ce3e1a791082b3bc9397efab8b7cd408ac98db
SERVER_TRAFFIC_SECRET_0 e40462f50161115d7353b3ebb73f47b94e38ec124cf656479a1fb584212ff1f7 bc6b61e7ce11ab29e61297c8422ec1d38ebbe585ccb3f3e38bb70fa274812a36
SERVER_HANDSHAKE_TRAFFIC_SECRET 88458fa19cad191c68094212d7a9b82a388fcf9c562737c7a8c9e2c14e87bddd 7b6a490e7460d8b3e2e75bf87458e353d64c1e8d2d1307e867ee00ac25663f07
CLIENT_HANDSHAKE_TRAFFIC_SECRET 88458fa19cad191c68094212d7a9b82a388fcf9c562737c7a8c9e2c14e87bddd 767d1d8149f82db3d904dfe33dca6a2d39c56821e5603463be8dc02d492963c1
SERVER_TRAFFIC_SECRET_0 88458fa19cad191c68094212d7a9b82a388fcf9c562737c7a8c9e2c14e87bddd c4733e62a8517c4e8a92e5d6be31264c8af2e8b17272cb70869c2009078939d8
SERVER_HANDSHAKE_TRAFFIC_SECRET 9e0cbff8fda8121b1bd9b290ef27be6a63feb4c2eaa03ffe4c5f869c11e51491 f1b9bfc95e970e560008dfba471a674af0950516b49dd302bbc173e878e3be34
CLIENT_HANDSHAKE_TRAFFIC_SECRET 9e0cbff8fda8121b1bd9b290ef27be6a63feb4c2eaa03ffe4c5f869c11e51491 4130c8ad85a4f0eecde389c13541253a1bc2f4f654266beec01c3ca09d0c37c0
SERVER_TRAFFIC_SECRET_0 9e0cbff8fda8121b1bd9b290ef27be6a63feb4c2eaa03ffe4c5f869c11e51491 cea8a94bc9aa348e5c2bf83a8d328b83f19b99d066465b8f29ed10b696631d68
SERVER_HANDSHAKE_TRAFFIC_SECRET b0c9c6ccaa74b09c9d4deac24c9b9ed53431b90cbd43c2e4c2bfea8394c97fc9 6314e51f1cb1918d93511a816e5eee9609c240c4db742dde2189056e96b3a3aa
CLIENT_HANDSHAKE_TRAFFIC_SECRET b0c9c6ccaa74b09c9d4deac24c9b9ed53431b90cbd43c2e4c2bfea8394c97fc9 6a65cd81ff726597480392136e2639f71f0667bb1652bdf81beeaa689d377d10
SERVER_TRAFFIC_SECRET_0 b0c9c6ccaa74b09c9d4deac24c9b9ed53431b90cbd43c2e4c2bfea8394c97fc9 bc79974a5d364bd3fb32ba867e7f30d669817e3281e32a05c3e16c13f2312e6a
SERVER_HANDSHAKE_TRAFFIC_SECRET 1b315ba635f07bfef6e335a368f551bee5752e21c558074ed4131418d025e31d 72973240fd42e6278bde646d217b0de6f604a71f88d3424583bb420e5f05bbf3
CLIENT_HANDSHAKE_TRAFFIC_SECRET 1b315ba635f07bfef6e335a368f551bee5752e21c558074ed4131418d025e31d 79da82e45ea13066857ca15b92ea5b3c59ca3d2f5abd34effad7b4da2f86f72e
SERVER_TRAFFIC_SECRET_0 1b315ba635f07bfef6e335a368f551bee5752e21c558074ed4131418d025e31d 538868d98521243447dcea200fc222439bd8de173368f2a713c7103c6cd4a8fe
SERVER_HANDSHAKE_TRAFFIC_SECRET d0900b11f5548f9c26aa14014b05d2e9fcdd5b23056cb387633a667bef8a1e0f 3d9fcc4091bb4d4bb9d56c15420770484802499217c1473153eda04402996c3e
CLIENT_HANDSHAKE_TRAFFIC_SECRET d0900b11f5548f9c26aa14014b05d2e9fcdd5b23056cb387633a667bef8a1e0f 0a3bce01965cf70ee9c39e50e73fdc4c67a2158a06312df12550ae704c79a7c4
SERVER_TRAFFIC_SECRET_0 d0900b11f5548f9c26aa14014b05d2e9fcdd5b23056cb387633a667bef8a1e0f 41a37e896b0eb74c81ef05570d447d86eb8c574b05ddf4ca72f99eb723044080
SERVER_HANDSHAKE_TRAFFIC_SECRET 5c2151e67a052fbaf3b600e68dfbef8f58a2bb2c2468e69d7bd3de713b7da38b ea608e22b1e203ce19b26972dcc2df7f32a90cd88be9c06475bd141ea69c1dc4
CLIENT_HANDSHAKE_TRAFFIC_SECRET 5c2151e67a052fbaf3b600e68dfbef8f58a2bb2c2468e69d7bd3de713b7da38b d6d9f62f2d1b1d8d8654276ae731f5dd3b36c9e22da0c85dbfd40f604734b6d3
SERVER_TRAFFIC_SECRET_0 5c2151e67a052fbaf3b600e68dfbef8f58a2bb2c2468e69d7bd3de713b7da38b b1e0a06ce4c7df0b6879234922b590f43734eaef9e3c0585ff6e5d482ea21729
SERVER_HANDSHAKE_TRAFFIC_SECRET 36635884fa98b22ced3c9339d0af257eca20f300318feb01fa45592efbef1997 0312be3ede6941ceaa08dad7cdf4801fbbd8759d24cfcd840de5d6797a09fd3f
CLIENT_HANDSHAKE_TRAFFIC_SECRET 36635884fa98b22ced3c9339d0af257eca20f300318feb01fa45592efbef1997 259a08f49ebf8fd3a35a5a38ee3c2d168f7fa5c800af00fe4ca0cc1a7e4980bd
SERVER_TRAFFIC_SECRET_0 36635884fa98b22ced3c9339d0af257eca20f300318feb01fa45592efbef1997 0497f79cf718cedb86eeed637b7a3454ffbb0674948c8975371957dcaf301e41
SERVER_HANDSHAKE_TRAFFIC_SECRET 25db2b43d647939ce52693d4f4d3c3bed651378441ca36f1ba32f34f5e90c599 5c59b142666b599e824d4c4f31565a010d4a0881b1b0ba0cf30f85e5ce84ba08
CLIENT_HANDSHAKE_TRAFFIC_SECRET 25db2b43d647939ce52693d4f4d3c3bed651378441ca36f1ba32f34f5e90c599 9c831d94cbe263e4f4387b295076548579a00dd4eb1b111311a56f5142ced99f
SERVER_TRAFFIC_SECRET_0 25db2b43d647939ce52693d4f4d3c3bed651378441ca36f1ba32f34f5e90c599 69e25284141de0d11de75346787cf8b7a6c3d87f101a20e4eb2a22a1868947bd
SERVER_HANDSHAKE_TRAFFIC_SECRET 156567e7e392c526948e32e10d025189d0f6f92b30464fa3212a9c00e07af4b1 e74b26b34c70dd8b6c050bad91e70e78b5fa45ae1a22ecba17c15912d0164610
CLIENT_HANDSHAKE_TRAFFIC_SECRET 156567e7e392c526948e32e10d025189d0f6f92b30464fa3212a9c00e07af4b1 5f86e6342e908c5f7522e7d797900a0896ed06bc0d9d7e68b0ceb73473d0bba6
SERVER_TRAFFIC_SECRET_0 156567e7e392c526948e32e10d025189d0f6f92b30464fa3212a9c00e07af4b1 bd7a6ad3b6ceafa65d0720a1c86a0fd99358dd37c3aa674df42674175a28f18b
SERVER_HANDSHAKE_TRAFFIC_SECRET df404820e8162bedbb4a501d1c3e2366cc2d319bfd1eb882d9ac50970010607c c78c44f9cf4667d7b4db82deb41d7da0bc9ab9bd9f3d795360b5d6605bb909d8
CLIENT_HANDSHAKE_TRAFFIC_SECRET df404820e8162bedbb4a501d1c3e2366cc2d319bfd1eb882d9ac50970010607c df690e6fdeea29c3e4164b1a84f828e6feba767789ffec83188fe16d4e0485f6
SERVER_TRAFFIC_SECRET_0 df404820e8162bedbb4a501d1c3e2366cc2d319bfd1eb882d9ac50970010607c 9c6da15360dc93547316cff011978d2af250dacf59c990c5be5f8ecd6f52deda
SERVER_HANDSHAKE_TRAFFIC_SECRET 0cae41874496aa02488aebf4df1f8525dff6989f0d57d7dee82df49ae49eecab bb1624b2e3686913e48cca078a9bb009f8a780ece51b8c29dd824084fd18657a
CLIENT_HANDSHAKE_TRAFFIC_SECRET 0cae41874496aa02488aebf4df1f8525dff6989f0d57d7dee82df49ae49eecab 6e5be8d8b3cc5084f00af5452adba96b32f9747faa088f8bea2868940b623477
SERVER_TRAFFIC_SECRET_0 0cae41874496aa02488aebf4df1f8525dff6989f0d57d7dee82df49ae49eecab b9e96fa85d52517b6ad7e894de86a377b3bc4a2694924938b44470e5132aa0b5
SERVER_HANDSHAKE_TRAFFIC_SECRET 419e0d9f56f966760e571289bdfb87cd818d9144a13883b496e7813100cb98ab 8ee27a33af43138437e00d4b0a71ca2d269882110c26149d4cbcd9057c2c3613
CLIENT_HANDSHAKE_TRAFFIC_SECRET 419e0d9f56f966760e571289bdfb87cd818d9144a13883b496e7813100cb98ab 06e34b93a22520a558cc57625df5812a4b634612e17a847f88e9aa9539d2e1c9
SERVER_TRAFFIC_SECRET_0 419e0d9f56f966760e571289bdfb87cd818d9144a13883b496e7813100cb98ab ff9a277076dc5d7d808e62f6bffbab1acf1095b79aecc5ca633ca302f09c7bd4
SERVER_HANDSHAKE_TRAFFIC_SECRET 9eeb6a1bdf10ba1777ffceee604cb1ca80b633393a88cc0db3a8fe4d7cdbc175 a5c646040d380fdf995d6ced1e3932673185280a481821b0981280bb735bb9ed
CLIENT_HANDSHAKE_TRAFFIC_SECRET 9eeb6a1bdf10ba1777ffceee604cb1ca80b633393a88cc0db3a8fe4d7cdbc175 bb8644200be6bc9da8a8755517fb8d803371bcecd290c86620e161ae960c4993
SERVER_TRAFFIC_SECRET_0 9eeb6a1bdf10ba1777ffceee604cb1ca80b633393a88cc0db3a8fe4d7cdbc175 121a535787a281f28e28f63fce392a4d83f6c258ea30520d3610648cd154b89f
SERVER_HANDSHAKE_TRAFFIC_SECRET c755b5f0511a49663fca063bcc7c50f089d1a43d73bad09f1f3b2957f827c1fd ca2852b4fb80219026c78b8d202700a08fec3287e424678b98601f21b69c9465
CLIENT_HANDSHAKE_TRAFFIC_SECRET c755b5f0511a49663fca063bcc7c50f089d1a43d73bad09f1f3b2957f827c1fd 2a1cd13d740d57628d729545664365c3461eefb276238a965b1fddc6aa98e7bc
SERVER_TRAFFIC_SECRET_0 c755b5f0511a49663fca063bcc7c50f089d1a43d73bad09f1f3b2957f827c1fd 2d37df62e9c67f172a6f367edaf7b86e5d950572f45eb441d5bd69f91accc6d7
SERVER_HANDSHAKE_TRAFFIC_SECRET ef724f61946e48ddc4ab2dd066884ef764f18d7651f57db914f7248f46742f96 488ae57b26de61ee28beb5e76b6c7b3c6bb6a16d8b3c14f99ccc965bc7f2cd8c
CLIENT_HANDSHAKE_TRAFFIC_SECRET ef724f61946e48ddc4ab2dd066884ef764f18d7651f57db914f7248f46742f96 260708f8331adeebf48720f7170300c69665391b4ba9484e0e08b02422954c6f
SERVER_TRAFFIC_SECRET_0 ef724f61946e48ddc4ab2dd066884ef764f18d7651f57db914f7248f46742f96 ad220755289efda273b44df067cfdd24a4da773250fabd31e4ef00efb3e92758
SERVER_HANDSHAKE_TRAFFIC_SECRET 65fc58550e548fe044489daf9d69ae11fa0190e424071c47c20221491134cb7c 8a1ead2625fde93ba9a3f82368646e342dc877130c1f973c4f449ea17e2e769c
CLIENT_HANDSHAKE_TRAFFIC_SECRET 65fc58550e548fe044489daf9d69ae11fa0190e424071c47c20221491134cb7c d332daedaa28351e4c5edb16812fc962b7614f4eb83ecc80de30c809d2cae441
SERVER_TRAFFIC_SECRET_0 65fc58550e548fe044489daf9d69ae11fa0190e424071c47c20221491134cb7c 352719c86d48a5938e80c141c81ef9dfd221d8419d3ce729c90b2b2676b37500
SERVER_HANDSHAKE_TRAFFIC_SECRET a1f900d8a3e733186f3731867c9726c1771e6b9df654f4a61a8c74e240f68339 34a13e3640f24f28ecd495986b28b499eb48db61a792765d6753dd0c7cb86643
CLIENT_HANDSHAKE_TRAFFIC_SECRET a1f900d8a3e733186f3731867c9726c1771e6b9df654f4a61a8c74e240f68339 048ec5e0d01e14fb8cb92024a8c58b228a27dc024bdc7e5e7d9b8282dcf376c3
SERVER_TRAFFIC_SECRET_0 a1f900d8a3e733186f3731867c9726c1771e6b9df654f4a61a8c74e240f68339 bfcfe7afdeba40b3e87ad8a31185a6329bbdd0cecc12d53a97ef88186ac1004d
SERVER_HANDSHAKE_TRAFFIC_SECRET 79dce315d8493534aeaaa78a6ad66106e90de1eff24cb3a5b57cce66bcf42ff6 3ecee8b65b655dc85b5d4ef5e43a77d8e8ae09ca506237c001849013b2c729ce
CLIENT_HANDSHAKE_TRAFFIC_SECRET 79dce315d8493534aeaaa78a6ad66106e90de1eff24cb3a5b57cce66bcf42ff6 7e48d7da391fecccf0f759565685ebcc3e667fa90157017b045a4621890ea6e9
SERVER_TRAFFIC_SECRET_0 79dce315d8493534aeaaa78a6ad66106e90de1eff24cb3a5b57cce66bcf42ff6 f4cdf6e5d4cfa341fb2a72ae3dd9d5d8a1ab4bd686cff4f07e1d267227500594
SERVER_HANDSHAKE_TRAFFIC_SECRET 9471e7de3a1d1f212ca63ce71e76be1fe5556124944e3b6226d30385ef8c5baa c4903c1a64a162cb0ad19f439c1a8f0d48ea25314cb0facf3aebb026bf0c7380
CLIENT_HANDSHAKE_TRAFFIC_SECRET 9471e7de3a1d1f212ca63ce71e76be1fe5556124944e3b6226d30385ef8c5baa f14df1e7bb6d98e7da72bcdd9deb01fa4289840d79123a9e496d75fb92205e67
SERVER_TRAFFIC_SECRET_0 9471e7de3a1d1f212ca63ce71e76be1fe5556124944e3b6226d30385ef8c5baa 1cbf333e9bf65adaab466cc88febc328179e3f16c6e5b54604fda1b2229f34cf
SERVER_HANDSHAKE_TRAFFIC_SECRET 40218ef2bb6cc234d457e1415bfbd89788cc28f172017750a10b743243999b88 0a859e9c9a2202e3f0db5657326ff6480dc62de919c1bbd2a199f4ff64bc2998
CLIENT_HANDSHAKE_TRAFFIC_SECRET 40218ef2bb6cc234d457e1415bfbd89788cc28f172017750a10b743243999b88 5474412bed819abfd1f979e9f569199ddc8461f748a79bbd7ef8a1fbc6cf9a0d
SERVER_TRAFFIC_SECRET_0 40218ef2bb6cc234d457e1415bfbd89788cc28f172017750a10b743243999b88 624dc9936b9b80b24c975172cdf9a759df5fd32bb74f1b25af061f8d9014bc42
SERVER_HANDSHAKE_TRAFFIC_SECRET e053a2c24cf5f4a2b45451ceb28cea3241daf9da10bb236bb33d0a989dccfe58 881f7f75ccd25c7a685a876eeb1ee216a52f81c68dac3a5707dfd09320eed93d
CLIENT_HANDSHAKE_TRAFFIC_SECRET e053a2c24cf5f4a2b45451ceb28cea3241daf9da10bb236bb33d0a989dccfe58 ac53724b1bd1384fc90288134166980e7def4fe8061764f70f5b98d8cd4b0fe7
SERVER_TRAFFIC_SECRET_0 e053a2c24cf5f4a2b45451ceb28cea3241daf9da10bb236bb33d0a989dccfe58 9ba13f3dda139cf6ef00881200cadf13045a8afb73aed2323daa558dda5a4861
SERVER_HANDSHAKE_TRAFFIC_SECRET 1c56a22ee87938db422a67d4a44857ba89072035cdbfeb2ae56c88259ad4f9e3 0bc1d5bf16a76266f4e6561f0089f1b60ddb4fc6f25219466389b7de1fc27c00
CLIENT_HANDSHAKE_TRAFFIC_SECRET 1c56a22ee87938db422a67d4a44857ba89072035cdbfeb2ae56c88259ad4f9e3 1dc66af60b987b6e93a4e2a603e30d7cc9613fdf630c32c811150e66d8c51213
SERVER_TRAFFIC_SECRET_0 1c56a22ee87938db422a67d4a44857ba89072035cdbfeb2ae56c88259ad4f9e3 ed43fab5eb803752712ac3226849568d7aa6222b7dec884158d7ad6bc036a317
SERVER_HANDSHAKE_TRAFFIC_SECRET ff4c429cb73a9cd4b2685fa876f07aba0439e03a71dad7ecbef4b60d2232adac ffaa70d53055d95c3eb5d24a2378ba6bc80ce1c6059e0f9eccf37eaa77f9b500
CLIENT_HANDSHAKE_TRAFFIC_SECRET ff4c429cb73a9cd4b2685fa876f07aba0439e03a71dad7ecbef4b60d2232adac 5bfae0c7cd9da4ecc322eef3f0432eb4770d03da82468383270117c3d8ac029d
SERVER_TRAFFIC_SECRET_0 ff4c429cb73a9cd4b2685fa876f07aba0439e03a71dad7ecbef4b60d2232adac 819b9a9bb998678c504d0d9611bdb1231a6d1ab998686a4964b735498a15e07e
SERVER_HANDSHAKE_TRAFFIC_SECRET 8065db0b43c1a71ae55bb45ee152decc06a56807b4b9ff60e04b08330f4687fd 06ae5d7bfb24e7d5a3d6804d8aa2a03f79138698d6e615f6596d9bf199c66468
CLIENT_HANDSHAKE_TRAFFIC_SECRET 8065db0b43c1a71ae55bb45ee152decc06a56807b4b9ff60e04b08330f4687fd 54902523f185238c644dd769dbccd442b475cf6015b403875ba61cde2ca8baeb
SERVER_TRAFFIC_SECRET_0 8065db0b43c1a71ae55bb45ee152decc06a56807b4b9ff60e04b08330f4687fd cb4bf238ae73d5949e8a6f211e42626e45dc8c77897060eaf126356525a9f65d
SERVER_HANDSHAKE_TRAFFIC_SECRET 0522eed01b2845f8bbf767ae789326ca6fc7a3b73bb49469763fdfc8b323b7ab a407f90b8ce4c55766dceb4b5664b475fef47742c4a1a426eff93bb527fde5da
CLIENT_HANDSHAKE_TRAFFIC_SECRET 0522eed01b2845f8bbf767ae789326ca6fc7a3b73bb49469763fdfc8b323b7ab 46c6f4f783b18896db3be7ad4e201547c4592942b703473547c8ac3db1f355d8
SERVER_TRAFFIC_SECRET_0 0522eed01b2845f8bbf767ae789326ca6fc7a3b73bb49469763fdfc8b323b7ab 0025c2d6e7563de77c9beb1aac5c71721ed3be190caae1053573f13fbb283857
SERVER_HANDSHAKE_TRAFFIC_SECRET 1fa1d0ffd413753ed92a43978208bcc73e424dd6930ef9b45f248f93f7b76079 08dea24aa797a6b26efea3e18892139ed06d2ea9ad34bd7f519fcfdb9c0e1051
CLIENT_HANDSHAKE_TRAFFIC_SECRET 1fa1d0ffd413753ed92a43978208bcc73e424dd6930ef9b45f248f93f7b76079 dd4d5ae899448ebf7e42ee710ed63f80fa60b2889f0f87808536bc5c8ba8d806
SERVER_TRAFFIC_SECRET_0 1fa1d0ffd413753ed92a43978208bcc73e424dd6930ef9b45f248f93f7b76079 c3e07d036f99d718a3318fdf920d38df17bd49230e52f7f99d956c1d826ae9fd
SERVER_HANDSHAKE_TRAFFIC_SECRET 6c05eb8dcb79e328b734403c396044510401401a8f8f2152d15fcde901dced9c 0c84c3a0c343ea873335fa4ed9652addd7fc6df6b844df9f940585c136daf99e
CLIENT_HANDSHAKE_TRAFFIC_SECRET 6c05eb8dcb79e328b734403c396044510401401a8f8f2152d15fcde901dced9c e1c734424b9c2f248c9669986713df99dd2b2366d04b208ec10beecae410bcde
SERVER_TRAFFIC_SECRET_0 6c05eb8dcb79e328b734403c396044510401401a8f8f2152d15fcde901dced9c e22bc26b11218e57a7da1d763edba76ba6dc3741cbe03d6020d36be2fcb87a34
SERVER_HANDSHAKE_TRAFFIC_SECRET d0430f9b6129db824ee24daf07b9b40f46c27b8f43024412e2864f2b12749cb1 629703576cb1b3692a3b0505b3fa646cab247ca1dd4656c7311b50bd8fdd55a9
CLIENT_HANDSHAKE_TRAFFIC_SECRET d0430f9b6129db824ee24daf07b9b40f46c27b8f43024412e2864f2b12749cb1 5a1d6f752255cf0e49a7c05e7003b18da5a20fde9f8f7f040374a46f86c145e5
SERVER_TRAFFIC_SECRET_0 d0430f9b6129db824ee24daf07b9b40f46c27b8f43024412e2864f2b12749cb1 d4229f838d825d8d2a7b7672318abad79b473878198ab78228ce902a4bcff640
SERVER_HANDSHAKE_TRAFFIC_SECRET e9daaa6dcee5d3cfc69798dd4fca0b70d7f87658117105ac7aefca3c50e135bd 7d78d6a2a750c57fa2840adc511161de6377b79b9c26641f29bf2da421dda7ea
CLIENT_HANDSHAKE_TRAFFIC_SECRET e9daaa6dcee5d3cfc69798dd4fca0b70d7f87658117105ac7aefca3c50e135bd e5160710af41f043079e58cf0bef0489748d5a5a07b8e9a81fbd376b7c373b62
SERVER_TRAFFIC_SECRET_0 e9daaa6dcee5d3cfc69798dd4fca0b70d7f87658117105ac7aefca3c50e135bd f4112034ffe3ddf4e59ad34f74d81593c639ecf87e6fbed74ed66ecc55f8a6ab
SERVER_HANDSHAKE_TRAFFIC_SECRET 8765340c3775f6ff7c6f849533c1833e8f7828c2b68442025fa6794baa11d6bb 18c8094ba8978d6f97f76742962ec047303e57f1801e49f8fea47258e90cb91c
CLIENT_HANDSHAKE_TRAFFIC_SECRET 8765340c3775f6ff7c6f849533c1833e8f7828c2b68442025fa6794baa11d6bb 66e4ca291b20e4dd31a99a0c2744765e8e1dba509fd98472a4b8d3b325b2a344
SERVER_TRAFFIC_SECRET_0 8765340c3775f6ff7c6f849533c1833e8f7828c2b68442025fa6794baa11d6bb 976c2ea6893bb17b9d1eb29614a2a62bd6541e2fc9b5b590eaa5ab890745f6bc
SERVER_HANDSHAKE_TRAFFIC_SECRET be09c4d90e36b28ae249b9eb4f760d76c6be2f9ca77ff29f8ac6bfdb4a54fbf5 ef72bca4260c64ad005aa6feaa17dd22b0c8ffa17c0caf05cf38ced193af5743
CLIENT_HANDSHAKE_TRAFFIC_SECRET be09c4d90e36b28ae249b9eb4f760d76c6be2f9ca77ff29f8ac6bfdb4a54fbf5 18c1b4edb58143dd7450d0f020c61a405019c670b0be70947b076d4faaed1c52
SERVER_TRAFFIC_SECRET_0 be09c4d90e36b28ae249b9eb4f760d76c6be2f9ca77ff29f8ac6bfdb4a54fbf5 27b743109a10ba94b642c9b921ade997cdf1c228bb655be18d53b46f39629d91
SERVER_HANDSHAKE_TRAFFIC_SECRET aa1092b3c22c498f882e859459d53003d152b43e5e81193b89925fcf47a4b6f4 f7ff4d15bae6873d29866864ffc427a74b8c049c02b293bd696956c7de950660
CLIENT_HANDSHAKE_TRAFFIC_SECRET aa1092b3c22c498f882e859459d53003d152b43e5e81193b89925fcf47a4b6f4 bd646033d77dfdebd15e40d2f0dd367ebf097614a477db53a67d5eca83923e09
SERVER_TRAFFIC_SECRET_0 aa1092b3c22c498f882e859459d53003d152b43e5e81193b89925fcf47a4b6f4 f7909386ddc6a1d6ce58fb4bb27513dd2d918f8b89785a973369874cee3e240f
SERVER_HANDSHAKE_TRAFFIC_SECRET 3883e5ddaa22924fc6f3405605e45e24c3934f123056d203be41d576080b66b1 96e06e0810d775f45aa7572c14cccd1f16d4c446415a03f434364edffd6e176d
CLIENT_HANDSHAKE_TRAFFIC_SECRET 3883e5ddaa22924fc6f3405605e45e24c3934f123056d203be41d576080b66b1 01b49b3d5644be3ac2b3686a05897fab2c5d464e42186dc5215af8dd26f6581b
SERVER_TRAFFIC_SECRET_0 3883e5ddaa22924fc6f3405605e45e24c3934f123056d203be41d576080b66b1 614b0256c19f478469c466f03151715408b3f5e84385e2dd8b3e0db1755251ac
SERVER_HANDSHAKE_TRAFFIC_SECRET 84d2fd591cb8bce5d26df2b338bc005f9e6b13b816052787f5a3ee26b5b9245e 9e415a5eb5c2589183d381c755087d4f07932a9458cf7dc40560acf863104f1f
CLIENT_HANDSHAKE_TRAFFIC_SECRET 84d2fd591cb8bce5d26df2b338bc005f9e6b13b816052787f5a3ee26b5b9245e a6f6398cd407ba3394bf281805d6cf29a737a3024fb9f15af1a3d9a78d0e40a4
SERVER_TRAFFIC_SECRET_0 84d2fd591cb8bce5d26df2b338bc005f9e6b13b816052787f5a3ee26b5b9245e 7f6356ef74cba3924f0abea76a5306d128a42176dc0c862355f802c1c06154bc
SERVER_HANDSHAKE_TRAFFIC_SECRET b779cfdccf72ed75114fbe1ffee965045e2f99d1efe08b20a7ef5a95671e823e f8b524c71298de06c7893f689fb63af081abd211218bd365c9c73ae20d30eb67
CLIENT_HANDSHAKE_TRAFFIC_SECRET b779cfdccf72ed75114fbe1ffee965045e2f99d1efe08b20a7ef5a95671e823e 8c5a487d72808d81c87adfcc13de0402956b39768d3b179c396ddaae5dbd82b1
SERVER_TRAFFIC_SECRET_0 b779cfdccf72ed75114fbe1ffee965045e2f99d1efe08b20a7ef5a95671e823e 399b8341c7048cb4d82db9f288759d48b248d7a010a2d373c407cad61b5d7654
SERVER_HANDSHAKE_TRAFFIC_SECRET e78cc29ff4dc497ed52c93bbd0baedf35702f0bdc73f004a0a314b139dec645b f7a945fdee1b0f3a4c1d19dbb0a49372cbc5ac8e1cfe5584daea0c43c096b167
CLIENT_HANDSHAKE_TRAFFIC_SECRET e78cc29ff4dc497ed52c93bbd0baedf35702f0bdc73f004a0a314b139dec645b dc3256ce827bab8a1299e9c1065280afc2e8a48d0b5b34838247babff28eefe2
SERVER_TRAFFIC_SECRET_0 e78cc29ff4dc497ed52c93bbd0baedf35702f0bdc73f004a0a314b139dec645b a717dd23ed38d8ee7d655e86f0e486257b9348ebff7d886f51bd8eeb5b15f0e6
SERVER_HANDSHAKE_TRAFFIC_SECRET 3d0a851376354da248a52190f86357cc1b8b27e8670ea1707e1638c665551763 5b207c1ea0c2333c88a4f95cddf74731f0bb3f45950ec644ea9af24e71f9ae97
CLIENT_HANDSHAKE_TRAFFIC_SECRET 3d0a851376354da248a52190f86357cc1b8b27e8670ea1707e1638c665551763 1d2f742a8cac3a8bf55a0075124dddfef420c7edf56d24ecb589473e455254b4
SERVER_TRAFFIC_SECRET_0 3d0a851376354da248a52190f86357cc1b8b27e8670ea1707e1638c665551763 08e30915ee5e4edb4192a2dc471f24def98d92d8957af0dfa3c054da23327783
SERVER_HANDSHAKE_TRAFFIC_SECRET 53b1a23a53ed724941bd4052cc8f6e9e44a7c015ba4e843ac86610b8e75949ba 4bf9e8ae47d7e79807936693f4317c6ae87d54dcc01a88aad7f1b6cee7ae51af
CLIENT_HANDSHAKE_TRAFFIC_SECRET 53b1a23a53ed724941bd4052cc8f6e9e44a7c015ba4e843ac86610b8e75949ba 2ea8c97e4fd04b85ee8d526176106c3f5f374ca8203e8835db2f714310ae29de
SERVER_TRAFFIC_SECRET_0 53b1a23a53ed724941bd4052cc8f6e9e44a7c015ba4e843ac86610b8e75949ba ccecaa92c3734a01753405daa24d43ad1559bb55046ef1d0b938152695479305
SERVER_HANDSHAKE_TRAFFIC_SECRET d02ef0e04ca3c220637c36433fa48acca8ec09eabdf970b74b4195803e497035 18141e850848eb1c27fe46187e8c65ec6afaca1fc42bed0373116cdce82408bc
CLIENT_HANDSHAKE_TRAFFIC_SECRET d02ef0e04ca3c220637c36433fa48acca8ec09eabdf970b74b4195803e497035 2366655523eec2ac19506a72da1ba2e33d365caa01863084bd91a7e7e9679569
SERVER_TRAFFIC_SECRET_0 d02ef0e04ca3c220637c36433fa48acca8ec09eabdf970b74b4195803e497035 008a2ef15855c83d9bef6f74d28db7e0fbf5153c9e404bce993f070ea0fae444
SERVER_HANDSHAKE_TRAFFIC_SECRET a3f9d72b0ca8931cc8a34e13c1f1cffbc3547b60b98877d33e6a03c6dff3b675 2bc79fe304608faeb491aa564ce0fa65bf17aeb8a30c785bb3e9f71b5f1599fd
CLIENT_HANDSHAKE_TRAFFIC_SECRET a3f9d72b0ca8931cc8a34e13c1f1cffbc3547b60b98877d33e6a03c6dff3b675 0cdededb0c8f0671f6b3d69bbcdd39fd2eb16c3de797051fe6699c117a53d319
SERVER_TRAFFIC_SECRET_0 a3f9d72b0ca8931cc8a34e13c1f1cffbc3547b60b98877d33e6a03c6dff3b675 6f8434238d4755be2efc5d8e3b718ce1d974b8a0f3f82df7339fddab252f3492
SERVER_HANDSHAKE_TRAFFIC_SECRET 0d6036d1cc6de8a065953370a2c0dfb059abebfb6df9f960f53654217f3321e0 b19190819541afc7e7f89962cfd67f1f4cf158adfafe36512b54bf83de701c5c
CLIENT_HANDSHAKE_TRAFFIC_SECRET 0d6036d1cc6de8a065953370a2c0dfb059abebfb6df9f960f53654217f3321e0 3c98f9f35331b54daf13bda1892612195d3c7abe6b187d4bb7181e0c0021ad3f
SERVER_TRAFFIC_SECRET_0 0d6036d1cc6de8a065953370a2c0dfb059abebfb6df9f960f53654217f3321e0 f10fa6d46d26c6ec6932297bccfe5fd0bbeaf57155fdc5542ad8b392ae785aa6
SERVER_HANDSHAKE_TRAFFIC_SECRET 97338bc42e5c5ddc32b4c88269cfa5309c4494694b9f04c11e2c22af1d6df0d7 498f2eff3da8ff0104fc75dd5b682e5cf7b519aa254c3395c5566c5e26b1afb1
CLIENT_HANDSHAKE_TRAFFIC_SECRET 97338bc42e5c5ddc32b4c88269cfa5309c4494694b9f04c11e2c22af1d6df0d7 223f29bc2dcc09b066000a85175bcde199a95111c2d3f8e30601ab3f2f718181
SERVER_TRAFFIC_SECRET_0 97338bc42e5c5ddc32b4c88269cfa5309c4494694b9f04c11e2c22af1d6df0d7 cf9fc348a9cc49f0abce5ab5783e834aba2621a1fcefd4f7353fb7cb76bf0b28
SERVER_HANDSHAKE_TRAFFIC_SECRET 87e69d497f5fe485075d3eac35e8a7a67abd713c3ac72d10dac215f437015150 b26fb073db09372725d0c37c9915bd3c58ef20d46c498d410398c653f0ad201b
CLIENT_HANDSHAKE_TRAFFIC_SECRET 87e69d497f5fe485075d3eac35e8a7a67abd713c3ac72d10dac215f437015150 3ff6722fdf68e7465ffa532e7a62d22e9cf3d55398a11432cfdb20a9c9719637
SERVER_TRAFFIC_SECRET_0 87e69d497f5fe485075d3eac35e8a7a67abd713c3ac72d10dac215f437015150 d8705149044f499b24ce6ff86e74e50be5022f47c28bbd3dbf22484c6e30d64f
SERVER_HANDSHAKE_TRAFFIC_SECRET 4fab6a94987841d3555e9965aee020ea7215cf30358ab0ebf5a28bfe9fa7fc3d 61192592317d14f3cd078497b4890cf76480867fa5fb7d08c6d55fe866bbf0b7
CLIENT_HANDSHAKE_TRAFFIC_SECRET 4fab6a94987841d3555e9965aee020ea7215cf30358ab0ebf5a28bfe9fa7fc3d 4b6f7a1aa09a0bc2cd4389588f28a443ff1a74748f2b6c2dfbb52f6eb8034ce0
SERVER_TRAFFIC_SECRET_0 4fab6a94987841d3555e9965aee020ea7215cf30358ab0ebf5a28bfe9fa7fc3d 16950ed04dd31a9c4d6dac2791650d49716a4cd4cf9f6a26e6361e2fa6f7b51a
SERVER_HANDSHAKE_TRAFFIC_SECRET e2d39ec7bf3188b18a5643e1f398e4bb2edd40715637c25ff20ae3cf3f44d05b 7ea18779d4d0df6b1a68e9cbbc1d9151977653bfa4f4110a22b34697e2f19c18
CLIENT_HANDSHAKE_TRAFFIC_SECRET e2d39ec7bf3188b18a5643e1f398e4bb2edd40715637c25ff20ae3cf3f44d05b da1cc0f2b38c308bab8a9261dc3ab6fbe71e4fa918daa741e5a102f99d5fbe56
SERVER_TRAFFIC_SECRET_0 e2d39ec7bf3188b18a5643e1f398e4bb2edd40715637c25ff20ae3cf3f44d05b a0eba531ee02fabcc81b0a004e5b17efc3ab0abb25bdcfad230d7a006ec18ebb
SERVER_HANDSHAKE_TRAFFIC_SECRET a1a40de49ed899971b269b732cef8c783364920a0a373d573e8b155349eec5cd d7692e6da4de0d4869faffbec5118e3185c43539973ffd8d43d85b07607a919c
CLIENT_HANDSHAKE_TRAFFIC_SECRET a1a40de49ed899971b269b732cef8c783364920a0a373d573e8b155349eec5cd 72c008b8a95a19f53126399fa4ded7fd15d0ab9195f8e448703c3aa06dd1bfd2
SERVER_TRAFFIC_SECRET_0 a1a40de49ed899971b269b732cef8c783364920a0a373d573e8b155349eec5cd eea973c58757eece2a7d821c3af4646311d7af393b53806995086d074d7fe903
SERVER_HANDSHAKE_TRAFFIC_SECRET f1f65dce5b4738bdb2c0a152009974c1a0c3b9435f96f5cb382d66dd1ca33ce9 71c0178e69c6f5be8cf741417da3ac341c3febb70fa70ce785b5c85bde143750
CLIENT_HANDSHAKE_TRAFFIC_SECRET f1f65dce5b4738bdb2c0a152009974c1a0c3b9435f96f5cb382d66dd1ca33ce9 f75546adffa2755d46ee88357702c3810e8915a626a2ed43580ae8f827eeb56d
SERVER_TRAFFIC_SECRET_0 f1f65dce5b4738bdb2c0a152009974c1a0c3b9435f96f5cb382d66dd1ca33ce9 ae877a67d6d32ad929c1a1bbd3a8ff2632bb70a76b5479c2aab7c42637e8fc92
SERVER_HANDSHAKE_TRAFFIC_SECRET d928a208c97c69ae20771714e14d327affe7fdbc4dd43f346669670b3d1ba95c af69fe6716ee94633730d531bc7c70cfb7291c4e6a8ae0c4c2c24a5609b8ee54
CLIENT_HANDSHAKE_TRAFFIC_SECRET d928a208c97c69ae20771714e14d327affe7fdbc4dd43f346669670b3d1ba95c 3e7bd7a1e59e7fb205de6e66e7c147734423a63856da4455f4076309c8622a82
SERVER_TRAFFIC_SECRET_0 d928a208c97c69ae20771714e14d327affe7fdbc4dd43f346669670b3d1ba95c 1aaa17f40431ecfb01452a61a80593c37e8d022968bedf556d7029412b17d683
SERVER_HANDSHAKE_TRAFFIC_SECRET 272337f149088785537b4e25e1b480ee3baaee1fc8ac19b22826651646cd62da 1a50c9f875aef0777d4ab325514a39d45521a14e8a1fde502b77e448c61137d1
CLIENT_HANDSHAKE_TRAFFIC_SECRET 272337f149088785537b4e25e1b480ee3baaee1fc8ac19b22826651646cd62da f8020111c9c29ae096926f9a88ab3347ae82a2d2389e2ad83c5b7367522cba9c
SERVER_TRAFFIC_SECRET_0 272337f149088785537b4e25e1b480ee3baaee1fc8ac19b22826651646cd62da a03ecc114df5b695ca48380931494ea90aa12d1a5507df9364f1121b23d9957c
