SERVER_HANDSHAKE_TRAFFIC_SECRET 7947f28ade2ab1d4e37203f6357658705e23b244d3797f3a088a9db6cf2604f1 473fdf2e388f1da0b419529095169dc2f9d4844d2f387a8f6b3ad73d94d1d4f5
CLIENT_HANDSHAKE_TRAFFIC_SECRET 7947f28ade2ab1d4e37203f6357658705e23b244d3797f3a088a9db6cf2604f1 661eb95346eb8eff37e893c9f829970c3b6eacc9aad982c6f79773acd06b524b
SERVER_TRAFFIC_SECRET_0 7947f28ade2ab1d4e37203f6357658705e23b244d3797f3a088a9db6cf2604f1 b9655ca58dac7d07879952696668587dbf9222ccea16083de203f277b48c4c35
CLIENT_TRAFFIC_SECRET_0 7947f28ade2ab1d4e37203f6357658705e23b244d3797f3a088a9db6cf2604f1 a7ec2af52bfbcb0e0ead40c840cc0c69e18dbd6ffe3fdf9301a8f716d39ada31
SERVER_HANDSHAKE_TRAFFIC_SECRET b1ba6a6f8c147ff7734f6b6cfcfecec6836aaded7569002291412b95d507d2b0 b44f666996759696eff46959654128519b57d10c065894c765609165e5df7637
CLIENT_HANDSHAKE_TRAFFIC_SECRET b1ba6a6f8c147ff7734f6b6cfcfecec6836aaded7569002291412b95d507d2b0 5a6e7885de0c1f3fc2d05b48ab88852991c6a3f61dba78385d6320e292838e55
SERVER_TRAFFIC_SECRET_0 b1ba6a6f8c147ff7734f6b6cfcfecec6836aaded7569002291412b95d507d2b0 41482ffed5e4570f47870161bc0c7eb5227d63819115141e3c5d0325fb21d86f
CLIENT_TRAFFIC_SECRET_0 b1ba6a6f8c147ff7734f6b6cfcfecec6836aaded7569002291412b95d507d2b0 ee2f9c4fa90a4b346a6c2ea010916723af01fb5a2754f487a7c66dd3bf125a4e
SERVER_HANDSHAKE_TRAFFIC_SECRET 79f4b1cca91698c503ea360ff1756abf011619c20ec0f92f00ed6ded07d2fab0 3f89677a2a0a9ac8e822d46d306f5ed7911c8483f9b77b0815877119817be82d
CLIENT_HANDSHAKE_TRAFFIC_SECRET 79f4b1cca91698c503ea360ff1756abf011619c20ec0f92f00ed6ded07d2fab0 97b5fd8bc71edf454cf94225676fc98f66cb4181a96f2827f15fafa6746fe9ea
SERVER_TRAFFIC_SECRET_0 79f4b1cca91698c503ea360ff1756abf011619c20ec0f92f00ed6ded07d2fab0 f8f2cab4fef4795bf91e1c75a673b2ac5ad74fc2dfc754972dfd81bb4c529638
CLIENT_TRAFFIC_SECRET_0 79f4b1cca91698c503ea360ff1756abf011619c20ec0f92f00ed6ded07d2fab0 2f83bd7592cf39e71516698de8590623beaf84b6222e0c8daa82d2a4f16f5169
SERVER_HANDSHAKE_TRAFFIC_SECRET faf5b88ac37f6c1aff3e828546ce17082583e67d29b17a8ccb2c2e6af088e10b e3c7b0ca4336f029792d4f0b561f19032b96df5a146b42c0d95e15b60a92e82f
CLIENT_HANDSHAKE_TRAFFIC_SECRET faf5b88ac37f6c1aff3e828546ce17082583e67d29b17a8ccb2c2e6af088e10b 294adad44dcc1f930abc2077bd84f38d3d746de9f30759484098837473540299
SERVER_TRAFFIC_SECRET_0 faf5b88ac37f6c1aff3e828546ce17082583e67d29b17a8ccb2c2e6af088e10b edfba553c73321c0e67ed73e708eae4f8040e229a241699ca3b012f0ec632762
SERVER_HANDSHAKE_TRAFFIC_SECRET 3c56a0e6216ad24f2621f64d9e20f888b28cdea432749ebc123a6e8e67ad84ec 48ed7eb55fc65938d8ea6b54eac2f795c700db24183b76a0988bf6253ee707f9
CLIENT_HANDSHAKE_TRAFFIC_SECRET 3c56a0e6216ad24f2621f64d9e20f888b28cdea432749ebc123a6e8e67ad84ec f2562cc4275db3cfcc7dea3c1545d3f272c0c711b499472f4442c0de4430c490
SERVER_TRAFFIC_SECRET_0 3c56a0e6216ad24f2621f64d9e20f888b28cdea432749ebc123a6e8e67ad84ec 24be843ed2dc12263323ff27e903fb9aa5fac45ded7f806919a3915c85706b61
SERVER_HANDSHAKE_TRAFFIC_SECRET e16bbd5334822404730958d9b1f5dc188e2f1a4ddd1d02948fb25fb5ad57d7cd 225b851f60e1dad67eb91747953ab9bf498adf30664fba54a914d92658dfd463
CLIENT_HANDSHAKE_TRAFFIC_SECRET e16bbd5334822404730958d9b1f5dc188e2f1a4ddd1d02948fb25fb5ad57d7cd 26862b3e9d250bfaddaeffca219de7d79dc2ecfa90360cbf0fb4691a28f8d24c
SERVER_TRAFFIC_SECRET_0 e16bbd5334822404730958d9b1f5dc188e2f1a4ddd1d02948fb25fb5ad57d7cd 1dc8ef26a923c5584274c1db82e036d7eb39f9325716b98ec199ae954c0f47da
SERVER_HANDSHAKE_TRAFFIC_SECRET 5c20a01ed465979cbb710ce19703ef32dc220c4bc2d692b901cf88e3c62c4636 6df9364f62ddbb893e8226506815de06b14389da9032e640da83444f0566be68
CLIENT_HANDSHAKE_TRAFFIC_SECRET 5c20a01ed465979cbb710ce19703ef32dc220c4bc2d692b901cf88e3c62c4636 a6f8f504d103f4745ea0aa1e7c85f0da3c99f7cf26a0ebc51da0d654268be9af
SERVER_TRAFFIC_SECRET_0 5c20a01ed465979cbb710ce19703ef32dc220c4bc2d692b901cf88e3c62c4636 f902b0eb75eedf2b24a5a72afc15160896e267774e15b2339df52f2281831459
SERVER_HANDSHAKE_TRAFFIC_SECRET 69038f2b2b1d4d89d5eecf888d477354a7d4a31bda9e0353d086aec358a544e6 a36f3ea4ad50255d9cb2332b981082c49d3821676774c00c494091feaf847c11
CLIENT_HANDSHAKE_TRAFFIC_SECRET 69038f2b2b1d4d89d5eecf888d477354a7d4a31bda9e0353d086aec358a544e6 54d33f0376e9acdaa7b04841780abd36acae2f09c547709f08b9dfc4fa5d7649
SERVER_TRAFFIC_SECRET_0 69038f2b2b1d4d89d5eecf888d477354a7d4a31bda9e0353d086aec358a544e6 055c0466a65711d9baff3f4e3ae22b337afde2ca3a2866d685a6b9cff3ec5ca7
SERVER_HANDSHAKE_TRAFFIC_SECRET d2d84b612fbbf2694432e3243a29b43bd7a6ef3855ebc3261a975af0ad2da975 9c34798c7c0411ebe36a2eeb9efd8e8a5db498d6d2da535cb12e4da010dc94e1
CLIENT_HANDSHAKE_TRAFFIC_SECRET d2d84b612fbbf2694432e3243a29b43bd7a6ef3855ebc3261a975af0ad2da975 e0169a3bb18b0d632527c07e1c88ed09ed76d1715d4941842a1b7e5f60db82b3
SERVER_TRAFFIC_SECRET_0 d2d84b612fbbf2694432e3243a29b43bd7a6ef3855ebc3261a975af0ad2da975 448b2e0f175dc99d2ee95bfd7652f59eaa5cd64516de146b6a157d3a856604e3
SERVER_HANDSHAKE_TRAFFIC_SECRET 38a12924ea06d04fee4106467f679b5e7ccad7253c11cf550219e4d754e13e47 a751bc277e44a241315efc1e564044f9c20a1a973f0479ae6eec695515b37232
CLIENT_HANDSHAKE_TRAFFIC_SECRET 38a12924ea06d04fee4106467f679b5e7ccad7253c11cf550219e4d754e13e47 7a5fbc631db78b86e4cae8d42dad465d70a7f33c6f11dec1e4c17af0d902acaa
SERVER_TRAFFIC_SECRET_0 38a12924ea06d04fee4106467f679b5e7ccad7253c11cf550219e4d754e13e47 cd446f4f56087911edcb5f2b629812664cb83bc923c8450db952b393c2f866ec
SERVER_HANDSHAKE_TRAFFIC_SECRET 1ae8062b967ee06d90adb58bf84cefa5ce1f56117f50d13c7b44c55208460a59 13a28a61214319633f9b00d0df20424b917541e4851f49d08cd3a65a8a22f62a
CLIENT_HANDSHAKE_TRAFFIC_SECRET 1ae8062b967ee06d90adb58bf84cefa5ce1f56117f50d13c7b44c55208460a59 dd6cf45adfb0c6813092e273a406a5cd51e07f14867e0a342518524e16278f68
SERVER_TRAFFIC_SECRET_0 1ae8062b967ee06d90adb58bf84cefa5ce1f56117f50d13c7b44c55208460a59 b423ebdf60bf489e74c6e93ab26a8d623f5fb59791d70d3f67e75d0de685b6af
SERVER_HANDSHAKE_TRAFFIC_SECRET 65bd570f8ff45f789f4e0a86713531e99016db9922e2d90109d2ddc7e03f2a26 ac9110b0c6743c35e81d917e907ac9dab0f784bb7721f546b5a18d26eaafb587
CLIENT_HANDSHAKE_TRAFFIC_SECRET 65bd570f8ff45f789f4e0a86713531e99016db9922e2d90109d2ddc7e03f2a26 177e9a9511df7a87d84c4e04217f8b6e3e0a2ac22fa8224ee011577db277d71e
SERVER_TRAFFIC_SECRET_0 65bd570f8ff45f789f4e0a86713531e99016db9922e2d90109d2ddc7e03f2a26 4962daff5e59a9cd277f05cfea2240f1c937f34f6982d2b00fa6d016f8f18e40
SERVER_HANDSHAKE_TRAFFIC_SECRET 60f805251d53a226b071a680fbbafa83fab0dd4cceef5e807c24edac605615d2 9890c92af1b5ff46c95016aa3a1cb27f6ef4cc9fdd31f47e4a7011dde3704a3c
CLIENT_HANDSHAKE_TRAFFIC_SECRET 60f805251d53a226b071a680fbbafa83fab0dd4cceef5e807c24edac605615d2 1efb401b1669773669716ed27486c27cb93e5aab9fb87924ff33b7afdf9def56
SERVER_TRAFFIC_SECRET_0 60f805251d53a226b071a680fbbafa83fab0dd4cceef5e807c24edac605615d2 d4144360505b6518b352c4b749f455606322a38ba2156965973be9f39d806b50
SERVER_HANDSHAKE_TRAFFIC_SECRET 154ebb6127302d7425560d17e2dd357a4c2b25ca86ab9252dcbd135e9e295e4a 6f3d9c54b3bc796889ecfe10f25b8a25e0a5c53f796a11fbf87aff37fe684f10
CLIENT_HANDSHAKE_TRAFFIC_SECRET 154ebb6127302d7425560d17e2dd357a4c2b25ca86ab9252dcbd135e9e295e4a bcf658ea0d5cd551d887bcbbfdf130e8520fec3c0e1fe96d60279d8cbb9d8c4d
SERVER_TRAFFIC_SECRET_0 154ebb6127302d7425560d17e2dd357a4c2b25ca86ab9252dcbd135e9e295e4a d8064da65b76f07c20bb862869efd75300d5cf5d6695240af6813d85f9901d01
CLIENT_TRAFFIC_SECRET_0 154ebb6127302d7425560d17e2dd357a4c2b25ca86ab9252dcbd135e9e295e4a fa0a145ab94d83d5441015918ee825b0b2f28e553b28f83a75d0897695a2eb49
SERVER_HANDSHAKE_TRAFFIC_SECRET 746537cc8d6f06dcc3a94fabce048bca647ced3399b0d8684beaafe2fb066700 75a4a60c91f0ac0ee9cb6cfbc497d32c468ad8513c4d469b32c56146dc46e77b
CLIENT_HANDSHAKE_TRAFFIC_SECRET 746537cc8d6f06dcc3a94fabce048bca647ced3399b0d8684beaafe2fb066700 9770e3ee548a7b244c13fafc7f7ce1d4fb6175960b56962123405929c9a23a56
SERVER_TRAFFIC_SECRET_0 746537cc8d6f06dcc3a94fabce048bca647ced3399b0d8684beaafe2fb066700 7083247e55ee3e02252aea845057c80ad62a7ca14ac8da99c2d773eb963dba74
SERVER_HANDSHAKE_TRAFFIC_SECRET 09f4399ffab5b5c13e1c93af7c6137f13af478f154779ecbba1711ae93b14145 7cfd06455f2d2981fe05d1a63cbb69d798b7f2e7eb2f7a3bceb0602c485855d8
CLIENT_HANDSHAKE_TRAFFIC_SECRET 09f4399ffab5b5c13e1c93af7c6137f13af478f154779ecbba1711ae93b14145 1b0ec6271abb03f8ab03e42acab86545928510be62d0b8e13c2cc368c7c1dbfd
SERVER_TRAFFIC_SECRET_0 09f4399ffab5b5c13e1c93af7c6137f13af478f154779ecbba1711ae93b14145 045e3dfa0038dbea84af4ec8eef9941b72f43b20aefb98a214b0fe672efb779b
SERVER_HANDSHAKE_TRAFFIC_SECRET 8b6775cfaafa8a27e2699bce48bc29d21e127b4c7d6bfb2577b86c8ff366f132 aa87f784656384d18838ab616daa90735542c43e533dcda00248be59b46a2efd
CLIENT_HANDSHAKE_TRAFFIC_SECRET 8b6775cfaafa8a27e2699bce48bc29d21e127b4c7d6bfb2577b86c8ff366f132 b1494ce4c1210cb8f184407fba4370a9b8cbb09fb7b9d2bbe99d91e705b6d62a
SERVER_TRAFFIC_SECRET_0 8b6775cfaafa8a27e2699bce48bc29d21e127b4c7d6bfb2577b86c8ff366f132 368ca4d2b4d33237bdb9bef4a2115b5d8df701e3655960813b7afa78617eacc2
SERVER_HANDSHAKE_TRAFFIC_SECRET f78840d9e819a7470665c5ba665014e914713b9f5861cd423859f7081788d51c c0ceb2320e5a0ddfb8d0a415e13879a26b8b59d3c41b5f45b6eb3ccc38b02bae
CLIENT_HANDSHAKE_TRAFFIC_SECRET f78840d9e819a7470665c5ba665014e914713b9f5861cd423859f7081788d51c 4abf603af9b496be11e3016c5ad679668390e82ca9a4a6e3b8c250de309bd395
SERVER_TRAFFIC_SECRET_0 f78840d9e819a7470665c5ba665014e914713b9f5861cd423859f7081788d51c ee5adad89a182a270e505065bf614568a8a9363c24b2d8e9b41179820e019f70
CLIENT_TRAFFIC_SECRET_0 f78840d9e819a7470665c5ba665014e914713b9f5861cd423859f7081788d51c 00c4fbb811db8429e66ccedbb1676b5271e9461a8a4a44ad7e7ee698de293c01
SERVER_HANDSHAKE_TRAFFIC_SECRET 4132f003e0edefc0957670df5e6866ec91f86f2d0e93bcfada3f7a643390cf3f 91d75ec91e60e9f569c53db06a5c3fedfb3e0217b9c1d975d0163a089bd936f0
CLIENT_HANDSHAKE_TRAFFIC_SECRET 4132f003e0edefc0957670df5e6866ec91f86f2d0e93bcfada3f7a643390cf3f 0df85faf4ea8e0bf0bad31dd3c9106c9ecf599ca992725d20acb387bcb55d09d
SERVER_TRAFFIC_SECRET_0 4132f003e0edefc0957670df5e6866ec91f86f2d0e93bcfada3f7a643390cf3f 80fcc1996836be000bcd3ddea548d78f5f2484d42d26b7da46f6c4b09c6dcfde
CLIENT_TRAFFIC_SECRET_0 4132f003e0edefc0957670df5e6866ec91f86f2d0e93bcfada3f7a643390cf3f 06430ab83ddacbbba6e3b6459c99a803c8484197b108a3fd31c2d52f4adbc1a2
SERVER_HANDSHAKE_TRAFFIC_SECRET 62820fd6bd8c4261b8c229ec9758636e0589b1acc5ebe23f8bcdd9980c2a010d 872f3e164d7b0e126d0a68bf1f8da17e23d9bf347501645c807e815efcbd6a2a
CLIENT_HANDSHAKE_TRAFFIC_SECRET 62820fd6bd8c4261b8c229ec9758636e0589b1acc5ebe23f8bcdd9980c2a010d c0020e44436db47c74a3440c7a714537a906749fafaf0846069e52ecb6a922da
SERVER_TRAFFIC_SECRET_0 62820fd6bd8c4261b8c229ec9758636e0589b1acc5ebe23f8bcdd9980c2a010d 6473d04cfe47ebd5911afb1cc7598851bd8e28f5b5432176ff7c02aeb33d12a1
CLIENT_TRAFFIC_SECRET_0 62820fd6bd8c4261b8c229ec9758636e0589b1acc5ebe23f8bcdd9980c2a010d 7dcabaa9d2ab8bc5b80c794911a201d42e5b3a34dcee11fbde415bdaf5134f34
SERVER_HANDSHAKE_TRAFFIC_SECRET baeca9c4ad46801263866a1171657cf73b77bb7a564ff6445a9a6d17653cc5f5 96ee6aef3b64a018da64eff078204acdb45cb9381205f64df1b927b41969c4b4
CLIENT_HANDSHAKE_TRAFFIC_SECRET baeca9c4ad46801263866a1171657cf73b77bb7a564ff6445a9a6d17653cc5f5 42b59a1ecc5317eedda3935d5b665251933f46e35d0cb1e9e9d0376f45747cc3
SERVER_TRAFFIC_SECRET_0 baeca9c4ad46801263866a1171657cf73b77bb7a564ff6445a9a6d17653cc5f5 1dce476d5c0ef2724641e32917187336bd36f0eb25ce396713b2841e200a3fbf
SERVER_HANDSHAKE_TRAFFIC_SECRET 1d6660274fb20b05cc659a1d224475adf40884e2cf9e63aab356faab6686b49a 4b59ca98116f75bedba82e49f21fb9a726844811a043afab3d45367a893375df
CLIENT_HANDSHAKE_TRAFFIC_SECRET 1d6660274fb20b05cc659a1d224475adf40884e2cf9e63aab356faab6686b49a 70dd1a55cb3c81050b39c48ebc815efa40aa0a68061fc3d9c0c2f1e294977460
SERVER_TRAFFIC_SECRET_0 1d6660274fb20b05cc659a1d224475adf40884e2cf9e63aab356faab6686b49a fd29474b9e38cbbc0c1b051e962ddcc4c4bcc4ab0f9c226ae0ca36cbc2fce09f
CLIENT_TRAFFIC_SECRET_0 1d6660274fb20b05cc659a1d224475adf40884e2cf9e63aab356faab6686b49a 4ff85270cc6331b1f83da55da026c37d464d476c3fcdccc5d6ac2e48cc0b800f
SERVER_HANDSHAKE_TRAFFIC_SECRET a81024f58efb32da131aadd4c6ab457c401f6328473265ca351497163cdc6722 a14532320abf3f2d7b0f554cd978673dfc6a698a6d20699f85d74e3e7ea675f4
CLIENT_HANDSHAKE_TRAFFIC_SECRET a81024f58efb32da131aadd4c6ab457c401f6328473265ca351497163cdc6722 6501c36b4e390af7c90f5a26fdacddf38fbdec8bcf71f62f4bec8e300416b6f3
SERVER_TRAFFIC_SECRET_0 a81024f58efb32da131aadd4c6ab457c401f6328473265ca351497163cdc6722 7c18f5b6ddd7e8ffb7814bc6c9779152386c8f5c098820be4704d6ffc29a578a
CLIENT_TRAFFIC_SECRET_0 a81024f58efb32da131aadd4c6ab457c401f6328473265ca351497163cdc6722 600f79a13d795f860bfa6ec0998d69296ecab3338bc5e6ed68f06e63ed560104
SERVER_HANDSHAKE_TRAFFIC_SECRET 553ffe36e6b312cf8e22c9f097544ab534a6eb06e83e5d7aa565dc7505c47b01 176c40e9260e5e89b6e1d5f7584aa666000d31e9031fae25d02df7ec01d735b0
CLIENT_HANDSHAKE_TRAFFIC_SECRET 553ffe36e6b312cf8e22c9f097544ab534a6eb06e83e5d7aa565dc7505c47b01 58d8044e001ea9e79c8428fbedb5bdb7362d7a9b362999ee93f540395185f1fd
SERVER_TRAFFIC_SECRET_0 553ffe36e6b312cf8e22c9f097544ab534a6eb06e83e5d7aa565dc7505c47b01 5a96c6048a95b4567307c41b18fd1c90fde69d264a175423db310d999731e530
CLIENT_TRAFFIC_SECRET_0 553ffe36e6b312cf8e22c9f097544ab534a6eb06e83e5d7aa565dc7505c47b01 6a3349f82c6ee4647f7630882c2d4fd1ae12d8d79a66341930363655daf82d81
SERVER_HANDSHAKE_TRAFFIC_SECRET a7739a50948cdebf7d460d17570bcd7172e028eb3a297281afd142fd3635b7f1 536aea8b5aba7e6fdd1205f0b7520445e1fd3bf9ce0addb6e80c4680d8746d74
CLIENT_HANDSHAKE_TRAFFIC_SECRET a7739a50948cdebf7d460d17570bcd7172e028eb3a297281afd142fd3635b7f1 615fd54e1503a890db5a607eb5c93bb40692a17f54f8e6db7ff4f1dea55df04e
SERVER_TRAFFIC_SECRET_0 a7739a50948cdebf7d460d17570bcd7172e028eb3a297281afd142fd3635b7f1 a4c31a822ca2d405a3e66a40607a774705ab7438f5305d05c866302cd366a331
SERVER_HANDSHAKE_TRAFFIC_SECRET 3cd03729bc4f64fc11253b58f86c74e062bd3d68715b12e500657713c7fbe23e c35c1482d0ee58b9a35b1d8297c80acedef8a6f724bd59bef1b88955a51cb21b
CLIENT_HANDSHAKE_TRAFFIC_SECRET 3cd03729bc4f64fc11253b58f86c74e062bd3d68715b12e500657713c7fbe23e a30bab2f8f4388dcd80806d418cd37050703bf9e618084bba5571ebb8fd2ee50
SERVER_TRAFFIC_SECRET_0 3cd03729bc4f64fc11253b58f86c74e062bd3d68715b12e500657713c7fbe23e cb8c1101aa92b810964f8723316a114cba130711ae451f3e0904ab6b39937f8b
CLIENT_TRAFFIC_SECRET_0 3cd03729bc4f64fc11253b58f86c74e062bd3d68715b12e500657713c7fbe23e 56384feaec2bd91a959bf687e22005f8814142c14d81f1c60492b284862d49e4
SERVER_HANDSHAKE_TRAFFIC_SECRET cd370a918bc481481e545a048bd63f662b7e3099f38b3b813950ad6a73e53e49 d3483935a53c631cce3f540b4816043216ddea80453fbc9167d949f8654ab7ec
CLIENT_HANDSHAKE_TRAFFIC_SECRET cd370a918bc481481e545a048bd63f662b7e3099f38b3b813950ad6a73e53e49 11877a3f03a131a1645d1f9575b2ca27374c63bf715e73dea040cb742cc9ac57
SERVER_TRAFFIC_SECRET_0 cd370a918bc481481e545a048bd63f662b7e3099f38b3b813950ad6a73e53e49 262500472a036f01f0da3341e71e8546b928fde8502b74772da69967b4108a9d
SERVER_HANDSHAKE_TRAFFIC_SECRET 79f807073c2701959571a79c2f63316c78be7ce8d1e02c1dd3ad777f761e1981 aede1dd458ed3a712478a609df549ceb8edb452fdeb1260394d7d9d377478a74
CLIENT_HANDSHAKE_TRAFFIC_SECRET 79f807073c2701959571a79c2f63316c78be7ce8d1e02c1dd3ad777f761e1981 8bb4ecbd987ec8db186cf76f2e305b825009fcedc6acf171c5f23d366688cdd3
SERVER_TRAFFIC_SECRET_0 79f807073c2701959571a79c2f63316c78be7ce8d1e02c1dd3ad777f761e1981 39c969ab0336e0ee74deba449a96183dc86c97ffef1181341d4a978c57e21e0a
SERVER_HANDSHAKE_TRAFFIC_SECRET e7ea49f2ee88469f985387028e5962aa5aefe918f37bdb4fb56f5d495f15c015 58526cd890893f06b6355745c0eb711e8833b02ab2c6dfd13f7b40c0803858de
CLIENT_HANDSHAKE_TRAFFIC_SECRET e7ea49f2ee88469f985387028e5962aa5aefe918f37bdb4fb56f5d495f15c015 d6c12251bc47176ce64b1738121a3f3c3d1ca8e0ea59d76f9d6f77cff361c82f
SERVER_TRAFFIC_SECRET_0 e7ea49f2ee88469f985387028e5962aa5aefe918f37bdb4fb56f5d495f15c015 6c50fbdf78ce23ebfa0e0b3ec672e68e6a41fc3612ac1c8036a8e959c692a53f
SERVER_HANDSHAKE_TRAFFIC_SECRET 9bc4d74dc060d2623351ce36ff050528a6a984df841e86fac9f46e48cc8f4644 3723e9065097192c667d77bce382635953f54cfce214bd91afdcf6761a8d980b
CLIENT_HANDSHAKE_TRAFFIC_SECRET 9bc4d74dc060d2623351ce36ff050528a6a984df841e86fac9f46e48cc8f4644 f5fbd64f0c22d9c50d55b53c7d48ffcca2c40ade8e8857e3a9ec17703e4acc84
SERVER_TRAFFIC_SECRET_0 9bc4d74dc060d2623351ce36ff050528a6a984df841e86fac9f46e48cc8f4644 179cc93eadba974641501bd9f14e3183db8a18bc7b08c3043857657a8a95db66
SERVER_HANDSHAKE_TRAFFIC_SECRET 8f978eec0a1bc39827937c4ede953334a0cf084367edb4b2146b179d90df3703 1b376a2ad3cecd2a4cb02d52dbb83a6003ad03af6d18c93f30668d66a8985ecd
CLIENT_HANDSHAKE_TRAFFIC_SECRET 8f978eec0a1bc39827937c4ede953334a0cf084367edb4b2146b179d90df3703 c983b7176eca318229b40a802aec782f8e6a96c13e34290bb040da29a14c57f2
SERVER_TRAFFIC_SECRET_0 8f978eec0a1bc39827937c4ede953334a0cf084367edb4b2146b179d90df3703 07e300f4540d5751027d388f729725573cf254425259b5cb467223a21d2324a4
CLIENT_TRAFFIC_SECRET_0 8f978eec0a1bc39827937c4ede953334a0cf084367edb4b2146b179d90df3703 67adf9a98d70f5e8c31532ade81aa74559fabb08c65eddfd91cfbcad5951f6a3
SERVER_HANDSHAKE_TRAFFIC_SECRET e8dba96f8c42d935a0b7d00b42c598c7b99d3afe25c5fea9c90b5faac30169ae 7e4f07376586102916075e634829069f0d3b22c0a12b87b0fc7d50c37e03b3f9
CLIENT_HANDSHAKE_TRAFFIC_SECRET e8dba96f8c42d935a0b7d00b42c598c7b99d3afe25c5fea9c90b5faac30169ae 40908a2cfe7bd231e9380494459efba52bcf2924e44cb26b95e8522970291973
SERVER_TRAFFIC_SECRET_0 e8dba96f8c42d935a0b7d00b42c598c7b99d3afe25c5fea9c90b5faac30169ae 75d0533d04c53030f41e4d4bd2424806f12ac8235857c4ee431c1a3f2810b8f2
SERVER_HANDSHAKE_TRAFFIC_SECRET 93e4a51c71cd964d82f95d15585f126926ca22ff49d473f48c931049a53bf950 d2afcc29f94bb0dc7959f0f1fbe040b0ad30ef83a8c0de40895bb966a753497c
CLIENT_HANDSHAKE_TRAFFIC_SECRET 93e4a51c71cd964d82f95d15585f126926ca22ff49d473f48c931049a53bf950 f5e54d7b2bb29b549a5c38758430af0d1ed5e4f3c42ed5a3d91b7f25a6df9b6c
SERVER_TRAFFIC_SECRET_0 93e4a51c71cd964d82f95d15585f126926ca22ff49d473f48c931049a53bf950 2a8310d2b93420998d9490d64e8ba46becac79d1a542e0fe43e820c7f08146e8
CLIENT_TRAFFIC_SECRET_0 93e4a51c71cd964d82f95d15585f126926ca22ff49d473f48c931049a53bf950 4315adf6a6fa06aa4c373af8080016fd416ea9b41fc67cdd140494a9fff2294b
SERVER_HANDSHAKE_TRAFFIC_SECRET 340fb21cf2a7a8aaf4a85520f91b3fa370a8cb40fff678cad6eb1f24b44581bb 26cb71e74ff4a36f1ae15646323e7ecd4901dbfe58bdd60f30f1afe1127211fa
CLIENT_HANDSHAKE_TRAFFIC_SECRET 340fb21cf2a7a8aaf4a85520f91b3fa370a8cb40fff678cad6eb1f24b44581bb 0570eedf671eb62289571f824b42ccb3dc08dc3d672efe4d29756c8e4878fbde
SERVER_TRAFFIC_SECRET_0 340fb21cf2a7a8aaf4a85520f91b3fa370a8cb40fff678cad6eb1f24b44581bb 369279a01155ac89697692243170a91e78219a918f8cd0d67e35412acf4b2851
SERVER_HANDSHAKE_TRAFFIC_SECRET 1151ff4f7ad90f7c48e2ead02348ab26e8e386872d89459a69872e590981e0ae 24f1fb244f957593e8dc28a96bfab31e33b6b3f22012a76f900772056118e235
CLIENT_HANDSHAKE_TRAFFIC_SECRET 1151ff4f7ad90f7c48e2ead02348ab26e8e386872d89459a69872e590981e0ae 6eb567c2391019d2b35a61d27d31c19204a6d8baf45db7765049efaef832860f
SERVER_TRAFFIC_SECRET_0 1151ff4f7ad90f7c48e2ead02348ab26e8e386872d89459a69872e590981e0ae e43fbf3a9fbd72434daef653986a508a56bf18552b92b164b36e12ee177612de
SERVER_HANDSHAKE_TRAFFIC_SECRET c24ed0439a61814adca5d2504abfd2ece2e69c7216a49c7e569a840b14b8b553 90577ce051e3e126d59d2a7efc8388dabb8f0dfd1fceb9796c5df7f21a11be28
CLIENT_HANDSHAKE_TRAFFIC_SECRET c24ed0439a61814adca5d2504abfd2ece2e69c7216a49c7e569a840b14b8b553 43d279f1a699ef5fada60ac874b982b6eb7c1d707db513a19c4590f80e618b8d
SERVER_TRAFFIC_SECRET_0 c24ed0439a61814adca5d2504abfd2ece2e69c7216a49c7e569a840b14b8b553 24a11fa5ad52a7650cc58e20c129f61b215f5945736d45b0f8824c27ba05653c
CLIENT_TRAFFIC_SECRET_0 c24ed0439a61814adca5d2504abfd2ece2e69c7216a49c7e569a840b14b8b553 8053441dc12cf0726dbf07aa4fef9956157729d353dc611b4bf2f7dc5811fe84
SERVER_HANDSHAKE_TRAFFIC_SECRET d3af696d45aac5b4897710532fa16fd13a03e75d2cb77d467b4441ac622e0baa b21fac9cc2714ff56d403bc0fa1c058d584abc0e5cfc9ab5b69b121703d35296
CLIENT_HANDSHAKE_TRAFFIC_SECRET d3af696d45aac5b4897710532fa16fd13a03e75d2cb77d467b4441ac622e0baa f165c1d95ae95222fb8613f04cf626771042a981ae44b751c53a3e5f624392aa
SERVER_TRAFFIC_SECRET_0 d3af696d45aac5b4897710532fa16fd13a03e75d2cb77d467b4441ac622e0baa dfd5e5de27ae2dfafd060e2d2fb599695865702ca0bbbf75d12801736a2ce46d
SERVER_HANDSHAKE_TRAFFIC_SECRET 33f658b5912ee455041a513fb69bb95084a8dc5b35a3f3bc53508b30e4b075dd 626a684bd72e966175e159f2a2ab95bae40e5de58daf871f9152133263050880
CLIENT_HANDSHAKE_TRAFFIC_SECRET 33f658b5912ee455041a513fb69bb95084a8dc5b35a3f3bc53508b30e4b075dd 87ca5731f034ecdb0a48083e659604a5df50a042f6d6b3ec1fc762ac3be722cd
SERVER_TRAFFIC_SECRET_0 33f658b5912ee455041a513fb69bb95084a8dc5b35a3f3bc53508b30e4b075dd 2cac5d49012cbf6650609138b7685a44a0590e6e8166274b605c3ef3fbd6470a
SERVER_HANDSHAKE_TRAFFIC_SECRET bb5ddab8fc0cb79cb4a2af260b5a1b52373f604713370206a77e8a4715a92648 7094cd42ac96a6243e1dbdbf09de96deb6f97dc94ccf77348fdb835764c2b8fe
CLIENT_HANDSHAKE_TRAFFIC_SECRET bb5ddab8fc0cb79cb4a2af260b5a1b52373f604713370206a77e8a4715a92648 b897a92e48cea2c63978abb49625bd32d4a30d2126bc066d00f18d641e76eaff
SERVER_TRAFFIC_SECRET_0 bb5ddab8fc0cb79cb4a2af260b5a1b52373f604713370206a77e8a4715a92648 ab87241ff8a7f9a9df7e5bb55084b53cc41687892b1c770e51de2bb48cad8bb9
CLIENT_TRAFFIC_SECRET_0 bb5ddab8fc0cb79cb4a2af260b5a1b52373f604713370206a77e8a4715a92648 7e2cbdb533ede5e8ab5fae5d43dbbd3f9aa1eb898ac123890163bf775a7f5ac2
SERVER_HANDSHAKE_TRAFFIC_SECRET a60a7fad89fb565fb81e70ddf393524df31b33a1533cd37c6d4f1bfaf3b30c1b 21edd0981e7ec6c88c4940b6700d2e27432b5c9df03fd8d4a64a826a5dd15b0e
CLIENT_HANDSHAKE_TRAFFIC_SECRET a60a7fad89fb565fb81e70ddf393524df31b33a1533cd37c6d4f1bfaf3b30c1b e634fe5d9ac9a3b244f89f1e7e2925f013559f61e8144e9b72186126d734aa6d
SERVER_TRAFFIC_SECRET_0 a60a7fad89fb565fb81e70ddf393524df31b33a1533cd37c6d4f1bfaf3b30c1b 8b805438d5c8fdd601ef591eaa442dda214042326bbee03a47719a55393ffe8e
CLIENT_TRAFFIC_SECRET_0 a60a7fad89fb565fb81e70ddf393524df31b33a1533cd37c6d4f1bfaf3b30c1b b8682ea228c2e9417933949c136a3311113ab0db45411f7113e555c241619132
SERVER_HANDSHAKE_TRAFFIC_SECRET 25df81623b0d0efbcd0025da791d82114b9808595fad2a702767984900f59330 93cffe864cde713136a19d960e26d13b08c82266b08e3b827656ac65d0960f05
CLIENT_HANDSHAKE_TRAFFIC_SECRET 25df81623b0d0efbcd0025da791d82114b9808595fad2a702767984900f59330 6ca426510d9c5675d0008f6bc21d961adca6669be232aec97e3832abb9b3960b
SERVER_TRAFFIC_SECRET_0 25df81623b0d0efbcd0025da791d82114b9808595fad2a702767984900f59330 af69e9d7000543f2818a46f55c275678546dc3440d1ea42669cc77e7bba3c535
SERVER_HANDSHAKE_TRAFFIC_SECRET aa9678828f67c2e792943bd4716bfadc081c9aed70f62a9ddb3d019314a3eabb 1c37396bd1927ab40e3a35d37b779a7750d34d65bff12284121af562ce849c6a
CLIENT_HANDSHAKE_TRAFFIC_SECRET aa9678828f67c2e792943bd4716bfadc081c9aed70f62a9ddb3d019314a3eabb e8a41ede736eed16621340f52e32816f238e64466470c5fc6daf4bfb9de6be4f
SERVER_TRAFFIC_SECRET_0 aa9678828f67c2e792943bd4716bfadc081c9aed70f62a9ddb3d019314a3eabb 30445af7f2daf2be3655b6d8a07691a56448a7e4df76c6f3f963dafcea68f37b
SERVER_HANDSHAKE_TRAFFIC_SECRET a69ab9c869e697ccfd09c525c4b20c725d68d7a82a73fa2d08f7d23e970c68da 632cd59f7c7dbe591100dce9b3beb414e98520280f8eef8b2d56adbfd82764c0
CLIENT_HANDSHAKE_TRAFFIC_SECRET a69ab9c869e697ccfd09c525c4b20c725d68d7a82a73fa2d08f7d23e970c68da 459a3ac19e300f6cf93ed347b6b8266855709619970dc159aa8a70108861d176
SERVER_TRAFFIC_SECRET_0 a69ab9c869e697ccfd09c525c4b20c725d68d7a82a73fa2d08f7d23e970c68da eedecd495656ccaec89af8861077748bbad19f4a8d6192c1179b37f9de88a368
CLIENT_TRAFFIC_SECRET_0 a69ab9c869e697ccfd09c525c4b20c725d68d7a82a73fa2d08f7d23e970c68da 4e9870069ba2ee267377103b204094240cbba1865e15cf33cf28f0072019617a
SERVER_HANDSHAKE_TRAFFIC_SECRET 2e7cdd82124287e2cedefc108f528eb9c36c4e8f8c7df720b4802bfa6106b4f1 2a45c2447c51d68acff5f3502c70a310e772b030b5e9c3fdd7c0c0f9fb878a9a
CLIENT_HANDSHAKE_TRAFFIC_SECRET 2e7cdd82124287e2cedefc108f528eb9c36c4e8f8c7df720b4802bfa6106b4f1 1462218f519bb6ec4e4c6f0d9c192cfe80d5e689aaa82dc22936eb55ff2db2f2
SERVER_TRAFFIC_SECRET_0 2e7cdd82124287e2cedefc108f528eb9c36c4e8f8c7df720b4802bfa6106b4f1 960ec5706dfcd418a514019748afa1c91e5e631cc544d67901ce03eb670a2301
SERVER_HANDSHAKE_TRAFFIC_SECRET 49d38a35e5ba18a6c01c40ec75ee80a0dbeae9a61b2d548e6307c4318d20fc24 5cb0509320f088806953e4ff51bd2e50196bdb0457b656274171fb4b552786b9
CLIENT_HANDSHAKE_TRAFFIC_SECRET 49d38a35e5ba18a6c01c40ec75ee80a0dbeae9a61b2d548e6307c4318d20fc24 e84cb9f1ea537ae5e1a730ffb1b18788814ee4d2a7abffb25e1f64243c3ae58e
SERVER_TRAFFIC_SECRET_0 49d38a35e5ba18a6c01c40ec75ee80a0dbeae9a61b2d548e6307c4318d20fc24 7d2cbed86e7b4380444467caa841ee95aca1fc5d35e87cdd235f84e2783185fb
CLIENT_TRAFFIC_SECRET_0 49d38a35e5ba18a6c01c40ec75ee80a0dbeae9a61b2d548e6307c4318d20fc24 d78c28c8d2c595c7c507a563beef6a5a4352027b6b18f45a81bda7fdf4c48cc3
SERVER_HANDSHAKE_TRAFFIC_SECRET d5dfd13bb5de91224274d6a084f3ae037546a4d163a03d5ffa19dfeb60534e3b 60e32bc1493ca82afe6a271619ee2d2c9787f3047b00c33cef79f9d12b56a49a
CLIENT_HANDSHAKE_TRAFFIC_SECRET d5dfd13bb5de91224274d6a084f3ae037546a4d163a03d5ffa19dfeb60534e3b 5fe2ecc4d3986b576335167b4e12bffca5d36b22e187c800aa3bfed7862a8111
SERVER_TRAFFIC_SECRET_0 d5dfd13bb5de91224274d6a084f3ae037546a4d163a03d5ffa19dfeb60534e3b 7959f6cf4c9d4d000c7ad9f8feb97c6b8a4020c6c9b96e34f38731d5062b51c7
SERVER_HANDSHAKE_TRAFFIC_SECRET 332a0c83fde5474742b8dfbb5a39ccfa1d76c7ab5a5c419ed2592933b803bbf8 9560ee7736021549536f27b51042ab2c6014fbc8438431b0e5ddeb286b356204
CLIENT_HANDSHAKE_TRAFFIC_SECRET 332a0c83fde5474742b8dfbb5a39ccfa1d76c7ab5a5c419ed2592933b803bbf8 937da8514cdeaac40dab86e728e7f7eb37516c6700b7dc743e3f15c45f203299
SERVER_TRAFFIC_SECRET_0 332a0c83fde5474742b8dfbb5a39ccfa1d76c7ab5a5c419ed2592933b803bbf8 0815cc85d9859c1108608f316534d055b2c8670b31f572bef1c3a8964e2bfc65
CLIENT_TRAFFIC_SECRET_0 332a0c83fde5474742b8dfbb5a39ccfa1d76c7ab5a5c419ed2592933b803bbf8 33fae3fe266ab079c209cc20c3c58f45f5932604f11c44501bab517f77106e32
SERVER_HANDSHAKE_TRAFFIC_SECRET 55192ce90019e27296c4781ceff527719b54c7d6005e7f75aea40dba8d4f1fb0 4921125c88b1a92200613952e4b91f01d9573a10184beb3007326b70f3f46fb0
CLIENT_HANDSHAKE_TRAFFIC_SECRET 55192ce90019e27296c4781ceff527719b54c7d6005e7f75aea40dba8d4f1fb0 908f6ea5b1b8289fa3288aa20f326ca06bcd5fdb7526817ce4d5f8b4fc9fc5e0
SERVER_TRAFFIC_SECRET_0 55192ce90019e27296c4781ceff527719b54c7d6005e7f75aea40dba8d4f1fb0 547d68556bc96380b84ce28588b3679a966cab34ae2f71562736c72cb6b8c9fe
CLIENT_TRAFFIC_SECRET_0 55192ce90019e27296c4781ceff527719b54c7d6005e7f75aea40dba8d4f1fb0 616e8b2ca110f0ca0e46bb38231d84f905e57ea05b315f089338ff64b4bc158c
SERVER_HANDSHAKE_TRAFFIC_SECRET 6d547098f6a67775d6ce05f288f20f77068c852585763c3217e9180fdb361615 f923dac583944b905ca67f2f5f089acabd3560aa9a20bee7d50024005517a2a1
CLIENT_HANDSHAKE_TRAFFIC_SECRET 6d547098f6a67775d6ce05f288f20f77068c852585763c3217e9180fdb361615 9db2b9471bc185ef1d66d91cf8b0192a51459d3f296f4ab586164deabd9307f3
SERVER_TRAFFIC_SECRET_0 6d547098f6a67775d6ce05f288f20f77068c852585763c3217e9180fdb361615 ecf810c64eedf7f618ac7698f4e0c601db26a9ac7a58bbd3db2859eaa34e96bd
SERVER_HANDSHAKE_TRAFFIC_SECRET b02b0ef7233bb0433b039a8e66cb9fca783fd1ef7d00204fd6140e109a698a2f 8850eb6b35e79d7c99287bf83d5cbac1d18ee3b9a7e73fa65a9792d6712edafa
CLIENT_HANDSHAKE_TRAFFIC_SECRET b02b0ef7233bb0433b039a8e66cb9fca783fd1ef7d00204fd6140e109a698a2f b3a00a5a28bcd92b58a77a5449c4e17101167eb5bc1fdec5a2a1f84b556338f8
SERVER_TRAFFIC_SECRET_0 b02b0ef7233bb0433b039a8e66cb9fca783fd1ef7d00204fd6140e109a698a2f 30136967bfb2e027d013a985ed1a4f345d70eb7b987318d5c758a68eee19c9dc
SERVER_HANDSHAKE_TRAFFIC_SECRET 33b73d9a33360840f2dbce48bc2ed72d7cafae5177a097f9f4f47b45a1f4ce96 4f88e5a6a67d9b47e3538f27522dcb13ac20e8ea380cf2ddadf397b68f154e2e
CLIENT_HANDSHAKE_TRAFFIC_SECRET 33b73d9a33360840f2dbce48bc2ed72d7cafae5177a097f9f4f47b45a1f4ce96 fa4f5cd78e519fcc4a5b03931b3411dd16b4f9f8e0fb435403e530ea04957ffd
SERVER_TRAFFIC_SECRET_0 33b73d9a33360840f2dbce48bc2ed72d7cafae5177a097f9f4f47b45a1f4ce96 ecfb530a2edbc020615052f3c158ca0bbf33c11bf58c974a43031645953bdb17
SERVER_HANDSHAKE_TRAFFIC_SECRET 1270deb036cd9f9dfdcb04cb95635648e45634ba8ed4016675b3e8df9793e35f 6861211758381cf17066cf9511f33485d81e13b1ad05f3ee469bbf22330cf807
CLIENT_HANDSHAKE_TRAFFIC_SECRET 1270deb036cd9f9dfdcb04cb95635648e45634ba8ed4016675b3e8df9793e35f d63b336aa58643d89841e38e39c66bb8daea309aa3e06f808dd7c6a8db19d397
SERVER_TRAFFIC_SECRET_0 1270deb036cd9f9dfdcb04cb95635648e45634ba8ed4016675b3e8df9793e35f b194fef05bd3f2d6834336015aa46dd4fa3dfd8cd87ca7ade35052a7613155c2
CLIENT_TRAFFIC_SECRET_0 1270deb036cd9f9dfdcb04cb95635648e45634ba8ed4016675b3e8df9793e35f 21b1157ec1dad8e3a352ca83240cb07737f66921a7a6dbd0f37f92972930c360
SERVER_HANDSHAKE_TRAFFIC_SECRET 688a153bbfcaf33a4947262784ebc8bbd85a6e5562dbb38ccd16ffb92b66a9b6 5180afe7e8681ec7c61e65c8d4af68f59f4fad4d319bb22a9fa55cb00ad06d2b
CLIENT_HANDSHAKE_TRAFFIC_SECRET 688a153bbfcaf33a4947262784ebc8bbd85a6e5562dbb38ccd16ffb92b66a9b6 a0725b299567126c6339bbdf97dd56dce1b6a82883d7f5d32a92c965032f7020
SERVER_TRAFFIC_SECRET_0 688a153bbfcaf33a4947262784ebc8bbd85a6e5562dbb38ccd16ffb92b66a9b6 ab93dc978edeec529a037fd1c8249b5f78a3c66b7f91a186c583cc03ffdedeae
SERVER_HANDSHAKE_TRAFFIC_SECRET 73ce72cfc8dfb723fc1f105beee3ad83929e62362586cb266d90311af08dcdd8 b10b220fc07d77cbb7d849467e8a02366b5a1051ad79ea41d553d29d009d2b9f
CLIENT_HANDSHAKE_TRAFFIC_SECRET 73ce72cfc8dfb723fc1f105beee3ad83929e62362586cb266d90311af08dcdd8 18d295a801b9bd60b8d62dd4c0c5cf8f513b4e28858252a1b904afb002b8f367
SERVER_TRAFFIC_SECRET_0 73ce72cfc8dfb723fc1f105beee3ad83929e62362586cb266d90311af08dcdd8 3c5dcc1600586e07703c1de50f598f15240401e5e142864cc18416d9a24aea5a
SERVER_HANDSHAKE_TRAFFIC_SECRET 8f0c57366e2571b258b8e460609d923382e9ff47b7a0a7a48c90a83fcbf98c3c b2090aa608e6d8561784c769634316f55ed1ac8805b39502589f155faf3a5edd
CLIENT_HANDSHAKE_TRAFFIC_SECRET 8f0c57366e2571b258b8e460609d923382e9ff47b7a0a7a48c90a83fcbf98c3c 5937dc7f5b60878abc2c57e357d6e3f05cb4d47d0c17ddbcdae67453105f437f
SERVER_TRAFFIC_SECRET_0 8f0c57366e2571b258b8e460609d923382e9ff47b7a0a7a48c90a83fcbf98c3c 61d5d290c4ed37bc61885ec75b2de7c55ea06dba967026e11a31076a74a30545
SERVER_HANDSHAKE_TRAFFIC_SECRET f00401d10c67c06df88b2c4edfe991cb95ba08bdd8883cdc54353644d66e0c3e f098f28b402ed8672159c33b984a6c220f416a062f1794848835cbdac8d51698
CLIENT_HANDSHAKE_TRAFFIC_SECRET f00401d10c67c06df88b2c4edfe991cb95ba08bdd8883cdc54353644d66e0c3e 2aab0b10f3415d7b7d32b6bdc24c3278833b84a0917ad4dfa732a4896900cfe0
SERVER_TRAFFIC_SECRET_0 f00401d10c67c06df88b2c4edfe991cb95ba08bdd8883cdc54353644d66e0c3e b4988d17206d6cb8c3c346b7036240906ea6e821c522a84df0e8787bee60f145
SERVER_HANDSHAKE_TRAFFIC_SECRET c8120a10c2b5de1f1538e5d936b96adc882986a414c5ad697ef1fbf280d0fe6a 0c0f2eb8de05ba3bbd8ff505e1e4ebc86125d90292a560c5d4eb7c57200bbd0d
CLIENT_HANDSHAKE_TRAFFIC_SECRET c8120a10c2b5de1f1538e5d936b96adc882986a414c5ad697ef1fbf280d0fe6a a5bec7bd56ccce8eaeb08e5c7fafbefdd188270ebfbbd62156d0552f11c89e6c
SERVER_TRAFFIC_SECRET_0 c8120a10c2b5de1f1538e5d936b96adc882986a414c5ad697ef1fbf280d0fe6a f9726b86c8b9bc90a61ad3f00861550109da35a11b820af6ddb379c6b210374f
CLIENT_TRAFFIC_SECRET_0 c8120a10c2b5de1f1538e5d936b96adc882986a414c5ad697ef1fbf280d0fe6a 2f1a6024395862f28f7236b8492fee93a1fb52c65f2b99949cb1f1bea1f9a7f7
SERVER_HANDSHAKE_TRAFFIC_SECRET c25ce693e358f1e96452a93fb1c7dc42f90a160807803bada4df8946ec66c9fd 63bf0af103f845e1dbe6e47f51db6e1abd625a44e963242f430790759572bc72
CLIENT_HANDSHAKE_TRAFFIC_SECRET c25ce693e358f1e96452a93fb1c7dc42f90a160807803bada4df8946ec66c9fd f1194be9a6811849f5f08ad0042dfef1cd0b7e7992e75f5a736dfece3ebf6ccf
SERVER_TRAFFIC_SECRET_0 c25ce693e358f1e96452a93fb1c7dc42f90a160807803bada4df8946ec66c9fd 60d9484caec7047504ce9dfc9df121b5b5eafd8c54c6ac35d9e92bbd0a409acb
SERVER_HANDSHAKE_TRAFFIC_SECRET 5b4d6bc1a7a460cb87af547d063c85c91c41a4a644c439e6d51d8ba56eb43f59 df6c7f3b8add28ffe075de1903a0b3698997f7da188a3e78bb93b6ed016e6469
CLIENT_HANDSHAKE_TRAFFIC_SECRET 5b4d6bc1a7a460cb87af547d063c85c91c41a4a644c439e6d51d8ba56eb43f59 7f07f17f8f5f9ea72f4e82ee9d9f1d52a8120e0ab54087328f668bacf3d5dfd9
SERVER_TRAFFIC_SECRET_0 5b4d6bc1a7a460cb87af547d063c85c91c41a4a644c439e6d51d8ba56eb43f59 55d023955704df9687b171cf07a99d1de15f31e0ec0c277e4e429ca4e8ea69a2
CLIENT_TRAFFIC_SECRET_0 5b4d6bc1a7a460cb87af547d063c85c91c41a4a644c439e6d51d8ba56eb43f59 bbb571393d0f75ee863066e2c8df00cc128d262f617c8571f4e5ffb7169d16a2
SERVER_HANDSHAKE_TRAFFIC_SECRET 13b064311ae95d47a659b2f965972c3c5c6dc323452116a4da99240b9039433f 23319cde6a78c4eff03419674bd31563bdc19ea077ef4d7366de3f4090ff3092
CLIENT_HANDSHAKE_TRAFFIC_SECRET 13b064311ae95d47a659b2f965972c3c5c6dc323452116a4da99240b9039433f 1c71b4d08a8c5fb70daf89d4688329c8d9124112f8cd4aa4e62bf32d96c8fbe6
SERVER_TRAFFIC_SECRET_0 13b064311ae95d47a659b2f965972c3c5c6dc323452116a4da99240b9039433f 9cd04fb646688fb4d9ce34814fdc1331a0fbbf3495d8e736a14a9e6c4dd38f5b
SERVER_HANDSHAKE_TRAFFIC_SECRET 9a6642b10cc9b3c924c17fca3df889219710c3031993ee45c9c789fdd4e32987 dc429b14144f96c8c97cae40037227efcfd43b9a60e250fe0ecf6af3d0c929ac
CLIENT_HANDSHAKE_TRAFFIC_SECRET 9a6642b10cc9b3c924c17fca3df889219710c3031993ee45c9c789fdd4e32987 4b403beefa76a06ce15704b4527064564541c0e24ef4c5338bf4e903a017e78f
SERVER_TRAFFIC_SECRET_0 9a6642b10cc9b3c924c17fca3df889219710c3031993ee45c9c789fdd4e32987 b8d39480d2a0f271a2d0c2227ac8ac10f96b623123d2ad6750950e4331f3ff1d
CLIENT_TRAFFIC_SECRET_0 9a6642b10cc9b3c924c17fca3df889219710c3031993ee45c9c789fdd4e32987 78a50ad12854a62e6d596f0cf352c26d34dff60367e5a12715535d3a42d8a0a5
SERVER_HANDSHAKE_TRAFFIC_SECRET 4414acbc53a0c74c026f22bcbcf583b7f4bf7bedef7132c520d797120009a65c 2053586cf8ca25f0c0fb20efac3abb628ca35a8a24484329a740feddad38ea25
CLIENT_HANDSHAKE_TRAFFIC_SECRET 4414acbc53a0c74c026f22bcbcf583b7f4bf7bedef7132c520d797120009a65c 5df596bfc3ee4ba9e6b344db23290427f735b55ec7a3f8af2ba31fcb3f2d8f5f
SERVER_TRAFFIC_SECRET_0 4414acbc53a0c74c026f22bcbcf583b7f4bf7bedef7132c520d797120009a65c 895e602b20ea3ec8d3e18c63366c0de61f535de4243f53f41592ce73d251b650
SERVER_HANDSHAKE_TRAFFIC_SECRET f4e171ae56d289c7964ed94482c8e3b0682fa44d92a52ccc6186dc45e0218c32 289c4c45ec297ee6f7668ede763d3a22edd93df2aeeadec8621078f415f1cc76
CLIENT_HANDSHAKE_TRAFFIC_SECRET f4e171ae56d289c7964ed94482c8e3b0682fa44d92a52ccc6186dc45e0218c32 f814c110b63839be53cad70a798cf1b959ee91b84a57542778a2fb41a3ecc272
SERVER_TRAFFIC_SECRET_0 f4e171ae56d289c7964ed94482c8e3b0682fa44d92a52ccc6186dc45e0218c32 e481319b25aa5328159db1cc7e7b1d28b09b37e7d88d084a04a5e348ab994e78
SERVER_HANDSHAKE_TRAFFIC_SECRET 43e42807af81632019567401278d6549303c3b5af5eb7d3abab92db1f1d83627 8d2ce3d2fa2d56b969d8c7154884adc055986f5c98bb915610b17f37e76871ac
CLIENT_HANDSHAKE_TRAFFIC_SECRET 43e42807af81632019567401278d6549303c3b5af5eb7d3abab92db1f1d83627 e1a4e1bb2e1fee8e0a2d65c9a5ea9f4d9c317b1600ff29c9cd6a3da69bc4de41
SERVER_TRAFFIC_SECRET_0 43e42807af81632019567401278d6549303c3b5af5eb7d3abab92db1f1d83627 d05ed52182d0b3653c2441b907bec5e5b0159fb2d0e98261cd7fed1494bac772
SERVER_HANDSHAKE_TRAFFIC_SECRET e4b9a117951cd5000bfeb8184c6e79c3a5349fe8495c1801b57ee424e35e4ca2 260beef53eb5846ea27fde920585a1127c36ca26fa46f2f8ea1201625f7e0773
CLIENT_HANDSHAKE_TRAFFIC_SECRET e4b9a117951cd5000bfeb8184c6e79c3a5349fe8495c1801b57ee424e35e4ca2 563b9d679dc5520e9f258b8b2860d59cfd1041fa3c1bd942f2b60d898739d8ca
SERVER_TRAFFIC_SECRET_0 e4b9a117951cd5000bfeb8184c6e79c3a5349fe8495c1801b57ee424e35e4ca2 0f71451f78c993deca90ce975866ae8963ec977aac5023c0deeea22f69c4c15b
SERVER_HANDSHAKE_TRAFFIC_SECRET 9e3ddf62a129d95daa726453e8a14d61ee198588bdb252e8503914d7e10d354c f112e5f911d8a5e1e8fb018a1eb25289f21f0441d311cbbcb743146b6f24392c
CLIENT_HANDSHAKE_TRAFFIC_SECRET 9e3ddf62a129d95daa726453e8a14d61ee198588bdb252e8503914d7e10d354c b6e3e8ea73bde3c8c70427fe8c46f0aa983fa45bd4932a10e9da1b7d5dfc1e90
SERVER_TRAFFIC_SECRET_0 9e3ddf62a129d95daa726453e8a14d61ee198588bdb252e8503914d7e10d354c 9852587e63b47a037eb24ba1fcb454b24ab115d61677715251dd953879c01792
SERVER_HANDSHAKE_TRAFFIC_SECRET e63366de8874fef181b423a2b95ea5efac3fc66d3573b5afba6324dfa711610f 64ca23b86c5f14e1313c78417a8a227ac8a9ee46f7bda89a0697c4b00b92c6eb
CLIENT_HANDSHAKE_TRAFFIC_SECRET e63366de8874fef181b423a2b95ea5efac3fc66d3573b5afba6324dfa711610f 1004bb5696ccba2aa11e31c0a75c1c709687e72eba367327f492e7385c8a7cfd
SERVER_TRAFFIC_SECRET_0 e63366de8874fef181b423a2b95ea5efac3fc66d3573b5afba6324dfa711610f ab9e08d00e05ae45870b3b18808f05511c0625261d46a4514afd5383e45c3bb4
CLIENT_TRAFFIC_SECRET_0 e63366de8874fef181b423a2b95ea5efac3fc66d3573b5afba6324dfa711610f 6bf2c49c400398dd17a51446688ec5bc93778974c288dd42ca36a693801d0152
SERVER_HANDSHAKE_TRAFFIC_SECRET 40cbf32310e1d7265d8be6a42c911d2c909ae433b01c4a042eef7c2e0191f33c 22811e646e0965387e1bb68073d4e1e1e0358be1624561c221a5cef34d0d0f52
CLIENT_HANDSHAKE_TRAFFIC_SECRET 40cbf32310e1d7265d8be6a42c911d2c909ae433b01c4a042eef7c2e0191f33c 8749c2ce4fc8e18d641f8110639bbb54ccb7fd59cfb0df1979e2888f6aa8ac17
SERVER_TRAFFIC_SECRET_0 40cbf32310e1d7265d8be6a42c911d2c909ae433b01c4a042eef7c2e0191f33c 310456fe15d67bc08f2ffbbccda5baa0f14f8322f0fc3e7ab10df557dacdad2f
CLIENT_TRAFFIC_SECRET_0 40cbf32310e1d7265d8be6a42c911d2c909ae433b01c4a042eef7c2e0191f33c c62767ae6a7852460f982bc3cf3346aefe1b867360f1b5e45c90fdbb6189e6c7
SERVER_HANDSHAKE_TRAFFIC_SECRET cd92a7db859d8a5501d6ef2ed35917237a8d05cd9b2a2344099d080b305fa9d4 7bf40bd014a9282bc846f545d4d4d888ace53171fd7a259a02304a85b2e7edba
CLIENT_HANDSHAKE_TRAFFIC_SECRET cd92a7db859d8a5501d6ef2ed35917237a8d05cd9b2a2344099d080b305fa9d4 18d9948139b45efb1768aaeded0fe6352cc244ff86506536998f90df37284598
SERVER_TRAFFIC_SECRET_0 cd92a7db859d8a5501d6ef2ed35917237a8d05cd9b2a2344099d080b305fa9d4 03b8608ea54851ac8b82a789910e88b65a730e4b0f97368c3dc748f175891042
CLIENT_TRAFFIC_SECRET_0 cd92a7db859d8a5501d6ef2ed35917237a8d05cd9b2a2344099d080b305fa9d4 37b6244303d943d0faac644703c1485c9b8a0862d8cfccf27c7779d974c24291
SERVER_HANDSHAKE_TRAFFIC_SECRET f6add699b54fbad445d6fd6465cd3157c0c79f4d3991cd66369ace969228ea7e 0916536cc6a04cf5b1a8f5917ad8091bc46385883f147ee258770654c9ea5f46
CLIENT_HANDSHAKE_TRAFFIC_SECRET f6add699b54fbad445d6fd6465cd3157c0c79f4d3991cd66369ace969228ea7e d0ebd2350ab817200ece55d94d0638fe9bcc0d9faa2c8ba353e60039e3710af0
SERVER_TRAFFIC_SECRET_0 f6add699b54fbad445d6fd6465cd3157c0c79f4d3991cd66369ace969228ea7e e3ef612bcedc5e85d56d17f2482208ddd62f667d11eebfe73574e63cd7826b14
SERVER_HANDSHAKE_TRAFFIC_SECRET b53b0893e50cf364ade0b3f39fd396d06901346506c5775a858720e133962069 f69d09a4d04775385e6343bf1270d5b7461416bc9d45b44ad06293339a3cc6dd
CLIENT_HANDSHAKE_TRAFFIC_SECRET b53b0893e50cf364ade0b3f39fd396d06901346506c5775a858720e133962069 573ee7463df8ae04a8c44c716449023b9c98c5a76dbdf98ea0e7897bf80ca894
SERVER_TRAFFIC_SECRET_0 b53b0893e50cf364ade0b3f39fd396d06901346506c5775a858720e133962069 ceee106d5b277fa3cc136820579a624d6fde5b6b02ae7bc5999dcce4271189cb
SERVER_HANDSHAKE_TRAFFIC_SECRET 06388cdbeeeb44f7e8013d723285f6a1ba46c4fdb7175d5ded9ff07a1e3a6365 86db0b04f7614ab9366d80b4f53fa7aa3950381438b0a0f5395571fd44a86ce7
CLIENT_HANDSHAKE_TRAFFIC_SECRET 06388cdbeeeb44f7e8013d723285f6a1ba46c4fdb7175d5ded9ff07a1e3a6365 ed8b843a771e7864fc980655709be7e556e803a8166af02e54de91b8377540e6
SERVER_TRAFFIC_SECRET_0 06388cdbeeeb44f7e8013d723285f6a1ba46c4fdb7175d5ded9ff07a1e3a6365 01d0b76444366eb04db0f7913cf060816fef29c330c02206b8952cb58232a484
CLIENT_TRAFFIC_SECRET_0 06388cdbeeeb44f7e8013d723285f6a1ba46c4fdb7175d5ded9ff07a1e3a6365 961220741a746f0b11fe5c1c46ebe323f0aabeb057d8b1b8bb7969ea90083c75
SERVER_HANDSHAKE_TRAFFIC_SECRET 50cf5c5101aa396169a47334e8724a2e12ffafffa80ec5f60906f16139f38d26 3dbf4a37413b5575cf96a0827e632a856fca3322cf6bd024d0f78eb529d7f5ad
CLIENT_HANDSHAKE_TRAFFIC_SECRET 50cf5c5101aa396169a47334e8724a2e12ffafffa80ec5f60906f16139f38d26 565186a0c99dce1d1a94d58326d9439d9e29ac506a71de538c03101aca449aa6
SERVER_TRAFFIC_SECRET_0 50cf5c5101aa396169a47334e8724a2e12ffafffa80ec5f60906f16139f38d26 673d2c340a7df24ae0eca6c7478b077a31e630fc591d0feaf142f829eea24e0b
CLIENT_TRAFFIC_SECRET_0 50cf5c5101aa396169a47334e8724a2e12ffafffa80ec5f60906f16139f38d26 f563263446b37ce0572a8085e625359bbf4d64ab4507fcb69109c7462a29b59c
SERVER_HANDSHAKE_TRAFFIC_SECRET 7ded79387aa3a1b826cbf58cee41d987b924853532fd5877fb3b5f78ae0ef9c8 8af704e3f7460a759151477390c60bef8dec51cba4a9829611f3a3dea3f9e81b
CLIENT_HANDSHAKE_TRAFFIC_SECRET 7ded79387aa3a1b826cbf58cee41d987b924853532fd5877fb3b5f78ae0ef9c8 564167b73e36e53d61ae21d29ecc88775281c754aa978e82dfbbccee47ace02f
SERVER_TRAFFIC_SECRET_0 7ded79387aa3a1b826cbf58cee41d987b924853532fd5877fb3b5f78ae0ef9c8 364443a97c4c0879987a6caf3062aef5b393a1ee26d58b51a7ca1b761740a11c
CLIENT_TRAFFIC_SECRET_0 7ded79387aa3a1b826cbf58cee41d987b924853532fd5877fb3b5f78ae0ef9c8 7e9fd10bc5b967462ea0a861cac2c287003b9364d3274c688d7506110bbfea91
SERVER_HANDSHAKE_TRAFFIC_SECRET ae717530eaaece1b55bede37324dd917b3b33cbd4405c54a8b8dbd330bbfeb4e 66b05921e9a13efabedeb94df3f85e1d21ce262f43432710e17a7ff013b6e65c
CLIENT_HANDSHAKE_TRAFFIC_SECRET ae717530eaaece1b55bede37324dd917b3b33cbd4405c54a8b8dbd330bbfeb4e 5c26e5feaef4fe39097f174dbc7d8c2b3e60a62594628b3d06d60f426b16019a
SERVER_TRAFFIC_SECRET_0 ae717530eaaece1b55bede37324dd917b3b33cbd4405c54a8b8dbd330bbfeb4e 10b0454e7a55bb966ac45225e5e3ab2e03371ab7460099ab285f3e188a670446
SERVER_HANDSHAKE_TRAFFIC_SECRET a111a8ee26901203d1905dfbefb6d5d7c462abaa9e46226422def3be3469efa9 a490d91c4e332fe0cd549407280535429f805c6ad215a37d911222802a45e8b3
CLIENT_HANDSHAKE_TRAFFIC_SECRET a111a8ee26901203d1905dfbefb6d5d7c462abaa9e46226422def3be3469efa9 1633d39dd3a3b37c5413925e335c731580e152971358cdf369c8d687cbdae415
SERVER_TRAFFIC_SECRET_0 a111a8ee26901203d1905dfbefb6d5d7c462abaa9e46226422def3be3469efa9 f75f87b59854c4dbe614432acaf37ca8db2e9f3d6b7a170d4aa79d9ee7741bef
SERVER_HANDSHAKE_TRAFFIC_SECRET bda3e70b51daa4dec1037bc6ba538eebadb502401e500059c2c5c5716cd3bac1 c896eb05354c0c461bcebfd222008d8eaca00fd3b06dcfc8726b9decabcfaa18
CLIENT_HANDSHAKE_TRAFFIC_SECRET bda3e70b51daa4dec1037bc6ba538eebadb502401e500059c2c5c5716cd3bac1 687f1c7550fc20a2de3eaa4498022432745e9a3b494a297b887913282f13118a
SERVER_TRAFFIC_SECRET_0 bda3e70b51daa4dec1037bc6ba538eebadb502401e500059c2c5c5716cd3bac1 b923cbd2489750ad04d66604688fbd5f556a2e5fa65a7b7ad97fe323a2fbb71b
CLIENT_TRAFFIC_SECRET_0 bda3e70b51daa4dec1037bc6ba538eebadb502401e500059c2c5c5716cd3bac1 760351d07a2136431c1140e129072ffa137c93bf37ee5b3e0df0c9b10392b40d
SERVER_HANDSHAKE_TRAFFIC_SECRET 8cf0a10c3165ca2a72d0450215a68391db3dba03010c25be3b1aed7c5e994c35 19a99c930e6b5b46d225629275ffbaaccdcb42233fd37204d3afb1e2563f3d34
CLIENT_HANDSHAKE_TRAFFIC_SECRET 8cf0a10c3165ca2a72d0450215a68391db3dba03010c25be3b1aed7c5e994c35 9e66f1804aa8963f8b9754f3fad8a73be508d60c421a0a76aa569b75985a442e
SERVER_TRAFFIC_SECRET_0 8cf0a10c3165ca2a72d0450215a68391db3dba03010c25be3b1aed7c5e994c35 c1b572228e297bd072c94bda7c251cc5c65abd70fce38e1becb222534480c2d4
CLIENT_TRAFFIC_SECRET_0 8cf0a10c3165ca2a72d0450215a68391db3dba03010c25be3b1aed7c5e994c35 bfcc071ae56a4576fb6f57b58403f2afb4a037af1176cc5c91d4e4f8b7e777d6
SERVER_HANDSHAKE_TRAFFIC_SECRET e6ba66e490743b7f303d9dd058412e164c21c99d677d3f8dcd50b3abb7d3a3e7 6f9bcfdbbb6184a4f4454522a5276741f9cca92a10db0a5f8ba5471f06e7acb8
CLIENT_HANDSHAKE_TRAFFIC_SECRET e6ba66e490743b7f303d9dd058412e164c21c99d677d3f8dcd50b3abb7d3a3e7 8d88293a1ba726d8c94ac255142d3cee40885bae1e2c38a17d710624de44ce18
SERVER_TRAFFIC_SECRET_0 e6ba66e490743b7f303d9dd058412e164c21c99d677d3f8dcd50b3abb7d3a3e7 f01c3343ba332c47153a86dfdccc15bdc9fb4b56988c2537489e40a37b32a8b4
SERVER_HANDSHAKE_TRAFFIC_SECRET a839bc01e502b18b33a92e243fda83901f023e5057eb21663766bf5eda35c70d d10e94aa615c897349bac55da6b739aa7ec736d47a8eafabb066b2b5d0693c9c
CLIENT_HANDSHAKE_TRAFFIC_SECRET a839bc01e502b18b33a92e243fda83901f023e5057eb21663766bf5eda35c70d 1a8a017b8062c66f91824713e06eb0c22eb3452f9dd52050b4adb8a127f8d433
SERVER_TRAFFIC_SECRET_0 a839bc01e502b18b33a92e243fda83901f023e5057eb21663766bf5eda35c70d 54081e049ab8bcbd34e0028cfb18ffd407eb6556efef0ecc84a7ef46a848d915
SERVER_HANDSHAKE_TRAFFIC_SECRET b36bfde65568682b2c5a99da15fcaab16274afb8b86b5ce38c49500ef879bff6 05ac275f07ea5bed9f9955659efb28aeb6ecbe948cd8803d092bce3c7f278715
CLIENT_HANDSHAKE_TRAFFIC_SECRET b36bfde65568682b2c5a99da15fcaab16274afb8b86b5ce38c49500ef879bff6 1b56f61522295f1782c9c60fc5300528a8835cb08652a1a0a504f8f8322badb1
SERVER_TRAFFIC_SECRET_0 b36bfde65568682b2c5a99da15fcaab16274afb8b86b5ce38c49500ef879bff6 039813a466a113a84ca174a61aa1f8f107025babbce031ebf454a6ff4735f1c1
CLIENT_TRAFFIC_SECRET_0 b36bfde65568682b2c5a99da15fcaab16274afb8b86b5ce38c49500ef879bff6 78e5fb6e0eb65629871f212faa655ac8186f019f5da6d1cdfde532e011e5fe8a
SERVER_HANDSHAKE_TRAFFIC_SECRET 47b5929dad8ee382cceec9b49ddbfd41ebf106fc9b4f96ae69effb86b319d654 a4bd8115533e47d29c9994040b5379dedaf728c813811721c8f9f70fc235d418
CLIENT_HANDSHAKE_TRAFFIC_SECRET 47b5929dad8ee382cceec9b49ddbfd41ebf106fc9b4f96ae69effb86b319d654 6591acde9265d4e7ac813743bdfcd3f953414e3950d65645b7b6074404119363
SERVER_TRAFFIC_SECRET_0 47b5929dad8ee382cceec9b49ddbfd41ebf106fc9b4f96ae69effb86b319d654 4b6da4a02af88727e79a0caff9eb416ac85e3ea3a0879673eff447c6ebfe3c67
CLIENT_TRAFFIC_SECRET_0 47b5929dad8ee382cceec9b49ddbfd41ebf106fc9b4f96ae69effb86b319d654 62e4c00133cf813a9311905d262e626497598ef81778933d005175a055b022b3
SERVER_HANDSHAKE_TRAFFIC_SECRET 0c4c4caffd509f62a47483513c7c03e68837dfb01e3e98ca129bdf233b829a7c 3feb74c80b8ace52e98f6a6be81fc8ff39f46a84d6dc752fbc45c7604999a39c
CLIENT_HANDSHAKE_TRAFFIC_SECRET 0c4c4caffd509f62a47483513c7c03e68837dfb01e3e98ca129bdf233b829a7c dd0615995d37fde4e9e420b3292dcaddd2d50f19497218c8d88db1dcca7e77ef
SERVER_TRAFFIC_SECRET_0 0c4c4caffd509f62a47483513c7c03e68837dfb01e3e98ca129bdf233b829a7c d423465072a8d86d5c61fcda07f1c0540111c6ba19d45c2c35167db709a068dd
SERVER_HANDSHAKE_TRAFFIC_SECRET 0541f611ed0cebb05430ff1c66a2eaec2a3b208025c1543c69f770bc80e287b5 4c68a2cdc5f23187f10f6cc4cf881a8112f98ce6254580b19d8725385d728ecc
CLIENT_HANDSHAKE_TRAFFIC_SECRET 0541f611ed0cebb05430ff1c66a2eaec2a3b208025c1543c69f770bc80e287b5 50ff3965c5513fcc1b43caddd6ad757da8517691e803061d2018e8688c35d57f
SERVER_TRAFFIC_SECRET_0 0541f611ed0cebb05430ff1c66a2eaec2a3b208025c1543c69f770bc80e287b5 780ab8ad8cfdfbc84f41a2c5f26939e5c0b77d5b8df777adab7c7c16f094d7cf
CLIENT_TRAFFIC_SECRET_0 0541f611ed0cebb05430ff1c66a2eaec2a3b208025c1543c69f770bc80e287b5 5a6cb8c74d7b1e99ae3eee99234587f20058e2e709dda7c1d18a96fc0ead6629
SERVER_HANDSHAKE_TRAFFIC_SECRET 9aeb2262cf766f58878f32f74d3486af903d14466ff164d5caa8dce4c194d237 29cefae29f82b90657680c7bd03f872d49c95920f145004a6709775a6086fb74
CLIENT_HANDSHAKE_TRAFFIC_SECRET 9aeb2262cf766f58878f32f74d3486af903d14466ff164d5caa8dce4c194d237 86cf141bc271c2f0173fee60b7c247da6c1661d0ce3873ba7e6c7abfc6d39596
SERVER_TRAFFIC_SECRET_0 9aeb2262cf766f58878f32f74d3486af903d14466ff164d5caa8dce4c194d237 fd0c664d5de490b28bef540ab313c5e232a2df2040cc10892878a08c9f32be6e
CLIENT_TRAFFIC_SECRET_0 9aeb2262cf766f58878f32f74d3486af903d14466ff164d5caa8dce4c194d237 e9e5a2927a48decc3feccfd40a686540fcfcebbe86aa53b43edcf3dce7706158
SERVER_HANDSHAKE_TRAFFIC_SECRET b0912bd682724e770a48847bc49765a0f241d1e2e7bca751e1118ca2aa5a2a78 4d3edd7e4e095a51d27bf6dd47afa312b496dc5d9a037ee2e22018a19fc4d2ee
CLIENT_HANDSHAKE_TRAFFIC_SECRET b0912bd682724e770a48847bc49765a0f241d1e2e7bca751e1118ca2aa5a2a78 6c189d8b6c1471a828d66023d27c922d25ed335ecffabdbd993414edb70b3366
SERVER_TRAFFIC_SECRET_0 b0912bd682724e770a48847bc49765a0f241d1e2e7bca751e1118ca2aa5a2a78 d7a8f77cad553f9f949b579c17e0b74f4f8fbdcb72a82e9b7138712a106d8c69
SERVER_HANDSHAKE_TRAFFIC_SECRET 570e26902616acc9d3d0e7ead45a32c18620a9cfa2eb3d32898fc4914ec0bd3e 778479bfb40f7fb829abdeba87d78a20074c90892cf3a0855bffe60f25c4ef4c
CLIENT_HANDSHAKE_TRAFFIC_SECRET 570e26902616acc9d3d0e7ead45a32c18620a9cfa2eb3d32898fc4914ec0bd3e 08bf5205ed74840f4f2a6ac5ca45aae454d72563b3ae6fde07ca56a2947c475e
SERVER_TRAFFIC_SECRET_0 570e26902616acc9d3d0e7ead45a32c18620a9cfa2eb3d32898fc4914ec0bd3e d656e0711d7e1a7b10583bed592a272d6a10a0374783c4c110af48e89d8f6c9e
SERVER_HANDSHAKE_TRAFFIC_SECRET 1057fbc490407b1546d520c5df2406a6fd66bae2841bad81161a432dbb982711 062bdca547eadcd07b1630e104ca3e7cda36fe320d852ded9393c6ce7481f6c7
CLIENT_HANDSHAKE_TRAFFIC_SECRET 1057fbc490407b1546d520c5df2406a6fd66bae2841bad81161a432dbb982711 d6162f4d1c3e93c6149fc680b0f0093d6eca0097cf153c91734d865e2d74bb63
SERVER_TRAFFIC_SECRET_0 1057fbc490407b1546d520c5df2406a6fd66bae2841bad81161a432dbb982711 ad214de6dda47620e5ac1742e71b8ae8241aeb9e4a45b97fc1dc83f746400fdc
SERVER_HANDSHAKE_TRAFFIC_SECRET cf869c0fc7d15c6a0445c17e28b11d2f7f39a4bee8f82e77b92edf5780625302 013d5f4677f1e582e29b596b4f0293c98606d9d87de8ef82b691a129bd66056c
CLIENT_HANDSHAKE_TRAFFIC_SECRET cf869c0fc7d15c6a0445c17e28b11d2f7f39a4bee8f82e77b92edf5780625302 77c65830d3a7c6654ee0fef5f32e3b18b32b049c36422856d3232548754da783
SERVER_TRAFFIC_SECRET_0 cf869c0fc7d15c6a0445c17e28b11d2f7f39a4bee8f82e77b92edf5780625302 af75c84f763307cf3c4fe5c769850e18dac35f188fba39756a88eec842a4a04d
SERVER_HANDSHAKE_TRAFFIC_SECRET 65d54a9990523d12474a76fd5132315d31f56d7f5c6ef4dc172180abcf435a72 f8f6b0236384296fb6f960e2052b6003d95759a57a294c6e991ca33de99c84fd
CLIENT_HANDSHAKE_TRAFFIC_SECRET 65d54a9990523d12474a76fd5132315d31f56d7f5c6ef4dc172180abcf435a72 155c061db8ec27660659a24f2c890a83bdfcca4ef9e49562288847c8621596d8
SERVER_TRAFFIC_SECRET_0 65d54a9990523d12474a76fd5132315d31f56d7f5c6ef4dc172180abcf435a72 25796bbf75aefda606ccc358a6881b86505c48e143bf484d031da780ab498c53
CLIENT_TRAFFIC_SECRET_0 65d54a9990523d12474a76fd5132315d31f56d7f5c6ef4dc172180abcf435a72 bbaa86b39f840a01e1da49bf002f20bddf5f7906bfd3c33e6ba16bb5beccbce7
SERVER_HANDSHAKE_TRAFFIC_SECRET 89276be6cea4c1965330d4cb52052d7e4a64c90702eb0c35df5a5dc6177f9e8c 755234333e56f743cfb489b0172335365b14d5a3624d531458820cc8dfaf0d4d
CLIENT_HANDSHAKE_TRAFFIC_SECRET 89276be6cea4c1965330d4cb52052d7e4a64c90702eb0c35df5a5dc6177f9e8c 7343f27ce092d8d8eae27c3bfbbdab135a1b6539a0d685f8617dd6bc476821a9
SERVER_TRAFFIC_SECRET_0 89276be6cea4c1965330d4cb52052d7e4a64c90702eb0c35df5a5dc6177f9e8c cb9ad364e3f28711bea7eb2f8a367930d62171d2919aa58747cce318867730b5
CLIENT_TRAFFIC_SECRET_0 89276be6cea4c1965330d4cb52052d7e4a64c90702eb0c35df5a5dc6177f9e8c 69ad03450887ef1ca75f8bbcf6301521adf8b06a31098c48e9e6a42be4e1fd39
SERVER_HANDSHAKE_TRAFFIC_SECRET 5fddfe0a9132018c6365e6d9ab98cfbb653f202910432e596a26754ddb29b406 0803cfd622aa9f1224eadedf4bcd9a9605a517b794ccdcf202116c7fa5424f8d
CLIENT_HANDSHAKE_TRAFFIC_SECRET 5fddfe0a9132018c6365e6d9ab98cfbb653f202910432e596a26754ddb29b406 695cb15c49a7392eb175448635153e5216fa258d7f8a40f2fcc965fca19c60c7
SERVER_TRAFFIC_SECRET_0 5fddfe0a9132018c6365e6d9ab98cfbb653f202910432e596a26754ddb29b406 205ac983607f260a7beec74f59cb7aa34331919786d70297f6d4195629993816
CLIENT_TRAFFIC_SECRET_0 5fddfe0a9132018c6365e6d9ab98cfbb653f202910432e596a26754ddb29b406 660ca2c4883090e1698bbaa6a7a264892af6fc12cb9bd865af75710a7edeff1e
SERVER_HANDSHAKE_TRAFFIC_SECRET a5997082d9fbae2d799e658a28d22fbdf77ca8d9e548cf0b49960238f80e754f 793b480f30262e0d79e011f70b974f88779880912ee30a229ee286a5d6aa2739
CLIENT_HANDSHAKE_TRAFFIC_SECRET a5997082d9fbae2d799e658a28d22fbdf77ca8d9e548cf0b49960238f80e754f ed43dbd9b36e4f1f119f5ff5a642ca8b54eeae910423096481cfb1e129e1ea2d
SERVER_TRAFFIC_SECRET_0 a5997082d9fbae2d799e658a28d22fbdf77ca8d9e548cf0b49960238f80e754f f4c7a4b188bb3b42450af1a49ad44a5b21dfb8e212311c81902146f28b167a2d
CLIENT_TRAFFIC_SECRET_0 a5997082d9fbae2d799e658a28d22fbdf77ca8d9e548cf0b49960238f80e754f 5acf126d648114bcd65c25252274f621c99d1e2db27b05aead31fdc1dcd33fdd
SERVER_HANDSHAKE_TRAFFIC_SECRET 9a7247e86f60c43a35f500452e2a46a5d36b6562ece40a6c81eb6862c1fb56ef f8b914dabb636e46cae107e54b4c1322d03ad56ca3a21ccd631f3e5d40b83f49
CLIENT_HANDSHAKE_TRAFFIC_SECRET 9a7247e86f60c43a35f500452e2a46a5d36b6562ece40a6c81eb6862c1fb56ef b6b6ac3f8e15935171fd0a5ecd3b257b702ce11787f720ded85d700a9a0e5d45
SERVER_TRAFFIC_SECRET_0 9a7247e86f60c43a35f500452e2a46a5d36b6562ece40a6c81eb6862c1fb56ef c9a29d00a63a3665ac42b7d9a4853fea71cb421099a4db2da28db212d732a667
CLIENT_TRAFFIC_SECRET_0 9a7247e86f60c43a35f500452e2a46a5d36b6562ece40a6c81eb6862c1fb56ef 0eda34e7c3373c70abcae7457c0c8e0b794d8b68f50302867e78ae815c3fe08a
SERVER_HANDSHAKE_TRAFFIC_SECRET 7bc98d41c6e3a69e009862650b090bb15d5b7877b72a233bf06867765a468536 b1a94e080adf1d1ea311376ca2c5cf946acab15930146708b0ea9301d3d9c993
CLIENT_HANDSHAKE_TRAFFIC_SECRET 7bc98d41c6e3a69e009862650b090bb15d5b7877b72a233bf06867765a468536 b889272c9920504b716815a7e57bdb48d66bf1d711f6ec2a3f3ca78433b8d762
SERVER_TRAFFIC_SECRET_0 7bc98d41c6e3a69e009862650b090bb15d5b7877b72a233bf06867765a468536 d3635e80931b221e1ad4046b719367427a29055e449d38570ea7f9da4a46be92
SERVER_HANDSHAKE_TRAFFIC_SECRET 26e3d03ce7670fc165033da8d54884e848cbef1f5b10497ee62ee9c3f03093d2 c95d1645a866c8036c30fb4bae8aea50eea5295589c5f41f546355b9dee56508
CLIENT_HANDSHAKE_TRAFFIC_SECRET 26e3d03ce7670fc165033da8d54884e848cbef1f5b10497ee62ee9c3f03093d2 f423a3e67cb898cb10490bbe9c24f381b357dc0a7ea8f3b9dad0f03c8632f677
SERVER_TRAFFIC_SECRET_0 26e3d03ce7670fc165033da8d54884e848cbef1f5b10497ee62ee9c3f03093d2 14657e2cfb43a3ea8cc72754220f0c25d81f792c3ef9dc0ad1e82cd4df682f6e
CLIENT_TRAFFIC_SECRET_0 26e3d03ce7670fc165033da8d54884e848cbef1f5b10497ee62ee9c3f03093d2 4edefe654483853aa1dfc4a7a7bc520cf1fa297ff0d803a13965eabc7435157d
SERVER_HANDSHAKE_TRAFFIC_SECRET 8e7405e335acf9e5530d8e6904583c5c660496cf0a19df70a9aad2793b5a2d52 2f96f577024ec39c101f22a80131abf8fbf7726952c434bd511c27e5ae656198
CLIENT_HANDSHAKE_TRAFFIC_SECRET 8e7405e335acf9e5530d8e6904583c5c660496cf0a19df70a9aad2793b5a2d52 4d7757dfb0d5fa2340c5ad9579fbf5276d4828645fd099d5530c3de78cc26d2e
SERVER_TRAFFIC_SECRET_0 8e7405e335acf9e5530d8e6904583c5c660496cf0a19df70a9aad2793b5a2d52 eb993c7aabb021dc745421d60dee200e9717477a2d1bed454ee707fce3391c65
CLIENT_TRAFFIC_SECRET_0 8e7405e335acf9e5530d8e6904583c5c660496cf0a19df70a9aad2793b5a2d52 b0d04f4d3232496b7c649babcc943aa524d74870e65ab8adc1762674407d1e86
SERVER_HANDSHAKE_TRAFFIC_SECRET 2965a8b5f39375b22092adf7a827fac60240cb103e857059da830372a5744105 f77745a169409745fbee360c991cb120802b54243c104a1f85e7b98d7e450d40
CLIENT_HANDSHAKE_TRAFFIC_SECRET 2965a8b5f39375b22092adf7a827fac60240cb103e857059da830372a5744105 607b307a9e30e7fdfb93bda614777029dbcdf8c711a3286cf348b8756c21150f
SERVER_TRAFFIC_SECRET_0 2965a8b5f39375b22092adf7a827fac60240cb103e857059da830372a5744105 2aa3292e3ae1305650ea8d2456f36dd693fa5a3e04a5112f33b8a305aa759c0e
CLIENT_TRAFFIC_SECRET_0 2965a8b5f39375b22092adf7a827fac60240cb103e857059da830372a5744105 48023b1c344b4002b3ff1a10f00f9457263a909f974456344dfb890248a1fd3c
SERVER_HANDSHAKE_TRAFFIC_SECRET 7d5b022569fe949b07ce35f535847188557c10c2ca2be4d52a9e1a53e117c801 7a25633debabbe8630f2d06c320066eabc257c955264384bd3b0a0623ad0f228
CLIENT_HANDSHAKE_TRAFFIC_SECRET 7d5b022569fe949b07ce35f535847188557c10c2ca2be4d52a9e1a53e117c801 565c1431de48d30bed302519eee827b4aa9e389b17b0654558e020fb81f4b052
SERVER_TRAFFIC_SECRET_0 7d5b022569fe949b07ce35f535847188557c10c2ca2be4d52a9e1a53e117c801 3efc9a192c27542c7ba9d9d1b32b7457fecb4007c54c73115a13ebdee689efb0
SERVER_HANDSHAKE_TRAFFIC_SECRET 29276259dfba05d76977eb8ab4a8034d20a792292c6e0534717b1a7ef09df73b 760141dc4aa900de5aa6a80be2284f3fd4e9a2e7c95afa7352902d022344366f
CLIENT_HANDSHAKE_TRAFFIC_SECRET 29276259dfba05d76977eb8ab4a8034d20a792292c6e0534717b1a7ef09df73b 12b1088f8faa92c8f45c7a91d7e1324336f7a9a49a466c4582039bc2e18467aa
SERVER_TRAFFIC_SECRET_0 29276259dfba05d76977eb8ab4a8034d20a792292c6e0534717b1a7ef09df73b d85bb4237f796b91eb1c256ec42e2c47ffb7922a9b0a356985fdefc0adc599aa
