08:51:46,6 docker.utils.config DEBUG Trying paths: ['/home/crochetch/.docker/config.json', '/home/crochetch/.dockercfg']
08:51:46,6 docker.utils.config DEBUG Found file at path: /home/crochetch/.docker/config.json
08:51:46,6 docker.auth DEBUG Found 'auths' section
08:51:46,6 docker.auth DEBUG Found entry (registry='https://index.docker.io/v1/', username='elniak')
08:51:46,13 urllib3.connectionpool DEBUG http://localhost:None "GET /version HTTP/1.1" 200 828
08:51:46,13 docker.utils.config DEBUG Trying paths: ['/home/crochetch/.docker/config.json', '/home/crochetch/.dockercfg']
08:51:46,13 docker.utils.config DEBUG Found file at path: /home/crochetch/.docker/config.json
08:51:46,14 docker.auth DEBUG Found 'auths' section
08:51:46,14 docker.auth DEBUG Found entry (registry='https://index.docker.io/v1/', username='elniak')
08:51:46,19 urllib3.connectionpool DEBUG http://localhost:None "GET /version HTTP/1.1" 200 828
08:51:46,25 urllib3.connectionpool DEBUG http://localhost:None "GET /v1.45/networks/net HTTP/1.1" 200 432
08:51:46,25 root DEBUG Executing command: sudo chown -R $USER:$GROUPS $PWD/panther/
08:51:50,381 root DEBUG Executing command: xhost +
08:51:50,401 root INFO Docker Compose configuration updated successfully.
08:51:50,401 root DEBUG Executing command: cat panther/docker-compose.yml
08:51:50,404 root DEBUG Executing command: docker compose -f panther/docker-compose.yml up -d
08:51:51,661 urllib3.connectionpool DEBUG http://localhost:None "GET /v1.45/containers/panther-webapp/json HTTP/1.1" 200 None
08:51:51,662 docker.utils.config DEBUG Trying paths: ['/home/crochetch/.docker/config.json', '/home/crochetch/.dockercfg']
08:51:51,664 docker.utils.config DEBUG Found file at path: /home/crochetch/.docker/config.json
08:51:51,664 docker.auth DEBUG Found 'auths' section
08:51:51,664 docker.auth DEBUG Found entry (registry='https://index.docker.io/v1/', username='elniak')
08:51:51,665 urllib3.connectionpool DEBUG http://localhost:None "GET /v1.45/containers/panther-webapp/json HTTP/1.1" 200 None
08:51:51,666 root DEBUG Executing command: echo '172.27.1.10 panther-webapp' | sudo tee -a /etc/hosts
08:51:51,687 root INFO Added entry to /etc/hosts: 172.27.1.10 panther-webapp
08:51:51,689 urllib3.connectionpool DEBUG http://localhost:None "GET /version HTTP/1.1" 200 828
08:51:51,692 urllib3.connectionpool DEBUG http://localhost:None "GET /v1.45/containers/picoquic-ivy/json HTTP/1.1" 200 None
08:51:51,693 docker.utils.config DEBUG Trying paths: ['/home/crochetch/.docker/config.json', '/home/crochetch/.dockercfg']
08:51:51,696 urllib3.connectionpool DEBUG http://localhost:None "GET /v1.45/containers/panther-webapp/json HTTP/1.1" 200 None
08:51:51,696 docker.utils.config DEBUG Found file at path: /home/crochetch/.docker/config.json
08:51:51,696 urllib3.connectionpool DEBUG http://localhost:None "GET /v1.45/containers/picoquic-ivy/json HTTP/1.1" 200 None
08:51:51,698 docker.auth DEBUG Found 'auths' section
08:51:51,699 root DEBUG Executing command: echo '172.27.1.13 picoquic-ivy' | sudo tee -a /etc/hosts
08:51:51,699 docker.auth DEBUG Found entry (registry='https://index.docker.io/v1/', username='elniak')
08:51:51,727 root INFO Added entry to /etc/hosts: 172.27.1.13 picoquic-ivy
08:51:51,730 urllib3.connectionpool DEBUG http://localhost:None "GET /v1.45/containers/picoquic-shadow-ivy/json HTTP/1.1" 200 None
08:51:51,731 docker.utils.config DEBUG Trying paths: ['/home/crochetch/.docker/config.json', '/home/crochetch/.dockercfg']
08:51:51,731 docker.utils.config DEBUG Found file at path: /home/crochetch/.docker/config.json
08:51:51,731 docker.auth DEBUG Found 'auths' section
08:51:51,732 docker.auth DEBUG Found entry (registry='https://index.docker.io/v1/', username='elniak')
08:51:51,738 urllib3.connectionpool DEBUG http://localhost:None "GET /v1.45/containers/picoquic-shadow-ivy/json HTTP/1.1" 200 None
08:51:51,738 urllib3.connectionpool DEBUG http://localhost:None "GET /version HTTP/1.1" 200 828
08:51:51,741 root DEBUG Executing command: echo '172.27.1.14 picoquic-shadow-ivy' | sudo tee -a /etc/hosts
08:51:51,743 urllib3.connectionpool DEBUG http://localhost:None "GET /version HTTP/1.1" 200 828
08:51:51,746 urllib3.connectionpool DEBUG http://localhost:None "GET /v1.45/containers/picoquic-shadow-ivy/json HTTP/1.1" 200 None
08:51:51,744 urllib3.connectionpool DEBUG http://localhost:None "GET /v1.45/containers/picoquic-ivy/json HTTP/1.1" 200 None
08:51:51,768 root INFO Added entry to /etc/hosts: 172.27.1.14 picoquic-shadow-ivy
08:51:51,771 urllib3.connectionpool DEBUG http://localhost:None "GET /v1.45/containers/ping-pong-ivy/json HTTP/1.1" 200 None
08:51:51,776 docker.utils.config DEBUG Trying paths: ['/home/crochetch/.docker/config.json', '/home/crochetch/.dockercfg']
08:51:51,778 docker.utils.config DEBUG Found file at path: /home/crochetch/.docker/config.json
08:51:51,778 docker.auth DEBUG Found 'auths' section
08:51:51,779 urllib3.connectionpool DEBUG http://localhost:None "GET /v1.45/containers/ping-pong-ivy/json HTTP/1.1" 200 None
08:51:51,780 docker.auth DEBUG Found entry (registry='https://index.docker.io/v1/', username='elniak')
08:51:51,781 root DEBUG Executing command: echo '172.27.1.12 ping-pong-ivy' | sudo tee -a /etc/hosts
08:51:51,796 urllib3.connectionpool DEBUG http://localhost:None "GET /version HTTP/1.1" 200 828
08:51:51,808 urllib3.connectionpool DEBUG http://localhost:None "GET /v1.45/containers/ping-pong-ivy/json HTTP/1.1" 200 None
08:51:51,821 root INFO Added entry to /etc/hosts: 172.27.1.12 ping-pong-ivy
08:51:52,710 urllib3.connectionpool DEBUG http://localhost:None "GET /v1.45/containers/ed4c018f58dbfc7ca166431152d31b6e2daf67821c10ee8c32ea328e5eaf34b5/stats?stream=False HTTP/1.1" 200 1860
08:51:52,710 root INFO Name panther-webapp - Time: 1.01s - CPU Usage: 0.00% - Memory Usage: 153.55MB (0.98%)
08:51:53,722 urllib3.connectionpool DEBUG http://localhost:None "GET /v1.45/containers/06e6b769e377326c988eb9a204bedb7fcdad2fb098500b22233c1f85cb79ef08/stats?stream=False HTTP/1.1" 200 1843
08:51:53,724 root INFO Name ping-pong-ivy - Time: 1.92s - CPU Usage: 0.00% - Memory Usage: 64.42MB (0.41%)
08:51:53,725 urllib3.connectionpool DEBUG http://localhost:None "GET /v1.45/containers/7adacf4703cddfb28a2a7afcd4ffb707226d5673e015dc701b4bd9040481c3f9/stats?stream=False HTTP/1.1" 200 1842
08:51:53,726 root INFO Name picoquic-shadow-ivy - Time: 1.98s - CPU Usage: 0.00% - Memory Usage: 60.43MB (0.38%)
08:51:53,727 urllib3.connectionpool DEBUG http://localhost:None "GET /v1.45/containers/12fc21c4d6ca4e77dd0865f7ff33df5255024b5cdbeec9f7a1b7092ccd7c36ee/stats?stream=False HTTP/1.1" 200 1840
08:51:53,728 root INFO Name picoquic-ivy - Time: 1.97s - CPU Usage: 0.00% - Memory Usage: 61.82MB (0.39%)
08:52:03,728 urllib3.connectionpool DEBUG http://localhost:None "GET /v1.45/containers/ed4c018f58dbfc7ca166431152d31b6e2daf67821c10ee8c32ea328e5eaf34b5/stats?stream=False HTTP/1.1" 200 1866
08:52:03,729 root INFO Name panther-webapp - Time: 12.03s - CPU Usage: 0.00% - Memory Usage: 170.48MB (1.08%)
08:52:05,739 urllib3.connectionpool DEBUG http://localhost:None "GET /v1.45/containers/7adacf4703cddfb28a2a7afcd4ffb707226d5673e015dc701b4bd9040481c3f9/stats?stream=False HTTP/1.1" 200 1848
08:52:05,740 root INFO Name picoquic-shadow-ivy - Time: 13.99s - CPU Usage: 0.00% - Memory Usage: 60.43MB (0.38%)
08:52:05,741 urllib3.connectionpool DEBUG http://localhost:None "GET /v1.45/containers/12fc21c4d6ca4e77dd0865f7ff33df5255024b5cdbeec9f7a1b7092ccd7c36ee/stats?stream=False HTTP/1.1" 200 1843
08:52:05,742 root INFO Name picoquic-ivy - Time: 13.99s - CPU Usage: 0.00% - Memory Usage: 62.09MB (0.39%)
08:52:05,743 urllib3.connectionpool DEBUG http://localhost:None "GET /v1.45/containers/06e6b769e377326c988eb9a204bedb7fcdad2fb098500b22233c1f85cb79ef08/stats?stream=False HTTP/1.1" 200 1845
08:52:05,744 root INFO Name ping-pong-ivy - Time: 13.93s - CPU Usage: 0.00% - Memory Usage: 64.42MB (0.41%)
