11:53:55,177 root INFO Docker Compose configuration updated successfully.
11:53:55,358 root INFO Added entry to /etc/hosts: 172.27.1.13 picoquic-ivy
11:53:55,385 root INFO Added entry to /etc/hosts: 172.27.1.10 panther-webapp
11:53:55,422 root INFO Added entry to /etc/hosts: 172.27.1.14 picoquic-shadow-ivy
11:53:55,469 root INFO Added entry to /etc/hosts: 172.27.1.12 ping-pong-ivy
11:53:55,470 root INFO Executing command in tmux with log file: logs/compose_2024-06-02 11:53:55.470055.log
11:53:56,366 root INFO Name picoquic-ivy - Time: 1.01s - CPU Usage: 0.00% - Memory Usage: 455.10MB (22.22%)
11:53:57,373 root INFO Name panther-webapp - Time: 1.97s - CPU Usage: 0.00% - Memory Usage: 133.92MB (26.16%)
11:53:57,374 root INFO Name picoquic-shadow-ivy - Time: 1.97s - CPU Usage: 0.00% - Memory Usage: 71.81MB (3.51%)
11:53:57,376 root INFO Name ping-pong-ivy - Time: 1.92s - CPU Usage: 0.00% - Memory Usage: 57.96MB (2.83%)
11:54:07,384 root INFO Name picoquic-ivy - Time: 12.03s - CPU Usage: 0.00% - Memory Usage: 455.10MB (22.22%)
11:54:09,390 root INFO Name ping-pong-ivy - Time: 13.93s - CPU Usage: 0.00% - Memory Usage: 57.96MB (2.83%)
11:54:09,391 root INFO Name picoquic-shadow-ivy - Time: 13.98s - CPU Usage: 0.00% - Memory Usage: 71.70MB (3.50%)
11:54:09,392 root INFO Name panther-webapp - Time: 13.99s - CPU Usage: 0.00% - Memory Usage: 133.92MB (26.16%)
11:54:18,407 root INFO Name picoquic-ivy - Time: 23.05s - CPU Usage: 0.00% - Memory Usage: 455.10MB (22.22%)
11:54:20,417 root INFO Name ping-pong-ivy - Time: 24.96s - CPU Usage: 0.00% - Memory Usage: 57.96MB (2.83%)
11:54:20,418 root INFO Name panther-webapp - Time: 25.02s - CPU Usage: 0.00% - Memory Usage: 133.91MB (26.16%)
11:54:20,419 root INFO Name picoquic-shadow-ivy - Time: 25.01s - CPU Usage: 0.00% - Memory Usage: 71.70MB (3.50%)
11:54:29,428 root INFO Name picoquic-ivy - Time: 34.07s - CPU Usage: 0.00% - Memory Usage: 455.10MB (22.22%)
11:54:31,441 root INFO Name picoquic-shadow-ivy - Time: 36.03s - CPU Usage: 0.00% - Memory Usage: 71.69MB (3.50%)
11:54:31,444 root INFO Name ping-pong-ivy - Time: 35.99s - CPU Usage: 0.00% - Memory Usage: 57.96MB (2.83%)
11:54:32,452 root INFO Name panther-webapp - Time: 37.05s - CPU Usage: 0.00% - Memory Usage: 133.91MB (26.16%)
11:54:40,444 root INFO Name picoquic-ivy - Time: 45.09s - CPU Usage: 0.00% - Memory Usage: 455.10MB (22.22%)
11:54:42,462 root INFO Name picoquic-shadow-ivy - Time: 47.05s - CPU Usage: 0.00% - Memory Usage: 71.70MB (3.50%)
11:54:43,468 root INFO Name ping-pong-ivy - Time: 48.01s - CPU Usage: 0.00% - Memory Usage: 57.96MB (2.83%)
11:54:44,472 root INFO Name panther-webapp - Time: 49.07s - CPU Usage: 0.00% - Memory Usage: 133.92MB (26.16%)
11:54:51,458 root INFO Name picoquic-ivy - Time: 56.10s - CPU Usage: 0.00% - Memory Usage: 455.10MB (22.22%)
11:54:53,479 root INFO Name picoquic-shadow-ivy - Time: 58.07s - CPU Usage: 0.00% - Memory Usage: 71.70MB (3.50%)
11:54:55,486 root INFO Name ping-pong-ivy - Time: 60.03s - CPU Usage: 0.00% - Memory Usage: 57.96MB (2.83%)
11:54:56,491 root INFO Name panther-webapp - Time: 61.09s - CPU Usage: 0.00% - Memory Usage: 133.91MB (26.16%)
11:55:02,478 root INFO Name picoquic-ivy - Time: 67.12s - CPU Usage: 0.00% - Memory Usage: 455.10MB (22.22%)
11:55:04,494 root INFO Name picoquic-shadow-ivy - Time: 69.09s - CPU Usage: 0.00% - Memory Usage: 71.70MB (3.50%)
11:55:06,502 root INFO Name ping-pong-ivy - Time: 71.04s - CPU Usage: 0.00% - Memory Usage: 57.96MB (2.83%)
11:55:08,509 root INFO Name panther-webapp - Time: 73.11s - CPU Usage: 0.00% - Memory Usage: 133.91MB (26.16%)
