12:48:14,993 root INFO Docker Compose configuration updated successfully.
12:48:23,883 root INFO Added entry to /etc/hosts: 172.27.1.14 picoquic-shadow-ivy
12:48:23,912 root INFO Added entry to /etc/hosts: 172.27.1.12 ping-pong-ivy
12:48:23,957 root INFO Added entry to /etc/hosts: 172.27.1.13 picoquic-ivy
12:48:23,978 root INFO Added entry to /etc/hosts: 172.27.1.10 panther-webapp
12:48:23,978 root INFO Executing command in tmux with log file:  "docker compose -f panther/docker-compose.yml logs -f | tee 'logs/compose_2024-06-02 12:48:23.978535.log'"
12:48:24,899 root INFO Name picoquic-shadow-ivy - Time: 1.01s - CPU Usage: 0.00% - Memory Usage: 72.89MB (3.56%)
12:48:25,906 root INFO Name ping-pong-ivy - Time: 2.00s - CPU Usage: 0.00% - Memory Usage: 61.77MB (3.02%)
12:48:25,908 root INFO Name picoquic-ivy - Time: 1.97s - CPU Usage: 0.00% - Memory Usage: 58.88MB (2.88%)
12:48:25,909 root INFO Name panther-webapp - Time: 1.93s - CPU Usage: -0.00% - Memory Usage: 29.75MB (5.81%)
12:48:35,918 root INFO Name picoquic-shadow-ivy - Time: 12.03s - CPU Usage: 0.00% - Memory Usage: 72.80MB (3.55%)
12:48:37,926 root INFO Name picoquic-ivy - Time: 13.99s - CPU Usage: 0.00% - Memory Usage: 59.67MB (2.91%)
12:48:37,927 root INFO Name ping-pong-ivy - Time: 14.02s - CPU Usage: 0.00% - Memory Usage: 61.76MB (3.02%)
12:48:37,927 root INFO Name panther-webapp - Time: 13.95s - CPU Usage: 0.00% - Memory Usage: 0.00MB (0.00%)
12:48:46,935 root INFO Name picoquic-shadow-ivy - Time: 23.04s - CPU Usage: 0.00% - Memory Usage: 72.75MB (3.55%)
12:48:47,938 root INFO Name panther-webapp - Time: 23.96s - CPU Usage: 0.00% - Memory Usage: 0.00MB (0.00%)
12:48:48,945 root INFO Name picoquic-ivy - Time: 25.01s - CPU Usage: 0.00% - Memory Usage: 59.72MB (2.92%)
12:48:49,949 root INFO Name ping-pong-ivy - Time: 26.04s - CPU Usage: 0.00% - Memory Usage: 61.77MB (3.02%)
12:48:57,949 root INFO Name panther-webapp - Time: 33.97s - CPU Usage: 0.00% - Memory Usage: 0.00MB (0.00%)
12:48:57,950 root INFO Name picoquic-shadow-ivy - Time: 34.06s - CPU Usage: 0.00% - Memory Usage: 72.64MB (3.55%)
12:48:59,966 root INFO Name picoquic-ivy - Time: 36.03s - CPU Usage: 0.00% - Memory Usage: 59.73MB (2.92%)
12:49:01,972 root INFO Name ping-pong-ivy - Time: 38.06s - CPU Usage: 0.00% - Memory Usage: 61.77MB (3.02%)
12:49:07,962 root INFO Name panther-webapp - Time: 43.99s - CPU Usage: 0.00% - Memory Usage: 0.00MB (0.00%)
12:49:08,973 root INFO Name picoquic-shadow-ivy - Time: 45.08s - CPU Usage: 0.00% - Memory Usage: 72.48MB (3.54%)
12:49:10,982 root INFO Name picoquic-ivy - Time: 47.04s - CPU Usage: 0.00% - Memory Usage: 59.87MB (2.92%)
12:49:12,986 root INFO Name ping-pong-ivy - Time: 49.08s - CPU Usage: 0.00% - Memory Usage: 61.77MB (3.02%)
12:49:17,973 root INFO Name panther-webapp - Time: 54.00s - CPU Usage: 0.00% - Memory Usage: 0.00MB (0.00%)
12:49:19,989 root INFO Name picoquic-shadow-ivy - Time: 56.10s - CPU Usage: 0.00% - Memory Usage: 72.48MB (3.54%)
12:49:21,997 root INFO Name picoquic-ivy - Time: 58.06s - CPU Usage: 0.00% - Memory Usage: 59.74MB (2.92%)
12:49:24,2 root INFO Name ping-pong-ivy - Time: 60.09s - CPU Usage: 0.00% - Memory Usage: 61.77MB (3.02%)
12:49:27,984 root INFO Name panther-webapp - Time: 64.01s - CPU Usage: 0.00% - Memory Usage: 0.00MB (0.00%)
12:49:31,41 root INFO Name picoquic-shadow-ivy - Time: 67.15s - CPU Usage: 0.00% - Memory Usage: 72.48MB (3.54%)
12:49:33,45 root INFO Name picoquic-ivy - Time: 69.11s - CPU Usage: 0.00% - Memory Usage: 59.74MB (2.92%)
12:49:35,50 root INFO Name ping-pong-ivy - Time: 71.14s - CPU Usage: 0.00% - Memory Usage: 61.77MB (3.02%)
12:49:37,994 root INFO Name panther-webapp - Time: 74.02s - CPU Usage: 0.00% - Memory Usage: 0.00MB (0.00%)
12:49:42,60 root INFO Name picoquic-shadow-ivy - Time: 78.17s - CPU Usage: 0.00% - Memory Usage: 72.46MB (3.54%)
12:49:44,66 root INFO Name picoquic-ivy - Time: 80.13s - CPU Usage: 0.00% - Memory Usage: 59.74MB (2.92%)
12:49:46,71 root INFO Name ping-pong-ivy - Time: 82.16s - CPU Usage: 0.00% - Memory Usage: 61.77MB (3.02%)
12:49:48,5 root INFO Name panther-webapp - Time: 84.03s - CPU Usage: 0.00% - Memory Usage: 0.00MB (0.00%)
12:49:53,78 root INFO Name picoquic-shadow-ivy - Time: 89.19s - CPU Usage: 0.00% - Memory Usage: 72.46MB (3.54%)
12:49:55,84 root INFO Name picoquic-ivy - Time: 91.15s - CPU Usage: 0.00% - Memory Usage: 59.74MB (2.92%)
12:49:57,89 root INFO Name ping-pong-ivy - Time: 93.18s - CPU Usage: 0.00% - Memory Usage: 61.76MB (3.02%)
12:49:58,13 root INFO Name panther-webapp - Time: 94.04s - CPU Usage: 0.00% - Memory Usage: 0.00MB (0.00%)
12:50:04,94 root INFO Name picoquic-shadow-ivy - Time: 100.20s - CPU Usage: 0.00% - Memory Usage: 72.45MB (3.54%)
12:50:06,100 root INFO Name picoquic-ivy - Time: 102.16s - CPU Usage: 0.00% - Memory Usage: 59.73MB (2.92%)
12:50:08,21 root INFO Name panther-webapp - Time: 104.05s - CPU Usage: 0.00% - Memory Usage: 0.00MB (0.00%)
12:50:08,109 root INFO Name ping-pong-ivy - Time: 104.20s - CPU Usage: 0.00% - Memory Usage: 62.08MB (3.03%)
12:50:15,111 root INFO Name picoquic-shadow-ivy - Time: 111.22s - CPU Usage: 0.00% - Memory Usage: 72.48MB (3.54%)
12:50:17,119 root INFO Name picoquic-ivy - Time: 113.18s - CPU Usage: 0.00% - Memory Usage: 59.73MB (2.92%)
12:50:19,127 root INFO Name panther-webapp - Time: 115.15s - CPU Usage: 0.00% - Memory Usage: 111.50MB (21.78%)
12:50:20,133 root INFO Name ping-pong-ivy - Time: 116.22s - CPU Usage: 0.00% - Memory Usage: 62.11MB (3.03%)
12:50:26,128 root INFO Name picoquic-shadow-ivy - Time: 122.24s - CPU Usage: 0.00% - Memory Usage: 72.48MB (3.54%)
12:50:28,135 root INFO Name picoquic-ivy - Time: 124.20s - CPU Usage: 0.00% - Memory Usage: 59.73MB (2.92%)
12:50:30,141 root INFO Name panther-webapp - Time: 126.17s - CPU Usage: 0.00% - Memory Usage: 116.99MB (22.85%)
12:50:32,147 root INFO Name ping-pong-ivy - Time: 128.24s - CPU Usage: 0.00% - Memory Usage: 62.10MB (3.03%)
12:50:37,141 root INFO Name picoquic-shadow-ivy - Time: 133.25s - CPU Usage: 0.00% - Memory Usage: 72.48MB (3.54%)
12:50:39,149 root INFO Name picoquic-ivy - Time: 135.21s - CPU Usage: 0.00% - Memory Usage: 59.73MB (2.92%)
12:50:41,158 root INFO Name panther-webapp - Time: 137.18s - CPU Usage: 0.00% - Memory Usage: 89.57MB (17.49%)
12:50:43,164 root INFO Name ping-pong-ivy - Time: 139.26s - CPU Usage: 0.00% - Memory Usage: 62.11MB (3.03%)
12:50:48,159 root INFO Name picoquic-shadow-ivy - Time: 144.27s - CPU Usage: 0.00% - Memory Usage: 72.48MB (3.54%)
12:50:50,168 root INFO Name picoquic-ivy - Time: 146.23s - CPU Usage: 0.00% - Memory Usage: 59.73MB (2.92%)
12:50:52,174 root INFO Name panther-webapp - Time: 148.20s - CPU Usage: 0.00% - Memory Usage: 0.00MB (0.00%)
12:50:54,180 root INFO Name ping-pong-ivy - Time: 150.27s - CPU Usage: 0.00% - Memory Usage: 62.23MB (3.04%)
12:50:59,170 root INFO Name picoquic-shadow-ivy - Time: 155.28s - CPU Usage: 0.00% - Memory Usage: 72.48MB (3.54%)
12:51:01,183 root INFO Name picoquic-ivy - Time: 157.24s - CPU Usage: 0.00% - Memory Usage: 59.73MB (2.92%)
12:51:02,186 root INFO Name panther-webapp - Time: 158.21s - CPU Usage: 0.00% - Memory Usage: 0.00MB (0.00%)
12:51:05,194 root INFO Name ping-pong-ivy - Time: 161.29s - CPU Usage: 0.00% - Memory Usage: 62.11MB (3.03%)
12:51:10,186 root INFO Name picoquic-shadow-ivy - Time: 166.30s - CPU Usage: 0.00% - Memory Usage: 72.48MB (3.54%)
12:51:12,197 root INFO Name panther-webapp - Time: 168.22s - CPU Usage: 0.00% - Memory Usage: 0.00MB (0.00%)
12:51:12,198 root INFO Name picoquic-ivy - Time: 168.26s - CPU Usage: 0.00% - Memory Usage: 59.73MB (2.92%)
12:51:16,203 root INFO Name ping-pong-ivy - Time: 172.29s - CPU Usage: 0.00% - Memory Usage: 62.11MB (3.03%)
12:51:21,202 root INFO Name picoquic-shadow-ivy - Time: 177.31s - CPU Usage: 0.00% - Memory Usage: 72.48MB (3.54%)
12:51:22,209 root INFO Name panther-webapp - Time: 178.23s - CPU Usage: 0.00% - Memory Usage: 0.00MB (0.00%)
12:51:23,215 root INFO Name picoquic-ivy - Time: 179.28s - CPU Usage: 0.00% - Memory Usage: 59.73MB (2.92%)
12:51:27,218 root INFO Name ping-pong-ivy - Time: 183.31s - CPU Usage: 0.00% - Memory Usage: 62.11MB (3.03%)
12:51:32,218 root INFO Name picoquic-shadow-ivy - Time: 188.33s - CPU Usage: 0.00% - Memory Usage: 72.48MB (3.54%)
12:51:32,220 root INFO Name panther-webapp - Time: 188.24s - CPU Usage: 0.00% - Memory Usage: 0.00MB (0.00%)
12:51:34,225 root INFO Name picoquic-ivy - Time: 190.29s - CPU Usage: 0.00% - Memory Usage: 59.73MB (2.92%)
12:51:38,233 root INFO Name ping-pong-ivy - Time: 194.32s - CPU Usage: 0.00% - Memory Usage: 62.11MB (3.03%)
12:51:42,231 root INFO Name panther-webapp - Time: 198.26s - CPU Usage: 0.00% - Memory Usage: 0.00MB (0.00%)
12:51:43,235 root INFO Name picoquic-shadow-ivy - Time: 199.35s - CPU Usage: 0.00% - Memory Usage: 72.48MB (3.54%)
12:51:45,242 root INFO Name picoquic-ivy - Time: 201.30s - CPU Usage: 0.00% - Memory Usage: 59.73MB (2.92%)
12:51:49,249 root INFO Name ping-pong-ivy - Time: 205.34s - CPU Usage: 0.00% - Memory Usage: 62.11MB (3.03%)
12:51:52,241 root INFO Name panther-webapp - Time: 208.27s - CPU Usage: 0.00% - Memory Usage: 0.00MB (0.00%)
12:51:54,250 root INFO Name picoquic-shadow-ivy - Time: 210.36s - CPU Usage: 0.00% - Memory Usage: 72.49MB (3.54%)
12:51:56,258 root INFO Name picoquic-ivy - Time: 212.32s - CPU Usage: 0.00% - Memory Usage: 59.86MB (2.92%)
12:52:00,261 root INFO Name ping-pong-ivy - Time: 216.35s - CPU Usage: 0.00% - Memory Usage: 62.11MB (3.03%)
12:52:02,250 root INFO Name panther-webapp - Time: 218.27s - CPU Usage: 0.00% - Memory Usage: 0.00MB (0.00%)
12:52:05,268 root INFO Name picoquic-shadow-ivy - Time: 221.38s - CPU Usage: 0.00% - Memory Usage: 72.49MB (3.54%)
12:52:07,274 root INFO Name picoquic-ivy - Time: 223.33s - CPU Usage: 0.00% - Memory Usage: 59.74MB (2.92%)
12:52:11,278 root INFO Name ping-pong-ivy - Time: 227.37s - CPU Usage: 0.00% - Memory Usage: 62.09MB (3.03%)
12:52:12,261 root INFO Name panther-webapp - Time: 228.29s - CPU Usage: 0.00% - Memory Usage: 0.00MB (0.00%)
12:52:16,282 root INFO Name picoquic-shadow-ivy - Time: 232.39s - CPU Usage: 0.00% - Memory Usage: 72.48MB (3.54%)
