12:54:49,546 root INFO Docker Compose configuration updated successfully.
12:54:58,544 root INFO Added entry to /etc/hosts: 172.27.1.13 picoquic-ivy
12:54:58,577 root INFO Added entry to /etc/hosts: 172.27.1.12 ping-pong-ivy
12:54:58,599 root INFO Added entry to /etc/hosts: 172.27.1.10 panther-webapp
12:54:58,627 root INFO Added entry to /etc/hosts: 172.27.1.14 picoquic-shadow-ivy
12:54:58,627 root INFO Executing command in tmux with log file:  "docker compose -f panther/docker-compose.yml logs -f | tee 'logs/compose_2024-06-02 12:54:58.627906.log'"
12:54:59,559 root INFO Name picoquic-ivy - Time: 1.02s - CPU Usage: 0.00% - Memory Usage: 58.82MB (2.87%)
12:55:00,567 root INFO Name panther-webapp - Time: 1.97s - CPU Usage: -0.00% - Memory Usage: 30.60MB (5.98%)
12:55:00,568 root INFO Name picoquic-shadow-ivy - Time: 1.94s - CPU Usage: 0.00% - Memory Usage: 73.37MB (3.58%)
12:55:00,569 root INFO Name ping-pong-ivy - Time: 2.01s - CPU Usage: 0.00% - Memory Usage: 61.45MB (3.00%)
12:55:10,581 root INFO Name picoquic-ivy - Time: 12.04s - CPU Usage: 0.00% - Memory Usage: 58.96MB (2.88%)
12:55:12,585 root INFO Name panther-webapp - Time: 13.99s - CPU Usage: 0.00% - Memory Usage: 0.00MB (0.00%)
12:55:12,587 root INFO Name picoquic-shadow-ivy - Time: 13.96s - CPU Usage: 0.00% - Memory Usage: 73.22MB (3.58%)
12:55:12,588 root INFO Name ping-pong-ivy - Time: 14.02s - CPU Usage: 0.00% - Memory Usage: 61.62MB (3.01%)
12:55:21,599 root INFO Name picoquic-ivy - Time: 23.06s - CPU Usage: 0.00% - Memory Usage: 58.84MB (2.87%)
12:55:23,847 root INFO Name panther-webapp - Time: 25.25s - CPU Usage: 0.00% - Memory Usage: 0.00MB (0.00%)
12:55:23,850 root INFO Name ping-pong-ivy - Time: 25.29s - CPU Usage: 0.00% - Memory Usage: 61.45MB (3.00%)
12:55:23,852 root INFO Name picoquic-shadow-ivy - Time: 25.23s - CPU Usage: 0.00% - Memory Usage: 73.12MB (3.57%)
12:55:31,716 root INFO Name picoquic-ivy - Time: 33.18s - CPU Usage: 0.00% - Memory Usage: 0.00MB (0.00%)
12:55:33,857 root INFO Name panther-webapp - Time: 35.26s - CPU Usage: 0.00% - Memory Usage: 0.00MB (0.00%)
12:55:33,863 root INFO Name picoquic-shadow-ivy - Time: 35.24s - CPU Usage: 0.00% - Memory Usage: 0.00MB (0.00%)
12:55:33,864 root INFO Name ping-pong-ivy - Time: 35.30s - CPU Usage: 0.00% - Memory Usage: 0.00MB (0.00%)
12:55:41,725 root INFO Name picoquic-ivy - Time: 43.19s - CPU Usage: 0.00% - Memory Usage: 0.00MB (0.00%)
12:55:43,870 root INFO Name panther-webapp - Time: 45.28s - CPU Usage: 0.00% - Memory Usage: 0.00MB (0.00%)
12:55:43,873 root INFO Name picoquic-shadow-ivy - Time: 45.25s - CPU Usage: 0.00% - Memory Usage: 0.00MB (0.00%)
12:55:43,873 root INFO Name ping-pong-ivy - Time: 45.31s - CPU Usage: 0.00% - Memory Usage: 0.00MB (0.00%)
12:55:51,733 root INFO Name picoquic-ivy - Time: 53.19s - CPU Usage: 0.00% - Memory Usage: 0.00MB (0.00%)
12:55:53,882 root INFO Name panther-webapp - Time: 55.29s - CPU Usage: 0.00% - Memory Usage: 0.00MB (0.00%)
12:55:53,885 root INFO Name ping-pong-ivy - Time: 55.32s - CPU Usage: 0.00% - Memory Usage: 0.00MB (0.00%)
12:55:53,886 root INFO Name picoquic-shadow-ivy - Time: 55.26s - CPU Usage: 0.00% - Memory Usage: 0.00MB (0.00%)
12:56:01,741 root ERROR An error occurred: 404 Client Error for http+docker://localhost/v1.45/containers/cacb4b0c6aa7bac8e6db01b3ee9a422358b5a88f561eb87dee8be7631c9de3a8/stats?stream=False: Not Found ("No such container: cacb4b0c6aa7bac8e6db01b3ee9a422358b5a88f561eb87dee8be7631c9de3a8")
