11:46:17,233 root INFO Docker Compose configuration updated successfully.
11:46:17,395 root INFO Added entry to /etc/hosts: 172.27.1.14 picoquic-shadow-ivy
11:46:17,438 root INFO Added entry to /etc/hosts: 172.27.1.10 panther-webapp
11:46:17,460 root INFO Added entry to /etc/hosts: 172.27.1.13 picoquic-ivy
11:46:17,487 root INFO Added entry to /etc/hosts: 172.27.1.12 ping-pong-ivy
11:46:17,487 root INFO Executing command: docker compose -f panther/docker-compose.yml logs -f | tee logs/compose_2024-06-02 11:46:17.487795.log in tmux
11:46:18,402 root INFO Name picoquic-shadow-ivy - Time: 1.01s - CPU Usage: 0.00% - Memory Usage: 72.71MB (3.55%)
11:46:19,409 root INFO Name picoquic-ivy - Time: 1.95s - CPU Usage: 0.00% - Memory Usage: 428.71MB (20.93%)
11:46:19,410 root INFO Name ping-pong-ivy - Time: 1.93s - CPU Usage: 0.00% - Memory Usage: 57.95MB (2.83%)
11:46:19,411 root INFO Name panther-webapp - Time: 1.99s - CPU Usage: 0.00% - Memory Usage: 136.13MB (26.59%)
11:46:29,417 root INFO Name picoquic-shadow-ivy - Time: 12.02s - CPU Usage: 0.00% - Memory Usage: 72.71MB (3.55%)
11:46:31,425 root INFO Name panther-webapp - Time: 14.01s - CPU Usage: 0.00% - Memory Usage: 136.14MB (26.59%)
11:46:31,427 root INFO Name picoquic-ivy - Time: 13.96s - CPU Usage: 0.00% - Memory Usage: 992.15MB (48.44%)
11:46:31,428 root INFO Name ping-pong-ivy - Time: 13.95s - CPU Usage: 0.00% - Memory Usage: 58.09MB (2.84%)
11:46:40,433 root INFO Name picoquic-shadow-ivy - Time: 23.04s - CPU Usage: 0.00% - Memory Usage: 72.71MB (3.55%)
11:46:42,447 root INFO Name ping-pong-ivy - Time: 24.97s - CPU Usage: 0.00% - Memory Usage: 57.95MB (2.83%)
11:46:43,451 root INFO Name picoquic-ivy - Time: 25.99s - CPU Usage: 0.00% - Memory Usage: 1425.43MB (69.60%)
11:46:43,452 root INFO Name panther-webapp - Time: 26.03s - CPU Usage: 0.00% - Memory Usage: 136.14MB (26.59%)
11:46:51,453 root INFO Name picoquic-shadow-ivy - Time: 34.06s - CPU Usage: 0.00% - Memory Usage: 72.71MB (3.55%)
11:46:53,464 root INFO Name ping-pong-ivy - Time: 35.98s - CPU Usage: 0.00% - Memory Usage: 57.96MB (2.83%)
11:46:55,470 root INFO Name panther-webapp - Time: 38.05s - CPU Usage: 0.00% - Memory Usage: 136.14MB (26.59%)
11:46:55,471 root INFO Name picoquic-ivy - Time: 38.01s - CPU Usage: 0.00% - Memory Usage: 536.02MB (26.17%)
11:47:02,469 root INFO Name picoquic-shadow-ivy - Time: 45.07s - CPU Usage: 0.00% - Memory Usage: 72.71MB (3.55%)
11:47:04,478 root INFO Name ping-pong-ivy - Time: 47.00s - CPU Usage: 0.00% - Memory Usage: 57.96MB (2.83%)
11:47:06,486 root INFO Name panther-webapp - Time: 49.07s - CPU Usage: 0.00% - Memory Usage: 136.14MB (26.59%)
11:47:07,490 root INFO Name picoquic-ivy - Time: 50.03s - CPU Usage: 0.00% - Memory Usage: 536.02MB (26.17%)
