11:44:27,728 root INFO Docker Compose configuration updated successfully.
11:44:27,906 root INFO Added entry to /etc/hosts: 172.27.1.10 panther-webapp
11:44:27,925 root INFO Added entry to /etc/hosts: 172.27.1.12 ping-pong-ivy
11:44:27,941 root INFO Added entry to /etc/hosts: 172.27.1.13 picoquic-ivy
11:44:27,968 root INFO Added entry to /etc/hosts: 172.27.1.14 picoquic-shadow-ivy
11:44:27,968 root INFO Executing command: docker compose -f panther/docker-compose.yml logs -f | tee logs/compose_2024-06-02 11:44:27.968816.log in tmux
11:44:28,911 root INFO Name panther-webapp - Time: 1.01s - CPU Usage: 0.00% - Memory Usage: 140.25MB (27.39%)
11:44:29,916 root INFO Name ping-pong-ivy - Time: 1.99s - CPU Usage: 0.00% - Memory Usage: 58.03MB (2.83%)
11:44:29,918 root INFO Name picoquic-ivy - Time: 1.96s - CPU Usage: 0.00% - Memory Usage: 58.08MB (2.84%)
11:44:29,920 root INFO Name picoquic-shadow-ivy - Time: 1.95s - CPU Usage: 0.00% - Memory Usage: 76.02MB (3.71%)
11:44:39,927 root INFO Name panther-webapp - Time: 12.03s - CPU Usage: 0.00% - Memory Usage: 140.26MB (27.39%)
11:44:41,940 root INFO Name ping-pong-ivy - Time: 14.02s - CPU Usage: 0.00% - Memory Usage: 58.03MB (2.83%)
11:44:41,942 root INFO Name picoquic-shadow-ivy - Time: 13.97s - CPU Usage: 0.00% - Memory Usage: 75.89MB (3.71%)
11:44:41,943 root INFO Name picoquic-ivy - Time: 13.99s - CPU Usage: 0.00% - Memory Usage: 58.08MB (2.84%)
11:44:50,948 root INFO Name panther-webapp - Time: 23.05s - CPU Usage: 0.00% - Memory Usage: 140.64MB (27.47%)
11:44:52,959 root INFO Name ping-pong-ivy - Time: 25.04s - CPU Usage: 0.00% - Memory Usage: 58.03MB (2.83%)
11:44:53,964 root INFO Name picoquic-shadow-ivy - Time: 25.99s - CPU Usage: 0.00% - Memory Usage: 74.82MB (3.65%)
11:44:53,965 root INFO Name picoquic-ivy - Time: 26.01s - CPU Usage: 0.00% - Memory Usage: 398.69MB (19.47%)
11:45:01,964 root INFO Name panther-webapp - Time: 34.06s - CPU Usage: 0.00% - Memory Usage: 139.88MB (27.32%)
11:45:03,974 root INFO Name ping-pong-ivy - Time: 36.05s - CPU Usage: 0.00% - Memory Usage: 58.03MB (2.83%)
11:45:05,979 root INFO Name picoquic-ivy - Time: 38.02s - CPU Usage: 0.00% - Memory Usage: 505.94MB (24.70%)
11:45:05,980 root INFO Name picoquic-shadow-ivy - Time: 38.01s - CPU Usage: 0.00% - Memory Usage: 74.18MB (3.62%)
11:45:12,980 root INFO Name panther-webapp - Time: 45.08s - CPU Usage: 0.00% - Memory Usage: 139.19MB (27.19%)
11:45:14,992 root INFO Name ping-pong-ivy - Time: 47.07s - CPU Usage: 0.00% - Memory Usage: 58.03MB (2.83%)
11:45:16,999 root INFO Name picoquic-ivy - Time: 49.04s - CPU Usage: 0.00% - Memory Usage: 534.85MB (26.12%)
11:45:17,0 root INFO Name picoquic-shadow-ivy - Time: 49.03s - CPU Usage: 0.00% - Memory Usage: 74.01MB (3.61%)
11:45:23,995 root INFO Name panther-webapp - Time: 56.09s - CPU Usage: 0.00% - Memory Usage: 138.91MB (27.13%)
11:45:26,6 root INFO Name ping-pong-ivy - Time: 58.08s - CPU Usage: 0.00% - Memory Usage: 58.03MB (2.83%)
11:45:28,13 root INFO Name picoquic-shadow-ivy - Time: 60.04s - CPU Usage: 0.00% - Memory Usage: 74.01MB (3.61%)
11:45:29,17 root INFO Name picoquic-ivy - Time: 61.06s - CPU Usage: 0.00% - Memory Usage: 540.09MB (26.37%)
11:45:35,9 root INFO Name panther-webapp - Time: 67.11s - CPU Usage: 0.00% - Memory Usage: 138.91MB (27.13%)
11:45:37,21 root INFO Name ping-pong-ivy - Time: 69.10s - CPU Usage: 0.00% - Memory Usage: 58.03MB (2.83%)
11:45:39,29 root INFO Name picoquic-shadow-ivy - Time: 71.06s - CPU Usage: 0.00% - Memory Usage: 73.50MB (3.59%)
11:45:41,33 root INFO Name picoquic-ivy - Time: 73.08s - CPU Usage: 0.00% - Memory Usage: 1258.62MB (61.46%)
11:45:46,28 root INFO Name panther-webapp - Time: 78.13s - CPU Usage: 0.00% - Memory Usage: 137.05MB (26.77%)
11:45:48,37 root INFO Name ping-pong-ivy - Time: 80.11s - CPU Usage: 0.00% - Memory Usage: 58.08MB (2.84%)
11:45:50,45 root INFO Name picoquic-shadow-ivy - Time: 82.07s - CPU Usage: 0.00% - Memory Usage: 72.79MB (3.55%)
11:45:52,52 root INFO Name picoquic-ivy - Time: 84.10s - CPU Usage: 0.00% - Memory Usage: 667.26MB (32.58%)
11:45:57,44 root INFO Name panther-webapp - Time: 89.14s - CPU Usage: 0.00% - Memory Usage: 136.13MB (26.59%)
11:45:59,55 root INFO Name ping-pong-ivy - Time: 91.13s - CPU Usage: 0.00% - Memory Usage: 57.95MB (2.83%)
11:46:01,64 root INFO Name picoquic-shadow-ivy - Time: 93.09s - CPU Usage: 0.00% - Memory Usage: 72.71MB (3.55%)
11:46:03,70 root INFO Name picoquic-ivy - Time: 95.11s - CPU Usage: 0.00% - Memory Usage: 419.67MB (20.49%)
11:46:08,59 root INFO Name panther-webapp - Time: 100.16s - CPU Usage: 0.00% - Memory Usage: 136.13MB (26.59%)
11:46:10,70 root INFO Name ping-pong-ivy - Time: 102.15s - CPU Usage: 0.00% - Memory Usage: 57.96MB (2.83%)
11:46:12,80 root INFO Name picoquic-shadow-ivy - Time: 104.11s - CPU Usage: 0.00% - Memory Usage: 72.71MB (3.55%)
11:46:14,87 root INFO Name picoquic-ivy - Time: 106.13s - CPU Usage: 0.00% - Memory Usage: 428.28MB (20.91%)
