08:05:51,494 docker.utils.config DEBUG Trying paths: ['/home/crochetch/.docker/config.json', '/home/crochetch/.dockercfg']
08:05:51,494 docker.utils.config DEBUG Found file at path: /home/crochetch/.docker/config.json
08:05:51,494 docker.auth DEBUG Found 'auths' section
08:05:51,494 docker.auth DEBUG Found entry (registry='https://index.docker.io/v1/', username='elniak')
08:05:51,501 urllib3.connectionpool DEBUG http://localhost:None "GET /version HTTP/1.1" 200 828
08:05:51,504 urllib3.connectionpool DEBUG http://localhost:None "GET /v1.45/containers/json?limit=-1&all=1&size=0&trunc_cmd=0 HTTP/1.1" 200 None
08:05:51,507 urllib3.connectionpool DEBUG http://localhost:None "GET /v1.45/containers/bf5989a147137f5b32cfb00fbedf95a235b2f041584e171c3119d997d5b5b131/json HTTP/1.1" 200 None
08:05:51,508 urllib3.connectionpool DEBUG http://localhost:None "GET /v1.45/containers/04e3712f3a4dc5c0d6fc7c10b29b2be75e2b16ed54df4726443d6deb3604b8dd/json HTTP/1.1" 200 None
08:05:51,510 urllib3.connectionpool DEBUG http://localhost:None "GET /v1.45/containers/8c353371322f92525d0cc1068f74238aa62865e2c95f4a7afb693ec89d0084f7/json HTTP/1.1" 200 None
08:05:51,511 urllib3.connectionpool DEBUG http://localhost:None "GET /v1.45/containers/c703acda1683412aa4e6dd43db8ecacb29bd95e7c33b39f9410da877607527e3/json HTTP/1.1" 200 None
08:05:51,513 urllib3.connectionpool DEBUG http://localhost:None "GET /v1.45/containers/7145629f46968224f6bd537938ec3c5ed8430febf2d10ef715b5b774d4e5d6aa/json HTTP/1.1" 200 None
08:05:51,986 urllib3.connectionpool DEBUG http://localhost:None "POST /v1.45/containers/bf5989a147137f5b32cfb00fbedf95a235b2f041584e171c3119d997d5b5b131/stop HTTP/1.1" 204 0
08:05:52,319 urllib3.connectionpool DEBUG http://localhost:None "POST /v1.45/containers/04e3712f3a4dc5c0d6fc7c10b29b2be75e2b16ed54df4726443d6deb3604b8dd/stop HTTP/1.1" 204 0
08:05:52,725 urllib3.connectionpool DEBUG http://localhost:None "POST /v1.45/containers/8c353371322f92525d0cc1068f74238aa62865e2c95f4a7afb693ec89d0084f7/stop HTTP/1.1" 204 0
08:05:53,212 urllib3.connectionpool DEBUG http://localhost:None "POST /v1.45/containers/c703acda1683412aa4e6dd43db8ecacb29bd95e7c33b39f9410da877607527e3/stop HTTP/1.1" 204 0
08:05:53,219 urllib3.connectionpool DEBUG http://localhost:None "POST /v1.45/containers/7145629f46968224f6bd537938ec3c5ed8430febf2d10ef715b5b774d4e5d6aa/stop HTTP/1.1" 304 0
08:05:53,221 root DEBUG Executing command: git clean -f -d panther/panther_worker/panther-ivy;
08:05:53,302 docker.utils.config DEBUG Trying paths: ['/home/crochetch/.docker/config.json', '/home/crochetch/.dockercfg']
08:05:53,303 docker.utils.config DEBUG Found file at path: /home/crochetch/.docker/config.json
08:05:53,303 docker.auth DEBUG Found 'auths' section
08:05:53,303 docker.auth DEBUG Found entry (registry='https://index.docker.io/v1/', username='elniak')
08:05:53,310 urllib3.connectionpool DEBUG http://localhost:None "GET /version HTTP/1.1" 200 828
08:05:53,311 root INFO Building Docker image ping-pong from Dockerfile.ping-pong
08:05:53,311 root DEBUG Building Docker image ubuntu-ivy
08:05:58,528 docker.api.build DEBUG Looking for auth config
08:05:58,530 docker.api.build DEBUG Sending auth config ('https://index.docker.io/v1/')
08:06:02,178 urllib3.connectionpool DEBUG http://localhost:None "POST /v1.45/build?t=ubuntu-ivy&q=False&nocache=False&rm=True&forcerm=False&pull=False&dockerfile=Dockerfile.ubuntu&networkmode=host HTTP/1.1" 200 None
08:06:02,648 urllib3.connectionpool DEBUG http://localhost:None "GET /v1.45/images/2776ea3380d8/json HTTP/1.1" 200 None
08:06:02,650 root DEBUG Building Docker image ivy
08:06:06,871 docker.api.build DEBUG Looking for auth config
08:06:06,871 docker.api.build DEBUG Sending auth config ('https://index.docker.io/v1/')
08:06:09,946 urllib3.connectionpool DEBUG http://localhost:None "POST /v1.45/build?t=ivy&q=False&nocache=False&rm=True&forcerm=False&pull=False&dockerfile=Dockerfile.ivy_1&buildargs=%7B%22CACHEBUST%22%3A+%221717308362.650177%22%7D&networkmode=host HTTP/1.1" 200 None
