12:14:35,422 root INFO Docker Compose configuration updated successfully.
12:14:35,599 root INFO Added entry to /etc/hosts: 172.27.1.13 picoquic-ivy
12:14:35,618 root INFO Added entry to /etc/hosts: 172.27.1.10 panther-webapp
12:14:35,636 root INFO Added entry to /etc/hosts: 172.27.1.14 picoquic-shadow-ivy
12:14:35,662 root INFO Added entry to /etc/hosts: 172.27.1.12 ping-pong-ivy
12:14:35,663 root INFO Executing command in tmux with log file:  "docker compose -f panther/docker-compose.yml logs -f | tee 'logs/compose_2024-06-02 12:14:35.663232.log'"
12:14:36,605 root INFO Name picoquic-ivy - Time: 1.01s - CPU Usage: 0.00% - Memory Usage: 58.11MB (2.84%)
12:14:37,611 root INFO Name panther-webapp - Time: 1.99s - CPU Usage: 0.00% - Memory Usage: 121.58MB (23.75%)
12:14:37,614 root INFO Name picoquic-shadow-ivy - Time: 1.98s - CPU Usage: 0.00% - Memory Usage: 71.81MB (3.51%)
12:14:37,616 root INFO Name ping-pong-ivy - Time: 1.96s - CPU Usage: 0.00% - Memory Usage: 58.78MB (2.87%)
12:14:47,621 root INFO Name picoquic-ivy - Time: 12.03s - CPU Usage: 0.00% - Memory Usage: 58.11MB (2.84%)
12:14:49,630 root INFO Name ping-pong-ivy - Time: 13.97s - CPU Usage: 0.00% - Memory Usage: 58.96MB (2.88%)
12:14:49,632 root INFO Name panther-webapp - Time: 14.01s - CPU Usage: 0.00% - Memory Usage: 121.58MB (23.75%)
12:14:49,632 root INFO Name picoquic-shadow-ivy - Time: 14.00s - CPU Usage: 0.00% - Memory Usage: 71.80MB (3.51%)
12:14:58,640 root INFO Name picoquic-ivy - Time: 23.05s - CPU Usage: 0.00% - Memory Usage: 58.11MB (2.84%)
12:15:00,647 root INFO Name ping-pong-ivy - Time: 24.99s - CPU Usage: 0.00% - Memory Usage: 58.78MB (2.87%)
12:15:01,653 root INFO Name picoquic-shadow-ivy - Time: 26.02s - CPU Usage: 0.00% - Memory Usage: 71.81MB (3.51%)
12:15:01,655 root INFO Name panther-webapp - Time: 26.04s - CPU Usage: 0.00% - Memory Usage: 121.58MB (23.75%)
12:15:09,654 root INFO Name picoquic-ivy - Time: 34.06s - CPU Usage: 0.00% - Memory Usage: 58.11MB (2.84%)
12:15:11,663 root INFO Name ping-pong-ivy - Time: 36.00s - CPU Usage: 0.00% - Memory Usage: 58.77MB (2.87%)
12:15:13,670 root INFO Name panther-webapp - Time: 38.05s - CPU Usage: 0.00% - Memory Usage: 121.58MB (23.75%)
12:15:13,671 root INFO Name picoquic-shadow-ivy - Time: 38.04s - CPU Usage: 0.00% - Memory Usage: 71.80MB (3.51%)
12:15:20,666 root INFO Name picoquic-ivy - Time: 45.07s - CPU Usage: 0.00% - Memory Usage: 58.11MB (2.84%)
12:15:22,678 root INFO Name ping-pong-ivy - Time: 47.02s - CPU Usage: 0.00% - Memory Usage: 58.77MB (2.87%)
12:15:24,685 root INFO Name panther-webapp - Time: 49.07s - CPU Usage: 0.00% - Memory Usage: 121.58MB (23.75%)
12:15:25,691 root INFO Name picoquic-shadow-ivy - Time: 50.06s - CPU Usage: 0.00% - Memory Usage: 71.80MB (3.51%)
12:15:31,685 root INFO Name picoquic-ivy - Time: 56.09s - CPU Usage: 0.00% - Memory Usage: 58.11MB (2.84%)
12:15:33,696 root INFO Name ping-pong-ivy - Time: 58.04s - CPU Usage: 0.00% - Memory Usage: 58.78MB (2.87%)
12:15:35,702 root INFO Name panther-webapp - Time: 60.08s - CPU Usage: 0.00% - Memory Usage: 121.58MB (23.75%)
12:15:37,708 root INFO Name picoquic-shadow-ivy - Time: 62.07s - CPU Usage: 0.00% - Memory Usage: 71.80MB (3.51%)
12:15:42,704 root INFO Name picoquic-ivy - Time: 67.11s - CPU Usage: 0.00% - Memory Usage: 58.11MB (2.84%)
12:15:44,710 root INFO Name ping-pong-ivy - Time: 69.05s - CPU Usage: 0.00% - Memory Usage: 58.78MB (2.87%)
12:15:46,721 root INFO Name panther-webapp - Time: 71.10s - CPU Usage: 0.00% - Memory Usage: 121.58MB (23.75%)
12:15:48,729 root INFO Name picoquic-shadow-ivy - Time: 73.09s - CPU Usage: 0.00% - Memory Usage: 71.80MB (3.51%)
12:15:53,718 root INFO Name picoquic-ivy - Time: 78.13s - CPU Usage: 0.00% - Memory Usage: 58.11MB (2.84%)
12:15:55,725 root INFO Name ping-pong-ivy - Time: 80.06s - CPU Usage: 0.00% - Memory Usage: 58.78MB (2.87%)
12:15:57,742 root INFO Name panther-webapp - Time: 82.12s - CPU Usage: 0.00% - Memory Usage: 121.58MB (23.75%)
12:15:59,747 root INFO Name picoquic-shadow-ivy - Time: 84.11s - CPU Usage: 0.00% - Memory Usage: 71.80MB (3.51%)
12:16:04,737 root INFO Name picoquic-ivy - Time: 89.14s - CPU Usage: 0.00% - Memory Usage: 58.11MB (2.84%)
12:16:06,743 root INFO Name ping-pong-ivy - Time: 91.08s - CPU Usage: 0.00% - Memory Usage: 58.78MB (2.87%)
12:16:08,762 root INFO Name panther-webapp - Time: 93.15s - CPU Usage: 0.00% - Memory Usage: 121.58MB (23.75%)
12:16:10,768 root INFO Name picoquic-shadow-ivy - Time: 95.13s - CPU Usage: 0.00% - Memory Usage: 71.81MB (3.51%)
12:16:15,761 root INFO Name picoquic-ivy - Time: 100.17s - CPU Usage: 0.00% - Memory Usage: 58.11MB (2.84%)
12:16:17,766 root INFO Name ping-pong-ivy - Time: 102.11s - CPU Usage: 0.00% - Memory Usage: 58.78MB (2.87%)
12:16:19,780 root INFO Name panther-webapp - Time: 104.16s - CPU Usage: 0.00% - Memory Usage: 121.58MB (23.75%)
12:16:21,786 root INFO Name picoquic-shadow-ivy - Time: 106.15s - CPU Usage: 0.00% - Memory Usage: 71.80MB (3.51%)
12:16:26,776 root INFO Name picoquic-ivy - Time: 111.18s - CPU Usage: 0.00% - Memory Usage: 58.11MB (2.84%)
12:16:28,782 root INFO Name ping-pong-ivy - Time: 113.12s - CPU Usage: 0.00% - Memory Usage: 58.78MB (2.87%)
12:16:30,797 root INFO Name panther-webapp - Time: 115.18s - CPU Usage: 0.00% - Memory Usage: 121.58MB (23.75%)
12:16:32,806 root INFO Name picoquic-shadow-ivy - Time: 117.17s - CPU Usage: 0.00% - Memory Usage: 71.86MB (3.51%)
12:16:37,792 root INFO Name picoquic-ivy - Time: 122.20s - CPU Usage: 0.00% - Memory Usage: 58.11MB (2.84%)
12:16:39,801 root INFO Name ping-pong-ivy - Time: 124.14s - CPU Usage: 0.00% - Memory Usage: 58.78MB (2.87%)
12:16:41,813 root INFO Name panther-webapp - Time: 126.20s - CPU Usage: 0.00% - Memory Usage: 121.58MB (23.75%)
12:16:43,819 root INFO Name picoquic-shadow-ivy - Time: 128.18s - CPU Usage: 0.00% - Memory Usage: 71.80MB (3.51%)
12:16:48,807 root INFO Name picoquic-ivy - Time: 133.21s - CPU Usage: 0.00% - Memory Usage: 58.36MB (2.85%)
12:16:50,820 root INFO Name ping-pong-ivy - Time: 135.16s - CPU Usage: 0.00% - Memory Usage: 58.78MB (2.87%)
12:16:52,834 root INFO Name panther-webapp - Time: 137.22s - CPU Usage: 0.00% - Memory Usage: 121.58MB (23.75%)
12:16:54,841 root INFO Name picoquic-shadow-ivy - Time: 139.21s - CPU Usage: 0.00% - Memory Usage: 71.80MB (3.51%)
12:16:59,822 root INFO Name picoquic-ivy - Time: 144.23s - CPU Usage: 0.00% - Memory Usage: 58.11MB (2.84%)
12:17:01,837 root INFO Name ping-pong-ivy - Time: 146.18s - CPU Usage: 0.00% - Memory Usage: 58.78MB (2.87%)
12:17:03,852 root INFO Name panther-webapp - Time: 148.24s - CPU Usage: 0.00% - Memory Usage: 121.58MB (23.75%)
