12:56:10,344 root INFO Docker Compose configuration updated successfully.
12:56:19,448 root INFO Added entry to /etc/hosts: 172.27.1.12 ping-pong-ivy
12:56:19,502 root INFO Added entry to /etc/hosts: 172.27.1.14 picoquic-shadow-ivy
12:56:19,525 root INFO Added entry to /etc/hosts: 172.27.1.10 panther-webapp
12:56:19,559 root INFO Added entry to /etc/hosts: 172.27.1.13 picoquic-ivy
12:56:19,560 root INFO Executing command in tmux with log file:  "docker compose -f panther/docker-compose.yml logs -f | tee 'logs/compose_2024-06-02 12:56:19.560375.log'"
12:56:20,397 root INFO Name ping-pong-ivy - Time: 1.01s - CPU Usage: 0.00% - Memory Usage: 72.46MB (3.54%)
12:56:21,410 root INFO Name picoquic-shadow-ivy - Time: 1.92s - CPU Usage: 0.00% - Memory Usage: 58.93MB (2.88%)
12:56:21,412 root INFO Name panther-webapp - Time: 1.88s - CPU Usage: -0.00% - Memory Usage: 15.05MB (2.94%)
12:56:21,413 root INFO Name picoquic-ivy - Time: 1.86s - CPU Usage: 0.00% - Memory Usage: 61.38MB (3.00%)
12:56:31,413 root INFO Name ping-pong-ivy - Time: 12.03s - CPU Usage: 0.00% - Memory Usage: 72.26MB (3.53%)
12:56:31,422 root INFO Name panther-webapp - Time: 11.89s - CPU Usage: 0.00% - Memory Usage: 0.00MB (0.00%)
12:56:33,428 root INFO Name picoquic-shadow-ivy - Time: 13.94s - CPU Usage: 0.00% - Memory Usage: 59.04MB (2.88%)
12:56:33,430 root INFO Name picoquic-ivy - Time: 13.88s - CPU Usage: 0.00% - Memory Usage: 61.81MB (3.02%)
12:56:41,434 root INFO Name panther-webapp - Time: 21.90s - CPU Usage: 0.00% - Memory Usage: 0.00MB (0.00%)
12:56:42,429 root INFO Name ping-pong-ivy - Time: 23.04s - CPU Usage: 0.00% - Memory Usage: 72.58MB (3.54%)
12:56:44,443 root INFO Name picoquic-shadow-ivy - Time: 24.95s - CPU Usage: 0.00% - Memory Usage: 59.02MB (2.88%)
12:56:45,447 root INFO Name picoquic-ivy - Time: 25.89s - CPU Usage: 0.00% - Memory Usage: 61.98MB (3.03%)
12:56:52,452 root INFO Name panther-webapp - Time: 32.92s - CPU Usage: 0.00% - Memory Usage: 118.64MB (23.17%)
12:56:53,455 root INFO Name ping-pong-ivy - Time: 34.07s - CPU Usage: 0.00% - Memory Usage: 72.57MB (3.54%)
12:56:55,460 root INFO Name picoquic-shadow-ivy - Time: 35.97s - CPU Usage: 0.00% - Memory Usage: 59.06MB (2.88%)
12:56:56,472 root INFO Name picoquic-ivy - Time: 36.92s - CPU Usage: 0.00% - Memory Usage: 62.11MB (3.03%)
12:57:03,470 root INFO Name panther-webapp - Time: 43.93s - CPU Usage: 0.00% - Memory Usage: 120.21MB (23.48%)
12:57:04,478 root INFO Name ping-pong-ivy - Time: 45.09s - CPU Usage: 0.00% - Memory Usage: 72.54MB (3.54%)
12:57:06,482 root INFO Name picoquic-shadow-ivy - Time: 46.99s - CPU Usage: 0.00% - Memory Usage: 59.38MB (2.90%)
12:57:08,489 root INFO Name picoquic-ivy - Time: 48.93s - CPU Usage: 0.00% - Memory Usage: 61.98MB (3.03%)
12:57:14,488 root INFO Name panther-webapp - Time: 54.95s - CPU Usage: 0.00% - Memory Usage: 120.25MB (23.49%)
12:57:16,493 root INFO Name ping-pong-ivy - Time: 57.11s - CPU Usage: 0.00% - Memory Usage: 72.55MB (3.54%)
12:57:18,499 root INFO Name picoquic-shadow-ivy - Time: 59.01s - CPU Usage: 0.00% - Memory Usage: 59.38MB (2.90%)
12:57:20,504 root INFO Name picoquic-ivy - Time: 60.95s - CPU Usage: 0.00% - Memory Usage: 62.97MB (3.07%)
12:57:25,502 root INFO Name panther-webapp - Time: 65.97s - CPU Usage: 0.00% - Memory Usage: 120.26MB (23.49%)
12:57:27,508 root INFO Name ping-pong-ivy - Time: 68.12s - CPU Usage: 0.00% - Memory Usage: 72.54MB (3.54%)
12:57:29,513 root INFO Name picoquic-shadow-ivy - Time: 70.02s - CPU Usage: 0.00% - Memory Usage: 59.38MB (2.90%)
12:57:31,520 root INFO Name picoquic-ivy - Time: 71.97s - CPU Usage: 0.00% - Memory Usage: 62.98MB (3.08%)
12:57:36,519 root INFO Name panther-webapp - Time: 76.98s - CPU Usage: 0.00% - Memory Usage: 120.26MB (23.49%)
12:57:38,524 root INFO Name ping-pong-ivy - Time: 79.14s - CPU Usage: 0.00% - Memory Usage: 72.53MB (3.54%)
12:57:40,532 root INFO Name picoquic-shadow-ivy - Time: 81.04s - CPU Usage: 0.00% - Memory Usage: 59.40MB (2.90%)
12:57:42,539 root INFO Name picoquic-ivy - Time: 82.98s - CPU Usage: 0.00% - Memory Usage: 62.96MB (3.07%)
12:57:47,536 root INFO Name panther-webapp - Time: 88.00s - CPU Usage: 0.00% - Memory Usage: 120.34MB (23.50%)
12:57:49,544 root INFO Name ping-pong-ivy - Time: 90.16s - CPU Usage: 0.00% - Memory Usage: 72.52MB (3.54%)
12:57:51,549 root INFO Name picoquic-shadow-ivy - Time: 92.06s - CPU Usage: 0.00% - Memory Usage: 59.41MB (2.90%)
12:57:53,558 root INFO Name picoquic-ivy - Time: 94.00s - CPU Usage: 0.00% - Memory Usage: 64.68MB (3.16%)
12:57:58,553 root INFO Name panther-webapp - Time: 99.02s - CPU Usage: 0.00% - Memory Usage: 122.94MB (24.01%)
12:58:00,557 root INFO Name ping-pong-ivy - Time: 101.17s - CPU Usage: 0.00% - Memory Usage: 72.49MB (3.54%)
12:58:02,564 root INFO Name picoquic-shadow-ivy - Time: 103.07s - CPU Usage: 0.00% - Memory Usage: 59.41MB (2.90%)
12:58:04,575 root INFO Name picoquic-ivy - Time: 105.02s - CPU Usage: 0.00% - Memory Usage: 64.68MB (3.16%)
12:58:09,569 root INFO Name panther-webapp - Time: 110.03s - CPU Usage: 0.00% - Memory Usage: 122.89MB (24.00%)
12:58:11,574 root INFO Name ping-pong-ivy - Time: 112.19s - CPU Usage: 0.00% - Memory Usage: 72.49MB (3.54%)
12:58:13,580 root INFO Name picoquic-shadow-ivy - Time: 114.09s - CPU Usage: 0.00% - Memory Usage: 59.41MB (2.90%)
12:58:15,591 root INFO Name picoquic-ivy - Time: 116.04s - CPU Usage: 0.00% - Memory Usage: 64.68MB (3.16%)
12:58:20,585 root INFO Name panther-webapp - Time: 121.05s - CPU Usage: 0.00% - Memory Usage: 122.93MB (24.01%)
12:58:22,591 root INFO Name ping-pong-ivy - Time: 123.21s - CPU Usage: 0.00% - Memory Usage: 72.49MB (3.54%)
12:58:24,598 root INFO Name picoquic-shadow-ivy - Time: 125.11s - CPU Usage: 0.00% - Memory Usage: 59.41MB (2.90%)
12:58:26,610 root INFO Name picoquic-ivy - Time: 127.06s - CPU Usage: 0.00% - Memory Usage: 64.68MB (3.16%)
12:58:31,602 root INFO Name panther-webapp - Time: 132.07s - CPU Usage: 0.00% - Memory Usage: 122.92MB (24.01%)
12:58:33,607 root INFO Name ping-pong-ivy - Time: 134.22s - CPU Usage: 0.00% - Memory Usage: 72.49MB (3.54%)
12:58:35,614 root INFO Name picoquic-shadow-ivy - Time: 136.12s - CPU Usage: 0.00% - Memory Usage: 59.41MB (2.90%)
12:58:37,626 root INFO Name picoquic-ivy - Time: 138.07s - CPU Usage: 0.00% - Memory Usage: 64.68MB (3.16%)
12:58:42,618 root INFO Name panther-webapp - Time: 143.08s - CPU Usage: 0.00% - Memory Usage: 122.92MB (24.01%)
12:58:44,625 root INFO Name ping-pong-ivy - Time: 145.24s - CPU Usage: 0.00% - Memory Usage: 72.48MB (3.54%)
12:58:46,635 root INFO Name picoquic-shadow-ivy - Time: 147.14s - CPU Usage: 0.00% - Memory Usage: 59.41MB (2.90%)
12:58:48,640 root INFO Name picoquic-ivy - Time: 149.09s - CPU Usage: 0.00% - Memory Usage: 57.92MB (2.83%)
12:58:53,633 root INFO Name panther-webapp - Time: 154.10s - CPU Usage: 0.00% - Memory Usage: 122.92MB (24.01%)
12:58:55,641 root INFO Name ping-pong-ivy - Time: 156.26s - CPU Usage: 0.00% - Memory Usage: 72.61MB (3.55%)
12:58:57,650 root INFO Name picoquic-shadow-ivy - Time: 158.16s - CPU Usage: 0.00% - Memory Usage: 59.41MB (2.90%)
12:58:59,660 root INFO Name picoquic-ivy - Time: 160.11s - CPU Usage: 0.00% - Memory Usage: 59.39MB (2.90%)
12:59:04,653 root INFO Name panther-webapp - Time: 165.12s - CPU Usage: 0.00% - Memory Usage: 122.92MB (24.01%)
12:59:06,658 root INFO Name ping-pong-ivy - Time: 167.27s - CPU Usage: 0.00% - Memory Usage: 72.49MB (3.54%)
12:59:08,666 root INFO Name picoquic-shadow-ivy - Time: 169.17s - CPU Usage: 0.00% - Memory Usage: 59.41MB (2.90%)
12:59:10,673 root INFO Name picoquic-ivy - Time: 171.12s - CPU Usage: 0.00% - Memory Usage: 59.94MB (2.93%)
12:59:15,670 root INFO Name panther-webapp - Time: 176.13s - CPU Usage: 0.00% - Memory Usage: 122.93MB (24.01%)
12:59:17,675 root INFO Name ping-pong-ivy - Time: 178.29s - CPU Usage: 0.00% - Memory Usage: 72.49MB (3.54%)
12:59:19,682 root INFO Name picoquic-shadow-ivy - Time: 180.19s - CPU Usage: 0.00% - Memory Usage: 59.41MB (2.90%)
12:59:21,687 root INFO Name picoquic-ivy - Time: 182.13s - CPU Usage: 0.00% - Memory Usage: 59.96MB (2.93%)
12:59:26,686 root INFO Name panther-webapp - Time: 187.15s - CPU Usage: 0.00% - Memory Usage: 122.94MB (24.01%)
12:59:28,691 root INFO Name ping-pong-ivy - Time: 189.31s - CPU Usage: 0.00% - Memory Usage: 72.49MB (3.54%)
12:59:30,699 root INFO Name picoquic-shadow-ivy - Time: 191.21s - CPU Usage: 0.00% - Memory Usage: 59.41MB (2.90%)
12:59:32,705 root INFO Name picoquic-ivy - Time: 193.15s - CPU Usage: 0.00% - Memory Usage: 59.96MB (2.93%)
12:59:37,702 root INFO Name panther-webapp - Time: 198.17s - CPU Usage: 0.00% - Memory Usage: 122.83MB (23.99%)
12:59:39,707 root INFO Name ping-pong-ivy - Time: 200.32s - CPU Usage: 0.00% - Memory Usage: 72.05MB (3.52%)
12:59:41,715 root INFO Name picoquic-shadow-ivy - Time: 202.22s - CPU Usage: 0.00% - Memory Usage: 59.39MB (2.90%)
12:59:43,721 root INFO Name picoquic-ivy - Time: 204.17s - CPU Usage: 0.00% - Memory Usage: 59.88MB (2.92%)
12:59:48,718 root INFO Name panther-webapp - Time: 209.18s - CPU Usage: 0.00% - Memory Usage: 123.32MB (24.09%)
12:59:50,722 root INFO Name ping-pong-ivy - Time: 211.34s - CPU Usage: 0.00% - Memory Usage: 71.97MB (3.51%)
