11:31:47,839 root INFO Docker Compose configuration updated successfully.
11:31:48,22 root INFO Added entry to /etc/hosts: 172.27.1.13 picoquic-ivy
11:31:48,50 root INFO Added entry to /etc/hosts: 172.27.1.12 ping-pong-ivy
11:31:48,71 root INFO Added entry to /etc/hosts: 172.27.1.10 panther-webapp
11:31:48,92 root INFO Added entry to /etc/hosts: 172.27.1.14 picoquic-shadow-ivy
11:31:49,13 root INFO Name picoquic-ivy - Time: 1.01s - CPU Usage: 0.00% - Memory Usage: 58.03MB (2.83%)
11:31:50,16 root INFO Name ping-pong-ivy - Time: 1.97s - CPU Usage: 0.00% - Memory Usage: 57.98MB (2.83%)
11:31:50,17 root INFO Name panther-webapp - Time: 1.95s - CPU Usage: 0.00% - Memory Usage: 149.11MB (29.12%)
11:31:50,18 root INFO Name picoquic-shadow-ivy - Time: 1.92s - CPU Usage: 0.00% - Memory Usage: 76.77MB (3.75%)
11:32:00,30 root INFO Name picoquic-ivy - Time: 12.03s - CPU Usage: 0.00% - Memory Usage: 58.03MB (2.83%)
11:32:02,39 root INFO Name panther-webapp - Time: 13.97s - CPU Usage: 0.00% - Memory Usage: 148.65MB (29.03%)
11:32:02,40 root INFO Name ping-pong-ivy - Time: 14.00s - CPU Usage: 0.00% - Memory Usage: 57.98MB (2.83%)
11:32:02,41 root INFO Name picoquic-shadow-ivy - Time: 13.94s - CPU Usage: 0.00% - Memory Usage: 76.77MB (3.75%)
11:32:11,45 root INFO Name picoquic-ivy - Time: 23.04s - CPU Usage: 0.00% - Memory Usage: 58.03MB (2.83%)
11:32:13,56 root INFO Name ping-pong-ivy - Time: 25.01s - CPU Usage: 0.00% - Memory Usage: 57.98MB (2.83%)
11:32:14,59 root INFO Name panther-webapp - Time: 25.99s - CPU Usage: 0.00% - Memory Usage: 147.76MB (28.86%)
11:32:14,60 root INFO Name picoquic-shadow-ivy - Time: 25.96s - CPU Usage: 0.00% - Memory Usage: 76.69MB (3.74%)
11:32:22,62 root INFO Name picoquic-ivy - Time: 34.06s - CPU Usage: 0.00% - Memory Usage: 58.03MB (2.83%)
11:32:24,73 root INFO Name ping-pong-ivy - Time: 36.03s - CPU Usage: 0.00% - Memory Usage: 57.98MB (2.83%)
11:32:25,77 root INFO Name panther-webapp - Time: 37.01s - CPU Usage: 0.00% - Memory Usage: 147.45MB (28.80%)
11:32:26,83 root INFO Name picoquic-shadow-ivy - Time: 37.98s - CPU Usage: 0.00% - Memory Usage: 76.68MB (3.74%)
11:32:33,81 root INFO Name picoquic-ivy - Time: 45.08s - CPU Usage: 0.00% - Memory Usage: 58.03MB (2.83%)
11:32:35,95 root INFO Name ping-pong-ivy - Time: 47.05s - CPU Usage: 0.00% - Memory Usage: 57.98MB (2.83%)
11:32:36,102 root INFO Name panther-webapp - Time: 48.03s - CPU Usage: 0.00% - Memory Usage: 146.83MB (28.68%)
11:32:37,107 root INFO Name picoquic-shadow-ivy - Time: 49.00s - CPU Usage: 0.00% - Memory Usage: 76.66MB (3.74%)
11:32:44,104 root INFO Name picoquic-ivy - Time: 56.10s - CPU Usage: 0.00% - Memory Usage: 58.03MB (2.83%)
11:32:46,112 root INFO Name ping-pong-ivy - Time: 58.07s - CPU Usage: 0.00% - Memory Usage: 57.98MB (2.83%)
11:32:48,124 root INFO Name panther-webapp - Time: 60.05s - CPU Usage: 0.00% - Memory Usage: 146.47MB (28.61%)
11:32:49,130 root INFO Name picoquic-shadow-ivy - Time: 61.03s - CPU Usage: 0.00% - Memory Usage: 76.65MB (3.74%)
11:32:55,122 root INFO Name picoquic-ivy - Time: 67.12s - CPU Usage: 0.00% - Memory Usage: 58.03MB (2.83%)
11:32:57,129 root INFO Name ping-pong-ivy - Time: 69.09s - CPU Usage: 0.00% - Memory Usage: 57.98MB (2.83%)
11:32:59,140 root INFO Name panther-webapp - Time: 71.07s - CPU Usage: 0.00% - Memory Usage: 146.52MB (28.62%)
11:33:01,147 root INFO Name picoquic-shadow-ivy - Time: 73.04s - CPU Usage: 0.00% - Memory Usage: 76.54MB (3.74%)
11:33:06,139 root INFO Name picoquic-ivy - Time: 78.14s - CPU Usage: 0.00% - Memory Usage: 58.05MB (2.83%)
11:33:08,148 root INFO Name ping-pong-ivy - Time: 80.11s - CPU Usage: 0.00% - Memory Usage: 58.00MB (2.83%)
11:33:10,158 root INFO Name panther-webapp - Time: 82.09s - CPU Usage: 0.00% - Memory Usage: 143.84MB (28.09%)
11:33:12,165 root INFO Name picoquic-shadow-ivy - Time: 84.06s - CPU Usage: 0.00% - Memory Usage: 76.24MB (3.72%)
11:33:17,158 root INFO Name picoquic-ivy - Time: 89.16s - CPU Usage: 0.00% - Memory Usage: 58.05MB (2.83%)
11:33:19,164 root INFO Name ping-pong-ivy - Time: 91.12s - CPU Usage: 0.00% - Memory Usage: 58.18MB (2.84%)
11:33:21,176 root INFO Name panther-webapp - Time: 93.11s - CPU Usage: 0.00% - Memory Usage: 143.29MB (27.99%)
11:33:23,185 root INFO Name picoquic-shadow-ivy - Time: 95.08s - CPU Usage: 0.00% - Memory Usage: 76.07MB (3.71%)
11:33:28,176 root INFO Name picoquic-ivy - Time: 100.17s - CPU Usage: 0.00% - Memory Usage: 58.06MB (2.83%)
11:33:30,187 root INFO Name ping-pong-ivy - Time: 102.14s - CPU Usage: 0.00% - Memory Usage: 58.01MB (2.83%)
11:33:32,193 root INFO Name panther-webapp - Time: 104.12s - CPU Usage: 0.00% - Memory Usage: 143.07MB (27.94%)
11:33:34,198 root INFO Name picoquic-shadow-ivy - Time: 106.10s - CPU Usage: 0.00% - Memory Usage: 76.07MB (3.71%)
11:33:39,195 root INFO Name picoquic-ivy - Time: 111.19s - CPU Usage: 0.00% - Memory Usage: 58.06MB (2.83%)
11:33:41,205 root INFO Name ping-pong-ivy - Time: 113.16s - CPU Usage: 0.00% - Memory Usage: 58.01MB (2.83%)
11:33:43,215 root INFO Name panther-webapp - Time: 115.15s - CPU Usage: 0.00% - Memory Usage: 143.09MB (27.95%)
11:33:45,223 root INFO Name picoquic-shadow-ivy - Time: 117.12s - CPU Usage: 0.00% - Memory Usage: 76.07MB (3.71%)
11:33:50,216 root INFO Name picoquic-ivy - Time: 122.21s - CPU Usage: 0.00% - Memory Usage: 58.06MB (2.83%)
11:33:52,225 root INFO Name ping-pong-ivy - Time: 124.18s - CPU Usage: 0.00% - Memory Usage: 58.01MB (2.83%)
11:33:54,231 root INFO Name panther-webapp - Time: 126.16s - CPU Usage: 0.00% - Memory Usage: 143.09MB (27.95%)
11:33:56,237 root INFO Name picoquic-shadow-ivy - Time: 128.14s - CPU Usage: 0.00% - Memory Usage: 76.07MB (3.71%)
