11:56:24,129 root INFO Docker Compose configuration updated successfully.
11:56:24,276 root INFO Added entry to /etc/hosts: 172.27.1.12 ping-pong-ivy
11:56:24,294 root INFO Added entry to /etc/hosts: 172.27.1.13 picoquic-ivy
11:56:24,311 root INFO Added entry to /etc/hosts: 172.27.1.14 picoquic-shadow-ivy
11:56:24,330 root INFO Added entry to /etc/hosts: 172.27.1.10 panther-webapp
11:56:24,330 root INFO Executing command in tmux with log file: logs/compose_2024-06-02 11:56:24.330404.log
11:56:25,281 root INFO Name ping-pong-ivy - Time: 1.01s - CPU Usage: 0.00% - Memory Usage: 57.96MB (2.83%)
11:56:26,288 root INFO Name picoquic-ivy - Time: 2.00s - CPU Usage: 0.00% - Memory Usage: 439.31MB (21.45%)
11:56:26,289 root INFO Name picoquic-shadow-ivy - Time: 1.98s - CPU Usage: 0.00% - Memory Usage: 71.56MB (3.49%)
11:56:26,290 root INFO Name panther-webapp - Time: 1.96s - CPU Usage: 0.00% - Memory Usage: 133.49MB (26.07%)
11:56:36,294 root INFO Name ping-pong-ivy - Time: 12.02s - CPU Usage: 0.00% - Memory Usage: 57.96MB (2.83%)
11:56:38,301 root INFO Name picoquic-ivy - Time: 14.01s - CPU Usage: 0.00% - Memory Usage: 439.31MB (21.45%)
11:56:38,304 root INFO Name picoquic-shadow-ivy - Time: 13.99s - CPU Usage: 0.00% - Memory Usage: 71.55MB (3.49%)
11:56:38,304 root INFO Name panther-webapp - Time: 13.98s - CPU Usage: 0.00% - Memory Usage: 133.49MB (26.07%)
11:56:47,310 root INFO Name ping-pong-ivy - Time: 23.04s - CPU Usage: 0.00% - Memory Usage: 57.96MB (2.83%)
11:56:49,320 root INFO Name panther-webapp - Time: 24.99s - CPU Usage: 0.00% - Memory Usage: 133.49MB (26.07%)
11:56:50,324 root INFO Name picoquic-shadow-ivy - Time: 26.01s - CPU Usage: 0.00% - Memory Usage: 71.74MB (3.50%)
11:56:50,326 root INFO Name picoquic-ivy - Time: 26.03s - CPU Usage: 0.00% - Memory Usage: 439.31MB (21.45%)
11:56:58,326 root INFO Name ping-pong-ivy - Time: 34.05s - CPU Usage: 0.00% - Memory Usage: 57.96MB (2.83%)
11:57:00,335 root INFO Name panther-webapp - Time: 36.01s - CPU Usage: 0.00% - Memory Usage: 133.49MB (26.07%)
11:57:02,344 root INFO Name picoquic-ivy - Time: 38.05s - CPU Usage: 0.00% - Memory Usage: 439.45MB (21.46%)
11:57:02,345 root INFO Name picoquic-shadow-ivy - Time: 38.03s - CPU Usage: 0.00% - Memory Usage: 71.56MB (3.49%)
11:57:09,344 root INFO Name ping-pong-ivy - Time: 45.07s - CPU Usage: 0.00% - Memory Usage: 57.96MB (2.83%)
11:57:11,355 root INFO Name panther-webapp - Time: 47.03s - CPU Usage: 0.00% - Memory Usage: 133.36MB (26.05%)
11:57:13,359 root INFO Name picoquic-shadow-ivy - Time: 49.05s - CPU Usage: 0.00% - Memory Usage: 71.54MB (3.49%)
11:57:14,363 root INFO Name picoquic-ivy - Time: 50.07s - CPU Usage: 0.00% - Memory Usage: 432.68MB (21.13%)
11:57:20,362 root INFO Name ping-pong-ivy - Time: 56.09s - CPU Usage: 0.00% - Memory Usage: 58.07MB (2.84%)
11:57:22,375 root INFO Name panther-webapp - Time: 58.05s - CPU Usage: 0.00% - Memory Usage: 133.35MB (26.05%)
11:57:24,382 root INFO Name picoquic-shadow-ivy - Time: 60.07s - CPU Usage: 0.00% - Memory Usage: 71.33MB (3.48%)
11:57:25,386 root INFO Name picoquic-ivy - Time: 61.09s - CPU Usage: 0.00% - Memory Usage: 402.94MB (19.67%)
11:57:31,379 root INFO Name ping-pong-ivy - Time: 67.11s - CPU Usage: 0.00% - Memory Usage: 57.96MB (2.83%)
11:57:33,390 root INFO Name panther-webapp - Time: 69.06s - CPU Usage: 0.00% - Memory Usage: 132.58MB (25.89%)
11:57:35,401 root INFO Name picoquic-shadow-ivy - Time: 71.09s - CPU Usage: 0.00% - Memory Usage: 71.25MB (3.48%)
11:57:36,408 root INFO Name picoquic-ivy - Time: 72.11s - CPU Usage: 0.00% - Memory Usage: 402.94MB (19.67%)
11:57:42,395 root INFO Name ping-pong-ivy - Time: 78.12s - CPU Usage: 0.00% - Memory Usage: 57.96MB (2.83%)
11:57:44,407 root INFO Name panther-webapp - Time: 80.08s - CPU Usage: 0.00% - Memory Usage: 131.96MB (25.77%)
11:57:46,419 root INFO Name picoquic-shadow-ivy - Time: 82.11s - CPU Usage: 0.00% - Memory Usage: 70.65MB (3.45%)
11:57:48,425 root INFO Name picoquic-ivy - Time: 84.13s - CPU Usage: 0.00% - Memory Usage: 355.98MB (17.38%)
11:57:53,411 root INFO Name ping-pong-ivy - Time: 89.14s - CPU Usage: 0.00% - Memory Usage: 57.96MB (2.83%)
11:57:55,426 root INFO Name panther-webapp - Time: 91.10s - CPU Usage: 0.00% - Memory Usage: 129.98MB (25.39%)
11:57:57,438 root INFO Name picoquic-shadow-ivy - Time: 93.13s - CPU Usage: 0.00% - Memory Usage: 70.12MB (3.42%)
11:57:59,444 root INFO Name picoquic-ivy - Time: 95.15s - CPU Usage: 0.00% - Memory Usage: 319.50MB (15.60%)
11:58:04,429 root INFO Name ping-pong-ivy - Time: 100.16s - CPU Usage: 0.00% - Memory Usage: 57.96MB (2.83%)
11:58:06,448 root INFO Name panther-webapp - Time: 102.12s - CPU Usage: 0.00% - Memory Usage: 129.98MB (25.39%)
11:58:08,459 root INFO Name picoquic-shadow-ivy - Time: 104.15s - CPU Usage: 0.00% - Memory Usage: 70.12MB (3.42%)
11:58:10,466 root INFO Name picoquic-ivy - Time: 106.17s - CPU Usage: 0.00% - Memory Usage: 319.69MB (15.61%)
11:58:15,452 root INFO Name ping-pong-ivy - Time: 111.18s - CPU Usage: 0.00% - Memory Usage: 57.96MB (2.83%)
11:58:17,473 root INFO Name panther-webapp - Time: 113.15s - CPU Usage: 0.00% - Memory Usage: 129.98MB (25.39%)
11:58:19,481 root INFO Name picoquic-shadow-ivy - Time: 115.17s - CPU Usage: 0.00% - Memory Usage: 70.13MB (3.42%)
11:58:21,488 root INFO Name picoquic-ivy - Time: 117.20s - CPU Usage: 0.00% - Memory Usage: 319.50MB (15.60%)
11:58:26,468 root INFO Name ping-pong-ivy - Time: 122.19s - CPU Usage: 0.00% - Memory Usage: 57.96MB (2.83%)
11:58:28,494 root INFO Name panther-webapp - Time: 124.17s - CPU Usage: 0.00% - Memory Usage: 129.98MB (25.39%)
11:58:30,501 root INFO Name picoquic-shadow-ivy - Time: 126.19s - CPU Usage: 0.00% - Memory Usage: 70.25MB (3.43%)
11:58:32,534 root INFO Name picoquic-ivy - Time: 128.24s - CPU Usage: 0.00% - Memory Usage: 319.50MB (15.60%)
11:58:37,486 root INFO Name ping-pong-ivy - Time: 133.21s - CPU Usage: 0.00% - Memory Usage: 57.95MB (2.83%)
11:58:39,511 root INFO Name panther-webapp - Time: 135.18s - CPU Usage: 0.00% - Memory Usage: 129.98MB (25.39%)
11:58:41,520 root INFO Name picoquic-shadow-ivy - Time: 137.21s - CPU Usage: 0.00% - Memory Usage: 70.12MB (3.42%)
11:58:43,553 root INFO Name picoquic-ivy - Time: 139.26s - CPU Usage: 0.00% - Memory Usage: 319.51MB (15.60%)
11:58:48,507 root INFO Name ping-pong-ivy - Time: 144.23s - CPU Usage: 0.00% - Memory Usage: 57.96MB (2.83%)
11:58:50,530 root INFO Name panther-webapp - Time: 146.20s - CPU Usage: 0.00% - Memory Usage: 129.98MB (25.39%)
11:58:52,537 root INFO Name picoquic-shadow-ivy - Time: 148.23s - CPU Usage: 0.00% - Memory Usage: 70.22MB (3.43%)
11:58:54,574 root INFO Name picoquic-ivy - Time: 150.28s - CPU Usage: 0.00% - Memory Usage: 319.50MB (15.60%)
11:58:59,526 root INFO Name ping-pong-ivy - Time: 155.25s - CPU Usage: 0.00% - Memory Usage: 57.96MB (2.83%)
11:59:01,549 root INFO Name panther-webapp - Time: 157.22s - CPU Usage: 0.00% - Memory Usage: 129.98MB (25.39%)
11:59:03,558 root INFO Name picoquic-shadow-ivy - Time: 159.25s - CPU Usage: 0.00% - Memory Usage: 70.12MB (3.42%)
11:59:05,593 root INFO Name picoquic-ivy - Time: 161.30s - CPU Usage: 0.00% - Memory Usage: 319.50MB (15.60%)
11:59:10,545 root INFO Name ping-pong-ivy - Time: 166.27s - CPU Usage: 0.00% - Memory Usage: 57.96MB (2.83%)
11:59:12,571 root INFO Name panther-webapp - Time: 168.24s - CPU Usage: 0.00% - Memory Usage: 129.98MB (25.39%)
11:59:14,577 root INFO Name picoquic-shadow-ivy - Time: 170.27s - CPU Usage: 0.00% - Memory Usage: 70.12MB (3.42%)
11:59:16,605 root INFO Name picoquic-ivy - Time: 172.31s - CPU Usage: 0.00% - Memory Usage: 319.51MB (15.60%)
11:59:21,567 root INFO Name ping-pong-ivy - Time: 177.29s - CPU Usage: 0.00% - Memory Usage: 57.96MB (2.83%)
11:59:23,589 root INFO Name panther-webapp - Time: 179.26s - CPU Usage: 0.00% - Memory Usage: 129.98MB (25.39%)
11:59:25,598 root INFO Name picoquic-shadow-ivy - Time: 181.29s - CPU Usage: 0.00% - Memory Usage: 70.12MB (3.42%)
11:59:27,626 root INFO Name picoquic-ivy - Time: 183.33s - CPU Usage: 0.00% - Memory Usage: 319.51MB (15.60%)
11:59:32,583 root INFO Name ping-pong-ivy - Time: 188.31s - CPU Usage: 0.00% - Memory Usage: 57.96MB (2.83%)
11:59:34,608 root INFO Name panther-webapp - Time: 190.28s - CPU Usage: 0.00% - Memory Usage: 129.98MB (25.39%)
11:59:36,615 root INFO Name picoquic-shadow-ivy - Time: 192.31s - CPU Usage: 0.00% - Memory Usage: 70.12MB (3.42%)
11:59:38,644 root INFO Name picoquic-ivy - Time: 194.35s - CPU Usage: 0.00% - Memory Usage: 319.11MB (15.58%)
11:59:43,598 root INFO Name ping-pong-ivy - Time: 199.32s - CPU Usage: 0.00% - Memory Usage: 57.93MB (2.83%)
11:59:45,625 root INFO Name panther-webapp - Time: 201.30s - CPU Usage: 0.00% - Memory Usage: 128.68MB (25.13%)
11:59:47,629 root INFO Name picoquic-shadow-ivy - Time: 203.32s - CPU Usage: 0.00% - Memory Usage: 69.67MB (3.40%)
11:59:49,660 root INFO Name picoquic-ivy - Time: 205.37s - CPU Usage: 0.00% - Memory Usage: 299.32MB (14.62%)
11:59:54,614 root INFO Name ping-pong-ivy - Time: 210.34s - CPU Usage: 0.00% - Memory Usage: 57.92MB (2.83%)
11:59:56,638 root INFO Name panther-webapp - Time: 212.31s - CPU Usage: 0.00% - Memory Usage: 128.57MB (25.11%)
11:59:58,648 root INFO Name picoquic-shadow-ivy - Time: 214.34s - CPU Usage: 0.00% - Memory Usage: 69.23MB (3.38%)
12:00:00,675 root INFO Name picoquic-ivy - Time: 216.38s - CPU Usage: 0.00% - Memory Usage: 280.76MB (13.71%)
12:00:05,629 root INFO Name ping-pong-ivy - Time: 221.36s - CPU Usage: 0.00% - Memory Usage: 57.86MB (2.82%)
12:00:07,653 root INFO Name panther-webapp - Time: 223.33s - CPU Usage: 0.00% - Memory Usage: 126.92MB (24.79%)
12:00:09,664 root INFO Name picoquic-shadow-ivy - Time: 225.35s - CPU Usage: 0.00% - Memory Usage: 68.99MB (3.37%)
12:00:11,694 root INFO Name picoquic-ivy - Time: 227.40s - CPU Usage: 0.00% - Memory Usage: 266.38MB (13.01%)
12:00:16,647 root INFO Name ping-pong-ivy - Time: 232.37s - CPU Usage: 0.00% - Memory Usage: 57.86MB (2.83%)
12:00:18,673 root INFO Name panther-webapp - Time: 234.34s - CPU Usage: 0.00% - Memory Usage: 126.92MB (24.79%)
12:00:20,677 root INFO Name picoquic-shadow-ivy - Time: 236.37s - CPU Usage: 0.00% - Memory Usage: 68.99MB (3.37%)
