12:26:48,999 root INFO Docker Compose configuration updated successfully.
12:26:49,128 root INFO Added entry to /etc/hosts: 172.27.1.13 picoquic-ivy
12:26:49,149 root INFO Added entry to /etc/hosts: 172.27.1.10 panther-webapp
12:26:49,162 root INFO Added entry to /etc/hosts: 172.27.1.12 ping-pong-ivy
12:26:49,180 root INFO Added entry to /etc/hosts: 172.27.1.14 picoquic-shadow-ivy
12:26:49,180 root INFO Executing command in tmux with log file:  "docker compose -f panther/docker-compose.yml logs -f | tee 'logs/compose_2024-06-02 12:26:49.180693.log'"
12:26:50,134 root INFO Name picoquic-ivy - Time: 1.01s - CPU Usage: 0.00% - Memory Usage: 58.12MB (2.84%)
12:26:51,136 root INFO Name picoquic-shadow-ivy - Time: 1.96s - CPU Usage: 0.00% - Memory Usage: 71.81MB (3.51%)
12:26:51,138 root INFO Name panther-webapp - Time: 1.99s - CPU Usage: 0.00% - Memory Usage: 121.58MB (23.75%)
12:26:51,138 root INFO Name ping-pong-ivy - Time: 1.98s - CPU Usage: 0.00% - Memory Usage: 58.78MB (2.87%)
12:27:01,150 root INFO Name picoquic-ivy - Time: 12.03s - CPU Usage: 0.00% - Memory Usage: 58.12MB (2.84%)
12:27:02,156 root INFO Name picoquic-shadow-ivy - Time: 12.98s - CPU Usage: 0.00% - Memory Usage: 71.81MB (3.51%)
12:27:03,159 root INFO Name panther-webapp - Time: 14.01s - CPU Usage: 0.00% - Memory Usage: 121.58MB (23.75%)
12:27:03,160 root INFO Name ping-pong-ivy - Time: 14.00s - CPU Usage: 0.00% - Memory Usage: 58.78MB (2.87%)
12:27:12,167 root INFO Name picoquic-ivy - Time: 23.04s - CPU Usage: 0.00% - Memory Usage: 58.12MB (2.84%)
12:27:14,175 root INFO Name picoquic-shadow-ivy - Time: 25.00s - CPU Usage: 0.00% - Memory Usage: 71.81MB (3.51%)
12:27:15,179 root INFO Name panther-webapp - Time: 26.03s - CPU Usage: 0.00% - Memory Usage: 121.58MB (23.75%)
12:27:15,181 root INFO Name ping-pong-ivy - Time: 26.02s - CPU Usage: 0.00% - Memory Usage: 58.78MB (2.87%)
12:27:23,185 root INFO Name picoquic-ivy - Time: 34.06s - CPU Usage: 0.00% - Memory Usage: 58.11MB (2.84%)
12:27:25,191 root INFO Name picoquic-shadow-ivy - Time: 36.02s - CPU Usage: 0.00% - Memory Usage: 70.91MB (3.46%)
12:27:27,198 root INFO Name ping-pong-ivy - Time: 38.04s - CPU Usage: 0.00% - Memory Usage: 57.88MB (2.83%)
12:27:27,199 root INFO Name panther-webapp - Time: 38.05s - CPU Usage: 0.00% - Memory Usage: 119.41MB (23.32%)
12:27:34,202 root INFO Name picoquic-ivy - Time: 45.08s - CPU Usage: 0.00% - Memory Usage: 58.12MB (2.84%)
12:27:36,208 root INFO Name picoquic-shadow-ivy - Time: 47.03s - CPU Usage: 0.00% - Memory Usage: 71.03MB (3.47%)
12:27:38,214 root INFO Name panther-webapp - Time: 49.07s - CPU Usage: 0.00% - Memory Usage: 119.41MB (23.32%)
12:27:39,219 root INFO Name ping-pong-ivy - Time: 50.06s - CPU Usage: 0.00% - Memory Usage: 57.88MB (2.83%)
12:27:45,219 root INFO Name picoquic-ivy - Time: 56.10s - CPU Usage: 0.00% - Memory Usage: 58.12MB (2.84%)
12:27:47,224 root INFO Name picoquic-shadow-ivy - Time: 58.05s - CPU Usage: 0.00% - Memory Usage: 70.91MB (3.46%)
12:27:49,230 root INFO Name panther-webapp - Time: 60.08s - CPU Usage: 0.00% - Memory Usage: 119.41MB (23.32%)
12:27:51,237 root INFO Name ping-pong-ivy - Time: 62.08s - CPU Usage: 0.00% - Memory Usage: 57.88MB (2.83%)
12:27:56,233 root INFO Name picoquic-ivy - Time: 67.11s - CPU Usage: 0.00% - Memory Usage: 58.12MB (2.84%)
12:27:58,242 root INFO Name picoquic-shadow-ivy - Time: 69.07s - CPU Usage: 0.00% - Memory Usage: 70.91MB (3.46%)
12:28:00,245 root INFO Name panther-webapp - Time: 71.10s - CPU Usage: 0.00% - Memory Usage: 119.41MB (23.32%)
12:28:02,252 root INFO Name ping-pong-ivy - Time: 73.09s - CPU Usage: 0.00% - Memory Usage: 57.88MB (2.83%)
12:28:07,246 root INFO Name picoquic-ivy - Time: 78.12s - CPU Usage: 0.00% - Memory Usage: 58.12MB (2.84%)
12:28:09,260 root INFO Name picoquic-shadow-ivy - Time: 80.08s - CPU Usage: 0.00% - Memory Usage: 70.91MB (3.46%)
12:28:11,268 root INFO Name panther-webapp - Time: 82.12s - CPU Usage: 0.00% - Memory Usage: 119.41MB (23.32%)
12:28:13,273 root INFO Name ping-pong-ivy - Time: 84.11s - CPU Usage: 0.00% - Memory Usage: 57.89MB (2.83%)
12:28:18,262 root INFO Name picoquic-ivy - Time: 89.14s - CPU Usage: 0.00% - Memory Usage: 58.12MB (2.84%)
12:28:20,278 root INFO Name picoquic-shadow-ivy - Time: 91.10s - CPU Usage: 0.00% - Memory Usage: 70.91MB (3.46%)
12:28:22,286 root INFO Name panther-webapp - Time: 93.14s - CPU Usage: 0.00% - Memory Usage: 119.41MB (23.32%)
12:28:24,290 root INFO Name ping-pong-ivy - Time: 95.13s - CPU Usage: 0.00% - Memory Usage: 57.89MB (2.83%)
12:28:29,281 root INFO Name picoquic-ivy - Time: 100.16s - CPU Usage: 0.00% - Memory Usage: 58.11MB (2.84%)
12:28:31,299 root INFO Name picoquic-shadow-ivy - Time: 102.12s - CPU Usage: 0.00% - Memory Usage: 70.91MB (3.46%)
12:28:33,305 root INFO Name panther-webapp - Time: 104.16s - CPU Usage: 0.00% - Memory Usage: 119.41MB (23.32%)
12:28:35,312 root INFO Name ping-pong-ivy - Time: 106.15s - CPU Usage: 0.00% - Memory Usage: 57.89MB (2.83%)
12:28:40,299 root INFO Name picoquic-ivy - Time: 111.18s - CPU Usage: 0.00% - Memory Usage: 58.12MB (2.84%)
12:28:42,315 root INFO Name picoquic-shadow-ivy - Time: 113.14s - CPU Usage: 0.00% - Memory Usage: 70.91MB (3.46%)
12:28:44,323 root INFO Name panther-webapp - Time: 115.18s - CPU Usage: 0.00% - Memory Usage: 119.41MB (23.32%)
12:28:46,328 root INFO Name ping-pong-ivy - Time: 117.17s - CPU Usage: 0.00% - Memory Usage: 57.89MB (2.83%)
12:28:51,315 root INFO Name picoquic-ivy - Time: 122.19s - CPU Usage: 0.00% - Memory Usage: 58.11MB (2.84%)
12:28:53,332 root INFO Name picoquic-shadow-ivy - Time: 124.16s - CPU Usage: 0.00% - Memory Usage: 70.96MB (3.47%)
12:28:55,340 root INFO Name panther-webapp - Time: 126.19s - CPU Usage: 0.00% - Memory Usage: 119.40MB (23.32%)
