10:53:39,719 root INFO Docker Compose configuration updated successfully.
10:53:48,525 root INFO Added entry to /etc/hosts: 172.27.1.14 picoquic-shadow-ivy
10:53:48,552 root INFO Added entry to /etc/hosts: 172.27.1.10 panther-webapp
10:53:48,578 root INFO Added entry to /etc/hosts: 172.27.1.13 picoquic-ivy
10:53:48,617 root INFO Added entry to /etc/hosts: 172.27.1.12 ping-pong-ivy
10:53:49,525 root INFO Name picoquic-shadow-ivy - Time: 1.01s - CPU Usage: 0.00% - Memory Usage: 69.83MB (6.82%)
10:53:50,534 root INFO Name picoquic-ivy - Time: 1.91s - CPU Usage: 0.00% - Memory Usage: 59.28MB (5.79%)
10:53:50,537 root INFO Name panther-webapp - Time: 1.99s - CPU Usage: 0.00% - Memory Usage: 109.92MB (10.73%)
10:53:50,540 root INFO Name ping-pong-ivy - Time: 1.94s - CPU Usage: 0.00% - Memory Usage: 57.84MB (5.65%)
10:54:00,543 root INFO Name picoquic-shadow-ivy - Time: 12.03s - CPU Usage: 0.00% - Memory Usage: 69.82MB (6.82%)
10:54:02,553 root INFO Name panther-webapp - Time: 14.00s - CPU Usage: 0.00% - Memory Usage: 142.72MB (13.94%)
10:54:02,555 root INFO Name picoquic-ivy - Time: 13.93s - CPU Usage: 0.00% - Memory Usage: 416.23MB (40.65%)
10:54:02,556 root INFO Name ping-pong-ivy - Time: 13.95s - CPU Usage: 0.00% - Memory Usage: 57.84MB (5.65%)
10:54:11,559 root INFO Name picoquic-shadow-ivy - Time: 23.04s - CPU Usage: 0.00% - Memory Usage: 69.80MB (6.82%)
10:54:13,566 root INFO Name panther-webapp - Time: 25.01s - CPU Usage: 0.00% - Memory Usage: 142.39MB (13.91%)
10:54:14,571 root INFO Name ping-pong-ivy - Time: 25.97s - CPU Usage: 0.00% - Memory Usage: 57.85MB (5.65%)
10:54:14,572 root INFO Name picoquic-ivy - Time: 25.95s - CPU Usage: 0.00% - Memory Usage: 531.27MB (51.88%)
10:54:22,575 root INFO Name picoquic-shadow-ivy - Time: 34.06s - CPU Usage: 0.00% - Memory Usage: 69.80MB (6.82%)
10:54:24,582 root INFO Name panther-webapp - Time: 36.03s - CPU Usage: 0.00% - Memory Usage: 142.13MB (13.88%)
10:54:26,587 root INFO Name picoquic-ivy - Time: 37.97s - CPU Usage: 0.00% - Memory Usage: 548.24MB (53.54%)
10:54:26,588 root INFO Name ping-pong-ivy - Time: 37.99s - CPU Usage: 0.00% - Memory Usage: 57.85MB (5.65%)
10:54:33,592 root INFO Name picoquic-shadow-ivy - Time: 45.08s - CPU Usage: 0.00% - Memory Usage: 69.80MB (6.82%)
10:54:35,598 root INFO Name panther-webapp - Time: 47.05s - CPU Usage: 0.00% - Memory Usage: 141.64MB (13.83%)
10:54:37,604 root INFO Name picoquic-ivy - Time: 48.98s - CPU Usage: 0.00% - Memory Usage: 677.57MB (66.17%)
10:54:38,608 root INFO Name ping-pong-ivy - Time: 50.01s - CPU Usage: 0.00% - Memory Usage: 57.85MB (5.65%)
10:54:44,606 root INFO Name picoquic-shadow-ivy - Time: 56.09s - CPU Usage: 0.00% - Memory Usage: 70.04MB (6.84%)
10:54:46,614 root INFO Name panther-webapp - Time: 58.06s - CPU Usage: 0.00% - Memory Usage: 140.88MB (13.76%)
10:54:48,619 root INFO Name picoquic-ivy - Time: 60.00s - CPU Usage: 0.00% - Memory Usage: 1023.98MB (100.00%)
10:54:50,623 root INFO Name ping-pong-ivy - Time: 62.02s - CPU Usage: 0.00% - Memory Usage: 57.85MB (5.65%)
10:54:55,623 root INFO Name picoquic-shadow-ivy - Time: 67.11s - CPU Usage: 0.00% - Memory Usage: 69.80MB (6.82%)
10:54:57,630 root INFO Name panther-webapp - Time: 69.08s - CPU Usage: 0.00% - Memory Usage: 140.49MB (13.72%)
10:54:59,637 root INFO Name picoquic-ivy - Time: 71.02s - CPU Usage: 0.00% - Memory Usage: 269.53MB (26.32%)
10:55:01,641 root INFO Name ping-pong-ivy - Time: 73.04s - CPU Usage: 0.00% - Memory Usage: 57.86MB (5.65%)
10:55:06,637 root INFO Name picoquic-shadow-ivy - Time: 78.12s - CPU Usage: 0.00% - Memory Usage: 69.80MB (6.82%)
10:55:08,645 root INFO Name panther-webapp - Time: 80.09s - CPU Usage: 0.00% - Memory Usage: 140.49MB (13.72%)
10:55:10,652 root INFO Name picoquic-ivy - Time: 82.03s - CPU Usage: 0.00% - Memory Usage: 62.54MB (6.11%)
10:55:12,660 root INFO Name ping-pong-ivy - Time: 84.06s - CPU Usage: 0.00% - Memory Usage: 57.86MB (5.65%)
10:55:17,654 root INFO Name picoquic-shadow-ivy - Time: 89.14s - CPU Usage: 0.00% - Memory Usage: 69.80MB (6.82%)
10:55:19,665 root INFO Name panther-webapp - Time: 91.11s - CPU Usage: 0.00% - Memory Usage: 140.46MB (13.72%)
10:55:21,669 root INFO Name picoquic-ivy - Time: 93.05s - CPU Usage: 0.00% - Memory Usage: 62.54MB (6.11%)
10:55:23,674 root INFO Name ping-pong-ivy - Time: 95.07s - CPU Usage: 0.00% - Memory Usage: 57.98MB (5.66%)
10:55:28,671 root INFO Name picoquic-shadow-ivy - Time: 100.16s - CPU Usage: 0.00% - Memory Usage: 69.80MB (6.82%)
10:55:30,682 root INFO Name panther-webapp - Time: 102.13s - CPU Usage: 0.00% - Memory Usage: 140.47MB (13.72%)
10:55:32,689 root INFO Name picoquic-ivy - Time: 104.07s - CPU Usage: 0.00% - Memory Usage: 62.54MB (6.11%)
10:55:34,696 root INFO Name ping-pong-ivy - Time: 106.09s - CPU Usage: 0.00% - Memory Usage: 57.86MB (5.65%)
10:55:39,685 root INFO Name picoquic-shadow-ivy - Time: 111.17s - CPU Usage: 0.00% - Memory Usage: 69.80MB (6.82%)
10:55:41,693 root INFO Name panther-webapp - Time: 113.14s - CPU Usage: 0.00% - Memory Usage: 140.47MB (13.72%)
10:55:43,707 root INFO Name picoquic-ivy - Time: 115.09s - CPU Usage: 0.00% - Memory Usage: 62.54MB (6.11%)
10:55:45,711 root INFO Name ping-pong-ivy - Time: 117.11s - CPU Usage: 0.00% - Memory Usage: 57.86MB (5.65%)
10:55:50,703 root INFO Name picoquic-shadow-ivy - Time: 122.19s - CPU Usage: 0.00% - Memory Usage: 69.80MB (6.82%)
10:55:52,710 root INFO Name panther-webapp - Time: 124.16s - CPU Usage: 0.00% - Memory Usage: 140.47MB (13.72%)
10:55:54,721 root INFO Name picoquic-ivy - Time: 126.10s - CPU Usage: 0.00% - Memory Usage: 62.54MB (6.11%)
10:55:56,726 root INFO Name ping-pong-ivy - Time: 128.12s - CPU Usage: 0.00% - Memory Usage: 57.86MB (5.65%)
10:56:01,718 root INFO Name picoquic-shadow-ivy - Time: 133.20s - CPU Usage: 0.00% - Memory Usage: 70.09MB (6.84%)
10:56:03,727 root INFO Name panther-webapp - Time: 135.18s - CPU Usage: 0.00% - Memory Usage: 140.47MB (13.72%)
10:56:05,740 root INFO Name picoquic-ivy - Time: 137.12s - CPU Usage: 0.00% - Memory Usage: 62.54MB (6.11%)
10:56:07,744 root INFO Name ping-pong-ivy - Time: 139.14s - CPU Usage: 0.00% - Memory Usage: 57.86MB (5.65%)
10:56:12,735 root INFO Name picoquic-shadow-ivy - Time: 144.22s - CPU Usage: 0.00% - Memory Usage: 69.80MB (6.82%)
10:56:14,744 root INFO Name panther-webapp - Time: 146.19s - CPU Usage: 0.00% - Memory Usage: 140.47MB (13.72%)
10:56:16,753 root INFO Name picoquic-ivy - Time: 148.13s - CPU Usage: 0.00% - Memory Usage: 62.54MB (6.11%)
10:56:18,757 root INFO Name ping-pong-ivy - Time: 150.16s - CPU Usage: 0.00% - Memory Usage: 57.86MB (5.65%)
10:56:23,746 root INFO Name picoquic-shadow-ivy - Time: 155.23s - CPU Usage: 0.00% - Memory Usage: 69.80MB (6.82%)
10:56:25,761 root INFO Name panther-webapp - Time: 157.21s - CPU Usage: 0.00% - Memory Usage: 140.48MB (13.72%)
10:56:27,770 root INFO Name picoquic-ivy - Time: 159.15s - CPU Usage: 0.00% - Memory Usage: 62.54MB (6.11%)
10:56:29,776 root INFO Name ping-pong-ivy - Time: 161.17s - CPU Usage: 0.00% - Memory Usage: 57.86MB (5.65%)
10:56:34,762 root INFO Name picoquic-shadow-ivy - Time: 166.25s - CPU Usage: 0.00% - Memory Usage: 69.80MB (6.82%)
10:56:36,779 root INFO Name panther-webapp - Time: 168.23s - CPU Usage: 0.00% - Memory Usage: 140.48MB (13.72%)
10:56:38,787 root INFO Name picoquic-ivy - Time: 170.17s - CPU Usage: 0.00% - Memory Usage: 62.60MB (6.11%)
10:56:40,793 root INFO Name ping-pong-ivy - Time: 172.19s - CPU Usage: 0.00% - Memory Usage: 57.86MB (5.65%)
10:56:45,778 root INFO Name picoquic-shadow-ivy - Time: 177.26s - CPU Usage: 0.00% - Memory Usage: 69.80MB (6.82%)
10:56:47,793 root INFO Name panther-webapp - Time: 179.24s - CPU Usage: 0.00% - Memory Usage: 140.49MB (13.72%)
10:56:49,804 root INFO Name picoquic-ivy - Time: 181.18s - CPU Usage: 0.00% - Memory Usage: 74.68MB (7.29%)
10:56:51,809 root INFO Name ping-pong-ivy - Time: 183.21s - CPU Usage: 0.00% - Memory Usage: 58.12MB (5.68%)
10:56:56,794 root INFO Name picoquic-shadow-ivy - Time: 188.28s - CPU Usage: 0.00% - Memory Usage: 71.04MB (6.94%)
10:56:58,810 root INFO Name panther-webapp - Time: 190.26s - CPU Usage: 0.00% - Memory Usage: 140.62MB (13.73%)
10:57:00,818 root INFO Name picoquic-ivy - Time: 192.20s - CPU Usage: 0.00% - Memory Usage: 453.12MB (44.25%)
10:57:02,826 root INFO Name ping-pong-ivy - Time: 194.22s - CPU Usage: 0.00% - Memory Usage: 58.13MB (5.68%)
10:57:07,810 root INFO Name picoquic-shadow-ivy - Time: 199.30s - CPU Usage: 0.00% - Memory Usage: 70.93MB (6.93%)
10:57:09,827 root INFO Name panther-webapp - Time: 201.28s - CPU Usage: 0.00% - Memory Usage: 140.62MB (13.73%)
10:57:11,835 root INFO Name picoquic-ivy - Time: 203.21s - CPU Usage: 0.00% - Memory Usage: 581.22MB (56.76%)
10:57:13,842 root INFO Name ping-pong-ivy - Time: 205.24s - CPU Usage: 0.00% - Memory Usage: 58.13MB (5.68%)
10:57:18,825 root INFO Name picoquic-shadow-ivy - Time: 210.31s - CPU Usage: 0.00% - Memory Usage: 70.93MB (6.93%)
10:57:20,845 root INFO Name panther-webapp - Time: 212.29s - CPU Usage: 0.00% - Memory Usage: 140.62MB (13.73%)
10:57:22,853 root INFO Name picoquic-ivy - Time: 214.23s - CPU Usage: 0.00% - Memory Usage: 621.04MB (60.65%)
10:57:24,859 root INFO Name ping-pong-ivy - Time: 216.26s - CPU Usage: 0.00% - Memory Usage: 58.13MB (5.68%)
10:57:29,842 root INFO Name picoquic-shadow-ivy - Time: 221.33s - CPU Usage: 0.00% - Memory Usage: 70.93MB (6.93%)
10:57:31,862 root INFO Name panther-webapp - Time: 223.31s - CPU Usage: 0.00% - Memory Usage: 140.62MB (13.73%)
10:57:33,868 root INFO Name picoquic-ivy - Time: 225.25s - CPU Usage: 0.00% - Memory Usage: 829.24MB (80.98%)
10:57:35,875 root INFO Name ping-pong-ivy - Time: 227.27s - CPU Usage: 0.00% - Memory Usage: 58.13MB (5.68%)
10:57:40,858 root INFO Name picoquic-shadow-ivy - Time: 232.34s - CPU Usage: 0.00% - Memory Usage: 70.93MB (6.93%)
10:57:42,877 root INFO Name panther-webapp - Time: 234.32s - CPU Usage: 0.00% - Memory Usage: 140.51MB (13.72%)
10:57:44,882 root INFO Name picoquic-ivy - Time: 236.26s - CPU Usage: 0.00% - Memory Usage: 1023.96MB (100.00%)
10:57:46,889 root INFO Name ping-pong-ivy - Time: 238.29s - CPU Usage: 0.00% - Memory Usage: 58.13MB (5.68%)
10:57:51,873 root INFO Name picoquic-shadow-ivy - Time: 243.36s - CPU Usage: 0.00% - Memory Usage: 70.93MB (6.93%)
10:57:53,893 root INFO Name panther-webapp - Time: 245.34s - CPU Usage: 0.00% - Memory Usage: 140.46MB (13.72%)
10:57:55,901 root INFO Name picoquic-ivy - Time: 247.28s - CPU Usage: 0.00% - Memory Usage: 138.96MB (13.57%)
10:57:57,906 root INFO Name ping-pong-ivy - Time: 249.30s - CPU Usage: 0.00% - Memory Usage: 58.13MB (5.68%)
10:58:02,890 root INFO Name picoquic-shadow-ivy - Time: 254.38s - CPU Usage: 0.00% - Memory Usage: 70.93MB (6.93%)
10:58:04,909 root INFO Name panther-webapp - Time: 256.36s - CPU Usage: 0.00% - Memory Usage: 140.46MB (13.72%)
10:58:06,915 root INFO Name picoquic-ivy - Time: 258.29s - CPU Usage: 0.00% - Memory Usage: 164.26MB (16.04%)
10:58:08,923 root INFO Name ping-pong-ivy - Time: 260.32s - CPU Usage: 0.00% - Memory Usage: 58.13MB (5.68%)
10:58:13,906 root INFO Name picoquic-shadow-ivy - Time: 265.39s - CPU Usage: 0.00% - Memory Usage: 70.93MB (6.93%)
10:58:15,926 root INFO Name panther-webapp - Time: 267.37s - CPU Usage: 0.00% - Memory Usage: 140.46MB (13.72%)
10:58:17,931 root INFO Name picoquic-ivy - Time: 269.31s - CPU Usage: 0.00% - Memory Usage: 172.89MB (16.88%)
10:58:19,938 root INFO Name ping-pong-ivy - Time: 271.34s - CPU Usage: 0.00% - Memory Usage: 58.13MB (5.68%)
10:58:24,923 root INFO Name picoquic-shadow-ivy - Time: 276.41s - CPU Usage: 0.00% - Memory Usage: 70.93MB (6.93%)
10:58:26,942 root INFO Name panther-webapp - Time: 278.39s - CPU Usage: 0.00% - Memory Usage: 140.59MB (13.73%)
10:58:28,947 root INFO Name picoquic-ivy - Time: 280.33s - CPU Usage: 0.00% - Memory Usage: 958.00MB (93.55%)
10:58:30,955 root INFO Name ping-pong-ivy - Time: 282.35s - CPU Usage: 0.00% - Memory Usage: 58.25MB (5.69%)
10:58:35,937 root INFO Name picoquic-shadow-ivy - Time: 287.42s - CPU Usage: 0.00% - Memory Usage: 70.93MB (6.93%)
10:58:37,958 root INFO Name panther-webapp - Time: 289.41s - CPU Usage: 0.00% - Memory Usage: 140.46MB (13.72%)
10:58:39,964 root INFO Name picoquic-ivy - Time: 291.34s - CPU Usage: 0.00% - Memory Usage: 404.37MB (39.49%)
10:58:41,970 root INFO Name ping-pong-ivy - Time: 293.37s - CPU Usage: 0.00% - Memory Usage: 58.13MB (5.68%)
10:58:46,950 root INFO Name picoquic-shadow-ivy - Time: 298.43s - CPU Usage: 0.00% - Memory Usage: 70.93MB (6.93%)
10:58:48,973 root INFO Name panther-webapp - Time: 300.42s - CPU Usage: 0.00% - Memory Usage: 140.41MB (13.71%)
10:58:51,24 root INFO Name picoquic-ivy - Time: 302.40s - CPU Usage: 0.00% - Memory Usage: 50.02MB (4.88%)
10:58:53,29 root INFO Name ping-pong-ivy - Time: 304.43s - CPU Usage: 0.00% - Memory Usage: 58.25MB (5.69%)
10:58:57,965 root INFO Name picoquic-shadow-ivy - Time: 309.45s - CPU Usage: 0.00% - Memory Usage: 71.05MB (6.94%)
10:58:59,991 root INFO Name panther-webapp - Time: 311.44s - CPU Usage: 0.00% - Memory Usage: 140.41MB (13.71%)
10:59:02,37 root INFO Name picoquic-ivy - Time: 313.42s - CPU Usage: 0.00% - Memory Usage: 50.11MB (4.89%)
10:59:04,41 root INFO Name ping-pong-ivy - Time: 315.44s - CPU Usage: 0.00% - Memory Usage: 58.13MB (5.68%)
10:59:08,982 root INFO Name picoquic-shadow-ivy - Time: 320.47s - CPU Usage: 0.00% - Memory Usage: 71.05MB (6.94%)
10:59:11,5 root INFO Name panther-webapp - Time: 322.45s - CPU Usage: 0.00% - Memory Usage: 140.41MB (13.71%)
10:59:13,51 root INFO Name picoquic-ivy - Time: 324.43s - CPU Usage: 0.00% - Memory Usage: 50.02MB (4.88%)
10:59:15,57 root INFO Name ping-pong-ivy - Time: 326.46s - CPU Usage: 0.00% - Memory Usage: 58.13MB (5.68%)
10:59:20,1 root INFO Name picoquic-shadow-ivy - Time: 331.49s - CPU Usage: 0.00% - Memory Usage: 71.05MB (6.94%)
10:59:22,21 root INFO Name panther-webapp - Time: 333.47s - CPU Usage: 0.00% - Memory Usage: 140.41MB (13.71%)
10:59:24,61 root INFO Name picoquic-ivy - Time: 335.44s - CPU Usage: 0.00% - Memory Usage: 50.02MB (4.88%)
10:59:26,74 root INFO Name ping-pong-ivy - Time: 337.47s - CPU Usage: 0.00% - Memory Usage: 58.13MB (5.68%)
10:59:31,16 root INFO Name picoquic-shadow-ivy - Time: 342.50s - CPU Usage: 0.00% - Memory Usage: 71.05MB (6.94%)
10:59:33,38 root INFO Name panther-webapp - Time: 344.49s - CPU Usage: 0.00% - Memory Usage: 140.41MB (13.71%)
10:59:35,77 root INFO Name picoquic-ivy - Time: 346.46s - CPU Usage: 0.00% - Memory Usage: 50.02MB (4.88%)
10:59:37,90 root INFO Name ping-pong-ivy - Time: 348.49s - CPU Usage: 0.00% - Memory Usage: 58.13MB (5.68%)
10:59:42,31 root INFO Name picoquic-shadow-ivy - Time: 353.52s - CPU Usage: 0.00% - Memory Usage: 71.05MB (6.94%)
10:59:44,55 root INFO Name panther-webapp - Time: 355.50s - CPU Usage: 0.00% - Memory Usage: 140.41MB (13.71%)
10:59:46,94 root INFO Name picoquic-ivy - Time: 357.47s - CPU Usage: 0.00% - Memory Usage: 50.02MB (4.88%)
10:59:48,98 root INFO Name ping-pong-ivy - Time: 359.50s - CPU Usage: 0.00% - Memory Usage: 58.13MB (5.68%)
10:59:53,50 root INFO Name picoquic-shadow-ivy - Time: 364.54s - CPU Usage: 0.00% - Memory Usage: 71.17MB (6.95%)
10:59:55,71 root INFO Name panther-webapp - Time: 366.52s - CPU Usage: 0.00% - Memory Usage: 140.41MB (13.71%)
10:59:57,109 root INFO Name picoquic-ivy - Time: 368.49s - CPU Usage: 0.00% - Memory Usage: 50.02MB (4.88%)
10:59:59,114 root INFO Name ping-pong-ivy - Time: 370.51s - CPU Usage: 0.00% - Memory Usage: 58.25MB (5.69%)
11:00:04,67 root INFO Name picoquic-shadow-ivy - Time: 375.55s - CPU Usage: 0.00% - Memory Usage: 71.05MB (6.94%)
11:00:06,86 root INFO Name panther-webapp - Time: 377.53s - CPU Usage: 0.00% - Memory Usage: 140.41MB (13.71%)
11:00:08,127 root INFO Name picoquic-ivy - Time: 379.51s - CPU Usage: 0.00% - Memory Usage: 50.02MB (4.88%)
11:00:10,131 root INFO Name ping-pong-ivy - Time: 381.53s - CPU Usage: 0.00% - Memory Usage: 58.13MB (5.68%)
11:00:15,84 root INFO Name picoquic-shadow-ivy - Time: 386.57s - CPU Usage: 0.00% - Memory Usage: 71.05MB (6.94%)
11:00:17,102 root INFO Name panther-webapp - Time: 388.55s - CPU Usage: 0.00% - Memory Usage: 140.41MB (13.71%)
11:00:19,141 root INFO Name picoquic-ivy - Time: 390.52s - CPU Usage: 0.00% - Memory Usage: 50.02MB (4.88%)
11:00:21,145 root INFO Name ping-pong-ivy - Time: 392.54s - CPU Usage: 0.00% - Memory Usage: 58.13MB (5.68%)
11:00:26,101 root INFO Name picoquic-shadow-ivy - Time: 397.59s - CPU Usage: 0.00% - Memory Usage: 71.05MB (6.94%)
11:00:28,121 root INFO Name panther-webapp - Time: 399.57s - CPU Usage: 0.00% - Memory Usage: 140.41MB (13.71%)
11:00:30,147 root INFO Name picoquic-ivy - Time: 401.53s - CPU Usage: 0.00% - Memory Usage: 50.02MB (4.88%)
11:00:32,159 root INFO Name ping-pong-ivy - Time: 403.56s - CPU Usage: 0.00% - Memory Usage: 58.13MB (5.68%)
11:00:37,114 root INFO Name picoquic-shadow-ivy - Time: 408.60s - CPU Usage: 0.00% - Memory Usage: 71.17MB (6.95%)
11:00:39,137 root INFO Name panther-webapp - Time: 410.59s - CPU Usage: 0.00% - Memory Usage: 140.41MB (13.71%)
11:00:41,163 root INFO Name picoquic-ivy - Time: 412.54s - CPU Usage: 0.00% - Memory Usage: 50.02MB (4.88%)
11:00:43,170 root INFO Name ping-pong-ivy - Time: 414.57s - CPU Usage: 0.00% - Memory Usage: 58.25MB (5.69%)
11:00:48,130 root INFO Name picoquic-shadow-ivy - Time: 419.61s - CPU Usage: 0.00% - Memory Usage: 71.05MB (6.94%)
11:00:50,154 root INFO Name panther-webapp - Time: 421.60s - CPU Usage: 0.00% - Memory Usage: 140.41MB (13.71%)
11:00:52,173 root INFO Name picoquic-ivy - Time: 423.55s - CPU Usage: 0.00% - Memory Usage: 50.02MB (4.88%)
11:00:54,187 root INFO Name ping-pong-ivy - Time: 425.59s - CPU Usage: 0.00% - Memory Usage: 58.13MB (5.68%)
11:00:59,150 root INFO Name picoquic-shadow-ivy - Time: 430.63s - CPU Usage: 0.00% - Memory Usage: 71.05MB (6.94%)
11:01:01,171 root INFO Name panther-webapp - Time: 432.62s - CPU Usage: 0.00% - Memory Usage: 140.41MB (13.71%)
11:01:03,193 root INFO Name picoquic-ivy - Time: 434.57s - CPU Usage: 0.00% - Memory Usage: 50.02MB (4.88%)
11:01:05,204 root INFO Name ping-pong-ivy - Time: 436.60s - CPU Usage: 0.00% - Memory Usage: 58.13MB (5.68%)
11:01:10,165 root INFO Name picoquic-shadow-ivy - Time: 441.65s - CPU Usage: 0.00% - Memory Usage: 71.05MB (6.94%)
11:01:12,186 root INFO Name panther-webapp - Time: 443.63s - CPU Usage: 0.00% - Memory Usage: 140.41MB (13.71%)
11:01:14,209 root INFO Name picoquic-ivy - Time: 445.59s - CPU Usage: 0.00% - Memory Usage: 50.02MB (4.88%)
11:01:16,218 root INFO Name ping-pong-ivy - Time: 447.62s - CPU Usage: 0.00% - Memory Usage: 58.13MB (5.68%)
11:01:21,177 root INFO Name picoquic-shadow-ivy - Time: 452.66s - CPU Usage: 0.00% - Memory Usage: 71.22MB (6.95%)
11:01:23,202 root INFO Name panther-webapp - Time: 454.65s - CPU Usage: 0.00% - Memory Usage: 140.41MB (13.71%)
11:01:25,225 root INFO Name picoquic-ivy - Time: 456.60s - CPU Usage: 0.00% - Memory Usage: 50.02MB (4.89%)
11:01:27,233 root INFO Name ping-pong-ivy - Time: 458.63s - CPU Usage: 0.00% - Memory Usage: 58.13MB (5.68%)
11:01:32,189 root INFO Name picoquic-shadow-ivy - Time: 463.67s - CPU Usage: 0.00% - Memory Usage: 71.05MB (6.94%)
11:01:34,219 root INFO Name panther-webapp - Time: 465.67s - CPU Usage: 0.00% - Memory Usage: 140.41MB (13.71%)
11:01:36,243 root INFO Name picoquic-ivy - Time: 467.62s - CPU Usage: 0.00% - Memory Usage: 50.03MB (4.89%)
11:01:38,251 root INFO Name ping-pong-ivy - Time: 469.65s - CPU Usage: 0.00% - Memory Usage: 58.13MB (5.68%)
11:01:43,206 root INFO Name picoquic-shadow-ivy - Time: 474.69s - CPU Usage: 0.00% - Memory Usage: 71.02MB (6.94%)
11:01:45,233 root INFO Name panther-webapp - Time: 476.68s - CPU Usage: 0.00% - Memory Usage: 140.42MB (13.71%)
11:01:47,258 root INFO Name picoquic-ivy - Time: 478.64s - CPU Usage: 0.00% - Memory Usage: 66.18MB (6.46%)
11:01:49,266 root INFO Name ping-pong-ivy - Time: 480.66s - CPU Usage: 0.00% - Memory Usage: 58.07MB (5.67%)
11:01:54,222 root INFO Name picoquic-shadow-ivy - Time: 485.71s - CPU Usage: 0.00% - Memory Usage: 71.02MB (6.94%)
11:01:56,245 root INFO Name panther-webapp - Time: 487.69s - CPU Usage: 0.00% - Memory Usage: 140.42MB (13.71%)
11:01:58,275 root INFO Name picoquic-ivy - Time: 489.65s - CPU Usage: 0.00% - Memory Usage: 66.18MB (6.46%)
11:02:00,281 root INFO Name ping-pong-ivy - Time: 491.68s - CPU Usage: 0.00% - Memory Usage: 58.07MB (5.67%)
11:02:05,238 root INFO Name picoquic-shadow-ivy - Time: 496.72s - CPU Usage: 0.00% - Memory Usage: 71.01MB (6.93%)
11:02:07,257 root INFO Name panther-webapp - Time: 498.71s - CPU Usage: 0.00% - Memory Usage: 140.73MB (13.74%)
11:02:09,284 root INFO Name picoquic-ivy - Time: 500.66s - CPU Usage: 0.00% - Memory Usage: 462.37MB (45.15%)
11:02:11,297 root INFO Name ping-pong-ivy - Time: 502.70s - CPU Usage: 0.00% - Memory Usage: 58.07MB (5.67%)
11:02:16,257 root INFO Name picoquic-shadow-ivy - Time: 507.74s - CPU Usage: 0.00% - Memory Usage: 71.02MB (6.94%)
11:02:18,274 root INFO Name panther-webapp - Time: 509.72s - CPU Usage: 0.00% - Memory Usage: 140.73MB (13.74%)
11:02:20,293 root INFO Name picoquic-ivy - Time: 511.67s - CPU Usage: 0.00% - Memory Usage: 584.00MB (57.03%)
11:02:22,309 root INFO Name ping-pong-ivy - Time: 513.71s - CPU Usage: 0.00% - Memory Usage: 58.07MB (5.67%)
11:02:27,270 root INFO Name picoquic-shadow-ivy - Time: 518.76s - CPU Usage: 0.00% - Memory Usage: 71.02MB (6.94%)
11:02:29,290 root INFO Name panther-webapp - Time: 520.74s - CPU Usage: 0.00% - Memory Usage: 140.74MB (13.74%)
11:02:31,310 root INFO Name picoquic-ivy - Time: 522.69s - CPU Usage: 0.00% - Memory Usage: 620.36MB (60.58%)
11:02:33,326 root INFO Name ping-pong-ivy - Time: 524.72s - CPU Usage: 0.00% - Memory Usage: 58.07MB (5.67%)
11:02:38,287 root INFO Name picoquic-shadow-ivy - Time: 529.77s - CPU Usage: 0.00% - Memory Usage: 71.02MB (6.94%)
11:02:40,306 root INFO Name panther-webapp - Time: 531.75s - CPU Usage: 0.00% - Memory Usage: 140.73MB (13.74%)
11:02:42,328 root INFO Name picoquic-ivy - Time: 533.71s - CPU Usage: 0.00% - Memory Usage: 624.03MB (60.94%)
11:02:44,344 root INFO Name ping-pong-ivy - Time: 535.74s - CPU Usage: 0.00% - Memory Usage: 58.07MB (5.67%)
11:02:49,306 root INFO Name picoquic-shadow-ivy - Time: 540.79s - CPU Usage: 0.00% - Memory Usage: 71.00MB (6.93%)
11:02:51,322 root INFO Name panther-webapp - Time: 542.77s - CPU Usage: 0.00% - Memory Usage: 140.23MB (13.69%)
11:02:53,344 root INFO Name picoquic-ivy - Time: 544.72s - CPU Usage: 0.00% - Memory Usage: 1023.92MB (99.99%)
11:02:55,360 root INFO Name ping-pong-ivy - Time: 546.76s - CPU Usage: 0.00% - Memory Usage: 58.07MB (5.67%)
11:03:00,322 root INFO Name picoquic-shadow-ivy - Time: 551.81s - CPU Usage: 0.00% - Memory Usage: 71.00MB (6.93%)
11:03:02,340 root INFO Name panther-webapp - Time: 553.79s - CPU Usage: 0.00% - Memory Usage: 140.22MB (13.69%)
11:03:04,358 root INFO Name picoquic-ivy - Time: 555.74s - CPU Usage: 0.00% - Memory Usage: 1023.94MB (99.99%)
11:03:06,374 root INFO Name ping-pong-ivy - Time: 557.77s - CPU Usage: 0.00% - Memory Usage: 58.07MB (5.67%)
11:03:11,338 root INFO Name picoquic-shadow-ivy - Time: 562.82s - CPU Usage: 0.00% - Memory Usage: 71.00MB (6.93%)
11:03:13,354 root INFO Name panther-webapp - Time: 564.80s - CPU Usage: 0.00% - Memory Usage: 140.18MB (13.69%)
11:03:15,375 root INFO Name picoquic-ivy - Time: 566.75s - CPU Usage: 0.00% - Memory Usage: 127.66MB (12.47%)
11:03:17,393 root INFO Name ping-pong-ivy - Time: 568.79s - CPU Usage: 0.00% - Memory Usage: 58.07MB (5.67%)
11:03:22,355 root INFO Name picoquic-shadow-ivy - Time: 573.84s - CPU Usage: 0.00% - Memory Usage: 71.00MB (6.93%)
11:03:24,371 root INFO Name panther-webapp - Time: 575.82s - CPU Usage: 0.00% - Memory Usage: 140.18MB (13.69%)
11:03:26,390 root INFO Name picoquic-ivy - Time: 577.77s - CPU Usage: 0.00% - Memory Usage: 166.21MB (16.23%)
11:03:28,411 root INFO Name ping-pong-ivy - Time: 579.81s - CPU Usage: 0.00% - Memory Usage: 58.07MB (5.67%)
11:03:33,371 root INFO Name picoquic-shadow-ivy - Time: 584.86s - CPU Usage: 0.00% - Memory Usage: 71.00MB (6.93%)
11:03:35,387 root INFO Name panther-webapp - Time: 586.84s - CPU Usage: 0.00% - Memory Usage: 140.18MB (13.69%)
11:03:37,407 root INFO Name picoquic-ivy - Time: 588.79s - CPU Usage: 0.00% - Memory Usage: 171.08MB (16.71%)
11:03:39,428 root INFO Name ping-pong-ivy - Time: 590.83s - CPU Usage: 0.00% - Memory Usage: 58.07MB (5.67%)
11:03:44,387 root INFO Name picoquic-shadow-ivy - Time: 595.87s - CPU Usage: 0.00% - Memory Usage: 71.00MB (6.93%)
11:03:46,402 root INFO Name panther-webapp - Time: 597.85s - CPU Usage: 0.00% - Memory Usage: 140.18MB (13.69%)
11:03:48,421 root INFO Name picoquic-ivy - Time: 599.80s - CPU Usage: 0.00% - Memory Usage: 810.36MB (79.14%)
11:03:50,444 root INFO Name ping-pong-ivy - Time: 601.84s - CPU Usage: 0.00% - Memory Usage: 58.07MB (5.67%)
11:03:55,401 root INFO Name picoquic-shadow-ivy - Time: 606.89s - CPU Usage: 0.00% - Memory Usage: 71.00MB (6.93%)
11:03:57,417 root INFO Name panther-webapp - Time: 608.87s - CPU Usage: 0.00% - Memory Usage: 140.18MB (13.69%)
11:03:59,438 root INFO Name picoquic-ivy - Time: 610.82s - CPU Usage: 0.00% - Memory Usage: 1023.93MB (99.99%)
11:04:01,459 root INFO Name ping-pong-ivy - Time: 612.86s - CPU Usage: 0.00% - Memory Usage: 58.07MB (5.67%)
11:04:06,418 root INFO Name picoquic-shadow-ivy - Time: 617.90s - CPU Usage: 0.00% - Memory Usage: 71.00MB (6.93%)
11:04:08,436 root INFO Name panther-webapp - Time: 619.88s - CPU Usage: 0.00% - Memory Usage: 140.18MB (13.69%)
11:04:10,456 root INFO Name picoquic-ivy - Time: 621.83s - CPU Usage: 0.00% - Memory Usage: 49.73MB (4.86%)
11:04:12,475 root INFO Name ping-pong-ivy - Time: 623.87s - CPU Usage: 0.00% - Memory Usage: 58.07MB (5.67%)
11:04:17,436 root INFO Name picoquic-shadow-ivy - Time: 628.92s - CPU Usage: 0.00% - Memory Usage: 71.00MB (6.93%)
11:04:19,451 root INFO Name panther-webapp - Time: 630.90s - CPU Usage: 0.00% - Memory Usage: 140.15MB (13.69%)
11:04:21,472 root INFO Name picoquic-ivy - Time: 632.85s - CPU Usage: 0.00% - Memory Usage: 49.75MB (4.86%)
11:04:23,490 root INFO Name ping-pong-ivy - Time: 634.89s - CPU Usage: 0.00% - Memory Usage: 58.07MB (5.67%)
11:04:28,453 root INFO Name picoquic-shadow-ivy - Time: 639.94s - CPU Usage: 0.00% - Memory Usage: 71.00MB (6.93%)
11:04:30,467 root INFO Name panther-webapp - Time: 641.91s - CPU Usage: 0.00% - Memory Usage: 140.15MB (13.69%)
11:04:32,487 root INFO Name picoquic-ivy - Time: 643.87s - CPU Usage: 0.00% - Memory Usage: 66.51MB (6.49%)
11:04:34,511 root INFO Name ping-pong-ivy - Time: 645.91s - CPU Usage: 0.00% - Memory Usage: 58.20MB (5.68%)
11:04:39,466 root INFO Name picoquic-shadow-ivy - Time: 650.95s - CPU Usage: 0.00% - Memory Usage: 71.01MB (6.93%)
11:04:41,483 root INFO Name panther-webapp - Time: 652.93s - CPU Usage: 0.00% - Memory Usage: 140.28MB (13.70%)
11:04:43,501 root INFO Name picoquic-ivy - Time: 654.88s - CPU Usage: 0.00% - Memory Usage: 314.82MB (30.74%)
11:04:45,525 root INFO Name ping-pong-ivy - Time: 656.92s - CPU Usage: 0.00% - Memory Usage: 58.20MB (5.68%)
11:04:50,485 root INFO Name picoquic-shadow-ivy - Time: 661.97s - CPU Usage: 0.00% - Memory Usage: 71.01MB (6.93%)
11:04:52,499 root INFO Name panther-webapp - Time: 663.95s - CPU Usage: 0.00% - Memory Usage: 140.27MB (13.70%)
11:04:54,518 root INFO Name picoquic-ivy - Time: 665.90s - CPU Usage: 0.00% - Memory Usage: 605.57MB (59.14%)
11:04:56,538 root INFO Name ping-pong-ivy - Time: 667.94s - CPU Usage: 0.00% - Memory Usage: 58.20MB (5.68%)
11:05:01,499 root INFO Name picoquic-shadow-ivy - Time: 672.98s - CPU Usage: 0.00% - Memory Usage: 71.01MB (6.93%)
11:05:03,516 root INFO Name panther-webapp - Time: 674.96s - CPU Usage: 0.00% - Memory Usage: 140.27MB (13.70%)
11:05:05,535 root INFO Name picoquic-ivy - Time: 676.91s - CPU Usage: 0.00% - Memory Usage: 621.57MB (60.70%)
11:05:07,553 root INFO Name ping-pong-ivy - Time: 678.95s - CPU Usage: 0.00% - Memory Usage: 58.20MB (5.68%)
11:05:12,514 root INFO Name picoquic-shadow-ivy - Time: 684.00s - CPU Usage: 0.00% - Memory Usage: 71.01MB (6.93%)
11:05:14,532 root INFO Name panther-webapp - Time: 685.98s - CPU Usage: 0.00% - Memory Usage: 140.27MB (13.70%)
11:05:16,550 root INFO Name picoquic-ivy - Time: 687.93s - CPU Usage: 0.00% - Memory Usage: 929.77MB (90.80%)
11:05:18,570 root INFO Name ping-pong-ivy - Time: 689.97s - CPU Usage: 0.00% - Memory Usage: 58.20MB (5.68%)
11:05:23,532 root INFO Name picoquic-shadow-ivy - Time: 695.02s - CPU Usage: 0.00% - Memory Usage: 71.12MB (6.95%)
11:05:25,547 root INFO Name panther-webapp - Time: 697.00s - CPU Usage: 0.00% - Memory Usage: 139.61MB (13.63%)
11:05:27,565 root INFO Name picoquic-ivy - Time: 698.94s - CPU Usage: 0.00% - Memory Usage: 1023.91MB (99.99%)
11:05:29,589 root INFO Name ping-pong-ivy - Time: 700.99s - CPU Usage: 0.00% - Memory Usage: 58.21MB (5.68%)
11:05:34,550 root INFO Name picoquic-shadow-ivy - Time: 706.03s - CPU Usage: 0.00% - Memory Usage: 71.00MB (6.93%)
11:05:36,563 root INFO Name panther-webapp - Time: 708.01s - CPU Usage: 0.00% - Memory Usage: 139.45MB (13.62%)
11:05:38,582 root INFO Name picoquic-ivy - Time: 709.96s - CPU Usage: 0.00% - Memory Usage: 137.11MB (13.39%)
11:05:40,602 root INFO Name ping-pong-ivy - Time: 712.00s - CPU Usage: 0.00% - Memory Usage: 58.21MB (5.68%)
11:05:45,569 root INFO Name picoquic-shadow-ivy - Time: 717.05s - CPU Usage: 0.00% - Memory Usage: 71.00MB (6.93%)
11:05:47,578 root INFO Name panther-webapp - Time: 719.03s - CPU Usage: 0.00% - Memory Usage: 139.45MB (13.62%)
11:05:49,599 root INFO Name picoquic-ivy - Time: 720.98s - CPU Usage: 0.00% - Memory Usage: 163.20MB (15.94%)
11:05:51,617 root INFO Name ping-pong-ivy - Time: 723.02s - CPU Usage: 0.00% - Memory Usage: 58.21MB (5.68%)
11:05:56,582 root INFO Name picoquic-shadow-ivy - Time: 728.07s - CPU Usage: 0.00% - Memory Usage: 71.00MB (6.93%)
11:05:58,594 root INFO Name panther-webapp - Time: 730.04s - CPU Usage: 0.00% - Memory Usage: 139.45MB (13.62%)
11:06:00,615 root INFO Name picoquic-ivy - Time: 731.99s - CPU Usage: 0.00% - Memory Usage: 170.58MB (16.66%)
11:06:02,634 root INFO Name ping-pong-ivy - Time: 734.03s - CPU Usage: 0.00% - Memory Usage: 58.21MB (5.69%)
11:06:07,600 root INFO Name picoquic-shadow-ivy - Time: 739.09s - CPU Usage: 0.00% - Memory Usage: 71.00MB (6.93%)
11:06:09,610 root INFO Name panther-webapp - Time: 741.06s - CPU Usage: 0.00% - Memory Usage: 139.45MB (13.62%)
11:06:11,630 root INFO Name picoquic-ivy - Time: 743.01s - CPU Usage: 0.00% - Memory Usage: 632.22MB (61.74%)
11:06:13,650 root INFO Name ping-pong-ivy - Time: 745.05s - CPU Usage: 0.00% - Memory Usage: 58.21MB (5.68%)
11:06:18,615 root INFO Name picoquic-shadow-ivy - Time: 750.10s - CPU Usage: 0.00% - Memory Usage: 71.00MB (6.93%)
11:06:20,626 root INFO Name panther-webapp - Time: 752.07s - CPU Usage: 0.00% - Memory Usage: 139.45MB (13.62%)
11:06:22,644 root INFO Name picoquic-ivy - Time: 754.02s - CPU Usage: 0.00% - Memory Usage: 1023.96MB (100.00%)
11:06:24,665 root INFO Name ping-pong-ivy - Time: 756.06s - CPU Usage: 0.00% - Memory Usage: 58.21MB (5.68%)
11:06:29,631 root INFO Name picoquic-shadow-ivy - Time: 761.12s - CPU Usage: 0.00% - Memory Usage: 71.00MB (6.93%)
11:06:31,643 root INFO Name panther-webapp - Time: 763.09s - CPU Usage: 0.00% - Memory Usage: 139.45MB (13.62%)
11:06:33,657 root INFO Name picoquic-ivy - Time: 765.04s - CPU Usage: 0.00% - Memory Usage: 46.07MB (4.50%)
11:06:35,683 root INFO Name ping-pong-ivy - Time: 767.08s - CPU Usage: 0.00% - Memory Usage: 58.21MB (5.68%)
11:06:40,650 root INFO Name picoquic-shadow-ivy - Time: 772.14s - CPU Usage: 0.00% - Memory Usage: 71.00MB (6.93%)
11:06:42,661 root INFO Name panther-webapp - Time: 774.11s - CPU Usage: 0.00% - Memory Usage: 139.45MB (13.62%)
11:06:44,675 root INFO Name picoquic-ivy - Time: 776.05s - CPU Usage: 0.00% - Memory Usage: 46.08MB (4.50%)
11:06:46,700 root INFO Name ping-pong-ivy - Time: 778.10s - CPU Usage: 0.00% - Memory Usage: 58.21MB (5.68%)
11:06:51,666 root INFO Name picoquic-shadow-ivy - Time: 783.15s - CPU Usage: 0.00% - Memory Usage: 71.00MB (6.93%)
11:06:53,674 root INFO Name panther-webapp - Time: 785.12s - CPU Usage: 0.00% - Memory Usage: 139.45MB (13.62%)
11:06:55,690 root INFO Name picoquic-ivy - Time: 787.07s - CPU Usage: 0.00% - Memory Usage: 46.08MB (4.50%)
11:06:57,714 root INFO Name ping-pong-ivy - Time: 789.11s - CPU Usage: 0.00% - Memory Usage: 58.21MB (5.68%)
11:07:02,682 root INFO Name picoquic-shadow-ivy - Time: 794.17s - CPU Usage: 0.00% - Memory Usage: 71.00MB (6.93%)
11:07:04,689 root INFO Name panther-webapp - Time: 796.14s - CPU Usage: 0.00% - Memory Usage: 139.45MB (13.62%)
11:07:06,707 root INFO Name picoquic-ivy - Time: 798.09s - CPU Usage: 0.00% - Memory Usage: 46.08MB (4.50%)
11:07:08,732 root INFO Name ping-pong-ivy - Time: 800.13s - CPU Usage: 0.00% - Memory Usage: 58.21MB (5.68%)
11:07:13,698 root INFO Name picoquic-shadow-ivy - Time: 805.18s - CPU Usage: 0.00% - Memory Usage: 71.00MB (6.93%)
11:07:15,714 root INFO Name panther-webapp - Time: 807.16s - CPU Usage: 0.00% - Memory Usage: 139.45MB (13.62%)
11:07:17,727 root INFO Name picoquic-ivy - Time: 809.11s - CPU Usage: 0.00% - Memory Usage: 46.08MB (4.50%)
11:07:19,750 root INFO Name ping-pong-ivy - Time: 811.15s - CPU Usage: 0.00% - Memory Usage: 58.21MB (5.68%)
11:07:24,714 root INFO Name picoquic-shadow-ivy - Time: 816.20s - CPU Usage: 0.00% - Memory Usage: 71.00MB (6.93%)
11:07:26,730 root INFO Name panther-webapp - Time: 818.18s - CPU Usage: 0.00% - Memory Usage: 139.45MB (13.62%)
11:07:28,742 root INFO Name picoquic-ivy - Time: 820.12s - CPU Usage: 0.00% - Memory Usage: 46.08MB (4.50%)
11:07:30,800 root INFO Name ping-pong-ivy - Time: 822.20s - CPU Usage: 0.00% - Memory Usage: 58.21MB (5.68%)
11:07:35,731 root INFO Name picoquic-shadow-ivy - Time: 827.22s - CPU Usage: 0.00% - Memory Usage: 71.00MB (6.93%)
11:07:37,740 root INFO Name panther-webapp - Time: 829.19s - CPU Usage: 0.00% - Memory Usage: 139.45MB (13.62%)
11:07:39,758 root INFO Name picoquic-ivy - Time: 831.14s - CPU Usage: 0.00% - Memory Usage: 46.08MB (4.50%)
11:07:41,814 root INFO Name ping-pong-ivy - Time: 833.21s - CPU Usage: 0.00% - Memory Usage: 58.21MB (5.68%)
11:07:46,749 root INFO Name picoquic-shadow-ivy - Time: 838.23s - CPU Usage: 0.00% - Memory Usage: 71.08MB (6.94%)
11:07:48,754 root INFO Name panther-webapp - Time: 840.20s - CPU Usage: 0.00% - Memory Usage: 139.45MB (13.62%)
11:07:50,778 root INFO Name picoquic-ivy - Time: 842.16s - CPU Usage: 0.00% - Memory Usage: 57.88MB (5.65%)
11:07:52,836 root INFO Name ping-pong-ivy - Time: 844.23s - CPU Usage: 0.00% - Memory Usage: 58.20MB (5.68%)
11:07:57,762 root INFO Name picoquic-shadow-ivy - Time: 849.25s - CPU Usage: 0.00% - Memory Usage: 70.90MB (6.92%)
11:07:59,769 root INFO Name panther-webapp - Time: 851.22s - CPU Usage: 0.00% - Memory Usage: 139.42MB (13.62%)
11:08:01,795 root INFO Name picoquic-ivy - Time: 853.17s - CPU Usage: 0.00% - Memory Usage: 348.83MB (34.07%)
11:08:03,851 root INFO Name ping-pong-ivy - Time: 855.25s - CPU Usage: 0.00% - Memory Usage: 58.20MB (5.68%)
11:08:08,778 root INFO Name picoquic-shadow-ivy - Time: 860.26s - CPU Usage: 0.00% - Memory Usage: 70.90MB (6.92%)
11:08:10,786 root INFO Name panther-webapp - Time: 862.23s - CPU Usage: 0.00% - Memory Usage: 139.42MB (13.62%)
11:08:12,810 root INFO Name picoquic-ivy - Time: 864.19s - CPU Usage: 0.00% - Memory Usage: 612.44MB (59.81%)
11:08:14,867 root INFO Name ping-pong-ivy - Time: 866.27s - CPU Usage: 0.00% - Memory Usage: 58.20MB (5.68%)
11:08:19,796 root INFO Name picoquic-shadow-ivy - Time: 871.28s - CPU Usage: 0.00% - Memory Usage: 70.90MB (6.92%)
11:08:21,802 root INFO Name panther-webapp - Time: 873.25s - CPU Usage: 0.00% - Memory Usage: 139.42MB (13.62%)
11:08:23,826 root INFO Name picoquic-ivy - Time: 875.21s - CPU Usage: 0.00% - Memory Usage: 621.96MB (60.74%)
11:08:25,881 root INFO Name ping-pong-ivy - Time: 877.28s - CPU Usage: 0.00% - Memory Usage: 58.32MB (5.69%)
11:08:30,810 root INFO Name picoquic-shadow-ivy - Time: 882.29s - CPU Usage: 0.00% - Memory Usage: 70.90MB (6.92%)
11:08:32,817 root INFO Name panther-webapp - Time: 884.27s - CPU Usage: 0.00% - Memory Usage: 139.42MB (13.62%)
11:08:34,843 root INFO Name picoquic-ivy - Time: 886.22s - CPU Usage: 0.00% - Memory Usage: 996.41MB (97.31%)
11:08:36,904 root INFO Name ping-pong-ivy - Time: 888.30s - CPU Usage: 0.00% - Memory Usage: 58.20MB (5.68%)
11:08:41,825 root INFO Name picoquic-shadow-ivy - Time: 893.31s - CPU Usage: 0.00% - Memory Usage: 70.89MB (6.92%)
11:08:43,829 root INFO Name panther-webapp - Time: 895.28s - CPU Usage: 0.00% - Memory Usage: 138.57MB (13.53%)
11:08:45,858 root INFO Name picoquic-ivy - Time: 897.24s - CPU Usage: 0.00% - Memory Usage: 1023.99MB (100.00%)
11:08:47,917 root INFO Name ping-pong-ivy - Time: 899.32s - CPU Usage: 0.00% - Memory Usage: 58.20MB (5.68%)
11:08:52,837 root INFO Name picoquic-shadow-ivy - Time: 904.32s - CPU Usage: 0.00% - Memory Usage: 70.89MB (6.92%)
11:08:54,846 root INFO Name panther-webapp - Time: 906.29s - CPU Usage: 0.00% - Memory Usage: 138.57MB (13.53%)
11:08:56,877 root INFO Name picoquic-ivy - Time: 908.26s - CPU Usage: 0.00% - Memory Usage: 118.44MB (11.57%)
11:08:58,932 root INFO Name ping-pong-ivy - Time: 910.33s - CPU Usage: 0.00% - Memory Usage: 58.20MB (5.68%)
11:09:03,854 root INFO Name picoquic-shadow-ivy - Time: 915.34s - CPU Usage: 0.00% - Memory Usage: 70.89MB (6.92%)
11:09:05,862 root INFO Name panther-webapp - Time: 917.31s - CPU Usage: 0.00% - Memory Usage: 138.57MB (13.53%)
11:09:07,890 root INFO Name picoquic-ivy - Time: 919.27s - CPU Usage: 0.00% - Memory Usage: 147.66MB (14.42%)
11:09:09,951 root INFO Name ping-pong-ivy - Time: 921.35s - CPU Usage: 0.00% - Memory Usage: 58.21MB (5.68%)
11:09:14,871 root INFO Name picoquic-shadow-ivy - Time: 926.36s - CPU Usage: 0.00% - Memory Usage: 70.89MB (6.92%)
11:09:16,879 root INFO Name panther-webapp - Time: 928.33s - CPU Usage: 0.00% - Memory Usage: 138.57MB (13.53%)
11:09:18,906 root INFO Name picoquic-ivy - Time: 930.28s - CPU Usage: 0.00% - Memory Usage: 155.05MB (15.14%)
11:09:20,966 root INFO Name ping-pong-ivy - Time: 932.36s - CPU Usage: 0.00% - Memory Usage: 58.21MB (5.68%)
11:09:25,887 root INFO Name picoquic-shadow-ivy - Time: 937.37s - CPU Usage: 0.00% - Memory Usage: 70.89MB (6.92%)
11:09:27,895 root INFO Name panther-webapp - Time: 939.34s - CPU Usage: 0.00% - Memory Usage: 138.57MB (13.53%)
11:09:29,923 root INFO Name picoquic-ivy - Time: 941.30s - CPU Usage: 0.00% - Memory Usage: 505.52MB (49.37%)
11:09:31,983 root INFO Name ping-pong-ivy - Time: 943.38s - CPU Usage: 0.00% - Memory Usage: 58.21MB (5.68%)
11:09:36,902 root INFO Name picoquic-shadow-ivy - Time: 948.39s - CPU Usage: 0.00% - Memory Usage: 71.07MB (6.94%)
11:09:38,910 root INFO Name panther-webapp - Time: 950.36s - CPU Usage: 0.00% - Memory Usage: 138.57MB (13.53%)
11:09:40,938 root INFO Name picoquic-ivy - Time: 952.32s - CPU Usage: 0.00% - Memory Usage: 1023.98MB (100.00%)
11:09:42,999 root INFO Name ping-pong-ivy - Time: 954.40s - CPU Usage: 0.00% - Memory Usage: 58.21MB (5.68%)
11:09:47,917 root INFO Name picoquic-shadow-ivy - Time: 959.40s - CPU Usage: 0.00% - Memory Usage: 70.89MB (6.92%)
11:09:49,927 root INFO Name panther-webapp - Time: 961.38s - CPU Usage: 0.00% - Memory Usage: 138.26MB (13.50%)
11:09:51,956 root INFO Name picoquic-ivy - Time: 963.33s - CPU Usage: 0.00% - Memory Usage: 26.90MB (2.63%)
11:09:54,20 root INFO Name ping-pong-ivy - Time: 965.42s - CPU Usage: 0.00% - Memory Usage: 58.21MB (5.68%)
11:09:58,935 root INFO Name picoquic-shadow-ivy - Time: 970.42s - CPU Usage: 0.00% - Memory Usage: 71.01MB (6.93%)
11:10:00,943 root INFO Name panther-webapp - Time: 972.39s - CPU Usage: 0.00% - Memory Usage: 138.26MB (13.50%)
11:10:02,971 root INFO Name picoquic-ivy - Time: 974.35s - CPU Usage: 0.00% - Memory Usage: 26.91MB (2.63%)
11:10:05,33 root INFO Name ping-pong-ivy - Time: 976.43s - CPU Usage: 0.00% - Memory Usage: 58.21MB (5.68%)
11:10:09,946 root INFO Name picoquic-shadow-ivy - Time: 981.43s - CPU Usage: 0.00% - Memory Usage: 71.02MB (6.94%)
11:10:11,960 root INFO Name panther-webapp - Time: 983.41s - CPU Usage: 0.00% - Memory Usage: 138.26MB (13.50%)
11:10:13,985 root INFO Name picoquic-ivy - Time: 985.36s - CPU Usage: 0.00% - Memory Usage: 26.91MB (2.63%)
11:10:16,49 root INFO Name ping-pong-ivy - Time: 987.45s - CPU Usage: 0.00% - Memory Usage: 58.21MB (5.68%)
11:10:20,962 root INFO Name picoquic-shadow-ivy - Time: 992.45s - CPU Usage: 0.00% - Memory Usage: 71.14MB (6.95%)
11:10:22,978 root INFO Name panther-webapp - Time: 994.43s - CPU Usage: 0.00% - Memory Usage: 138.27MB (13.50%)
11:10:25,1 root INFO Name picoquic-ivy - Time: 996.38s - CPU Usage: 0.00% - Memory Usage: 26.91MB (2.63%)
11:10:27,70 root INFO Name ping-pong-ivy - Time: 998.47s - CPU Usage: 0.00% - Memory Usage: 58.21MB (5.68%)
11:10:31,980 root INFO Name picoquic-shadow-ivy - Time: 1003.46s - CPU Usage: 0.00% - Memory Usage: 71.02MB (6.94%)
11:10:33,994 root INFO Name panther-webapp - Time: 1005.44s - CPU Usage: 0.00% - Memory Usage: 138.27MB (13.50%)
11:10:36,14 root INFO Name picoquic-ivy - Time: 1007.39s - CPU Usage: 0.00% - Memory Usage: 26.91MB (2.63%)
11:10:38,86 root INFO Name ping-pong-ivy - Time: 1009.49s - CPU Usage: 0.00% - Memory Usage: 58.43MB (5.71%)
11:10:42,994 root INFO Name picoquic-shadow-ivy - Time: 1014.48s - CPU Usage: 0.00% - Memory Usage: 71.02MB (6.94%)
11:10:45,9 root INFO Name panther-webapp - Time: 1016.46s - CPU Usage: 0.00% - Memory Usage: 138.27MB (13.50%)
11:10:47,29 root INFO Name picoquic-ivy - Time: 1018.41s - CPU Usage: 0.00% - Memory Usage: 26.91MB (2.63%)
11:10:49,101 root INFO Name ping-pong-ivy - Time: 1020.50s - CPU Usage: 0.00% - Memory Usage: 58.43MB (5.71%)
11:10:54,3 root INFO Name picoquic-shadow-ivy - Time: 1025.49s - CPU Usage: 0.00% - Memory Usage: 71.02MB (6.94%)
11:10:56,26 root INFO Name panther-webapp - Time: 1027.47s - CPU Usage: 0.00% - Memory Usage: 138.27MB (13.50%)
11:10:58,45 root INFO Name picoquic-ivy - Time: 1029.42s - CPU Usage: 0.00% - Memory Usage: 26.91MB (2.63%)
11:11:00,117 root INFO Name ping-pong-ivy - Time: 1031.52s - CPU Usage: 0.00% - Memory Usage: 58.43MB (5.71%)
11:11:05,21 root INFO Name picoquic-shadow-ivy - Time: 1036.51s - CPU Usage: 0.00% - Memory Usage: 71.02MB (6.94%)
11:11:07,48 root INFO Name panther-webapp - Time: 1038.50s - CPU Usage: 0.00% - Memory Usage: 138.27MB (13.50%)
11:11:09,61 root INFO Name picoquic-ivy - Time: 1040.44s - CPU Usage: 0.00% - Memory Usage: 26.91MB (2.63%)
11:11:11,133 root INFO Name ping-pong-ivy - Time: 1042.53s - CPU Usage: 0.00% - Memory Usage: 58.43MB (5.71%)
11:11:16,38 root INFO Name picoquic-shadow-ivy - Time: 1047.52s - CPU Usage: 0.00% - Memory Usage: 71.01MB (6.93%)
11:11:18,62 root INFO Name panther-webapp - Time: 1049.51s - CPU Usage: 0.00% - Memory Usage: 138.27MB (13.50%)
11:11:20,385 root INFO Name picoquic-ivy - Time: 1051.76s - CPU Usage: 0.00% - Memory Usage: 57.87MB (5.65%)
11:11:22,390 root INFO Name ping-pong-ivy - Time: 1053.79s - CPU Usage: 0.00% - Memory Usage: 58.61MB (5.72%)
11:11:27,54 root INFO Name picoquic-shadow-ivy - Time: 1058.54s - CPU Usage: 0.00% - Memory Usage: 71.46MB (6.98%)
11:11:29,81 root INFO Name panther-webapp - Time: 1060.53s - CPU Usage: 0.00% - Memory Usage: 138.27MB (13.50%)
11:11:31,398 root INFO Name picoquic-ivy - Time: 1062.78s - CPU Usage: 0.00% - Memory Usage: 57.88MB (5.65%)
11:11:33,406 root INFO Name ping-pong-ivy - Time: 1064.80s - CPU Usage: 0.00% - Memory Usage: 58.77MB (5.74%)
11:11:38,72 root INFO Name picoquic-shadow-ivy - Time: 1069.56s - CPU Usage: 0.00% - Memory Usage: 71.46MB (6.98%)
11:11:40,103 root INFO Name panther-webapp - Time: 1071.55s - CPU Usage: 0.00% - Memory Usage: 138.27MB (13.50%)
11:11:42,417 root INFO Name picoquic-ivy - Time: 1073.80s - CPU Usage: 0.00% - Memory Usage: 57.90MB (5.65%)
11:11:44,423 root INFO Name ping-pong-ivy - Time: 1075.82s - CPU Usage: 0.00% - Memory Usage: 58.59MB (5.72%)
11:11:49,91 root INFO Name picoquic-shadow-ivy - Time: 1080.58s - CPU Usage: 0.00% - Memory Usage: 71.46MB (6.98%)
11:11:51,119 root INFO Name panther-webapp - Time: 1082.57s - CPU Usage: 0.00% - Memory Usage: 138.27MB (13.50%)
11:11:53,431 root INFO Name picoquic-ivy - Time: 1084.81s - CPU Usage: 0.00% - Memory Usage: 57.89MB (5.65%)
11:11:55,439 root INFO Name ping-pong-ivy - Time: 1086.84s - CPU Usage: 0.00% - Memory Usage: 58.61MB (5.72%)
11:12:00,108 root INFO Name picoquic-shadow-ivy - Time: 1091.59s - CPU Usage: 0.00% - Memory Usage: 71.47MB (6.98%)
11:12:02,134 root INFO Name panther-webapp - Time: 1093.58s - CPU Usage: 0.00% - Memory Usage: 138.27MB (13.50%)
11:12:04,446 root INFO Name picoquic-ivy - Time: 1095.82s - CPU Usage: 0.00% - Memory Usage: 57.87MB (5.65%)
11:12:06,454 root INFO Name ping-pong-ivy - Time: 1097.85s - CPU Usage: 0.00% - Memory Usage: 58.63MB (5.73%)
11:12:11,122 root INFO Name picoquic-shadow-ivy - Time: 1102.61s - CPU Usage: 0.00% - Memory Usage: 71.47MB (6.98%)
11:12:13,151 root INFO Name panther-webapp - Time: 1104.60s - CPU Usage: 0.00% - Memory Usage: 138.27MB (13.50%)
11:12:15,463 root INFO Name picoquic-ivy - Time: 1106.84s - CPU Usage: 0.00% - Memory Usage: 57.87MB (5.65%)
11:12:17,470 root INFO Name ping-pong-ivy - Time: 1108.87s - CPU Usage: 0.00% - Memory Usage: 58.63MB (5.73%)
11:12:22,141 root INFO Name picoquic-shadow-ivy - Time: 1113.63s - CPU Usage: 0.00% - Memory Usage: 71.47MB (6.98%)
11:12:24,165 root INFO Name panther-webapp - Time: 1115.61s - CPU Usage: 0.00% - Memory Usage: 138.27MB (13.50%)
11:12:26,478 root INFO Name picoquic-ivy - Time: 1117.86s - CPU Usage: 0.00% - Memory Usage: 57.87MB (5.65%)
11:12:28,485 root INFO Name ping-pong-ivy - Time: 1119.88s - CPU Usage: 0.00% - Memory Usage: 58.63MB (5.73%)
11:12:33,153 root INFO Name picoquic-shadow-ivy - Time: 1124.64s - CPU Usage: 0.00% - Memory Usage: 71.46MB (6.98%)
11:12:35,180 root INFO Name panther-webapp - Time: 1126.63s - CPU Usage: 0.00% - Memory Usage: 138.27MB (13.50%)
11:12:37,493 root INFO Name picoquic-ivy - Time: 1128.87s - CPU Usage: 0.00% - Memory Usage: 57.87MB (5.65%)
11:12:39,497 root INFO Name ping-pong-ivy - Time: 1130.90s - CPU Usage: 0.00% - Memory Usage: 58.63MB (5.73%)
11:12:44,170 root INFO Name picoquic-shadow-ivy - Time: 1135.65s - CPU Usage: 0.00% - Memory Usage: 71.71MB (7.00%)
11:12:46,196 root INFO Name panther-webapp - Time: 1137.64s - CPU Usage: 0.00% - Memory Usage: 138.27MB (13.50%)
11:12:48,781 root INFO Name picoquic-ivy - Time: 1140.16s - CPU Usage: -0.00% - Memory Usage: 2.41MB (0.23%)
11:12:51,456 root INFO Name ping-pong-ivy - Time: 1142.85s - CPU Usage: 0.00% - Memory Usage: 0.00MB (0.00%)
11:12:54,182 root INFO Name picoquic-shadow-ivy - Time: 1145.67s - CPU Usage: 0.00% - Memory Usage: 0.00MB (0.00%)
11:12:57,214 root INFO Name panther-webapp - Time: 1148.66s - CPU Usage: 0.00% - Memory Usage: 138.27MB (13.50%)
11:12:58,804 root INFO Name picoquic-ivy - Time: 1150.18s - CPU Usage: 0.00% - Memory Usage: 0.00MB (0.00%)
11:13:01,465 root INFO Name ping-pong-ivy - Time: 1152.86s - CPU Usage: 0.00% - Memory Usage: 0.00MB (0.00%)
11:13:04,193 root INFO Name picoquic-shadow-ivy - Time: 1155.68s - CPU Usage: 0.00% - Memory Usage: 0.00MB (0.00%)
11:13:08,230 root INFO Name panther-webapp - Time: 1159.68s - CPU Usage: 0.00% - Memory Usage: 138.27MB (13.50%)
11:13:08,815 root INFO Name picoquic-ivy - Time: 1160.19s - CPU Usage: 0.00% - Memory Usage: 0.00MB (0.00%)
11:13:11,477 root INFO Name ping-pong-ivy - Time: 1162.88s - CPU Usage: 0.00% - Memory Usage: 0.00MB (0.00%)
11:13:14,203 root INFO Name picoquic-shadow-ivy - Time: 1165.69s - CPU Usage: 0.00% - Memory Usage: 0.00MB (0.00%)
11:13:19,269 root INFO Name panther-webapp - Time: 1170.72s - CPU Usage: 0.00% - Memory Usage: 138.27MB (13.50%)
11:13:20,274 root INFO Name picoquic-ivy - Time: 1171.65s - CPU Usage: 0.00% - Memory Usage: 57.90MB (5.65%)
11:13:22,494 root INFO Name ping-pong-ivy - Time: 1173.89s - CPU Usage: 0.00% - Memory Usage: 57.82MB (5.65%)
11:13:25,221 root INFO Name picoquic-shadow-ivy - Time: 1176.71s - CPU Usage: 0.00% - Memory Usage: 57.85MB (5.65%)
11:13:30,282 root INFO Name panther-webapp - Time: 1181.73s - CPU Usage: 0.00% - Memory Usage: 138.27MB (13.50%)
11:13:32,290 root INFO Name picoquic-ivy - Time: 1183.67s - CPU Usage: 0.00% - Memory Usage: 57.95MB (5.66%)
11:13:34,300 root INFO Name ping-pong-ivy - Time: 1185.70s - CPU Usage: 0.00% - Memory Usage: 57.83MB (5.65%)
11:13:36,306 root INFO Name picoquic-shadow-ivy - Time: 1187.79s - CPU Usage: 0.00% - Memory Usage: 57.84MB (5.65%)
11:13:41,300 root INFO Name panther-webapp - Time: 1192.75s - CPU Usage: 0.00% - Memory Usage: 138.27MB (13.50%)
11:13:43,306 root INFO Name picoquic-ivy - Time: 1194.68s - CPU Usage: 0.00% - Memory Usage: 57.95MB (5.66%)
11:13:45,314 root INFO Name ping-pong-ivy - Time: 1196.71s - CPU Usage: 0.00% - Memory Usage: 57.82MB (5.65%)
11:13:47,321 root INFO Name picoquic-shadow-ivy - Time: 1198.81s - CPU Usage: 0.00% - Memory Usage: 57.84MB (5.65%)
11:13:52,315 root INFO Name panther-webapp - Time: 1203.76s - CPU Usage: 0.00% - Memory Usage: 138.27MB (13.50%)
11:13:54,322 root INFO Name picoquic-ivy - Time: 1205.70s - CPU Usage: 0.00% - Memory Usage: 57.89MB (5.65%)
11:13:56,331 root INFO Name ping-pong-ivy - Time: 1207.73s - CPU Usage: 0.00% - Memory Usage: 57.83MB (5.65%)
11:13:58,337 root INFO Name picoquic-shadow-ivy - Time: 1209.82s - CPU Usage: 0.00% - Memory Usage: 57.89MB (5.65%)
11:14:03,329 root INFO Name panther-webapp - Time: 1214.78s - CPU Usage: 0.00% - Memory Usage: 138.27MB (13.50%)
11:14:05,339 root INFO Name picoquic-ivy - Time: 1216.72s - CPU Usage: 0.00% - Memory Usage: 57.89MB (5.65%)
11:14:07,349 root INFO Name ping-pong-ivy - Time: 1218.75s - CPU Usage: 0.00% - Memory Usage: 57.84MB (5.65%)
11:14:09,358 root INFO Name picoquic-shadow-ivy - Time: 1220.84s - CPU Usage: 0.00% - Memory Usage: 57.89MB (5.65%)
11:14:14,348 root INFO Name panther-webapp - Time: 1225.80s - CPU Usage: 0.00% - Memory Usage: 138.27MB (13.50%)
11:14:16,354 root INFO Name picoquic-ivy - Time: 1227.73s - CPU Usage: 0.00% - Memory Usage: 58.02MB (5.67%)
11:14:18,362 root INFO Name ping-pong-ivy - Time: 1229.76s - CPU Usage: 0.00% - Memory Usage: 57.84MB (5.65%)
11:14:20,373 root INFO Name picoquic-shadow-ivy - Time: 1231.86s - CPU Usage: 0.00% - Memory Usage: 57.89MB (5.65%)
11:14:25,361 root INFO Name panther-webapp - Time: 1236.81s - CPU Usage: 0.00% - Memory Usage: 138.27MB (13.50%)
11:14:27,370 root INFO Name picoquic-ivy - Time: 1238.75s - CPU Usage: 0.00% - Memory Usage: 57.89MB (5.65%)
11:14:29,378 root INFO Name ping-pong-ivy - Time: 1240.78s - CPU Usage: 0.00% - Memory Usage: 57.83MB (5.65%)
11:14:31,389 root INFO Name picoquic-shadow-ivy - Time: 1242.87s - CPU Usage: 0.00% - Memory Usage: 57.89MB (5.65%)
11:14:36,397 root INFO Name panther-webapp - Time: 1247.85s - CPU Usage: 0.00% - Memory Usage: 138.27MB (13.50%)
11:14:37,647 root INFO Name picoquic-ivy - Time: 1249.03s - CPU Usage: 0.00% - Memory Usage: 0.00MB (0.00%)
11:14:40,394 root INFO Name ping-pong-ivy - Time: 1251.79s - CPU Usage: 0.00% - Memory Usage: 0.00MB (0.00%)
11:14:42,434 root INFO Name picoquic-shadow-ivy - Time: 1253.92s - CPU Usage: 0.00% - Memory Usage: 0.00MB (0.00%)
11:14:47,414 root INFO Name panther-webapp - Time: 1258.86s - CPU Usage: 0.00% - Memory Usage: 138.27MB (13.50%)
11:14:49,422 root INFO Name picoquic-ivy - Time: 1260.80s - CPU Usage: 0.00% - Memory Usage: 57.82MB (5.65%)
11:14:51,427 root INFO Name ping-pong-ivy - Time: 1262.83s - CPU Usage: 0.00% - Memory Usage: 57.82MB (5.65%)
11:14:53,451 root INFO Name picoquic-shadow-ivy - Time: 1264.94s - CPU Usage: 0.00% - Memory Usage: 57.87MB (5.65%)
11:14:58,431 root INFO Name panther-webapp - Time: 1269.88s - CPU Usage: 0.00% - Memory Usage: 138.27MB (13.50%)
11:15:00,438 root INFO Name picoquic-ivy - Time: 1271.82s - CPU Usage: 0.00% - Memory Usage: 57.85MB (5.65%)
11:15:02,445 root INFO Name ping-pong-ivy - Time: 1273.84s - CPU Usage: 0.00% - Memory Usage: 57.82MB (5.65%)
11:15:04,465 root INFO Name picoquic-shadow-ivy - Time: 1275.95s - CPU Usage: 0.00% - Memory Usage: 57.87MB (5.65%)
11:15:09,447 root INFO Name panther-webapp - Time: 1280.90s - CPU Usage: 0.00% - Memory Usage: 138.28MB (13.50%)
11:15:11,454 root INFO Name picoquic-ivy - Time: 1282.83s - CPU Usage: 0.00% - Memory Usage: 57.86MB (5.65%)
11:15:13,462 root INFO Name ping-pong-ivy - Time: 1284.86s - CPU Usage: 0.00% - Memory Usage: 57.82MB (5.65%)
11:15:15,478 root INFO Name picoquic-shadow-ivy - Time: 1286.96s - CPU Usage: 0.00% - Memory Usage: 57.87MB (5.65%)
11:15:20,462 root INFO Name panther-webapp - Time: 1291.91s - CPU Usage: 0.00% - Memory Usage: 138.27MB (13.50%)
11:15:22,473 root INFO Name picoquic-ivy - Time: 1293.85s - CPU Usage: 0.00% - Memory Usage: 57.86MB (5.65%)
11:15:24,483 root INFO Name ping-pong-ivy - Time: 1295.88s - CPU Usage: 0.00% - Memory Usage: 57.83MB (5.65%)
11:15:26,497 root INFO Name picoquic-shadow-ivy - Time: 1297.98s - CPU Usage: 0.00% - Memory Usage: 57.87MB (5.65%)
11:15:31,478 root INFO Name panther-webapp - Time: 1302.93s - CPU Usage: 0.00% - Memory Usage: 138.27MB (13.50%)
11:15:33,485 root INFO Name picoquic-ivy - Time: 1304.86s - CPU Usage: 0.00% - Memory Usage: 57.86MB (5.65%)
11:15:35,497 root INFO Name ping-pong-ivy - Time: 1306.90s - CPU Usage: 0.00% - Memory Usage: 57.82MB (5.65%)
11:15:37,513 root INFO Name picoquic-shadow-ivy - Time: 1309.00s - CPU Usage: 0.00% - Memory Usage: 57.87MB (5.65%)
11:15:42,493 root INFO Name panther-webapp - Time: 1313.94s - CPU Usage: 0.00% - Memory Usage: 138.27MB (13.50%)
11:15:44,503 root INFO Name picoquic-ivy - Time: 1315.88s - CPU Usage: 0.00% - Memory Usage: 57.86MB (5.65%)
11:15:46,513 root INFO Name ping-pong-ivy - Time: 1317.91s - CPU Usage: 0.00% - Memory Usage: 57.83MB (5.65%)
11:15:48,530 root INFO Name picoquic-shadow-ivy - Time: 1320.02s - CPU Usage: 0.00% - Memory Usage: 57.87MB (5.65%)
11:15:53,507 root INFO Name panther-webapp - Time: 1324.96s - CPU Usage: 0.00% - Memory Usage: 138.27MB (13.50%)
11:15:55,522 root INFO Name picoquic-ivy - Time: 1326.90s - CPU Usage: 0.00% - Memory Usage: 57.86MB (5.65%)
11:15:57,533 root INFO Name ping-pong-ivy - Time: 1328.93s - CPU Usage: 0.00% - Memory Usage: 57.83MB (5.65%)
11:15:59,551 root INFO Name picoquic-shadow-ivy - Time: 1331.04s - CPU Usage: 0.00% - Memory Usage: 57.87MB (5.65%)
11:16:04,523 root INFO Name panther-webapp - Time: 1335.97s - CPU Usage: 0.00% - Memory Usage: 138.27MB (13.50%)
11:16:06,538 root INFO Name picoquic-ivy - Time: 1337.92s - CPU Usage: 0.00% - Memory Usage: 57.86MB (5.65%)
11:16:08,549 root INFO Name ping-pong-ivy - Time: 1339.95s - CPU Usage: 0.00% - Memory Usage: 57.83MB (5.65%)
11:16:10,567 root INFO Name picoquic-shadow-ivy - Time: 1342.05s - CPU Usage: 0.00% - Memory Usage: 57.87MB (5.65%)
11:16:15,541 root INFO Name panther-webapp - Time: 1346.99s - CPU Usage: 0.00% - Memory Usage: 138.27MB (13.50%)
11:16:17,555 root INFO Name picoquic-ivy - Time: 1348.93s - CPU Usage: 0.00% - Memory Usage: 58.05MB (5.67%)
11:16:19,562 root INFO Name ping-pong-ivy - Time: 1350.96s - CPU Usage: 0.00% - Memory Usage: 57.83MB (5.65%)
11:16:21,582 root INFO Name picoquic-shadow-ivy - Time: 1353.07s - CPU Usage: 0.00% - Memory Usage: 57.87MB (5.65%)
11:16:26,558 root INFO Name panther-webapp - Time: 1358.01s - CPU Usage: 0.00% - Memory Usage: 138.27MB (13.50%)
11:16:28,569 root INFO Name picoquic-ivy - Time: 1359.95s - CPU Usage: 0.00% - Memory Usage: 57.84MB (5.65%)
11:16:30,578 root INFO Name ping-pong-ivy - Time: 1361.98s - CPU Usage: 0.00% - Memory Usage: 57.84MB (5.65%)
11:16:32,602 root INFO Name picoquic-shadow-ivy - Time: 1364.09s - CPU Usage: 0.00% - Memory Usage: 57.86MB (5.65%)
11:16:37,574 root INFO Name panther-webapp - Time: 1369.02s - CPU Usage: 0.00% - Memory Usage: 138.27MB (13.50%)
11:16:39,581 root INFO Name picoquic-ivy - Time: 1370.96s - CPU Usage: 0.00% - Memory Usage: 58.09MB (5.67%)
11:16:41,593 root INFO Name ping-pong-ivy - Time: 1372.99s - CPU Usage: 0.00% - Memory Usage: 57.84MB (5.65%)
11:16:43,619 root INFO Name picoquic-shadow-ivy - Time: 1375.10s - CPU Usage: 0.00% - Memory Usage: 57.86MB (5.65%)
11:16:48,589 root INFO Name panther-webapp - Time: 1380.04s - CPU Usage: 0.00% - Memory Usage: 138.27MB (13.50%)
11:16:50,598 root INFO Name picoquic-ivy - Time: 1381.98s - CPU Usage: 0.00% - Memory Usage: 57.84MB (5.65%)
11:16:52,609 root INFO Name ping-pong-ivy - Time: 1384.01s - CPU Usage: 0.00% - Memory Usage: 57.84MB (5.65%)
11:16:54,635 root INFO Name picoquic-shadow-ivy - Time: 1386.12s - CPU Usage: 0.00% - Memory Usage: 57.86MB (5.65%)
11:16:59,607 root INFO Name panther-webapp - Time: 1391.06s - CPU Usage: 0.00% - Memory Usage: 138.27MB (13.50%)
11:17:01,616 root INFO Name picoquic-ivy - Time: 1392.99s - CPU Usage: 0.00% - Memory Usage: 57.84MB (5.65%)
11:17:03,627 root INFO Name ping-pong-ivy - Time: 1395.03s - CPU Usage: 0.00% - Memory Usage: 57.84MB (5.65%)
11:17:05,649 root INFO Name picoquic-shadow-ivy - Time: 1397.13s - CPU Usage: 0.00% - Memory Usage: 57.86MB (5.65%)
11:17:10,625 root INFO Name panther-webapp - Time: 1402.07s - CPU Usage: 0.00% - Memory Usage: 138.27MB (13.50%)
11:17:12,629 root INFO Name picoquic-ivy - Time: 1404.01s - CPU Usage: 0.00% - Memory Usage: 57.96MB (5.66%)
11:17:14,643 root INFO Name ping-pong-ivy - Time: 1406.04s - CPU Usage: 0.00% - Memory Usage: 57.84MB (5.65%)
11:17:16,661 root INFO Name picoquic-shadow-ivy - Time: 1408.15s - CPU Usage: 0.00% - Memory Usage: 57.86MB (5.65%)
11:17:21,638 root INFO Name panther-webapp - Time: 1413.09s - CPU Usage: 0.00% - Memory Usage: 138.27MB (13.50%)
11:17:23,647 root INFO Name picoquic-ivy - Time: 1415.03s - CPU Usage: 0.00% - Memory Usage: 57.84MB (5.65%)
11:17:25,657 root INFO Name ping-pong-ivy - Time: 1417.06s - CPU Usage: 0.00% - Memory Usage: 57.85MB (5.65%)
11:17:27,677 root INFO Name picoquic-shadow-ivy - Time: 1419.16s - CPU Usage: 0.00% - Memory Usage: 57.86MB (5.65%)
11:17:32,644 root INFO Name panther-webapp - Time: 1424.09s - CPU Usage: 0.00% - Memory Usage: 138.27MB (13.50%)
11:17:34,661 root INFO Name picoquic-ivy - Time: 1426.04s - CPU Usage: 0.00% - Memory Usage: 57.84MB (5.65%)
11:17:36,673 root INFO Name ping-pong-ivy - Time: 1428.07s - CPU Usage: 0.00% - Memory Usage: 57.84MB (5.65%)
11:17:38,695 root INFO Name picoquic-shadow-ivy - Time: 1430.18s - CPU Usage: 0.00% - Memory Usage: 57.86MB (5.65%)
11:17:43,660 root INFO Name panther-webapp - Time: 1435.11s - CPU Usage: 0.00% - Memory Usage: 138.27MB (13.50%)
11:17:45,676 root INFO Name picoquic-ivy - Time: 1437.05s - CPU Usage: 0.00% - Memory Usage: 57.84MB (5.65%)
11:17:47,690 root INFO Name ping-pong-ivy - Time: 1439.09s - CPU Usage: 0.00% - Memory Usage: 57.96MB (5.66%)
11:17:49,709 root INFO Name picoquic-shadow-ivy - Time: 1441.19s - CPU Usage: 0.00% - Memory Usage: 57.86MB (5.65%)
11:17:54,673 root INFO Name panther-webapp - Time: 1446.12s - CPU Usage: 0.00% - Memory Usage: 138.27MB (13.50%)
11:17:56,689 root INFO Name picoquic-ivy - Time: 1448.07s - CPU Usage: 0.00% - Memory Usage: 57.84MB (5.65%)
11:17:58,705 root INFO Name ping-pong-ivy - Time: 1450.10s - CPU Usage: 0.00% - Memory Usage: 57.84MB (5.65%)
11:18:00,726 root INFO Name picoquic-shadow-ivy - Time: 1452.21s - CPU Usage: 0.00% - Memory Usage: 57.87MB (5.65%)
11:18:05,691 root INFO Name panther-webapp - Time: 1457.14s - CPU Usage: 0.00% - Memory Usage: 138.28MB (13.50%)
11:18:07,702 root INFO Name picoquic-ivy - Time: 1459.08s - CPU Usage: 0.00% - Memory Usage: 57.84MB (5.65%)
11:18:09,721 root INFO Name ping-pong-ivy - Time: 1461.12s - CPU Usage: 0.00% - Memory Usage: 57.84MB (5.65%)
11:18:11,742 root INFO Name picoquic-shadow-ivy - Time: 1463.23s - CPU Usage: 0.00% - Memory Usage: 57.86MB (5.65%)
11:18:16,702 root INFO Name panther-webapp - Time: 1468.15s - CPU Usage: 0.00% - Memory Usage: 138.28MB (13.50%)
11:18:18,721 root INFO Name picoquic-ivy - Time: 1470.10s - CPU Usage: 0.00% - Memory Usage: 57.84MB (5.65%)
11:18:20,736 root INFO Name ping-pong-ivy - Time: 1472.13s - CPU Usage: 0.00% - Memory Usage: 57.84MB (5.65%)
11:18:22,758 root INFO Name picoquic-shadow-ivy - Time: 1474.24s - CPU Usage: 0.00% - Memory Usage: 57.86MB (5.65%)
11:18:27,718 root INFO Name panther-webapp - Time: 1479.17s - CPU Usage: 0.00% - Memory Usage: 138.28MB (13.50%)
11:18:29,737 root INFO Name picoquic-ivy - Time: 1481.12s - CPU Usage: 0.00% - Memory Usage: 57.84MB (5.65%)
11:18:31,752 root INFO Name ping-pong-ivy - Time: 1483.15s - CPU Usage: 0.00% - Memory Usage: 57.84MB (5.65%)
11:18:33,775 root INFO Name picoquic-shadow-ivy - Time: 1485.26s - CPU Usage: 0.00% - Memory Usage: 57.86MB (5.65%)
11:18:38,733 root INFO Name panther-webapp - Time: 1490.18s - CPU Usage: 0.00% - Memory Usage: 138.28MB (13.50%)
11:18:40,754 root INFO Name picoquic-ivy - Time: 1492.13s - CPU Usage: 0.00% - Memory Usage: 57.84MB (5.65%)
11:18:42,767 root INFO Name ping-pong-ivy - Time: 1494.17s - CPU Usage: 0.00% - Memory Usage: 57.84MB (5.65%)
11:18:44,791 root INFO Name picoquic-shadow-ivy - Time: 1496.28s - CPU Usage: 0.00% - Memory Usage: 57.86MB (5.65%)
11:18:49,749 root INFO Name panther-webapp - Time: 1501.20s - CPU Usage: 0.00% - Memory Usage: 138.28MB (13.50%)
11:18:52,32 root INFO Name picoquic-ivy - Time: 1503.41s - CPU Usage: 0.00% - Memory Usage: 57.96MB (5.66%)
11:18:54,38 root INFO Name ping-pong-ivy - Time: 1505.44s - CPU Usage: 0.00% - Memory Usage: 57.84MB (5.65%)
11:18:56,44 root INFO Name picoquic-shadow-ivy - Time: 1507.53s - CPU Usage: 0.00% - Memory Usage: 57.86MB (5.65%)
11:19:00,768 root INFO Name panther-webapp - Time: 1512.22s - CPU Usage: 0.00% - Memory Usage: 138.28MB (13.50%)
11:19:03,48 root INFO Name picoquic-ivy - Time: 1514.43s - CPU Usage: 0.00% - Memory Usage: 57.84MB (5.65%)
11:19:05,53 root INFO Name ping-pong-ivy - Time: 1516.45s - CPU Usage: 0.00% - Memory Usage: 57.84MB (5.65%)
11:19:07,59 root INFO Name picoquic-shadow-ivy - Time: 1518.54s - CPU Usage: 0.00% - Memory Usage: 57.86MB (5.65%)
11:19:11,784 root INFO Name panther-webapp - Time: 1523.23s - CPU Usage: 0.00% - Memory Usage: 138.28MB (13.50%)
11:19:14,62 root INFO Name picoquic-ivy - Time: 1525.44s - CPU Usage: 0.00% - Memory Usage: 57.84MB (5.65%)
11:19:16,70 root INFO Name ping-pong-ivy - Time: 1527.47s - CPU Usage: 0.00% - Memory Usage: 57.84MB (5.65%)
11:19:18,75 root INFO Name picoquic-shadow-ivy - Time: 1529.56s - CPU Usage: 0.00% - Memory Usage: 57.86MB (5.65%)
11:19:22,798 root INFO Name panther-webapp - Time: 1534.25s - CPU Usage: 0.00% - Memory Usage: 138.28MB (13.50%)
11:19:25,79 root INFO Name picoquic-ivy - Time: 1536.46s - CPU Usage: 0.00% - Memory Usage: 57.84MB (5.65%)
11:19:27,86 root INFO Name ping-pong-ivy - Time: 1538.48s - CPU Usage: 0.00% - Memory Usage: 57.84MB (5.65%)
11:19:29,90 root INFO Name picoquic-shadow-ivy - Time: 1540.58s - CPU Usage: 0.00% - Memory Usage: 57.86MB (5.65%)
11:19:33,815 root INFO Name panther-webapp - Time: 1545.26s - CPU Usage: 0.00% - Memory Usage: 138.28MB (13.50%)
11:19:36,93 root INFO Name picoquic-ivy - Time: 1547.47s - CPU Usage: 0.00% - Memory Usage: 57.86MB (5.65%)
11:19:38,102 root INFO Name ping-pong-ivy - Time: 1549.50s - CPU Usage: 0.00% - Memory Usage: 57.82MB (5.65%)
11:19:40,106 root INFO Name picoquic-shadow-ivy - Time: 1551.59s - CPU Usage: 0.00% - Memory Usage: 57.87MB (5.65%)
11:19:44,829 root INFO Name panther-webapp - Time: 1556.28s - CPU Usage: 0.00% - Memory Usage: 138.28MB (13.50%)
11:19:47,111 root INFO Name picoquic-ivy - Time: 1558.49s - CPU Usage: 0.00% - Memory Usage: 57.86MB (5.65%)
11:19:49,118 root INFO Name ping-pong-ivy - Time: 1560.52s - CPU Usage: 0.00% - Memory Usage: 57.82MB (5.65%)
11:19:51,122 root INFO Name picoquic-shadow-ivy - Time: 1562.61s - CPU Usage: 0.00% - Memory Usage: 57.87MB (5.65%)
11:19:55,846 root INFO Name panther-webapp - Time: 1567.29s - CPU Usage: 0.00% - Memory Usage: 138.28MB (13.50%)
11:19:58,125 root INFO Name picoquic-ivy - Time: 1569.50s - CPU Usage: 0.00% - Memory Usage: 57.86MB (5.65%)
11:20:00,135 root INFO Name ping-pong-ivy - Time: 1571.53s - CPU Usage: 0.00% - Memory Usage: 57.82MB (5.65%)
11:20:02,139 root INFO Name picoquic-shadow-ivy - Time: 1573.62s - CPU Usage: 0.00% - Memory Usage: 57.87MB (5.65%)
11:20:06,863 root INFO Name panther-webapp - Time: 1578.31s - CPU Usage: 0.00% - Memory Usage: 138.28MB (13.50%)
11:20:09,142 root INFO Name picoquic-ivy - Time: 1580.52s - CPU Usage: 0.00% - Memory Usage: 57.86MB (5.65%)
11:20:11,152 root INFO Name ping-pong-ivy - Time: 1582.55s - CPU Usage: 0.00% - Memory Usage: 57.82MB (5.65%)
11:20:13,158 root INFO Name picoquic-shadow-ivy - Time: 1584.64s - CPU Usage: 0.00% - Memory Usage: 57.87MB (5.65%)
11:20:17,881 root INFO Name panther-webapp - Time: 1589.33s - CPU Usage: 0.00% - Memory Usage: 138.28MB (13.50%)
11:20:20,158 root INFO Name picoquic-ivy - Time: 1591.54s - CPU Usage: 0.00% - Memory Usage: 57.86MB (5.65%)
11:20:22,166 root INFO Name ping-pong-ivy - Time: 1593.56s - CPU Usage: 0.00% - Memory Usage: 57.82MB (5.65%)
11:20:24,175 root INFO Name picoquic-shadow-ivy - Time: 1595.66s - CPU Usage: 0.00% - Memory Usage: 57.87MB (5.65%)
11:20:28,901 root INFO Name panther-webapp - Time: 1600.35s - CPU Usage: 0.00% - Memory Usage: 138.28MB (13.50%)
11:20:31,173 root INFO Name picoquic-ivy - Time: 1602.55s - CPU Usage: 0.00% - Memory Usage: 57.85MB (5.65%)
11:20:33,182 root INFO Name ping-pong-ivy - Time: 1604.58s - CPU Usage: 0.00% - Memory Usage: 58.18MB (5.68%)
11:20:35,191 root INFO Name picoquic-shadow-ivy - Time: 1606.68s - CPU Usage: 0.00% - Memory Usage: 57.88MB (5.65%)
11:20:39,917 root INFO Name panther-webapp - Time: 1611.37s - CPU Usage: 0.00% - Memory Usage: 138.28MB (13.50%)
11:20:42,187 root INFO Name picoquic-ivy - Time: 1613.57s - CPU Usage: 0.00% - Memory Usage: 57.85MB (5.65%)
11:20:44,198 root INFO Name ping-pong-ivy - Time: 1615.60s - CPU Usage: 0.00% - Memory Usage: 58.18MB (5.68%)
11:20:46,206 root INFO Name picoquic-shadow-ivy - Time: 1617.69s - CPU Usage: 0.00% - Memory Usage: 57.88MB (5.65%)
11:20:50,933 root INFO Name panther-webapp - Time: 1622.38s - CPU Usage: 0.00% - Memory Usage: 138.28MB (13.50%)
11:20:53,201 root INFO Name picoquic-ivy - Time: 1624.58s - CPU Usage: 0.00% - Memory Usage: 57.29MB (5.60%)
11:20:55,213 root INFO Name ping-pong-ivy - Time: 1626.61s - CPU Usage: 0.00% - Memory Usage: 57.83MB (5.65%)
11:20:57,223 root INFO Name picoquic-shadow-ivy - Time: 1628.71s - CPU Usage: 0.00% - Memory Usage: 58.25MB (5.69%)
11:21:01,952 root INFO Name panther-webapp - Time: 1633.40s - CPU Usage: 0.00% - Memory Usage: 138.28MB (13.50%)
11:21:04,219 root INFO Name picoquic-ivy - Time: 1635.60s - CPU Usage: 0.00% - Memory Usage: 57.86MB (5.65%)
11:21:06,226 root INFO Name ping-pong-ivy - Time: 1637.63s - CPU Usage: 0.00% - Memory Usage: 57.83MB (5.65%)
11:21:08,238 root INFO Name picoquic-shadow-ivy - Time: 1639.72s - CPU Usage: 0.00% - Memory Usage: 36.30MB (3.55%)
11:21:12,965 root INFO Name panther-webapp - Time: 1644.41s - CPU Usage: 0.00% - Memory Usage: 138.28MB (13.50%)
11:21:15,238 root INFO Name picoquic-ivy - Time: 1646.62s - CPU Usage: 0.00% - Memory Usage: 58.39MB (5.70%)
11:21:17,245 root INFO Name ping-pong-ivy - Time: 1648.64s - CPU Usage: 0.00% - Memory Usage: 57.83MB (5.65%)
11:21:19,256 root INFO Name picoquic-shadow-ivy - Time: 1650.74s - CPU Usage: 0.00% - Memory Usage: 57.88MB (5.65%)
11:21:23,981 root INFO Name panther-webapp - Time: 1655.43s - CPU Usage: 0.00% - Memory Usage: 138.28MB (13.50%)
11:21:26,254 root INFO Name picoquic-ivy - Time: 1657.63s - CPU Usage: 0.00% - Memory Usage: 58.20MB (5.68%)
11:21:28,258 root INFO Name ping-pong-ivy - Time: 1659.66s - CPU Usage: 0.00% - Memory Usage: 57.95MB (5.66%)
11:21:30,270 root INFO Name picoquic-shadow-ivy - Time: 1661.75s - CPU Usage: 0.00% - Memory Usage: 57.88MB (5.65%)
11:21:34,999 root INFO Name panther-webapp - Time: 1666.45s - CPU Usage: 0.00% - Memory Usage: 138.28MB (13.50%)
11:21:37,271 root INFO Name picoquic-ivy - Time: 1668.65s - CPU Usage: 0.00% - Memory Usage: 57.88MB (5.65%)
11:21:39,277 root INFO Name ping-pong-ivy - Time: 1670.68s - CPU Usage: 0.00% - Memory Usage: 57.83MB (5.65%)
11:21:41,286 root INFO Name picoquic-shadow-ivy - Time: 1672.77s - CPU Usage: 0.00% - Memory Usage: 57.86MB (5.65%)
11:21:46,13 root INFO Name panther-webapp - Time: 1677.46s - CPU Usage: 0.00% - Memory Usage: 138.28MB (13.50%)
11:21:48,288 root INFO Name picoquic-ivy - Time: 1679.67s - CPU Usage: 0.00% - Memory Usage: 57.87MB (5.65%)
11:21:50,293 root INFO Name ping-pong-ivy - Time: 1681.69s - CPU Usage: 0.00% - Memory Usage: 57.83MB (5.65%)
11:21:52,303 root INFO Name picoquic-shadow-ivy - Time: 1683.79s - CPU Usage: 0.00% - Memory Usage: 57.91MB (5.66%)
11:21:57,26 root INFO Name panther-webapp - Time: 1688.47s - CPU Usage: 0.00% - Memory Usage: 138.28MB (13.50%)
11:21:59,302 root INFO Name picoquic-ivy - Time: 1690.68s - CPU Usage: 0.00% - Memory Usage: 57.88MB (5.65%)
11:22:01,308 root INFO Name ping-pong-ivy - Time: 1692.71s - CPU Usage: 0.00% - Memory Usage: 57.81MB (5.65%)
11:22:03,317 root INFO Name picoquic-shadow-ivy - Time: 1694.80s - CPU Usage: 0.00% - Memory Usage: 57.90MB (5.65%)
11:22:08,43 root INFO Name panther-webapp - Time: 1699.49s - CPU Usage: 0.00% - Memory Usage: 138.28MB (13.50%)
11:22:10,319 root INFO Name picoquic-ivy - Time: 1701.70s - CPU Usage: 0.00% - Memory Usage: 57.90MB (5.65%)
11:22:12,324 root INFO Name ping-pong-ivy - Time: 1703.72s - CPU Usage: 0.00% - Memory Usage: 57.83MB (5.65%)
11:22:14,333 root INFO Name picoquic-shadow-ivy - Time: 1705.82s - CPU Usage: 0.00% - Memory Usage: 57.91MB (5.65%)
11:22:19,59 root INFO Name panther-webapp - Time: 1710.51s - CPU Usage: 0.00% - Memory Usage: 138.28MB (13.50%)
11:22:21,333 root INFO Name picoquic-ivy - Time: 1712.71s - CPU Usage: 0.00% - Memory Usage: 57.90MB (5.65%)
11:22:23,338 root INFO Name ping-pong-ivy - Time: 1714.74s - CPU Usage: 0.00% - Memory Usage: 57.83MB (5.65%)
11:22:25,349 root INFO Name picoquic-shadow-ivy - Time: 1716.83s - CPU Usage: 0.00% - Memory Usage: 57.91MB (5.65%)
11:22:30,79 root INFO Name panther-webapp - Time: 1721.53s - CPU Usage: 0.00% - Memory Usage: 138.28MB (13.50%)
11:22:32,352 root INFO Name picoquic-ivy - Time: 1723.73s - CPU Usage: 0.00% - Memory Usage: 57.90MB (5.65%)
11:22:34,358 root INFO Name ping-pong-ivy - Time: 1725.76s - CPU Usage: 0.00% - Memory Usage: 57.83MB (5.65%)
11:22:36,367 root INFO Name picoquic-shadow-ivy - Time: 1727.85s - CPU Usage: 0.00% - Memory Usage: 57.91MB (5.65%)
11:22:41,96 root INFO Name panther-webapp - Time: 1732.54s - CPU Usage: 0.00% - Memory Usage: 138.29MB (13.51%)
11:22:43,367 root INFO Name picoquic-ivy - Time: 1734.75s - CPU Usage: 0.00% - Memory Usage: 57.91MB (5.66%)
11:22:45,376 root INFO Name ping-pong-ivy - Time: 1736.78s - CPU Usage: 0.00% - Memory Usage: 57.82MB (5.65%)
11:22:47,383 root INFO Name picoquic-shadow-ivy - Time: 1738.87s - CPU Usage: 0.00% - Memory Usage: 57.91MB (5.65%)
11:22:52,110 root INFO Name panther-webapp - Time: 1743.56s - CPU Usage: 0.00% - Memory Usage: 138.28MB (13.50%)
11:22:54,383 root INFO Name picoquic-ivy - Time: 1745.76s - CPU Usage: 0.00% - Memory Usage: 57.89MB (5.65%)
11:22:56,395 root INFO Name ping-pong-ivy - Time: 1747.79s - CPU Usage: 0.00% - Memory Usage: 57.80MB (5.64%)
11:22:58,400 root INFO Name picoquic-shadow-ivy - Time: 1749.89s - CPU Usage: 0.00% - Memory Usage: 57.91MB (5.65%)
11:23:03,127 root INFO Name panther-webapp - Time: 1754.58s - CPU Usage: 0.00% - Memory Usage: 136.62MB (13.34%)
11:23:05,398 root INFO Name picoquic-ivy - Time: 1756.78s - CPU Usage: 0.00% - Memory Usage: 398.46MB (38.91%)
11:23:07,411 root INFO Name ping-pong-ivy - Time: 1758.81s - CPU Usage: 0.00% - Memory Usage: 57.86MB (5.65%)
11:23:09,416 root INFO Name picoquic-shadow-ivy - Time: 1760.90s - CPU Usage: 0.00% - Memory Usage: 57.91MB (5.66%)
11:23:14,143 root INFO Name panther-webapp - Time: 1765.59s - CPU Usage: 0.00% - Memory Usage: 136.62MB (13.34%)
11:23:16,415 root INFO Name picoquic-ivy - Time: 1767.79s - CPU Usage: 0.00% - Memory Usage: 552.29MB (53.93%)
11:23:18,427 root INFO Name ping-pong-ivy - Time: 1769.83s - CPU Usage: 0.00% - Memory Usage: 57.86MB (5.65%)
11:23:20,432 root INFO Name picoquic-shadow-ivy - Time: 1771.92s - CPU Usage: 0.00% - Memory Usage: 57.91MB (5.66%)
11:23:25,159 root INFO Name panther-webapp - Time: 1776.61s - CPU Usage: 0.00% - Memory Usage: 136.62MB (13.34%)
11:23:27,430 root INFO Name picoquic-ivy - Time: 1778.81s - CPU Usage: 0.00% - Memory Usage: 602.59MB (58.85%)
11:23:29,444 root INFO Name ping-pong-ivy - Time: 1780.84s - CPU Usage: 0.00% - Memory Usage: 57.86MB (5.65%)
11:23:31,448 root INFO Name picoquic-shadow-ivy - Time: 1782.93s - CPU Usage: 0.00% - Memory Usage: 57.91MB (5.66%)
11:23:36,176 root INFO Name panther-webapp - Time: 1787.62s - CPU Usage: 0.00% - Memory Usage: 136.64MB (13.34%)
11:23:38,445 root INFO Name picoquic-ivy - Time: 1789.82s - CPU Usage: 0.00% - Memory Usage: 645.50MB (63.04%)
11:23:40,461 root INFO Name ping-pong-ivy - Time: 1791.86s - CPU Usage: 0.00% - Memory Usage: 57.86MB (5.65%)
11:23:42,466 root INFO Name picoquic-shadow-ivy - Time: 1793.95s - CPU Usage: 0.00% - Memory Usage: 57.91MB (5.66%)
11:23:47,191 root INFO Name panther-webapp - Time: 1798.64s - CPU Usage: 0.00% - Memory Usage: 136.63MB (13.34%)
11:23:49,464 root INFO Name picoquic-ivy - Time: 1800.84s - CPU Usage: 0.00% - Memory Usage: 1023.93MB (99.99%)
11:23:51,473 root INFO Name ping-pong-ivy - Time: 1802.87s - CPU Usage: 0.00% - Memory Usage: 57.86MB (5.65%)
11:23:53,482 root INFO Name picoquic-shadow-ivy - Time: 1804.97s - CPU Usage: 0.00% - Memory Usage: 57.91MB (5.66%)
11:23:58,206 root INFO Name panther-webapp - Time: 1809.65s - CPU Usage: 0.00% - Memory Usage: 136.64MB (13.34%)
11:24:00,478 root INFO Name picoquic-ivy - Time: 1811.86s - CPU Usage: 0.00% - Memory Usage: 492.90MB (48.13%)
11:24:02,490 root INFO Name ping-pong-ivy - Time: 1813.89s - CPU Usage: 0.00% - Memory Usage: 57.86MB (5.65%)
11:24:04,498 root INFO Name picoquic-shadow-ivy - Time: 1815.98s - CPU Usage: 0.00% - Memory Usage: 57.91MB (5.66%)
11:24:09,218 root INFO Name panther-webapp - Time: 1820.67s - CPU Usage: 0.00% - Memory Usage: 136.64MB (13.34%)
11:24:11,494 root INFO Name picoquic-ivy - Time: 1822.87s - CPU Usage: 0.00% - Memory Usage: 154.60MB (15.10%)
11:24:13,505 root INFO Name ping-pong-ivy - Time: 1824.90s - CPU Usage: 0.00% - Memory Usage: 57.86MB (5.65%)
11:24:15,510 root INFO Name picoquic-shadow-ivy - Time: 1826.99s - CPU Usage: 0.00% - Memory Usage: 57.91MB (5.66%)
11:24:20,225 root INFO Name panther-webapp - Time: 1831.67s - CPU Usage: 0.00% - Memory Usage: 136.64MB (13.34%)
11:24:22,509 root INFO Name picoquic-ivy - Time: 1833.89s - CPU Usage: 0.00% - Memory Usage: 163.84MB (16.00%)
11:24:24,522 root INFO Name ping-pong-ivy - Time: 1835.92s - CPU Usage: 0.00% - Memory Usage: 57.86MB (5.65%)
11:24:26,528 root INFO Name picoquic-shadow-ivy - Time: 1838.01s - CPU Usage: 0.00% - Memory Usage: 57.91MB (5.66%)
11:24:31,242 root INFO Name panther-webapp - Time: 1842.69s - CPU Usage: 0.00% - Memory Usage: 136.64MB (13.34%)
11:24:33,523 root INFO Name picoquic-ivy - Time: 1844.90s - CPU Usage: 0.00% - Memory Usage: 882.91MB (86.22%)
11:24:35,537 root INFO Name ping-pong-ivy - Time: 1846.94s - CPU Usage: 0.00% - Memory Usage: 57.86MB (5.65%)
11:24:37,543 root INFO Name picoquic-shadow-ivy - Time: 1849.03s - CPU Usage: 0.00% - Memory Usage: 57.91MB (5.66%)
11:24:42,260 root INFO Name panther-webapp - Time: 1853.71s - CPU Usage: 0.00% - Memory Usage: 136.64MB (13.34%)
11:24:44,539 root INFO Name picoquic-ivy - Time: 1855.92s - CPU Usage: 0.00% - Memory Usage: 1024.00MB (100.00%)
11:24:46,552 root INFO Name ping-pong-ivy - Time: 1857.95s - CPU Usage: 0.00% - Memory Usage: 57.92MB (5.66%)
11:24:48,558 root INFO Name picoquic-shadow-ivy - Time: 1860.04s - CPU Usage: 0.00% - Memory Usage: 57.91MB (5.66%)
11:24:53,275 root INFO Name panther-webapp - Time: 1864.72s - CPU Usage: 0.00% - Memory Usage: 136.64MB (13.34%)
11:24:55,555 root INFO Name picoquic-ivy - Time: 1866.93s - CPU Usage: 0.00% - Memory Usage: 30.52MB (2.98%)
11:24:57,566 root INFO Name ping-pong-ivy - Time: 1868.96s - CPU Usage: 0.00% - Memory Usage: 57.92MB (5.66%)
11:24:59,575 root INFO Name picoquic-shadow-ivy - Time: 1871.06s - CPU Usage: 0.00% - Memory Usage: 57.91MB (5.66%)
11:25:04,290 root INFO Name panther-webapp - Time: 1875.74s - CPU Usage: 0.00% - Memory Usage: 136.64MB (13.34%)
11:25:06,571 root INFO Name picoquic-ivy - Time: 1877.95s - CPU Usage: 0.00% - Memory Usage: 30.52MB (2.98%)
11:25:08,581 root INFO Name ping-pong-ivy - Time: 1879.98s - CPU Usage: 0.00% - Memory Usage: 57.92MB (5.66%)
11:25:10,592 root INFO Name picoquic-shadow-ivy - Time: 1882.08s - CPU Usage: 0.00% - Memory Usage: 57.91MB (5.66%)
11:25:15,307 root INFO Name panther-webapp - Time: 1886.76s - CPU Usage: 0.00% - Memory Usage: 136.64MB (13.34%)
11:25:17,587 root INFO Name picoquic-ivy - Time: 1888.97s - CPU Usage: 0.00% - Memory Usage: 30.52MB (2.98%)
11:25:19,593 root INFO Name ping-pong-ivy - Time: 1890.99s - CPU Usage: 0.00% - Memory Usage: 57.92MB (5.66%)
11:25:21,609 root INFO Name picoquic-shadow-ivy - Time: 1893.09s - CPU Usage: 0.00% - Memory Usage: 57.91MB (5.66%)
11:25:26,321 root INFO Name panther-webapp - Time: 1897.77s - CPU Usage: 0.00% - Memory Usage: 136.64MB (13.34%)
11:25:28,603 root INFO Name picoquic-ivy - Time: 1899.98s - CPU Usage: 0.00% - Memory Usage: 30.52MB (2.98%)
11:25:30,610 root INFO Name ping-pong-ivy - Time: 1902.01s - CPU Usage: 0.00% - Memory Usage: 57.92MB (5.66%)
11:25:32,622 root INFO Name picoquic-shadow-ivy - Time: 1904.11s - CPU Usage: 0.00% - Memory Usage: 57.91MB (5.66%)
11:25:37,338 root INFO Name panther-webapp - Time: 1908.79s - CPU Usage: 0.00% - Memory Usage: 136.65MB (13.34%)
11:25:39,618 root INFO Name picoquic-ivy - Time: 1911.00s - CPU Usage: 0.00% - Memory Usage: 30.54MB (2.98%)
11:25:41,626 root INFO Name ping-pong-ivy - Time: 1913.02s - CPU Usage: 0.00% - Memory Usage: 57.92MB (5.66%)
11:25:43,639 root INFO Name picoquic-shadow-ivy - Time: 1915.12s - CPU Usage: 0.00% - Memory Usage: 57.91MB (5.66%)
11:25:48,357 root INFO Name panther-webapp - Time: 1919.81s - CPU Usage: 0.00% - Memory Usage: 136.65MB (13.34%)
11:25:50,634 root INFO Name picoquic-ivy - Time: 1922.01s - CPU Usage: 0.00% - Memory Usage: 30.54MB (2.98%)
11:25:52,642 root INFO Name ping-pong-ivy - Time: 1924.04s - CPU Usage: 0.00% - Memory Usage: 57.92MB (5.66%)
11:25:54,654 root INFO Name picoquic-shadow-ivy - Time: 1926.14s - CPU Usage: 0.00% - Memory Usage: 57.91MB (5.66%)
11:25:59,374 root INFO Name panther-webapp - Time: 1930.82s - CPU Usage: 0.00% - Memory Usage: 136.65MB (13.34%)
11:26:01,649 root INFO Name picoquic-ivy - Time: 1933.03s - CPU Usage: 0.00% - Memory Usage: 30.54MB (2.98%)
11:26:03,658 root INFO Name ping-pong-ivy - Time: 1935.06s - CPU Usage: 0.00% - Memory Usage: 57.92MB (5.66%)
11:26:05,669 root INFO Name picoquic-shadow-ivy - Time: 1937.15s - CPU Usage: 0.00% - Memory Usage: 57.91MB (5.66%)
11:26:10,390 root INFO Name panther-webapp - Time: 1941.84s - CPU Usage: 0.00% - Memory Usage: 136.65MB (13.34%)
11:26:12,662 root INFO Name picoquic-ivy - Time: 1944.04s - CPU Usage: 0.00% - Memory Usage: 30.66MB (2.99%)
11:26:14,673 root INFO Name ping-pong-ivy - Time: 1946.07s - CPU Usage: 0.00% - Memory Usage: 58.13MB (5.68%)
11:26:16,685 root INFO Name picoquic-shadow-ivy - Time: 1948.17s - CPU Usage: 0.00% - Memory Usage: 57.91MB (5.66%)
11:26:21,406 root INFO Name panther-webapp - Time: 1952.85s - CPU Usage: 0.00% - Memory Usage: 136.65MB (13.34%)
11:26:23,679 root INFO Name picoquic-ivy - Time: 1955.06s - CPU Usage: 0.00% - Memory Usage: 30.54MB (2.98%)
11:26:25,687 root INFO Name ping-pong-ivy - Time: 1957.09s - CPU Usage: 0.00% - Memory Usage: 57.92MB (5.66%)
11:26:27,703 root INFO Name picoquic-shadow-ivy - Time: 1959.19s - CPU Usage: 0.00% - Memory Usage: 57.91MB (5.66%)
11:26:32,422 root INFO Name panther-webapp - Time: 1963.87s - CPU Usage: 0.00% - Memory Usage: 136.65MB (13.34%)
11:26:34,696 root INFO Name picoquic-ivy - Time: 1966.07s - CPU Usage: 0.00% - Memory Usage: 30.54MB (2.98%)
11:26:36,702 root INFO Name ping-pong-ivy - Time: 1968.10s - CPU Usage: 0.00% - Memory Usage: 57.92MB (5.66%)
11:26:38,718 root INFO Name picoquic-shadow-ivy - Time: 1970.20s - CPU Usage: 0.00% - Memory Usage: 57.91MB (5.66%)
11:26:43,438 root INFO Name panther-webapp - Time: 1974.89s - CPU Usage: 0.00% - Memory Usage: 136.65MB (13.34%)
11:26:45,710 root INFO Name picoquic-ivy - Time: 1977.09s - CPU Usage: 0.00% - Memory Usage: 30.54MB (2.98%)
11:26:47,718 root INFO Name ping-pong-ivy - Time: 1979.12s - CPU Usage: 0.00% - Memory Usage: 57.92MB (5.66%)
11:26:49,735 root INFO Name picoquic-shadow-ivy - Time: 1981.22s - CPU Usage: 0.00% - Memory Usage: 57.91MB (5.66%)
11:26:54,454 root INFO Name panther-webapp - Time: 1985.90s - CPU Usage: 0.00% - Memory Usage: 136.65MB (13.34%)
11:26:56,728 root INFO Name picoquic-ivy - Time: 1988.11s - CPU Usage: 0.00% - Memory Usage: 30.54MB (2.98%)
11:26:58,734 root INFO Name ping-pong-ivy - Time: 1990.13s - CPU Usage: 0.00% - Memory Usage: 57.92MB (5.66%)
11:27:00,749 root INFO Name picoquic-shadow-ivy - Time: 1992.23s - CPU Usage: 0.00% - Memory Usage: 57.92MB (5.66%)
11:27:05,471 root INFO Name panther-webapp - Time: 1996.92s - CPU Usage: 0.00% - Memory Usage: 136.65MB (13.34%)
11:27:07,743 root INFO Name picoquic-ivy - Time: 1999.12s - CPU Usage: 0.00% - Memory Usage: 30.54MB (2.98%)
11:27:09,751 root INFO Name ping-pong-ivy - Time: 2001.15s - CPU Usage: 0.00% - Memory Usage: 58.15MB (5.68%)
11:27:11,762 root INFO Name picoquic-shadow-ivy - Time: 2003.25s - CPU Usage: 0.00% - Memory Usage: 57.91MB (5.66%)
11:27:16,486 root INFO Name panther-webapp - Time: 2007.93s - CPU Usage: 0.00% - Memory Usage: 136.65MB (13.34%)
11:27:18,757 root INFO Name picoquic-ivy - Time: 2010.14s - CPU Usage: 0.00% - Memory Usage: 30.54MB (2.98%)
11:27:20,766 root INFO Name ping-pong-ivy - Time: 2012.16s - CPU Usage: 0.00% - Memory Usage: 58.15MB (5.68%)
11:27:22,777 root INFO Name picoquic-shadow-ivy - Time: 2014.26s - CPU Usage: 0.00% - Memory Usage: 57.91MB (5.66%)
11:27:27,503 root INFO Name panther-webapp - Time: 2018.95s - CPU Usage: 0.00% - Memory Usage: 136.65MB (13.34%)
11:27:29,773 root INFO Name picoquic-ivy - Time: 2021.15s - CPU Usage: 0.00% - Memory Usage: 30.54MB (2.98%)
11:27:31,783 root INFO Name ping-pong-ivy - Time: 2023.18s - CPU Usage: 0.00% - Memory Usage: 58.15MB (5.68%)
11:27:33,791 root INFO Name picoquic-shadow-ivy - Time: 2025.28s - CPU Usage: 0.00% - Memory Usage: 57.91MB (5.66%)
11:27:38,520 root INFO Name panther-webapp - Time: 2029.97s - CPU Usage: 0.00% - Memory Usage: 136.66MB (13.35%)
11:27:40,799 root INFO Name picoquic-ivy - Time: 2032.18s - CPU Usage: 0.00% - Memory Usage: 30.54MB (2.98%)
11:27:42,806 root INFO Name ping-pong-ivy - Time: 2034.21s - CPU Usage: 0.00% - Memory Usage: 58.15MB (5.68%)
11:27:44,813 root INFO Name picoquic-shadow-ivy - Time: 2036.30s - CPU Usage: 0.00% - Memory Usage: 58.03MB (5.67%)
11:27:49,536 root INFO Name panther-webapp - Time: 2040.98s - CPU Usage: 0.00% - Memory Usage: 136.66MB (13.35%)
11:27:51,815 root INFO Name picoquic-ivy - Time: 2043.19s - CPU Usage: 0.00% - Memory Usage: 30.54MB (2.98%)
11:27:53,825 root INFO Name ping-pong-ivy - Time: 2045.22s - CPU Usage: 0.00% - Memory Usage: 58.15MB (5.68%)
11:27:55,831 root INFO Name picoquic-shadow-ivy - Time: 2047.32s - CPU Usage: 0.00% - Memory Usage: 57.91MB (5.66%)
11:28:00,552 root INFO Name panther-webapp - Time: 2052.00s - CPU Usage: 0.00% - Memory Usage: 136.66MB (13.35%)
11:28:02,829 root INFO Name picoquic-ivy - Time: 2054.21s - CPU Usage: 0.00% - Memory Usage: 30.54MB (2.98%)
11:28:04,839 root INFO Name ping-pong-ivy - Time: 2056.24s - CPU Usage: 0.00% - Memory Usage: 58.15MB (5.68%)
11:28:06,847 root INFO Name picoquic-shadow-ivy - Time: 2058.33s - CPU Usage: 0.00% - Memory Usage: 57.91MB (5.66%)
11:28:11,570 root INFO Name panther-webapp - Time: 2063.02s - CPU Usage: 0.00% - Memory Usage: 136.66MB (13.35%)
11:28:13,849 root INFO Name picoquic-ivy - Time: 2065.23s - CPU Usage: 0.00% - Memory Usage: 30.54MB (2.98%)
11:28:15,856 root INFO Name ping-pong-ivy - Time: 2067.25s - CPU Usage: 0.00% - Memory Usage: 58.27MB (5.69%)
11:28:17,863 root INFO Name picoquic-shadow-ivy - Time: 2069.35s - CPU Usage: 0.00% - Memory Usage: 57.91MB (5.66%)
11:28:22,587 root INFO Name panther-webapp - Time: 2074.04s - CPU Usage: 0.00% - Memory Usage: 136.66MB (13.35%)
11:28:24,863 root INFO Name picoquic-ivy - Time: 2076.24s - CPU Usage: 0.00% - Memory Usage: 30.54MB (2.98%)
11:28:26,875 root INFO Name ping-pong-ivy - Time: 2078.27s - CPU Usage: 0.00% - Memory Usage: 58.15MB (5.68%)
11:28:28,881 root INFO Name picoquic-shadow-ivy - Time: 2080.37s - CPU Usage: 0.00% - Memory Usage: 58.03MB (5.67%)
11:28:33,603 root INFO Name panther-webapp - Time: 2085.05s - CPU Usage: 0.00% - Memory Usage: 136.66MB (13.35%)
11:28:35,880 root INFO Name picoquic-ivy - Time: 2087.26s - CPU Usage: 0.00% - Memory Usage: 30.54MB (2.98%)
11:28:37,891 root INFO Name ping-pong-ivy - Time: 2089.29s - CPU Usage: 0.00% - Memory Usage: 58.15MB (5.68%)
11:28:39,899 root INFO Name picoquic-shadow-ivy - Time: 2091.38s - CPU Usage: 0.00% - Memory Usage: 57.91MB (5.66%)
11:28:44,617 root INFO Name panther-webapp - Time: 2096.07s - CPU Usage: 0.00% - Memory Usage: 136.67MB (13.35%)
11:28:46,896 root INFO Name picoquic-ivy - Time: 2098.27s - CPU Usage: 0.00% - Memory Usage: 30.54MB (2.98%)
11:28:48,910 root INFO Name ping-pong-ivy - Time: 2100.31s - CPU Usage: 0.00% - Memory Usage: 58.15MB (5.68%)
11:28:51,32 root INFO Name picoquic-shadow-ivy - Time: 2102.52s - CPU Usage: 0.00% - Memory Usage: 57.91MB (5.66%)
11:28:55,634 root INFO Name panther-webapp - Time: 2107.08s - CPU Usage: 0.00% - Memory Usage: 136.66MB (13.35%)
11:28:57,910 root INFO Name picoquic-ivy - Time: 2109.29s - CPU Usage: 0.00% - Memory Usage: 30.54MB (2.98%)
11:28:59,926 root INFO Name ping-pong-ivy - Time: 2111.32s - CPU Usage: 0.00% - Memory Usage: 58.15MB (5.68%)
11:29:02,46 root INFO Name picoquic-shadow-ivy - Time: 2113.53s - CPU Usage: 0.00% - Memory Usage: 57.91MB (5.66%)
11:29:06,649 root INFO Name panther-webapp - Time: 2118.10s - CPU Usage: 0.00% - Memory Usage: 136.66MB (13.35%)
11:29:08,928 root INFO Name picoquic-ivy - Time: 2120.31s - CPU Usage: 0.00% - Memory Usage: 30.54MB (2.98%)
11:29:10,941 root INFO Name ping-pong-ivy - Time: 2122.34s - CPU Usage: 0.00% - Memory Usage: 58.15MB (5.68%)
11:29:13,63 root INFO Name picoquic-shadow-ivy - Time: 2124.55s - CPU Usage: 0.00% - Memory Usage: 58.03MB (5.67%)
11:29:17,659 root INFO Name panther-webapp - Time: 2129.11s - CPU Usage: 0.00% - Memory Usage: 136.66MB (13.35%)
11:29:19,944 root INFO Name picoquic-ivy - Time: 2131.32s - CPU Usage: 0.00% - Memory Usage: 30.54MB (2.98%)
11:29:21,961 root INFO Name ping-pong-ivy - Time: 2133.36s - CPU Usage: 0.00% - Memory Usage: 58.15MB (5.68%)
11:29:24,80 root INFO Name picoquic-shadow-ivy - Time: 2135.56s - CPU Usage: 0.00% - Memory Usage: 57.91MB (5.66%)
11:29:28,676 root INFO Name panther-webapp - Time: 2140.12s - CPU Usage: 0.00% - Memory Usage: 136.66MB (13.35%)
11:29:31,146 root INFO Name picoquic-ivy - Time: 2142.53s - CPU Usage: -0.00% - Memory Usage: 2.92MB (0.29%)
11:29:33,152 root INFO Name ping-pong-ivy - Time: 2144.55s - CPU Usage: 0.00% - Memory Usage: 58.16MB (5.68%)
11:29:35,158 root INFO Name picoquic-shadow-ivy - Time: 2146.64s - CPU Usage: 0.00% - Memory Usage: 61.43MB (6.00%)
11:29:39,690 root INFO Name panther-webapp - Time: 2151.14s - CPU Usage: 0.00% - Memory Usage: 140.27MB (13.70%)
11:29:42,161 root INFO Name picoquic-ivy - Time: 2153.54s - CPU Usage: 0.00% - Memory Usage: 58.00MB (5.66%)
11:29:44,170 root INFO Name ping-pong-ivy - Time: 2155.57s - CPU Usage: 0.00% - Memory Usage: 58.16MB (5.68%)
11:29:46,174 root INFO Name picoquic-shadow-ivy - Time: 2157.66s - CPU Usage: 0.00% - Memory Usage: 61.43MB (6.00%)
11:29:50,709 root INFO Name panther-webapp - Time: 2162.16s - CPU Usage: 0.00% - Memory Usage: 140.29MB (13.70%)
11:29:53,180 root INFO Name picoquic-ivy - Time: 2164.56s - CPU Usage: 0.00% - Memory Usage: 58.00MB (5.66%)
11:29:55,185 root INFO Name ping-pong-ivy - Time: 2166.58s - CPU Usage: 0.00% - Memory Usage: 58.16MB (5.68%)
11:30:00,724 root ERROR An error occurred: 404 Client Error for http+docker://localhost/v1.45/containers/85c83c127fde02628e8a7b4e827c44cdf97a2e01157169ec327caabf0640c597/stats?stream=False: Not Found ("No such container: 85c83c127fde02628e8a7b4e827c44cdf97a2e01157169ec327caabf0640c597")
11:30:03,189 root ERROR An error occurred: 404 Client Error for http+docker://localhost/v1.45/containers/f266f7d192103ec5cff2f6760e4373793cc7ae637744461dcfd04a41b1c7c991/stats?stream=False: Not Found ("No such container: f266f7d192103ec5cff2f6760e4373793cc7ae637744461dcfd04a41b1c7c991")
