09:54:42,252 docker.utils.config DEBUG Trying paths: ['/home/crochetch/.docker/config.json', '/home/crochetch/.dockercfg']
09:54:42,252 docker.utils.config DEBUG Found file at path: /home/crochetch/.docker/config.json
09:54:42,253 docker.auth DEBUG Found 'auths' section
09:54:42,253 docker.auth DEBUG Found entry (registry='https://index.docker.io/v1/', username='elniak')
09:54:42,260 urllib3.connectionpool DEBUG http://localhost:None "GET /version HTTP/1.1" 200 828
09:54:42,261 docker.utils.config DEBUG Trying paths: ['/home/crochetch/.docker/config.json', '/home/crochetch/.dockercfg']
09:54:42,261 docker.utils.config DEBUG Found file at path: /home/crochetch/.docker/config.json
09:54:42,262 docker.auth DEBUG Found 'auths' section
09:54:42,262 docker.auth DEBUG Found entry (registry='https://index.docker.io/v1/', username='elniak')
09:54:42,268 urllib3.connectionpool DEBUG http://localhost:None "GET /version HTTP/1.1" 200 828
09:54:42,271 urllib3.connectionpool DEBUG http://localhost:None "GET /v1.45/networks/net HTTP/1.1" 200 432
09:54:42,271 root DEBUG Executing command: sudo chown -R $USER:$GROUPS $PWD/panther/
09:54:43,123 root DEBUG Executing command: xhost +
09:54:43,146 root INFO Docker Compose configuration updated successfully.
09:54:43,146 root DEBUG Executing command: cat panther/docker-compose.yml
09:54:43,148 root DEBUG Executing command: docker compose -f panther/docker-compose.yml up -d
09:54:51,591 urllib3.connectionpool DEBUG http://localhost:None "GET /v1.45/containers/picoquic-shadow-ivy/json HTTP/1.1" 200 None
09:54:51,594 docker.utils.config DEBUG Trying paths: ['/home/crochetch/.docker/config.json', '/home/crochetch/.dockercfg']
09:54:51,596 docker.utils.config DEBUG Found file at path: /home/crochetch/.docker/config.json
09:54:51,596 docker.auth DEBUG Found 'auths' section
09:54:51,597 docker.auth DEBUG Found entry (registry='https://index.docker.io/v1/', username='elniak')
09:54:51,600 urllib3.connectionpool DEBUG http://localhost:None "GET /v1.45/containers/picoquic-shadow-ivy/json HTTP/1.1" 200 None
09:54:51,601 root DEBUG Executing command: echo '172.27.1.14 picoquic-shadow-ivy' | sudo tee -a /etc/hosts
09:54:51,612 urllib3.connectionpool DEBUG http://localhost:None "GET /version HTTP/1.1" 200 828
09:54:51,616 urllib3.connectionpool DEBUG http://localhost:None "GET /v1.45/containers/picoquic-shadow-ivy/json HTTP/1.1" 200 None
09:54:51,626 root INFO Added entry to /etc/hosts: 172.27.1.14 picoquic-shadow-ivy
09:54:51,633 urllib3.connectionpool DEBUG http://localhost:None "GET /v1.45/containers/ping-pong-ivy/json HTTP/1.1" 200 None
09:54:51,635 docker.utils.config DEBUG Trying paths: ['/home/crochetch/.docker/config.json', '/home/crochetch/.dockercfg']
09:54:51,636 docker.utils.config DEBUG Found file at path: /home/crochetch/.docker/config.json
09:54:51,636 docker.auth DEBUG Found 'auths' section
09:54:51,637 docker.auth DEBUG Found entry (registry='https://index.docker.io/v1/', username='elniak')
09:54:51,640 urllib3.connectionpool DEBUG http://localhost:None "GET /v1.45/containers/ping-pong-ivy/json HTTP/1.1" 200 None
09:54:51,641 root DEBUG Executing command: echo '172.27.1.12 ping-pong-ivy' | sudo tee -a /etc/hosts
09:54:51,655 urllib3.connectionpool DEBUG http://localhost:None "GET /version HTTP/1.1" 200 828
09:54:51,659 urllib3.connectionpool DEBUG http://localhost:None "GET /v1.45/containers/ping-pong-ivy/json HTTP/1.1" 200 None
09:54:51,687 root INFO Added entry to /etc/hosts: 172.27.1.12 ping-pong-ivy
09:54:51,691 urllib3.connectionpool DEBUG http://localhost:None "GET /v1.45/containers/panther-webapp/json HTTP/1.1" 200 None
09:54:51,692 docker.utils.config DEBUG Trying paths: ['/home/crochetch/.docker/config.json', '/home/crochetch/.dockercfg']
09:54:51,693 docker.utils.config DEBUG Found file at path: /home/crochetch/.docker/config.json
09:54:51,693 docker.auth DEBUG Found 'auths' section
09:54:51,694 urllib3.connectionpool DEBUG http://localhost:None "GET /v1.45/containers/panther-webapp/json HTTP/1.1" 200 None
09:54:51,694 docker.auth DEBUG Found entry (registry='https://index.docker.io/v1/', username='elniak')
09:54:51,695 root DEBUG Executing command: echo '172.27.1.10 panther-webapp' | sudo tee -a /etc/hosts
09:54:51,719 root INFO Added entry to /etc/hosts: 172.27.1.10 panther-webapp
09:54:51,721 urllib3.connectionpool DEBUG http://localhost:None "GET /version HTTP/1.1" 200 828
09:54:51,734 urllib3.connectionpool DEBUG http://localhost:None "GET /v1.45/containers/picoquic-ivy/json HTTP/1.1" 200 None
09:54:51,734 urllib3.connectionpool DEBUG http://localhost:None "GET /v1.45/containers/panther-webapp/json HTTP/1.1" 200 None
09:54:51,740 docker.utils.config DEBUG Trying paths: ['/home/crochetch/.docker/config.json', '/home/crochetch/.dockercfg']
09:54:51,743 docker.utils.config DEBUG Found file at path: /home/crochetch/.docker/config.json
09:54:51,744 docker.auth DEBUG Found 'auths' section
09:54:51,744 docker.auth DEBUG Found entry (registry='https://index.docker.io/v1/', username='elniak')
09:54:51,747 urllib3.connectionpool DEBUG http://localhost:None "GET /v1.45/containers/picoquic-ivy/json HTTP/1.1" 200 None
09:54:51,749 root DEBUG Executing command: echo '172.27.1.13 picoquic-ivy' | sudo tee -a /etc/hosts
09:54:51,775 urllib3.connectionpool DEBUG http://localhost:None "GET /version HTTP/1.1" 200 828
09:54:51,781 urllib3.connectionpool DEBUG http://localhost:None "GET /v1.45/containers/picoquic-ivy/json HTTP/1.1" 200 None
09:54:51,786 root INFO Added entry to /etc/hosts: 172.27.1.13 picoquic-ivy
09:54:52,636 urllib3.connectionpool DEBUG http://localhost:None "GET /v1.45/containers/6753cac814ba3de18a3ab58d4a888fb3672702fe97160839b91d8cdac1ea3860/stats?stream=False HTTP/1.1" 200 1833
09:54:52,637 root INFO Name picoquic-shadow-ivy - Time: 1.02s - CPU Usage: 0.00% - Memory Usage: 58.66MB (11.46%)
09:54:53,644 urllib3.connectionpool DEBUG http://localhost:None "GET /v1.45/containers/e60f0c3b7c702b6b34b3b5dfbf35c6ea9e20b4dd8846519a78dde9a4a23c03a8/stats?stream=False HTTP/1.1" 200 1840
09:54:53,646 root INFO Name ping-pong-ivy - Time: 1.98s - CPU Usage: 0.00% - Memory Usage: 58.93MB (11.51%)
09:54:53,648 urllib3.connectionpool DEBUG http://localhost:None "GET /v1.45/containers/3a2d73f6a1b8fb81254eeafffccf8675524b526ebffeaefa544b1fc16e54611a/stats?stream=False HTTP/1.1" 200 1882
09:54:53,649 root INFO Name panther-webapp - Time: 1.91s - CPU Usage: 0.00% - Memory Usage: 115.27MB (22.51%)
09:54:53,649 urllib3.connectionpool DEBUG http://localhost:None "GET /v1.45/containers/d2aadf9e8161266909e1db3ad899e053e65da320ea7c7d59ba3abcf652a0b396/stats?stream=False HTTP/1.1" 200 1852
09:54:53,649 root INFO Name picoquic-ivy - Time: 1.87s - CPU Usage: 0.00% - Memory Usage: 74.78MB (14.60%)
09:55:03,650 urllib3.connectionpool DEBUG http://localhost:None "GET /v1.45/containers/6753cac814ba3de18a3ab58d4a888fb3672702fe97160839b91d8cdac1ea3860/stats?stream=False HTTP/1.1" 200 1837
09:55:03,651 root INFO Name picoquic-shadow-ivy - Time: 12.03s - CPU Usage: 0.00% - Memory Usage: 58.68MB (11.46%)
09:55:05,664 urllib3.connectionpool DEBUG http://localhost:None "GET /v1.45/containers/3a2d73f6a1b8fb81254eeafffccf8675524b526ebffeaefa544b1fc16e54611a/stats?stream=False HTTP/1.1" 200 1885
09:55:05,665 root INFO Name panther-webapp - Time: 13.93s - CPU Usage: 0.00% - Memory Usage: 122.45MB (23.92%)
09:55:05,667 urllib3.connectionpool DEBUG http://localhost:None "GET /v1.45/containers/e60f0c3b7c702b6b34b3b5dfbf35c6ea9e20b4dd8846519a78dde9a4a23c03a8/stats?stream=False HTTP/1.1" 200 1839
09:55:05,668 root INFO Name ping-pong-ivy - Time: 14.01s - CPU Usage: 0.00% - Memory Usage: 58.93MB (11.51%)
09:55:05,671 urllib3.connectionpool DEBUG http://localhost:None "GET /v1.45/containers/d2aadf9e8161266909e1db3ad899e053e65da320ea7c7d59ba3abcf652a0b396/stats?stream=False HTTP/1.1" 200 1856
09:55:05,672 root INFO Name picoquic-ivy - Time: 13.89s - CPU Usage: 0.00% - Memory Usage: 74.78MB (14.60%)
09:55:14,666 urllib3.connectionpool DEBUG http://localhost:None "GET /v1.45/containers/6753cac814ba3de18a3ab58d4a888fb3672702fe97160839b91d8cdac1ea3860/stats?stream=False HTTP/1.1" 200 1840
09:55:14,667 root INFO Name picoquic-shadow-ivy - Time: 23.05s - CPU Usage: 0.00% - Memory Usage: 58.68MB (11.46%)
09:55:16,678 urllib3.connectionpool DEBUG http://localhost:None "GET /v1.45/containers/3a2d73f6a1b8fb81254eeafffccf8675524b526ebffeaefa544b1fc16e54611a/stats?stream=False HTTP/1.1" 200 1885
09:55:16,679 root INFO Name panther-webapp - Time: 24.94s - CPU Usage: 0.00% - Memory Usage: 122.47MB (23.92%)
09:55:17,684 urllib3.connectionpool DEBUG http://localhost:None "GET /v1.45/containers/e60f0c3b7c702b6b34b3b5dfbf35c6ea9e20b4dd8846519a78dde9a4a23c03a8/stats?stream=False HTTP/1.1" 200 1843
09:55:17,685 root INFO Name ping-pong-ivy - Time: 26.02s - CPU Usage: 0.00% - Memory Usage: 58.93MB (11.51%)
09:55:17,685 urllib3.connectionpool DEBUG http://localhost:None "GET /v1.45/containers/d2aadf9e8161266909e1db3ad899e053e65da320ea7c7d59ba3abcf652a0b396/stats?stream=False HTTP/1.1" 200 1859
09:55:17,686 root INFO Name picoquic-ivy - Time: 25.90s - CPU Usage: 0.00% - Memory Usage: 75.59MB (14.76%)
09:55:25,682 urllib3.connectionpool DEBUG http://localhost:None "GET /v1.45/containers/6753cac814ba3de18a3ab58d4a888fb3672702fe97160839b91d8cdac1ea3860/stats?stream=False HTTP/1.1" 200 1841
09:55:25,682 root INFO Name picoquic-shadow-ivy - Time: 34.07s - CPU Usage: 0.00% - Memory Usage: 58.68MB (11.46%)
09:55:27,694 urllib3.connectionpool DEBUG http://localhost:None "GET /v1.45/containers/3a2d73f6a1b8fb81254eeafffccf8675524b526ebffeaefa544b1fc16e54611a/stats?stream=False HTTP/1.1" 200 1891
09:55:27,695 root INFO Name panther-webapp - Time: 35.96s - CPU Usage: 0.00% - Memory Usage: 122.38MB (23.90%)
09:55:29,701 urllib3.connectionpool DEBUG http://localhost:None "GET /v1.45/containers/d2aadf9e8161266909e1db3ad899e053e65da320ea7c7d59ba3abcf652a0b396/stats?stream=False HTTP/1.1" 200 1863
09:55:29,702 root INFO Name picoquic-ivy - Time: 37.92s - CPU Usage: 0.00% - Memory Usage: 75.42MB (14.73%)
09:55:29,702 urllib3.connectionpool DEBUG http://localhost:None "GET /v1.45/containers/e60f0c3b7c702b6b34b3b5dfbf35c6ea9e20b4dd8846519a78dde9a4a23c03a8/stats?stream=False HTTP/1.1" 200 1846
09:55:29,703 root INFO Name ping-pong-ivy - Time: 38.04s - CPU Usage: 0.00% - Memory Usage: 58.93MB (11.51%)
09:55:36,699 urllib3.connectionpool DEBUG http://localhost:None "GET /v1.45/containers/6753cac814ba3de18a3ab58d4a888fb3672702fe97160839b91d8cdac1ea3860/stats?stream=False HTTP/1.1" 200 1845
09:55:36,699 root INFO Name picoquic-shadow-ivy - Time: 45.08s - CPU Usage: 0.00% - Memory Usage: 58.68MB (11.46%)
09:55:38,709 urllib3.connectionpool DEBUG http://localhost:None "GET /v1.45/containers/3a2d73f6a1b8fb81254eeafffccf8675524b526ebffeaefa544b1fc16e54611a/stats?stream=False HTTP/1.1" 200 1892
09:55:38,710 root INFO Name panther-webapp - Time: 46.97s - CPU Usage: 0.00% - Memory Usage: 122.31MB (23.89%)
09:55:40,717 urllib3.connectionpool DEBUG http://localhost:None "GET /v1.45/containers/d2aadf9e8161266909e1db3ad899e053e65da320ea7c7d59ba3abcf652a0b396/stats?stream=False HTTP/1.1" 200 1862
09:55:40,717 root INFO Name picoquic-ivy - Time: 48.93s - CPU Usage: 0.00% - Memory Usage: 75.39MB (14.72%)
09:55:41,721 urllib3.connectionpool DEBUG http://localhost:None "GET /v1.45/containers/e60f0c3b7c702b6b34b3b5dfbf35c6ea9e20b4dd8846519a78dde9a4a23c03a8/stats?stream=False HTTP/1.1" 200 1847
09:55:41,722 root INFO Name ping-pong-ivy - Time: 50.06s - CPU Usage: 0.00% - Memory Usage: 58.93MB (11.51%)
09:55:47,716 urllib3.connectionpool DEBUG http://localhost:None "GET /v1.45/containers/6753cac814ba3de18a3ab58d4a888fb3672702fe97160839b91d8cdac1ea3860/stats?stream=False HTTP/1.1" 200 1846
09:55:47,717 root INFO Name picoquic-shadow-ivy - Time: 56.10s - CPU Usage: 0.00% - Memory Usage: 58.68MB (11.46%)
09:55:49,730 urllib3.connectionpool DEBUG http://localhost:None "GET /v1.45/containers/3a2d73f6a1b8fb81254eeafffccf8675524b526ebffeaefa544b1fc16e54611a/stats?stream=False HTTP/1.1" 200 1893
09:55:49,730 root INFO Name panther-webapp - Time: 57.99s - CPU Usage: 0.00% - Memory Usage: 122.32MB (23.89%)
09:55:51,736 urllib3.connectionpool DEBUG http://localhost:None "GET /v1.45/containers/d2aadf9e8161266909e1db3ad899e053e65da320ea7c7d59ba3abcf652a0b396/stats?stream=False HTTP/1.1" 200 1864
09:55:51,738 root INFO Name picoquic-ivy - Time: 59.95s - CPU Usage: 0.00% - Memory Usage: 75.32MB (14.71%)
09:55:52,740 urllib3.connectionpool DEBUG http://localhost:None "GET /v1.45/containers/e60f0c3b7c702b6b34b3b5dfbf35c6ea9e20b4dd8846519a78dde9a4a23c03a8/stats?stream=False HTTP/1.1" 200 1847
09:55:52,740 root INFO Name ping-pong-ivy - Time: 61.08s - CPU Usage: 0.00% - Memory Usage: 58.93MB (11.51%)
09:55:58,733 urllib3.connectionpool DEBUG http://localhost:None "GET /v1.45/containers/6753cac814ba3de18a3ab58d4a888fb3672702fe97160839b91d8cdac1ea3860/stats?stream=False HTTP/1.1" 200 1846
09:55:58,734 root INFO Name picoquic-shadow-ivy - Time: 67.12s - CPU Usage: 0.00% - Memory Usage: 58.77MB (11.48%)
09:56:00,745 urllib3.connectionpool DEBUG http://localhost:None "GET /v1.45/containers/3a2d73f6a1b8fb81254eeafffccf8675524b526ebffeaefa544b1fc16e54611a/stats?stream=False HTTP/1.1" 200 1894
09:56:00,745 root INFO Name panther-webapp - Time: 69.01s - CPU Usage: 0.00% - Memory Usage: 122.32MB (23.89%)
09:56:02,756 urllib3.connectionpool DEBUG http://localhost:None "GET /v1.45/containers/d2aadf9e8161266909e1db3ad899e053e65da320ea7c7d59ba3abcf652a0b396/stats?stream=False HTTP/1.1" 200 1864
09:56:02,756 root INFO Name picoquic-ivy - Time: 70.97s - CPU Usage: 0.00% - Memory Usage: 75.32MB (14.71%)
09:56:03,760 urllib3.connectionpool DEBUG http://localhost:None "GET /v1.45/containers/e60f0c3b7c702b6b34b3b5dfbf35c6ea9e20b4dd8846519a78dde9a4a23c03a8/stats?stream=False HTTP/1.1" 200 1847
09:56:03,760 root INFO Name ping-pong-ivy - Time: 72.10s - CPU Usage: 0.00% - Memory Usage: 58.93MB (11.51%)
09:56:09,751 urllib3.connectionpool DEBUG http://localhost:None "GET /v1.45/containers/6753cac814ba3de18a3ab58d4a888fb3672702fe97160839b91d8cdac1ea3860/stats?stream=False HTTP/1.1" 200 1846
09:56:09,752 root INFO Name picoquic-shadow-ivy - Time: 78.13s - CPU Usage: 0.00% - Memory Usage: 58.78MB (11.48%)
09:56:11,800 urllib3.connectionpool DEBUG http://localhost:None "GET /v1.45/containers/3a2d73f6a1b8fb81254eeafffccf8675524b526ebffeaefa544b1fc16e54611a/stats?stream=False HTTP/1.1" 200 1894
09:56:11,801 root INFO Name panther-webapp - Time: 80.07s - CPU Usage: 0.00% - Memory Usage: 122.32MB (23.89%)
09:56:13,807 urllib3.connectionpool DEBUG http://localhost:None "GET /v1.45/containers/d2aadf9e8161266909e1db3ad899e053e65da320ea7c7d59ba3abcf652a0b396/stats?stream=False HTTP/1.1" 200 1866
09:56:13,809 root INFO Name picoquic-ivy - Time: 82.02s - CPU Usage: 0.00% - Memory Usage: 75.32MB (14.71%)
09:56:14,812 urllib3.connectionpool DEBUG http://localhost:None "GET /v1.45/containers/e60f0c3b7c702b6b34b3b5dfbf35c6ea9e20b4dd8846519a78dde9a4a23c03a8/stats?stream=False HTTP/1.1" 200 1847
09:56:14,813 root INFO Name ping-pong-ivy - Time: 83.15s - CPU Usage: 0.00% - Memory Usage: 58.93MB (11.51%)
09:56:20,766 urllib3.connectionpool DEBUG http://localhost:None "GET /v1.45/containers/6753cac814ba3de18a3ab58d4a888fb3672702fe97160839b91d8cdac1ea3860/stats?stream=False HTTP/1.1" 200 1848
09:56:20,766 root INFO Name picoquic-shadow-ivy - Time: 89.15s - CPU Usage: 0.00% - Memory Usage: 58.78MB (11.48%)
09:56:22,822 urllib3.connectionpool DEBUG http://localhost:None "GET /v1.45/containers/3a2d73f6a1b8fb81254eeafffccf8675524b526ebffeaefa544b1fc16e54611a/stats?stream=False HTTP/1.1" 200 1894
09:56:22,823 root INFO Name panther-webapp - Time: 91.09s - CPU Usage: 0.00% - Memory Usage: 122.31MB (23.89%)
09:56:24,828 urllib3.connectionpool DEBUG http://localhost:None "GET /v1.45/containers/d2aadf9e8161266909e1db3ad899e053e65da320ea7c7d59ba3abcf652a0b396/stats?stream=False HTTP/1.1" 200 1866
09:56:24,828 root INFO Name picoquic-ivy - Time: 93.04s - CPU Usage: 0.00% - Memory Usage: 75.32MB (14.71%)
09:56:25,832 urllib3.connectionpool DEBUG http://localhost:None "GET /v1.45/containers/e60f0c3b7c702b6b34b3b5dfbf35c6ea9e20b4dd8846519a78dde9a4a23c03a8/stats?stream=False HTTP/1.1" 200 1849
09:56:25,833 root INFO Name ping-pong-ivy - Time: 94.17s - CPU Usage: 0.00% - Memory Usage: 59.02MB (11.53%)
09:56:31,801 urllib3.connectionpool DEBUG http://localhost:None "GET /v1.45/containers/6753cac814ba3de18a3ab58d4a888fb3672702fe97160839b91d8cdac1ea3860/stats?stream=False HTTP/1.1" 200 1848
09:56:31,801 root INFO Name picoquic-shadow-ivy - Time: 100.18s - CPU Usage: 0.00% - Memory Usage: 58.77MB (11.48%)
09:56:33,838 urllib3.connectionpool DEBUG http://localhost:None "GET /v1.45/containers/3a2d73f6a1b8fb81254eeafffccf8675524b526ebffeaefa544b1fc16e54611a/stats?stream=False HTTP/1.1" 200 1895
09:56:33,839 root INFO Name panther-webapp - Time: 102.10s - CPU Usage: 0.00% - Memory Usage: 122.32MB (23.89%)
09:56:35,842 urllib3.connectionpool DEBUG http://localhost:None "GET /v1.45/containers/d2aadf9e8161266909e1db3ad899e053e65da320ea7c7d59ba3abcf652a0b396/stats?stream=False HTTP/1.1" 200 1866
09:56:35,843 root INFO Name picoquic-ivy - Time: 104.06s - CPU Usage: 0.00% - Memory Usage: 75.32MB (14.71%)
09:56:37,848 urllib3.connectionpool DEBUG http://localhost:None "GET /v1.45/containers/e60f0c3b7c702b6b34b3b5dfbf35c6ea9e20b4dd8846519a78dde9a4a23c03a8/stats?stream=False HTTP/1.1" 200 1849
09:56:37,848 root INFO Name ping-pong-ivy - Time: 106.19s - CPU Usage: 0.00% - Memory Usage: 59.02MB (11.53%)
09:56:42,819 urllib3.connectionpool DEBUG http://localhost:None "GET /v1.45/containers/6753cac814ba3de18a3ab58d4a888fb3672702fe97160839b91d8cdac1ea3860/stats?stream=False HTTP/1.1" 200 1848
09:56:42,820 root INFO Name picoquic-shadow-ivy - Time: 111.20s - CPU Usage: 0.00% - Memory Usage: 58.78MB (11.48%)
09:56:44,855 urllib3.connectionpool DEBUG http://localhost:None "GET /v1.45/containers/3a2d73f6a1b8fb81254eeafffccf8675524b526ebffeaefa544b1fc16e54611a/stats?stream=False HTTP/1.1" 200 1899
09:56:44,855 root INFO Name panther-webapp - Time: 113.12s - CPU Usage: 0.00% - Memory Usage: 124.11MB (24.24%)
09:56:46,861 urllib3.connectionpool DEBUG http://localhost:None "GET /v1.45/containers/d2aadf9e8161266909e1db3ad899e053e65da320ea7c7d59ba3abcf652a0b396/stats?stream=False HTTP/1.1" 200 1894
09:56:46,862 root INFO Name picoquic-ivy - Time: 115.08s - CPU Usage: 0.00% - Memory Usage: 443.79MB (86.68%)
09:56:48,865 urllib3.connectionpool DEBUG http://localhost:None "GET /v1.45/containers/e60f0c3b7c702b6b34b3b5dfbf35c6ea9e20b4dd8846519a78dde9a4a23c03a8/stats?stream=False HTTP/1.1" 200 1854
09:56:48,866 root INFO Name ping-pong-ivy - Time: 117.21s - CPU Usage: 0.00% - Memory Usage: 59.53MB (11.63%)
09:56:53,833 urllib3.connectionpool DEBUG http://localhost:None "GET /v1.45/containers/6753cac814ba3de18a3ab58d4a888fb3672702fe97160839b91d8cdac1ea3860/stats?stream=False HTTP/1.1" 200 1853
09:56:53,834 root INFO Name picoquic-shadow-ivy - Time: 122.22s - CPU Usage: 0.00% - Memory Usage: 58.81MB (11.49%)
09:56:55,871 urllib3.connectionpool DEBUG http://localhost:None "GET /v1.45/containers/3a2d73f6a1b8fb81254eeafffccf8675524b526ebffeaefa544b1fc16e54611a/stats?stream=False HTTP/1.1" 200 1899
09:56:55,871 root INFO Name panther-webapp - Time: 124.14s - CPU Usage: 0.00% - Memory Usage: 124.11MB (24.24%)
09:56:57,876 urllib3.connectionpool DEBUG http://localhost:None "GET /v1.45/containers/d2aadf9e8161266909e1db3ad899e053e65da320ea7c7d59ba3abcf652a0b396/stats?stream=False HTTP/1.1" 200 1902
09:56:57,877 root INFO Name picoquic-ivy - Time: 126.09s - CPU Usage: 0.00% - Memory Usage: 489.83MB (95.67%)
09:56:59,885 urllib3.connectionpool DEBUG http://localhost:None "GET /v1.45/containers/e60f0c3b7c702b6b34b3b5dfbf35c6ea9e20b4dd8846519a78dde9a4a23c03a8/stats?stream=False HTTP/1.1" 200 1854
09:56:59,885 root INFO Name ping-pong-ivy - Time: 128.22s - CPU Usage: 0.00% - Memory Usage: 59.55MB (11.63%)
09:57:04,853 urllib3.connectionpool DEBUG http://localhost:None "GET /v1.45/containers/6753cac814ba3de18a3ab58d4a888fb3672702fe97160839b91d8cdac1ea3860/stats?stream=False HTTP/1.1" 200 1856
09:57:04,854 root INFO Name picoquic-shadow-ivy - Time: 133.24s - CPU Usage: 0.00% - Memory Usage: 58.81MB (11.49%)
09:57:06,886 urllib3.connectionpool DEBUG http://localhost:None "GET /v1.45/containers/3a2d73f6a1b8fb81254eeafffccf8675524b526ebffeaefa544b1fc16e54611a/stats?stream=False HTTP/1.1" 200 1898
09:57:06,886 root INFO Name panther-webapp - Time: 135.15s - CPU Usage: 0.00% - Memory Usage: 124.12MB (24.24%)
09:57:08,892 urllib3.connectionpool DEBUG http://localhost:None "GET /v1.45/containers/d2aadf9e8161266909e1db3ad899e053e65da320ea7c7d59ba3abcf652a0b396/stats?stream=False HTTP/1.1" 200 1902
09:57:08,893 root INFO Name picoquic-ivy - Time: 137.11s - CPU Usage: 0.00% - Memory Usage: 489.59MB (95.62%)
09:57:10,901 urllib3.connectionpool DEBUG http://localhost:None "GET /v1.45/containers/e60f0c3b7c702b6b34b3b5dfbf35c6ea9e20b4dd8846519a78dde9a4a23c03a8/stats?stream=False HTTP/1.1" 200 1854
09:57:10,901 root INFO Name ping-pong-ivy - Time: 139.24s - CPU Usage: 0.00% - Memory Usage: 59.55MB (11.63%)
09:57:15,869 urllib3.connectionpool DEBUG http://localhost:None "GET /v1.45/containers/6753cac814ba3de18a3ab58d4a888fb3672702fe97160839b91d8cdac1ea3860/stats?stream=False HTTP/1.1" 200 1856
09:57:15,870 root INFO Name picoquic-shadow-ivy - Time: 144.25s - CPU Usage: 0.00% - Memory Usage: 58.81MB (11.49%)
09:57:17,902 urllib3.connectionpool DEBUG http://localhost:None "GET /v1.45/containers/3a2d73f6a1b8fb81254eeafffccf8675524b526ebffeaefa544b1fc16e54611a/stats?stream=False HTTP/1.1" 200 1899
09:57:17,902 root INFO Name panther-webapp - Time: 146.17s - CPU Usage: 0.00% - Memory Usage: 124.12MB (24.24%)
09:57:19,905 urllib3.connectionpool DEBUG http://localhost:None "GET /v1.45/containers/d2aadf9e8161266909e1db3ad899e053e65da320ea7c7d59ba3abcf652a0b396/stats?stream=False HTTP/1.1" 200 1901
09:57:19,906 root INFO Name picoquic-ivy - Time: 148.12s - CPU Usage: 0.00% - Memory Usage: 489.73MB (95.65%)
09:57:21,914 urllib3.connectionpool DEBUG http://localhost:None "GET /v1.45/containers/e60f0c3b7c702b6b34b3b5dfbf35c6ea9e20b4dd8846519a78dde9a4a23c03a8/stats?stream=False HTTP/1.1" 200 1854
09:57:21,914 root INFO Name ping-pong-ivy - Time: 150.25s - CPU Usage: 0.00% - Memory Usage: 59.55MB (11.63%)
09:57:26,885 urllib3.connectionpool DEBUG http://localhost:None "GET /v1.45/containers/6753cac814ba3de18a3ab58d4a888fb3672702fe97160839b91d8cdac1ea3860/stats?stream=False HTTP/1.1" 200 1856
09:57:26,886 root INFO Name picoquic-shadow-ivy - Time: 155.27s - CPU Usage: 0.00% - Memory Usage: 58.81MB (11.49%)
09:57:28,917 urllib3.connectionpool DEBUG http://localhost:None "GET /v1.45/containers/3a2d73f6a1b8fb81254eeafffccf8675524b526ebffeaefa544b1fc16e54611a/stats?stream=False HTTP/1.1" 200 1899
09:57:28,918 root INFO Name panther-webapp - Time: 157.18s - CPU Usage: 0.00% - Memory Usage: 124.12MB (24.24%)
09:57:30,925 urllib3.connectionpool DEBUG http://localhost:None "GET /v1.45/containers/d2aadf9e8161266909e1db3ad899e053e65da320ea7c7d59ba3abcf652a0b396/stats?stream=False HTTP/1.1" 200 1902
09:57:30,925 root INFO Name picoquic-ivy - Time: 159.14s - CPU Usage: 0.00% - Memory Usage: 489.72MB (95.65%)
09:57:32,930 urllib3.connectionpool DEBUG http://localhost:None "GET /v1.45/containers/e60f0c3b7c702b6b34b3b5dfbf35c6ea9e20b4dd8846519a78dde9a4a23c03a8/stats?stream=False HTTP/1.1" 200 1854
09:57:32,931 root INFO Name ping-pong-ivy - Time: 161.27s - CPU Usage: 0.00% - Memory Usage: 59.56MB (11.63%)
09:57:37,904 urllib3.connectionpool DEBUG http://localhost:None "GET /v1.45/containers/6753cac814ba3de18a3ab58d4a888fb3672702fe97160839b91d8cdac1ea3860/stats?stream=False HTTP/1.1" 200 1856
09:57:37,905 root INFO Name picoquic-shadow-ivy - Time: 166.29s - CPU Usage: 0.00% - Memory Usage: 58.81MB (11.49%)
09:57:39,935 urllib3.connectionpool DEBUG http://localhost:None "GET /v1.45/containers/3a2d73f6a1b8fb81254eeafffccf8675524b526ebffeaefa544b1fc16e54611a/stats?stream=False HTTP/1.1" 200 1899
09:57:39,936 root INFO Name panther-webapp - Time: 168.20s - CPU Usage: 0.00% - Memory Usage: 124.12MB (24.24%)
09:57:41,945 urllib3.connectionpool DEBUG http://localhost:None "GET /v1.45/containers/d2aadf9e8161266909e1db3ad899e053e65da320ea7c7d59ba3abcf652a0b396/stats?stream=False HTTP/1.1" 200 1901
09:57:41,945 root INFO Name picoquic-ivy - Time: 170.16s - CPU Usage: 0.00% - Memory Usage: 489.73MB (95.65%)
09:57:43,948 urllib3.connectionpool DEBUG http://localhost:None "GET /v1.45/containers/e60f0c3b7c702b6b34b3b5dfbf35c6ea9e20b4dd8846519a78dde9a4a23c03a8/stats?stream=False HTTP/1.1" 200 1854
09:57:43,949 root INFO Name ping-pong-ivy - Time: 172.29s - CPU Usage: 0.00% - Memory Usage: 59.54MB (11.63%)
09:57:48,919 urllib3.connectionpool DEBUG http://localhost:None "GET /v1.45/containers/6753cac814ba3de18a3ab58d4a888fb3672702fe97160839b91d8cdac1ea3860/stats?stream=False HTTP/1.1" 200 1855
09:57:48,921 root INFO Name picoquic-shadow-ivy - Time: 177.30s - CPU Usage: 0.00% - Memory Usage: 58.81MB (11.49%)
09:57:50,953 urllib3.connectionpool DEBUG http://localhost:None "GET /v1.45/containers/3a2d73f6a1b8fb81254eeafffccf8675524b526ebffeaefa544b1fc16e54611a/stats?stream=False HTTP/1.1" 200 1899
09:57:50,954 root INFO Name panther-webapp - Time: 179.22s - CPU Usage: 0.00% - Memory Usage: 124.12MB (24.24%)
09:57:52,963 urllib3.connectionpool DEBUG http://localhost:None "GET /v1.45/containers/d2aadf9e8161266909e1db3ad899e053e65da320ea7c7d59ba3abcf652a0b396/stats?stream=False HTTP/1.1" 200 1902
09:57:52,964 root INFO Name picoquic-ivy - Time: 181.18s - CPU Usage: 0.00% - Memory Usage: 489.73MB (95.65%)
09:57:54,970 urllib3.connectionpool DEBUG http://localhost:None "GET /v1.45/containers/e60f0c3b7c702b6b34b3b5dfbf35c6ea9e20b4dd8846519a78dde9a4a23c03a8/stats?stream=False HTTP/1.1" 200 1853
09:57:54,971 root INFO Name ping-pong-ivy - Time: 183.31s - CPU Usage: 0.00% - Memory Usage: 59.55MB (11.63%)
09:57:59,934 urllib3.connectionpool DEBUG http://localhost:None "GET /v1.45/containers/6753cac814ba3de18a3ab58d4a888fb3672702fe97160839b91d8cdac1ea3860/stats?stream=False HTTP/1.1" 200 1853
09:57:59,934 root INFO Name picoquic-shadow-ivy - Time: 188.32s - CPU Usage: 0.00% - Memory Usage: 58.81MB (11.49%)
09:58:01,970 urllib3.connectionpool DEBUG http://localhost:None "GET /v1.45/containers/3a2d73f6a1b8fb81254eeafffccf8675524b526ebffeaefa544b1fc16e54611a/stats?stream=False HTTP/1.1" 200 1899
09:58:01,971 root INFO Name panther-webapp - Time: 190.24s - CPU Usage: 0.00% - Memory Usage: 124.13MB (24.24%)
09:58:03,978 urllib3.connectionpool DEBUG http://localhost:None "GET /v1.45/containers/d2aadf9e8161266909e1db3ad899e053e65da320ea7c7d59ba3abcf652a0b396/stats?stream=False HTTP/1.1" 200 1899
09:58:03,978 root INFO Name picoquic-ivy - Time: 192.19s - CPU Usage: 0.00% - Memory Usage: 489.30MB (95.57%)
09:58:05,986 urllib3.connectionpool DEBUG http://localhost:None "GET /v1.45/containers/e60f0c3b7c702b6b34b3b5dfbf35c6ea9e20b4dd8846519a78dde9a4a23c03a8/stats?stream=False HTTP/1.1" 200 1854
09:58:05,986 root INFO Name ping-pong-ivy - Time: 194.33s - CPU Usage: 0.00% - Memory Usage: 59.55MB (11.63%)
09:58:10,950 urllib3.connectionpool DEBUG http://localhost:None "GET /v1.45/containers/6753cac814ba3de18a3ab58d4a888fb3672702fe97160839b91d8cdac1ea3860/stats?stream=False HTTP/1.1" 200 1853
09:58:10,950 root INFO Name picoquic-shadow-ivy - Time: 199.33s - CPU Usage: 0.00% - Memory Usage: 58.81MB (11.49%)
09:58:12,987 urllib3.connectionpool DEBUG http://localhost:None "GET /v1.45/containers/3a2d73f6a1b8fb81254eeafffccf8675524b526ebffeaefa544b1fc16e54611a/stats?stream=False HTTP/1.1" 200 1900
09:58:12,988 root INFO Name panther-webapp - Time: 201.25s - CPU Usage: 0.00% - Memory Usage: 124.07MB (24.23%)
09:58:14,995 urllib3.connectionpool DEBUG http://localhost:None "GET /v1.45/containers/d2aadf9e8161266909e1db3ad899e053e65da320ea7c7d59ba3abcf652a0b396/stats?stream=False HTTP/1.1" 200 1895
09:58:14,996 root INFO Name picoquic-ivy - Time: 203.21s - CPU Usage: 0.00% - Memory Usage: 472.37MB (92.26%)
09:58:17,6 urllib3.connectionpool DEBUG http://localhost:None "GET /v1.45/containers/e60f0c3b7c702b6b34b3b5dfbf35c6ea9e20b4dd8846519a78dde9a4a23c03a8/stats?stream=False HTTP/1.1" 200 1854
09:58:17,7 root INFO Name ping-pong-ivy - Time: 205.35s - CPU Usage: 0.00% - Memory Usage: 59.55MB (11.63%)
09:58:21,966 urllib3.connectionpool DEBUG http://localhost:None "GET /v1.45/containers/6753cac814ba3de18a3ab58d4a888fb3672702fe97160839b91d8cdac1ea3860/stats?stream=False HTTP/1.1" 200 1853
09:58:21,966 root INFO Name picoquic-shadow-ivy - Time: 210.35s - CPU Usage: 0.00% - Memory Usage: 58.81MB (11.49%)
09:58:24,3 urllib3.connectionpool DEBUG http://localhost:None "GET /v1.45/containers/3a2d73f6a1b8fb81254eeafffccf8675524b526ebffeaefa544b1fc16e54611a/stats?stream=False HTTP/1.1" 200 1900
09:58:24,3 root INFO Name panther-webapp - Time: 212.27s - CPU Usage: 0.00% - Memory Usage: 124.07MB (24.23%)
09:58:26,10 urllib3.connectionpool DEBUG http://localhost:None "GET /v1.45/containers/d2aadf9e8161266909e1db3ad899e053e65da320ea7c7d59ba3abcf652a0b396/stats?stream=False HTTP/1.1" 200 1895
09:58:26,11 root INFO Name picoquic-ivy - Time: 214.23s - CPU Usage: 0.00% - Memory Usage: 472.37MB (92.26%)
09:58:28,22 urllib3.connectionpool DEBUG http://localhost:None "GET /v1.45/containers/e60f0c3b7c702b6b34b3b5dfbf35c6ea9e20b4dd8846519a78dde9a4a23c03a8/stats?stream=False HTTP/1.1" 200 1854
09:58:28,23 root INFO Name ping-pong-ivy - Time: 216.36s - CPU Usage: 0.00% - Memory Usage: 59.55MB (11.63%)
09:58:32,983 urllib3.connectionpool DEBUG http://localhost:None "GET /v1.45/containers/6753cac814ba3de18a3ab58d4a888fb3672702fe97160839b91d8cdac1ea3860/stats?stream=False HTTP/1.1" 200 1853
09:58:32,984 root INFO Name picoquic-shadow-ivy - Time: 221.37s - CPU Usage: 0.00% - Memory Usage: 58.81MB (11.49%)
09:58:35,19 urllib3.connectionpool DEBUG http://localhost:None "GET /v1.45/containers/3a2d73f6a1b8fb81254eeafffccf8675524b526ebffeaefa544b1fc16e54611a/stats?stream=False HTTP/1.1" 200 1900
09:58:35,20 root INFO Name panther-webapp - Time: 223.28s - CPU Usage: 0.00% - Memory Usage: 124.08MB (24.23%)
09:58:37,24 urllib3.connectionpool DEBUG http://localhost:None "GET /v1.45/containers/d2aadf9e8161266909e1db3ad899e053e65da320ea7c7d59ba3abcf652a0b396/stats?stream=False HTTP/1.1" 200 1898
09:58:37,24 root INFO Name picoquic-ivy - Time: 225.24s - CPU Usage: 0.00% - Memory Usage: 472.37MB (92.26%)
09:58:39,37 urllib3.connectionpool DEBUG http://localhost:None "GET /v1.45/containers/e60f0c3b7c702b6b34b3b5dfbf35c6ea9e20b4dd8846519a78dde9a4a23c03a8/stats?stream=False HTTP/1.1" 200 1854
09:58:39,38 root INFO Name ping-pong-ivy - Time: 227.38s - CPU Usage: 0.00% - Memory Usage: 59.55MB (11.63%)
09:58:44,1 urllib3.connectionpool DEBUG http://localhost:None "GET /v1.45/containers/6753cac814ba3de18a3ab58d4a888fb3672702fe97160839b91d8cdac1ea3860/stats?stream=False HTTP/1.1" 200 1855
09:58:44,1 root INFO Name picoquic-shadow-ivy - Time: 232.38s - CPU Usage: 0.00% - Memory Usage: 58.82MB (11.49%)
09:58:46,33 urllib3.connectionpool DEBUG http://localhost:None "GET /v1.45/containers/3a2d73f6a1b8fb81254eeafffccf8675524b526ebffeaefa544b1fc16e54611a/stats?stream=False HTTP/1.1" 200 1900
09:58:46,33 root INFO Name panther-webapp - Time: 234.30s - CPU Usage: 0.00% - Memory Usage: 123.84MB (24.19%)
09:58:48,41 urllib3.connectionpool DEBUG http://localhost:None "GET /v1.45/containers/d2aadf9e8161266909e1db3ad899e053e65da320ea7c7d59ba3abcf652a0b396/stats?stream=False HTTP/1.1" 200 1899
09:58:48,43 root INFO Name picoquic-ivy - Time: 236.26s - CPU Usage: 0.00% - Memory Usage: 423.13MB (82.64%)
09:58:50,53 urllib3.connectionpool DEBUG http://localhost:None "GET /v1.45/containers/e60f0c3b7c702b6b34b3b5dfbf35c6ea9e20b4dd8846519a78dde9a4a23c03a8/stats?stream=False HTTP/1.1" 200 1855
09:58:50,53 root INFO Name ping-pong-ivy - Time: 238.39s - CPU Usage: 0.00% - Memory Usage: 59.62MB (11.65%)
09:58:55,14 urllib3.connectionpool DEBUG http://localhost:None "GET /v1.45/containers/6753cac814ba3de18a3ab58d4a888fb3672702fe97160839b91d8cdac1ea3860/stats?stream=False HTTP/1.1" 200 1855
09:58:55,15 root INFO Name picoquic-shadow-ivy - Time: 243.40s - CPU Usage: 0.00% - Memory Usage: 58.82MB (11.49%)
09:58:57,52 urllib3.connectionpool DEBUG http://localhost:None "GET /v1.45/containers/3a2d73f6a1b8fb81254eeafffccf8675524b526ebffeaefa544b1fc16e54611a/stats?stream=False HTTP/1.1" 200 1901
09:58:57,52 root INFO Name panther-webapp - Time: 245.32s - CPU Usage: 0.00% - Memory Usage: 123.84MB (24.19%)
09:58:59,62 urllib3.connectionpool DEBUG http://localhost:None "GET /v1.45/containers/d2aadf9e8161266909e1db3ad899e053e65da320ea7c7d59ba3abcf652a0b396/stats?stream=False HTTP/1.1" 200 1899
09:58:59,63 root INFO Name picoquic-ivy - Time: 247.28s - CPU Usage: 0.00% - Memory Usage: 423.04MB (82.62%)
09:59:01,70 urllib3.connectionpool DEBUG http://localhost:None "GET /v1.45/containers/e60f0c3b7c702b6b34b3b5dfbf35c6ea9e20b4dd8846519a78dde9a4a23c03a8/stats?stream=False HTTP/1.1" 200 1855
09:59:01,71 root INFO Name ping-pong-ivy - Time: 249.41s - CPU Usage: 0.00% - Memory Usage: 59.63MB (11.65%)
09:59:06,29 urllib3.connectionpool DEBUG http://localhost:None "GET /v1.45/containers/6753cac814ba3de18a3ab58d4a888fb3672702fe97160839b91d8cdac1ea3860/stats?stream=False HTTP/1.1" 200 1855
09:59:06,30 root INFO Name picoquic-shadow-ivy - Time: 254.41s - CPU Usage: 0.00% - Memory Usage: 58.82MB (11.49%)
09:59:08,66 urllib3.connectionpool DEBUG http://localhost:None "GET /v1.45/containers/3a2d73f6a1b8fb81254eeafffccf8675524b526ebffeaefa544b1fc16e54611a/stats?stream=False HTTP/1.1" 200 1901
09:59:08,66 root INFO Name panther-webapp - Time: 256.33s - CPU Usage: 0.00% - Memory Usage: 123.85MB (24.19%)
09:59:10,77 urllib3.connectionpool DEBUG http://localhost:None "GET /v1.45/containers/d2aadf9e8161266909e1db3ad899e053e65da320ea7c7d59ba3abcf652a0b396/stats?stream=False HTTP/1.1" 200 1899
09:59:10,77 root INFO Name picoquic-ivy - Time: 258.29s - CPU Usage: 0.00% - Memory Usage: 423.04MB (82.63%)
09:59:12,86 urllib3.connectionpool DEBUG http://localhost:None "GET /v1.45/containers/e60f0c3b7c702b6b34b3b5dfbf35c6ea9e20b4dd8846519a78dde9a4a23c03a8/stats?stream=False HTTP/1.1" 200 1855
09:59:12,87 root INFO Name ping-pong-ivy - Time: 260.43s - CPU Usage: 0.00% - Memory Usage: 59.62MB (11.65%)
09:59:17,46 urllib3.connectionpool DEBUG http://localhost:None "GET /v1.45/containers/6753cac814ba3de18a3ab58d4a888fb3672702fe97160839b91d8cdac1ea3860/stats?stream=False HTTP/1.1" 200 1855
09:59:17,47 root INFO Name picoquic-shadow-ivy - Time: 265.43s - CPU Usage: 0.00% - Memory Usage: 58.82MB (11.49%)
09:59:19,82 urllib3.connectionpool DEBUG http://localhost:None "GET /v1.45/containers/3a2d73f6a1b8fb81254eeafffccf8675524b526ebffeaefa544b1fc16e54611a/stats?stream=False HTTP/1.1" 200 1901
09:59:19,82 root INFO Name panther-webapp - Time: 267.35s - CPU Usage: 0.00% - Memory Usage: 123.98MB (24.21%)
09:59:21,93 urllib3.connectionpool DEBUG http://localhost:None "GET /v1.45/containers/d2aadf9e8161266909e1db3ad899e053e65da320ea7c7d59ba3abcf652a0b396/stats?stream=False HTTP/1.1" 200 1896
09:59:21,94 root INFO Name picoquic-ivy - Time: 269.31s - CPU Usage: 0.00% - Memory Usage: 423.04MB (82.63%)
09:59:23,104 urllib3.connectionpool DEBUG http://localhost:None "GET /v1.45/containers/e60f0c3b7c702b6b34b3b5dfbf35c6ea9e20b4dd8846519a78dde9a4a23c03a8/stats?stream=False HTTP/1.1" 200 1854
09:59:23,105 root INFO Name ping-pong-ivy - Time: 271.44s - CPU Usage: 0.00% - Memory Usage: 59.63MB (11.65%)
09:59:28,63 urllib3.connectionpool DEBUG http://localhost:None "GET /v1.45/containers/6753cac814ba3de18a3ab58d4a888fb3672702fe97160839b91d8cdac1ea3860/stats?stream=False HTTP/1.1" 200 1855
09:59:28,64 root INFO Name picoquic-shadow-ivy - Time: 276.45s - CPU Usage: 0.00% - Memory Usage: 58.82MB (11.49%)
09:59:30,99 urllib3.connectionpool DEBUG http://localhost:None "GET /v1.45/containers/3a2d73f6a1b8fb81254eeafffccf8675524b526ebffeaefa544b1fc16e54611a/stats?stream=False HTTP/1.1" 200 1900
09:59:30,100 root INFO Name panther-webapp - Time: 278.36s - CPU Usage: 0.00% - Memory Usage: 123.85MB (24.19%)
09:59:32,116 urllib3.connectionpool DEBUG http://localhost:None "GET /v1.45/containers/d2aadf9e8161266909e1db3ad899e053e65da320ea7c7d59ba3abcf652a0b396/stats?stream=False HTTP/1.1" 200 1899
09:59:32,117 root INFO Name picoquic-ivy - Time: 280.33s - CPU Usage: 0.00% - Memory Usage: 423.04MB (82.63%)
09:59:34,124 urllib3.connectionpool DEBUG http://localhost:None "GET /v1.45/containers/e60f0c3b7c702b6b34b3b5dfbf35c6ea9e20b4dd8846519a78dde9a4a23c03a8/stats?stream=False HTTP/1.1" 200 1855
09:59:34,124 root INFO Name ping-pong-ivy - Time: 282.46s - CPU Usage: 0.00% - Memory Usage: 59.63MB (11.65%)
09:59:39,80 urllib3.connectionpool DEBUG http://localhost:None "GET /v1.45/containers/6753cac814ba3de18a3ab58d4a888fb3672702fe97160839b91d8cdac1ea3860/stats?stream=False HTTP/1.1" 200 1855
09:59:39,81 root INFO Name picoquic-shadow-ivy - Time: 287.46s - CPU Usage: 0.00% - Memory Usage: 58.82MB (11.49%)
09:59:41,117 urllib3.connectionpool DEBUG http://localhost:None "GET /v1.45/containers/3a2d73f6a1b8fb81254eeafffccf8675524b526ebffeaefa544b1fc16e54611a/stats?stream=False HTTP/1.1" 200 1901
09:59:41,118 root INFO Name panther-webapp - Time: 289.38s - CPU Usage: 0.00% - Memory Usage: 123.85MB (24.19%)
09:59:43,133 urllib3.connectionpool DEBUG http://localhost:None "GET /v1.45/containers/d2aadf9e8161266909e1db3ad899e053e65da320ea7c7d59ba3abcf652a0b396/stats?stream=False HTTP/1.1" 200 1896
09:59:43,134 root INFO Name picoquic-ivy - Time: 291.35s - CPU Usage: 0.00% - Memory Usage: 423.04MB (82.63%)
09:59:45,138 urllib3.connectionpool DEBUG http://localhost:None "GET /v1.45/containers/e60f0c3b7c702b6b34b3b5dfbf35c6ea9e20b4dd8846519a78dde9a4a23c03a8/stats?stream=False HTTP/1.1" 200 1853
09:59:45,138 root INFO Name ping-pong-ivy - Time: 293.48s - CPU Usage: 0.00% - Memory Usage: 59.63MB (11.65%)
09:59:50,93 urllib3.connectionpool DEBUG http://localhost:None "GET /v1.45/containers/6753cac814ba3de18a3ab58d4a888fb3672702fe97160839b91d8cdac1ea3860/stats?stream=False HTTP/1.1" 200 1855
09:59:50,93 root INFO Name picoquic-shadow-ivy - Time: 298.48s - CPU Usage: 0.00% - Memory Usage: 58.82MB (11.49%)
09:59:52,137 urllib3.connectionpool DEBUG http://localhost:None "GET /v1.45/containers/3a2d73f6a1b8fb81254eeafffccf8675524b526ebffeaefa544b1fc16e54611a/stats?stream=False HTTP/1.1" 200 1901
09:59:52,138 root INFO Name panther-webapp - Time: 300.40s - CPU Usage: 0.00% - Memory Usage: 123.86MB (24.19%)
09:59:54,154 urllib3.connectionpool DEBUG http://localhost:None "GET /v1.45/containers/d2aadf9e8161266909e1db3ad899e053e65da320ea7c7d59ba3abcf652a0b396/stats?stream=False HTTP/1.1" 200 1899
09:59:54,155 root INFO Name picoquic-ivy - Time: 302.37s - CPU Usage: 0.00% - Memory Usage: 423.04MB (82.63%)
09:59:56,162 urllib3.connectionpool DEBUG http://localhost:None "GET /v1.45/containers/e60f0c3b7c702b6b34b3b5dfbf35c6ea9e20b4dd8846519a78dde9a4a23c03a8/stats?stream=False HTTP/1.1" 200 1855
09:59:56,163 root INFO Name ping-pong-ivy - Time: 304.50s - CPU Usage: 0.00% - Memory Usage: 59.63MB (11.65%)
10:00:01,110 urllib3.connectionpool DEBUG http://localhost:None "GET /v1.45/containers/6753cac814ba3de18a3ab58d4a888fb3672702fe97160839b91d8cdac1ea3860/stats?stream=False HTTP/1.1" 200 1855
10:00:01,110 root INFO Name picoquic-shadow-ivy - Time: 309.49s - CPU Usage: 0.00% - Memory Usage: 58.82MB (11.49%)
10:00:03,155 urllib3.connectionpool DEBUG http://localhost:None "GET /v1.45/containers/3a2d73f6a1b8fb81254eeafffccf8675524b526ebffeaefa544b1fc16e54611a/stats?stream=False HTTP/1.1" 200 1901
10:00:03,156 root INFO Name panther-webapp - Time: 311.42s - CPU Usage: 0.00% - Memory Usage: 123.85MB (24.19%)
10:00:05,173 urllib3.connectionpool DEBUG http://localhost:None "GET /v1.45/containers/d2aadf9e8161266909e1db3ad899e053e65da320ea7c7d59ba3abcf652a0b396/stats?stream=False HTTP/1.1" 200 1899
10:00:05,174 root INFO Name picoquic-ivy - Time: 313.39s - CPU Usage: 0.00% - Memory Usage: 423.04MB (82.63%)
10:00:07,180 urllib3.connectionpool DEBUG http://localhost:None "GET /v1.45/containers/e60f0c3b7c702b6b34b3b5dfbf35c6ea9e20b4dd8846519a78dde9a4a23c03a8/stats?stream=False HTTP/1.1" 200 1855
10:00:07,180 root INFO Name ping-pong-ivy - Time: 315.52s - CPU Usage: 0.00% - Memory Usage: 59.63MB (11.65%)
10:00:12,128 urllib3.connectionpool DEBUG http://localhost:None "GET /v1.45/containers/6753cac814ba3de18a3ab58d4a888fb3672702fe97160839b91d8cdac1ea3860/stats?stream=False HTTP/1.1" 200 1856
10:00:12,128 root INFO Name picoquic-shadow-ivy - Time: 320.51s - CPU Usage: 0.00% - Memory Usage: 58.82MB (11.49%)
10:00:14,174 urllib3.connectionpool DEBUG http://localhost:None "GET /v1.45/containers/3a2d73f6a1b8fb81254eeafffccf8675524b526ebffeaefa544b1fc16e54611a/stats?stream=False HTTP/1.1" 200 1901
10:00:14,175 root INFO Name panther-webapp - Time: 322.44s - CPU Usage: 0.00% - Memory Usage: 123.85MB (24.19%)
10:00:16,192 urllib3.connectionpool DEBUG http://localhost:None "GET /v1.45/containers/d2aadf9e8161266909e1db3ad899e053e65da320ea7c7d59ba3abcf652a0b396/stats?stream=False HTTP/1.1" 200 1899
10:00:16,193 root INFO Name picoquic-ivy - Time: 324.41s - CPU Usage: 0.00% - Memory Usage: 423.04MB (82.63%)
10:00:18,200 urllib3.connectionpool DEBUG http://localhost:None "GET /v1.45/containers/e60f0c3b7c702b6b34b3b5dfbf35c6ea9e20b4dd8846519a78dde9a4a23c03a8/stats?stream=False HTTP/1.1" 200 1856
10:00:18,201 root INFO Name ping-pong-ivy - Time: 326.54s - CPU Usage: 0.00% - Memory Usage: 59.75MB (11.67%)
10:00:23,146 urllib3.connectionpool DEBUG http://localhost:None "GET /v1.45/containers/6753cac814ba3de18a3ab58d4a888fb3672702fe97160839b91d8cdac1ea3860/stats?stream=False HTTP/1.1" 200 1857
10:00:23,147 root INFO Name picoquic-shadow-ivy - Time: 331.53s - CPU Usage: 0.00% - Memory Usage: 58.82MB (11.49%)
10:00:25,194 urllib3.connectionpool DEBUG http://localhost:None "GET /v1.45/containers/3a2d73f6a1b8fb81254eeafffccf8675524b526ebffeaefa544b1fc16e54611a/stats?stream=False HTTP/1.1" 200 1901
10:00:25,195 root INFO Name panther-webapp - Time: 333.46s - CPU Usage: 0.00% - Memory Usage: 123.85MB (24.19%)
10:00:27,213 urllib3.connectionpool DEBUG http://localhost:None "GET /v1.45/containers/d2aadf9e8161266909e1db3ad899e053e65da320ea7c7d59ba3abcf652a0b396/stats?stream=False HTTP/1.1" 200 1899
10:00:27,214 root INFO Name picoquic-ivy - Time: 335.43s - CPU Usage: 0.00% - Memory Usage: 423.04MB (82.63%)
10:00:29,222 urllib3.connectionpool DEBUG http://localhost:None "GET /v1.45/containers/e60f0c3b7c702b6b34b3b5dfbf35c6ea9e20b4dd8846519a78dde9a4a23c03a8/stats?stream=False HTTP/1.1" 200 1857
10:00:29,222 root INFO Name ping-pong-ivy - Time: 337.56s - CPU Usage: 0.00% - Memory Usage: 59.63MB (11.65%)
10:00:34,166 urllib3.connectionpool DEBUG http://localhost:None "GET /v1.45/containers/6753cac814ba3de18a3ab58d4a888fb3672702fe97160839b91d8cdac1ea3860/stats?stream=False HTTP/1.1" 200 1855
10:00:34,167 root INFO Name picoquic-shadow-ivy - Time: 342.55s - CPU Usage: 0.00% - Memory Usage: 58.94MB (11.51%)
10:00:36,213 urllib3.connectionpool DEBUG http://localhost:None "GET /v1.45/containers/3a2d73f6a1b8fb81254eeafffccf8675524b526ebffeaefa544b1fc16e54611a/stats?stream=False HTTP/1.1" 200 1901
10:00:36,214 root INFO Name panther-webapp - Time: 344.48s - CPU Usage: 0.00% - Memory Usage: 123.86MB (24.19%)
10:00:38,232 urllib3.connectionpool DEBUG http://localhost:None "GET /v1.45/containers/d2aadf9e8161266909e1db3ad899e053e65da320ea7c7d59ba3abcf652a0b396/stats?stream=False HTTP/1.1" 200 1898
10:00:38,233 root INFO Name picoquic-ivy - Time: 346.45s - CPU Usage: 0.00% - Memory Usage: 423.04MB (82.62%)
10:00:40,243 urllib3.connectionpool DEBUG http://localhost:None "GET /v1.45/containers/e60f0c3b7c702b6b34b3b5dfbf35c6ea9e20b4dd8846519a78dde9a4a23c03a8/stats?stream=False HTTP/1.1" 200 1857
10:00:40,243 root INFO Name ping-pong-ivy - Time: 348.58s - CPU Usage: 0.00% - Memory Usage: 59.63MB (11.65%)
10:00:45,184 urllib3.connectionpool DEBUG http://localhost:None "GET /v1.45/containers/6753cac814ba3de18a3ab58d4a888fb3672702fe97160839b91d8cdac1ea3860/stats?stream=False HTTP/1.1" 200 1857
10:00:45,185 root INFO Name picoquic-shadow-ivy - Time: 353.57s - CPU Usage: 0.00% - Memory Usage: 58.82MB (11.49%)
10:00:47,233 urllib3.connectionpool DEBUG http://localhost:None "GET /v1.45/containers/3a2d73f6a1b8fb81254eeafffccf8675524b526ebffeaefa544b1fc16e54611a/stats?stream=False HTTP/1.1" 200 1900
10:00:47,234 root INFO Name panther-webapp - Time: 355.50s - CPU Usage: 0.00% - Memory Usage: 123.86MB (24.19%)
10:00:49,244 urllib3.connectionpool DEBUG http://localhost:None "GET /v1.45/containers/d2aadf9e8161266909e1db3ad899e053e65da320ea7c7d59ba3abcf652a0b396/stats?stream=False HTTP/1.1" 200 1899
10:00:49,245 root INFO Name picoquic-ivy - Time: 357.46s - CPU Usage: 0.00% - Memory Usage: 423.04MB (82.63%)
10:00:51,261 urllib3.connectionpool DEBUG http://localhost:None "GET /v1.45/containers/e60f0c3b7c702b6b34b3b5dfbf35c6ea9e20b4dd8846519a78dde9a4a23c03a8/stats?stream=False HTTP/1.1" 200 1857
10:00:51,262 root INFO Name ping-pong-ivy - Time: 359.60s - CPU Usage: 0.00% - Memory Usage: 59.63MB (11.65%)
10:00:56,198 urllib3.connectionpool DEBUG http://localhost:None "GET /v1.45/containers/6753cac814ba3de18a3ab58d4a888fb3672702fe97160839b91d8cdac1ea3860/stats?stream=False HTTP/1.1" 200 1857
10:00:56,199 root INFO Name picoquic-shadow-ivy - Time: 364.58s - CPU Usage: 0.00% - Memory Usage: 58.82MB (11.49%)
10:00:58,251 urllib3.connectionpool DEBUG http://localhost:None "GET /v1.45/containers/3a2d73f6a1b8fb81254eeafffccf8675524b526ebffeaefa544b1fc16e54611a/stats?stream=False HTTP/1.1" 200 1900
10:00:58,252 root INFO Name panther-webapp - Time: 366.52s - CPU Usage: 0.00% - Memory Usage: 123.87MB (24.19%)
10:01:00,259 urllib3.connectionpool DEBUG http://localhost:None "GET /v1.45/containers/d2aadf9e8161266909e1db3ad899e053e65da320ea7c7d59ba3abcf652a0b396/stats?stream=False HTTP/1.1" 200 1899
10:01:00,260 root INFO Name picoquic-ivy - Time: 368.48s - CPU Usage: 0.00% - Memory Usage: 423.23MB (82.66%)
10:01:02,279 urllib3.connectionpool DEBUG http://localhost:None "GET /v1.45/containers/e60f0c3b7c702b6b34b3b5dfbf35c6ea9e20b4dd8846519a78dde9a4a23c03a8/stats?stream=False HTTP/1.1" 200 1857
10:01:02,280 root INFO Name ping-pong-ivy - Time: 370.62s - CPU Usage: 0.00% - Memory Usage: 59.63MB (11.65%)
10:01:07,217 urllib3.connectionpool DEBUG http://localhost:None "GET /v1.45/containers/6753cac814ba3de18a3ab58d4a888fb3672702fe97160839b91d8cdac1ea3860/stats?stream=False HTTP/1.1" 200 1857
10:01:07,218 root INFO Name picoquic-shadow-ivy - Time: 375.60s - CPU Usage: 0.00% - Memory Usage: 58.82MB (11.49%)
10:01:09,269 urllib3.connectionpool DEBUG http://localhost:None "GET /v1.45/containers/3a2d73f6a1b8fb81254eeafffccf8675524b526ebffeaefa544b1fc16e54611a/stats?stream=False HTTP/1.1" 200 1901
10:01:09,271 root INFO Name panther-webapp - Time: 377.53s - CPU Usage: 0.00% - Memory Usage: 123.87MB (24.19%)
10:01:11,275 urllib3.connectionpool DEBUG http://localhost:None "GET /v1.45/containers/d2aadf9e8161266909e1db3ad899e053e65da320ea7c7d59ba3abcf652a0b396/stats?stream=False HTTP/1.1" 200 1901
10:01:11,276 root INFO Name picoquic-ivy - Time: 379.49s - CPU Usage: 0.00% - Memory Usage: 423.04MB (82.63%)
10:01:13,300 urllib3.connectionpool DEBUG http://localhost:None "GET /v1.45/containers/e60f0c3b7c702b6b34b3b5dfbf35c6ea9e20b4dd8846519a78dde9a4a23c03a8/stats?stream=False HTTP/1.1" 200 1857
10:01:13,300 root INFO Name ping-pong-ivy - Time: 381.64s - CPU Usage: 0.00% - Memory Usage: 59.63MB (11.65%)
10:01:18,238 urllib3.connectionpool DEBUG http://localhost:None "GET /v1.45/containers/6753cac814ba3de18a3ab58d4a888fb3672702fe97160839b91d8cdac1ea3860/stats?stream=False HTTP/1.1" 200 1857
10:01:18,239 root INFO Name picoquic-shadow-ivy - Time: 386.62s - CPU Usage: 0.00% - Memory Usage: 58.82MB (11.49%)
10:01:20,288 urllib3.connectionpool DEBUG http://localhost:None "GET /v1.45/containers/3a2d73f6a1b8fb81254eeafffccf8675524b526ebffeaefa544b1fc16e54611a/stats?stream=False HTTP/1.1" 200 1901
10:01:20,289 root INFO Name panther-webapp - Time: 388.55s - CPU Usage: 0.00% - Memory Usage: 123.87MB (24.19%)
10:01:22,296 urllib3.connectionpool DEBUG http://localhost:None "GET /v1.45/containers/d2aadf9e8161266909e1db3ad899e053e65da320ea7c7d59ba3abcf652a0b396/stats?stream=False HTTP/1.1" 200 1901
10:01:22,297 root INFO Name picoquic-ivy - Time: 390.51s - CPU Usage: 0.00% - Memory Usage: 423.04MB (82.63%)
10:01:24,318 urllib3.connectionpool DEBUG http://localhost:None "GET /v1.45/containers/e60f0c3b7c702b6b34b3b5dfbf35c6ea9e20b4dd8846519a78dde9a4a23c03a8/stats?stream=False HTTP/1.1" 200 1856
10:01:24,319 root INFO Name ping-pong-ivy - Time: 392.66s - CPU Usage: 0.00% - Memory Usage: 59.63MB (11.65%)
10:01:29,257 urllib3.connectionpool DEBUG http://localhost:None "GET /v1.45/containers/6753cac814ba3de18a3ab58d4a888fb3672702fe97160839b91d8cdac1ea3860/stats?stream=False HTTP/1.1" 200 1856
10:01:29,258 root INFO Name picoquic-shadow-ivy - Time: 397.64s - CPU Usage: 0.00% - Memory Usage: 58.82MB (11.49%)
10:01:31,305 urllib3.connectionpool DEBUG http://localhost:None "GET /v1.45/containers/3a2d73f6a1b8fb81254eeafffccf8675524b526ebffeaefa544b1fc16e54611a/stats?stream=False HTTP/1.1" 200 1901
10:01:31,306 root INFO Name panther-webapp - Time: 399.57s - CPU Usage: 0.00% - Memory Usage: 123.87MB (24.19%)
10:01:33,315 urllib3.connectionpool DEBUG http://localhost:None "GET /v1.45/containers/d2aadf9e8161266909e1db3ad899e053e65da320ea7c7d59ba3abcf652a0b396/stats?stream=False HTTP/1.1" 200 1901
10:01:33,316 root INFO Name picoquic-ivy - Time: 401.53s - CPU Usage: 0.00% - Memory Usage: 423.04MB (82.63%)
10:01:35,338 urllib3.connectionpool DEBUG http://localhost:None "GET /v1.45/containers/e60f0c3b7c702b6b34b3b5dfbf35c6ea9e20b4dd8846519a78dde9a4a23c03a8/stats?stream=False HTTP/1.1" 200 1857
10:01:35,339 root INFO Name ping-pong-ivy - Time: 403.68s - CPU Usage: 0.00% - Memory Usage: 59.63MB (11.65%)
10:01:40,274 urllib3.connectionpool DEBUG http://localhost:None "GET /v1.45/containers/6753cac814ba3de18a3ab58d4a888fb3672702fe97160839b91d8cdac1ea3860/stats?stream=False HTTP/1.1" 200 1857
10:01:40,274 root INFO Name picoquic-shadow-ivy - Time: 408.66s - CPU Usage: 0.00% - Memory Usage: 58.82MB (11.49%)
10:01:42,321 urllib3.connectionpool DEBUG http://localhost:None "GET /v1.45/containers/3a2d73f6a1b8fb81254eeafffccf8675524b526ebffeaefa544b1fc16e54611a/stats?stream=False HTTP/1.1" 200 1905
10:01:42,322 root INFO Name panther-webapp - Time: 410.59s - CPU Usage: 0.00% - Memory Usage: 123.87MB (24.19%)
10:01:44,330 urllib3.connectionpool DEBUG http://localhost:None "GET /v1.45/containers/d2aadf9e8161266909e1db3ad899e053e65da320ea7c7d59ba3abcf652a0b396/stats?stream=False HTTP/1.1" 200 1898
10:01:44,331 root INFO Name picoquic-ivy - Time: 412.55s - CPU Usage: 0.00% - Memory Usage: 423.04MB (82.63%)
10:01:46,353 urllib3.connectionpool DEBUG http://localhost:None "GET /v1.45/containers/e60f0c3b7c702b6b34b3b5dfbf35c6ea9e20b4dd8846519a78dde9a4a23c03a8/stats?stream=False HTTP/1.1" 200 1857
10:01:46,353 root INFO Name ping-pong-ivy - Time: 414.69s - CPU Usage: 0.00% - Memory Usage: 59.63MB (11.65%)
10:01:51,291 urllib3.connectionpool DEBUG http://localhost:None "GET /v1.45/containers/6753cac814ba3de18a3ab58d4a888fb3672702fe97160839b91d8cdac1ea3860/stats?stream=False HTTP/1.1" 200 1857
10:01:51,291 root INFO Name picoquic-shadow-ivy - Time: 419.67s - CPU Usage: 0.00% - Memory Usage: 59.07MB (11.54%)
10:01:53,339 urllib3.connectionpool DEBUG http://localhost:None "GET /v1.45/containers/3a2d73f6a1b8fb81254eeafffccf8675524b526ebffeaefa544b1fc16e54611a/stats?stream=False HTTP/1.1" 200 1905
10:01:53,339 root INFO Name panther-webapp - Time: 421.60s - CPU Usage: 0.00% - Memory Usage: 123.87MB (24.19%)
10:01:55,345 urllib3.connectionpool DEBUG http://localhost:None "GET /v1.45/containers/d2aadf9e8161266909e1db3ad899e053e65da320ea7c7d59ba3abcf652a0b396/stats?stream=False HTTP/1.1" 200 1901
10:01:55,345 root INFO Name picoquic-ivy - Time: 423.56s - CPU Usage: 0.00% - Memory Usage: 423.04MB (82.63%)
10:01:57,371 urllib3.connectionpool DEBUG http://localhost:None "GET /v1.45/containers/e60f0c3b7c702b6b34b3b5dfbf35c6ea9e20b4dd8846519a78dde9a4a23c03a8/stats?stream=False HTTP/1.1" 200 1858
10:01:57,372 root INFO Name ping-pong-ivy - Time: 425.71s - CPU Usage: 0.00% - Memory Usage: 59.63MB (11.65%)
10:02:02,305 urllib3.connectionpool DEBUG http://localhost:None "GET /v1.45/containers/6753cac814ba3de18a3ab58d4a888fb3672702fe97160839b91d8cdac1ea3860/stats?stream=False HTTP/1.1" 200 1857
10:02:02,306 root INFO Name picoquic-shadow-ivy - Time: 430.69s - CPU Usage: 0.00% - Memory Usage: 58.82MB (11.49%)
10:02:04,353 urllib3.connectionpool DEBUG http://localhost:None "GET /v1.45/containers/3a2d73f6a1b8fb81254eeafffccf8675524b526ebffeaefa544b1fc16e54611a/stats?stream=False HTTP/1.1" 200 1905
10:02:04,354 root INFO Name panther-webapp - Time: 432.62s - CPU Usage: 0.00% - Memory Usage: 123.87MB (24.19%)
10:02:06,361 urllib3.connectionpool DEBUG http://localhost:None "GET /v1.45/containers/d2aadf9e8161266909e1db3ad899e053e65da320ea7c7d59ba3abcf652a0b396/stats?stream=False HTTP/1.1" 200 1901
10:02:06,362 root INFO Name picoquic-ivy - Time: 434.58s - CPU Usage: 0.00% - Memory Usage: 423.04MB (82.63%)
10:02:08,387 urllib3.connectionpool DEBUG http://localhost:None "GET /v1.45/containers/e60f0c3b7c702b6b34b3b5dfbf35c6ea9e20b4dd8846519a78dde9a4a23c03a8/stats?stream=False HTTP/1.1" 200 1859
10:02:08,388 root INFO Name ping-pong-ivy - Time: 436.73s - CPU Usage: 0.00% - Memory Usage: 59.63MB (11.65%)
10:02:13,324 urllib3.connectionpool DEBUG http://localhost:None "GET /v1.45/containers/6753cac814ba3de18a3ab58d4a888fb3672702fe97160839b91d8cdac1ea3860/stats?stream=False HTTP/1.1" 200 1859
10:02:13,325 root INFO Name picoquic-shadow-ivy - Time: 441.71s - CPU Usage: 0.00% - Memory Usage: 58.82MB (11.49%)
10:02:15,370 urllib3.connectionpool DEBUG http://localhost:None "GET /v1.45/containers/3a2d73f6a1b8fb81254eeafffccf8675524b526ebffeaefa544b1fc16e54611a/stats?stream=False HTTP/1.1" 200 1905
10:02:15,371 root INFO Name panther-webapp - Time: 443.64s - CPU Usage: 0.00% - Memory Usage: 123.87MB (24.19%)
10:02:17,377 urllib3.connectionpool DEBUG http://localhost:None "GET /v1.45/containers/d2aadf9e8161266909e1db3ad899e053e65da320ea7c7d59ba3abcf652a0b396/stats?stream=False HTTP/1.1" 200 1901
10:02:17,377 root INFO Name picoquic-ivy - Time: 445.59s - CPU Usage: 0.00% - Memory Usage: 423.04MB (82.63%)
10:02:19,403 urllib3.connectionpool DEBUG http://localhost:None "GET /v1.45/containers/e60f0c3b7c702b6b34b3b5dfbf35c6ea9e20b4dd8846519a78dde9a4a23c03a8/stats?stream=False HTTP/1.1" 200 1859
10:02:19,403 root INFO Name ping-pong-ivy - Time: 447.74s - CPU Usage: 0.00% - Memory Usage: 59.63MB (11.65%)
10:02:24,339 urllib3.connectionpool DEBUG http://localhost:None "GET /v1.45/containers/6753cac814ba3de18a3ab58d4a888fb3672702fe97160839b91d8cdac1ea3860/stats?stream=False HTTP/1.1" 200 1859
10:02:24,340 root INFO Name picoquic-shadow-ivy - Time: 452.72s - CPU Usage: 0.00% - Memory Usage: 58.82MB (11.49%)
10:02:26,386 urllib3.connectionpool DEBUG http://localhost:None "GET /v1.45/containers/3a2d73f6a1b8fb81254eeafffccf8675524b526ebffeaefa544b1fc16e54611a/stats?stream=False HTTP/1.1" 200 1906
10:02:26,387 root INFO Name panther-webapp - Time: 454.65s - CPU Usage: 0.00% - Memory Usage: 123.88MB (24.19%)
10:02:28,393 urllib3.connectionpool DEBUG http://localhost:None "GET /v1.45/containers/d2aadf9e8161266909e1db3ad899e053e65da320ea7c7d59ba3abcf652a0b396/stats?stream=False HTTP/1.1" 200 1900
10:02:28,393 root INFO Name picoquic-ivy - Time: 456.61s - CPU Usage: 0.00% - Memory Usage: 423.04MB (82.63%)
10:02:30,418 urllib3.connectionpool DEBUG http://localhost:None "GET /v1.45/containers/e60f0c3b7c702b6b34b3b5dfbf35c6ea9e20b4dd8846519a78dde9a4a23c03a8/stats?stream=False HTTP/1.1" 200 1859
10:02:30,419 root INFO Name ping-pong-ivy - Time: 458.76s - CPU Usage: 0.00% - Memory Usage: 59.63MB (11.65%)
10:02:35,355 urllib3.connectionpool DEBUG http://localhost:None "GET /v1.45/containers/6753cac814ba3de18a3ab58d4a888fb3672702fe97160839b91d8cdac1ea3860/stats?stream=False HTTP/1.1" 200 1859
10:02:35,355 root INFO Name picoquic-shadow-ivy - Time: 463.74s - CPU Usage: 0.00% - Memory Usage: 58.82MB (11.49%)
10:02:37,403 urllib3.connectionpool DEBUG http://localhost:None "GET /v1.45/containers/3a2d73f6a1b8fb81254eeafffccf8675524b526ebffeaefa544b1fc16e54611a/stats?stream=False HTTP/1.1" 200 1906
10:02:37,403 root INFO Name panther-webapp - Time: 465.67s - CPU Usage: 0.00% - Memory Usage: 123.88MB (24.19%)
10:02:39,409 urllib3.connectionpool DEBUG http://localhost:None "GET /v1.45/containers/d2aadf9e8161266909e1db3ad899e053e65da320ea7c7d59ba3abcf652a0b396/stats?stream=False HTTP/1.1" 200 1898
10:02:39,409 root INFO Name picoquic-ivy - Time: 467.63s - CPU Usage: 0.00% - Memory Usage: 423.04MB (82.62%)
10:02:41,433 urllib3.connectionpool DEBUG http://localhost:None "GET /v1.45/containers/e60f0c3b7c702b6b34b3b5dfbf35c6ea9e20b4dd8846519a78dde9a4a23c03a8/stats?stream=False HTTP/1.1" 200 1859
10:02:41,433 root INFO Name ping-pong-ivy - Time: 469.77s - CPU Usage: 0.00% - Memory Usage: 59.62MB (11.65%)
10:02:46,374 urllib3.connectionpool DEBUG http://localhost:None "GET /v1.45/containers/6753cac814ba3de18a3ab58d4a888fb3672702fe97160839b91d8cdac1ea3860/stats?stream=False HTTP/1.1" 200 1859
10:02:46,375 root INFO Name picoquic-shadow-ivy - Time: 474.76s - CPU Usage: 0.00% - Memory Usage: 58.82MB (11.49%)
10:02:48,422 urllib3.connectionpool DEBUG http://localhost:None "GET /v1.45/containers/3a2d73f6a1b8fb81254eeafffccf8675524b526ebffeaefa544b1fc16e54611a/stats?stream=False HTTP/1.1" 200 1906
10:02:48,423 root INFO Name panther-webapp - Time: 476.69s - CPU Usage: 0.00% - Memory Usage: 124.01MB (24.22%)
10:02:50,427 urllib3.connectionpool DEBUG http://localhost:None "GET /v1.45/containers/d2aadf9e8161266909e1db3ad899e053e65da320ea7c7d59ba3abcf652a0b396/stats?stream=False HTTP/1.1" 200 1898
10:02:50,428 root INFO Name picoquic-ivy - Time: 478.64s - CPU Usage: 0.00% - Memory Usage: 423.04MB (82.63%)
10:02:52,449 urllib3.connectionpool DEBUG http://localhost:None "GET /v1.45/containers/e60f0c3b7c702b6b34b3b5dfbf35c6ea9e20b4dd8846519a78dde9a4a23c03a8/stats?stream=False HTTP/1.1" 200 1861
10:02:52,449 root INFO Name ping-pong-ivy - Time: 480.79s - CPU Usage: 0.00% - Memory Usage: 59.63MB (11.65%)
10:02:57,392 urllib3.connectionpool DEBUG http://localhost:None "GET /v1.45/containers/6753cac814ba3de18a3ab58d4a888fb3672702fe97160839b91d8cdac1ea3860/stats?stream=False HTTP/1.1" 200 1861
10:02:57,393 root INFO Name picoquic-shadow-ivy - Time: 485.78s - CPU Usage: 0.00% - Memory Usage: 58.82MB (11.49%)
10:02:59,437 urllib3.connectionpool DEBUG http://localhost:None "GET /v1.45/containers/3a2d73f6a1b8fb81254eeafffccf8675524b526ebffeaefa544b1fc16e54611a/stats?stream=False HTTP/1.1" 200 1906
10:02:59,437 root INFO Name panther-webapp - Time: 487.70s - CPU Usage: 0.00% - Memory Usage: 123.88MB (24.20%)
10:03:01,444 urllib3.connectionpool DEBUG http://localhost:None "GET /v1.45/containers/d2aadf9e8161266909e1db3ad899e053e65da320ea7c7d59ba3abcf652a0b396/stats?stream=False HTTP/1.1" 200 1901
10:03:01,445 root INFO Name picoquic-ivy - Time: 489.66s - CPU Usage: 0.00% - Memory Usage: 423.04MB (82.63%)
10:03:03,461 urllib3.connectionpool DEBUG http://localhost:None "GET /v1.45/containers/e60f0c3b7c702b6b34b3b5dfbf35c6ea9e20b4dd8846519a78dde9a4a23c03a8/stats?stream=False HTTP/1.1" 200 1861
10:03:03,462 root INFO Name ping-pong-ivy - Time: 491.80s - CPU Usage: 0.00% - Memory Usage: 59.63MB (11.65%)
10:03:08,407 urllib3.connectionpool DEBUG http://localhost:None "GET /v1.45/containers/6753cac814ba3de18a3ab58d4a888fb3672702fe97160839b91d8cdac1ea3860/stats?stream=False HTTP/1.1" 200 1861
10:03:08,407 root INFO Name picoquic-shadow-ivy - Time: 496.79s - CPU Usage: 0.00% - Memory Usage: 58.82MB (11.49%)
10:03:10,454 urllib3.connectionpool DEBUG http://localhost:None "GET /v1.45/containers/3a2d73f6a1b8fb81254eeafffccf8675524b526ebffeaefa544b1fc16e54611a/stats?stream=False HTTP/1.1" 200 1906
10:03:10,455 root INFO Name panther-webapp - Time: 498.72s - CPU Usage: 0.00% - Memory Usage: 123.88MB (24.20%)
10:03:12,459 urllib3.connectionpool DEBUG http://localhost:None "GET /v1.45/containers/d2aadf9e8161266909e1db3ad899e053e65da320ea7c7d59ba3abcf652a0b396/stats?stream=False HTTP/1.1" 200 1901
10:03:12,460 root INFO Name picoquic-ivy - Time: 500.68s - CPU Usage: 0.00% - Memory Usage: 423.23MB (82.66%)
10:03:14,479 urllib3.connectionpool DEBUG http://localhost:None "GET /v1.45/containers/e60f0c3b7c702b6b34b3b5dfbf35c6ea9e20b4dd8846519a78dde9a4a23c03a8/stats?stream=False HTTP/1.1" 200 1861
10:03:14,479 root INFO Name ping-pong-ivy - Time: 502.82s - CPU Usage: 0.00% - Memory Usage: 59.63MB (11.65%)
10:03:19,424 urllib3.connectionpool DEBUG http://localhost:None "GET /v1.45/containers/6753cac814ba3de18a3ab58d4a888fb3672702fe97160839b91d8cdac1ea3860/stats?stream=False HTTP/1.1" 200 1866
10:03:19,425 root INFO Name picoquic-shadow-ivy - Time: 507.81s - CPU Usage: 0.00% - Memory Usage: 62.75MB (12.26%)
10:03:21,474 urllib3.connectionpool DEBUG http://localhost:None "GET /v1.45/containers/3a2d73f6a1b8fb81254eeafffccf8675524b526ebffeaefa544b1fc16e54611a/stats?stream=False HTTP/1.1" 200 1906
10:03:21,475 root INFO Name panther-webapp - Time: 509.74s - CPU Usage: 0.00% - Memory Usage: 123.88MB (24.20%)
10:03:23,483 urllib3.connectionpool DEBUG http://localhost:None "GET /v1.45/containers/d2aadf9e8161266909e1db3ad899e053e65da320ea7c7d59ba3abcf652a0b396/stats?stream=False HTTP/1.1" 200 1902
10:03:23,484 root INFO Name picoquic-ivy - Time: 511.70s - CPU Usage: 0.00% - Memory Usage: 426.21MB (83.25%)
10:03:25,495 urllib3.connectionpool DEBUG http://localhost:None "GET /v1.45/containers/e60f0c3b7c702b6b34b3b5dfbf35c6ea9e20b4dd8846519a78dde9a4a23c03a8/stats?stream=False HTTP/1.1" 200 1861
10:03:25,495 root INFO Name ping-pong-ivy - Time: 513.83s - CPU Usage: 0.00% - Memory Usage: 59.62MB (11.64%)
10:03:30,439 urllib3.connectionpool DEBUG http://localhost:None "GET /v1.45/containers/6753cac814ba3de18a3ab58d4a888fb3672702fe97160839b91d8cdac1ea3860/stats?stream=False HTTP/1.1" 200 1866
10:03:30,440 root INFO Name picoquic-shadow-ivy - Time: 518.82s - CPU Usage: 0.00% - Memory Usage: 62.75MB (12.26%)
10:03:32,492 urllib3.connectionpool DEBUG http://localhost:None "GET /v1.45/containers/3a2d73f6a1b8fb81254eeafffccf8675524b526ebffeaefa544b1fc16e54611a/stats?stream=False HTTP/1.1" 200 1905
10:03:32,493 root INFO Name panther-webapp - Time: 520.76s - CPU Usage: 0.00% - Memory Usage: 123.88MB (24.20%)
10:03:34,499 urllib3.connectionpool DEBUG http://localhost:None "GET /v1.45/containers/d2aadf9e8161266909e1db3ad899e053e65da320ea7c7d59ba3abcf652a0b396/stats?stream=False HTTP/1.1" 200 1902
10:03:34,500 root INFO Name picoquic-ivy - Time: 522.72s - CPU Usage: 0.00% - Memory Usage: 426.22MB (83.25%)
10:03:36,513 urllib3.connectionpool DEBUG http://localhost:None "GET /v1.45/containers/e60f0c3b7c702b6b34b3b5dfbf35c6ea9e20b4dd8846519a78dde9a4a23c03a8/stats?stream=False HTTP/1.1" 200 1860
10:03:36,514 root INFO Name ping-pong-ivy - Time: 524.85s - CPU Usage: 0.00% - Memory Usage: 59.62MB (11.64%)
10:03:41,459 urllib3.connectionpool DEBUG http://localhost:None "GET /v1.45/containers/6753cac814ba3de18a3ab58d4a888fb3672702fe97160839b91d8cdac1ea3860/stats?stream=False HTTP/1.1" 200 1866
10:03:41,460 root INFO Name picoquic-shadow-ivy - Time: 529.84s - CPU Usage: 0.00% - Memory Usage: 62.75MB (12.26%)
10:03:43,509 urllib3.connectionpool DEBUG http://localhost:None "GET /v1.45/containers/3a2d73f6a1b8fb81254eeafffccf8675524b526ebffeaefa544b1fc16e54611a/stats?stream=False HTTP/1.1" 200 1906
10:03:43,510 root INFO Name panther-webapp - Time: 531.77s - CPU Usage: 0.00% - Memory Usage: 123.88MB (24.20%)
10:03:45,519 urllib3.connectionpool DEBUG http://localhost:None "GET /v1.45/containers/d2aadf9e8161266909e1db3ad899e053e65da320ea7c7d59ba3abcf652a0b396/stats?stream=False HTTP/1.1" 200 1902
10:03:45,520 root INFO Name picoquic-ivy - Time: 533.74s - CPU Usage: 0.00% - Memory Usage: 426.22MB (83.25%)
10:03:47,532 urllib3.connectionpool DEBUG http://localhost:None "GET /v1.45/containers/e60f0c3b7c702b6b34b3b5dfbf35c6ea9e20b4dd8846519a78dde9a4a23c03a8/stats?stream=False HTTP/1.1" 200 1861
10:03:47,532 root INFO Name ping-pong-ivy - Time: 535.87s - CPU Usage: 0.00% - Memory Usage: 59.62MB (11.64%)
10:03:52,478 urllib3.connectionpool DEBUG http://localhost:None "GET /v1.45/containers/6753cac814ba3de18a3ab58d4a888fb3672702fe97160839b91d8cdac1ea3860/stats?stream=False HTTP/1.1" 200 1866
10:03:52,479 root INFO Name picoquic-shadow-ivy - Time: 540.86s - CPU Usage: 0.00% - Memory Usage: 62.74MB (12.25%)
10:03:54,525 urllib3.connectionpool DEBUG http://localhost:None "GET /v1.45/containers/3a2d73f6a1b8fb81254eeafffccf8675524b526ebffeaefa544b1fc16e54611a/stats?stream=False HTTP/1.1" 200 1906
10:03:54,526 root INFO Name panther-webapp - Time: 542.79s - CPU Usage: 0.00% - Memory Usage: 123.88MB (24.20%)
10:03:56,534 urllib3.connectionpool DEBUG http://localhost:None "GET /v1.45/containers/d2aadf9e8161266909e1db3ad899e053e65da320ea7c7d59ba3abcf652a0b396/stats?stream=False HTTP/1.1" 200 1901
10:03:56,535 root INFO Name picoquic-ivy - Time: 544.75s - CPU Usage: 0.00% - Memory Usage: 426.19MB (83.24%)
10:03:58,547 urllib3.connectionpool DEBUG http://localhost:None "GET /v1.45/containers/e60f0c3b7c702b6b34b3b5dfbf35c6ea9e20b4dd8846519a78dde9a4a23c03a8/stats?stream=False HTTP/1.1" 200 1865
10:03:58,548 root INFO Name ping-pong-ivy - Time: 546.89s - CPU Usage: 0.00% - Memory Usage: 59.64MB (11.65%)
10:04:03,494 urllib3.connectionpool DEBUG http://localhost:None "GET /v1.45/containers/6753cac814ba3de18a3ab58d4a888fb3672702fe97160839b91d8cdac1ea3860/stats?stream=False HTTP/1.1" 200 1866
10:04:03,495 root INFO Name picoquic-shadow-ivy - Time: 551.88s - CPU Usage: 0.00% - Memory Usage: 62.75MB (12.26%)
10:04:05,542 urllib3.connectionpool DEBUG http://localhost:None "GET /v1.45/containers/3a2d73f6a1b8fb81254eeafffccf8675524b526ebffeaefa544b1fc16e54611a/stats?stream=False HTTP/1.1" 200 1906
10:04:05,543 root INFO Name panther-webapp - Time: 553.81s - CPU Usage: 0.00% - Memory Usage: 123.89MB (24.20%)
10:04:07,552 urllib3.connectionpool DEBUG http://localhost:None "GET /v1.45/containers/d2aadf9e8161266909e1db3ad899e053e65da320ea7c7d59ba3abcf652a0b396/stats?stream=False HTTP/1.1" 200 1912
10:04:07,553 root INFO Name picoquic-ivy - Time: 555.77s - CPU Usage: 0.00% - Memory Usage: 502.64MB (98.17%)
10:04:09,562 urllib3.connectionpool DEBUG http://localhost:None "GET /v1.45/containers/e60f0c3b7c702b6b34b3b5dfbf35c6ea9e20b4dd8846519a78dde9a4a23c03a8/stats?stream=False HTTP/1.1" 200 1864
10:04:09,563 root INFO Name ping-pong-ivy - Time: 557.90s - CPU Usage: 0.00% - Memory Usage: 59.64MB (11.65%)
10:04:14,510 urllib3.connectionpool DEBUG http://localhost:None "GET /v1.45/containers/6753cac814ba3de18a3ab58d4a888fb3672702fe97160839b91d8cdac1ea3860/stats?stream=False HTTP/1.1" 200 1866
10:04:14,511 root INFO Name picoquic-shadow-ivy - Time: 562.89s - CPU Usage: 0.00% - Memory Usage: 62.75MB (12.26%)
10:04:16,557 urllib3.connectionpool DEBUG http://localhost:None "GET /v1.45/containers/3a2d73f6a1b8fb81254eeafffccf8675524b526ebffeaefa544b1fc16e54611a/stats?stream=False HTTP/1.1" 200 1907
10:04:16,558 root INFO Name panther-webapp - Time: 564.82s - CPU Usage: 0.00% - Memory Usage: 124.22MB (24.26%)
10:04:18,569 urllib3.connectionpool DEBUG http://localhost:None "GET /v1.45/containers/d2aadf9e8161266909e1db3ad899e053e65da320ea7c7d59ba3abcf652a0b396/stats?stream=False HTTP/1.1" 200 1914
10:04:18,570 root INFO Name picoquic-ivy - Time: 566.79s - CPU Usage: 0.00% - Memory Usage: 470.62MB (91.92%)
10:04:20,583 urllib3.connectionpool DEBUG http://localhost:None "GET /v1.45/containers/e60f0c3b7c702b6b34b3b5dfbf35c6ea9e20b4dd8846519a78dde9a4a23c03a8/stats?stream=False HTTP/1.1" 200 1865
10:04:20,584 root INFO Name ping-pong-ivy - Time: 568.92s - CPU Usage: 0.00% - Memory Usage: 59.64MB (11.65%)
10:04:25,527 urllib3.connectionpool DEBUG http://localhost:None "GET /v1.45/containers/6753cac814ba3de18a3ab58d4a888fb3672702fe97160839b91d8cdac1ea3860/stats?stream=False HTTP/1.1" 200 1869
10:04:25,528 root INFO Name picoquic-shadow-ivy - Time: 573.91s - CPU Usage: 0.00% - Memory Usage: 62.75MB (12.26%)
10:04:27,575 urllib3.connectionpool DEBUG http://localhost:None "GET /v1.45/containers/3a2d73f6a1b8fb81254eeafffccf8675524b526ebffeaefa544b1fc16e54611a/stats?stream=False HTTP/1.1" 200 1908
10:04:27,575 root INFO Name panther-webapp - Time: 575.84s - CPU Usage: 0.00% - Memory Usage: 124.22MB (24.26%)
10:04:29,585 urllib3.connectionpool DEBUG http://localhost:None "GET /v1.45/containers/d2aadf9e8161266909e1db3ad899e053e65da320ea7c7d59ba3abcf652a0b396/stats?stream=False HTTP/1.1" 200 1913
10:04:29,586 root INFO Name picoquic-ivy - Time: 577.80s - CPU Usage: 0.00% - Memory Usage: 469.29MB (91.66%)
10:04:31,598 urllib3.connectionpool DEBUG http://localhost:None "GET /v1.45/containers/e60f0c3b7c702b6b34b3b5dfbf35c6ea9e20b4dd8846519a78dde9a4a23c03a8/stats?stream=False HTTP/1.1" 200 1864
10:04:31,598 root INFO Name ping-pong-ivy - Time: 579.94s - CPU Usage: 0.00% - Memory Usage: 59.64MB (11.65%)
10:04:36,543 urllib3.connectionpool DEBUG http://localhost:None "GET /v1.45/containers/6753cac814ba3de18a3ab58d4a888fb3672702fe97160839b91d8cdac1ea3860/stats?stream=False HTTP/1.1" 200 1866
10:04:36,544 root INFO Name picoquic-shadow-ivy - Time: 584.93s - CPU Usage: 0.00% - Memory Usage: 62.75MB (12.26%)
10:04:38,591 urllib3.connectionpool DEBUG http://localhost:None "GET /v1.45/containers/3a2d73f6a1b8fb81254eeafffccf8675524b526ebffeaefa544b1fc16e54611a/stats?stream=False HTTP/1.1" 200 1908
10:04:38,591 root INFO Name panther-webapp - Time: 586.86s - CPU Usage: 0.00% - Memory Usage: 124.22MB (24.26%)
10:04:40,602 urllib3.connectionpool DEBUG http://localhost:None "GET /v1.45/containers/d2aadf9e8161266909e1db3ad899e053e65da320ea7c7d59ba3abcf652a0b396/stats?stream=False HTTP/1.1" 200 1913
10:04:40,603 root INFO Name picoquic-ivy - Time: 588.82s - CPU Usage: 0.00% - Memory Usage: 469.29MB (91.66%)
10:04:42,613 urllib3.connectionpool DEBUG http://localhost:None "GET /v1.45/containers/e60f0c3b7c702b6b34b3b5dfbf35c6ea9e20b4dd8846519a78dde9a4a23c03a8/stats?stream=False HTTP/1.1" 200 1865
10:04:42,614 root INFO Name ping-pong-ivy - Time: 590.95s - CPU Usage: 0.00% - Memory Usage: 59.64MB (11.65%)
10:04:47,560 urllib3.connectionpool DEBUG http://localhost:None "GET /v1.45/containers/6753cac814ba3de18a3ab58d4a888fb3672702fe97160839b91d8cdac1ea3860/stats?stream=False HTTP/1.1" 200 1866
10:04:47,560 root INFO Name picoquic-shadow-ivy - Time: 595.94s - CPU Usage: 0.00% - Memory Usage: 62.76MB (12.26%)
10:04:49,605 urllib3.connectionpool DEBUG http://localhost:None "GET /v1.45/containers/3a2d73f6a1b8fb81254eeafffccf8675524b526ebffeaefa544b1fc16e54611a/stats?stream=False HTTP/1.1" 200 1908
10:04:49,606 root INFO Name panther-webapp - Time: 597.87s - CPU Usage: 0.00% - Memory Usage: 124.22MB (24.26%)
10:04:51,619 urllib3.connectionpool DEBUG http://localhost:None "GET /v1.45/containers/d2aadf9e8161266909e1db3ad899e053e65da320ea7c7d59ba3abcf652a0b396/stats?stream=False HTTP/1.1" 200 1913
10:04:51,620 root INFO Name picoquic-ivy - Time: 599.84s - CPU Usage: 0.00% - Memory Usage: 469.29MB (91.66%)
10:04:53,629 urllib3.connectionpool DEBUG http://localhost:None "GET /v1.45/containers/e60f0c3b7c702b6b34b3b5dfbf35c6ea9e20b4dd8846519a78dde9a4a23c03a8/stats?stream=False HTTP/1.1" 200 1865
10:04:53,630 root INFO Name ping-pong-ivy - Time: 601.97s - CPU Usage: 0.00% - Memory Usage: 59.64MB (11.65%)
10:04:58,575 urllib3.connectionpool DEBUG http://localhost:None "GET /v1.45/containers/6753cac814ba3de18a3ab58d4a888fb3672702fe97160839b91d8cdac1ea3860/stats?stream=False HTTP/1.1" 200 1866
10:04:58,576 root INFO Name picoquic-shadow-ivy - Time: 606.96s - CPU Usage: 0.00% - Memory Usage: 62.75MB (12.26%)
10:05:00,623 urllib3.connectionpool DEBUG http://localhost:None "GET /v1.45/containers/3a2d73f6a1b8fb81254eeafffccf8675524b526ebffeaefa544b1fc16e54611a/stats?stream=False HTTP/1.1" 200 1907
10:05:00,623 root INFO Name panther-webapp - Time: 608.89s - CPU Usage: 0.00% - Memory Usage: 124.22MB (24.26%)
10:05:02,636 urllib3.connectionpool DEBUG http://localhost:None "GET /v1.45/containers/d2aadf9e8161266909e1db3ad899e053e65da320ea7c7d59ba3abcf652a0b396/stats?stream=False HTTP/1.1" 200 1913
10:05:02,637 root INFO Name picoquic-ivy - Time: 610.85s - CPU Usage: 0.00% - Memory Usage: 468.69MB (91.54%)
10:05:04,647 urllib3.connectionpool DEBUG http://localhost:None "GET /v1.45/containers/e60f0c3b7c702b6b34b3b5dfbf35c6ea9e20b4dd8846519a78dde9a4a23c03a8/stats?stream=False HTTP/1.1" 200 1865
10:05:04,648 root INFO Name ping-pong-ivy - Time: 612.99s - CPU Usage: 0.00% - Memory Usage: 59.64MB (11.65%)
10:05:09,589 urllib3.connectionpool DEBUG http://localhost:None "GET /v1.45/containers/6753cac814ba3de18a3ab58d4a888fb3672702fe97160839b91d8cdac1ea3860/stats?stream=False HTTP/1.1" 200 1873
10:05:09,590 root INFO Name picoquic-shadow-ivy - Time: 617.97s - CPU Usage: 0.00% - Memory Usage: 62.84MB (12.27%)
10:05:11,637 urllib3.connectionpool DEBUG http://localhost:None "GET /v1.45/containers/3a2d73f6a1b8fb81254eeafffccf8675524b526ebffeaefa544b1fc16e54611a/stats?stream=False HTTP/1.1" 200 1910
10:05:11,638 root INFO Name panther-webapp - Time: 619.90s - CPU Usage: 0.00% - Memory Usage: 123.65MB (24.15%)
10:05:13,651 urllib3.connectionpool DEBUG http://localhost:None "GET /v1.45/containers/d2aadf9e8161266909e1db3ad899e053e65da320ea7c7d59ba3abcf652a0b396/stats?stream=False HTTP/1.1" 200 1913
10:05:13,651 root INFO Name picoquic-ivy - Time: 621.87s - CPU Usage: 0.00% - Memory Usage: 468.68MB (91.54%)
10:05:15,663 urllib3.connectionpool DEBUG http://localhost:None "GET /v1.45/containers/e60f0c3b7c702b6b34b3b5dfbf35c6ea9e20b4dd8846519a78dde9a4a23c03a8/stats?stream=False HTTP/1.1" 200 1865
10:05:15,663 root INFO Name ping-pong-ivy - Time: 624.00s - CPU Usage: 0.00% - Memory Usage: 59.78MB (11.68%)
10:05:20,606 urllib3.connectionpool DEBUG http://localhost:None "GET /v1.45/containers/6753cac814ba3de18a3ab58d4a888fb3672702fe97160839b91d8cdac1ea3860/stats?stream=False HTTP/1.1" 200 1874
10:05:20,607 root INFO Name picoquic-shadow-ivy - Time: 628.99s - CPU Usage: 0.00% - Memory Usage: 62.85MB (12.27%)
10:05:22,654 urllib3.connectionpool DEBUG http://localhost:None "GET /v1.45/containers/3a2d73f6a1b8fb81254eeafffccf8675524b526ebffeaefa544b1fc16e54611a/stats?stream=False HTTP/1.1" 200 1910
10:05:22,654 root INFO Name panther-webapp - Time: 630.92s - CPU Usage: 0.00% - Memory Usage: 123.70MB (24.16%)
10:05:24,667 urllib3.connectionpool DEBUG http://localhost:None "GET /v1.45/containers/d2aadf9e8161266909e1db3ad899e053e65da320ea7c7d59ba3abcf652a0b396/stats?stream=False HTTP/1.1" 200 1913
10:05:24,667 root INFO Name picoquic-ivy - Time: 632.88s - CPU Usage: 0.00% - Memory Usage: 468.68MB (91.54%)
10:05:26,681 urllib3.connectionpool DEBUG http://localhost:None "GET /v1.45/containers/e60f0c3b7c702b6b34b3b5dfbf35c6ea9e20b4dd8846519a78dde9a4a23c03a8/stats?stream=False HTTP/1.1" 200 1865
10:05:26,682 root INFO Name ping-pong-ivy - Time: 635.02s - CPU Usage: 0.00% - Memory Usage: 59.66MB (11.65%)
10:05:31,621 urllib3.connectionpool DEBUG http://localhost:None "GET /v1.45/containers/6753cac814ba3de18a3ab58d4a888fb3672702fe97160839b91d8cdac1ea3860/stats?stream=False HTTP/1.1" 200 1875
10:05:31,622 root INFO Name picoquic-shadow-ivy - Time: 640.01s - CPU Usage: 0.00% - Memory Usage: 62.83MB (12.27%)
10:05:33,672 urllib3.connectionpool DEBUG http://localhost:None "GET /v1.45/containers/3a2d73f6a1b8fb81254eeafffccf8675524b526ebffeaefa544b1fc16e54611a/stats?stream=False HTTP/1.1" 200 1910
10:05:33,673 root INFO Name panther-webapp - Time: 641.94s - CPU Usage: 0.00% - Memory Usage: 125.74MB (24.56%)
10:05:35,682 urllib3.connectionpool DEBUG http://localhost:None "GET /v1.45/containers/d2aadf9e8161266909e1db3ad899e053e65da320ea7c7d59ba3abcf652a0b396/stats?stream=False HTTP/1.1" 200 1916
10:05:35,683 root INFO Name picoquic-ivy - Time: 643.90s - CPU Usage: 0.00% - Memory Usage: 503.78MB (98.39%)
10:05:37,699 urllib3.connectionpool DEBUG http://localhost:None "GET /v1.45/containers/e60f0c3b7c702b6b34b3b5dfbf35c6ea9e20b4dd8846519a78dde9a4a23c03a8/stats?stream=False HTTP/1.1" 200 1866
10:05:37,700 root INFO Name ping-pong-ivy - Time: 646.04s - CPU Usage: 0.00% - Memory Usage: 59.73MB (11.67%)
10:05:42,648 urllib3.connectionpool DEBUG http://localhost:None "GET /v1.45/containers/6753cac814ba3de18a3ab58d4a888fb3672702fe97160839b91d8cdac1ea3860/stats?stream=False HTTP/1.1" 200 1870
10:05:42,649 root INFO Name picoquic-shadow-ivy - Time: 651.03s - CPU Usage: 0.00% - Memory Usage: 62.84MB (12.27%)
10:05:44,686 urllib3.connectionpool DEBUG http://localhost:None "GET /v1.45/containers/3a2d73f6a1b8fb81254eeafffccf8675524b526ebffeaefa544b1fc16e54611a/stats?stream=False HTTP/1.1" 200 1910
10:05:44,687 root INFO Name panther-webapp - Time: 652.95s - CPU Usage: 0.00% - Memory Usage: 125.74MB (24.56%)
10:05:46,698 urllib3.connectionpool DEBUG http://localhost:None "GET /v1.45/containers/d2aadf9e8161266909e1db3ad899e053e65da320ea7c7d59ba3abcf652a0b396/stats?stream=False HTTP/1.1" 200 1917
10:05:46,699 root INFO Name picoquic-ivy - Time: 654.91s - CPU Usage: 0.00% - Memory Usage: 467.75MB (91.36%)
10:05:48,715 urllib3.connectionpool DEBUG http://localhost:None "GET /v1.45/containers/e60f0c3b7c702b6b34b3b5dfbf35c6ea9e20b4dd8846519a78dde9a4a23c03a8/stats?stream=False HTTP/1.1" 200 1865
10:05:48,716 root INFO Name ping-pong-ivy - Time: 657.06s - CPU Usage: 0.00% - Memory Usage: 59.67MB (11.65%)
10:05:53,662 urllib3.connectionpool DEBUG http://localhost:None "GET /v1.45/containers/6753cac814ba3de18a3ab58d4a888fb3672702fe97160839b91d8cdac1ea3860/stats?stream=False HTTP/1.1" 200 1873
10:05:53,663 root INFO Name picoquic-shadow-ivy - Time: 662.05s - CPU Usage: 0.00% - Memory Usage: 62.84MB (12.27%)
10:05:55,702 urllib3.connectionpool DEBUG http://localhost:None "GET /v1.45/containers/3a2d73f6a1b8fb81254eeafffccf8675524b526ebffeaefa544b1fc16e54611a/stats?stream=False HTTP/1.1" 200 1911
10:05:55,702 root INFO Name panther-webapp - Time: 663.97s - CPU Usage: 0.00% - Memory Usage: 115.40MB (22.54%)
10:05:57,715 urllib3.connectionpool DEBUG http://localhost:None "GET /v1.45/containers/d2aadf9e8161266909e1db3ad899e053e65da320ea7c7d59ba3abcf652a0b396/stats?stream=False HTTP/1.1" 200 1918
10:05:57,716 root INFO Name picoquic-ivy - Time: 665.93s - CPU Usage: 0.00% - Memory Usage: 467.20MB (91.25%)
10:05:59,730 urllib3.connectionpool DEBUG http://localhost:None "GET /v1.45/containers/e60f0c3b7c702b6b34b3b5dfbf35c6ea9e20b4dd8846519a78dde9a4a23c03a8/stats?stream=False HTTP/1.1" 200 1866
10:05:59,730 root INFO Name ping-pong-ivy - Time: 668.07s - CPU Usage: 0.00% - Memory Usage: 59.85MB (11.69%)
10:06:04,678 urllib3.connectionpool DEBUG http://localhost:None "GET /v1.45/containers/6753cac814ba3de18a3ab58d4a888fb3672702fe97160839b91d8cdac1ea3860/stats?stream=False HTTP/1.1" 200 1871
10:06:04,679 root INFO Name picoquic-shadow-ivy - Time: 673.06s - CPU Usage: 0.00% - Memory Usage: 62.83MB (12.27%)
10:06:06,719 urllib3.connectionpool DEBUG http://localhost:None "GET /v1.45/containers/3a2d73f6a1b8fb81254eeafffccf8675524b526ebffeaefa544b1fc16e54611a/stats?stream=False HTTP/1.1" 200 1910
10:06:06,720 root INFO Name panther-webapp - Time: 674.98s - CPU Usage: 0.00% - Memory Usage: 123.69MB (24.16%)
10:06:08,732 urllib3.connectionpool DEBUG http://localhost:None "GET /v1.45/containers/d2aadf9e8161266909e1db3ad899e053e65da320ea7c7d59ba3abcf652a0b396/stats?stream=False HTTP/1.1" 200 1918
10:06:08,732 root INFO Name picoquic-ivy - Time: 676.95s - CPU Usage: 0.00% - Memory Usage: 467.20MB (91.25%)
10:06:10,746 urllib3.connectionpool DEBUG http://localhost:None "GET /v1.45/containers/e60f0c3b7c702b6b34b3b5dfbf35c6ea9e20b4dd8846519a78dde9a4a23c03a8/stats?stream=False HTTP/1.1" 200 1866
10:06:10,747 root INFO Name ping-pong-ivy - Time: 679.09s - CPU Usage: 0.00% - Memory Usage: 59.85MB (11.69%)
10:06:15,696 urllib3.connectionpool DEBUG http://localhost:None "GET /v1.45/containers/6753cac814ba3de18a3ab58d4a888fb3672702fe97160839b91d8cdac1ea3860/stats?stream=False HTTP/1.1" 200 1870
10:06:15,697 root INFO Name picoquic-shadow-ivy - Time: 684.08s - CPU Usage: 0.00% - Memory Usage: 62.84MB (12.27%)
10:06:17,733 urllib3.connectionpool DEBUG http://localhost:None "GET /v1.45/containers/3a2d73f6a1b8fb81254eeafffccf8675524b526ebffeaefa544b1fc16e54611a/stats?stream=False HTTP/1.1" 200 1910
10:06:17,733 root INFO Name panther-webapp - Time: 686.00s - CPU Usage: 0.00% - Memory Usage: 123.72MB (24.16%)
10:06:19,748 urllib3.connectionpool DEBUG http://localhost:None "GET /v1.45/containers/d2aadf9e8161266909e1db3ad899e053e65da320ea7c7d59ba3abcf652a0b396/stats?stream=False HTTP/1.1" 200 1918
10:06:19,749 root INFO Name picoquic-ivy - Time: 687.96s - CPU Usage: 0.00% - Memory Usage: 467.20MB (91.25%)
10:06:21,764 urllib3.connectionpool DEBUG http://localhost:None "GET /v1.45/containers/e60f0c3b7c702b6b34b3b5dfbf35c6ea9e20b4dd8846519a78dde9a4a23c03a8/stats?stream=False HTTP/1.1" 200 1866
10:06:21,765 root INFO Name ping-pong-ivy - Time: 690.10s - CPU Usage: 0.00% - Memory Usage: 59.85MB (11.69%)
10:06:26,709 urllib3.connectionpool DEBUG http://localhost:None "GET /v1.45/containers/6753cac814ba3de18a3ab58d4a888fb3672702fe97160839b91d8cdac1ea3860/stats?stream=False HTTP/1.1" 200 1871
10:06:26,710 root INFO Name picoquic-shadow-ivy - Time: 695.09s - CPU Usage: 0.00% - Memory Usage: 62.83MB (12.27%)
10:06:28,750 urllib3.connectionpool DEBUG http://localhost:None "GET /v1.45/containers/3a2d73f6a1b8fb81254eeafffccf8675524b526ebffeaefa544b1fc16e54611a/stats?stream=False HTTP/1.1" 200 1910
10:06:28,750 root INFO Name panther-webapp - Time: 697.01s - CPU Usage: 0.00% - Memory Usage: 123.74MB (24.17%)
10:06:30,798 urllib3.connectionpool DEBUG http://localhost:None "GET /v1.45/containers/d2aadf9e8161266909e1db3ad899e053e65da320ea7c7d59ba3abcf652a0b396/stats?stream=False HTTP/1.1" 200 1916
10:06:30,798 root INFO Name picoquic-ivy - Time: 699.01s - CPU Usage: 0.00% - Memory Usage: 467.20MB (91.25%)
10:06:32,802 urllib3.connectionpool DEBUG http://localhost:None "GET /v1.45/containers/e60f0c3b7c702b6b34b3b5dfbf35c6ea9e20b4dd8846519a78dde9a4a23c03a8/stats?stream=False HTTP/1.1" 200 1866
10:06:32,803 root INFO Name ping-pong-ivy - Time: 701.14s - CPU Usage: 0.00% - Memory Usage: 59.85MB (11.69%)
10:06:37,727 urllib3.connectionpool DEBUG http://localhost:None "GET /v1.45/containers/6753cac814ba3de18a3ab58d4a888fb3672702fe97160839b91d8cdac1ea3860/stats?stream=False HTTP/1.1" 200 1871
10:06:37,727 root INFO Name picoquic-shadow-ivy - Time: 706.11s - CPU Usage: 0.00% - Memory Usage: 62.84MB (12.27%)
10:06:39,766 urllib3.connectionpool DEBUG http://localhost:None "GET /v1.45/containers/3a2d73f6a1b8fb81254eeafffccf8675524b526ebffeaefa544b1fc16e54611a/stats?stream=False HTTP/1.1" 200 1910
10:06:39,766 root INFO Name panther-webapp - Time: 708.03s - CPU Usage: 0.00% - Memory Usage: 123.74MB (24.17%)
10:06:41,813 urllib3.connectionpool DEBUG http://localhost:None "GET /v1.45/containers/d2aadf9e8161266909e1db3ad899e053e65da320ea7c7d59ba3abcf652a0b396/stats?stream=False HTTP/1.1" 200 1914
10:06:41,813 root INFO Name picoquic-ivy - Time: 710.03s - CPU Usage: 0.00% - Memory Usage: 467.20MB (91.25%)
10:06:43,819 urllib3.connectionpool DEBUG http://localhost:None "GET /v1.45/containers/e60f0c3b7c702b6b34b3b5dfbf35c6ea9e20b4dd8846519a78dde9a4a23c03a8/stats?stream=False HTTP/1.1" 200 1866
10:06:43,819 root INFO Name ping-pong-ivy - Time: 712.16s - CPU Usage: 0.00% - Memory Usage: 59.85MB (11.69%)
10:06:48,745 urllib3.connectionpool DEBUG http://localhost:None "GET /v1.45/containers/6753cac814ba3de18a3ab58d4a888fb3672702fe97160839b91d8cdac1ea3860/stats?stream=False HTTP/1.1" 200 1871
10:06:48,746 root INFO Name picoquic-shadow-ivy - Time: 717.13s - CPU Usage: 0.00% - Memory Usage: 62.85MB (12.27%)
10:06:50,784 urllib3.connectionpool DEBUG http://localhost:None "GET /v1.45/containers/3a2d73f6a1b8fb81254eeafffccf8675524b526ebffeaefa544b1fc16e54611a/stats?stream=False HTTP/1.1" 200 1910
10:06:50,784 root INFO Name panther-webapp - Time: 719.05s - CPU Usage: 0.00% - Memory Usage: 123.75MB (24.17%)
10:06:52,831 urllib3.connectionpool DEBUG http://localhost:None "GET /v1.45/containers/d2aadf9e8161266909e1db3ad899e053e65da320ea7c7d59ba3abcf652a0b396/stats?stream=False HTTP/1.1" 200 1911
10:06:52,832 root INFO Name picoquic-ivy - Time: 721.05s - CPU Usage: 0.00% - Memory Usage: 467.20MB (91.25%)
10:06:54,836 urllib3.connectionpool DEBUG http://localhost:None "GET /v1.45/containers/e60f0c3b7c702b6b34b3b5dfbf35c6ea9e20b4dd8846519a78dde9a4a23c03a8/stats?stream=False HTTP/1.1" 200 1866
10:06:54,837 root INFO Name ping-pong-ivy - Time: 723.18s - CPU Usage: 0.00% - Memory Usage: 59.85MB (11.69%)
10:06:59,761 urllib3.connectionpool DEBUG http://localhost:None "GET /v1.45/containers/6753cac814ba3de18a3ab58d4a888fb3672702fe97160839b91d8cdac1ea3860/stats?stream=False HTTP/1.1" 200 1871
10:06:59,762 root INFO Name picoquic-shadow-ivy - Time: 728.14s - CPU Usage: 0.00% - Memory Usage: 62.91MB (12.29%)
10:07:01,799 urllib3.connectionpool DEBUG http://localhost:None "GET /v1.45/containers/3a2d73f6a1b8fb81254eeafffccf8675524b526ebffeaefa544b1fc16e54611a/stats?stream=False HTTP/1.1" 200 1910
10:07:01,800 root INFO Name panther-webapp - Time: 730.06s - CPU Usage: 0.00% - Memory Usage: 123.75MB (24.17%)
10:07:03,846 urllib3.connectionpool DEBUG http://localhost:None "GET /v1.45/containers/d2aadf9e8161266909e1db3ad899e053e65da320ea7c7d59ba3abcf652a0b396/stats?stream=False HTTP/1.1" 200 1909
10:07:03,847 root INFO Name picoquic-ivy - Time: 732.06s - CPU Usage: 0.00% - Memory Usage: 467.20MB (91.25%)
10:07:05,851 urllib3.connectionpool DEBUG http://localhost:None "GET /v1.45/containers/e60f0c3b7c702b6b34b3b5dfbf35c6ea9e20b4dd8846519a78dde9a4a23c03a8/stats?stream=False HTTP/1.1" 200 1866
10:07:05,852 root INFO Name ping-pong-ivy - Time: 734.19s - CPU Usage: 0.00% - Memory Usage: 59.85MB (11.69%)
10:07:10,779 urllib3.connectionpool DEBUG http://localhost:None "GET /v1.45/containers/6753cac814ba3de18a3ab58d4a888fb3672702fe97160839b91d8cdac1ea3860/stats?stream=False HTTP/1.1" 200 1871
10:07:10,780 root INFO Name picoquic-shadow-ivy - Time: 739.16s - CPU Usage: 0.00% - Memory Usage: 62.91MB (12.29%)
10:07:12,814 urllib3.connectionpool DEBUG http://localhost:None "GET /v1.45/containers/3a2d73f6a1b8fb81254eeafffccf8675524b526ebffeaefa544b1fc16e54611a/stats?stream=False HTTP/1.1" 200 1910
10:07:12,815 root INFO Name panther-webapp - Time: 741.08s - CPU Usage: 0.00% - Memory Usage: 123.75MB (24.17%)
10:07:14,863 urllib3.connectionpool DEBUG http://localhost:None "GET /v1.45/containers/d2aadf9e8161266909e1db3ad899e053e65da320ea7c7d59ba3abcf652a0b396/stats?stream=False HTTP/1.1" 200 1911
10:07:14,864 root INFO Name picoquic-ivy - Time: 743.08s - CPU Usage: 0.00% - Memory Usage: 467.20MB (91.25%)
10:07:16,868 urllib3.connectionpool DEBUG http://localhost:None "GET /v1.45/containers/e60f0c3b7c702b6b34b3b5dfbf35c6ea9e20b4dd8846519a78dde9a4a23c03a8/stats?stream=False HTTP/1.1" 200 1866
10:07:16,869 root INFO Name ping-pong-ivy - Time: 745.21s - CPU Usage: 0.00% - Memory Usage: 59.85MB (11.69%)
10:07:21,798 urllib3.connectionpool DEBUG http://localhost:None "GET /v1.45/containers/6753cac814ba3de18a3ab58d4a888fb3672702fe97160839b91d8cdac1ea3860/stats?stream=False HTTP/1.1" 200 1871
10:07:21,800 root INFO Name picoquic-shadow-ivy - Time: 750.18s - CPU Usage: 0.00% - Memory Usage: 62.91MB (12.29%)
10:07:23,833 urllib3.connectionpool DEBUG http://localhost:None "GET /v1.45/containers/3a2d73f6a1b8fb81254eeafffccf8675524b526ebffeaefa544b1fc16e54611a/stats?stream=False HTTP/1.1" 200 1910
10:07:23,833 root INFO Name panther-webapp - Time: 752.10s - CPU Usage: 0.00% - Memory Usage: 123.75MB (24.17%)
10:07:25,878 urllib3.connectionpool DEBUG http://localhost:None "GET /v1.45/containers/d2aadf9e8161266909e1db3ad899e053e65da320ea7c7d59ba3abcf652a0b396/stats?stream=False HTTP/1.1" 200 1910
10:07:25,879 root INFO Name picoquic-ivy - Time: 754.10s - CPU Usage: 0.00% - Memory Usage: 467.20MB (91.25%)
10:07:27,885 urllib3.connectionpool DEBUG http://localhost:None "GET /v1.45/containers/e60f0c3b7c702b6b34b3b5dfbf35c6ea9e20b4dd8846519a78dde9a4a23c03a8/stats?stream=False HTTP/1.1" 200 1866
10:07:27,886 root INFO Name ping-pong-ivy - Time: 756.22s - CPU Usage: 0.00% - Memory Usage: 59.85MB (11.69%)
10:07:32,813 urllib3.connectionpool DEBUG http://localhost:None "GET /v1.45/containers/6753cac814ba3de18a3ab58d4a888fb3672702fe97160839b91d8cdac1ea3860/stats?stream=False HTTP/1.1" 200 1871
10:07:32,814 root INFO Name picoquic-shadow-ivy - Time: 761.20s - CPU Usage: 0.00% - Memory Usage: 62.91MB (12.29%)
10:07:34,851 urllib3.connectionpool DEBUG http://localhost:None "GET /v1.45/containers/3a2d73f6a1b8fb81254eeafffccf8675524b526ebffeaefa544b1fc16e54611a/stats?stream=False HTTP/1.1" 200 1910
10:07:34,851 root INFO Name panther-webapp - Time: 763.12s - CPU Usage: 0.00% - Memory Usage: 123.75MB (24.17%)
10:07:36,889 urllib3.connectionpool DEBUG http://localhost:None "GET /v1.45/containers/d2aadf9e8161266909e1db3ad899e053e65da320ea7c7d59ba3abcf652a0b396/stats?stream=False HTTP/1.1" 200 1911
10:07:36,890 root INFO Name picoquic-ivy - Time: 765.11s - CPU Usage: 0.00% - Memory Usage: 467.20MB (91.25%)
10:07:38,903 urllib3.connectionpool DEBUG http://localhost:None "GET /v1.45/containers/e60f0c3b7c702b6b34b3b5dfbf35c6ea9e20b4dd8846519a78dde9a4a23c03a8/stats?stream=False HTTP/1.1" 200 1866
10:07:38,903 root INFO Name ping-pong-ivy - Time: 767.24s - CPU Usage: 0.00% - Memory Usage: 59.85MB (11.69%)
10:07:43,825 urllib3.connectionpool DEBUG http://localhost:None "GET /v1.45/containers/6753cac814ba3de18a3ab58d4a888fb3672702fe97160839b91d8cdac1ea3860/stats?stream=False HTTP/1.1" 200 1870
10:07:43,825 root INFO Name picoquic-shadow-ivy - Time: 772.21s - CPU Usage: 0.00% - Memory Usage: 63.16MB (12.34%)
10:07:45,866 urllib3.connectionpool DEBUG http://localhost:None "GET /v1.45/containers/3a2d73f6a1b8fb81254eeafffccf8675524b526ebffeaefa544b1fc16e54611a/stats?stream=False HTTP/1.1" 200 1910
10:07:45,866 root INFO Name panther-webapp - Time: 774.13s - CPU Usage: 0.00% - Memory Usage: 123.75MB (24.17%)
10:07:47,907 urllib3.connectionpool DEBUG http://localhost:None "GET /v1.45/containers/d2aadf9e8161266909e1db3ad899e053e65da320ea7c7d59ba3abcf652a0b396/stats?stream=False HTTP/1.1" 200 1911
10:07:47,908 root INFO Name picoquic-ivy - Time: 776.12s - CPU Usage: 0.00% - Memory Usage: 467.20MB (91.25%)
10:07:49,918 urllib3.connectionpool DEBUG http://localhost:None "GET /v1.45/containers/e60f0c3b7c702b6b34b3b5dfbf35c6ea9e20b4dd8846519a78dde9a4a23c03a8/stats?stream=False HTTP/1.1" 200 1866
10:07:49,919 root INFO Name ping-pong-ivy - Time: 778.26s - CPU Usage: 0.00% - Memory Usage: 59.85MB (11.69%)
10:07:54,841 urllib3.connectionpool DEBUG http://localhost:None "GET /v1.45/containers/6753cac814ba3de18a3ab58d4a888fb3672702fe97160839b91d8cdac1ea3860/stats?stream=False HTTP/1.1" 200 1871
10:07:54,842 root INFO Name picoquic-shadow-ivy - Time: 783.22s - CPU Usage: 0.00% - Memory Usage: 62.91MB (12.29%)
10:07:56,883 urllib3.connectionpool DEBUG http://localhost:None "GET /v1.45/containers/3a2d73f6a1b8fb81254eeafffccf8675524b526ebffeaefa544b1fc16e54611a/stats?stream=False HTTP/1.1" 200 1909
10:07:56,884 root INFO Name panther-webapp - Time: 785.15s - CPU Usage: 0.00% - Memory Usage: 123.76MB (24.17%)
10:07:58,924 urllib3.connectionpool DEBUG http://localhost:None "GET /v1.45/containers/d2aadf9e8161266909e1db3ad899e053e65da320ea7c7d59ba3abcf652a0b396/stats?stream=False HTTP/1.1" 200 1911
10:07:58,925 root INFO Name picoquic-ivy - Time: 787.14s - CPU Usage: 0.00% - Memory Usage: 467.20MB (91.25%)
10:08:00,937 urllib3.connectionpool DEBUG http://localhost:None "GET /v1.45/containers/e60f0c3b7c702b6b34b3b5dfbf35c6ea9e20b4dd8846519a78dde9a4a23c03a8/stats?stream=False HTTP/1.1" 200 1866
10:08:00,938 root INFO Name ping-pong-ivy - Time: 789.28s - CPU Usage: 0.00% - Memory Usage: 59.85MB (11.69%)
10:08:05,859 urllib3.connectionpool DEBUG http://localhost:None "GET /v1.45/containers/6753cac814ba3de18a3ab58d4a888fb3672702fe97160839b91d8cdac1ea3860/stats?stream=False HTTP/1.1" 200 1870
10:08:05,859 root INFO Name picoquic-shadow-ivy - Time: 794.24s - CPU Usage: 0.00% - Memory Usage: 62.91MB (12.29%)
10:08:07,899 urllib3.connectionpool DEBUG http://localhost:None "GET /v1.45/containers/3a2d73f6a1b8fb81254eeafffccf8675524b526ebffeaefa544b1fc16e54611a/stats?stream=False HTTP/1.1" 200 1909
10:08:07,899 root INFO Name panther-webapp - Time: 796.16s - CPU Usage: 0.00% - Memory Usage: 123.82MB (24.18%)
10:08:09,937 urllib3.connectionpool DEBUG http://localhost:None "GET /v1.45/containers/d2aadf9e8161266909e1db3ad899e053e65da320ea7c7d59ba3abcf652a0b396/stats?stream=False HTTP/1.1" 200 1910
10:08:09,938 root INFO Name picoquic-ivy - Time: 798.15s - CPU Usage: 0.00% - Memory Usage: 467.20MB (91.25%)
10:08:11,958 urllib3.connectionpool DEBUG http://localhost:None "GET /v1.45/containers/e60f0c3b7c702b6b34b3b5dfbf35c6ea9e20b4dd8846519a78dde9a4a23c03a8/stats?stream=False HTTP/1.1" 200 1866
10:08:11,959 root INFO Name ping-pong-ivy - Time: 800.30s - CPU Usage: 0.00% - Memory Usage: 59.85MB (11.69%)
10:08:16,875 urllib3.connectionpool DEBUG http://localhost:None "GET /v1.45/containers/6753cac814ba3de18a3ab58d4a888fb3672702fe97160839b91d8cdac1ea3860/stats?stream=False HTTP/1.1" 200 1871
10:08:16,876 root INFO Name picoquic-shadow-ivy - Time: 805.26s - CPU Usage: 0.00% - Memory Usage: 62.91MB (12.29%)
10:08:18,916 urllib3.connectionpool DEBUG http://localhost:None "GET /v1.45/containers/3a2d73f6a1b8fb81254eeafffccf8675524b526ebffeaefa544b1fc16e54611a/stats?stream=False HTTP/1.1" 200 1910
10:08:18,917 root INFO Name panther-webapp - Time: 807.18s - CPU Usage: 0.00% - Memory Usage: 123.85MB (24.19%)
