11:50:34,934 root INFO Docker Compose configuration updated successfully.
11:50:35,77 root INFO Added entry to /etc/hosts: 172.27.1.10 panther-webapp
11:50:35,99 root INFO Added entry to /etc/hosts: 172.27.1.13 picoquic-ivy
11:50:35,116 root INFO Added entry to /etc/hosts: 172.27.1.14 picoquic-shadow-ivy
11:50:35,136 root INFO Added entry to /etc/hosts: 172.27.1.12 ping-pong-ivy
11:50:35,136 root INFO Executing command in tmux with log file: logs/compose_2024-06-02 11:50:35.136166.log
11:50:36,84 root INFO Name panther-webapp - Time: 1.01s - CPU Usage: 0.00% - Memory Usage: 136.14MB (26.59%)
11:50:37,90 root INFO Name picoquic-ivy - Time: 1.99s - CPU Usage: 0.00% - Memory Usage: 536.27MB (26.19%)
11:50:37,91 root INFO Name picoquic-shadow-ivy - Time: 1.98s - CPU Usage: 0.00% - Memory Usage: 72.72MB (3.55%)
11:50:37,92 root INFO Name ping-pong-ivy - Time: 1.96s - CPU Usage: 0.00% - Memory Usage: 57.96MB (2.83%)
11:50:47,102 root INFO Name panther-webapp - Time: 12.03s - CPU Usage: 0.00% - Memory Usage: 136.14MB (26.59%)
11:50:49,109 root INFO Name picoquic-shadow-ivy - Time: 13.99s - CPU Usage: 0.00% - Memory Usage: 72.72MB (3.55%)
11:50:49,110 root INFO Name picoquic-ivy - Time: 14.01s - CPU Usage: 0.00% - Memory Usage: 536.02MB (26.17%)
11:50:49,111 root INFO Name ping-pong-ivy - Time: 13.98s - CPU Usage: 0.00% - Memory Usage: 57.96MB (2.83%)
11:50:58,119 root INFO Name panther-webapp - Time: 23.04s - CPU Usage: 0.00% - Memory Usage: 136.14MB (26.59%)
11:51:00,125 root INFO Name picoquic-shadow-ivy - Time: 25.01s - CPU Usage: 0.00% - Memory Usage: 72.72MB (3.55%)
11:51:01,130 root INFO Name ping-pong-ivy - Time: 26.00s - CPU Usage: 0.00% - Memory Usage: 58.09MB (2.84%)
11:51:01,131 root INFO Name picoquic-ivy - Time: 26.04s - CPU Usage: 0.00% - Memory Usage: 536.02MB (26.17%)
11:51:09,137 root INFO Name panther-webapp - Time: 34.06s - CPU Usage: 0.00% - Memory Usage: 136.14MB (26.59%)
11:51:11,145 root INFO Name picoquic-shadow-ivy - Time: 36.03s - CPU Usage: 0.00% - Memory Usage: 72.72MB (3.55%)
11:51:13,151 root INFO Name ping-pong-ivy - Time: 38.02s - CPU Usage: 0.00% - Memory Usage: 57.96MB (2.83%)
11:51:13,153 root INFO Name picoquic-ivy - Time: 38.06s - CPU Usage: 0.00% - Memory Usage: 536.02MB (26.17%)
11:51:20,154 root INFO Name panther-webapp - Time: 45.08s - CPU Usage: 0.00% - Memory Usage: 136.14MB (26.59%)
11:51:22,164 root INFO Name picoquic-shadow-ivy - Time: 47.05s - CPU Usage: 0.00% - Memory Usage: 72.72MB (3.55%)
11:51:24,168 root INFO Name picoquic-ivy - Time: 49.07s - CPU Usage: 0.00% - Memory Usage: 536.02MB (26.17%)
11:51:24,169 root INFO Name ping-pong-ivy - Time: 49.04s - CPU Usage: 0.00% - Memory Usage: 57.95MB (2.83%)
11:51:31,176 root INFO Name panther-webapp - Time: 56.10s - CPU Usage: 0.00% - Memory Usage: 136.14MB (26.59%)
11:51:33,181 root INFO Name picoquic-shadow-ivy - Time: 58.07s - CPU Usage: 0.00% - Memory Usage: 72.72MB (3.55%)
11:51:35,186 root INFO Name picoquic-ivy - Time: 60.09s - CPU Usage: 0.00% - Memory Usage: 536.02MB (26.17%)
11:51:36,190 root INFO Name ping-pong-ivy - Time: 61.06s - CPU Usage: 0.00% - Memory Usage: 58.08MB (2.84%)
11:51:42,191 root INFO Name panther-webapp - Time: 67.12s - CPU Usage: 0.00% - Memory Usage: 136.14MB (26.59%)
11:51:44,197 root INFO Name picoquic-shadow-ivy - Time: 69.08s - CPU Usage: 0.00% - Memory Usage: 72.72MB (3.55%)
11:51:46,203 root INFO Name picoquic-ivy - Time: 71.11s - CPU Usage: 0.00% - Memory Usage: 522.43MB (25.51%)
11:51:48,211 root INFO Name ping-pong-ivy - Time: 73.08s - CPU Usage: 0.00% - Memory Usage: 57.95MB (2.83%)
11:51:53,208 root INFO Name panther-webapp - Time: 78.13s - CPU Usage: 0.00% - Memory Usage: 133.91MB (26.16%)
11:51:55,214 root INFO Name picoquic-shadow-ivy - Time: 80.10s - CPU Usage: 0.00% - Memory Usage: 71.69MB (3.50%)
11:51:57,219 root INFO Name picoquic-ivy - Time: 82.12s - CPU Usage: 0.00% - Memory Usage: 455.10MB (22.22%)
11:51:59,226 root INFO Name ping-pong-ivy - Time: 84.09s - CPU Usage: 0.00% - Memory Usage: 57.96MB (2.83%)
11:52:04,223 root INFO Name panther-webapp - Time: 89.15s - CPU Usage: 0.00% - Memory Usage: 133.91MB (26.16%)
11:52:06,229 root INFO Name picoquic-shadow-ivy - Time: 91.11s - CPU Usage: 0.00% - Memory Usage: 71.69MB (3.50%)
11:52:08,236 root INFO Name picoquic-ivy - Time: 93.14s - CPU Usage: 0.00% - Memory Usage: 455.10MB (22.22%)
11:52:10,241 root INFO Name ping-pong-ivy - Time: 95.11s - CPU Usage: 0.00% - Memory Usage: 57.96MB (2.83%)
11:52:15,244 root INFO Name panther-webapp - Time: 100.17s - CPU Usage: 0.00% - Memory Usage: 133.92MB (26.16%)
11:52:17,250 root INFO Name picoquic-shadow-ivy - Time: 102.14s - CPU Usage: 0.00% - Memory Usage: 71.70MB (3.50%)
11:52:19,257 root INFO Name picoquic-ivy - Time: 104.16s - CPU Usage: 0.00% - Memory Usage: 455.10MB (22.22%)
11:52:21,264 root INFO Name ping-pong-ivy - Time: 106.13s - CPU Usage: 0.00% - Memory Usage: 57.96MB (2.83%)
11:52:26,265 root INFO Name panther-webapp - Time: 111.19s - CPU Usage: 0.00% - Memory Usage: 133.91MB (26.16%)
11:52:28,273 root INFO Name picoquic-shadow-ivy - Time: 113.16s - CPU Usage: 0.00% - Memory Usage: 71.70MB (3.50%)
11:52:30,278 root INFO Name picoquic-ivy - Time: 115.18s - CPU Usage: 0.00% - Memory Usage: 455.10MB (22.22%)
11:52:32,283 root INFO Name ping-pong-ivy - Time: 117.15s - CPU Usage: 0.00% - Memory Usage: 57.96MB (2.83%)
11:52:37,281 root INFO Name panther-webapp - Time: 122.20s - CPU Usage: 0.00% - Memory Usage: 133.92MB (26.16%)
11:52:39,289 root INFO Name picoquic-shadow-ivy - Time: 124.17s - CPU Usage: 0.00% - Memory Usage: 71.81MB (3.51%)
11:52:41,294 root INFO Name picoquic-ivy - Time: 126.20s - CPU Usage: 0.00% - Memory Usage: 455.10MB (22.22%)
11:52:43,301 root INFO Name ping-pong-ivy - Time: 128.17s - CPU Usage: 0.00% - Memory Usage: 57.96MB (2.83%)
11:52:48,295 root INFO Name panther-webapp - Time: 133.22s - CPU Usage: 0.00% - Memory Usage: 133.91MB (26.16%)
11:52:50,307 root INFO Name picoquic-shadow-ivy - Time: 135.19s - CPU Usage: 0.00% - Memory Usage: 71.70MB (3.50%)
11:52:52,312 root INFO Name picoquic-ivy - Time: 137.22s - CPU Usage: 0.00% - Memory Usage: 455.10MB (22.22%)
11:52:54,320 root INFO Name ping-pong-ivy - Time: 139.19s - CPU Usage: 0.00% - Memory Usage: 57.96MB (2.83%)
11:52:59,311 root INFO Name panther-webapp - Time: 144.23s - CPU Usage: 0.00% - Memory Usage: 133.91MB (26.16%)
11:53:01,322 root INFO Name picoquic-shadow-ivy - Time: 146.21s - CPU Usage: 0.00% - Memory Usage: 71.70MB (3.50%)
11:53:03,332 root INFO Name picoquic-ivy - Time: 148.24s - CPU Usage: 0.00% - Memory Usage: 455.10MB (22.22%)
11:53:05,341 root INFO Name ping-pong-ivy - Time: 150.21s - CPU Usage: 0.00% - Memory Usage: 57.96MB (2.83%)
