11:55:16,797 root INFO Docker Compose configuration updated successfully.
11:55:16,951 root INFO Added entry to /etc/hosts: 172.27.1.13 picoquic-ivy
11:55:16,978 root INFO Added entry to /etc/hosts: 172.27.1.14 picoquic-shadow-ivy
11:55:17,16 root INFO Added entry to /etc/hosts: 172.27.1.10 panther-webapp
11:55:17,47 root INFO Added entry to /etc/hosts: 172.27.1.12 ping-pong-ivy
11:55:17,47 root INFO Executing command in tmux with log file: logs/compose_2024-06-02 11:55:17.047905.log
11:55:17,968 root INFO Name picoquic-ivy - Time: 1.01s - CPU Usage: 0.00% - Memory Usage: 439.31MB (21.45%)
11:55:18,976 root INFO Name panther-webapp - Time: 1.98s - CPU Usage: 0.00% - Memory Usage: 133.49MB (26.07%)
11:55:18,978 root INFO Name ping-pong-ivy - Time: 1.94s - CPU Usage: 0.00% - Memory Usage: 57.95MB (2.83%)
11:55:18,980 root INFO Name picoquic-shadow-ivy - Time: 2.00s - CPU Usage: 0.00% - Memory Usage: 71.69MB (3.50%)
11:55:28,982 root INFO Name picoquic-ivy - Time: 12.02s - CPU Usage: 0.00% - Memory Usage: 439.31MB (21.45%)
11:55:30,990 root INFO Name picoquic-shadow-ivy - Time: 14.01s - CPU Usage: 0.00% - Memory Usage: 71.56MB (3.49%)
11:55:30,991 root INFO Name ping-pong-ivy - Time: 13.96s - CPU Usage: 0.00% - Memory Usage: 57.96MB (2.83%)
11:55:30,992 root INFO Name panther-webapp - Time: 14.00s - CPU Usage: 0.00% - Memory Usage: 133.49MB (26.07%)
11:55:40,1 root INFO Name picoquic-ivy - Time: 23.04s - CPU Usage: 0.00% - Memory Usage: 439.31MB (21.45%)
11:55:42,6 root INFO Name ping-pong-ivy - Time: 24.97s - CPU Usage: 0.00% - Memory Usage: 57.95MB (2.83%)
11:55:43,13 root INFO Name panther-webapp - Time: 26.02s - CPU Usage: 0.00% - Memory Usage: 133.49MB (26.07%)
11:55:43,15 root INFO Name picoquic-shadow-ivy - Time: 26.04s - CPU Usage: 0.00% - Memory Usage: 71.56MB (3.49%)
11:55:51,15 root INFO Name picoquic-ivy - Time: 34.05s - CPU Usage: 0.00% - Memory Usage: 439.31MB (21.45%)
11:55:53,24 root INFO Name ping-pong-ivy - Time: 35.99s - CPU Usage: 0.00% - Memory Usage: 57.96MB (2.83%)
11:55:55,32 root INFO Name picoquic-shadow-ivy - Time: 38.05s - CPU Usage: 0.00% - Memory Usage: 71.56MB (3.49%)
11:55:55,33 root INFO Name panther-webapp - Time: 38.04s - CPU Usage: 0.00% - Memory Usage: 133.50MB (26.07%)
