14:35:16,839 root INFO Docker Compose configuration updated successfully.
14:35:16,986 root INFO Added entry to /etc/hosts: 172.27.1.13 picoquic-ivy
14:35:17,5 root INFO Added entry to /etc/hosts: 172.27.1.14 picoquic-shadow-ivy
14:35:17,30 root INFO Added entry to /etc/hosts: 172.27.1.12 ping-pong-ivy
14:35:17,49 root INFO Added entry to /etc/hosts: 172.27.1.10 panther-webapp
14:35:17,50 root INFO Executing command in tmux with log file:  "docker compose -f panther/docker-compose.yml logs -f | tee 'logs/compose_2024-06-02 14:35:17.050173.log'"
14:35:17,988 root INFO Name picoquic-ivy
	 - Time: 1.01s
	 - CPU Usage: 0.00%
	 - Memory Usage: 64.00MB (3.12%)
14:35:18,995 root INFO Name picoquic-shadow-ivy
	 - Time: 1.98s
	 - CPU Usage: 0.00%
	 - Memory Usage: 57.98MB (2.83%)
14:35:18,996 root INFO Name ping-pong-ivy
	 - Time: 1.97s
	 - CPU Usage: 0.00%
	 - Memory Usage: 60.13MB (2.94%)
14:35:18,997 root INFO Name panther-webapp
	 - Time: 1.96s
	 - CPU Usage: 0.00%
	 - Memory Usage: 122.26MB (23.88%)
14:35:29,7 root INFO Name picoquic-ivy
	 - Time: 12.03s
	 - CPU Usage: 0.00%
	 - Memory Usage: 64.00MB (3.12%)
14:35:31,17 root INFO Name ping-pong-ivy
	 - Time: 13.99s
	 - CPU Usage: 0.00%
	 - Memory Usage: 60.13MB (2.94%)
14:35:31,19 root INFO Name picoquic-shadow-ivy
	 - Time: 14.01s
	 - CPU Usage: 0.00%
	 - Memory Usage: 57.98MB (2.83%)
14:35:31,20 root INFO Name panther-webapp
	 - Time: 13.98s
	 - CPU Usage: 0.00%
	 - Memory Usage: 122.27MB (23.88%)
14:35:40,22 root INFO Name picoquic-ivy
	 - Time: 23.04s
	 - CPU Usage: 0.00%
	 - Memory Usage: 64.00MB (3.12%)
14:35:42,35 root INFO Name picoquic-shadow-ivy
	 - Time: 25.02s
	 - CPU Usage: 0.00%
	 - Memory Usage: 367.03MB (17.92%)
14:35:43,39 root INFO Name ping-pong-ivy
	 - Time: 26.01s
	 - CPU Usage: 0.00%
	 - Memory Usage: 60.32MB (2.95%)
14:35:43,41 root INFO Name panther-webapp
	 - Time: 26.00s
	 - CPU Usage: 0.00%
	 - Memory Usage: 120.82MB (23.60%)
14:35:51,38 root INFO Name picoquic-ivy
	 - Time: 34.06s
	 - CPU Usage: 0.00%
	 - Memory Usage: 63.99MB (3.12%)
14:35:53,50 root INFO Name picoquic-shadow-ivy
	 - Time: 36.04s
	 - CPU Usage: 0.00%
	 - Memory Usage: 452.98MB (22.12%)
14:35:55,56 root INFO Name panther-webapp
	 - Time: 38.01s
	 - CPU Usage: 0.00%
	 - Memory Usage: 120.55MB (23.54%)
14:35:55,57 root INFO Name ping-pong-ivy
	 - Time: 38.03s
	 - CPU Usage: 0.00%
	 - Memory Usage: 60.13MB (2.94%)
14:36:02,53 root INFO Name picoquic-ivy
	 - Time: 45.07s
	 - CPU Usage: 0.00%
	 - Memory Usage: 64.00MB (3.12%)
14:36:04,65 root INFO Name picoquic-shadow-ivy
	 - Time: 47.05s
	 - CPU Usage: 0.00%
	 - Memory Usage: 461.28MB (22.52%)
14:36:06,72 root INFO Name panther-webapp
	 - Time: 49.03s
	 - CPU Usage: 0.00%
	 - Memory Usage: 120.55MB (23.55%)
14:36:07,75 root INFO Name ping-pong-ivy
	 - Time: 50.05s
	 - CPU Usage: 0.00%
	 - Memory Usage: 60.13MB (2.94%)
14:36:13,70 root INFO Name picoquic-ivy
	 - Time: 56.09s
	 - CPU Usage: 0.00%
	 - Memory Usage: 63.91MB (3.12%)
14:36:15,78 root INFO Name picoquic-shadow-ivy
	 - Time: 58.07s
	 - CPU Usage: 0.00%
	 - Memory Usage: 907.49MB (44.31%)
14:36:17,88 root INFO Name panther-webapp
	 - Time: 60.05s
	 - CPU Usage: 0.00%
	 - Memory Usage: 109.07MB (21.30%)
14:36:18,92 root INFO Name ping-pong-ivy
	 - Time: 61.06s
	 - CPU Usage: 0.00%
	 - Memory Usage: 59.81MB (2.92%)
14:36:24,85 root INFO Name picoquic-ivy
	 - Time: 67.10s
	 - CPU Usage: 0.00%
	 - Memory Usage: 63.37MB (3.09%)
14:36:26,93 root INFO Name picoquic-shadow-ivy
	 - Time: 69.08s
	 - CPU Usage: 0.00%
	 - Memory Usage: 1309.08MB (63.92%)
14:36:28,106 root INFO Name panther-webapp
	 - Time: 71.06s
	 - CPU Usage: 0.00%
	 - Memory Usage: 107.85MB (21.06%)
14:36:30,111 root INFO Name ping-pong-ivy
	 - Time: 73.08s
	 - CPU Usage: 0.00%
	 - Memory Usage: 59.61MB (2.91%)
14:36:35,101 root INFO Name picoquic-ivy
	 - Time: 78.12s
	 - CPU Usage: 0.00%
	 - Memory Usage: 63.39MB (3.10%)
14:36:37,110 root INFO Name picoquic-shadow-ivy
	 - Time: 80.10s
	 - CPU Usage: 0.00%
	 - Memory Usage: 329.07MB (16.07%)
14:36:39,122 root INFO Name panther-webapp
	 - Time: 82.08s
	 - CPU Usage: 0.00%
	 - Memory Usage: 107.85MB (21.06%)
14:36:41,125 root INFO Name ping-pong-ivy
	 - Time: 84.10s
	 - CPU Usage: 0.00%
	 - Memory Usage: 59.61MB (2.91%)
14:36:46,120 root INFO Name picoquic-ivy
	 - Time: 89.14s
	 - CPU Usage: 0.00%
	 - Memory Usage: 63.27MB (3.09%)
14:36:48,130 root INFO Name picoquic-shadow-ivy
	 - Time: 91.12s
	 - CPU Usage: 0.00%
	 - Memory Usage: 336.62MB (16.44%)
14:36:50,137 root INFO Name panther-webapp
	 - Time: 93.10s
	 - CPU Usage: 0.00%
	 - Memory Usage: 107.85MB (21.06%)
14:36:52,144 root INFO Name ping-pong-ivy
	 - Time: 95.11s
	 - CPU Usage: 0.00%
	 - Memory Usage: 59.61MB (2.91%)
14:36:57,134 root INFO Name picoquic-ivy
	 - Time: 100.15s
	 - CPU Usage: 0.00%
	 - Memory Usage: 63.27MB (3.09%)
14:36:59,146 root INFO Name picoquic-shadow-ivy
	 - Time: 102.13s
	 - CPU Usage: 0.00%
	 - Memory Usage: 791.68MB (38.66%)
14:37:01,155 root INFO Name panther-webapp
	 - Time: 104.11s
	 - CPU Usage: 0.00%
	 - Memory Usage: 107.61MB (21.02%)
14:37:03,159 root INFO Name ping-pong-ivy
	 - Time: 106.13s
	 - CPU Usage: 0.00%
	 - Memory Usage: 59.25MB (2.89%)
14:37:08,149 root INFO Name picoquic-ivy
	 - Time: 111.17s
	 - CPU Usage: 0.00%
	 - Memory Usage: 62.48MB (3.05%)
14:37:10,162 root INFO Name picoquic-shadow-ivy
	 - Time: 113.15s
	 - CPU Usage: 0.00%
	 - Memory Usage: 1245.29MB (60.80%)
14:37:12,172 root INFO Name panther-webapp
	 - Time: 115.13s
	 - CPU Usage: 0.00%
	 - Memory Usage: 102.16MB (19.95%)
14:37:14,176 root INFO Name ping-pong-ivy
	 - Time: 117.15s
	 - CPU Usage: 0.00%
	 - Memory Usage: 58.50MB (2.86%)
14:37:19,168 root INFO Name picoquic-ivy
	 - Time: 122.19s
	 - CPU Usage: 0.00%
	 - Memory Usage: 61.90MB (3.02%)
14:37:21,178 root INFO Name picoquic-shadow-ivy
	 - Time: 124.17s
	 - CPU Usage: 0.00%
	 - Memory Usage: 185.86MB (9.08%)
14:37:23,187 root INFO Name panther-webapp
	 - Time: 126.15s
	 - CPU Usage: 0.00%
	 - Memory Usage: 102.15MB (19.95%)
14:37:25,193 root INFO Name ping-pong-ivy
	 - Time: 128.16s
	 - CPU Usage: 0.00%
	 - Memory Usage: 58.50MB (2.86%)
14:37:30,182 root INFO Name picoquic-ivy
	 - Time: 133.20s
	 - CPU Usage: 0.00%
	 - Memory Usage: 61.84MB (3.02%)
14:37:32,200 root INFO Name picoquic-shadow-ivy
	 - Time: 135.19s
	 - CPU Usage: 0.00%
	 - Memory Usage: 250.46MB (12.23%)
14:37:34,208 root INFO Name panther-webapp
	 - Time: 137.17s
	 - CPU Usage: 0.00%
	 - Memory Usage: 102.16MB (19.95%)
14:37:36,215 root INFO Name ping-pong-ivy
	 - Time: 139.19s
	 - CPU Usage: 0.00%
	 - Memory Usage: 58.68MB (2.87%)
14:37:41,200 root INFO Name picoquic-ivy
	 - Time: 144.22s
	 - CPU Usage: 0.00%
	 - Memory Usage: 61.84MB (3.02%)
14:37:43,224 root INFO Name picoquic-shadow-ivy
	 - Time: 146.21s
	 - CPU Usage: 0.00%
	 - Memory Usage: 250.46MB (12.23%)
14:37:45,233 root INFO Name panther-webapp
	 - Time: 148.19s
	 - CPU Usage: 0.00%
	 - Memory Usage: 102.16MB (19.95%)
14:37:47,241 root INFO Name ping-pong-ivy
	 - Time: 150.21s
	 - CPU Usage: 0.00%
	 - Memory Usage: 58.50MB (2.86%)
14:37:52,221 root INFO Name picoquic-ivy
	 - Time: 155.24s
	 - CPU Usage: 0.00%
	 - Memory Usage: 61.84MB (3.02%)
14:37:54,244 root INFO Name picoquic-shadow-ivy
	 - Time: 157.23s
	 - CPU Usage: 0.00%
	 - Memory Usage: 250.46MB (12.23%)
14:37:56,252 root INFO Name panther-webapp
	 - Time: 159.21s
	 - CPU Usage: 0.00%
	 - Memory Usage: 102.16MB (19.95%)
14:37:58,263 root INFO Name ping-pong-ivy
	 - Time: 161.23s
	 - CPU Usage: 0.00%
	 - Memory Usage: 58.50MB (2.86%)
14:38:03,237 root INFO Name picoquic-ivy
	 - Time: 166.26s
	 - CPU Usage: 0.00%
	 - Memory Usage: 61.84MB (3.02%)
14:38:05,262 root INFO Name picoquic-shadow-ivy
	 - Time: 168.25s
	 - CPU Usage: 0.00%
	 - Memory Usage: 250.46MB (12.23%)
14:38:07,270 root INFO Name panther-webapp
	 - Time: 170.23s
	 - CPU Usage: 0.00%
	 - Memory Usage: 102.16MB (19.95%)
14:38:09,283 root INFO Name ping-pong-ivy
	 - Time: 172.25s
	 - CPU Usage: 0.00%
	 - Memory Usage: 58.50MB (2.86%)
14:38:14,260 root INFO Name picoquic-ivy
	 - Time: 177.28s
	 - CPU Usage: 0.00%
	 - Memory Usage: 61.84MB (3.02%)
14:38:16,281 root INFO Name picoquic-shadow-ivy
	 - Time: 179.27s
	 - CPU Usage: 0.00%
	 - Memory Usage: 250.46MB (12.23%)
14:38:18,290 root INFO Name panther-webapp
	 - Time: 181.25s
	 - CPU Usage: 0.00%
	 - Memory Usage: 102.17MB (19.95%)
14:38:20,302 root INFO Name ping-pong-ivy
	 - Time: 183.27s
	 - CPU Usage: 0.00%
	 - Memory Usage: 58.50MB (2.86%)
14:38:25,277 root INFO Name picoquic-ivy
	 - Time: 188.30s
	 - CPU Usage: 0.00%
	 - Memory Usage: 61.84MB (3.02%)
14:38:27,301 root INFO Name picoquic-shadow-ivy
	 - Time: 190.29s
	 - CPU Usage: 0.00%
	 - Memory Usage: 250.46MB (12.23%)
14:38:29,311 root INFO Name panther-webapp
	 - Time: 192.27s
	 - CPU Usage: 0.00%
	 - Memory Usage: 102.16MB (19.95%)
14:38:31,324 root INFO Name ping-pong-ivy
	 - Time: 194.29s
	 - CPU Usage: 0.00%
	 - Memory Usage: 58.50MB (2.86%)
14:38:36,300 root INFO Name picoquic-ivy
	 - Time: 199.32s
	 - CPU Usage: 0.00%
	 - Memory Usage: 61.84MB (3.02%)
14:38:38,319 root INFO Name picoquic-shadow-ivy
	 - Time: 201.31s
	 - CPU Usage: 0.00%
	 - Memory Usage: 250.46MB (12.23%)
14:38:40,329 root INFO Name panther-webapp
	 - Time: 203.29s
	 - CPU Usage: 0.00%
	 - Memory Usage: 102.17MB (19.95%)
14:38:42,339 root INFO Name ping-pong-ivy
	 - Time: 205.31s
	 - CPU Usage: 0.00%
	 - Memory Usage: 58.50MB (2.86%)
14:38:47,320 root INFO Name picoquic-ivy
	 - Time: 210.34s
	 - CPU Usage: 0.00%
	 - Memory Usage: 61.84MB (3.02%)
14:38:49,339 root INFO Name picoquic-shadow-ivy
	 - Time: 212.33s
	 - CPU Usage: 0.00%
	 - Memory Usage: 250.46MB (12.23%)
14:38:51,349 root INFO Name panther-webapp
	 - Time: 214.31s
	 - CPU Usage: 0.00%
	 - Memory Usage: 102.17MB (19.95%)
14:38:53,357 root INFO Name ping-pong-ivy
	 - Time: 216.33s
	 - CPU Usage: 0.00%
	 - Memory Usage: 58.50MB (2.86%)
14:38:58,338 root INFO Name picoquic-ivy
	 - Time: 221.36s
	 - CPU Usage: 0.00%
	 - Memory Usage: 61.84MB (3.02%)
14:39:00,357 root INFO Name picoquic-shadow-ivy
	 - Time: 223.35s
	 - CPU Usage: 0.00%
	 - Memory Usage: 250.47MB (12.23%)
14:39:02,372 root INFO Name panther-webapp
	 - Time: 225.33s
	 - CPU Usage: 0.00%
	 - Memory Usage: 102.19MB (19.96%)
14:39:04,380 root INFO Name ping-pong-ivy
	 - Time: 227.35s
	 - CPU Usage: 0.00%
	 - Memory Usage: 58.50MB (2.86%)
14:39:09,356 root INFO Name picoquic-ivy
	 - Time: 232.38s
	 - CPU Usage: 0.00%
	 - Memory Usage: 61.84MB (3.02%)
14:39:11,376 root INFO Name picoquic-shadow-ivy
	 - Time: 234.36s
	 - CPU Usage: 0.00%
	 - Memory Usage: 250.46MB (12.23%)
14:39:13,390 root INFO Name panther-webapp
	 - Time: 236.35s
	 - CPU Usage: 0.00%
	 - Memory Usage: 102.18MB (19.96%)
14:39:15,395 root INFO Name ping-pong-ivy
	 - Time: 238.37s
	 - CPU Usage: 0.00%
	 - Memory Usage: 58.50MB (2.86%)
14:39:20,370 root INFO Name picoquic-ivy
	 - Time: 243.39s
	 - CPU Usage: 0.00%
	 - Memory Usage: 61.84MB (3.02%)
14:39:22,393 root INFO Name picoquic-shadow-ivy
	 - Time: 245.38s
	 - CPU Usage: 0.00%
	 - Memory Usage: 250.65MB (12.24%)
14:39:24,406 root INFO Name panther-webapp
	 - Time: 247.36s
	 - CPU Usage: 0.00%
	 - Memory Usage: 102.18MB (19.96%)
14:39:26,410 root INFO Name ping-pong-ivy
	 - Time: 249.38s
	 - CPU Usage: 0.00%
	 - Memory Usage: 58.50MB (2.86%)
14:39:31,387 root INFO Name picoquic-ivy
	 - Time: 254.41s
	 - CPU Usage: 0.00%
	 - Memory Usage: 61.84MB (3.02%)
14:39:33,644 root INFO Name picoquic-shadow-ivy
	 - Time: 256.63s
	 - CPU Usage: 0.00%
	 - Memory Usage: 250.46MB (12.23%)
14:39:35,648 root INFO Name panther-webapp
	 - Time: 258.61s
	 - CPU Usage: 0.00%
	 - Memory Usage: 102.18MB (19.96%)
14:39:37,655 root INFO Name ping-pong-ivy
	 - Time: 260.63s
	 - CPU Usage: 0.00%
	 - Memory Usage: 58.50MB (2.86%)
14:39:42,404 root INFO Name picoquic-ivy
	 - Time: 265.42s
	 - CPU Usage: 0.00%
	 - Memory Usage: 61.84MB (3.02%)
14:39:44,659 root INFO Name picoquic-shadow-ivy
	 - Time: 267.65s
	 - CPU Usage: 0.00%
	 - Memory Usage: 250.66MB (12.24%)
14:39:46,670 root INFO Name panther-webapp
	 - Time: 269.63s
	 - CPU Usage: 0.00%
	 - Memory Usage: 102.18MB (19.96%)
14:39:48,679 root INFO Name ping-pong-ivy
	 - Time: 271.65s
	 - CPU Usage: 0.00%
	 - Memory Usage: 58.50MB (2.86%)
14:39:53,427 root INFO Name picoquic-ivy
	 - Time: 276.45s
	 - CPU Usage: 0.00%
	 - Memory Usage: 61.84MB (3.02%)
14:39:55,676 root INFO Name picoquic-shadow-ivy
	 - Time: 278.66s
	 - CPU Usage: 0.00%
	 - Memory Usage: 250.66MB (12.24%)
14:39:57,687 root INFO Name panther-webapp
	 - Time: 280.65s
	 - CPU Usage: 0.00%
	 - Memory Usage: 102.19MB (19.96%)
14:39:59,694 root INFO Name ping-pong-ivy
	 - Time: 282.67s
	 - CPU Usage: 0.00%
	 - Memory Usage: 58.50MB (2.86%)
14:40:04,442 root INFO Name picoquic-ivy
	 - Time: 287.46s
	 - CPU Usage: 0.00%
	 - Memory Usage: 61.84MB (3.02%)
14:40:06,690 root INFO Name picoquic-shadow-ivy
	 - Time: 289.68s
	 - CPU Usage: 0.00%
	 - Memory Usage: 250.85MB (12.25%)
14:40:08,701 root INFO Name panther-webapp
	 - Time: 291.66s
	 - CPU Usage: 0.00%
	 - Memory Usage: 102.19MB (19.96%)
14:40:10,711 root INFO Name ping-pong-ivy
	 - Time: 293.68s
	 - CPU Usage: 0.00%
	 - Memory Usage: 58.50MB (2.86%)
14:40:15,458 root INFO Name picoquic-ivy
	 - Time: 298.48s
	 - CPU Usage: 0.00%
	 - Memory Usage: 61.84MB (3.02%)
14:40:17,706 root INFO Name picoquic-shadow-ivy
	 - Time: 300.69s
	 - CPU Usage: 0.00%
	 - Memory Usage: 250.66MB (12.24%)
14:40:19,718 root INFO Name panther-webapp
	 - Time: 302.68s
	 - CPU Usage: 0.00%
	 - Memory Usage: 102.20MB (19.96%)
14:40:21,727 root INFO Name ping-pong-ivy
	 - Time: 304.70s
	 - CPU Usage: 0.00%
	 - Memory Usage: 58.50MB (2.86%)
14:40:26,476 root INFO Name picoquic-ivy
	 - Time: 309.49s
	 - CPU Usage: 0.00%
	 - Memory Usage: 62.73MB (3.06%)
14:40:28,724 root INFO Name picoquic-shadow-ivy
	 - Time: 311.71s
	 - CPU Usage: 0.00%
	 - Memory Usage: 58.02MB (2.83%)
14:40:30,735 root INFO Name panther-webapp
	 - Time: 313.69s
	 - CPU Usage: 0.00%
	 - Memory Usage: 102.23MB (19.97%)
14:40:32,745 root INFO Name ping-pong-ivy
	 - Time: 315.72s
	 - CPU Usage: 0.00%
	 - Memory Usage: 58.58MB (2.86%)
14:40:37,489 root INFO Name picoquic-ivy
	 - Time: 320.51s
	 - CPU Usage: 0.00%
	 - Memory Usage: 62.73MB (3.06%)
14:40:39,740 root INFO Name picoquic-shadow-ivy
	 - Time: 322.73s
	 - CPU Usage: 0.00%
	 - Memory Usage: 328.38MB (16.03%)
14:40:41,750 root INFO Name panther-webapp
	 - Time: 324.71s
	 - CPU Usage: 0.00%
	 - Memory Usage: 102.54MB (20.03%)
14:40:43,759 root INFO Name ping-pong-ivy
	 - Time: 326.73s
	 - CPU Usage: 0.00%
	 - Memory Usage: 58.54MB (2.86%)
14:40:48,507 root INFO Name picoquic-ivy
	 - Time: 331.53s
	 - CPU Usage: 0.00%
	 - Memory Usage: 62.68MB (3.06%)
14:40:50,755 root INFO Name picoquic-shadow-ivy
	 - Time: 333.74s
	 - CPU Usage: 0.00%
	 - Memory Usage: 427.27MB (20.86%)
14:40:52,766 root INFO Name panther-webapp
	 - Time: 335.72s
	 - CPU Usage: 0.00%
	 - Memory Usage: 101.80MB (19.88%)
14:40:54,774 root INFO Name ping-pong-ivy
	 - Time: 337.74s
	 - CPU Usage: 0.00%
	 - Memory Usage: 58.09MB (2.84%)
14:40:59,522 root INFO Name picoquic-ivy
	 - Time: 342.54s
	 - CPU Usage: 0.00%
	 - Memory Usage: 62.29MB (3.04%)
14:41:01,769 root INFO Name picoquic-shadow-ivy
	 - Time: 344.76s
	 - CPU Usage: 0.00%
	 - Memory Usage: 465.74MB (22.74%)
14:41:03,781 root INFO Name panther-webapp
	 - Time: 346.74s
	 - CPU Usage: 0.00%
	 - Memory Usage: 101.80MB (19.88%)
14:41:05,790 root INFO Name ping-pong-ivy
	 - Time: 348.76s
	 - CPU Usage: 0.00%
	 - Memory Usage: 58.21MB (2.84%)
14:41:10,539 root INFO Name picoquic-ivy
	 - Time: 353.56s
	 - CPU Usage: 0.00%
	 - Memory Usage: 62.23MB (3.04%)
14:41:12,782 root INFO Name picoquic-shadow-ivy
	 - Time: 355.77s
	 - CPU Usage: 0.00%
	 - Memory Usage: 597.66MB (29.18%)
14:41:14,800 root INFO Name panther-webapp
	 - Time: 357.76s
	 - CPU Usage: 0.00%
	 - Memory Usage: 101.80MB (19.88%)
14:41:16,805 root INFO Name ping-pong-ivy
	 - Time: 359.78s
	 - CPU Usage: 0.00%
	 - Memory Usage: 57.64MB (2.81%)
14:41:21,556 root INFO Name picoquic-ivy
	 - Time: 364.57s
	 - CPU Usage: 0.00%
	 - Memory Usage: 60.96MB (2.98%)
14:41:23,799 root INFO Name picoquic-shadow-ivy
	 - Time: 366.79s
	 - CPU Usage: 0.00%
	 - Memory Usage: 1132.19MB (55.28%)
14:41:25,817 root INFO Name panther-webapp
	 - Time: 368.78s
	 - CPU Usage: 0.00%
	 - Memory Usage: 95.04MB (18.56%)
14:41:27,825 root INFO Name ping-pong-ivy
	 - Time: 370.80s
	 - CPU Usage: 0.00%
	 - Memory Usage: 55.26MB (2.70%)
14:41:32,571 root INFO Name picoquic-ivy
	 - Time: 375.59s
	 - CPU Usage: 0.00%
	 - Memory Usage: 58.58MB (2.86%)
14:41:34,814 root INFO Name picoquic-shadow-ivy
	 - Time: 377.80s
	 - CPU Usage: 0.00%
	 - Memory Usage: 588.88MB (28.75%)
14:41:36,834 root INFO Name panther-webapp
	 - Time: 379.79s
	 - CPU Usage: 0.00%
	 - Memory Usage: 92.78MB (18.12%)
14:41:38,838 root INFO Name ping-pong-ivy
	 - Time: 381.81s
	 - CPU Usage: 0.00%
	 - Memory Usage: 54.64MB (2.67%)
14:41:43,588 root INFO Name picoquic-ivy
	 - Time: 386.61s
	 - CPU Usage: 0.00%
	 - Memory Usage: 58.70MB (2.87%)
14:41:45,829 root INFO Name picoquic-shadow-ivy
	 - Time: 388.82s
	 - CPU Usage: 0.00%
	 - Memory Usage: 330.54MB (16.14%)
14:41:47,852 root INFO Name panther-webapp
	 - Time: 390.81s
	 - CPU Usage: 0.00%
	 - Memory Usage: 92.78MB (18.12%)
14:41:49,857 root INFO Name ping-pong-ivy
	 - Time: 392.83s
	 - CPU Usage: 0.00%
	 - Memory Usage: 54.89MB (2.68%)
14:41:54,603 root INFO Name picoquic-ivy
	 - Time: 397.62s
	 - CPU Usage: 0.00%
	 - Memory Usage: 58.58MB (2.86%)
14:41:56,845 root INFO Name picoquic-shadow-ivy
	 - Time: 399.83s
	 - CPU Usage: 0.00%
	 - Memory Usage: 337.03MB (16.46%)
14:41:58,866 root INFO Name panther-webapp
	 - Time: 401.82s
	 - CPU Usage: 0.00%
	 - Memory Usage: 92.78MB (18.12%)
14:42:00,873 root INFO Name ping-pong-ivy
	 - Time: 403.84s
	 - CPU Usage: 0.00%
	 - Memory Usage: 54.64MB (2.67%)
14:42:05,621 root INFO Name picoquic-ivy
	 - Time: 408.64s
	 - CPU Usage: 0.00%
	 - Memory Usage: 58.58MB (2.86%)
14:42:07,857 root INFO Name picoquic-shadow-ivy
	 - Time: 410.85s
	 - CPU Usage: 0.00%
	 - Memory Usage: 902.31MB (44.06%)
14:42:09,882 root INFO Name panther-webapp
	 - Time: 412.84s
	 - CPU Usage: 0.00%
	 - Memory Usage: 92.78MB (18.12%)
14:42:11,890 root INFO Name ping-pong-ivy
	 - Time: 414.86s
	 - CPU Usage: 0.00%
	 - Memory Usage: 54.64MB (2.67%)
14:42:16,638 root INFO Name picoquic-ivy
	 - Time: 419.66s
	 - CPU Usage: 0.00%
	 - Memory Usage: 58.58MB (2.86%)
14:42:18,873 root INFO Name picoquic-shadow-ivy
	 - Time: 421.86s
	 - CPU Usage: 0.00%
	 - Memory Usage: 1337.86MB (65.32%)
14:42:20,898 root INFO Name panther-webapp
	 - Time: 423.86s
	 - CPU Usage: 0.00%
	 - Memory Usage: 92.78MB (18.12%)
14:42:22,905 root INFO Name ping-pong-ivy
	 - Time: 425.88s
	 - CPU Usage: 0.00%
	 - Memory Usage: 54.64MB (2.67%)
14:42:27,655 root INFO Name picoquic-ivy
	 - Time: 430.67s
	 - CPU Usage: 0.00%
	 - Memory Usage: 58.58MB (2.86%)
14:42:29,891 root INFO Name picoquic-shadow-ivy
	 - Time: 432.88s
	 - CPU Usage: 0.00%
	 - Memory Usage: 332.62MB (16.24%)
14:42:31,918 root INFO Name panther-webapp
	 - Time: 434.88s
	 - CPU Usage: 0.00%
	 - Memory Usage: 92.78MB (18.12%)
14:42:33,927 root INFO Name ping-pong-ivy
	 - Time: 436.90s
	 - CPU Usage: 0.00%
	 - Memory Usage: 54.64MB (2.67%)
14:42:38,673 root INFO Name picoquic-ivy
	 - Time: 441.69s
	 - CPU Usage: 0.00%
	 - Memory Usage: 58.58MB (2.86%)
14:42:40,907 root INFO Name picoquic-shadow-ivy
	 - Time: 443.90s
	 - CPU Usage: 0.00%
	 - Memory Usage: 332.62MB (16.24%)
14:42:42,939 root INFO Name panther-webapp
	 - Time: 445.90s
	 - CPU Usage: 0.00%
	 - Memory Usage: 92.78MB (18.12%)
14:42:44,949 root INFO Name ping-pong-ivy
	 - Time: 447.92s
	 - CPU Usage: 0.00%
	 - Memory Usage: 54.64MB (2.67%)
14:42:49,690 root INFO Name picoquic-ivy
	 - Time: 452.71s
	 - CPU Usage: 0.00%
	 - Memory Usage: 58.70MB (2.87%)
14:42:51,929 root INFO Name picoquic-shadow-ivy
	 - Time: 454.92s
	 - CPU Usage: 0.00%
	 - Memory Usage: 332.62MB (16.24%)
14:42:53,957 root INFO Name panther-webapp
	 - Time: 456.92s
	 - CPU Usage: 0.00%
	 - Memory Usage: 92.78MB (18.12%)
14:42:55,969 root INFO Name ping-pong-ivy
	 - Time: 458.94s
	 - CPU Usage: 0.00%
	 - Memory Usage: 54.64MB (2.67%)
14:43:00,710 root INFO Name picoquic-ivy
	 - Time: 463.73s
	 - CPU Usage: 0.00%
	 - Memory Usage: 58.58MB (2.86%)
14:43:02,949 root INFO Name picoquic-shadow-ivy
	 - Time: 465.94s
	 - CPU Usage: 0.00%
	 - Memory Usage: 332.62MB (16.24%)
14:43:04,977 root INFO Name panther-webapp
	 - Time: 467.94s
	 - CPU Usage: 0.00%
	 - Memory Usage: 92.78MB (18.12%)
14:43:06,984 root INFO Name ping-pong-ivy
	 - Time: 469.96s
	 - CPU Usage: 0.00%
	 - Memory Usage: 54.64MB (2.67%)
14:43:11,729 root INFO Name picoquic-ivy
	 - Time: 474.75s
	 - CPU Usage: 0.00%
	 - Memory Usage: 58.70MB (2.87%)
14:43:13,969 root INFO Name picoquic-shadow-ivy
	 - Time: 476.96s
	 - CPU Usage: 0.00%
	 - Memory Usage: 332.62MB (16.24%)
14:43:15,996 root INFO Name panther-webapp
	 - Time: 478.95s
	 - CPU Usage: 0.00%
	 - Memory Usage: 92.78MB (18.12%)
14:43:18,3 root INFO Name ping-pong-ivy
	 - Time: 480.97s
	 - CPU Usage: 0.00%
	 - Memory Usage: 54.64MB (2.67%)
14:43:22,750 root INFO Name picoquic-ivy
	 - Time: 485.77s
	 - CPU Usage: 0.00%
	 - Memory Usage: 58.58MB (2.86%)
14:43:24,990 root INFO Name picoquic-shadow-ivy
	 - Time: 487.98s
	 - CPU Usage: 0.00%
	 - Memory Usage: 332.63MB (16.24%)
14:43:27,14 root INFO Name panther-webapp
	 - Time: 489.97s
	 - CPU Usage: 0.00%
	 - Memory Usage: 92.78MB (18.12%)
14:43:29,24 root INFO Name ping-pong-ivy
	 - Time: 491.99s
	 - CPU Usage: 0.00%
	 - Memory Usage: 54.64MB (2.67%)
14:43:33,769 root INFO Name picoquic-ivy
	 - Time: 496.79s
	 - CPU Usage: 0.00%
	 - Memory Usage: 58.58MB (2.86%)
14:43:36,9 root INFO Name picoquic-shadow-ivy
	 - Time: 499.00s
	 - CPU Usage: 0.00%
	 - Memory Usage: 332.62MB (16.24%)
14:43:38,31 root INFO Name panther-webapp
	 - Time: 500.99s
	 - CPU Usage: 0.00%
	 - Memory Usage: 92.78MB (18.12%)
14:43:40,40 root INFO Name ping-pong-ivy
	 - Time: 503.01s
	 - CPU Usage: 0.00%
	 - Memory Usage: 54.64MB (2.67%)
14:43:44,790 root INFO Name picoquic-ivy
	 - Time: 507.81s
	 - CPU Usage: 0.00%
	 - Memory Usage: 58.58MB (2.86%)
14:43:47,31 root INFO Name picoquic-shadow-ivy
	 - Time: 510.02s
	 - CPU Usage: 0.00%
	 - Memory Usage: 332.62MB (16.24%)
14:43:49,49 root INFO Name panther-webapp
	 - Time: 512.01s
	 - CPU Usage: 0.00%
	 - Memory Usage: 92.78MB (18.12%)
14:43:51,58 root INFO Name ping-pong-ivy
	 - Time: 514.03s
	 - CPU Usage: 0.00%
	 - Memory Usage: 54.64MB (2.67%)
14:43:55,808 root INFO Name picoquic-ivy
	 - Time: 518.83s
	 - CPU Usage: 0.00%
	 - Memory Usage: 58.58MB (2.86%)
14:43:58,47 root INFO Name picoquic-shadow-ivy
	 - Time: 521.03s
	 - CPU Usage: 0.00%
	 - Memory Usage: 332.62MB (16.24%)
14:44:00,69 root INFO Name panther-webapp
	 - Time: 523.03s
	 - CPU Usage: 0.00%
	 - Memory Usage: 92.78MB (18.12%)
14:44:02,76 root INFO Name ping-pong-ivy
	 - Time: 525.05s
	 - CPU Usage: 0.00%
	 - Memory Usage: 54.76MB (2.67%)
14:44:06,825 root INFO Name picoquic-ivy
	 - Time: 529.84s
	 - CPU Usage: 0.00%
	 - Memory Usage: 58.58MB (2.86%)
14:44:09,65 root INFO Name picoquic-shadow-ivy
	 - Time: 532.05s
	 - CPU Usage: 0.00%
	 - Memory Usage: 332.75MB (16.25%)
14:44:11,89 root INFO Name panther-webapp
	 - Time: 534.05s
	 - CPU Usage: 0.00%
	 - Memory Usage: 92.78MB (18.12%)
14:44:13,98 root INFO Name ping-pong-ivy
	 - Time: 536.07s
	 - CPU Usage: 0.00%
	 - Memory Usage: 54.64MB (2.67%)
14:44:17,845 root INFO Name picoquic-ivy
	 - Time: 540.86s
	 - CPU Usage: 0.00%
	 - Memory Usage: 58.58MB (2.86%)
14:44:20,85 root INFO Name picoquic-shadow-ivy
	 - Time: 543.07s
	 - CPU Usage: 0.00%
	 - Memory Usage: 332.62MB (16.24%)
14:44:22,109 root INFO Name panther-webapp
	 - Time: 545.07s
	 - CPU Usage: 0.00%
	 - Memory Usage: 92.78MB (18.12%)
14:44:24,118 root INFO Name ping-pong-ivy
	 - Time: 547.09s
	 - CPU Usage: 0.00%
	 - Memory Usage: 54.64MB (2.67%)
14:44:28,866 root INFO Name picoquic-ivy
	 - Time: 551.89s
	 - CPU Usage: 0.00%
	 - Memory Usage: 58.58MB (2.86%)
14:44:31,105 root INFO Name picoquic-shadow-ivy
	 - Time: 554.09s
	 - CPU Usage: 0.00%
	 - Memory Usage: 332.62MB (16.24%)
14:44:33,130 root INFO Name panther-webapp
	 - Time: 556.09s
	 - CPU Usage: 0.00%
	 - Memory Usage: 92.78MB (18.12%)
14:44:35,138 root INFO Name ping-pong-ivy
	 - Time: 558.11s
	 - CPU Usage: 0.00%
	 - Memory Usage: 54.64MB (2.67%)
14:44:39,886 root INFO Name picoquic-ivy
	 - Time: 562.91s
	 - CPU Usage: 0.00%
	 - Memory Usage: 58.58MB (2.86%)
14:44:42,126 root INFO Name picoquic-shadow-ivy
	 - Time: 565.11s
	 - CPU Usage: 0.00%
	 - Memory Usage: 332.62MB (16.24%)
14:44:44,152 root INFO Name panther-webapp
	 - Time: 567.11s
	 - CPU Usage: 0.00%
	 - Memory Usage: 92.78MB (18.12%)
14:44:46,160 root INFO Name ping-pong-ivy
	 - Time: 569.13s
	 - CPU Usage: 0.00%
	 - Memory Usage: 54.64MB (2.67%)
14:44:50,899 root INFO Name picoquic-ivy
	 - Time: 573.92s
	 - CPU Usage: 0.00%
	 - Memory Usage: 58.58MB (2.86%)
14:44:53,143 root INFO Name picoquic-shadow-ivy
	 - Time: 576.13s
	 - CPU Usage: 0.00%
	 - Memory Usage: 332.62MB (16.24%)
14:44:55,171 root INFO Name panther-webapp
	 - Time: 578.13s
	 - CPU Usage: 0.00%
	 - Memory Usage: 92.79MB (18.12%)
14:44:57,181 root INFO Name ping-pong-ivy
	 - Time: 580.15s
	 - CPU Usage: 0.00%
	 - Memory Usage: 54.64MB (2.67%)
14:45:01,916 root INFO Name picoquic-ivy
	 - Time: 584.93s
	 - CPU Usage: 0.00%
	 - Memory Usage: 58.58MB (2.86%)
14:45:04,161 root INFO Name picoquic-shadow-ivy
	 - Time: 587.15s
	 - CPU Usage: 0.00%
	 - Memory Usage: 332.62MB (16.24%)
14:45:06,185 root INFO Name panther-webapp
	 - Time: 589.14s
	 - CPU Usage: 0.00%
	 - Memory Usage: 92.78MB (18.12%)
14:45:08,195 root INFO Name ping-pong-ivy
	 - Time: 591.17s
	 - CPU Usage: 0.00%
	 - Memory Usage: 54.64MB (2.67%)
14:45:12,930 root INFO Name picoquic-ivy
	 - Time: 595.95s
	 - CPU Usage: 0.00%
	 - Memory Usage: 58.58MB (2.86%)
14:45:15,178 root INFO Name picoquic-shadow-ivy
	 - Time: 598.17s
	 - CPU Usage: 0.00%
	 - Memory Usage: 332.61MB (16.24%)
14:45:17,202 root INFO Name panther-webapp
	 - Time: 600.16s
	 - CPU Usage: 0.00%
	 - Memory Usage: 92.79MB (18.12%)
14:45:19,212 root INFO Name ping-pong-ivy
	 - Time: 602.18s
	 - CPU Usage: 0.00%
	 - Memory Usage: 54.89MB (2.68%)
14:45:23,945 root INFO Name picoquic-ivy
	 - Time: 606.96s
	 - CPU Usage: 0.00%
	 - Memory Usage: 58.58MB (2.86%)
14:45:26,195 root INFO Name picoquic-shadow-ivy
	 - Time: 609.18s
	 - CPU Usage: 0.00%
	 - Memory Usage: 332.62MB (16.24%)
14:45:28,218 root INFO Name panther-webapp
	 - Time: 611.18s
	 - CPU Usage: 0.00%
	 - Memory Usage: 92.79MB (18.12%)
14:45:30,228 root INFO Name ping-pong-ivy
	 - Time: 613.20s
	 - CPU Usage: 0.00%
	 - Memory Usage: 54.64MB (2.67%)
14:45:34,962 root INFO Name picoquic-ivy
	 - Time: 617.98s
	 - CPU Usage: 0.00%
	 - Memory Usage: 58.58MB (2.86%)
14:45:37,210 root INFO Name picoquic-shadow-ivy
	 - Time: 620.20s
	 - CPU Usage: 0.00%
	 - Memory Usage: 332.62MB (16.24%)
14:45:39,236 root INFO Name panther-webapp
	 - Time: 622.19s
	 - CPU Usage: 0.00%
	 - Memory Usage: 92.79MB (18.12%)
14:45:41,247 root INFO Name ping-pong-ivy
	 - Time: 624.22s
	 - CPU Usage: 0.00%
	 - Memory Usage: 54.64MB (2.67%)
14:45:45,977 root INFO Name picoquic-ivy
	 - Time: 629.00s
	 - CPU Usage: 0.00%
	 - Memory Usage: 58.58MB (2.86%)
14:45:48,224 root INFO Name picoquic-shadow-ivy
	 - Time: 631.21s
	 - CPU Usage: 0.00%
	 - Memory Usage: 332.62MB (16.24%)
14:45:50,249 root INFO Name panther-webapp
	 - Time: 633.21s
	 - CPU Usage: 0.00%
	 - Memory Usage: 92.79MB (18.12%)
14:45:52,261 root INFO Name ping-pong-ivy
	 - Time: 635.23s
	 - CPU Usage: 0.00%
	 - Memory Usage: 54.64MB (2.67%)
14:45:56,994 root INFO Name picoquic-ivy
	 - Time: 640.01s
	 - CPU Usage: 0.00%
	 - Memory Usage: 58.58MB (2.86%)
14:45:59,240 root INFO Name picoquic-shadow-ivy
	 - Time: 642.23s
	 - CPU Usage: 0.00%
	 - Memory Usage: 332.62MB (16.24%)
14:46:01,261 root INFO Name panther-webapp
	 - Time: 644.22s
	 - CPU Usage: 0.00%
	 - Memory Usage: 92.79MB (18.12%)
14:46:03,274 root INFO Name ping-pong-ivy
	 - Time: 646.24s
	 - CPU Usage: 0.00%
	 - Memory Usage: 54.64MB (2.67%)
14:46:08,8 root INFO Name picoquic-ivy
	 - Time: 651.03s
	 - CPU Usage: 0.00%
	 - Memory Usage: 58.58MB (2.86%)
14:46:10,253 root INFO Name picoquic-shadow-ivy
	 - Time: 653.24s
	 - CPU Usage: 0.00%
	 - Memory Usage: 332.62MB (16.24%)
14:46:12,278 root INFO Name panther-webapp
	 - Time: 655.24s
	 - CPU Usage: 0.00%
	 - Memory Usage: 92.79MB (18.12%)
14:46:14,290 root INFO Name ping-pong-ivy
	 - Time: 657.26s
	 - CPU Usage: 0.00%
	 - Memory Usage: 54.64MB (2.67%)
14:46:19,26 root INFO Name picoquic-ivy
	 - Time: 662.04s
	 - CPU Usage: 0.00%
	 - Memory Usage: 58.58MB (2.86%)
14:46:21,270 root INFO Name picoquic-shadow-ivy
	 - Time: 664.26s
	 - CPU Usage: 0.00%
	 - Memory Usage: 332.72MB (16.25%)
14:46:23,293 root INFO Name panther-webapp
	 - Time: 666.25s
	 - CPU Usage: 0.00%
	 - Memory Usage: 92.79MB (18.12%)
14:46:25,306 root INFO Name ping-pong-ivy
	 - Time: 668.28s
	 - CPU Usage: 0.00%
	 - Memory Usage: 54.64MB (2.67%)
14:46:30,42 root INFO Name picoquic-ivy
	 - Time: 673.06s
	 - CPU Usage: 0.00%
	 - Memory Usage: 58.58MB (2.86%)
14:46:32,287 root INFO Name picoquic-shadow-ivy
	 - Time: 675.27s
	 - CPU Usage: 0.00%
	 - Memory Usage: 332.72MB (16.25%)
14:46:34,310 root INFO Name panther-webapp
	 - Time: 677.27s
	 - CPU Usage: 0.00%
	 - Memory Usage: 92.79MB (18.12%)
14:46:36,321 root INFO Name ping-pong-ivy
	 - Time: 679.29s
	 - CPU Usage: 0.00%
	 - Memory Usage: 54.64MB (2.67%)
14:46:41,61 root INFO Name picoquic-ivy
	 - Time: 684.08s
	 - CPU Usage: 0.00%
	 - Memory Usage: 58.58MB (2.86%)
14:46:43,302 root INFO Name picoquic-shadow-ivy
	 - Time: 686.29s
	 - CPU Usage: 0.00%
	 - Memory Usage: 332.72MB (16.25%)
14:46:45,332 root INFO Name panther-webapp
	 - Time: 688.29s
	 - CPU Usage: 0.00%
	 - Memory Usage: 92.79MB (18.12%)
14:46:47,337 root INFO Name ping-pong-ivy
	 - Time: 690.31s
	 - CPU Usage: 0.00%
	 - Memory Usage: 55.24MB (2.70%)
14:46:52,78 root INFO Name picoquic-ivy
	 - Time: 695.10s
	 - CPU Usage: 0.00%
	 - Memory Usage: 58.57MB (2.86%)
14:46:54,318 root INFO Name picoquic-shadow-ivy
	 - Time: 697.31s
	 - CPU Usage: 0.00%
	 - Memory Usage: 276.67MB (13.51%)
14:46:56,346 root INFO Name panther-webapp
	 - Time: 699.30s
	 - CPU Usage: 0.00%
	 - Memory Usage: 92.85MB (18.14%)
14:46:58,351 root INFO Name ping-pong-ivy
	 - Time: 701.32s
	 - CPU Usage: 0.00%
	 - Memory Usage: 55.24MB (2.70%)
14:47:03,93 root INFO Name picoquic-ivy
	 - Time: 706.11s
	 - CPU Usage: 0.00%
	 - Memory Usage: 57.91MB (2.83%)
14:47:05,333 root INFO Name picoquic-shadow-ivy
	 - Time: 708.32s
	 - CPU Usage: 0.00%
	 - Memory Usage: 348.84MB (17.03%)
14:47:07,361 root INFO Name panther-webapp
	 - Time: 710.32s
	 - CPU Usage: 0.00%
	 - Memory Usage: 90.93MB (17.76%)
14:47:09,368 root INFO Name ping-pong-ivy
	 - Time: 712.34s
	 - CPU Usage: 0.00%
	 - Memory Usage: 54.79MB (2.68%)
14:47:14,105 root INFO Name picoquic-ivy
	 - Time: 717.12s
	 - CPU Usage: 0.00%
	 - Memory Usage: 57.91MB (2.83%)
14:47:16,350 root INFO Name picoquic-shadow-ivy
	 - Time: 719.34s
	 - CPU Usage: 0.00%
	 - Memory Usage: 453.74MB (22.16%)
14:47:18,377 root INFO Name panther-webapp
	 - Time: 721.34s
	 - CPU Usage: 0.00%
	 - Memory Usage: 90.93MB (17.76%)
14:47:20,382 root INFO Name ping-pong-ivy
	 - Time: 723.35s
	 - CPU Usage: 0.00%
	 - Memory Usage: 54.79MB (2.68%)
14:47:25,121 root INFO Name picoquic-ivy
	 - Time: 728.14s
	 - CPU Usage: 0.00%
	 - Memory Usage: 57.91MB (2.83%)
14:47:27,365 root INFO Name picoquic-shadow-ivy
	 - Time: 730.35s
	 - CPU Usage: 0.00%
	 - Memory Usage: 462.59MB (22.59%)
14:47:29,393 root INFO Name panther-webapp
	 - Time: 732.35s
	 - CPU Usage: 0.00%
	 - Memory Usage: 90.93MB (17.76%)
14:47:31,400 root INFO Name ping-pong-ivy
	 - Time: 734.37s
	 - CPU Usage: 0.00%
	 - Memory Usage: 54.79MB (2.68%)
14:47:36,137 root INFO Name picoquic-ivy
	 - Time: 739.16s
	 - CPU Usage: 0.00%
	 - Memory Usage: 57.91MB (2.83%)
14:47:38,382 root INFO Name picoquic-shadow-ivy
	 - Time: 741.37s
	 - CPU Usage: 0.00%
	 - Memory Usage: 1028.57MB (50.22%)
14:47:40,408 root INFO Name panther-webapp
	 - Time: 743.37s
	 - CPU Usage: 0.00%
	 - Memory Usage: 89.96MB (17.57%)
14:47:42,415 root INFO Name ping-pong-ivy
	 - Time: 745.39s
	 - CPU Usage: 0.00%
	 - Memory Usage: 54.32MB (2.65%)
14:47:47,146 root INFO Name picoquic-ivy
	 - Time: 750.16s
	 - CPU Usage: 0.00%
	 - Memory Usage: 57.30MB (2.80%)
14:47:49,397 root INFO Name picoquic-shadow-ivy
	 - Time: 752.38s
	 - CPU Usage: 0.00%
	 - Memory Usage: 1370.59MB (66.92%)
14:47:51,421 root INFO Name panther-webapp
	 - Time: 754.38s
	 - CPU Usage: 0.00%
	 - Memory Usage: 88.27MB (17.24%)
14:47:53,430 root INFO Name ping-pong-ivy
	 - Time: 756.40s
	 - CPU Usage: 0.00%
	 - Memory Usage: 53.97MB (2.64%)
14:47:58,162 root INFO Name picoquic-ivy
	 - Time: 761.18s
	 - CPU Usage: 0.00%
	 - Memory Usage: 57.00MB (2.78%)
14:48:00,415 root INFO Name picoquic-shadow-ivy
	 - Time: 763.40s
	 - CPU Usage: 0.00%
	 - Memory Usage: 378.87MB (18.50%)
14:48:02,439 root INFO Name panther-webapp
	 - Time: 765.40s
	 - CPU Usage: 0.00%
	 - Memory Usage: 88.27MB (17.24%)
14:48:04,451 root INFO Name ping-pong-ivy
	 - Time: 767.42s
	 - CPU Usage: 0.00%
	 - Memory Usage: 53.97MB (2.64%)
14:48:09,177 root INFO Name picoquic-ivy
	 - Time: 772.20s
	 - CPU Usage: 0.00%
	 - Memory Usage: 57.12MB (2.79%)
14:48:11,431 root INFO Name picoquic-shadow-ivy
	 - Time: 774.42s
	 - CPU Usage: 0.00%
	 - Memory Usage: 388.34MB (18.96%)
14:48:13,455 root INFO Name panther-webapp
	 - Time: 776.41s
	 - CPU Usage: 0.00%
	 - Memory Usage: 88.27MB (17.24%)
14:48:15,467 root INFO Name ping-pong-ivy
	 - Time: 778.44s
	 - CPU Usage: 0.00%
	 - Memory Usage: 54.09MB (2.64%)
14:48:20,194 root INFO Name picoquic-ivy
	 - Time: 783.21s
	 - CPU Usage: 0.00%
	 - Memory Usage: 57.00MB (2.78%)
14:48:22,448 root INFO Name picoquic-shadow-ivy
	 - Time: 785.44s
	 - CPU Usage: 0.00%
	 - Memory Usage: 815.62MB (39.83%)
14:48:24,471 root INFO Name panther-webapp
	 - Time: 787.43s
	 - CPU Usage: 0.00%
	 - Memory Usage: 88.28MB (17.24%)
14:48:26,481 root INFO Name ping-pong-ivy
	 - Time: 789.45s
	 - CPU Usage: 0.00%
	 - Memory Usage: 53.97MB (2.64%)
14:48:31,209 root INFO Name picoquic-ivy
	 - Time: 794.23s
	 - CPU Usage: 0.00%
	 - Memory Usage: 56.33MB (2.75%)
14:48:33,462 root INFO Name picoquic-shadow-ivy
	 - Time: 796.45s
	 - CPU Usage: 0.00%
	 - Memory Usage: 1254.17MB (61.24%)
14:48:35,489 root INFO Name panther-webapp
	 - Time: 798.45s
	 - CPU Usage: 0.00%
	 - Memory Usage: 86.21MB (16.84%)
14:48:37,494 root INFO Name ping-pong-ivy
	 - Time: 800.46s
	 - CPU Usage: 0.00%
	 - Memory Usage: 52.93MB (2.58%)
14:48:42,227 root INFO Name picoquic-ivy
	 - Time: 805.25s
	 - CPU Usage: 0.00%
	 - Memory Usage: 55.91MB (2.73%)
14:48:44,474 root INFO Name picoquic-shadow-ivy
	 - Time: 807.46s
	 - CPU Usage: 0.00%
	 - Memory Usage: 247.44MB (12.08%)
14:48:46,505 root INFO Name panther-webapp
	 - Time: 809.46s
	 - CPU Usage: 0.00%
	 - Memory Usage: 86.03MB (16.80%)
14:48:48,513 root INFO Name ping-pong-ivy
	 - Time: 811.48s
	 - CPU Usage: 0.00%
	 - Memory Usage: 52.93MB (2.58%)
14:48:53,249 root INFO Name picoquic-ivy
	 - Time: 816.27s
	 - CPU Usage: 0.00%
	 - Memory Usage: 55.91MB (2.73%)
14:48:55,494 root INFO Name picoquic-shadow-ivy
	 - Time: 818.48s
	 - CPU Usage: 0.00%
	 - Memory Usage: 315.02MB (15.38%)
14:48:57,524 root INFO Name panther-webapp
	 - Time: 820.48s
	 - CPU Usage: 0.00%
	 - Memory Usage: 85.93MB (16.78%)
14:48:59,534 root INFO Name ping-pong-ivy
	 - Time: 822.50s
	 - CPU Usage: 0.00%
	 - Memory Usage: 52.93MB (2.58%)
14:49:04,271 root INFO Name picoquic-ivy
	 - Time: 827.29s
	 - CPU Usage: 0.00%
	 - Memory Usage: 55.91MB (2.73%)
14:49:06,509 root INFO Name picoquic-shadow-ivy
	 - Time: 829.50s
	 - CPU Usage: 0.00%
	 - Memory Usage: 314.92MB (15.38%)
14:49:08,543 root INFO Name panther-webapp
	 - Time: 831.50s
	 - CPU Usage: 0.00%
	 - Memory Usage: 85.93MB (16.78%)
14:49:10,553 root INFO Name ping-pong-ivy
	 - Time: 833.52s
	 - CPU Usage: 0.00%
	 - Memory Usage: 52.93MB (2.58%)
14:49:15,288 root INFO Name picoquic-ivy
	 - Time: 838.31s
	 - CPU Usage: 0.00%
	 - Memory Usage: 56.03MB (2.74%)
14:49:17,525 root INFO Name picoquic-shadow-ivy
	 - Time: 840.51s
	 - CPU Usage: 0.00%
	 - Memory Usage: 314.93MB (15.38%)
14:49:19,560 root INFO Name panther-webapp
	 - Time: 842.52s
	 - CPU Usage: 0.00%
	 - Memory Usage: 85.93MB (16.78%)
14:49:21,571 root INFO Name ping-pong-ivy
	 - Time: 844.54s
	 - CPU Usage: 0.00%
	 - Memory Usage: 52.93MB (2.58%)
14:49:26,306 root INFO Name picoquic-ivy
	 - Time: 849.33s
	 - CPU Usage: 0.00%
	 - Memory Usage: 55.91MB (2.73%)
14:49:28,538 root INFO Name picoquic-shadow-ivy
	 - Time: 851.53s
	 - CPU Usage: 0.00%
	 - Memory Usage: 314.92MB (15.38%)
14:49:30,578 root INFO Name panther-webapp
	 - Time: 853.54s
	 - CPU Usage: 0.00%
	 - Memory Usage: 85.93MB (16.78%)
14:49:32,648 root INFO Name ping-pong-ivy
	 - Time: 855.62s
	 - CPU Usage: 0.00%
	 - Memory Usage: 52.93MB (2.58%)
14:49:37,325 root INFO Name picoquic-ivy
	 - Time: 860.34s
	 - CPU Usage: 0.00%
	 - Memory Usage: 55.94MB (2.73%)
14:49:39,561 root INFO Name picoquic-shadow-ivy
	 - Time: 862.55s
	 - CPU Usage: 0.00%
	 - Memory Usage: 314.92MB (15.38%)
14:49:41,597 root INFO Name panther-webapp
	 - Time: 864.56s
	 - CPU Usage: 0.00%
	 - Memory Usage: 85.94MB (16.79%)
14:49:43,665 root INFO Name ping-pong-ivy
	 - Time: 866.64s
	 - CPU Usage: 0.00%
	 - Memory Usage: 52.93MB (2.58%)
14:49:48,343 root INFO Name picoquic-ivy
	 - Time: 871.36s
	 - CPU Usage: 0.00%
	 - Memory Usage: 55.91MB (2.73%)
14:49:50,582 root INFO Name picoquic-shadow-ivy
	 - Time: 873.57s
	 - CPU Usage: 0.00%
	 - Memory Usage: 314.92MB (15.38%)
14:49:52,618 root INFO Name panther-webapp
	 - Time: 875.58s
	 - CPU Usage: 0.00%
	 - Memory Usage: 86.06MB (16.81%)
14:49:54,688 root INFO Name ping-pong-ivy
	 - Time: 877.66s
	 - CPU Usage: 0.00%
	 - Memory Usage: 52.93MB (2.58%)
14:49:59,361 root INFO Name picoquic-ivy
	 - Time: 882.38s
	 - CPU Usage: 0.00%
	 - Memory Usage: 55.91MB (2.73%)
14:50:01,604 root INFO Name picoquic-shadow-ivy
	 - Time: 884.59s
	 - CPU Usage: 0.00%
	 - Memory Usage: 314.92MB (15.38%)
14:50:03,638 root INFO Name panther-webapp
	 - Time: 886.60s
	 - CPU Usage: 0.00%
	 - Memory Usage: 85.93MB (16.78%)
14:50:05,705 root INFO Name ping-pong-ivy
	 - Time: 888.68s
	 - CPU Usage: 0.00%
	 - Memory Usage: 53.05MB (2.59%)
14:50:10,382 root INFO Name picoquic-ivy
	 - Time: 893.40s
	 - CPU Usage: 0.00%
	 - Memory Usage: 55.91MB (2.73%)
14:50:12,622 root INFO Name picoquic-shadow-ivy
	 - Time: 895.61s
	 - CPU Usage: 0.00%
	 - Memory Usage: 314.92MB (15.38%)
14:50:14,658 root INFO Name panther-webapp
	 - Time: 897.62s
	 - CPU Usage: 0.00%
	 - Memory Usage: 85.94MB (16.78%)
14:50:16,722 root INFO Name ping-pong-ivy
	 - Time: 899.69s
	 - CPU Usage: 0.00%
	 - Memory Usage: 52.93MB (2.58%)
14:50:21,401 root INFO Name picoquic-ivy
	 - Time: 904.42s
	 - CPU Usage: 0.00%
	 - Memory Usage: 56.03MB (2.74%)
14:50:23,645 root INFO Name picoquic-shadow-ivy
	 - Time: 906.63s
	 - CPU Usage: 0.00%
	 - Memory Usage: 314.92MB (15.38%)
14:50:25,678 root INFO Name panther-webapp
	 - Time: 908.64s
	 - CPU Usage: 0.00%
	 - Memory Usage: 85.94MB (16.78%)
14:50:27,743 root INFO Name ping-pong-ivy
	 - Time: 910.71s
	 - CPU Usage: 0.00%
	 - Memory Usage: 52.93MB (2.58%)
14:50:32,422 root INFO Name picoquic-ivy
	 - Time: 915.44s
	 - CPU Usage: 0.00%
	 - Memory Usage: 55.91MB (2.73%)
14:50:34,665 root INFO Name picoquic-shadow-ivy
	 - Time: 917.65s
	 - CPU Usage: 0.00%
	 - Memory Usage: 314.92MB (15.38%)
14:50:36,699 root INFO Name panther-webapp
	 - Time: 919.66s
	 - CPU Usage: 0.00%
	 - Memory Usage: 85.94MB (16.78%)
14:50:38,762 root INFO Name ping-pong-ivy
	 - Time: 921.73s
	 - CPU Usage: 0.00%
	 - Memory Usage: 52.93MB (2.58%)
14:50:43,442 root INFO Name picoquic-ivy
	 - Time: 926.46s
	 - CPU Usage: 0.00%
	 - Memory Usage: 55.91MB (2.73%)
14:50:45,681 root INFO Name picoquic-shadow-ivy
	 - Time: 928.67s
	 - CPU Usage: 0.00%
	 - Memory Usage: 314.92MB (15.38%)
14:50:47,718 root INFO Name panther-webapp
	 - Time: 930.68s
	 - CPU Usage: 0.00%
	 - Memory Usage: 85.94MB (16.78%)
14:50:49,779 root INFO Name ping-pong-ivy
	 - Time: 932.75s
	 - CPU Usage: 0.00%
	 - Memory Usage: 52.93MB (2.58%)
14:50:54,462 root INFO Name picoquic-ivy
	 - Time: 937.48s
	 - CPU Usage: 0.00%
	 - Memory Usage: 55.91MB (2.73%)
14:50:56,702 root INFO Name picoquic-shadow-ivy
	 - Time: 939.69s
	 - CPU Usage: 0.00%
	 - Memory Usage: 314.92MB (15.38%)
14:50:58,740 root INFO Name panther-webapp
	 - Time: 941.70s
	 - CPU Usage: 0.00%
	 - Memory Usage: 85.94MB (16.78%)
14:51:00,801 root INFO Name ping-pong-ivy
	 - Time: 943.77s
	 - CPU Usage: 0.00%
	 - Memory Usage: 52.93MB (2.58%)
14:51:05,476 root INFO Name picoquic-ivy
	 - Time: 948.49s
	 - CPU Usage: 0.00%
	 - Memory Usage: 56.03MB (2.74%)
14:51:07,722 root INFO Name picoquic-shadow-ivy
	 - Time: 950.71s
	 - CPU Usage: 0.00%
	 - Memory Usage: 314.92MB (15.38%)
14:51:09,757 root INFO Name panther-webapp
	 - Time: 952.72s
	 - CPU Usage: 0.00%
	 - Memory Usage: 85.94MB (16.78%)
14:51:11,821 root INFO Name ping-pong-ivy
	 - Time: 954.79s
	 - CPU Usage: 0.00%
	 - Memory Usage: 52.93MB (2.58%)
14:51:16,496 root INFO Name picoquic-ivy
	 - Time: 959.52s
	 - CPU Usage: 0.00%
	 - Memory Usage: 55.91MB (2.73%)
14:51:18,743 root INFO Name picoquic-shadow-ivy
	 - Time: 961.73s
	 - CPU Usage: 0.00%
	 - Memory Usage: 314.92MB (15.38%)
14:51:20,778 root INFO Name panther-webapp
	 - Time: 963.74s
	 - CPU Usage: 0.00%
	 - Memory Usage: 85.94MB (16.78%)
14:51:22,841 root INFO Name ping-pong-ivy
	 - Time: 965.81s
	 - CPU Usage: 0.00%
	 - Memory Usage: 52.93MB (2.58%)
14:51:27,512 root INFO Name picoquic-ivy
	 - Time: 970.53s
	 - CPU Usage: 0.00%
	 - Memory Usage: 56.16MB (2.74%)
14:51:29,762 root INFO Name picoquic-shadow-ivy
	 - Time: 972.75s
	 - CPU Usage: 0.00%
	 - Memory Usage: 314.92MB (15.38%)
14:51:31,798 root INFO Name panther-webapp
	 - Time: 974.76s
	 - CPU Usage: 0.00%
	 - Memory Usage: 85.94MB (16.79%)
14:51:33,863 root INFO Name ping-pong-ivy
	 - Time: 976.83s
	 - CPU Usage: 0.00%
	 - Memory Usage: 52.98MB (2.59%)
14:51:38,530 root INFO Name picoquic-ivy
	 - Time: 981.55s
	 - CPU Usage: 0.00%
	 - Memory Usage: 55.91MB (2.73%)
14:51:40,784 root INFO Name picoquic-shadow-ivy
	 - Time: 983.77s
	 - CPU Usage: 0.00%
	 - Memory Usage: 314.92MB (15.38%)
14:51:42,817 root INFO Name panther-webapp
	 - Time: 985.78s
	 - CPU Usage: 0.00%
	 - Memory Usage: 85.95MB (16.79%)
14:51:44,884 root INFO Name ping-pong-ivy
	 - Time: 987.85s
	 - CPU Usage: 0.00%
	 - Memory Usage: 52.93MB (2.58%)
14:51:49,548 root INFO Name picoquic-ivy
	 - Time: 992.57s
	 - CPU Usage: 0.00%
	 - Memory Usage: 56.16MB (2.74%)
14:51:51,798 root INFO Name picoquic-shadow-ivy
	 - Time: 994.79s
	 - CPU Usage: 0.00%
	 - Memory Usage: 314.92MB (15.38%)
14:51:53,835 root INFO Name panther-webapp
	 - Time: 996.79s
	 - CPU Usage: 0.00%
	 - Memory Usage: 85.95MB (16.79%)
14:51:55,896 root INFO Name ping-pong-ivy
	 - Time: 998.87s
	 - CPU Usage: 0.00%
	 - Memory Usage: 52.93MB (2.58%)
14:52:00,562 root INFO Name picoquic-ivy
	 - Time: 1003.58s
	 - CPU Usage: 0.00%
	 - Memory Usage: 55.91MB (2.73%)
14:52:02,814 root INFO Name picoquic-shadow-ivy
	 - Time: 1005.80s
	 - CPU Usage: 0.00%
	 - Memory Usage: 314.92MB (15.38%)
14:52:04,849 root INFO Name panther-webapp
	 - Time: 1007.81s
	 - CPU Usage: 0.00%
	 - Memory Usage: 85.95MB (16.79%)
14:52:06,908 root INFO Name ping-pong-ivy
	 - Time: 1009.88s
	 - CPU Usage: 0.00%
	 - Memory Usage: 52.93MB (2.58%)
14:52:11,578 root INFO Name picoquic-ivy
	 - Time: 1014.60s
	 - CPU Usage: 0.00%
	 - Memory Usage: 55.91MB (2.73%)
14:52:13,831 root INFO Name picoquic-shadow-ivy
	 - Time: 1016.82s
	 - CPU Usage: 0.00%
	 - Memory Usage: 314.92MB (15.38%)
14:52:15,865 root INFO Name panther-webapp
	 - Time: 1018.82s
	 - CPU Usage: 0.00%
	 - Memory Usage: 85.95MB (16.79%)
14:52:17,922 root INFO Name ping-pong-ivy
	 - Time: 1020.89s
	 - CPU Usage: 0.00%
	 - Memory Usage: 52.93MB (2.58%)
14:52:22,587 root INFO Name picoquic-ivy
	 - Time: 1025.61s
	 - CPU Usage: 0.00%
	 - Memory Usage: 55.91MB (2.73%)
14:52:24,851 root INFO Name picoquic-shadow-ivy
	 - Time: 1027.84s
	 - CPU Usage: 0.00%
	 - Memory Usage: 314.92MB (15.38%)
14:52:26,879 root INFO Name panther-webapp
	 - Time: 1029.84s
	 - CPU Usage: 0.00%
	 - Memory Usage: 85.95MB (16.79%)
14:52:28,940 root INFO Name ping-pong-ivy
	 - Time: 1031.91s
	 - CPU Usage: 0.00%
	 - Memory Usage: 52.93MB (2.58%)
14:52:33,604 root INFO Name picoquic-ivy
	 - Time: 1036.62s
	 - CPU Usage: 0.00%
	 - Memory Usage: 55.91MB (2.73%)
14:52:35,868 root INFO Name picoquic-shadow-ivy
	 - Time: 1038.86s
	 - CPU Usage: 0.00%
	 - Memory Usage: 315.18MB (15.39%)
14:52:37,894 root INFO Name panther-webapp
	 - Time: 1040.85s
	 - CPU Usage: 0.00%
	 - Memory Usage: 85.95MB (16.79%)
14:52:39,953 root INFO Name ping-pong-ivy
	 - Time: 1042.92s
	 - CPU Usage: 0.00%
	 - Memory Usage: 52.93MB (2.58%)
14:52:44,618 root INFO Name picoquic-ivy
	 - Time: 1047.64s
	 - CPU Usage: 0.00%
	 - Memory Usage: 55.91MB (2.73%)
14:52:46,882 root INFO Name picoquic-shadow-ivy
	 - Time: 1049.87s
	 - CPU Usage: 0.00%
	 - Memory Usage: 314.92MB (15.38%)
14:52:48,910 root INFO Name panther-webapp
	 - Time: 1051.87s
	 - CPU Usage: 0.00%
	 - Memory Usage: 85.95MB (16.79%)
14:52:50,969 root INFO Name ping-pong-ivy
	 - Time: 1053.94s
	 - CPU Usage: 0.00%
	 - Memory Usage: 52.93MB (2.58%)
14:52:55,633 root INFO Name picoquic-ivy
	 - Time: 1058.65s
	 - CPU Usage: 0.00%
	 - Memory Usage: 55.91MB (2.73%)
14:52:57,903 root INFO Name picoquic-shadow-ivy
	 - Time: 1060.89s
	 - CPU Usage: 0.00%
	 - Memory Usage: 314.92MB (15.38%)
14:52:59,932 root INFO Name panther-webapp
	 - Time: 1062.89s
	 - CPU Usage: 0.00%
	 - Memory Usage: 85.95MB (16.79%)
14:53:01,987 root INFO Name ping-pong-ivy
	 - Time: 1064.96s
	 - CPU Usage: 0.00%
	 - Memory Usage: 52.93MB (2.58%)
14:53:06,650 root INFO Name picoquic-ivy
	 - Time: 1069.67s
	 - CPU Usage: 0.00%
	 - Memory Usage: 55.91MB (2.73%)
14:53:08,916 root INFO Name picoquic-shadow-ivy
	 - Time: 1071.90s
	 - CPU Usage: 0.00%
	 - Memory Usage: 314.92MB (15.38%)
14:53:10,948 root INFO Name panther-webapp
	 - Time: 1073.91s
	 - CPU Usage: 0.00%
	 - Memory Usage: 85.95MB (16.79%)
14:53:13,1 root INFO Name ping-pong-ivy
	 - Time: 1075.97s
	 - CPU Usage: 0.00%
	 - Memory Usage: 52.93MB (2.58%)
14:53:17,666 root INFO Name picoquic-ivy
	 - Time: 1080.68s
	 - CPU Usage: 0.00%
	 - Memory Usage: 55.91MB (2.73%)
14:53:19,929 root INFO Name picoquic-shadow-ivy
	 - Time: 1082.92s
	 - CPU Usage: 0.00%
	 - Memory Usage: 314.92MB (15.38%)
14:53:21,963 root INFO Name panther-webapp
	 - Time: 1084.92s
	 - CPU Usage: 0.00%
	 - Memory Usage: 85.95MB (16.79%)
14:53:24,19 root INFO Name ping-pong-ivy
	 - Time: 1086.99s
	 - CPU Usage: 0.00%
	 - Memory Usage: 53.06MB (2.59%)
14:53:28,681 root INFO Name picoquic-ivy
	 - Time: 1091.70s
	 - CPU Usage: 0.00%
	 - Memory Usage: 55.91MB (2.73%)
14:53:30,945 root INFO Name picoquic-shadow-ivy
	 - Time: 1093.93s
	 - CPU Usage: 0.00%
	 - Memory Usage: 314.92MB (15.38%)
14:53:32,981 root INFO Name panther-webapp
	 - Time: 1095.94s
	 - CPU Usage: 0.00%
	 - Memory Usage: 85.95MB (16.79%)
14:53:35,41 root INFO Name ping-pong-ivy
	 - Time: 1098.01s
	 - CPU Usage: 0.00%
	 - Memory Usage: 52.93MB (2.58%)
14:53:39,698 root INFO Name picoquic-ivy
	 - Time: 1102.72s
	 - CPU Usage: 0.00%
	 - Memory Usage: 55.82MB (2.73%)
14:53:41,963 root INFO Name picoquic-shadow-ivy
	 - Time: 1104.95s
	 - CPU Usage: 0.00%
	 - Memory Usage: 57.96MB (2.83%)
14:53:43,998 root INFO Name panther-webapp
	 - Time: 1106.96s
	 - CPU Usage: 0.00%
	 - Memory Usage: 85.96MB (16.79%)
14:53:46,57 root INFO Name ping-pong-ivy
	 - Time: 1109.03s
	 - CPU Usage: 0.00%
	 - Memory Usage: 52.62MB (2.57%)
14:53:50,715 root INFO Name picoquic-ivy
	 - Time: 1113.73s
	 - CPU Usage: 0.00%
	 - Memory Usage: 55.84MB (2.73%)
14:53:52,978 root INFO Name picoquic-shadow-ivy
	 - Time: 1115.97s
	 - CPU Usage: 0.00%
	 - Memory Usage: 57.96MB (2.83%)
14:53:55,15 root INFO Name panther-webapp
	 - Time: 1117.97s
	 - CPU Usage: 0.00%
	 - Memory Usage: 85.96MB (16.79%)
14:53:57,73 root INFO Name ping-pong-ivy
	 - Time: 1120.04s
	 - CPU Usage: 0.00%
	 - Memory Usage: 52.62MB (2.57%)
14:54:01,729 root INFO Name picoquic-ivy
	 - Time: 1124.75s
	 - CPU Usage: 0.00%
	 - Memory Usage: 55.84MB (2.73%)
14:54:03,993 root INFO Name picoquic-shadow-ivy
	 - Time: 1126.98s
	 - CPU Usage: 0.00%
	 - Memory Usage: 57.96MB (2.83%)
14:54:06,30 root INFO Name panther-webapp
	 - Time: 1128.99s
	 - CPU Usage: 0.00%
	 - Memory Usage: 85.96MB (16.79%)
14:54:08,91 root INFO Name ping-pong-ivy
	 - Time: 1131.06s
	 - CPU Usage: 0.00%
	 - Memory Usage: 52.62MB (2.57%)
14:54:12,743 root INFO Name picoquic-ivy
	 - Time: 1135.76s
	 - CPU Usage: 0.00%
	 - Memory Usage: 56.31MB (2.75%)
14:54:15,7 root INFO Name picoquic-shadow-ivy
	 - Time: 1137.99s
	 - CPU Usage: 0.00%
	 - Memory Usage: 58.05MB (2.83%)
14:54:17,45 root INFO Name panther-webapp
	 - Time: 1140.00s
	 - CPU Usage: 0.00%
	 - Memory Usage: 85.96MB (16.79%)
14:54:19,107 root INFO Name ping-pong-ivy
	 - Time: 1142.08s
	 - CPU Usage: 0.00%
	 - Memory Usage: 52.74MB (2.58%)
14:54:23,758 root INFO Name picoquic-ivy
	 - Time: 1146.78s
	 - CPU Usage: 0.00%
	 - Memory Usage: 56.19MB (2.74%)
14:54:26,24 root INFO Name picoquic-shadow-ivy
	 - Time: 1149.01s
	 - CPU Usage: 0.00%
	 - Memory Usage: 58.05MB (2.83%)
14:54:28,58 root INFO Name panther-webapp
	 - Time: 1151.02s
	 - CPU Usage: 0.00%
	 - Memory Usage: 85.96MB (16.79%)
14:54:30,123 root INFO Name ping-pong-ivy
	 - Time: 1153.09s
	 - CPU Usage: 0.00%
	 - Memory Usage: 52.62MB (2.57%)
14:54:34,773 root INFO Name picoquic-ivy
	 - Time: 1157.79s
	 - CPU Usage: 0.00%
	 - Memory Usage: 56.19MB (2.74%)
14:54:37,36 root INFO Name picoquic-shadow-ivy
	 - Time: 1160.02s
	 - CPU Usage: 0.00%
	 - Memory Usage: 58.05MB (2.83%)
14:54:39,75 root INFO Name panther-webapp
	 - Time: 1162.03s
	 - CPU Usage: 0.00%
	 - Memory Usage: 85.96MB (16.79%)
14:54:41,138 root INFO Name ping-pong-ivy
	 - Time: 1164.11s
	 - CPU Usage: 0.00%
	 - Memory Usage: 52.62MB (2.57%)
14:54:45,792 root INFO Name picoquic-ivy
	 - Time: 1168.81s
	 - CPU Usage: 0.00%
	 - Memory Usage: 56.19MB (2.74%)
14:54:48,52 root INFO Name picoquic-shadow-ivy
	 - Time: 1171.04s
	 - CPU Usage: 0.00%
	 - Memory Usage: 58.17MB (2.84%)
14:54:50,90 root INFO Name panther-webapp
	 - Time: 1173.05s
	 - CPU Usage: 0.00%
	 - Memory Usage: 85.96MB (16.79%)
14:54:52,155 root INFO Name ping-pong-ivy
	 - Time: 1175.13s
	 - CPU Usage: 0.00%
	 - Memory Usage: 52.62MB (2.57%)
14:54:56,804 root INFO Name picoquic-ivy
	 - Time: 1179.82s
	 - CPU Usage: 0.00%
	 - Memory Usage: 56.19MB (2.74%)
14:54:59,65 root INFO Name picoquic-shadow-ivy
	 - Time: 1182.05s
	 - CPU Usage: 0.00%
	 - Memory Usage: 58.05MB (2.83%)
