11:34:01,846 root INFO Docker Compose configuration updated successfully.
11:34:02,26 root INFO Added entry to /etc/hosts: 172.27.1.14 picoquic-shadow-ivy
11:34:02,48 root INFO Added entry to /etc/hosts: 172.27.1.12 ping-pong-ivy
11:34:02,71 root INFO Added entry to /etc/hosts: 172.27.1.13 picoquic-ivy
11:34:02,93 root INFO Added entry to /etc/hosts: 172.27.1.10 panther-webapp
11:34:03,31 root INFO Name picoquic-shadow-ivy - Time: 1.01s - CPU Usage: 0.00% - Memory Usage: 76.07MB (3.71%)
11:34:04,36 root INFO Name ping-pong-ivy - Time: 1.99s - CPU Usage: 0.00% - Memory Usage: 58.01MB (2.83%)
11:34:04,37 root INFO Name picoquic-ivy - Time: 1.96s - CPU Usage: 0.00% - Memory Usage: 58.06MB (2.83%)
11:34:04,38 root INFO Name panther-webapp - Time: 1.95s - CPU Usage: 0.00% - Memory Usage: 142.82MB (27.89%)
11:34:14,50 root INFO Name picoquic-shadow-ivy - Time: 12.03s - CPU Usage: 0.00% - Memory Usage: 76.07MB (3.71%)
11:34:15,55 root INFO Name ping-pong-ivy - Time: 13.00s - CPU Usage: 0.00% - Memory Usage: 58.01MB (2.83%)
11:34:16,60 root INFO Name panther-webapp - Time: 13.97s - CPU Usage: 0.00% - Memory Usage: 142.80MB (27.89%)
11:34:16,61 root INFO Name picoquic-ivy - Time: 13.99s - CPU Usage: 0.00% - Memory Usage: 58.06MB (2.83%)
11:34:25,70 root INFO Name picoquic-shadow-ivy - Time: 23.05s - CPU Usage: 0.00% - Memory Usage: 76.07MB (3.71%)
11:34:26,83 root INFO Name ping-pong-ivy - Time: 24.03s - CPU Usage: 0.00% - Memory Usage: 58.01MB (2.83%)
11:34:27,88 root INFO Name picoquic-ivy - Time: 25.01s - CPU Usage: 0.00% - Memory Usage: 58.06MB (2.83%)
11:34:27,90 root INFO Name panther-webapp - Time: 25.00s - CPU Usage: 0.00% - Memory Usage: 142.62MB (27.86%)
11:34:36,88 root INFO Name picoquic-shadow-ivy - Time: 34.06s - CPU Usage: 0.00% - Memory Usage: 76.07MB (3.71%)
11:34:38,98 root INFO Name ping-pong-ivy - Time: 36.05s - CPU Usage: 0.00% - Memory Usage: 58.01MB (2.83%)
11:34:39,100 root INFO Name picoquic-ivy - Time: 37.03s - CPU Usage: 0.00% - Memory Usage: 58.06MB (2.83%)
11:34:39,101 root INFO Name panther-webapp - Time: 37.01s - CPU Usage: 0.00% - Memory Usage: 142.62MB (27.86%)
