12:33:18,989 root INFO Docker Compose configuration updated successfully.
12:33:30,472 root INFO Added entry to /etc/hosts: 172.27.1.10 panther-webapp
12:33:30,527 root INFO Added entry to /etc/hosts: 172.27.1.14 picoquic-shadow-ivy
12:33:30,582 root INFO Added entry to /etc/hosts: 172.27.1.12 ping-pong-ivy
12:33:30,610 root INFO Added entry to /etc/hosts: 172.27.1.13 picoquic-ivy
12:33:30,610 root INFO Executing command in tmux with log file:  "docker compose -f panther/docker-compose.yml logs -f | tee 'logs/compose_2024-06-02 12:33:30.610217.log'"
12:33:31,472 root INFO Name panther-webapp - Time: 1.01s - CPU Usage: 0.00% - Memory Usage: 100.31MB (19.59%)
12:33:32,479 root INFO Name picoquic-shadow-ivy - Time: 1.97s - CPU Usage: 0.00% - Memory Usage: 58.84MB (2.87%)
12:33:32,481 root INFO Name ping-pong-ivy - Time: 1.91s - CPU Usage: 0.00% - Memory Usage: 76.80MB (3.75%)
12:33:32,484 root INFO Name picoquic-ivy - Time: 1.86s - CPU Usage: 0.00% - Memory Usage: 59.77MB (2.92%)
12:33:42,487 root INFO Name panther-webapp - Time: 12.03s - CPU Usage: 0.00% - Memory Usage: 164.12MB (32.06%)
12:33:44,499 root INFO Name picoquic-shadow-ivy - Time: 13.99s - CPU Usage: 0.00% - Memory Usage: 58.84MB (2.87%)
12:33:44,500 root INFO Name ping-pong-ivy - Time: 13.93s - CPU Usage: 0.00% - Memory Usage: 76.31MB (3.73%)
12:33:44,502 root INFO Name picoquic-ivy - Time: 13.88s - CPU Usage: 0.00% - Memory Usage: 59.77MB (2.92%)
12:33:53,509 root INFO Name panther-webapp - Time: 23.05s - CPU Usage: 0.00% - Memory Usage: 161.78MB (31.60%)
12:33:55,515 root INFO Name ping-pong-ivy - Time: 24.94s - CPU Usage: 0.00% - Memory Usage: 76.11MB (3.72%)
12:33:56,521 root INFO Name picoquic-shadow-ivy - Time: 26.01s - CPU Usage: 0.00% - Memory Usage: 58.84MB (2.87%)
12:33:56,522 root INFO Name picoquic-ivy - Time: 25.90s - CPU Usage: 0.00% - Memory Usage: 59.77MB (2.92%)
12:34:04,526 root INFO Name panther-webapp - Time: 34.07s - CPU Usage: 0.00% - Memory Usage: 159.98MB (31.25%)
12:34:06,530 root INFO Name ping-pong-ivy - Time: 35.96s - CPU Usage: 0.00% - Memory Usage: 76.08MB (3.71%)
12:34:08,541 root INFO Name picoquic-shadow-ivy - Time: 38.04s - CPU Usage: 0.00% - Memory Usage: 58.84MB (2.87%)
12:34:08,543 root INFO Name picoquic-ivy - Time: 37.92s - CPU Usage: 0.00% - Memory Usage: 85.51MB (4.18%)
12:34:15,544 root INFO Name panther-webapp - Time: 45.09s - CPU Usage: 0.00% - Memory Usage: 158.99MB (31.05%)
12:34:17,548 root INFO Name ping-pong-ivy - Time: 46.98s - CPU Usage: 0.00% - Memory Usage: 75.98MB (3.71%)
12:34:19,560 root INFO Name picoquic-shadow-ivy - Time: 49.05s - CPU Usage: 0.00% - Memory Usage: 58.85MB (2.87%)
12:34:20,562 root INFO Name picoquic-ivy - Time: 49.94s - CPU Usage: 0.00% - Memory Usage: 477.78MB (23.33%)
12:34:26,560 root INFO Name panther-webapp - Time: 56.10s - CPU Usage: 0.00% - Memory Usage: 157.44MB (30.75%)
12:34:28,566 root INFO Name ping-pong-ivy - Time: 57.99s - CPU Usage: 0.00% - Memory Usage: 75.75MB (3.70%)
12:34:30,574 root INFO Name picoquic-shadow-ivy - Time: 60.07s - CPU Usage: 0.00% - Memory Usage: 58.82MB (2.87%)
12:34:32,580 root INFO Name picoquic-ivy - Time: 61.95s - CPU Usage: 0.00% - Memory Usage: 534.55MB (26.10%)
12:34:37,574 root INFO Name panther-webapp - Time: 67.12s - CPU Usage: 0.00% - Memory Usage: 155.89MB (30.45%)
12:34:39,581 root INFO Name ping-pong-ivy - Time: 69.01s - CPU Usage: 0.00% - Memory Usage: 75.68MB (3.70%)
12:34:41,590 root INFO Name picoquic-shadow-ivy - Time: 71.08s - CPU Usage: 0.00% - Memory Usage: 58.83MB (2.87%)
12:34:43,595 root INFO Name picoquic-ivy - Time: 72.97s - CPU Usage: 0.00% - Memory Usage: 511.21MB (24.96%)
12:34:48,589 root INFO Name panther-webapp - Time: 78.13s - CPU Usage: 0.00% - Memory Usage: 152.98MB (29.88%)
12:34:50,600 root INFO Name ping-pong-ivy - Time: 80.03s - CPU Usage: 0.00% - Memory Usage: 75.21MB (3.67%)
12:34:52,610 root INFO Name picoquic-shadow-ivy - Time: 82.10s - CPU Usage: 0.00% - Memory Usage: 58.84MB (2.87%)
12:34:54,616 root INFO Name picoquic-ivy - Time: 83.99s - CPU Usage: 0.00% - Memory Usage: 933.74MB (45.59%)
12:34:59,606 root INFO Name panther-webapp - Time: 89.15s - CPU Usage: 0.00% - Memory Usage: 151.26MB (29.54%)
12:35:01,613 root INFO Name ping-pong-ivy - Time: 91.04s - CPU Usage: 0.00% - Memory Usage: 75.16MB (3.67%)
12:35:03,625 root INFO Name picoquic-shadow-ivy - Time: 93.12s - CPU Usage: 0.00% - Memory Usage: 58.84MB (2.87%)
12:35:05,629 root INFO Name picoquic-ivy - Time: 95.00s - CPU Usage: 0.00% - Memory Usage: 1435.05MB (70.07%)
12:35:10,623 root INFO Name panther-webapp - Time: 100.16s - CPU Usage: 0.00% - Memory Usage: 151.29MB (29.55%)
12:35:12,629 root INFO Name ping-pong-ivy - Time: 102.06s - CPU Usage: 0.00% - Memory Usage: 75.16MB (3.67%)
12:35:14,638 root INFO Name picoquic-shadow-ivy - Time: 104.13s - CPU Usage: 0.00% - Memory Usage: 58.84MB (2.87%)
12:35:16,642 root INFO Name picoquic-ivy - Time: 106.02s - CPU Usage: 0.00% - Memory Usage: 445.29MB (21.74%)
12:35:21,638 root INFO Name panther-webapp - Time: 111.18s - CPU Usage: 0.00% - Memory Usage: 151.29MB (29.55%)
12:35:23,642 root INFO Name ping-pong-ivy - Time: 113.07s - CPU Usage: 0.00% - Memory Usage: 75.16MB (3.67%)
12:35:25,654 root INFO Name picoquic-shadow-ivy - Time: 115.15s - CPU Usage: 0.00% - Memory Usage: 58.84MB (2.87%)
12:35:27,659 root INFO Name picoquic-ivy - Time: 117.03s - CPU Usage: 0.00% - Memory Usage: 477.23MB (23.30%)
12:35:32,654 root INFO Name panther-webapp - Time: 122.20s - CPU Usage: 0.00% - Memory Usage: 151.29MB (29.55%)
12:35:34,660 root INFO Name ping-pong-ivy - Time: 124.09s - CPU Usage: 0.00% - Memory Usage: 75.16MB (3.67%)
12:35:36,671 root INFO Name picoquic-shadow-ivy - Time: 126.16s - CPU Usage: 0.00% - Memory Usage: 58.84MB (2.87%)
12:35:38,675 root INFO Name picoquic-ivy - Time: 128.05s - CPU Usage: 0.00% - Memory Usage: 609.24MB (29.75%)
12:35:43,669 root INFO Name panther-webapp - Time: 133.21s - CPU Usage: 0.00% - Memory Usage: 151.29MB (29.55%)
12:35:45,673 root INFO Name ping-pong-ivy - Time: 135.10s - CPU Usage: 0.00% - Memory Usage: 75.16MB (3.67%)
12:35:47,687 root INFO Name picoquic-shadow-ivy - Time: 137.18s - CPU Usage: 0.00% - Memory Usage: 58.83MB (2.87%)
12:35:49,692 root INFO Name picoquic-ivy - Time: 139.07s - CPU Usage: 0.00% - Memory Usage: 1226.33MB (59.88%)
12:35:54,684 root INFO Name panther-webapp - Time: 144.23s - CPU Usage: 0.00% - Memory Usage: 149.67MB (29.23%)
12:35:56,691 root INFO Name ping-pong-ivy - Time: 146.12s - CPU Usage: 0.00% - Memory Usage: 74.68MB (3.65%)
12:35:58,701 root INFO Name picoquic-shadow-ivy - Time: 148.20s - CPU Usage: 0.00% - Memory Usage: 58.76MB (2.87%)
12:36:00,708 root INFO Name picoquic-ivy - Time: 150.08s - CPU Usage: 0.00% - Memory Usage: 593.84MB (29.00%)
12:36:05,699 root INFO Name panther-webapp - Time: 155.24s - CPU Usage: 0.00% - Memory Usage: 148.97MB (29.10%)
12:36:07,708 root INFO Name ping-pong-ivy - Time: 157.14s - CPU Usage: 0.00% - Memory Usage: 74.56MB (3.64%)
12:36:09,717 root INFO Name picoquic-shadow-ivy - Time: 159.21s - CPU Usage: 0.00% - Memory Usage: 58.75MB (2.87%)
12:36:11,724 root INFO Name picoquic-ivy - Time: 161.10s - CPU Usage: 0.00% - Memory Usage: 522.28MB (25.50%)
12:36:16,713 root INFO Name panther-webapp - Time: 166.26s - CPU Usage: 0.00% - Memory Usage: 148.97MB (29.10%)
12:36:18,721 root INFO Name ping-pong-ivy - Time: 168.15s - CPU Usage: 0.00% - Memory Usage: 74.56MB (3.64%)
12:36:20,736 root INFO Name picoquic-shadow-ivy - Time: 170.23s - CPU Usage: 0.00% - Memory Usage: 58.75MB (2.87%)
12:36:22,741 root INFO Name picoquic-ivy - Time: 172.12s - CPU Usage: 0.00% - Memory Usage: 522.27MB (25.50%)
12:36:27,734 root INFO Name panther-webapp - Time: 177.28s - CPU Usage: 0.00% - Memory Usage: 148.97MB (29.10%)
12:36:29,742 root INFO Name ping-pong-ivy - Time: 179.17s - CPU Usage: 0.00% - Memory Usage: 74.56MB (3.64%)
12:36:31,749 root INFO Name picoquic-shadow-ivy - Time: 181.24s - CPU Usage: 0.00% - Memory Usage: 58.75MB (2.87%)
12:36:33,761 root INFO Name picoquic-ivy - Time: 183.14s - CPU Usage: 0.00% - Memory Usage: 522.28MB (25.50%)
12:36:38,750 root INFO Name panther-webapp - Time: 188.29s - CPU Usage: 0.00% - Memory Usage: 148.97MB (29.10%)
12:36:40,758 root INFO Name ping-pong-ivy - Time: 190.19s - CPU Usage: 0.00% - Memory Usage: 74.56MB (3.64%)
12:36:42,766 root INFO Name picoquic-shadow-ivy - Time: 192.26s - CPU Usage: 0.00% - Memory Usage: 58.82MB (2.87%)
12:36:44,778 root INFO Name picoquic-ivy - Time: 194.15s - CPU Usage: 0.00% - Memory Usage: 522.27MB (25.50%)
12:36:49,767 root INFO Name panther-webapp - Time: 199.31s - CPU Usage: 0.00% - Memory Usage: 148.97MB (29.10%)
12:36:51,774 root INFO Name ping-pong-ivy - Time: 201.20s - CPU Usage: 0.00% - Memory Usage: 74.56MB (3.64%)
12:36:53,781 root INFO Name picoquic-shadow-ivy - Time: 203.28s - CPU Usage: 0.00% - Memory Usage: 58.75MB (2.87%)
12:36:55,793 root INFO Name picoquic-ivy - Time: 205.17s - CPU Usage: 0.00% - Memory Usage: 522.27MB (25.50%)
12:37:00,781 root INFO Name panther-webapp - Time: 210.32s - CPU Usage: 0.00% - Memory Usage: 148.97MB (29.10%)
12:37:02,790 root INFO Name ping-pong-ivy - Time: 212.22s - CPU Usage: 0.00% - Memory Usage: 74.56MB (3.64%)
12:37:04,799 root INFO Name picoquic-shadow-ivy - Time: 214.29s - CPU Usage: 0.00% - Memory Usage: 58.75MB (2.87%)
12:37:06,808 root INFO Name picoquic-ivy - Time: 216.18s - CPU Usage: 0.00% - Memory Usage: 522.28MB (25.50%)
12:37:11,797 root INFO Name panther-webapp - Time: 221.34s - CPU Usage: 0.00% - Memory Usage: 148.97MB (29.10%)
12:37:13,805 root INFO Name ping-pong-ivy - Time: 223.23s - CPU Usage: 0.00% - Memory Usage: 74.56MB (3.64%)
12:37:15,813 root INFO Name picoquic-shadow-ivy - Time: 225.31s - CPU Usage: 0.00% - Memory Usage: 58.87MB (2.87%)
12:37:17,821 root INFO Name picoquic-ivy - Time: 227.20s - CPU Usage: 0.00% - Memory Usage: 522.40MB (25.51%)
12:37:22,816 root INFO Name panther-webapp - Time: 232.36s - CPU Usage: 0.00% - Memory Usage: 148.97MB (29.10%)
12:37:24,821 root INFO Name ping-pong-ivy - Time: 234.25s - CPU Usage: 0.00% - Memory Usage: 74.81MB (3.65%)
12:37:26,830 root INFO Name picoquic-shadow-ivy - Time: 236.32s - CPU Usage: 0.00% - Memory Usage: 58.75MB (2.87%)
12:37:28,839 root INFO Name picoquic-ivy - Time: 238.21s - CPU Usage: 0.00% - Memory Usage: 522.27MB (25.50%)
12:37:33,828 root INFO Name panther-webapp - Time: 243.37s - CPU Usage: 0.00% - Memory Usage: 148.97MB (29.10%)
12:37:35,838 root INFO Name ping-pong-ivy - Time: 245.27s - CPU Usage: 0.00% - Memory Usage: 74.56MB (3.64%)
12:37:37,845 root INFO Name picoquic-shadow-ivy - Time: 247.34s - CPU Usage: 0.00% - Memory Usage: 58.75MB (2.87%)
12:37:39,857 root INFO Name picoquic-ivy - Time: 249.23s - CPU Usage: 0.00% - Memory Usage: 522.28MB (25.50%)
12:37:44,842 root INFO Name panther-webapp - Time: 254.38s - CPU Usage: 0.00% - Memory Usage: 148.97MB (29.10%)
12:37:46,852 root INFO Name ping-pong-ivy - Time: 256.28s - CPU Usage: 0.00% - Memory Usage: 74.56MB (3.64%)
12:37:48,861 root INFO Name picoquic-shadow-ivy - Time: 258.35s - CPU Usage: 0.00% - Memory Usage: 58.75MB (2.87%)
12:37:50,873 root INFO Name picoquic-ivy - Time: 260.25s - CPU Usage: 0.00% - Memory Usage: 522.28MB (25.50%)
12:37:55,859 root INFO Name panther-webapp - Time: 265.40s - CPU Usage: 0.00% - Memory Usage: 148.97MB (29.10%)
12:37:57,865 root INFO Name ping-pong-ivy - Time: 267.29s - CPU Usage: 0.00% - Memory Usage: 74.56MB (3.64%)
12:37:59,873 root INFO Name picoquic-shadow-ivy - Time: 269.37s - CPU Usage: 0.00% - Memory Usage: 58.75MB (2.87%)
12:38:01,889 root INFO Name picoquic-ivy - Time: 271.26s - CPU Usage: 0.00% - Memory Usage: 522.27MB (25.50%)
12:38:06,873 root INFO Name panther-webapp - Time: 276.42s - CPU Usage: 0.00% - Memory Usage: 148.98MB (29.10%)
12:38:08,881 root INFO Name ping-pong-ivy - Time: 278.31s - CPU Usage: 0.00% - Memory Usage: 75.51MB (3.69%)
12:38:10,891 root INFO Name picoquic-shadow-ivy - Time: 280.38s - CPU Usage: 0.00% - Memory Usage: 58.82MB (2.87%)
12:38:12,909 root INFO Name picoquic-ivy - Time: 282.28s - CPU Usage: 0.00% - Memory Usage: 58.18MB (2.84%)
12:38:17,895 root INFO Name panther-webapp - Time: 287.44s - CPU Usage: 0.00% - Memory Usage: 148.98MB (29.10%)
12:38:19,902 root INFO Name ping-pong-ivy - Time: 289.33s - CPU Usage: 0.00% - Memory Usage: 75.53MB (3.69%)
12:38:21,907 root INFO Name picoquic-shadow-ivy - Time: 291.40s - CPU Usage: 0.00% - Memory Usage: 58.82MB (2.87%)
12:38:23,925 root INFO Name picoquic-ivy - Time: 293.30s - CPU Usage: 0.00% - Memory Usage: 58.05MB (2.83%)
12:38:28,911 root INFO Name panther-webapp - Time: 298.45s - CPU Usage: 0.00% - Memory Usage: 148.98MB (29.10%)
12:38:30,919 root INFO Name ping-pong-ivy - Time: 300.35s - CPU Usage: 0.00% - Memory Usage: 75.54MB (3.69%)
12:38:32,923 root INFO Name picoquic-shadow-ivy - Time: 302.42s - CPU Usage: 0.00% - Memory Usage: 58.81MB (2.87%)
12:38:34,942 root INFO Name picoquic-ivy - Time: 304.32s - CPU Usage: 0.00% - Memory Usage: 76.84MB (3.75%)
12:38:39,927 root INFO Name panther-webapp - Time: 309.47s - CPU Usage: 0.00% - Memory Usage: 149.21MB (29.14%)
12:38:41,934 root INFO Name ping-pong-ivy - Time: 311.36s - CPU Usage: 0.00% - Memory Usage: 75.54MB (3.69%)
12:38:43,939 root INFO Name picoquic-shadow-ivy - Time: 313.43s - CPU Usage: 0.00% - Memory Usage: 58.81MB (2.87%)
12:38:45,957 root INFO Name picoquic-ivy - Time: 315.33s - CPU Usage: 0.00% - Memory Usage: 518.79MB (25.33%)
12:38:50,943 root INFO Name panther-webapp - Time: 320.48s - CPU Usage: 0.00% - Memory Usage: 149.22MB (29.15%)
12:38:52,951 root INFO Name ping-pong-ivy - Time: 322.38s - CPU Usage: 0.00% - Memory Usage: 75.54MB (3.69%)
12:38:54,955 root INFO Name picoquic-shadow-ivy - Time: 324.45s - CPU Usage: 0.00% - Memory Usage: 58.81MB (2.87%)
12:38:56,973 root INFO Name picoquic-ivy - Time: 326.35s - CPU Usage: 0.00% - Memory Usage: 583.75MB (28.50%)
12:39:01,959 root INFO Name panther-webapp - Time: 331.50s - CPU Usage: 0.00% - Memory Usage: 149.23MB (29.15%)
12:39:03,964 root INFO Name ping-pong-ivy - Time: 333.39s - CPU Usage: 0.00% - Memory Usage: 75.54MB (3.69%)
12:39:05,970 root INFO Name picoquic-shadow-ivy - Time: 335.46s - CPU Usage: 0.00% - Memory Usage: 58.81MB (2.87%)
12:39:07,989 root INFO Name picoquic-ivy - Time: 337.36s - CPU Usage: 0.00% - Memory Usage: 592.47MB (28.93%)
12:39:12,975 root INFO Name panther-webapp - Time: 342.52s - CPU Usage: 0.00% - Memory Usage: 149.24MB (29.15%)
12:39:14,980 root INFO Name ping-pong-ivy - Time: 344.41s - CPU Usage: 0.00% - Memory Usage: 75.54MB (3.69%)
12:39:16,987 root INFO Name picoquic-shadow-ivy - Time: 346.48s - CPU Usage: 0.00% - Memory Usage: 58.82MB (2.87%)
12:39:19,5 root INFO Name picoquic-ivy - Time: 348.38s - CPU Usage: 0.00% - Memory Usage: 1112.12MB (54.30%)
12:39:23,990 root INFO Name panther-webapp - Time: 353.53s - CPU Usage: 0.00% - Memory Usage: 144.63MB (28.25%)
12:39:25,994 root INFO Name ping-pong-ivy - Time: 355.42s - CPU Usage: 0.00% - Memory Usage: 75.12MB (3.67%)
12:39:28,1 root INFO Name picoquic-shadow-ivy - Time: 357.50s - CPU Usage: 0.00% - Memory Usage: 58.73MB (2.87%)
12:39:30,21 root INFO Name picoquic-ivy - Time: 359.40s - CPU Usage: 0.00% - Memory Usage: 1480.12MB (72.27%)
12:39:35,6 root INFO Name panther-webapp - Time: 364.55s - CPU Usage: 0.00% - Memory Usage: 143.90MB (28.11%)
12:39:37,12 root INFO Name ping-pong-ivy - Time: 366.44s - CPU Usage: 0.00% - Memory Usage: 75.12MB (3.67%)
12:39:39,18 root INFO Name picoquic-shadow-ivy - Time: 368.51s - CPU Usage: 0.00% - Memory Usage: 58.61MB (2.86%)
12:39:41,37 root INFO Name picoquic-ivy - Time: 370.41s - CPU Usage: 0.00% - Memory Usage: 476.06MB (23.25%)
12:39:46,22 root INFO Name panther-webapp - Time: 375.56s - CPU Usage: 0.00% - Memory Usage: 143.90MB (28.11%)
12:39:48,27 root INFO Name ping-pong-ivy - Time: 377.46s - CPU Usage: 0.00% - Memory Usage: 75.12MB (3.67%)
12:39:50,33 root INFO Name picoquic-shadow-ivy - Time: 379.53s - CPU Usage: 0.00% - Memory Usage: 58.61MB (2.86%)
12:39:52,53 root INFO Name picoquic-ivy - Time: 381.43s - CPU Usage: 0.00% - Memory Usage: 482.53MB (23.56%)
12:39:57,39 root INFO Name panther-webapp - Time: 386.58s - CPU Usage: 0.00% - Memory Usage: 143.90MB (28.11%)
12:39:59,44 root INFO Name ping-pong-ivy - Time: 388.47s - CPU Usage: 0.00% - Memory Usage: 75.12MB (3.67%)
12:40:01,50 root INFO Name picoquic-shadow-ivy - Time: 390.54s - CPU Usage: 0.00% - Memory Usage: 58.61MB (2.86%)
12:40:03,70 root INFO Name picoquic-ivy - Time: 392.44s - CPU Usage: 0.00% - Memory Usage: 1046.18MB (51.08%)
12:40:08,56 root INFO Name panther-webapp - Time: 397.60s - CPU Usage: 0.00% - Memory Usage: 143.90MB (28.11%)
12:40:10,61 root INFO Name ping-pong-ivy - Time: 399.49s - CPU Usage: 0.00% - Memory Usage: 75.12MB (3.67%)
12:40:12,66 root INFO Name picoquic-shadow-ivy - Time: 401.56s - CPU Usage: 0.00% - Memory Usage: 58.61MB (2.86%)
12:40:14,86 root INFO Name picoquic-ivy - Time: 403.46s - CPU Usage: 0.00% - Memory Usage: 1482.05MB (72.37%)
12:40:19,70 root INFO Name panther-webapp - Time: 408.61s - CPU Usage: 0.00% - Memory Usage: 143.90MB (28.11%)
12:40:21,77 root INFO Name ping-pong-ivy - Time: 410.50s - CPU Usage: 0.00% - Memory Usage: 75.31MB (3.68%)
12:40:23,83 root INFO Name picoquic-shadow-ivy - Time: 412.58s - CPU Usage: 0.00% - Memory Usage: 58.61MB (2.86%)
12:40:25,103 root INFO Name picoquic-ivy - Time: 414.48s - CPU Usage: 0.00% - Memory Usage: 484.62MB (23.66%)
12:40:30,86 root INFO Name panther-webapp - Time: 419.63s - CPU Usage: 0.00% - Memory Usage: 143.79MB (28.08%)
12:40:32,89 root INFO Name ping-pong-ivy - Time: 421.52s - CPU Usage: 0.00% - Memory Usage: 75.12MB (3.67%)
12:40:34,100 root INFO Name picoquic-shadow-ivy - Time: 423.59s - CPU Usage: 0.00% - Memory Usage: 58.61MB (2.86%)
12:40:36,123 root INFO Name picoquic-ivy - Time: 425.50s - CPU Usage: 0.00% - Memory Usage: 484.62MB (23.66%)
12:40:41,102 root INFO Name panther-webapp - Time: 430.64s - CPU Usage: 0.00% - Memory Usage: 143.80MB (28.09%)
12:40:43,106 root INFO Name ping-pong-ivy - Time: 432.53s - CPU Usage: 0.00% - Memory Usage: 75.12MB (3.67%)
12:40:45,116 root INFO Name picoquic-shadow-ivy - Time: 434.61s - CPU Usage: 0.00% - Memory Usage: 58.62MB (2.86%)
12:40:47,137 root INFO Name picoquic-ivy - Time: 436.51s - CPU Usage: 0.00% - Memory Usage: 484.62MB (23.66%)
12:40:52,118 root INFO Name panther-webapp - Time: 441.66s - CPU Usage: 0.00% - Memory Usage: 143.80MB (28.09%)
12:40:54,122 root INFO Name ping-pong-ivy - Time: 443.55s - CPU Usage: 0.00% - Memory Usage: 75.12MB (3.67%)
12:40:56,129 root INFO Name picoquic-shadow-ivy - Time: 445.62s - CPU Usage: 0.00% - Memory Usage: 58.74MB (2.87%)
12:40:58,153 root INFO Name picoquic-ivy - Time: 447.53s - CPU Usage: 0.00% - Memory Usage: 484.62MB (23.66%)
12:41:03,133 root INFO Name panther-webapp - Time: 452.67s - CPU Usage: 0.00% - Memory Usage: 143.80MB (28.09%)
12:41:05,138 root INFO Name ping-pong-ivy - Time: 454.57s - CPU Usage: 0.00% - Memory Usage: 75.24MB (3.67%)
12:41:07,146 root INFO Name picoquic-shadow-ivy - Time: 456.64s - CPU Usage: 0.00% - Memory Usage: 58.61MB (2.86%)
12:41:09,173 root INFO Name picoquic-ivy - Time: 458.55s - CPU Usage: 0.00% - Memory Usage: 484.62MB (23.66%)
12:41:14,146 root INFO Name panther-webapp - Time: 463.69s - CPU Usage: 0.00% - Memory Usage: 143.80MB (28.09%)
12:41:16,153 root INFO Name ping-pong-ivy - Time: 465.58s - CPU Usage: 0.00% - Memory Usage: 75.12MB (3.67%)
12:41:18,158 root INFO Name picoquic-shadow-ivy - Time: 467.65s - CPU Usage: 0.00% - Memory Usage: 58.61MB (2.86%)
12:41:20,189 root INFO Name picoquic-ivy - Time: 469.56s - CPU Usage: 0.00% - Memory Usage: 484.62MB (23.66%)
12:41:25,162 root INFO Name panther-webapp - Time: 474.70s - CPU Usage: 0.00% - Memory Usage: 143.80MB (28.09%)
12:41:27,169 root INFO Name ping-pong-ivy - Time: 476.60s - CPU Usage: 0.00% - Memory Usage: 75.12MB (3.67%)
12:41:29,175 root INFO Name picoquic-shadow-ivy - Time: 478.67s - CPU Usage: 0.00% - Memory Usage: 58.61MB (2.86%)
12:41:31,204 root INFO Name picoquic-ivy - Time: 480.58s - CPU Usage: 0.00% - Memory Usage: 484.62MB (23.66%)
12:41:36,175 root INFO Name panther-webapp - Time: 485.72s - CPU Usage: 0.00% - Memory Usage: 143.81MB (28.09%)
12:41:38,183 root INFO Name ping-pong-ivy - Time: 487.61s - CPU Usage: 0.00% - Memory Usage: 75.24MB (3.67%)
12:41:40,189 root INFO Name picoquic-shadow-ivy - Time: 489.68s - CPU Usage: 0.00% - Memory Usage: 58.61MB (2.86%)
12:41:42,223 root INFO Name picoquic-ivy - Time: 491.60s - CPU Usage: 0.00% - Memory Usage: 484.62MB (23.66%)
12:41:47,194 root INFO Name panther-webapp - Time: 496.74s - CPU Usage: 0.00% - Memory Usage: 143.81MB (28.09%)
12:41:49,199 root INFO Name ping-pong-ivy - Time: 498.63s - CPU Usage: 0.00% - Memory Usage: 75.12MB (3.67%)
12:41:51,206 root INFO Name picoquic-shadow-ivy - Time: 500.70s - CPU Usage: 0.00% - Memory Usage: 58.61MB (2.86%)
12:41:53,236 root INFO Name picoquic-ivy - Time: 502.61s - CPU Usage: 0.00% - Memory Usage: 484.62MB (23.66%)
12:41:58,209 root INFO Name panther-webapp - Time: 507.75s - CPU Usage: 0.00% - Memory Usage: 143.81MB (28.09%)
12:42:00,215 root INFO Name ping-pong-ivy - Time: 509.64s - CPU Usage: 0.00% - Memory Usage: 75.12MB (3.67%)
12:42:02,223 root INFO Name picoquic-shadow-ivy - Time: 511.72s - CPU Usage: 0.00% - Memory Usage: 58.61MB (2.86%)
12:42:04,250 root INFO Name picoquic-ivy - Time: 513.62s - CPU Usage: 0.00% - Memory Usage: 484.62MB (23.66%)
12:42:09,225 root INFO Name panther-webapp - Time: 518.77s - CPU Usage: 0.00% - Memory Usage: 143.81MB (28.09%)
12:42:11,231 root INFO Name ping-pong-ivy - Time: 520.66s - CPU Usage: 0.00% - Memory Usage: 75.12MB (3.67%)
12:42:13,239 root INFO Name picoquic-shadow-ivy - Time: 522.73s - CPU Usage: 0.00% - Memory Usage: 58.61MB (2.86%)
12:42:15,257 root INFO Name picoquic-ivy - Time: 524.63s - CPU Usage: 0.00% - Memory Usage: 484.62MB (23.66%)
12:42:20,246 root INFO Name panther-webapp - Time: 529.79s - CPU Usage: 0.00% - Memory Usage: 143.81MB (28.09%)
12:42:22,253 root INFO Name ping-pong-ivy - Time: 531.68s - CPU Usage: 0.00% - Memory Usage: 75.12MB (3.67%)
12:42:24,258 root INFO Name picoquic-shadow-ivy - Time: 533.75s - CPU Usage: 0.00% - Memory Usage: 58.61MB (2.86%)
12:42:26,274 root INFO Name picoquic-ivy - Time: 535.65s - CPU Usage: 0.00% - Memory Usage: 484.62MB (23.66%)
12:42:31,262 root INFO Name panther-webapp - Time: 540.80s - CPU Usage: 0.00% - Memory Usage: 143.81MB (28.09%)
12:42:33,269 root INFO Name ping-pong-ivy - Time: 542.70s - CPU Usage: 0.00% - Memory Usage: 75.12MB (3.67%)
12:42:35,274 root INFO Name picoquic-shadow-ivy - Time: 544.77s - CPU Usage: 0.00% - Memory Usage: 58.61MB (2.86%)
12:42:37,289 root INFO Name picoquic-ivy - Time: 546.66s - CPU Usage: 0.00% - Memory Usage: 484.62MB (23.66%)
12:42:42,276 root INFO Name panther-webapp - Time: 551.82s - CPU Usage: 0.00% - Memory Usage: 143.81MB (28.09%)
12:42:44,281 root INFO Name ping-pong-ivy - Time: 553.71s - CPU Usage: 0.00% - Memory Usage: 75.12MB (3.67%)
12:42:46,290 root INFO Name picoquic-shadow-ivy - Time: 555.78s - CPU Usage: 0.00% - Memory Usage: 58.61MB (2.86%)
12:42:48,305 root INFO Name picoquic-ivy - Time: 557.68s - CPU Usage: 0.00% - Memory Usage: 484.62MB (23.66%)
12:42:53,296 root INFO Name panther-webapp - Time: 562.84s - CPU Usage: 0.00% - Memory Usage: 143.82MB (28.09%)
12:42:55,303 root INFO Name ping-pong-ivy - Time: 564.73s - CPU Usage: 0.00% - Memory Usage: 75.12MB (3.67%)
12:42:57,306 root INFO Name picoquic-shadow-ivy - Time: 566.80s - CPU Usage: 0.00% - Memory Usage: 58.61MB (2.86%)
12:42:59,320 root INFO Name picoquic-ivy - Time: 568.69s - CPU Usage: 0.00% - Memory Usage: 484.62MB (23.66%)
12:43:04,312 root INFO Name panther-webapp - Time: 573.85s - CPU Usage: 0.00% - Memory Usage: 143.83MB (28.09%)
12:43:06,316 root INFO Name ping-pong-ivy - Time: 575.74s - CPU Usage: 0.00% - Memory Usage: 75.12MB (3.67%)
12:43:08,322 root INFO Name picoquic-shadow-ivy - Time: 577.82s - CPU Usage: 0.00% - Memory Usage: 58.61MB (2.86%)
12:43:10,333 root INFO Name picoquic-ivy - Time: 579.71s - CPU Usage: 0.00% - Memory Usage: 484.62MB (23.66%)
12:43:15,325 root INFO Name panther-webapp - Time: 584.87s - CPU Usage: 0.00% - Memory Usage: 143.83MB (28.09%)
12:43:17,330 root INFO Name ping-pong-ivy - Time: 586.76s - CPU Usage: 0.00% - Memory Usage: 75.25MB (3.67%)
12:43:19,338 root INFO Name picoquic-shadow-ivy - Time: 588.83s - CPU Usage: 0.00% - Memory Usage: 58.61MB (2.86%)
12:43:21,343 root INFO Name picoquic-ivy - Time: 590.72s - CPU Usage: 0.00% - Memory Usage: 484.62MB (23.66%)
12:43:26,347 root INFO Name panther-webapp - Time: 595.89s - CPU Usage: 0.00% - Memory Usage: 143.84MB (28.09%)
12:43:28,355 root INFO Name ping-pong-ivy - Time: 597.78s - CPU Usage: 0.00% - Memory Usage: 75.12MB (3.67%)
12:43:30,360 root INFO Name picoquic-shadow-ivy - Time: 599.85s - CPU Usage: 0.00% - Memory Usage: 58.61MB (2.86%)
12:43:32,364 root INFO Name picoquic-ivy - Time: 601.74s - CPU Usage: 0.00% - Memory Usage: 484.62MB (23.66%)
12:43:37,362 root INFO Name panther-webapp - Time: 606.90s - CPU Usage: 0.00% - Memory Usage: 143.84MB (28.09%)
12:43:39,369 root INFO Name ping-pong-ivy - Time: 608.80s - CPU Usage: 0.00% - Memory Usage: 75.12MB (3.67%)
12:43:41,376 root INFO Name picoquic-shadow-ivy - Time: 610.87s - CPU Usage: 0.00% - Memory Usage: 58.73MB (2.87%)
12:43:43,380 root INFO Name picoquic-ivy - Time: 612.75s - CPU Usage: 0.00% - Memory Usage: 484.62MB (23.66%)
12:43:48,376 root INFO Name panther-webapp - Time: 617.92s - CPU Usage: 0.00% - Memory Usage: 143.84MB (28.09%)
12:43:50,382 root INFO Name ping-pong-ivy - Time: 619.81s - CPU Usage: 0.00% - Memory Usage: 75.12MB (3.67%)
12:43:52,392 root INFO Name picoquic-shadow-ivy - Time: 621.89s - CPU Usage: 0.00% - Memory Usage: 58.61MB (2.86%)
12:43:54,396 root INFO Name picoquic-ivy - Time: 623.77s - CPU Usage: 0.00% - Memory Usage: 484.62MB (23.66%)
12:43:59,392 root INFO Name panther-webapp - Time: 628.93s - CPU Usage: 0.00% - Memory Usage: 143.84MB (28.09%)
12:44:01,401 root INFO Name ping-pong-ivy - Time: 630.83s - CPU Usage: 0.00% - Memory Usage: 75.12MB (3.67%)
12:44:03,411 root INFO Name picoquic-shadow-ivy - Time: 632.90s - CPU Usage: 0.00% - Memory Usage: 58.61MB (2.86%)
12:44:05,416 root INFO Name picoquic-ivy - Time: 634.79s - CPU Usage: 0.00% - Memory Usage: 484.62MB (23.66%)
12:44:10,406 root INFO Name panther-webapp - Time: 639.95s - CPU Usage: 0.00% - Memory Usage: 143.84MB (28.09%)
12:44:12,418 root INFO Name ping-pong-ivy - Time: 641.85s - CPU Usage: 0.00% - Memory Usage: 75.12MB (3.67%)
12:44:14,427 root INFO Name picoquic-shadow-ivy - Time: 643.92s - CPU Usage: 0.00% - Memory Usage: 58.61MB (2.86%)
12:44:16,433 root INFO Name picoquic-ivy - Time: 645.81s - CPU Usage: 0.00% - Memory Usage: 484.62MB (23.66%)
12:44:21,423 root INFO Name panther-webapp - Time: 650.96s - CPU Usage: 0.00% - Memory Usage: 143.84MB (28.09%)
12:44:23,433 root INFO Name ping-pong-ivy - Time: 652.86s - CPU Usage: 0.00% - Memory Usage: 75.12MB (3.67%)
12:44:25,442 root INFO Name picoquic-shadow-ivy - Time: 654.94s - CPU Usage: 0.00% - Memory Usage: 58.61MB (2.86%)
12:44:27,446 root INFO Name picoquic-ivy - Time: 656.82s - CPU Usage: 0.00% - Memory Usage: 484.62MB (23.66%)
12:44:32,436 root INFO Name panther-webapp - Time: 661.98s - CPU Usage: 0.00% - Memory Usage: 143.84MB (28.09%)
12:44:34,452 root INFO Name ping-pong-ivy - Time: 663.88s - CPU Usage: 0.00% - Memory Usage: 75.12MB (3.67%)
12:44:36,462 root INFO Name picoquic-shadow-ivy - Time: 665.96s - CPU Usage: 0.00% - Memory Usage: 58.61MB (2.86%)
12:44:38,467 root INFO Name picoquic-ivy - Time: 667.84s - CPU Usage: 0.00% - Memory Usage: 484.87MB (23.68%)
12:44:43,450 root INFO Name panther-webapp - Time: 672.99s - CPU Usage: 0.00% - Memory Usage: 143.84MB (28.09%)
12:44:45,465 root INFO Name ping-pong-ivy - Time: 674.89s - CPU Usage: 0.00% - Memory Usage: 75.12MB (3.67%)
12:44:47,477 root INFO Name picoquic-shadow-ivy - Time: 676.97s - CPU Usage: 0.00% - Memory Usage: 58.61MB (2.86%)
12:44:49,482 root INFO Name picoquic-ivy - Time: 678.86s - CPU Usage: 0.00% - Memory Usage: 484.62MB (23.66%)
12:44:54,467 root INFO Name panther-webapp - Time: 684.01s - CPU Usage: 0.00% - Memory Usage: 143.84MB (28.09%)
12:44:56,482 root INFO Name ping-pong-ivy - Time: 685.91s - CPU Usage: 0.00% - Memory Usage: 75.12MB (3.67%)
12:44:58,494 root INFO Name picoquic-shadow-ivy - Time: 687.99s - CPU Usage: 0.00% - Memory Usage: 58.61MB (2.86%)
12:45:00,500 root INFO Name picoquic-ivy - Time: 689.87s - CPU Usage: 0.00% - Memory Usage: 484.62MB (23.66%)
12:45:05,482 root INFO Name panther-webapp - Time: 695.02s - CPU Usage: 0.00% - Memory Usage: 143.84MB (28.09%)
12:45:07,498 root INFO Name ping-pong-ivy - Time: 696.93s - CPU Usage: 0.00% - Memory Usage: 75.12MB (3.67%)
12:45:09,511 root INFO Name picoquic-shadow-ivy - Time: 699.00s - CPU Usage: 0.00% - Memory Usage: 58.61MB (2.86%)
12:45:11,518 root INFO Name picoquic-ivy - Time: 700.89s - CPU Usage: 0.00% - Memory Usage: 484.62MB (23.66%)
12:45:16,497 root INFO Name panther-webapp - Time: 706.04s - CPU Usage: 0.00% - Memory Usage: 143.84MB (28.09%)
12:45:18,515 root INFO Name ping-pong-ivy - Time: 707.94s - CPU Usage: 0.00% - Memory Usage: 75.31MB (3.68%)
12:45:20,527 root INFO Name picoquic-shadow-ivy - Time: 710.02s - CPU Usage: 0.00% - Memory Usage: 58.61MB (2.86%)
12:45:22,533 root INFO Name picoquic-ivy - Time: 711.91s - CPU Usage: 0.00% - Memory Usage: 484.62MB (23.66%)
12:45:27,514 root INFO Name panther-webapp - Time: 717.06s - CPU Usage: 0.00% - Memory Usage: 143.84MB (28.09%)
12:45:29,531 root INFO Name ping-pong-ivy - Time: 718.96s - CPU Usage: 0.00% - Memory Usage: 75.12MB (3.67%)
12:45:31,542 root INFO Name picoquic-shadow-ivy - Time: 721.04s - CPU Usage: 0.00% - Memory Usage: 58.61MB (2.86%)
12:45:33,550 root INFO Name picoquic-ivy - Time: 722.93s - CPU Usage: 0.00% - Memory Usage: 484.62MB (23.66%)
12:45:38,933 root INFO Name panther-webapp - Time: 728.47s - CPU Usage: -0.00% - Memory Usage: 2.23MB (0.44%)
12:45:39,828 root INFO Name ping-pong-ivy - Time: 729.26s - CPU Usage: 0.00% - Memory Usage: 0.00MB (0.00%)
12:45:41,554 root INFO Name picoquic-shadow-ivy - Time: 731.05s - CPU Usage: 0.00% - Memory Usage: 0.00MB (0.00%)
12:45:44,970 root INFO Name picoquic-ivy - Time: 734.35s - CPU Usage: 0.00% - Memory Usage: 0.00MB (0.00%)
12:45:48,946 root INFO Name panther-webapp - Time: 738.49s - CPU Usage: 0.00% - Memory Usage: 0.00MB (0.00%)
12:45:49,839 root INFO Name ping-pong-ivy - Time: 739.27s - CPU Usage: 0.00% - Memory Usage: 0.00MB (0.00%)
12:45:51,566 root INFO Name picoquic-shadow-ivy - Time: 741.06s - CPU Usage: 0.00% - Memory Usage: 0.00MB (0.00%)
12:45:56,103 root INFO Name picoquic-ivy - Time: 745.48s - CPU Usage: 0.00% - Memory Usage: 57.81MB (2.82%)
12:45:58,957 root INFO Name panther-webapp - Time: 748.50s - CPU Usage: 0.00% - Memory Usage: 0.00MB (0.00%)
12:46:00,854 root INFO Name ping-pong-ivy - Time: 750.28s - CPU Usage: 0.00% - Memory Usage: 57.82MB (2.82%)
