11:43:14,768 root INFO Docker Compose configuration updated successfully.
11:43:14,952 root INFO Added entry to /etc/hosts: 172.27.1.10 panther-webapp
11:43:14,978 root INFO Added entry to /etc/hosts: 172.27.1.14 picoquic-shadow-ivy
11:43:15,36 root INFO Added entry to /etc/hosts: 172.27.1.13 picoquic-ivy
11:43:15,121 root INFO Added entry to /etc/hosts: 172.27.1.12 ping-pong-ivy
11:43:15,952 root INFO Name panther-webapp - Time: 1.01s - CPU Usage: 0.00% - Memory Usage: 140.25MB (27.39%)
11:43:16,955 root INFO Name picoquic-shadow-ivy - Time: 1.97s - CPU Usage: 0.00% - Memory Usage: 75.89MB (3.71%)
11:43:16,957 root INFO Name picoquic-ivy - Time: 1.94s - CPU Usage: 0.00% - Memory Usage: 58.26MB (2.84%)
11:43:16,958 root INFO Name ping-pong-ivy - Time: 1.86s - CPU Usage: 0.00% - Memory Usage: 58.03MB (2.83%)
11:43:26,968 root INFO Name panther-webapp - Time: 12.03s - CPU Usage: 0.00% - Memory Usage: 140.25MB (27.39%)
11:43:27,974 root INFO Name picoquic-shadow-ivy - Time: 12.99s - CPU Usage: 0.00% - Memory Usage: 75.90MB (3.71%)
11:43:28,979 root INFO Name picoquic-ivy - Time: 13.96s - CPU Usage: 0.00% - Memory Usage: 58.07MB (2.84%)
11:43:28,980 root INFO Name ping-pong-ivy - Time: 13.88s - CPU Usage: 0.00% - Memory Usage: 58.03MB (2.83%)
11:43:37,987 root INFO Name panther-webapp - Time: 23.05s - CPU Usage: 0.00% - Memory Usage: 140.25MB (27.39%)
11:43:39,992 root INFO Name picoquic-shadow-ivy - Time: 25.01s - CPU Usage: 0.00% - Memory Usage: 75.90MB (3.71%)
11:43:40,997 root INFO Name ping-pong-ivy - Time: 25.90s - CPU Usage: 0.00% - Memory Usage: 58.03MB (2.83%)
11:43:40,998 root INFO Name picoquic-ivy - Time: 25.98s - CPU Usage: 0.00% - Memory Usage: 58.08MB (2.84%)
11:43:49,1 root INFO Name panther-webapp - Time: 34.06s - CPU Usage: 0.00% - Memory Usage: 140.25MB (27.39%)
11:43:51,6 root INFO Name picoquic-shadow-ivy - Time: 36.02s - CPU Usage: 0.00% - Memory Usage: 75.90MB (3.71%)
11:43:53,13 root INFO Name ping-pong-ivy - Time: 37.91s - CPU Usage: 0.00% - Memory Usage: 58.03MB (2.83%)
11:43:53,14 root INFO Name picoquic-ivy - Time: 37.99s - CPU Usage: 0.00% - Memory Usage: 58.08MB (2.84%)
11:44:00,13 root INFO Name panther-webapp - Time: 45.07s - CPU Usage: 0.00% - Memory Usage: 140.25MB (27.39%)
11:44:02,23 root INFO Name picoquic-shadow-ivy - Time: 47.04s - CPU Usage: 0.00% - Memory Usage: 75.90MB (3.71%)
11:44:04,30 root INFO Name ping-pong-ivy - Time: 48.93s - CPU Usage: 0.00% - Memory Usage: 58.03MB (2.83%)
11:44:05,34 root INFO Name picoquic-ivy - Time: 50.01s - CPU Usage: 0.00% - Memory Usage: 58.08MB (2.84%)
11:44:11,31 root INFO Name panther-webapp - Time: 56.09s - CPU Usage: 0.00% - Memory Usage: 140.26MB (27.39%)
11:44:13,39 root INFO Name picoquic-shadow-ivy - Time: 58.06s - CPU Usage: 0.00% - Memory Usage: 75.90MB (3.71%)
11:44:15,50 root INFO Name ping-pong-ivy - Time: 59.95s - CPU Usage: 0.00% - Memory Usage: 58.03MB (2.83%)
