12:06:25,71 root INFO Docker Compose configuration updated successfully.
12:06:25,355 root INFO Added entry to /etc/hosts: 172.27.1.12 ping-pong-ivy
12:06:25,400 root INFO Added entry to /etc/hosts: 172.27.1.14 picoquic-shadow-ivy
12:06:25,428 root INFO Added entry to /etc/hosts: 172.27.1.10 panther-webapp
12:06:25,465 root INFO Added entry to /etc/hosts: 172.27.1.13 picoquic-ivy
12:06:25,466 root INFO Executing command in tmux with log file:  "docker compose -f panther/docker-compose.yml logs -f | tee 'logs/compose_2024-06-02 12:06:25.466312.log'"
12:06:26,360 root INFO Name ping-pong-ivy - Time: 1.01s - CPU Usage: 0.00% - Memory Usage: 60.01MB (2.93%)
12:06:27,366 root INFO Name picoquic-ivy - Time: 1.92s - CPU Usage: 0.00% - Memory Usage: 58.11MB (2.84%)
12:06:27,368 root INFO Name picoquic-shadow-ivy - Time: 1.98s - CPU Usage: 0.00% - Memory Usage: 73.46MB (3.59%)
12:06:27,369 root INFO Name panther-webapp - Time: 1.95s - CPU Usage: 0.00% - Memory Usage: 126.79MB (24.76%)
12:06:37,375 root INFO Name ping-pong-ivy - Time: 12.02s - CPU Usage: 0.00% - Memory Usage: 59.69MB (2.91%)
12:06:39,383 root INFO Name panther-webapp - Time: 13.96s - CPU Usage: 0.00% - Memory Usage: 125.80MB (24.57%)
12:06:39,385 root INFO Name picoquic-shadow-ivy - Time: 13.99s - CPU Usage: 0.00% - Memory Usage: 73.11MB (3.57%)
12:06:39,386 root INFO Name picoquic-ivy - Time: 13.93s - CPU Usage: 0.00% - Memory Usage: 58.11MB (2.84%)
12:06:48,389 root INFO Name ping-pong-ivy - Time: 23.04s - CPU Usage: 0.00% - Memory Usage: 59.69MB (2.91%)
12:06:50,398 root INFO Name panther-webapp - Time: 24.98s - CPU Usage: 0.00% - Memory Usage: 125.92MB (24.59%)
12:06:51,405 root INFO Name picoquic-shadow-ivy - Time: 26.01s - CPU Usage: 0.00% - Memory Usage: 73.11MB (3.57%)
12:06:51,406 root INFO Name picoquic-ivy - Time: 25.95s - CPU Usage: 0.00% - Memory Usage: 58.11MB (2.84%)
12:06:59,405 root INFO Name ping-pong-ivy - Time: 34.06s - CPU Usage: 0.00% - Memory Usage: 59.69MB (2.91%)
12:07:01,420 root INFO Name panther-webapp - Time: 36.00s - CPU Usage: 0.00% - Memory Usage: 125.80MB (24.57%)
12:07:03,422 root INFO Name picoquic-shadow-ivy - Time: 38.03s - CPU Usage: 0.00% - Memory Usage: 73.11MB (3.57%)
12:07:03,423 root INFO Name picoquic-ivy - Time: 37.97s - CPU Usage: 0.00% - Memory Usage: 58.11MB (2.84%)
12:07:10,425 root INFO Name ping-pong-ivy - Time: 45.07s - CPU Usage: 0.00% - Memory Usage: 59.69MB (2.91%)
12:07:12,436 root INFO Name panther-webapp - Time: 47.01s - CPU Usage: 0.00% - Memory Usage: 125.79MB (24.57%)
12:07:14,448 root INFO Name picoquic-ivy - Time: 49.00s - CPU Usage: 0.00% - Memory Usage: 58.11MB (2.84%)
12:07:14,449 root INFO Name picoquic-shadow-ivy - Time: 49.06s - CPU Usage: 0.00% - Memory Usage: 73.11MB (3.57%)
12:07:21,439 root INFO Name ping-pong-ivy - Time: 56.09s - CPU Usage: 0.00% - Memory Usage: 59.93MB (2.93%)
12:07:23,450 root INFO Name panther-webapp - Time: 58.03s - CPU Usage: 0.00% - Memory Usage: 125.79MB (24.57%)
12:07:25,462 root INFO Name picoquic-ivy - Time: 60.01s - CPU Usage: 0.00% - Memory Usage: 58.11MB (2.84%)
12:07:26,466 root INFO Name picoquic-shadow-ivy - Time: 61.07s - CPU Usage: 0.00% - Memory Usage: 73.11MB (3.57%)
12:07:32,458 root INFO Name ping-pong-ivy - Time: 67.11s - CPU Usage: 0.00% - Memory Usage: 59.69MB (2.91%)
12:07:34,466 root INFO Name panther-webapp - Time: 69.04s - CPU Usage: 0.00% - Memory Usage: 125.79MB (24.57%)
12:07:36,477 root INFO Name picoquic-ivy - Time: 71.03s - CPU Usage: 0.00% - Memory Usage: 58.11MB (2.84%)
12:07:38,482 root INFO Name picoquic-shadow-ivy - Time: 73.09s - CPU Usage: 0.00% - Memory Usage: 73.11MB (3.57%)
12:07:43,474 root INFO Name ping-pong-ivy - Time: 78.12s - CPU Usage: 0.00% - Memory Usage: 58.80MB (2.87%)
12:07:45,482 root INFO Name panther-webapp - Time: 80.06s - CPU Usage: 0.00% - Memory Usage: 121.56MB (23.74%)
12:07:47,493 root INFO Name picoquic-ivy - Time: 82.04s - CPU Usage: 0.00% - Memory Usage: 58.11MB (2.84%)
12:07:49,498 root INFO Name picoquic-shadow-ivy - Time: 84.11s - CPU Usage: 0.00% - Memory Usage: 71.80MB (3.51%)
12:07:54,494 root INFO Name ping-pong-ivy - Time: 89.14s - CPU Usage: 0.00% - Memory Usage: 58.77MB (2.87%)
12:07:56,501 root INFO Name panther-webapp - Time: 91.08s - CPU Usage: 0.00% - Memory Usage: 121.58MB (23.75%)
12:07:58,509 root INFO Name picoquic-ivy - Time: 93.06s - CPU Usage: 0.00% - Memory Usage: 58.11MB (2.84%)
12:08:00,520 root INFO Name picoquic-shadow-ivy - Time: 95.13s - CPU Usage: 0.00% - Memory Usage: 71.80MB (3.51%)
12:08:05,515 root INFO Name ping-pong-ivy - Time: 100.16s - CPU Usage: 0.00% - Memory Usage: 58.78MB (2.87%)
12:08:07,521 root INFO Name panther-webapp - Time: 102.10s - CPU Usage: 0.00% - Memory Usage: 121.58MB (23.75%)
12:08:09,528 root INFO Name picoquic-ivy - Time: 104.08s - CPU Usage: 0.00% - Memory Usage: 58.11MB (2.84%)
12:08:11,539 root INFO Name picoquic-shadow-ivy - Time: 106.15s - CPU Usage: 0.00% - Memory Usage: 71.80MB (3.51%)
12:08:16,532 root INFO Name ping-pong-ivy - Time: 111.18s - CPU Usage: 0.00% - Memory Usage: 58.78MB (2.87%)
12:08:18,541 root INFO Name panther-webapp - Time: 113.12s - CPU Usage: 0.00% - Memory Usage: 121.58MB (23.75%)
12:08:20,548 root INFO Name picoquic-ivy - Time: 115.10s - CPU Usage: 0.00% - Memory Usage: 58.11MB (2.84%)
12:08:22,560 root INFO Name picoquic-shadow-ivy - Time: 117.17s - CPU Usage: 0.00% - Memory Usage: 71.93MB (3.51%)
12:08:27,547 root INFO Name ping-pong-ivy - Time: 122.20s - CPU Usage: 0.00% - Memory Usage: 58.78MB (2.87%)
12:08:29,559 root INFO Name panther-webapp - Time: 124.14s - CPU Usage: 0.00% - Memory Usage: 121.58MB (23.75%)
12:08:31,565 root INFO Name picoquic-ivy - Time: 126.11s - CPU Usage: 0.00% - Memory Usage: 58.11MB (2.84%)
12:08:33,574 root INFO Name picoquic-shadow-ivy - Time: 128.18s - CPU Usage: 0.00% - Memory Usage: 71.80MB (3.51%)
12:08:38,565 root INFO Name ping-pong-ivy - Time: 133.21s - CPU Usage: 0.00% - Memory Usage: 58.78MB (2.87%)
12:08:40,576 root INFO Name panther-webapp - Time: 135.15s - CPU Usage: 0.00% - Memory Usage: 121.58MB (23.75%)
12:08:42,584 root INFO Name picoquic-ivy - Time: 137.13s - CPU Usage: 0.00% - Memory Usage: 58.30MB (2.85%)
12:08:44,592 root INFO Name picoquic-shadow-ivy - Time: 139.20s - CPU Usage: 0.00% - Memory Usage: 71.80MB (3.51%)
12:08:49,584 root INFO Name ping-pong-ivy - Time: 144.23s - CPU Usage: 0.00% - Memory Usage: 58.78MB (2.87%)
12:08:51,592 root INFO Name panther-webapp - Time: 146.17s - CPU Usage: 0.00% - Memory Usage: 121.58MB (23.75%)
12:08:53,603 root INFO Name picoquic-ivy - Time: 148.15s - CPU Usage: 0.00% - Memory Usage: 58.11MB (2.84%)
12:08:55,612 root INFO Name picoquic-shadow-ivy - Time: 150.22s - CPU Usage: 0.00% - Memory Usage: 71.80MB (3.51%)
12:09:00,602 root INFO Name ping-pong-ivy - Time: 155.25s - CPU Usage: 0.00% - Memory Usage: 58.78MB (2.87%)
12:09:02,612 root INFO Name panther-webapp - Time: 157.19s - CPU Usage: 0.00% - Memory Usage: 121.58MB (23.75%)
12:09:04,623 root INFO Name picoquic-ivy - Time: 159.17s - CPU Usage: 0.00% - Memory Usage: 58.11MB (2.84%)
12:09:06,632 root INFO Name picoquic-shadow-ivy - Time: 161.24s - CPU Usage: 0.00% - Memory Usage: 71.80MB (3.51%)
12:09:11,621 root INFO Name ping-pong-ivy - Time: 166.27s - CPU Usage: 0.00% - Memory Usage: 58.78MB (2.87%)
12:09:13,628 root INFO Name panther-webapp - Time: 168.21s - CPU Usage: 0.00% - Memory Usage: 121.58MB (23.75%)
12:09:15,642 root INFO Name picoquic-ivy - Time: 170.19s - CPU Usage: 0.00% - Memory Usage: 58.12MB (2.84%)
12:09:17,648 root INFO Name picoquic-shadow-ivy - Time: 172.26s - CPU Usage: 0.00% - Memory Usage: 71.80MB (3.51%)
12:09:22,644 root INFO Name ping-pong-ivy - Time: 177.29s - CPU Usage: 0.00% - Memory Usage: 58.78MB (2.87%)
12:09:24,649 root INFO Name panther-webapp - Time: 179.23s - CPU Usage: 0.00% - Memory Usage: 121.58MB (23.75%)
12:09:26,658 root INFO Name picoquic-ivy - Time: 181.21s - CPU Usage: 0.00% - Memory Usage: 58.11MB (2.84%)
12:09:28,664 root INFO Name picoquic-shadow-ivy - Time: 183.27s - CPU Usage: 0.00% - Memory Usage: 71.80MB (3.51%)
12:09:33,661 root INFO Name ping-pong-ivy - Time: 188.31s - CPU Usage: 0.00% - Memory Usage: 58.77MB (2.87%)
12:09:35,668 root INFO Name panther-webapp - Time: 190.25s - CPU Usage: 0.00% - Memory Usage: 121.58MB (23.75%)
12:09:37,676 root INFO Name picoquic-ivy - Time: 192.22s - CPU Usage: 0.00% - Memory Usage: 58.11MB (2.84%)
12:09:39,684 root INFO Name picoquic-shadow-ivy - Time: 194.29s - CPU Usage: 0.00% - Memory Usage: 72.05MB (3.52%)
12:09:44,683 root INFO Name ping-pong-ivy - Time: 199.33s - CPU Usage: 0.00% - Memory Usage: 58.78MB (2.87%)
12:09:46,692 root INFO Name panther-webapp - Time: 201.27s - CPU Usage: 0.00% - Memory Usage: 121.58MB (23.75%)
12:09:48,700 root INFO Name picoquic-ivy - Time: 203.25s - CPU Usage: 0.00% - Memory Usage: 58.11MB (2.84%)
12:09:50,708 root INFO Name picoquic-shadow-ivy - Time: 205.32s - CPU Usage: 0.00% - Memory Usage: 71.80MB (3.51%)
12:09:55,704 root INFO Name ping-pong-ivy - Time: 210.35s - CPU Usage: 0.00% - Memory Usage: 58.78MB (2.87%)
12:09:57,712 root INFO Name panther-webapp - Time: 212.29s - CPU Usage: 0.00% - Memory Usage: 121.58MB (23.75%)
12:09:59,722 root INFO Name picoquic-ivy - Time: 214.27s - CPU Usage: 0.00% - Memory Usage: 58.12MB (2.84%)
12:10:01,729 root INFO Name picoquic-shadow-ivy - Time: 216.34s - CPU Usage: 0.00% - Memory Usage: 71.80MB (3.51%)
12:10:06,722 root INFO Name ping-pong-ivy - Time: 221.37s - CPU Usage: 0.00% - Memory Usage: 58.78MB (2.87%)
12:10:08,729 root INFO Name panther-webapp - Time: 223.31s - CPU Usage: 0.00% - Memory Usage: 121.58MB (23.75%)
12:10:10,742 root INFO Name picoquic-ivy - Time: 225.29s - CPU Usage: 0.00% - Memory Usage: 58.11MB (2.84%)
12:10:12,752 root INFO Name picoquic-shadow-ivy - Time: 227.36s - CPU Usage: 0.00% - Memory Usage: 71.81MB (3.51%)
12:10:17,738 root INFO Name ping-pong-ivy - Time: 232.39s - CPU Usage: 0.00% - Memory Usage: 58.78MB (2.87%)
12:10:19,744 root INFO Name panther-webapp - Time: 234.32s - CPU Usage: 0.00% - Memory Usage: 121.58MB (23.75%)
12:10:21,757 root INFO Name picoquic-ivy - Time: 236.31s - CPU Usage: 0.00% - Memory Usage: 58.11MB (2.84%)
12:10:23,769 root INFO Name picoquic-shadow-ivy - Time: 238.38s - CPU Usage: 0.00% - Memory Usage: 71.80MB (3.51%)
12:10:28,755 root INFO Name ping-pong-ivy - Time: 243.40s - CPU Usage: 0.00% - Memory Usage: 59.02MB (2.88%)
12:10:30,761 root INFO Name panther-webapp - Time: 245.34s - CPU Usage: 0.00% - Memory Usage: 121.58MB (23.75%)
12:10:32,776 root INFO Name picoquic-ivy - Time: 247.32s - CPU Usage: 0.00% - Memory Usage: 58.11MB (2.84%)
12:10:34,786 root INFO Name picoquic-shadow-ivy - Time: 249.39s - CPU Usage: 0.00% - Memory Usage: 71.80MB (3.51%)
12:10:39,765 root INFO Name ping-pong-ivy - Time: 254.42s - CPU Usage: 0.00% - Memory Usage: 58.78MB (2.87%)
12:10:41,777 root INFO Name panther-webapp - Time: 256.36s - CPU Usage: 0.00% - Memory Usage: 121.58MB (23.75%)
12:10:43,795 root INFO Name picoquic-ivy - Time: 258.34s - CPU Usage: 0.00% - Memory Usage: 58.11MB (2.84%)
12:10:45,806 root INFO Name picoquic-shadow-ivy - Time: 260.41s - CPU Usage: 0.00% - Memory Usage: 71.80MB (3.51%)
12:10:50,785 root INFO Name ping-pong-ivy - Time: 265.44s - CPU Usage: 0.00% - Memory Usage: 58.78MB (2.87%)
12:10:52,794 root INFO Name panther-webapp - Time: 267.37s - CPU Usage: 0.00% - Memory Usage: 121.58MB (23.75%)
12:10:54,815 root INFO Name picoquic-ivy - Time: 269.36s - CPU Usage: 0.00% - Memory Usage: 58.11MB (2.84%)
12:10:56,825 root INFO Name picoquic-shadow-ivy - Time: 271.43s - CPU Usage: 0.00% - Memory Usage: 71.80MB (3.51%)
12:11:01,805 root INFO Name ping-pong-ivy - Time: 276.46s - CPU Usage: 0.00% - Memory Usage: 58.78MB (2.87%)
12:11:03,814 root INFO Name panther-webapp - Time: 278.39s - CPU Usage: 0.00% - Memory Usage: 121.58MB (23.75%)
12:11:05,835 root INFO Name picoquic-ivy - Time: 280.38s - CPU Usage: 0.00% - Memory Usage: 58.11MB (2.84%)
12:11:07,846 root INFO Name picoquic-shadow-ivy - Time: 282.45s - CPU Usage: 0.00% - Memory Usage: 71.80MB (3.51%)
12:11:12,824 root INFO Name ping-pong-ivy - Time: 287.47s - CPU Usage: 0.00% - Memory Usage: 58.78MB (2.87%)
12:11:14,832 root INFO Name panther-webapp - Time: 289.41s - CPU Usage: 0.00% - Memory Usage: 121.58MB (23.75%)
12:11:16,855 root INFO Name picoquic-ivy - Time: 291.40s - CPU Usage: 0.00% - Memory Usage: 58.30MB (2.85%)
12:11:18,865 root INFO Name picoquic-shadow-ivy - Time: 293.47s - CPU Usage: 0.00% - Memory Usage: 71.80MB (3.51%)
12:11:23,846 root INFO Name ping-pong-ivy - Time: 298.50s - CPU Usage: 0.00% - Memory Usage: 58.78MB (2.87%)
12:11:25,853 root INFO Name panther-webapp - Time: 300.43s - CPU Usage: 0.00% - Memory Usage: 121.58MB (23.75%)
12:11:27,867 root INFO Name picoquic-ivy - Time: 302.42s - CPU Usage: 0.00% - Memory Usage: 58.11MB (2.84%)
12:11:29,884 root INFO Name picoquic-shadow-ivy - Time: 304.49s - CPU Usage: 0.00% - Memory Usage: 71.80MB (3.51%)
12:11:34,866 root INFO Name ping-pong-ivy - Time: 309.52s - CPU Usage: 0.00% - Memory Usage: 58.78MB (2.87%)
12:11:36,874 root INFO Name panther-webapp - Time: 311.45s - CPU Usage: 0.00% - Memory Usage: 121.58MB (23.75%)
12:11:38,882 root INFO Name picoquic-ivy - Time: 313.43s - CPU Usage: 0.00% - Memory Usage: 58.21MB (2.84%)
12:11:40,898 root INFO Name picoquic-shadow-ivy - Time: 315.51s - CPU Usage: 0.00% - Memory Usage: 71.93MB (3.51%)
12:11:45,888 root INFO Name ping-pong-ivy - Time: 320.54s - CPU Usage: 0.00% - Memory Usage: 58.78MB (2.87%)
12:11:47,894 root INFO Name panther-webapp - Time: 322.47s - CPU Usage: 0.00% - Memory Usage: 121.59MB (23.75%)
12:11:49,899 root INFO Name picoquic-ivy - Time: 324.45s - CPU Usage: 0.00% - Memory Usage: 58.11MB (2.84%)
12:11:51,914 root INFO Name picoquic-shadow-ivy - Time: 326.52s - CPU Usage: 0.00% - Memory Usage: 71.80MB (3.51%)
12:11:56,906 root INFO Name ping-pong-ivy - Time: 331.56s - CPU Usage: 0.00% - Memory Usage: 58.77MB (2.87%)
12:11:58,912 root INFO Name panther-webapp - Time: 333.49s - CPU Usage: 0.00% - Memory Usage: 121.58MB (23.75%)
12:12:00,917 root INFO Name picoquic-ivy - Time: 335.47s - CPU Usage: 0.00% - Memory Usage: 58.11MB (2.84%)
12:12:02,933 root INFO Name picoquic-shadow-ivy - Time: 337.54s - CPU Usage: 0.00% - Memory Usage: 71.80MB (3.51%)
12:12:07,927 root INFO Name ping-pong-ivy - Time: 342.58s - CPU Usage: 0.00% - Memory Usage: 58.90MB (2.88%)
12:12:09,932 root INFO Name panther-webapp - Time: 344.51s - CPU Usage: 0.00% - Memory Usage: 121.58MB (23.75%)
12:12:11,937 root INFO Name picoquic-ivy - Time: 346.49s - CPU Usage: 0.00% - Memory Usage: 58.11MB (2.84%)
12:12:13,948 root INFO Name picoquic-shadow-ivy - Time: 348.56s - CPU Usage: 0.00% - Memory Usage: 71.80MB (3.51%)
12:12:18,945 root INFO Name ping-pong-ivy - Time: 353.60s - CPU Usage: 0.00% - Memory Usage: 58.78MB (2.87%)
12:12:20,954 root INFO Name panther-webapp - Time: 355.53s - CPU Usage: 0.00% - Memory Usage: 121.58MB (23.75%)
12:12:22,961 root INFO Name picoquic-ivy - Time: 357.51s - CPU Usage: 0.00% - Memory Usage: 58.11MB (2.84%)
12:12:24,969 root INFO Name picoquic-shadow-ivy - Time: 359.58s - CPU Usage: 0.00% - Memory Usage: 71.80MB (3.51%)
12:12:29,963 root INFO Name ping-pong-ivy - Time: 364.61s - CPU Usage: 0.00% - Memory Usage: 58.78MB (2.87%)
12:12:31,974 root INFO Name panther-webapp - Time: 366.55s - CPU Usage: 0.00% - Memory Usage: 121.58MB (23.75%)
12:12:33,979 root INFO Name picoquic-ivy - Time: 368.53s - CPU Usage: 0.00% - Memory Usage: 58.36MB (2.85%)
12:12:35,986 root INFO Name picoquic-shadow-ivy - Time: 370.59s - CPU Usage: 0.00% - Memory Usage: 71.80MB (3.51%)
12:12:40,981 root INFO Name ping-pong-ivy - Time: 375.63s - CPU Usage: 0.00% - Memory Usage: 58.78MB (2.87%)
12:12:42,994 root INFO Name panther-webapp - Time: 377.57s - CPU Usage: 0.00% - Memory Usage: 121.58MB (23.75%)
12:12:44,999 root INFO Name picoquic-ivy - Time: 379.55s - CPU Usage: 0.00% - Memory Usage: 58.11MB (2.84%)
12:12:47,6 root INFO Name picoquic-shadow-ivy - Time: 381.61s - CPU Usage: 0.00% - Memory Usage: 71.80MB (3.51%)
12:12:52,2 root INFO Name ping-pong-ivy - Time: 386.65s - CPU Usage: 0.00% - Memory Usage: 58.78MB (2.87%)
12:12:54,19 root INFO Name panther-webapp - Time: 388.60s - CPU Usage: 0.00% - Memory Usage: 121.58MB (23.75%)
12:12:56,28 root INFO Name picoquic-ivy - Time: 390.58s - CPU Usage: 0.00% - Memory Usage: 58.11MB (2.84%)
12:12:58,35 root INFO Name picoquic-shadow-ivy - Time: 392.64s - CPU Usage: 0.00% - Memory Usage: 71.80MB (3.51%)
12:13:03,23 root INFO Name ping-pong-ivy - Time: 397.67s - CPU Usage: 0.00% - Memory Usage: 58.78MB (2.87%)
12:13:05,37 root INFO Name panther-webapp - Time: 399.62s - CPU Usage: 0.00% - Memory Usage: 121.58MB (23.75%)
12:13:07,46 root INFO Name picoquic-ivy - Time: 401.59s - CPU Usage: 0.00% - Memory Usage: 58.11MB (2.84%)
12:13:09,57 root INFO Name picoquic-shadow-ivy - Time: 403.66s - CPU Usage: 0.00% - Memory Usage: 71.81MB (3.51%)
12:13:14,42 root INFO Name ping-pong-ivy - Time: 408.69s - CPU Usage: 0.00% - Memory Usage: 58.78MB (2.87%)
12:13:16,59 root INFO Name panther-webapp - Time: 410.64s - CPU Usage: 0.00% - Memory Usage: 121.58MB (23.75%)
12:13:18,66 root INFO Name picoquic-ivy - Time: 412.62s - CPU Usage: 0.00% - Memory Usage: 58.11MB (2.84%)
12:13:20,78 root INFO Name picoquic-shadow-ivy - Time: 414.69s - CPU Usage: 0.00% - Memory Usage: 71.80MB (3.51%)
12:13:25,61 root INFO Name ping-pong-ivy - Time: 419.71s - CPU Usage: 0.00% - Memory Usage: 58.93MB (2.88%)
12:13:27,74 root INFO Name panther-webapp - Time: 421.65s - CPU Usage: 0.00% - Memory Usage: 121.58MB (23.75%)
12:13:29,87 root INFO Name picoquic-ivy - Time: 423.64s - CPU Usage: 0.00% - Memory Usage: 58.11MB (2.84%)
12:13:31,96 root INFO Name picoquic-shadow-ivy - Time: 425.70s - CPU Usage: 0.00% - Memory Usage: 71.80MB (3.51%)
12:13:36,78 root INFO Name ping-pong-ivy - Time: 430.73s - CPU Usage: 0.00% - Memory Usage: 58.77MB (2.87%)
12:13:38,96 root INFO Name panther-webapp - Time: 432.67s - CPU Usage: 0.00% - Memory Usage: 121.58MB (23.75%)
12:13:40,103 root INFO Name picoquic-ivy - Time: 434.65s - CPU Usage: 0.00% - Memory Usage: 58.11MB (2.84%)
12:13:42,113 root INFO Name picoquic-shadow-ivy - Time: 436.72s - CPU Usage: 0.00% - Memory Usage: 71.80MB (3.51%)
12:13:47,97 root INFO Name ping-pong-ivy - Time: 441.75s - CPU Usage: 0.00% - Memory Usage: 58.78MB (2.87%)
12:13:49,113 root INFO Name panther-webapp - Time: 443.69s - CPU Usage: 0.00% - Memory Usage: 121.58MB (23.75%)
12:13:51,121 root INFO Name picoquic-ivy - Time: 445.67s - CPU Usage: 0.00% - Memory Usage: 58.11MB (2.84%)
12:13:53,131 root INFO Name picoquic-shadow-ivy - Time: 447.74s - CPU Usage: 0.00% - Memory Usage: 71.93MB (3.51%)
12:13:58,110 root INFO Name ping-pong-ivy - Time: 452.76s - CPU Usage: 0.00% - Memory Usage: 58.78MB (2.87%)
12:14:00,135 root INFO Name panther-webapp - Time: 454.71s - CPU Usage: 0.00% - Memory Usage: 121.58MB (23.75%)
12:14:02,141 root INFO Name picoquic-ivy - Time: 456.69s - CPU Usage: 0.00% - Memory Usage: 58.11MB (2.84%)
12:14:04,147 root INFO Name picoquic-shadow-ivy - Time: 458.76s - CPU Usage: 0.00% - Memory Usage: 71.80MB (3.51%)
12:14:09,126 root INFO Name ping-pong-ivy - Time: 463.78s - CPU Usage: 0.00% - Memory Usage: 58.77MB (2.87%)
12:14:11,150 root INFO Name panther-webapp - Time: 465.73s - CPU Usage: 0.00% - Memory Usage: 121.58MB (23.75%)
