CLIENT_HANDSHAKE_TRAFFIC_SECRET ed1615b218c8a8fc23472630d64951bcbb8f4a4d066f6c030d4a4630d5851fc2 f84d2e1ac8b566412bfca59fc14e30a1f03060c87403cab9719cd16d7f5dd256
SERVER_HANDSHAKE_TRAFFIC_SECRET ed1615b218c8a8fc23472630d64951bcbb8f4a4d066f6c030d4a4630d5851fc2 bf0c25ecbd65e1cfb65343e6abc770479fbbf262035d70b93bb01eee9649a8be
CLIENT_TRAFFIC_SECRET_0 ed1615b218c8a8fc23472630d64951bcbb8f4a4d066f6c030d4a4630d5851fc2 1caadbcedb9d83aba26e20d9025b6e6669001d1d0aa2e3b106b72d804c74f04a
SERVER_TRAFFIC_SECRET_0 ed1615b218c8a8fc23472630d64951bcbb8f4a4d066f6c030d4a4630d5851fc2 424dcac5a5693738ebc3fe73f3a4965df09815c8a8cbd2b285bacad6b66607f8
SERVER_HANDSHAKE_TRAFFIC_SECRET ed1615b218c8a8fc23472630d64951bcbb8f4a4d066f6c030d4a4630d5851fc2 bf0c25ecbd65e1cfb65343e6abc770479fbbf262035d70b93bb01eee9649a8be
CLIENT_HANDSHAKE_TRAFFIC_SECRET ed1615b218c8a8fc23472630d64951bcbb8f4a4d066f6c030d4a4630d5851fc2 f84d2e1ac8b566412bfca59fc14e30a1f03060c87403cab9719cd16d7f5dd256
SERVER_TRAFFIC_SECRET_0 ed1615b218c8a8fc23472630d64951bcbb8f4a4d066f6c030d4a4630d5851fc2 424dcac5a5693738ebc3fe73f3a4965df09815c8a8cbd2b285bacad6b66607f8
CLIENT_TRAFFIC_SECRET_0 ed1615b218c8a8fc23472630d64951bcbb8f4a4d066f6c030d4a4630d5851fc2 1caadbcedb9d83aba26e20d9025b6e6669001d1d0aa2e3b106b72d804c74f04a
CLIENT_EARLY_TRAFFIC_SECRET ad8f67bf34db8efb8e609ea9549948e323e636959f7e077459feb94272c62213 436c7743d2b2fe1cd16f9c7b70a6cdddcefb88111d1443af42e5766f2917d6bd
SERVER_HANDSHAKE_TRAFFIC_SECRET 35eff2dda95ff0401db30f8918ee4a77847f3c543d17401a68468571eb9b049b d71818f91624fdb85ba063f92039cb5ad00bb64f10a3a26e03151e91d65ee61c
CLIENT_HANDSHAKE_TRAFFIC_SECRET 35eff2dda95ff0401db30f8918ee4a77847f3c543d17401a68468571eb9b049b 37e2267ef6346be410bcf3745579bc72496a1286b7d169a90335159028801d3d
SERVER_TRAFFIC_SECRET_0 35eff2dda95ff0401db30f8918ee4a77847f3c543d17401a68468571eb9b049b bab2d2189fe2dd0504d81f961dd683f00cf298e1c793aeca5d11a034b77deb20
CLIENT_TRAFFIC_SECRET_0 35eff2dda95ff0401db30f8918ee4a77847f3c543d17401a68468571eb9b049b 90e9e5d027225514c78ef93a32d291f3fbc4eb91fd4d225192e2cd5dfece4e61
SERVER_HANDSHAKE_TRAFFIC_SECRET 8982221ac650e697a77198cc51c2eaa52182b1b50ea633814e8a93c408b95527 9b73a8db0c0478d9daa936908e1b7cc80b119495a31e4122ef0e9871d9913e47
CLIENT_HANDSHAKE_TRAFFIC_SECRET 8982221ac650e697a77198cc51c2eaa52182b1b50ea633814e8a93c408b95527 c3d845dab410bc22b662f0669aee7b16acea207a03c08d4152c303d8a81311c4
SERVER_TRAFFIC_SECRET_0 8982221ac650e697a77198cc51c2eaa52182b1b50ea633814e8a93c408b95527 c28cb349dc932ac23a95bc122388e4f3d68abe278a5f3dd3a9b24e7dd8b8494f
CLIENT_TRAFFIC_SECRET_0 8982221ac650e697a77198cc51c2eaa52182b1b50ea633814e8a93c408b95527 2043a372cc553fd59cdf4482db803704f27e5d089644e3eda4dc058649f02dd5
SERVER_HANDSHAKE_TRAFFIC_SECRET 9c8a9029862f7d2ef8f0f46a5c545386c8e44455f7312e9c03e0af8a954f98e8 3fa29fbcf7d73f797d61adb9f582fd52d2bfeee1d48c742ca94ba67f648a8ba4
CLIENT_HANDSHAKE_TRAFFIC_SECRET 9c8a9029862f7d2ef8f0f46a5c545386c8e44455f7312e9c03e0af8a954f98e8 6289e8e9772d9db92acbcd0df21da4eba9c87f178f9a1bbee221176a9ccb9af9
SERVER_TRAFFIC_SECRET_0 9c8a9029862f7d2ef8f0f46a5c545386c8e44455f7312e9c03e0af8a954f98e8 6345c5cca27647eed1d939527ed46bf06846da707039cf7499eb7e7e2f3fed72
CLIENT_TRAFFIC_SECRET_0 9c8a9029862f7d2ef8f0f46a5c545386c8e44455f7312e9c03e0af8a954f98e8 9e226f722b88322e573be894ef562fc193306584c34b3d544b91abc561cd24b4
SERVER_HANDSHAKE_TRAFFIC_SECRET 3ce62b13e4c8e095e004770d82a9489dcec77b50d7dda936b16b0153a1e141a3 12721917b43781d4947be865fda1a80ab78276e7d9012e3794eee45324c563b7
CLIENT_HANDSHAKE_TRAFFIC_SECRET 3ce62b13e4c8e095e004770d82a9489dcec77b50d7dda936b16b0153a1e141a3 221526704bc289bcc128e26c43383a92cc8881189615cfb1a81c69c19addcfb9
SERVER_TRAFFIC_SECRET_0 3ce62b13e4c8e095e004770d82a9489dcec77b50d7dda936b16b0153a1e141a3 77efd4ee0521b731f231a6aa1edc5703076f9ea6f0a7bcf858a6262599a1cfbb
CLIENT_TRAFFIC_SECRET_0 3ce62b13e4c8e095e004770d82a9489dcec77b50d7dda936b16b0153a1e141a3 0ddc33df36f18291704dd1dfa4215e494456c4c89552b05bb5e5d4edb29df871
SERVER_HANDSHAKE_TRAFFIC_SECRET f0fbc14a9e8932d9ac06830efe3e425b8e383ac2c176c07bee26651cfe72a118 b515bf7ef5ad62699775f643cab8b6c399992c2d04f96aa2b4a03659f328ce78
CLIENT_HANDSHAKE_TRAFFIC_SECRET f0fbc14a9e8932d9ac06830efe3e425b8e383ac2c176c07bee26651cfe72a118 66ad52844ac9a410cd0ad434bfd44078cdf16fe016de216f34d1ce2bbd5eed4b
SERVER_TRAFFIC_SECRET_0 f0fbc14a9e8932d9ac06830efe3e425b8e383ac2c176c07bee26651cfe72a118 b7dc8d7e32cb91ec9bcce913b71f50a0f0781bb16e4d18e18096c317b42f6a24
CLIENT_TRAFFIC_SECRET_0 f0fbc14a9e8932d9ac06830efe3e425b8e383ac2c176c07bee26651cfe72a118 afd61b7a96655879c130016ca05fb5f93d367d11b1262d6e00b34e9d97011eae
SERVER_HANDSHAKE_TRAFFIC_SECRET d5ac472e3704e7ab2f9bea0538a996907e0d77de6c8739a16227c0dbb0baf9eb 1cf742b982cbbf18036f1ba891573d0e1fa401442e6d8a32c88d34b8c1312749
CLIENT_HANDSHAKE_TRAFFIC_SECRET d5ac472e3704e7ab2f9bea0538a996907e0d77de6c8739a16227c0dbb0baf9eb ce862daa973edbfba0911795cc52fbeb9bc4010850ee2ebe2205de0cc120569b
SERVER_TRAFFIC_SECRET_0 d5ac472e3704e7ab2f9bea0538a996907e0d77de6c8739a16227c0dbb0baf9eb 8e3a5f43aae8e5d8990d134f1f4c27acd9fcee386c256670fd657f896cb95e0d
CLIENT_TRAFFIC_SECRET_0 d5ac472e3704e7ab2f9bea0538a996907e0d77de6c8739a16227c0dbb0baf9eb d7ff0d6f19ce8c665e60f65505274511ee30299f000fb45281c99ea6856cce0f
SERVER_HANDSHAKE_TRAFFIC_SECRET b1900ffcba2be01914d43c7ec2382108f704925fd8801edcd6540c6881ddd19b 9670a80b3e6c48e32bdb048937cf4e3a41e0fa8cc4c867d0eacc718c97d5c8fa
CLIENT_HANDSHAKE_TRAFFIC_SECRET b1900ffcba2be01914d43c7ec2382108f704925fd8801edcd6540c6881ddd19b e2782ab4bd415e57cdf2512f19368793664ed919e0943ac1dff8382aa6b5b80c
SERVER_TRAFFIC_SECRET_0 b1900ffcba2be01914d43c7ec2382108f704925fd8801edcd6540c6881ddd19b 73842ee5d316bd56ebe6d1b19e55de04d154ff43bf5fc701a8213cfeed6bcc20
CLIENT_TRAFFIC_SECRET_0 b1900ffcba2be01914d43c7ec2382108f704925fd8801edcd6540c6881ddd19b d7f71e5449a7197acedd378ed4ea9b1a8875bdb65bf452e812aeb391cdb06aac
CLIENT_EARLY_TRAFFIC_SECRET 42f5a10543cb9797f7a527c3a7619c8180c53e9cc48fcd081cba32a317f57c81 6e9ddf8f6929a088728c0dd13c308d6bf30815fdfce000e46c29aeb598d61363
SERVER_HANDSHAKE_TRAFFIC_SECRET 42f5a10543cb9797f7a527c3a7619c8180c53e9cc48fcd081cba32a317f57c81 1e4aed82ba23e312949134f098d2ddf33108ce822c99526bf72b35eb3a117348
CLIENT_HANDSHAKE_TRAFFIC_SECRET 42f5a10543cb9797f7a527c3a7619c8180c53e9cc48fcd081cba32a317f57c81 cd9fec9ca62c9b386b28596e84c6423d0e45d1ed791d78540d790070d9f0a287
SERVER_TRAFFIC_SECRET_0 42f5a10543cb9797f7a527c3a7619c8180c53e9cc48fcd081cba32a317f57c81 d82b21effb158c15753dc069903041036a90afa6b23f4106da04ad1846814a1c
SERVER_HANDSHAKE_TRAFFIC_SECRET 45c43b6b92173f036aa65c4ad09f4909da06f965ba1c2602ffe8f44aba38d3cf 0c648da3151645fb8195ba2ec1632998188a9cbd1a0817c5a8444b457641b86f
CLIENT_HANDSHAKE_TRAFFIC_SECRET 45c43b6b92173f036aa65c4ad09f4909da06f965ba1c2602ffe8f44aba38d3cf 37d4623f901bd2ab0a295bea20aac35aafd7fbe14f3b49f91a1e456dda2b1498
SERVER_TRAFFIC_SECRET_0 45c43b6b92173f036aa65c4ad09f4909da06f965ba1c2602ffe8f44aba38d3cf 92f29b844a38b8d1339f2ea203fa4d9024170a462765bc47405cd5775729d5d2
CLIENT_TRAFFIC_SECRET_0 45c43b6b92173f036aa65c4ad09f4909da06f965ba1c2602ffe8f44aba38d3cf e0b5d8617643fd5e22346daea5ecb51ed39f57dce02f515557f6bee2004561a2
SERVER_HANDSHAKE_TRAFFIC_SECRET c852414178655d3b4266fbdc6ef0a591e6b662ce409ea1cd9af8ad3ad66658df 541b2edccf504f3e916f1d817b49a89046a8e0abc64dead1046ced1d2ff1980c
CLIENT_HANDSHAKE_TRAFFIC_SECRET c852414178655d3b4266fbdc6ef0a591e6b662ce409ea1cd9af8ad3ad66658df 00e17fd7339f0fa72b74de6cbd972f0e496428a15123cbd3a78594ba13059622
SERVER_TRAFFIC_SECRET_0 c852414178655d3b4266fbdc6ef0a591e6b662ce409ea1cd9af8ad3ad66658df abfa0743e8ef010dd0c8b1ce93290be6df693a3cdae6dc0ea024c410dd064948
CLIENT_TRAFFIC_SECRET_0 c852414178655d3b4266fbdc6ef0a591e6b662ce409ea1cd9af8ad3ad66658df 0bf85b4dd13f854e3c85c4da267b623b6d9c6e48e69e40df73b516c4acf43ab8
SERVER_HANDSHAKE_TRAFFIC_SECRET aad16098353fd583a0d5f57eabefac94da8ef68fc518d2cf67f23ec5650a4bd5 669aecef251c2ac06258a997179a0961fa30a6822b9615891ea8d42e74f1e1ec
CLIENT_HANDSHAKE_TRAFFIC_SECRET aad16098353fd583a0d5f57eabefac94da8ef68fc518d2cf67f23ec5650a4bd5 debc412f00b5ee0e6d1558d3a900d10460d638dbd0b62e3976c3262a6e68e160
SERVER_TRAFFIC_SECRET_0 aad16098353fd583a0d5f57eabefac94da8ef68fc518d2cf67f23ec5650a4bd5 84377803b9c166f984a0300791e909ae2c2ca4c1ac482b4e6ec0fbd073a42049
CLIENT_TRAFFIC_SECRET_0 aad16098353fd583a0d5f57eabefac94da8ef68fc518d2cf67f23ec5650a4bd5 1e47586540658d1537aeec59a885e1e5927a0aa3d1d294e0a465b23f3b9368d7
CLIENT_EARLY_TRAFFIC_SECRET 907df181b9b0d9f40920e64c80c978b5e11ae6178ff71e3bf9f545332461e174 036b4fd2e6dac877524e2fe44434b80aca0a5a853f2996d543ae341e27423003
SERVER_HANDSHAKE_TRAFFIC_SECRET 907df181b9b0d9f40920e64c80c978b5e11ae6178ff71e3bf9f545332461e174 016bca8ce2277ccc35225b1cb4e8d1591cfa140bcb497762b395ae6229f29f80
CLIENT_HANDSHAKE_TRAFFIC_SECRET 907df181b9b0d9f40920e64c80c978b5e11ae6178ff71e3bf9f545332461e174 cedd1666878369d7def6cdec8950dd79ec46ffdd00dd9ab4b35fa7c1c73a8651
SERVER_TRAFFIC_SECRET_0 907df181b9b0d9f40920e64c80c978b5e11ae6178ff71e3bf9f545332461e174 fad4fc7f71b009993fa9e603b09e7de7eaf51741a188e1b1d0f2012f2545e231
SERVER_HANDSHAKE_TRAFFIC_SECRET 771683e5271c57351884b43dcf87456aa9abf747f1227faa23fe3a7a1e1fee51 57baeb3ad8be811241121ef2815b147d7279755894a116fdab852ca2f5127d32
CLIENT_HANDSHAKE_TRAFFIC_SECRET 771683e5271c57351884b43dcf87456aa9abf747f1227faa23fe3a7a1e1fee51 c164ae0c59f9639b3cb2df7fbb7e74ee4d53aa70fff8b7406127057abccebf04
SERVER_TRAFFIC_SECRET_0 771683e5271c57351884b43dcf87456aa9abf747f1227faa23fe3a7a1e1fee51 5278e4d5aab44671918033f7f6e6d33a809e861967f5115829c1c4d29447f471
CLIENT_TRAFFIC_SECRET_0 771683e5271c57351884b43dcf87456aa9abf747f1227faa23fe3a7a1e1fee51 abb1328027448b296d927e1261c87ebd970b7ca678e668069a273d42439d3a44
SERVER_HANDSHAKE_TRAFFIC_SECRET 79a86b762c71d8f566e35f8c601346f6c2b9bb3449f5513d45c8775c0627b6eb b14d2009cf685a610e5988d8115145d04f2e0cc2c14dcda6bb54af85539dc424
CLIENT_HANDSHAKE_TRAFFIC_SECRET 79a86b762c71d8f566e35f8c601346f6c2b9bb3449f5513d45c8775c0627b6eb 9df9b0e21efcd5248765bb260f3649b69037476296c5a46a824874f4f6a2afcf
SERVER_TRAFFIC_SECRET_0 79a86b762c71d8f566e35f8c601346f6c2b9bb3449f5513d45c8775c0627b6eb 9350b5b6cd6310b69f66fe43695957c98a5e76979e2bc65d3a292a260c9444f6
CLIENT_TRAFFIC_SECRET_0 79a86b762c71d8f566e35f8c601346f6c2b9bb3449f5513d45c8775c0627b6eb 59b53fedb07705052cb88ebeb60d3a90bfeaf865a1dbb80b4e1e18707170317b
