CLIENT_HANDSHAKE_TRAFFIC_SECRET 170b582db0385a703661b6e7b699d1c6f396dca7619984f72fd6b07ec65ad58f c3b98f17fa13b3cce1a40e2f87158f3e83a6530168b66714228a59db514a3ef2d807d12e41654e9504d8798b3a7db16b
SERVER_HANDSHAKE_TRAFFIC_SECRET 170b582db0385a703661b6e7b699d1c6f396dca7619984f72fd6b07ec65ad58f 0b2eb866652eb4219d741b12fcf45e10487d8d99f9d2656b93a0d7bad622fcfc0ca74d43956e7d2e6ccbf23be7d45925
CLIENT_TRAFFIC_SECRET_0 170b582db0385a703661b6e7b699d1c6f396dca7619984f72fd6b07ec65ad58f 155791c13b4df32e78861750797ac263d316d8a0a263e3d987f1f4996f136f6a509a90927baf263a89918e942169fce5
SERVER_TRAFFIC_SECRET_0 170b582db0385a703661b6e7b699d1c6f396dca7619984f72fd6b07ec65ad58f f6bd943d84e2fb5f86d286088746438a14dc72c97ef8b20b44b20e62442a022bf1b515bdd6d1bee0ee542201d48b2920
CLIENT_EARLY_TRAFFIC_SECRET 66bb0539b0fcc310240a3f02e187a79eb09aa5e127a66aa45e1b8ce70d008e11 5b2468323a6a9bd7236a814d52471ecc05079822da46f0530ead36e9d7ca29772aa50de4f22008bb92dc8b5a8598ce13
CLIENT_HANDSHAKE_TRAFFIC_SECRET 66bb0539b0fcc310240a3f02e187a79eb09aa5e127a66aa45e1b8ce70d008e11 ac4bd6b9edba74241ab785c4931195decc6684aa7e5a967176fd21137856e51f538d7f97103c4b50888026b7f907e158
SERVER_HANDSHAKE_TRAFFIC_SECRET 66bb0539b0fcc310240a3f02e187a79eb09aa5e127a66aa45e1b8ce70d008e11 98cf113fed5dbb4b5afc87d42a0d863e990449e88d45c2a183fe2c1f650bf0cf73c2d3b8d961a5d6c4dd2440a91592b8
CLIENT_TRAFFIC_SECRET_0 66bb0539b0fcc310240a3f02e187a79eb09aa5e127a66aa45e1b8ce70d008e11 65590a9cebac97d5f2b42987f694a1cbe5398864ea57424006e96fadf9c3eec3322194c09ea5432bb26a5763168850ef
SERVER_TRAFFIC_SECRET_0 66bb0539b0fcc310240a3f02e187a79eb09aa5e127a66aa45e1b8ce70d008e11 13328af2de3af412c6132ae1bbb94bff67322f6d944845d48fe88cf055f3f1c60d961375e5b1533600f530ff368648b5
SERVER_HANDSHAKE_TRAFFIC_SECRET cd0cfc9eba35ffd9074b0eea37e38b2444df6edd1dafc28de3bda7b735e234ba 2828bea98478ce8ab02c104b632fee0006a399b8f749163d3802daa551da1403
CLIENT_HANDSHAKE_TRAFFIC_SECRET cd0cfc9eba35ffd9074b0eea37e38b2444df6edd1dafc28de3bda7b735e234ba e1040f833b6d1731c446ce43256af46555f442dd36b3df558340386e7377b172
SERVER_TRAFFIC_SECRET_0 cd0cfc9eba35ffd9074b0eea37e38b2444df6edd1dafc28de3bda7b735e234ba 1206576c008457d93fe895256094163b8da6acd336d89a4b78ecdc8286100acc
CLIENT_TRAFFIC_SECRET_0 cd0cfc9eba35ffd9074b0eea37e38b2444df6edd1dafc28de3bda7b735e234ba 7adae5a0a1fc36be490436ee97b5f3596d95ff268cb90540d11e6ed6fff04c57
SERVER_HANDSHAKE_TRAFFIC_SECRET 49aacc951f894b8e741d76ad1f0e976792f65e7e1da3bf126a8958bc3bd27474 8cbbd6025a0f31b901705ce3a7493bcd7d9efa8ca0a6f1f5c6e6fa954685d40d
CLIENT_HANDSHAKE_TRAFFIC_SECRET 49aacc951f894b8e741d76ad1f0e976792f65e7e1da3bf126a8958bc3bd27474 59fe418dde9e6caac3a0cd26c2289587a7c7dd541e3117d10cbddee4db60f12a
SERVER_TRAFFIC_SECRET_0 49aacc951f894b8e741d76ad1f0e976792f65e7e1da3bf126a8958bc3bd27474 f11ce5374df0d559c5fabed0f59a31a5a228d12e0852a7823c0ed18928c492e7
CLIENT_TRAFFIC_SECRET_0 49aacc951f894b8e741d76ad1f0e976792f65e7e1da3bf126a8958bc3bd27474 1e45a987201f74e1cb7dfe88bef2096cddd080db3a62e761d590b5adf9efbd26
SERVER_HANDSHAKE_TRAFFIC_SECRET 4725e8f55f221b4e7bed1b6a3546f730d1c34309c8dfc331426098fd436a81bd 9cf7c5ae70eed358e50c0496e22ee8e2f5d2621c677171c8663836861fa154fa
CLIENT_HANDSHAKE_TRAFFIC_SECRET 4725e8f55f221b4e7bed1b6a3546f730d1c34309c8dfc331426098fd436a81bd b7b89ae5223727ace02e3f0aa46298dec57dbd56989cef70e6cdd3be7c8caf1d
SERVER_TRAFFIC_SECRET_0 4725e8f55f221b4e7bed1b6a3546f730d1c34309c8dfc331426098fd436a81bd d5ddb6b24b18539e30afd248189283c7fcd92ae464abc09848dcdfdeaa015b4c
CLIENT_TRAFFIC_SECRET_0 4725e8f55f221b4e7bed1b6a3546f730d1c34309c8dfc331426098fd436a81bd a5df685ba98b02e2188d71707b08aa42fb51fdc533c61c8599641ce7dd88e752
SERVER_HANDSHAKE_TRAFFIC_SECRET b0605013b37d42fb6a13fd9c51c0672afc8711009c20deb4751f91b0ba52c79c 2b8d2039ba9c9e6830e61ba5a95333732f60bca7b49046d6e424b70572bd6111
CLIENT_HANDSHAKE_TRAFFIC_SECRET b0605013b37d42fb6a13fd9c51c0672afc8711009c20deb4751f91b0ba52c79c 20e61d065388ccf3c0758572706646fd60fd67ba5b7e4f05486bd759517364fd
SERVER_TRAFFIC_SECRET_0 b0605013b37d42fb6a13fd9c51c0672afc8711009c20deb4751f91b0ba52c79c d15ad97d91d7a609cc31289a657df1a222ba1d683a6bf0cc4ee07c349ba9e6f7
CLIENT_TRAFFIC_SECRET_0 b0605013b37d42fb6a13fd9c51c0672afc8711009c20deb4751f91b0ba52c79c 8aa9e310d11cca9bdeec9b7cacdba200fc22d6433ee4da4601a0cade2e93a97b
CLIENT_EARLY_TRAFFIC_SECRET db27c671926d38b9d61b955d168a0ce60e7fc6793553844a236b3ad8c8247c13 bda5345065d735a964b4bb92339f2a379c02d502fff91f352e05a83a69228f80
SERVER_HANDSHAKE_TRAFFIC_SECRET db27c671926d38b9d61b955d168a0ce60e7fc6793553844a236b3ad8c8247c13 16d9a8ef2304765c8dadf20caf89f4df2dffc8ec13b7d8f6199405a55d117ec3
CLIENT_HANDSHAKE_TRAFFIC_SECRET db27c671926d38b9d61b955d168a0ce60e7fc6793553844a236b3ad8c8247c13 62b9348fb3cd81fb31724a87706b53871af20d4a52a52ba77ddb77aaf6d84b43
SERVER_TRAFFIC_SECRET_0 db27c671926d38b9d61b955d168a0ce60e7fc6793553844a236b3ad8c8247c13 a84ed84a6b9402cf0058c13616b2666857e62aad6659a15bc08b60cc7a2e96c2
CLIENT_TRAFFIC_SECRET_0 db27c671926d38b9d61b955d168a0ce60e7fc6793553844a236b3ad8c8247c13 8986ced382d6e382aa08b6b7892bba8e466d375e48ee0de3c57630bdf7b301b1
SERVER_HANDSHAKE_TRAFFIC_SECRET 335caf711bd2e208d475cab278a9d9df4d3a6c62dd63f763a48e11b6a20ced83 2b8eb0a2f5b69dd248d19f35ee4b6abc94978557915632b5d28759c197062107
CLIENT_HANDSHAKE_TRAFFIC_SECRET 335caf711bd2e208d475cab278a9d9df4d3a6c62dd63f763a48e11b6a20ced83 10ecdfa490b745f2babd8cf785f922cb810114e04a1d5cc88280aeb4d51ff8e3
SERVER_TRAFFIC_SECRET_0 335caf711bd2e208d475cab278a9d9df4d3a6c62dd63f763a48e11b6a20ced83 1b9df92ddeca53eeed91ecb53f00507f9d4ac9ca5bf0e968bfaa9240addecb59
CLIENT_TRAFFIC_SECRET_0 335caf711bd2e208d475cab278a9d9df4d3a6c62dd63f763a48e11b6a20ced83 ca2993351f8b9431dfa8b701704c67786ee6627f45ac7f7912b7905f09f5b853
