Starting Picoquic server (v1.1.8.1) on port 4443, server name = ::, just_once = 0, do_retry = 0
Waiting for packets.
0000000000000001: Receiving 1232 bytes from 11.0.0.1:4987 at T=0.000000 (35d013b38d95a)
0000000000000001: Receiving packet type: 2 (initial), S0, Q1, Version ff00001d,
0000000000000001:     <0000000000000001>, <0000000000000000>, Seq: 1, pl: 1206
0000000000000001:     Token length: 0
0000000000000001:     Decrypted 1186 bytes
0000000000000001:     Crypto HS frame, offset 0, length 217: 010000d50303ee3b...
0000000000000001:     padding, 965 bytes

0000000000000001: Received ALPN list (1): hq-29
0000000000000001: Received transport parameter TLS extension (52 bytes):
0000000000000001:     Extension list (52 bytes):
0000000000000001:         Extension type: 5 (max_stream_data_bidi_local), length 4, 86054166
0000000000000001:         Extension type: 4 (initial_max_data), length 4, 86054166
0000000000000001:         Extension type: 1 (idle_timeout), length 4, 86054161
0000000000000001:         Extension type: 6 (max_stream_data_bidi_remote), length 4, 86054166
0000000000000001:         Extension type: 7 (max_stream_data_uni), length 4, 86054166
0000000000000001:         Extension type: 15 (hcid), length 8, 0000000000000000
0000000000000001:         Extension type: 4278509082 (min_ack_delay), length 1, 20
0000000000000001:         Extension type: 12 (disable_migration), length 0
0000000000000001: Sending transport parameter TLS extension (97 bytes):
0000000000000001:     Extension list (97 bytes):
0000000000000001:         Extension type: 5 (max_stream_data_bidi_local), length 4, 80200000
0000000000000001:         Extension type: 4 (initial_max_data), length 4, 80100000
0000000000000001:         Extension type: 8 (max_streams_bidi), length 2, 4200
0000000000000001:         Extension type: 1 (idle_timeout), length 4, 80007530
0000000000000001:         Extension type: 3 (max_packet_size), length 2, 45a0
0000000000000001:         Extension type: 9 (max_streams_uni), length 2, 4200
0000000000000001:         Extension type: 6 (max_stream_data_bidi_remote), length 4, 80010063
0000000000000001:         Extension type: 7 (max_stream_data_uni), length 4, 8000ffff
0000000000000001:         Extension type: 14 (active_connection_id_limit), length 1, 08
0000000000000001:         Extension type: 11 (max_ack_delay), length 1, 0a
0000000000000001:         Extension type: 15 (hcid), length 8, 7a4f53636fb80cb0
0000000000000001:         Extension type: 0 (ocid), length 8, 0000000000000001
0000000000000001:         Extension type: 2 (stateless_reset_token), length 16, 947f8edc1154893ec97e9be2ec4c497d
0000000000000001:         Extension type: 4278509082 (min_ack_delay), length 2, 43e8
0000000000000001: Sending packet type: 2 (initial), S0, Q1, Version ff00001d,
0000000000000001:     <0000000000000000>, <7a4f53636fb80cb0>, Seq: 71761, pl: 119
0000000000000001:     Token length: 0
0000000000000001:     Prepared 99 bytes
0000000000000001:     ACK (nb=0), 1
0000000000000001:     Crypto HS frame, offset 0, length 90: 020000560303ec48...

0000000000000001: Sending packet type: 4 (handshake), S0, Q1, Version ff00001d,
0000000000000001:     <0000000000000000>, <7a4f53636fb80cb0>, Seq: 0, pl: 1082
0000000000000001:     Prepared 1062 bytes
0000000000000001:     Crypto HS frame, offset 0, length 1058: 0800007700750000...

0000000000000001: Sending 1252 bytes to 11.0.0.1:4987 at T=0.000000 (35d013b38d95a)
0000000000000001: Server CB, Stream: 0, 0 bytes, fin=9

0000000000000001: Sending packet type: 4 (handshake), S0, Q1, Version ff00001d,
0000000000000001:     <0000000000000000>, <7a4f53636fb80cb0>, Seq: 1, pl: 218
0000000000000001:     Prepared 198 bytes
0000000000000001:     Crypto HS frame, offset 1058, length 193: 77af6c255c3cba41...

0000000000000001: Sending packet type: 6 (1rtt protected), S0, Q1,
0000000000000001:     <0000000000000000>, Seq: 0 (0), Phi: 0,
0000000000000001:     Prepared 157 bytes
0000000000000001:     NEW TOKEN[50]: 0x957703a793d73752d11fc9b58531eed2...
0000000000000001:     NEW CONNECTION ID[1]: 0x7e22d12748697d1c, 414d00321728b0340ff8ca22ff5d8dfb
0000000000000001:     padding, 77 bytes

1: T= 0.000000, cwin: 15360,flight: 1678,nb_ret: 0,rtt_min: 0,rtt: 250000,rtt_var: 0,max_ack_delay: 0,state: 11
0000000000000001: Sending 426 bytes to 11.0.0.1:4987 at T=0.000000 (35d013b38d95a)
0000000000000001: Sending packet type: 6 (1rtt protected), S0, Q1,
0000000000000001:     <0000000000000000>, Seq: 1 (1), Phi: 0,
0000000000000001:     Prepared 1414 bytes
0000000000000001:     ping, 1 bytes
0000000000000001:     padding, 1413 bytes

1: T= 0.000000, cwin: 15360,flight: 3118,nb_ret: 0,rtt_min: 0,rtt: 250000,rtt_var: 0,max_ack_delay: 0,state: 11
0000000000000001: Sending 1440 bytes to 11.0.0.1:4987 at T=0.000000 (35d013b38d95a)
0000000000000001: Receiving 100 bytes from 11.0.0.1:4987 at T=0.131851 (35d013b3adc65)
0000000000000001: Receiving packet type: 4 (handshake), S0, Q1, Version ff00001d,
0000000000000001:     <7e22d12748697d1c>, <0000000000000000>, Seq: 1, pl: 75
0000000000000001:     Decrypted 55 bytes
0000000000000001:     Crypto HS frame, offset 0, length 36: 140000209440cca1...
0000000000000001:     padding, 16 bytes

0000000000000001: Server CB, Stream: 0, 0 bytes, fin=10

0000000000000001: Sending packet type: 6 (1rtt protected), S0, Q1,
0000000000000001:     <0000000000000000>, Seq: 2 (2), Phi: 0,
0000000000000001:     Prepared 29 bytes
0000000000000001:     handshake_done
0000000000000001:     ACK Frequency: S=0, P=2, uS=32, Reordering threshold: 0
0000000000000001:     padding, 22 bytes

1: T= 0.131851, cwin: 15360,flight: 1678,nb_ret: 0,rtt_min: 0,rtt: 250000,rtt_var: 0,max_ack_delay: 0,state: 14
0000000000000001: Sending 55 bytes to 11.0.0.1:4987 at T=0.131851 (35d013b3adc65)
0000000000000001: Receiving 61 bytes from 11.0.0.1:4987 at T=0.172173 (35d013b3b79e7)
0000000000000001: Receiving packet type: 6 (1rtt protected), S0, Q1,
0000000000000001:     <7e22d12748697d1c>, Seq: 1 (1), Phi: 0,
0000000000000001:     Decrypted 32 bytes
0000000000000001:     ACK Frequency: S=2, P=1, uS=1000, Reordering threshold: 4
0000000000000001:     Immediate ACK
0000000000000001:     ACK Frequency: S=6, P=3, uS=1000, Reordering threshold: 1
0000000000000001:     padding, 16 bytes

1: T= 0.172173, cwin: 15360,flight: 1678,nb_ret: 0,rtt_min: 0,rtt: 250000,rtt_var: 0,max_ack_delay: 0,state: 14
0000000000000001: Sending packet type: 6 (1rtt protected), S0, Q1,
0000000000000001:     <0000000000000000>, Seq: 3 (3), Phi: 0,
0000000000000001:     Prepared 29 bytes
0000000000000001:     ACK (nb=0), 1
0000000000000001:     padding, 24 bytes

1: T= 0.172173, cwin: 15360,flight: 1733,nb_ret: 0,rtt_min: 0,rtt: 250000,rtt_var: 0,max_ack_delay: 0,state: 14
0000000000000001: Sending 55 bytes to 11.0.0.1:4987 at T=0.172173 (35d013b3b79e7)
0000000000000001: Receiving 72 bytes from 11.0.0.1:4987 at T=0.187512 (35d013b3bb5d2)
0000000000000001: Receiving packet type: 6 (1rtt protected), S0, Q1,
0000000000000001:     <7e22d12748697d1c>, Seq: 2 (2), Phi: 0,
0000000000000001:     Decrypted 43 bytes
0000000000000001:     Stream 4, offset 0, length 16, fin = 1: 474554202f696e64...
0000000000000001:     ACK Frequency: S=7, P=1, uS=1000, Reordering threshold: 2
0000000000000001:     padding, 16 bytes

0000000000000001: Server CB, Stream: 4, 16 bytes, fin=1

0000000000000001: Server CB, Stream: 4, Processing command: GET /index.html

1: T= 0.187512, cwin: 15360,flight: 1733,nb_ret: 0,rtt_min: 0,rtt: 250000,rtt_var: 0,max_ack_delay: 0,state: 14
0000000000000001: Sending packet type: 6 (1rtt protected), S0, Q1,
0000000000000001:     <0000000000000000>, Seq: 4 (4), Phi: 0,
0000000000000001:     Prepared 413 bytes
0000000000000001:     ACK (nb=0), 1-2
0000000000000001:     Stream 4, offset 0, length 386, fin = 1: 3c21444f43545950...
0000000000000001:     padding, 18 bytes

1: T= 0.187512, cwin: 15360,flight: 2172,nb_ret: 0,rtt_min: 0,rtt: 250000,rtt_var: 0,max_ack_delay: 0,state: 14
0000000000000001: Sending 439 bytes to 11.0.0.1:4987 at T=0.187512 (35d013b3bb5d2)
1: T= 0.437513, Lost packet type 6, number 0, size 167, DCID <0000000000000000>, reason: timer
0000000000000001: Sending packet type: 6 (1rtt protected), S0, Q1,
0000000000000001:     <0000000000000000>, Seq: 5 (5), Phi: 0,
0000000000000001:     Prepared 157 bytes
0000000000000001:     NEW TOKEN[50]: 0x957703a793d73752d11fc9b58531eed2...
0000000000000001:     NEW CONNECTION ID[1]: 0x7e22d12748697d1c, 414d00321728b0340ff8ca22ff5d8dfb
0000000000000001:     ACK (nb=0), 1-2
0000000000000001:     padding, 69 bytes

1: T= 0.437513, cwin: 3072,flight: 2172,nb_ret: 1,rtt_min: 0,rtt: 250000,rtt_var: 0,max_ack_delay: 0,state: 14
0000000000000001: Sending 183 bytes to 11.0.0.1:4987 at T=0.437513 (35d013b3f8663)
1: T= 0.937516, Lost packet type 6, number 1, size 1424, DCID <0000000000000000>, reason: timer
1: T= 0.937516, Lost packet type 6, number 2, size 39, DCID <0000000000000000>, reason: timer
0000000000000001: Sending packet type: 6 (1rtt protected), S0, Q1,
0000000000000001:     <0000000000000000>, Seq: 6 (6), Phi: 0,
0000000000000001:     Prepared 29 bytes
0000000000000001:     handshake_done
0000000000000001:     ACK (nb=0), 1-2
0000000000000001:     padding, 20 bytes

1: T= 0.937516, cwin: 3072,flight: 732,nb_ret: 2,rtt_min: 0,rtt: 250000,rtt_var: 0,max_ack_delay: 0,state: 14
0000000000000001: Sending 55 bytes to 11.0.0.1:4987 at T=0.937516 (35d013b472786)
0000000000000001: Sending packet type: 6 (1rtt protected), S0, Q1,
0000000000000001:     <0000000000000000>, Seq: 7 (7), Phi: 0,
0000000000000001:     Prepared 1374 bytes
0000000000000001:     ping, 1 bytes
0000000000000001:     padding, 1373 bytes

1: T= 0.937516, cwin: 3072,flight: 2132,nb_ret: 2,rtt_min: 0,rtt: 250000,rtt_var: 0,max_ack_delay: 0,state: 14
0000000000000001: Sending 1400 bytes to 11.0.0.1:4987 at T=0.937516 (35d013b472786)
1: T= 1.172176, Lost packet type 6, number 3, size 39, DCID <0000000000000000>, reason: repeat
1: T= 1.187513, Lost packet type 6, number 4, size 423, DCID <0000000000000000>, reason: repeat
0000000000000001: Sending packet type: 6 (1rtt protected), S0, Q1,
0000000000000001:     <0000000000000000>, Seq: 8 (8), Phi: 0,
0000000000000001:     Prepared 413 bytes
0000000000000001:     Stream 4, offset 0, length 386, fin = 1: 3c21444f43545950...
0000000000000001:     padding, 23 bytes

1: T= 1.187513, cwin: 3072,flight: 2077,nb_ret: 3,rtt_min: 0,rtt: 250000,rtt_var: 0,max_ack_delay: 0,state: 14
0000000000000001: Sending 439 bytes to 11.0.0.1:4987 at T=1.187513 (35d013b4af813)
1: T= 1.437514, Lost packet type 6, number 5, size 167, DCID <0000000000000000>, reason: repeat
0000000000000001: Sending packet type: 6 (1rtt protected), S0, Q1,
0000000000000001:     <0000000000000000>, Seq: 9 (9), Phi: 0,
0000000000000001:     Prepared 157 bytes
0000000000000001:     NEW TOKEN[50]: 0x957703a793d73752d11fc9b58531eed2...
0000000000000001:     NEW CONNECTION ID[1]: 0x7e22d12748697d1c, 414d00321728b0340ff8ca22ff5d8dfb
0000000000000001:     ACK (nb=0), 1-2
0000000000000001:     padding, 69 bytes

1: T= 1.437514, cwin: 3072,flight: 2077,nb_ret: 4,rtt_min: 0,rtt: 250000,rtt_var: 0,max_ack_delay: 0,state: 14
0000000000000001: Sending 183 bytes to 11.0.0.1:4987 at T=1.437514 (35d013b4ec8a4)
1: T= 1.937515, Lost packet type 6, number 6, size 39, DCID <0000000000000000>, reason: timer
0000000000000001: Sending packet type: 6 (1rtt protected), S0, Q1,
0000000000000001:     <0000000000000000>, Seq: 10 (10), Phi: 0,
0000000000000001:     Prepared 29 bytes
0000000000000001:     handshake_done
0000000000000001:     ACK (nb=0), 1-2
0000000000000001:     padding, 20 bytes

1: T= 1.937515, cwin: 3072,flight: 2077,nb_ret: 5,rtt_min: 0,rtt: 250000,rtt_var: 0,max_ack_delay: 0,state: 14
0000000000000001: Sending 55 bytes to 11.0.0.1:4987 at T=1.937515 (35d013b5669c5)
1: T= 2.937516, Lost packet type 6, number 7, size 1384, DCID <0000000000000000>, reason: timer
1: T= 2.937516, Lost packet type 6, number 8, size 423, DCID <0000000000000000>, reason: timer
0000000000000001: Sending packet type: 6 (1rtt protected), S0, Q1,
0000000000000001:     <0000000000000000>, Seq: 11 (11), Phi: 0,
0000000000000001:     Prepared 413 bytes
0000000000000001:     Stream 4, offset 0, length 386, fin = 1: 3c21444f43545950...
0000000000000001:     padding, 23 bytes

1: T= 2.937516, cwin: 3072,flight: 677,nb_ret: 6,rtt_min: 0,rtt: 250000,rtt_var: 0,max_ack_delay: 0,state: 14
0000000000000001: Sending 439 bytes to 11.0.0.1:4987 at T=2.937516 (35d013b65ac06)
1: T= 3.437517, Lost packet type 6, number 9, size 167, DCID <0000000000000000>, reason: repeat
0000000000000001: Sending packet type: 6 (1rtt protected), S0, Q1,
0000000000000001:     <0000000000000000>, Seq: 12 (12), Phi: 0,
0000000000000001:     Prepared 157 bytes
0000000000000001:     NEW TOKEN[50]: 0x957703a793d73752d11fc9b58531eed2...
0000000000000001:     NEW CONNECTION ID[1]: 0x7e22d12748697d1c, 414d00321728b0340ff8ca22ff5d8dfb
0000000000000001:     ACK (nb=0), 1-2
0000000000000001:     padding, 69 bytes

1: T= 3.437517, cwin: 3072,flight: 677,nb_ret: 7,rtt_min: 0,rtt: 250000,rtt_var: 0,max_ack_delay: 0,state: 14
0000000000000001: Sending 183 bytes to 11.0.0.1:4987 at T=3.437517 (35d013b6d4d27)
1: T= 3.937516, Lost packet type 6, number 10, size 39, DCID <0000000000000000>, reason: repeat
0000000000000001: Sending packet type: 6 (1rtt protected), S0, Q1,
0000000000000001:     <0000000000000000>, Seq: 13 (13), Phi: 0,
0000000000000001:     Prepared 29 bytes
0000000000000001:     handshake_done
0000000000000001:     ACK (nb=0), 1-2
0000000000000001:     padding, 20 bytes

1: T= 3.937516, cwin: 3072,flight: 677,nb_ret: 8,rtt_min: 0,rtt: 250000,rtt_var: 0,max_ack_delay: 0,state: 14
0000000000000001: Sending 55 bytes to 11.0.0.1:4987 at T=3.937516 (35d013b74ee46)
1: T= 4.937517, Lost packet type 6, number 11, size 423, DCID <0000000000000000>, reason: timer
0000000000000001: Sending packet type: 6 (1rtt protected), S0, Q1,
0000000000000001:     <0000000000000000>, Seq: 14 (14), Phi: 0,
0000000000000001:     Prepared 413 bytes
0000000000000001:     Stream 4, offset 0, length 386, fin = 1: 3c21444f43545950...
0000000000000001:     padding, 23 bytes

1: T= 4.937517, cwin: 3072,flight: 677,nb_ret: 9,rtt_min: 0,rtt: 250000,rtt_var: 0,max_ack_delay: 0,state: 14
0000000000000001: Sending 439 bytes to 11.0.0.1:4987 at T=4.937517 (35d013b843087)
1: T= 5.437518, Lost packet type 6, number 12, size 167, DCID <0000000000000000>, reason: repeat
0000000000000001: Sending packet type: 6 (1rtt protected), S0, Q1,
0000000000000001:     <0000000000000000>, Seq: 15 (15), Phi: 0,
0000000000000001:     Prepared 157 bytes
0000000000000001:     NEW TOKEN[50]: 0x957703a793d73752d11fc9b58531eed2...
0000000000000001:     NEW CONNECTION ID[1]: 0x7e22d12748697d1c, 414d00321728b0340ff8ca22ff5d8dfb
0000000000000001:     ACK (nb=0), 1-2
0000000000000001:     padding, 69 bytes

1: T= 5.437518, cwin: 3072,flight: 677,nb_ret: 10,rtt_min: 0,rtt: 250000,rtt_var: 0,max_ack_delay: 0,state: 14
0000000000000001: Sending 183 bytes to 11.0.0.1:4987 at T=5.437518 (35d013b8bd1a8)
1: T= 5.937517, Lost packet type 6, number 13, size 39, DCID <0000000000000000>, reason: repeat
0000000000000001: Sending packet type: 6 (1rtt protected), S0, Q1,
0000000000000001:     <0000000000000000>, Seq: 16 (16), Phi: 0,
0000000000000001:     Prepared 28 bytes
0000000000000001:     handshake_done
0000000000000001:     ACK (nb=0), 1-2
0000000000000001:     padding, 19 bytes

1: T= 5.937517, cwin: 3072,flight: 677,nb_ret: 11,rtt_min: 0,rtt: 250000,rtt_var: 0,max_ack_delay: 0,state: 14
0000000000000001: Sending 55 bytes to 11.0.0.1:4987 at T=5.937517 (35d013b9372c7)
1: T= 6.937518, Lost packet type 6, number 14, size 423, DCID <0000000000000000>, reason: timer
0000000000000001: Sending packet type: 6 (1rtt protected), S0, Q1,
0000000000000001:     <0000000000000000>, Seq: 17 (17), Phi: 0,
0000000000000001:     Prepared 412 bytes
0000000000000001:     Stream 4, offset 0, length 386, fin = 1: 3c21444f43545950...
0000000000000001:     padding, 22 bytes

1: T= 6.937518, cwin: 3072,flight: 677,nb_ret: 12,rtt_min: 0,rtt: 250000,rtt_var: 0,max_ack_delay: 0,state: 14
0000000000000001: Sending 439 bytes to 11.0.0.1:4987 at T=6.937518 (35d013ba2b508)
1: T= 7.437519, Lost packet type 6, number 15, size 167, DCID <0000000000000000>, reason: repeat
0000000000000001: Sending packet type: 6 (1rtt protected), S0, Q1,
0000000000000001:     <0000000000000000>, Seq: 18 (18), Phi: 0,
0000000000000001:     Prepared 156 bytes
0000000000000001:     NEW TOKEN[50]: 0x957703a793d73752d11fc9b58531eed2...
0000000000000001:     NEW CONNECTION ID[1]: 0x7e22d12748697d1c, 414d00321728b0340ff8ca22ff5d8dfb
0000000000000001:     ACK (nb=0), 1-2
0000000000000001:     padding, 68 bytes

1: T= 7.437519, cwin: 3072,flight: 677,nb_ret: 13,rtt_min: 0,rtt: 250000,rtt_var: 0,max_ack_delay: 0,state: 14
0000000000000001: Sending 183 bytes to 11.0.0.1:4987 at T=7.437519 (35d013baa5629)
1: T= 7.937520, Lost packet type 6, number 16, size 39, DCID <0000000000000000>, reason: repeat
0000000000000001: Sending packet type: 6 (1rtt protected), S0, Q1,
0000000000000001:     <0000000000000000>, Seq: 19 (19), Phi: 0,
0000000000000001:     Prepared 28 bytes
0000000000000001:     handshake_done
0000000000000001:     ACK (nb=0), 1-2
0000000000000001:     padding, 19 bytes

1: T= 7.937520, cwin: 3072,flight: 677,nb_ret: 14,rtt_min: 0,rtt: 250000,rtt_var: 0,max_ack_delay: 0,state: 14
0000000000000001: Sending 55 bytes to 11.0.0.1:4987 at T=7.937520 (35d013bb1f74a)
1: T= 8.937519, Lost packet type 6, number 17, size 423, DCID <0000000000000000>, reason: repeat
0000000000000001: Sending packet type: 6 (1rtt protected), S0, Q1,
0000000000000001:     <0000000000000000>, Seq: 20 (20), Phi: 0,
0000000000000001:     Prepared 412 bytes
0000000000000001:     Stream 4, offset 0, length 386, fin = 1: 3c21444f43545950...
0000000000000001:     padding, 22 bytes

1: T= 8.937519, cwin: 3072,flight: 677,nb_ret: 15,rtt_min: 0,rtt: 250000,rtt_var: 0,max_ack_delay: 0,state: 14
0000000000000001: Sending 439 bytes to 11.0.0.1:4987 at T=8.937519 (35d013bc13989)
1: T= 9.437520, Lost packet type 6, number 18, size 167, DCID <0000000000000000>, reason: repeat
0000000000000001: Sending packet type: 6 (1rtt protected), S0, Q1,
0000000000000001:     <0000000000000000>, Seq: 21 (21), Phi: 0,
0000000000000001:     Prepared 156 bytes
0000000000000001:     NEW TOKEN[50]: 0x957703a793d73752d11fc9b58531eed2...
0000000000000001:     NEW CONNECTION ID[1]: 0x7e22d12748697d1c, 414d00321728b0340ff8ca22ff5d8dfb
0000000000000001:     ACK (nb=0), 1-2
0000000000000001:     padding, 68 bytes

1: T= 9.437520, cwin: 3072,flight: 677,nb_ret: 16,rtt_min: 0,rtt: 250000,rtt_var: 0,max_ack_delay: 0,state: 14
0000000000000001: Sending 183 bytes to 11.0.0.1:4987 at T=9.437520 (35d013bc8daaa)
1: T= 9.937521, Lost packet type 6, number 19, size 39, DCID <0000000000000000>, reason: repeat
0000000000000001: Sending packet type: 6 (1rtt protected), S0, Q1,
0000000000000001:     <0000000000000000>, Seq: 22 (22), Phi: 0,
0000000000000001:     Prepared 28 bytes
0000000000000001:     handshake_done
0000000000000001:     ACK (nb=0), 1-2
0000000000000001:     padding, 19 bytes

1: T= 9.937521, cwin: 3072,flight: 677,nb_ret: 17,rtt_min: 0,rtt: 250000,rtt_var: 0,max_ack_delay: 0,state: 14
0000000000000001: Sending 55 bytes to 11.0.0.1:4987 at T=9.937521 (35d013bd07bcb)
1: T= 10.937520, Lost packet type 6, number 20, size 423, DCID <0000000000000000>, reason: repeat
0000000000000001: Sending packet type: 6 (1rtt protected), S0, Q1,
0000000000000001:     <0000000000000000>, Seq: 23 (23), Phi: 0,
0000000000000001:     Prepared 412 bytes
0000000000000001:     Stream 4, offset 0, length 386, fin = 1: 3c21444f43545950...
0000000000000001:     padding, 22 bytes

1: T= 10.937520, cwin: 3072,flight: 677,nb_ret: 18,rtt_min: 0,rtt: 250000,rtt_var: 0,max_ack_delay: 0,state: 14
0000000000000001: Sending 439 bytes to 11.0.0.1:4987 at T=10.937520 (35d013bdfbe0a)
1: T= 11.437521, Lost packet type 6, number 21, size 167, DCID <0000000000000000>, reason: repeat
0000000000000001: Sending packet type: 6 (1rtt protected), S0, Q1,
0000000000000001:     <0000000000000000>, Seq: 24 (24), Phi: 0,
0000000000000001:     Prepared 156 bytes
0000000000000001:     NEW TOKEN[50]: 0x957703a793d73752d11fc9b58531eed2...
0000000000000001:     NEW CONNECTION ID[1]: 0x7e22d12748697d1c, 414d00321728b0340ff8ca22ff5d8dfb
0000000000000001:     ACK (nb=0), 1-2
0000000000000001:     padding, 68 bytes

1: T= 11.437521, cwin: 3072,flight: 677,nb_ret: 19,rtt_min: 0,rtt: 250000,rtt_var: 0,max_ack_delay: 0,state: 14
0000000000000001: Sending 183 bytes to 11.0.0.1:4987 at T=11.437521 (35d013be75f2b)
1: T= 11.937524, Lost packet type 6, number 22, size 39, DCID <0000000000000000>, reason: repeat
0000000000000001: Sending packet type: 6 (1rtt protected), S0, Q1,
0000000000000001:     <0000000000000000>, Seq: 25 (25), Phi: 0,
0000000000000001:     Prepared 28 bytes
0000000000000001:     handshake_done
0000000000000001:     ACK (nb=0), 1-2
0000000000000001:     padding, 19 bytes

1: T= 11.937524, cwin: 3072,flight: 677,nb_ret: 20,rtt_min: 0,rtt: 250000,rtt_var: 0,max_ack_delay: 0,state: 14
0000000000000001: Sending 55 bytes to 11.0.0.1:4987 at T=11.937524 (35d013bef004e)
1: T= 12.937521, Lost packet type 6, number 23, size 423, DCID <0000000000000000>, reason: repeat
0000000000000001: Sending packet type: 6 (1rtt protected), S0, Q1,
0000000000000001:     <0000000000000000>, Seq: 26 (26), Phi: 0,
0000000000000001:     Prepared 412 bytes
0000000000000001:     Stream 4, offset 0, length 386, fin = 1: 3c21444f43545950...
0000000000000001:     padding, 22 bytes

1: T= 12.937521, cwin: 3072,flight: 677,nb_ret: 21,rtt_min: 0,rtt: 250000,rtt_var: 0,max_ack_delay: 0,state: 14
0000000000000001: Sending 439 bytes to 11.0.0.1:4987 at T=12.937521 (35d013bfe428b)
1: T= 13.437522, Lost packet type 6, number 24, size 167, DCID <0000000000000000>, reason: repeat
0000000000000001: Sending packet type: 6 (1rtt protected), S0, Q1,
0000000000000001:     <0000000000000000>, Seq: 27 (27), Phi: 0,
0000000000000001:     Prepared 156 bytes
0000000000000001:     NEW TOKEN[50]: 0x957703a793d73752d11fc9b58531eed2...
0000000000000001:     NEW CONNECTION ID[1]: 0x7e22d12748697d1c, 414d00321728b0340ff8ca22ff5d8dfb
0000000000000001:     ACK (nb=0), 1-2
0000000000000001:     padding, 68 bytes

1: T= 13.437522, cwin: 3072,flight: 677,nb_ret: 22,rtt_min: 0,rtt: 250000,rtt_var: 0,max_ack_delay: 0,state: 14
0000000000000001: Sending 183 bytes to 11.0.0.1:4987 at T=13.437522 (35d013c05e3ac)
1: T= 13.937525, Lost packet type 6, number 25, size 39, DCID <0000000000000000>, reason: repeat
0000000000000001: Sending packet type: 6 (1rtt protected), S0, Q1,
0000000000000001:     <0000000000000000>, Seq: 28 (28), Phi: 0,
0000000000000001:     Prepared 28 bytes
0000000000000001:     handshake_done
0000000000000001:     ACK (nb=0), 1-2
0000000000000001:     padding, 19 bytes

1: T= 13.937525, cwin: 3072,flight: 677,nb_ret: 23,rtt_min: 0,rtt: 250000,rtt_var: 0,max_ack_delay: 0,state: 14
0000000000000001: Sending 55 bytes to 11.0.0.1:4987 at T=13.937525 (35d013c0d84cf)
1: T= 14.937522, Lost packet type 6, number 26, size 423, DCID <0000000000000000>, reason: repeat
0000000000000001: Sending packet type: 6 (1rtt protected), S0, Q1,
0000000000000001:     <0000000000000000>, Seq: 29 (29), Phi: 0,
0000000000000001:     Prepared 412 bytes
0000000000000001:     Stream 4, offset 0, length 386, fin = 1: 3c21444f43545950...
0000000000000001:     padding, 22 bytes

1: T= 14.937522, cwin: 3072,flight: 677,nb_ret: 24,rtt_min: 0,rtt: 250000,rtt_var: 0,max_ack_delay: 0,state: 14
0000000000000001: Sending 439 bytes to 11.0.0.1:4987 at T=14.937522 (35d013c1cc70c)
1: T= 15.437523, Lost packet type 6, number 27, size 167, DCID <0000000000000000>, reason: repeat
0000000000000001: Sending packet type: 6 (1rtt protected), S0, Q1,
0000000000000001:     <0000000000000000>, Seq: 30 (30), Phi: 0,
0000000000000001:     Prepared 156 bytes
0000000000000001:     NEW TOKEN[50]: 0x957703a793d73752d11fc9b58531eed2...
0000000000000001:     NEW CONNECTION ID[1]: 0x7e22d12748697d1c, 414d00321728b0340ff8ca22ff5d8dfb
0000000000000001:     ACK (nb=0), 1-2
0000000000000001:     padding, 68 bytes

1: T= 15.437523, cwin: 3072,flight: 677,nb_ret: 25,rtt_min: 0,rtt: 250000,rtt_var: 0,max_ack_delay: 0,state: 14
0000000000000001: Sending 183 bytes to 11.0.0.1:4987 at T=15.437523 (35d013c24682d)
1: T= 15.937526, Lost packet type 6, number 28, size 39, DCID <0000000000000000>, reason: repeat
0000000000000001: Sending packet type: 6 (1rtt protected), S0, Q1,
0000000000000001:     <0000000000000000>, Seq: 31 (31), Phi: 0,
0000000000000001:     Prepared 28 bytes
0000000000000001:     handshake_done
0000000000000001:     ACK (nb=0), 1-2
0000000000000001:     padding, 19 bytes

1: T= 15.937526, cwin: 3072,flight: 677,nb_ret: 26,rtt_min: 0,rtt: 250000,rtt_var: 0,max_ack_delay: 0,state: 14
0000000000000001: Sending 55 bytes to 11.0.0.1:4987 at T=15.937526 (35d013c2c0950)
1: T= 16.937525, Lost packet type 6, number 29, size 423, DCID <0000000000000000>, reason: repeat
0000000000000001: Sending packet type: 6 (1rtt protected), S0, Q1,
0000000000000001:     <0000000000000000>, Seq: 32 (32), Phi: 0,
0000000000000001:     Prepared 412 bytes
0000000000000001:     Stream 4, offset 0, length 386, fin = 1: 3c21444f43545950...
0000000000000001:     padding, 22 bytes

1: T= 16.937525, cwin: 3072,flight: 677,nb_ret: 27,rtt_min: 0,rtt: 250000,rtt_var: 0,max_ack_delay: 0,state: 14
0000000000000001: Sending 439 bytes to 11.0.0.1:4987 at T=16.937525 (35d013c3b4b8f)
1: T= 17.437524, Lost packet type 6, number 30, size 167, DCID <0000000000000000>, reason: repeat
0000000000000001: Sending packet type: 6 (1rtt protected), S0, Q1,
0000000000000001:     <0000000000000000>, Seq: 33 (33), Phi: 0,
0000000000000001:     Prepared 156 bytes
0000000000000001:     NEW TOKEN[50]: 0x957703a793d73752d11fc9b58531eed2...
0000000000000001:     NEW CONNECTION ID[1]: 0x7e22d12748697d1c, 414d00321728b0340ff8ca22ff5d8dfb
0000000000000001:     ACK (nb=0), 1-2
0000000000000001:     padding, 68 bytes

1: T= 17.437524, cwin: 3072,flight: 677,nb_ret: 28,rtt_min: 0,rtt: 250000,rtt_var: 0,max_ack_delay: 0,state: 14
0000000000000001: Sending 183 bytes to 11.0.0.1:4987 at T=17.437524 (35d013c42ecae)
1: T= 17.937527, Lost packet type 6, number 31, size 39, DCID <0000000000000000>, reason: repeat
0000000000000001: Sending packet type: 6 (1rtt protected), S0, Q1,
0000000000000001:     <0000000000000000>, Seq: 34 (34), Phi: 0,
0000000000000001:     Prepared 28 bytes
0000000000000001:     handshake_done
0000000000000001:     ACK (nb=0), 1-2
0000000000000001:     padding, 19 bytes

1: T= 17.937527, cwin: 3072,flight: 677,nb_ret: 29,rtt_min: 0,rtt: 250000,rtt_var: 0,max_ack_delay: 0,state: 14
0000000000000001: Sending 55 bytes to 11.0.0.1:4987 at T=17.937527 (35d013c4a8dd1)
1: T= 18.937526, Lost packet type 6, number 32, size 423, DCID <0000000000000000>, reason: repeat
0000000000000001: Sending packet type: 6 (1rtt protected), S0, Q1,
0000000000000001:     <0000000000000000>, Seq: 35 (35), Phi: 0,
0000000000000001:     Prepared 412 bytes
0000000000000001:     Stream 4, offset 0, length 386, fin = 1: 3c21444f43545950...
0000000000000001:     padding, 22 bytes

1: T= 18.937526, cwin: 3072,flight: 677,nb_ret: 30,rtt_min: 0,rtt: 250000,rtt_var: 0,max_ack_delay: 0,state: 14
0000000000000001: Sending 439 bytes to 11.0.0.1:4987 at T=18.937526 (35d013c59d010)
1: T= 19.437525, Lost packet type 6, number 33, size 167, DCID <0000000000000000>, reason: repeat
0000000000000001: Sending packet type: 6 (1rtt protected), S0, Q1,
0000000000000001:     <0000000000000000>, Seq: 36 (36), Phi: 0,
0000000000000001:     Prepared 156 bytes
0000000000000001:     NEW TOKEN[50]: 0x957703a793d73752d11fc9b58531eed2...
0000000000000001:     NEW CONNECTION ID[1]: 0x7e22d12748697d1c, 414d00321728b0340ff8ca22ff5d8dfb
0000000000000001:     ACK (nb=0), 1-2
0000000000000001:     padding, 68 bytes

1: T= 19.437525, cwin: 3072,flight: 677,nb_ret: 31,rtt_min: 0,rtt: 250000,rtt_var: 0,max_ack_delay: 0,state: 14
0000000000000001: Sending 183 bytes to 11.0.0.1:4987 at T=19.437525 (35d013c61712f)
1: T= 19.937528, Lost packet type 6, number 34, size 39, DCID <0000000000000000>, reason: repeat
0000000000000001: Sending packet type: 6 (1rtt protected), S0, Q1,
0000000000000001:     <0000000000000000>, Seq: 37 (37), Phi: 0,
0000000000000001:     Prepared 28 bytes
0000000000000001:     handshake_done
0000000000000001:     ACK (nb=0), 1-2
0000000000000001:     padding, 19 bytes

1: T= 19.937528, cwin: 3072,flight: 677,nb_ret: 32,rtt_min: 0,rtt: 250000,rtt_var: 0,max_ack_delay: 0,state: 14
0000000000000001: Sending 55 bytes to 11.0.0.1:4987 at T=19.937528 (35d013c691252)
1: T= 20.937529, Lost packet type 6, number 35, size 423, DCID <0000000000000000>, reason: repeat
1: T= 20.937529, Lost packet type 6, number 36, size 167, DCID <0000000000000000>, reason: timer
0000000000000001: Sending packet type: 6 (1rtt protected), S0, Q1,
0000000000000001:     <0000000000000000>, Seq: 38 (38), Phi: 0,
0000000000000001:     Prepared 156 bytes
0000000000000001:     NEW TOKEN[50]: 0x957703a793d73752d11fc9b58531eed2...
0000000000000001:     NEW CONNECTION ID[1]: 0x7e22d12748697d1c, 414d00321728b0340ff8ca22ff5d8dfb
0000000000000001:     ACK (nb=0), 1-2
0000000000000001:     padding, 68 bytes

1: T= 20.937529, cwin: 3072,flight: 238,nb_ret: 34,rtt_min: 0,rtt: 250000,rtt_var: 0,max_ack_delay: 0,state: 14
0000000000000001: Sending 183 bytes to 11.0.0.1:4987 at T=20.937529 (35d013c785493)
0000000000000001: Sending packet type: 6 (1rtt protected), S0, Q1,
0000000000000001:     <0000000000000000>, Seq: 39 (39), Phi: 0,
0000000000000001:     Prepared 412 bytes
0000000000000001:     Stream 4, offset 0, length 386, fin = 1: 3c21444f43545950...
0000000000000001:     padding, 22 bytes

1: T= 20.937529, cwin: 3072,flight: 677,nb_ret: 34,rtt_min: 0,rtt: 250000,rtt_var: 0,max_ack_delay: 0,state: 14
0000000000000001: Sending 439 bytes to 11.0.0.1:4987 at T=20.937529 (35d013c785493)
1: T= 21.937531, Lost packet type 6, number 37, size 39, DCID <0000000000000000>, reason: repeat
0000000000000001: Sending packet type: 6 (1rtt protected), S0, Q1,
0000000000000001:     <0000000000000000>, Seq: 40 (40), Phi: 0,
0000000000000001:     Prepared 28 bytes
0000000000000001:     handshake_done
0000000000000001:     ACK (nb=0), 1-2
0000000000000001:     padding, 19 bytes

1: T= 21.937531, cwin: 3072,flight: 677,nb_ret: 35,rtt_min: 0,rtt: 250000,rtt_var: 0,max_ack_delay: 0,state: 14
0000000000000001: Sending 55 bytes to 11.0.0.1:4987 at T=21.937531 (35d013c8796d5)
1: T= 22.937530, Lost packet type 6, number 38, size 167, DCID <0000000000000000>, reason: repeat
0000000000000001: Sending packet type: 6 (1rtt protected), S0, Q1,
0000000000000001:     <0000000000000000>, Seq: 41 (41), Phi: 0,
0000000000000001:     Prepared 156 bytes
0000000000000001:     NEW TOKEN[50]: 0x957703a793d73752d11fc9b58531eed2...
0000000000000001:     NEW CONNECTION ID[1]: 0x7e22d12748697d1c, 414d00321728b0340ff8ca22ff5d8dfb
0000000000000001:     ACK (nb=0), 1-2
0000000000000001:     padding, 68 bytes

1: T= 22.937530, cwin: 3072,flight: 677,nb_ret: 36,rtt_min: 0,rtt: 250000,rtt_var: 0,max_ack_delay: 0,state: 14
0000000000000001: Sending 183 bytes to 11.0.0.1:4987 at T=22.937530 (35d013c96d914)
1: T= 22.937530, Lost packet type 6, number 39, size 423, DCID <0000000000000000>, reason: repeat
0000000000000001: Sending packet type: 6 (1rtt protected), S0, Q1,
0000000000000001:     <0000000000000000>, Seq: 42 (42), Phi: 0,
0000000000000001:     Prepared 412 bytes
0000000000000001:     Stream 4, offset 0, length 386, fin = 1: 3c21444f43545950...
0000000000000001:     padding, 22 bytes

1: T= 22.937530, cwin: 3072,flight: 677,nb_ret: 37,rtt_min: 0,rtt: 250000,rtt_var: 0,max_ack_delay: 0,state: 14
0000000000000001: Sending 439 bytes to 11.0.0.1:4987 at T=22.937530 (35d013c96d914)
1: T= 23.937533, Lost packet type 6, number 40, size 39, DCID <0000000000000000>, reason: timer
0000000000000001: Sending packet type: 6 (1rtt protected), S0, Q1,
0000000000000001:     <0000000000000000>, Seq: 43 (43), Phi: 0,
0000000000000001:     Prepared 28 bytes
0000000000000001:     handshake_done
0000000000000001:     ACK (nb=0), 1-2
0000000000000001:     padding, 19 bytes

1: T= 23.937533, cwin: 3072,flight: 677,nb_ret: 38,rtt_min: 0,rtt: 250000,rtt_var: 0,max_ack_delay: 0,state: 14
0000000000000001: Sending 55 bytes to 11.0.0.1:4987 at T=23.937533 (35d013ca61b57)
1: T= 24.937532, Lost packet type 6, number 41, size 167, DCID <0000000000000000>, reason: repeat
0000000000000001: Sending packet type: 6 (1rtt protected), S0, Q1,
0000000000000001:     <0000000000000000>, Seq: 44 (44), Phi: 0,
0000000000000001:     Prepared 156 bytes
0000000000000001:     NEW TOKEN[50]: 0x957703a793d73752d11fc9b58531eed2...
0000000000000001:     NEW CONNECTION ID[1]: 0x7e22d12748697d1c, 414d00321728b0340ff8ca22ff5d8dfb
0000000000000001:     ACK (nb=0), 1-2
0000000000000001:     padding, 68 bytes

1: T= 24.937532, cwin: 3072,flight: 677,nb_ret: 39,rtt_min: 0,rtt: 250000,rtt_var: 0,max_ack_delay: 0,state: 14
0000000000000001: Sending 183 bytes to 11.0.0.1:4987 at T=24.937532 (35d013cb55d96)
1: T= 24.937532, Lost packet type 6, number 42, size 423, DCID <0000000000000000>, reason: repeat
0000000000000001: Sending packet type: 6 (1rtt protected), S0, Q1,
0000000000000001:     <0000000000000000>, Seq: 45 (45), Phi: 0,
0000000000000001:     Prepared 412 bytes
0000000000000001:     Stream 4, offset 0, length 386, fin = 1: 3c21444f43545950...
0000000000000001:     padding, 22 bytes

1: T= 24.937532, cwin: 3072,flight: 677,nb_ret: 40,rtt_min: 0,rtt: 250000,rtt_var: 0,max_ack_delay: 0,state: 14
0000000000000001: Sending 439 bytes to 11.0.0.1:4987 at T=24.937532 (35d013cb55d96)
1: T= 25.937535, Lost packet type 6, number 43, size 39, DCID <0000000000000000>, reason: timer
0000000000000001: Sending packet type: 6 (1rtt protected), S0, Q1,
0000000000000001:     <0000000000000000>, Seq: 46 (46), Phi: 0,
0000000000000001:     Prepared 28 bytes
0000000000000001:     handshake_done
0000000000000001:     ACK (nb=0), 1-2
0000000000000001:     padding, 19 bytes

1: T= 25.937535, cwin: 3072,flight: 677,nb_ret: 41,rtt_min: 0,rtt: 250000,rtt_var: 0,max_ack_delay: 0,state: 14
0000000000000001: Sending 55 bytes to 11.0.0.1:4987 at T=25.937535 (35d013cc49fd9)
1: T= 26.937533, Lost packet type 6, number 44, size 167, DCID <0000000000000000>, reason: repeat
0000000000000001: Sending packet type: 6 (1rtt protected), S0, Q1,
0000000000000001:     <0000000000000000>, Seq: 47 (47), Phi: 0,
0000000000000001:     Prepared 156 bytes
0000000000000001:     NEW TOKEN[50]: 0x957703a793d73752d11fc9b58531eed2...
0000000000000001:     NEW CONNECTION ID[1]: 0x7e22d12748697d1c, 414d00321728b0340ff8ca22ff5d8dfb
0000000000000001:     ACK (nb=0), 1-2
0000000000000001:     padding, 68 bytes

1: T= 26.937533, cwin: 3072,flight: 677,nb_ret: 42,rtt_min: 0,rtt: 250000,rtt_var: 0,max_ack_delay: 0,state: 14
0000000000000001: Sending 183 bytes to 11.0.0.1:4987 at T=26.937533 (35d013cd3e217)
1: T= 26.937533, Lost packet type 6, number 45, size 423, DCID <0000000000000000>, reason: repeat
0000000000000001: Sending packet type: 6 (1rtt protected), S0, Q1,
0000000000000001:     <0000000000000000>, Seq: 48 (48), Phi: 0,
0000000000000001:     Prepared 412 bytes
0000000000000001:     Stream 4, offset 0, length 386, fin = 1: 3c21444f43545950...
0000000000000001:     padding, 22 bytes

1: T= 26.937533, cwin: 3072,flight: 677,nb_ret: 43,rtt_min: 0,rtt: 250000,rtt_var: 0,max_ack_delay: 0,state: 14
0000000000000001: Sending 439 bytes to 11.0.0.1:4987 at T=26.937533 (35d013cd3e217)
1: T= 27.937536, Lost packet type 6, number 46, size 39, DCID <0000000000000000>, reason: timer
0000000000000001: Sending packet type: 6 (1rtt protected), S0, Q1,
0000000000000001:     <0000000000000000>, Seq: 49 (49), Phi: 0,
0000000000000001:     Prepared 28 bytes
0000000000000001:     handshake_done
0000000000000001:     ACK (nb=0), 1-2
0000000000000001:     padding, 19 bytes

1: T= 27.937536, cwin: 3072,flight: 677,nb_ret: 44,rtt_min: 0,rtt: 250000,rtt_var: 0,max_ack_delay: 0,state: 14
0000000000000001: Sending 55 bytes to 11.0.0.1:4987 at T=27.937536 (35d013ce3245a)
1: T= 28.937534, Lost packet type 6, number 47, size 167, DCID <0000000000000000>, reason: repeat
0000000000000001: Sending packet type: 6 (1rtt protected), S0, Q1,
0000000000000001:     <0000000000000000>, Seq: 50 (50), Phi: 0,
0000000000000001:     Prepared 156 bytes
0000000000000001:     NEW TOKEN[50]: 0x957703a793d73752d11fc9b58531eed2...
0000000000000001:     NEW CONNECTION ID[1]: 0x7e22d12748697d1c, 414d00321728b0340ff8ca22ff5d8dfb
0000000000000001:     ACK (nb=0), 1-2
0000000000000001:     padding, 68 bytes

1: T= 28.937534, cwin: 3072,flight: 677,nb_ret: 45,rtt_min: 0,rtt: 250000,rtt_var: 0,max_ack_delay: 0,state: 14
0000000000000001: Sending 183 bytes to 11.0.0.1:4987 at T=28.937534 (35d013cf26698)
1: T= 28.937534, Lost packet type 6, number 48, size 423, DCID <0000000000000000>, reason: repeat
0000000000000001: Sending packet type: 6 (1rtt protected), S0, Q1,
0000000000000001:     <0000000000000000>, Seq: 51 (51), Phi: 0,
0000000000000001:     Prepared 412 bytes
0000000000000001:     Stream 4, offset 0, length 386, fin = 1: 3c21444f43545950...
0000000000000001:     padding, 22 bytes

1: T= 28.937534, cwin: 3072,flight: 677,nb_ret: 46,rtt_min: 0,rtt: 250000,rtt_var: 0,max_ack_delay: 0,state: 14
0000000000000001: Sending 439 bytes to 11.0.0.1:4987 at T=28.937534 (35d013cf26698)
1: T= 29.937537, Lost packet type 6, number 49, size 39, DCID <0000000000000000>, reason: timer
0000000000000001: Sending packet type: 6 (1rtt protected), S0, Q1,
0000000000000001:     <0000000000000000>, Seq: 52 (52), Phi: 0,
0000000000000001:     Prepared 28 bytes
0000000000000001:     handshake_done
0000000000000001:     ACK (nb=0), 1-2
0000000000000001:     padding, 19 bytes

1: T= 29.937537, cwin: 3072,flight: 677,nb_ret: 47,rtt_min: 0,rtt: 250000,rtt_var: 0,max_ack_delay: 0,state: 14
0000000000000001: Sending 55 bytes to 11.0.0.1:4987 at T=29.937537 (35d013d01a8db)
1: T= 30.937535, Lost packet type 6, number 50, size 167, DCID <0000000000000000>, reason: repeat
0000000000000001: Sending packet type: 6 (1rtt protected), S0, Q1,
0000000000000001:     <0000000000000000>, Seq: 53 (53), Phi: 0,
0000000000000001:     Prepared 156 bytes
0000000000000001:     NEW TOKEN[50]: 0x957703a793d73752d11fc9b58531eed2...
0000000000000001:     NEW CONNECTION ID[1]: 0x7e22d12748697d1c, 414d00321728b0340ff8ca22ff5d8dfb
0000000000000001:     ACK (nb=0), 1-2
0000000000000001:     padding, 68 bytes

1: T= 30.937535, cwin: 3072,flight: 677,nb_ret: 48,rtt_min: 0,rtt: 250000,rtt_var: 0,max_ack_delay: 0,state: 14
0000000000000001: Sending 183 bytes to 11.0.0.1:4987 at T=30.937535 (35d013d10eb19)
1: T= 30.937535, Lost packet type 6, number 51, size 423, DCID <0000000000000000>, reason: repeat
0000000000000001: Sending packet type: 6 (1rtt protected), S0, Q1,
0000000000000001:     <0000000000000000>, Seq: 54 (54), Phi: 0,
0000000000000001:     Prepared 412 bytes
0000000000000001:     Stream 4, offset 0, length 386, fin = 1: 3c21444f43545950...
0000000000000001:     padding, 22 bytes

1: T= 30.937535, cwin: 3072,flight: 677,nb_ret: 49,rtt_min: 0,rtt: 250000,rtt_var: 0,max_ack_delay: 0,state: 14
0000000000000001: Sending 439 bytes to 11.0.0.1:4987 at T=30.937535 (35d013d10eb19)
1: T= 31.937538, Lost packet type 6, number 52, size 39, DCID <0000000000000000>, reason: timer
0000000000000001: Sending packet type: 6 (1rtt protected), S0, Q1,
0000000000000001:     <0000000000000000>, Seq: 55 (55), Phi: 0,
0000000000000001:     Prepared 28 bytes
0000000000000001:     handshake_done
0000000000000001:     ACK (nb=0), 1-2
0000000000000001:     padding, 19 bytes

1: T= 31.937538, cwin: 3072,flight: 677,nb_ret: 50,rtt_min: 0,rtt: 250000,rtt_var: 0,max_ack_delay: 0,state: 14
0000000000000001: Sending 55 bytes to 11.0.0.1:4987 at T=31.937538 (35d013d202d5c)
1: T= 32.937536, Lost packet type 6, number 53, size 167, DCID <0000000000000000>, reason: repeat
0000000000000001: Sending packet type: 6 (1rtt protected), S0, Q1,
0000000000000001:     <0000000000000000>, Seq: 56 (56), Phi: 0,
0000000000000001:     Prepared 156 bytes
0000000000000001:     NEW TOKEN[50]: 0x957703a793d73752d11fc9b58531eed2...
0000000000000001:     NEW CONNECTION ID[1]: 0x7e22d12748697d1c, 414d00321728b0340ff8ca22ff5d8dfb
0000000000000001:     ACK (nb=0), 1-2
0000000000000001:     padding, 68 bytes

1: T= 32.937536, cwin: 3072,flight: 677,nb_ret: 51,rtt_min: 0,rtt: 250000,rtt_var: 0,max_ack_delay: 0,state: 14
0000000000000001: Sending 183 bytes to 11.0.0.1:4987 at T=32.937536 (35d013d2f6f9a)
1: T= 32.937536, Lost packet type 6, number 54, size 423, DCID <0000000000000000>, reason: repeat
0000000000000001: Sending packet type: 6 (1rtt protected), S0, Q1,
0000000000000001:     <0000000000000000>, Seq: 57 (57), Phi: 0,
0000000000000001:     Prepared 412 bytes
0000000000000001:     Stream 4, offset 0, length 386, fin = 1: 3c21444f43545950...
0000000000000001:     padding, 22 bytes

1: T= 32.937536, cwin: 3072,flight: 677,nb_ret: 52,rtt_min: 0,rtt: 250000,rtt_var: 0,max_ack_delay: 0,state: 14
0000000000000001: Sending 439 bytes to 11.0.0.1:4987 at T=32.937536 (35d013d2f6f9a)
1: T= 33.937539, Lost packet type 6, number 55, size 39, DCID <0000000000000000>, reason: timer
0000000000000001: Sending packet type: 6 (1rtt protected), S0, Q1,
0000000000000001:     <0000000000000000>, Seq: 58 (58), Phi: 0,
0000000000000001:     Prepared 28 bytes
0000000000000001:     handshake_done
0000000000000001:     ACK (nb=0), 1-2
0000000000000001:     padding, 19 bytes

1: T= 33.937539, cwin: 3072,flight: 677,nb_ret: 53,rtt_min: 0,rtt: 250000,rtt_var: 0,max_ack_delay: 0,state: 14
0000000000000001: Sending 55 bytes to 11.0.0.1:4987 at T=33.937539 (35d013d3eb1dd)
1: T= 34.937537, Lost packet type 6, number 56, size 167, DCID <0000000000000000>, reason: repeat
0000000000000001: Sending packet type: 6 (1rtt protected), S0, Q1,
0000000000000001:     <0000000000000000>, Seq: 59 (59), Phi: 0,
0000000000000001:     Prepared 156 bytes
0000000000000001:     NEW TOKEN[50]: 0x957703a793d73752d11fc9b58531eed2...
0000000000000001:     NEW CONNECTION ID[1]: 0x7e22d12748697d1c, 414d00321728b0340ff8ca22ff5d8dfb
0000000000000001:     ACK (nb=0), 1-2
0000000000000001:     padding, 68 bytes

1: T= 34.937537, cwin: 3072,flight: 677,nb_ret: 54,rtt_min: 0,rtt: 250000,rtt_var: 0,max_ack_delay: 0,state: 14
0000000000000001: Sending 183 bytes to 11.0.0.1:4987 at T=34.937537 (35d013d4df41b)
1: T= 34.937537, Lost packet type 6, number 57, size 423, DCID <0000000000000000>, reason: repeat
0000000000000001: Sending packet type: 6 (1rtt protected), S0, Q1,
0000000000000001:     <0000000000000000>, Seq: 60 (60), Phi: 0,
0000000000000001:     Prepared 412 bytes
0000000000000001:     Stream 4, offset 0, length 386, fin = 1: 3c21444f43545950...
0000000000000001:     padding, 22 bytes

1: T= 34.937537, cwin: 3072,flight: 677,nb_ret: 55,rtt_min: 0,rtt: 250000,rtt_var: 0,max_ack_delay: 0,state: 14
0000000000000001: Sending 439 bytes to 11.0.0.1:4987 at T=34.937537 (35d013d4df41b)
1: T= 35.937540, Lost packet type 6, number 58, size 39, DCID <0000000000000000>, reason: timer
0000000000000001: Too many data retransmits, abandon path
0000000000000001: Server CB, Stream: 0, 0 bytes, fin=5

0000000000000001: Closed. Retrans= 55, spurious= 0, max sp gap = 0, max sp delay = 0, dg-coal: 1.016393
