CLIENT_HANDSHAKE_TRAFFIC_SECRET 170b582db0385a703661b6e7b699d1c6f396dca7619984f72fd6b07ec65ad58f c3b98f17fa13b3cce1a40e2f87158f3e83a6530168b66714228a59db514a3ef2d807d12e41654e9504d8798b3a7db16b
SERVER_HANDSHAKE_TRAFFIC_SECRET 170b582db0385a703661b6e7b699d1c6f396dca7619984f72fd6b07ec65ad58f 0b2eb866652eb4219d741b12fcf45e10487d8d99f9d2656b93a0d7bad622fcfc0ca74d43956e7d2e6ccbf23be7d45925
CLIENT_TRAFFIC_SECRET_0 170b582db0385a703661b6e7b699d1c6f396dca7619984f72fd6b07ec65ad58f 155791c13b4df32e78861750797ac263d316d8a0a263e3d987f1f4996f136f6a509a90927baf263a89918e942169fce5
SERVER_TRAFFIC_SECRET_0 170b582db0385a703661b6e7b699d1c6f396dca7619984f72fd6b07ec65ad58f f6bd943d84e2fb5f86d286088746438a14dc72c97ef8b20b44b20e62442a022bf1b515bdd6d1bee0ee542201d48b2920
CLIENT_EARLY_TRAFFIC_SECRET 66bb0539b0fcc310240a3f02e187a79eb09aa5e127a66aa45e1b8ce70d008e11 5b2468323a6a9bd7236a814d52471ecc05079822da46f0530ead36e9d7ca29772aa50de4f22008bb92dc8b5a8598ce13
CLIENT_HANDSHAKE_TRAFFIC_SECRET 66bb0539b0fcc310240a3f02e187a79eb09aa5e127a66aa45e1b8ce70d008e11 ac4bd6b9edba74241ab785c4931195decc6684aa7e5a967176fd21137856e51f538d7f97103c4b50888026b7f907e158
SERVER_HANDSHAKE_TRAFFIC_SECRET 66bb0539b0fcc310240a3f02e187a79eb09aa5e127a66aa45e1b8ce70d008e11 98cf113fed5dbb4b5afc87d42a0d863e990449e88d45c2a183fe2c1f650bf0cf73c2d3b8d961a5d6c4dd2440a91592b8
CLIENT_TRAFFIC_SECRET_0 66bb0539b0fcc310240a3f02e187a79eb09aa5e127a66aa45e1b8ce70d008e11 65590a9cebac97d5f2b42987f694a1cbe5398864ea57424006e96fadf9c3eec3322194c09ea5432bb26a5763168850ef
SERVER_TRAFFIC_SECRET_0 66bb0539b0fcc310240a3f02e187a79eb09aa5e127a66aa45e1b8ce70d008e11 13328af2de3af412c6132ae1bbb94bff67322f6d944845d48fe88cf055f3f1c60d961375e5b1533600f530ff368648b5
SERVER_HANDSHAKE_TRAFFIC_SECRET cd0cfc9eba35ffd9074b0eea37e38b2444df6edd1dafc28de3bda7b735e234ba 2828bea98478ce8ab02c104b632fee0006a399b8f749163d3802daa551da1403
CLIENT_HANDSHAKE_TRAFFIC_SECRET cd0cfc9eba35ffd9074b0eea37e38b2444df6edd1dafc28de3bda7b735e234ba e1040f833b6d1731c446ce43256af46555f442dd36b3df558340386e7377b172
SERVER_TRAFFIC_SECRET_0 cd0cfc9eba35ffd9074b0eea37e38b2444df6edd1dafc28de3bda7b735e234ba 1206576c008457d93fe895256094163b8da6acd336d89a4b78ecdc8286100acc
CLIENT_TRAFFIC_SECRET_0 cd0cfc9eba35ffd9074b0eea37e38b2444df6edd1dafc28de3bda7b735e234ba 7adae5a0a1fc36be490436ee97b5f3596d95ff268cb90540d11e6ed6fff04c57
SERVER_HANDSHAKE_TRAFFIC_SECRET 49aacc951f894b8e741d76ad1f0e976792f65e7e1da3bf126a8958bc3bd27474 8cbbd6025a0f31b901705ce3a7493bcd7d9efa8ca0a6f1f5c6e6fa954685d40d
CLIENT_HANDSHAKE_TRAFFIC_SECRET 49aacc951f894b8e741d76ad1f0e976792f65e7e1da3bf126a8958bc3bd27474 59fe418dde9e6caac3a0cd26c2289587a7c7dd541e3117d10cbddee4db60f12a
SERVER_TRAFFIC_SECRET_0 49aacc951f894b8e741d76ad1f0e976792f65e7e1da3bf126a8958bc3bd27474 f11ce5374df0d559c5fabed0f59a31a5a228d12e0852a7823c0ed18928c492e7
CLIENT_TRAFFIC_SECRET_0 49aacc951f894b8e741d76ad1f0e976792f65e7e1da3bf126a8958bc3bd27474 1e45a987201f74e1cb7dfe88bef2096cddd080db3a62e761d590b5adf9efbd26
SERVER_HANDSHAKE_TRAFFIC_SECRET 4725e8f55f221b4e7bed1b6a3546f730d1c34309c8dfc331426098fd436a81bd 9cf7c5ae70eed358e50c0496e22ee8e2f5d2621c677171c8663836861fa154fa
CLIENT_HANDSHAKE_TRAFFIC_SECRET 4725e8f55f221b4e7bed1b6a3546f730d1c34309c8dfc331426098fd436a81bd b7b89ae5223727ace02e3f0aa46298dec57dbd56989cef70e6cdd3be7c8caf1d
SERVER_TRAFFIC_SECRET_0 4725e8f55f221b4e7bed1b6a3546f730d1c34309c8dfc331426098fd436a81bd d5ddb6b24b18539e30afd248189283c7fcd92ae464abc09848dcdfdeaa015b4c
CLIENT_TRAFFIC_SECRET_0 4725e8f55f221b4e7bed1b6a3546f730d1c34309c8dfc331426098fd436a81bd a5df685ba98b02e2188d71707b08aa42fb51fdc533c61c8599641ce7dd88e752
SERVER_HANDSHAKE_TRAFFIC_SECRET b0605013b37d42fb6a13fd9c51c0672afc8711009c20deb4751f91b0ba52c79c 2b8d2039ba9c9e6830e61ba5a95333732f60bca7b49046d6e424b70572bd6111
CLIENT_HANDSHAKE_TRAFFIC_SECRET b0605013b37d42fb6a13fd9c51c0672afc8711009c20deb4751f91b0ba52c79c 20e61d065388ccf3c0758572706646fd60fd67ba5b7e4f05486bd759517364fd
SERVER_TRAFFIC_SECRET_0 b0605013b37d42fb6a13fd9c51c0672afc8711009c20deb4751f91b0ba52c79c d15ad97d91d7a609cc31289a657df1a222ba1d683a6bf0cc4ee07c349ba9e6f7
CLIENT_TRAFFIC_SECRET_0 b0605013b37d42fb6a13fd9c51c0672afc8711009c20deb4751f91b0ba52c79c 8aa9e310d11cca9bdeec9b7cacdba200fc22d6433ee4da4601a0cade2e93a97b
CLIENT_EARLY_TRAFFIC_SECRET db27c671926d38b9d61b955d168a0ce60e7fc6793553844a236b3ad8c8247c13 bda5345065d735a964b4bb92339f2a379c02d502fff91f352e05a83a69228f80
SERVER_HANDSHAKE_TRAFFIC_SECRET db27c671926d38b9d61b955d168a0ce60e7fc6793553844a236b3ad8c8247c13 16d9a8ef2304765c8dadf20caf89f4df2dffc8ec13b7d8f6199405a55d117ec3
CLIENT_HANDSHAKE_TRAFFIC_SECRET db27c671926d38b9d61b955d168a0ce60e7fc6793553844a236b3ad8c8247c13 62b9348fb3cd81fb31724a87706b53871af20d4a52a52ba77ddb77aaf6d84b43
SERVER_TRAFFIC_SECRET_0 db27c671926d38b9d61b955d168a0ce60e7fc6793553844a236b3ad8c8247c13 a84ed84a6b9402cf0058c13616b2666857e62aad6659a15bc08b60cc7a2e96c2
CLIENT_TRAFFIC_SECRET_0 db27c671926d38b9d61b955d168a0ce60e7fc6793553844a236b3ad8c8247c13 8986ced382d6e382aa08b6b7892bba8e466d375e48ee0de3c57630bdf7b301b1
SERVER_HANDSHAKE_TRAFFIC_SECRET 335caf711bd2e208d475cab278a9d9df4d3a6c62dd63f763a48e11b6a20ced83 2b8eb0a2f5b69dd248d19f35ee4b6abc94978557915632b5d28759c197062107
CLIENT_HANDSHAKE_TRAFFIC_SECRET 335caf711bd2e208d475cab278a9d9df4d3a6c62dd63f763a48e11b6a20ced83 10ecdfa490b745f2babd8cf785f922cb810114e04a1d5cc88280aeb4d51ff8e3
SERVER_TRAFFIC_SECRET_0 335caf711bd2e208d475cab278a9d9df4d3a6c62dd63f763a48e11b6a20ced83 1b9df92ddeca53eeed91ecb53f00507f9d4ac9ca5bf0e968bfaa9240addecb59
CLIENT_TRAFFIC_SECRET_0 335caf711bd2e208d475cab278a9d9df4d3a6c62dd63f763a48e11b6a20ced83 ca2993351f8b9431dfa8b701704c67786ee6627f45ac7f7912b7905f09f5b853
SERVER_HANDSHAKE_TRAFFIC_SECRET 6dd43347ec9d324e945f309e47d8c60507cc4db15d4fba1eaff26e36007ec037 67e92aa44b321a2efc3fdce4dffb7c1b55d90b524f40766b760ac551dd41b131
CLIENT_HANDSHAKE_TRAFFIC_SECRET 6dd43347ec9d324e945f309e47d8c60507cc4db15d4fba1eaff26e36007ec037 6869684b3d8904afbaab8d87a5f40e449c126df4efa4caa41ada877076b02a3f
SERVER_TRAFFIC_SECRET_0 6dd43347ec9d324e945f309e47d8c60507cc4db15d4fba1eaff26e36007ec037 de8deb1549d3cd5c052beedfbfbccbe3586a08d8380ef6fa37cdd7f71062a11d
CLIENT_TRAFFIC_SECRET_0 6dd43347ec9d324e945f309e47d8c60507cc4db15d4fba1eaff26e36007ec037 d3aaa9781a4fbd38ed60497a0a6be6436c6fcfffb7839cc80a54c8910697d744
CLIENT_EARLY_TRAFFIC_SECRET 0e4948d3cfcc67c8a8c665c4b55f7233ded4ca536f72c883db80ddce00574e97 1e0705584d839fda5cb0cb1a40d6ab544a406ac64d8fc1fa0cb3192fee54ee46
SERVER_HANDSHAKE_TRAFFIC_SECRET 0e4948d3cfcc67c8a8c665c4b55f7233ded4ca536f72c883db80ddce00574e97 db4c1254014b1c3393fea7a02a62d6f6635298a56cbd26981c413fa948b69c09
CLIENT_HANDSHAKE_TRAFFIC_SECRET 0e4948d3cfcc67c8a8c665c4b55f7233ded4ca536f72c883db80ddce00574e97 3cd62843369ee80cad8399fcdb1ef0cf22119e49f5bb815c3460f05d1c103152
SERVER_TRAFFIC_SECRET_0 0e4948d3cfcc67c8a8c665c4b55f7233ded4ca536f72c883db80ddce00574e97 711053b83cc32fcd4cf09fe1ce7e4f22fbf86b0b47cdc9b87f574397498ca65c
SERVER_HANDSHAKE_TRAFFIC_SECRET 67bfd87a36c4fce9d4c0818e86010d5a341795e4b65faecbd22c533a1efa0934 3aceb99f7322e2fd6860e39503f00ab9b252d581f82038099330ec7757e35a7c
CLIENT_HANDSHAKE_TRAFFIC_SECRET 67bfd87a36c4fce9d4c0818e86010d5a341795e4b65faecbd22c533a1efa0934 94a7f81a8231192729500bee195032b9f63769c50e56ebaf56c652e74bde1785
SERVER_TRAFFIC_SECRET_0 67bfd87a36c4fce9d4c0818e86010d5a341795e4b65faecbd22c533a1efa0934 4223e057b661f0b0281f65b790012c19297932feccacfa2373daab2f77f4ce83
CLIENT_TRAFFIC_SECRET_0 67bfd87a36c4fce9d4c0818e86010d5a341795e4b65faecbd22c533a1efa0934 980866ac7535f0d975615a3cb2f6266ef2c060157ae2a50b58289341ee703cc5
SERVER_HANDSHAKE_TRAFFIC_SECRET f353134103892c102f2f34fa55f95144db6442b4a91f891fc8189deb953365b4 bc99efd81bd66999212b0ab63a14f9d343dc684cff11d11197205a967b13c433
CLIENT_HANDSHAKE_TRAFFIC_SECRET f353134103892c102f2f34fa55f95144db6442b4a91f891fc8189deb953365b4 d44f84c4388508b19b6a52ab0372b78075bea453430461d58ecc44d03022bc69
SERVER_TRAFFIC_SECRET_0 f353134103892c102f2f34fa55f95144db6442b4a91f891fc8189deb953365b4 bc8d464cece7c65efe53860668a641aaf4e80557e05ed9fccfcc0c7b920000ee
CLIENT_TRAFFIC_SECRET_0 f353134103892c102f2f34fa55f95144db6442b4a91f891fc8189deb953365b4 475f1330820909440634458389fc2acfca8ad9da86fc34cd315b273c3a0d86fe
SERVER_HANDSHAKE_TRAFFIC_SECRET d9c13a5bf2a2c8299fb2c8c7585f5eee6de8b73d5b9cc075a082d6b45b2d9eb2 7767041e9d81d0d6d5a287e44092e348250ef26a83cfdfbc0c3d2ac503c51c33
CLIENT_HANDSHAKE_TRAFFIC_SECRET d9c13a5bf2a2c8299fb2c8c7585f5eee6de8b73d5b9cc075a082d6b45b2d9eb2 62cd570bea693e5bfa53c07a6b70fc01f53f9a6c0c2434ab49ba569b84006467
SERVER_TRAFFIC_SECRET_0 d9c13a5bf2a2c8299fb2c8c7585f5eee6de8b73d5b9cc075a082d6b45b2d9eb2 acb3be3695ae2be02912dbc35715f43cc612f6f83b949f00fce843608143501b
CLIENT_TRAFFIC_SECRET_0 d9c13a5bf2a2c8299fb2c8c7585f5eee6de8b73d5b9cc075a082d6b45b2d9eb2 1a7a275fa3929b1d1b1d945c0196cb91b8d7792cfae15e9d9d9c51fc8f3b32b5
CLIENT_EARLY_TRAFFIC_SECRET eaf4ea959e939e542b9017e0b906f7f4c0c949d661f6e1d5335d7d0a40ffde0d 80142938edb89167d4a7c7905f070a0a72154cb653ba8107e43130c706bf213b
SERVER_HANDSHAKE_TRAFFIC_SECRET eaf4ea959e939e542b9017e0b906f7f4c0c949d661f6e1d5335d7d0a40ffde0d 30c1d011aaf020e887f5c6eac15116df2b78e29048320875c42469d05484e1ca
CLIENT_HANDSHAKE_TRAFFIC_SECRET eaf4ea959e939e542b9017e0b906f7f4c0c949d661f6e1d5335d7d0a40ffde0d 6c4b7a3560044c0a70234b961c8934c35c4775cb5f09ba0f76ef2da809f74ace
SERVER_TRAFFIC_SECRET_0 eaf4ea959e939e542b9017e0b906f7f4c0c949d661f6e1d5335d7d0a40ffde0d 00ab88c0d0fb872232ed743b6917174f8f910908ca18bca31d57c94db6b9d471
SERVER_HANDSHAKE_TRAFFIC_SECRET 35647dddb7ae28eca23be4fbd230ae47ad6b77ff11e773d20081cb5ba601fb63 f6376ba57c5c4332348c1fbf3798cbd42e501746f1385e7acc57cd28db09ad36
CLIENT_HANDSHAKE_TRAFFIC_SECRET 35647dddb7ae28eca23be4fbd230ae47ad6b77ff11e773d20081cb5ba601fb63 a58e7917a69fef4c6bf609d6ede693d08fe0f1a54e8e04c758e0c43dc30cd470
SERVER_TRAFFIC_SECRET_0 35647dddb7ae28eca23be4fbd230ae47ad6b77ff11e773d20081cb5ba601fb63 d935ad09fd582efd8cf7c466da7e70c14c7c663f7d6fde766ac982a1c6abf8de
CLIENT_TRAFFIC_SECRET_0 35647dddb7ae28eca23be4fbd230ae47ad6b77ff11e773d20081cb5ba601fb63 ea40b58c83bce1bbc7b7748d37fa5948b66f53a79ca80f18f8b5464a6a51ad0e
CLIENT_EARLY_TRAFFIC_SECRET c13461ecb8b170a8691502e91bca2a2d0ccb1456ea8a626fe3a5ccc04fbda423 73f4da15f05f9a94009f1d45d77619cd68b884aacc9a30874c0c4f86d84f2219
SERVER_HANDSHAKE_TRAFFIC_SECRET c13461ecb8b170a8691502e91bca2a2d0ccb1456ea8a626fe3a5ccc04fbda423 8fb60a14a079f7574fde39719f3e53b7e2137bbfdcd06455ba2f618929763206
CLIENT_HANDSHAKE_TRAFFIC_SECRET c13461ecb8b170a8691502e91bca2a2d0ccb1456ea8a626fe3a5ccc04fbda423 61891b373290cf7ad2ecf3e07f75b16dee07c734c0d1a4a2dbf9729a770b627f
SERVER_TRAFFIC_SECRET_0 c13461ecb8b170a8691502e91bca2a2d0ccb1456ea8a626fe3a5ccc04fbda423 0199dcd8bf1f93d5abb2201702f2d794315501cc763c10d5ce1e144cef06e9df
SERVER_HANDSHAKE_TRAFFIC_SECRET 314383dbd9cd553db9b1e45015b4acfd343d17888ce498e028dd6e813b6418f3 709d1e0e4f574a0a12c2e474d38d59cfedbb0551ba94cb43c0e2e07259360312
CLIENT_HANDSHAKE_TRAFFIC_SECRET 314383dbd9cd553db9b1e45015b4acfd343d17888ce498e028dd6e813b6418f3 a338adfc6318da2816f1853aa6a85b71fb07cb1d57fa1baeafefc2c37f39f132
SERVER_TRAFFIC_SECRET_0 314383dbd9cd553db9b1e45015b4acfd343d17888ce498e028dd6e813b6418f3 1596bf86a2b52efe04f5de85c5d52e7bd4be6c1d5f3f33c0d236be1aefb8e517
CLIENT_TRAFFIC_SECRET_0 314383dbd9cd553db9b1e45015b4acfd343d17888ce498e028dd6e813b6418f3 af0b61bf988e86024be5512fa6012bb4d2e372b7b754ce160793fedf9089c646
CLIENT_EARLY_TRAFFIC_SECRET b3651966f557eaf23f8dc46f2b8931bd5c406ae8a3cc4222056d98f25c7dbd34 b3383fe880fa57c4969573cc36566d25041519a7b04fac1eb7f44e026f157293
SERVER_HANDSHAKE_TRAFFIC_SECRET b3651966f557eaf23f8dc46f2b8931bd5c406ae8a3cc4222056d98f25c7dbd34 717163cc85846c371afb6a80feace5552aa743c522bbeaba4b6ce92c9a4e3916
CLIENT_HANDSHAKE_TRAFFIC_SECRET b3651966f557eaf23f8dc46f2b8931bd5c406ae8a3cc4222056d98f25c7dbd34 b2adea395f1971ee4e0b783012561b95f344bdd754a3bdc061f9618269ad512b
SERVER_TRAFFIC_SECRET_0 b3651966f557eaf23f8dc46f2b8931bd5c406ae8a3cc4222056d98f25c7dbd34 3c85f4a84104e6d84282fec6c97474d5ea5bb47d4a31fcea3bc2c75619fbeb88
SERVER_HANDSHAKE_TRAFFIC_SECRET 03fe8c898322ff7d510cabad11ab28e73c5c759b99fe4bbb47471cbf6cd0b694 b59432c7a8102d9084b4bb77bca6669c81576b67a03833004979ed6b5919aedf
CLIENT_HANDSHAKE_TRAFFIC_SECRET 03fe8c898322ff7d510cabad11ab28e73c5c759b99fe4bbb47471cbf6cd0b694 d23f0903aaf660f9d8f4441057bdd520381aeb77b7e7c457cbf20823453d14fa
SERVER_TRAFFIC_SECRET_0 03fe8c898322ff7d510cabad11ab28e73c5c759b99fe4bbb47471cbf6cd0b694 194b15ec98aee8b1687eb3fc88a8ab9bc1fe94802825e354a84a750e575bc1eb
CLIENT_TRAFFIC_SECRET_0 03fe8c898322ff7d510cabad11ab28e73c5c759b99fe4bbb47471cbf6cd0b694 1afb79c3675ad782bd9c8ac9d12cea9006ce1418c3460cc9ec010d717b9fe7b9
CLIENT_EARLY_TRAFFIC_SECRET 51997d999636ce2d99fb2a422692dd4641faa541b997b96be9f3b581155906d3 2da6521c74ef4f39c6ee7759ba7f17c00c9704121610b287dbc93925af4bbb4c
SERVER_HANDSHAKE_TRAFFIC_SECRET 51997d999636ce2d99fb2a422692dd4641faa541b997b96be9f3b581155906d3 05b88b14111400a09d5c61551f7c207d3b6a5822cd028c0139536532db685081
CLIENT_HANDSHAKE_TRAFFIC_SECRET 51997d999636ce2d99fb2a422692dd4641faa541b997b96be9f3b581155906d3 94341aeaadbd4932b9ad4fc369dfde97a5204f95793894608818ea42b48ad777
SERVER_TRAFFIC_SECRET_0 51997d999636ce2d99fb2a422692dd4641faa541b997b96be9f3b581155906d3 b6112b488d9c32e756eeae0b3b3cc3b0d92c18b572f79a0c26059112458f15c8
SERVER_HANDSHAKE_TRAFFIC_SECRET 9967107ec72c9fd33029a126ff920bcce0311b1224720b1f63d6d7cb9224ad2d 06db02a4e9be1e411b2464250f5a2172e3d90c26ad823d10c53461d5f26509f2
CLIENT_HANDSHAKE_TRAFFIC_SECRET 9967107ec72c9fd33029a126ff920bcce0311b1224720b1f63d6d7cb9224ad2d a1e5a2c0fe27160d4af5b7eb4d8ef55dce16c0f44dfcd8de2af472fb4a6c7fc4
SERVER_TRAFFIC_SECRET_0 9967107ec72c9fd33029a126ff920bcce0311b1224720b1f63d6d7cb9224ad2d dc4030ec3c7d0078e4f0a0be349d0bf8312d7a9ed10db637ad0c6aefbc5eff6e
CLIENT_TRAFFIC_SECRET_0 9967107ec72c9fd33029a126ff920bcce0311b1224720b1f63d6d7cb9224ad2d 381e7536e20be243d569da638d591d16e868a9b976d9ee85eff44c81ebb81d3f
SERVER_HANDSHAKE_TRAFFIC_SECRET 1a73ff6afd80127398d3efe69e9e9dba3c8b4adbc58ed5ac465f66c95fa205ee ec683d0712435761b082437a3de9471cf6a959ff1627621622357e407923363a
CLIENT_HANDSHAKE_TRAFFIC_SECRET 1a73ff6afd80127398d3efe69e9e9dba3c8b4adbc58ed5ac465f66c95fa205ee 9fb57a38439ac37b75a776d42dcf43b6576cec41829543492e0a3c516e1fb3fd
SERVER_TRAFFIC_SECRET_0 1a73ff6afd80127398d3efe69e9e9dba3c8b4adbc58ed5ac465f66c95fa205ee aa7f40c0b3955194e27de575ef428da41d981aa30469d43c1658353bc44ef3e6
CLIENT_TRAFFIC_SECRET_0 1a73ff6afd80127398d3efe69e9e9dba3c8b4adbc58ed5ac465f66c95fa205ee 267ffe3375d5f9e865bd8e2b154c2a51a8910493ae0ff67ec4929497e8a69a9c
SERVER_HANDSHAKE_TRAFFIC_SECRET a17cbbaa6d39ea67dc471b7fc15b151f59a2d3d4b3194b7e00bebf526001d19f fa7aca8792648bf165ec6db1066b621c674b79d4a48ba1988ea527d54d1279ce
CLIENT_HANDSHAKE_TRAFFIC_SECRET a17cbbaa6d39ea67dc471b7fc15b151f59a2d3d4b3194b7e00bebf526001d19f 487c3292f45ed864738f3602cbb6ec44c1f1e9d8d4139cd289982a095f57fefd
SERVER_TRAFFIC_SECRET_0 a17cbbaa6d39ea67dc471b7fc15b151f59a2d3d4b3194b7e00bebf526001d19f 0bef8295982416abcfd3b9cc53a89c4c4e3aa24e886827add5d92a0911798bb4
CLIENT_TRAFFIC_SECRET_0 a17cbbaa6d39ea67dc471b7fc15b151f59a2d3d4b3194b7e00bebf526001d19f c5ce858ccb7dc3e1bfcd8f9f9dbd8f43311b13f54147c77d20f7dfc55a5d5d15
SERVER_HANDSHAKE_TRAFFIC_SECRET 891a159ff02cb186947467f63a012a9e66fd646555aa1eee674e266f2b707622 a5ac6df52f97ac40810eff31cd20e00c2c09b3970ae86a299886b2af8a3f481c
CLIENT_HANDSHAKE_TRAFFIC_SECRET 891a159ff02cb186947467f63a012a9e66fd646555aa1eee674e266f2b707622 8680eddc8384655e01ae9db4d8508eea68edc9ed8d80d6ba140ab5c6ea1c252d
SERVER_TRAFFIC_SECRET_0 891a159ff02cb186947467f63a012a9e66fd646555aa1eee674e266f2b707622 0ae58f0e65106b56b3996faac10e3d6ad35e1999e880a348928dcffb746c7fdc
CLIENT_TRAFFIC_SECRET_0 891a159ff02cb186947467f63a012a9e66fd646555aa1eee674e266f2b707622 53e57607f492b3155ea4e0a31735d6e2c2b2df3456327c6114df0eb92c249ee2
CLIENT_EARLY_TRAFFIC_SECRET eb554eb6d0891551d0f63d7ef8fad76cf608d1114e78490628b641270706a63a 26a42f133ab5d1e9c187c9a45dcd09d4e2a7135d0d33a152ca9e8f0b0cf76809
SERVER_HANDSHAKE_TRAFFIC_SECRET eb554eb6d0891551d0f63d7ef8fad76cf608d1114e78490628b641270706a63a 9deed2c00ad1eaba211ae4854999cd2198f92736f66aa545062a9f32c6b7fb7e
CLIENT_HANDSHAKE_TRAFFIC_SECRET eb554eb6d0891551d0f63d7ef8fad76cf608d1114e78490628b641270706a63a fc249c9f56f6fab286259f284632ae30d061de90679c0abe2c54084894f8bac2
SERVER_TRAFFIC_SECRET_0 eb554eb6d0891551d0f63d7ef8fad76cf608d1114e78490628b641270706a63a 6229a8c4ac78d4b9b142a9a33e9f6dfc104789c964fd97e4f0e7286d0674c958
SERVER_HANDSHAKE_TRAFFIC_SECRET a14a13fef5d7d4132020b32b220bbb2e88c8ccc030c01444a0b01e8ff970f1e0 1eb4c1e5403199222ee0c9125c9374bcabb5a1a48bbc2cd107e2a5a22f225b3b
CLIENT_HANDSHAKE_TRAFFIC_SECRET a14a13fef5d7d4132020b32b220bbb2e88c8ccc030c01444a0b01e8ff970f1e0 f60d71268ab5e42646be5226116c605bf95cb7f10136f3a4a4e1969e3d07deb7
SERVER_TRAFFIC_SECRET_0 a14a13fef5d7d4132020b32b220bbb2e88c8ccc030c01444a0b01e8ff970f1e0 6b4ad44bf87fc3a67faa70cd968bfa3ecf42c3125f0b6496ac292ee887dd3d65
CLIENT_TRAFFIC_SECRET_0 a14a13fef5d7d4132020b32b220bbb2e88c8ccc030c01444a0b01e8ff970f1e0 009a4d2b515fc69269ecc4e553ad4fced0657626c61f23f1cfeb10445c33fe29
SERVER_HANDSHAKE_TRAFFIC_SECRET 5efbf60cfc0f74bfec8eaee258e5ac8cc4a8066d449161aeaca910f8dc5192b8 74ccfa670b2178b0f363504ce0b4eb77c3b2799fd19dc608e5d899fbcd6e1071
CLIENT_HANDSHAKE_TRAFFIC_SECRET 5efbf60cfc0f74bfec8eaee258e5ac8cc4a8066d449161aeaca910f8dc5192b8 6ee6f360bcbd298f585a0359f0344b2e86ef4672f5a5f1127fad1183a66013df
SERVER_TRAFFIC_SECRET_0 5efbf60cfc0f74bfec8eaee258e5ac8cc4a8066d449161aeaca910f8dc5192b8 8198ab5d43818e848a41699b69dc0b9c0beba750a7cf9092e481f446fcab05f2
CLIENT_TRAFFIC_SECRET_0 5efbf60cfc0f74bfec8eaee258e5ac8cc4a8066d449161aeaca910f8dc5192b8 795d80a150ba15a72c91f8580e0658a248f0e2049846f601bc41ad7462ee18e8
SERVER_HANDSHAKE_TRAFFIC_SECRET 3db9c7fe7d6b6b376a1ead46b5ea82965c5b15474e21a94d25f7bbe8e7e51bee 499e9d2890b4bb8f85632ee8c03c8f0e3b87a8670d9f0a5ed2e49095077778f3
CLIENT_HANDSHAKE_TRAFFIC_SECRET 3db9c7fe7d6b6b376a1ead46b5ea82965c5b15474e21a94d25f7bbe8e7e51bee 69fdcd9bb67f2033c39cf3a073b52cb0bb5bb9e8c85f00393559b35e5206bde3
SERVER_TRAFFIC_SECRET_0 3db9c7fe7d6b6b376a1ead46b5ea82965c5b15474e21a94d25f7bbe8e7e51bee 380a42d00db5fa17e83026af5b422afe3875a17da2bd3413e2ec57cfed8d0f87
CLIENT_TRAFFIC_SECRET_0 3db9c7fe7d6b6b376a1ead46b5ea82965c5b15474e21a94d25f7bbe8e7e51bee 421fc5ae238c2d31fbdafc78995397c77c1ad8c51610108e514d14d18f3be892
SERVER_HANDSHAKE_TRAFFIC_SECRET aac5a3bcdc9338a3f53c0ea2376121969870e9d8f3dcd5b0f5661ebf32b958dc 4a916cd5a8fab0bb19ca3f46aeafd30c0d7141065298c7b87c381ed2de483b8f
CLIENT_HANDSHAKE_TRAFFIC_SECRET aac5a3bcdc9338a3f53c0ea2376121969870e9d8f3dcd5b0f5661ebf32b958dc c9bc2a6499d904e8358c9484425fed9e8bc36a65a0f9d6f5b712f57c19ab956b
SERVER_TRAFFIC_SECRET_0 aac5a3bcdc9338a3f53c0ea2376121969870e9d8f3dcd5b0f5661ebf32b958dc 06e3a786afb1422d2617e7385be9a509cfe1f61df3e58f0f4b0eb63854442cd3
CLIENT_TRAFFIC_SECRET_0 aac5a3bcdc9338a3f53c0ea2376121969870e9d8f3dcd5b0f5661ebf32b958dc f0b0ccd262bbeb30f4b2f46892d6622dc999538ea40df07467797bbf2ed00956
SERVER_HANDSHAKE_TRAFFIC_SECRET a0ce3b771b38ae6819f360cb63a22e1ad26256b5ec05a49f428ddb96cee95a01 6dd269cb8a20602e5e1bd346ab016423ea182ca7e2ce46e622ecdc0408c130ae
CLIENT_HANDSHAKE_TRAFFIC_SECRET a0ce3b771b38ae6819f360cb63a22e1ad26256b5ec05a49f428ddb96cee95a01 b1093972927220f3e1512c705666db7386ad5e44f56ad3d991c098f4bff1f2bf
SERVER_TRAFFIC_SECRET_0 a0ce3b771b38ae6819f360cb63a22e1ad26256b5ec05a49f428ddb96cee95a01 98e99b43bde1cfff35de85aa391ce173ad024c56976f93e782dbf46f56205704
CLIENT_TRAFFIC_SECRET_0 a0ce3b771b38ae6819f360cb63a22e1ad26256b5ec05a49f428ddb96cee95a01 cd4b5216dacd80aa1c7d05bbd47141057d0f9332dca8aa7f81b04644fd037974
SERVER_HANDSHAKE_TRAFFIC_SECRET 0f68dd01df7c07db31a4606097b706183b11e784fff3eaa1fa4bd464b3ed8786 e94ece19438b08dd24620de4675ead57b7989ac176dafde4de8a13ec29ec2aff
CLIENT_HANDSHAKE_TRAFFIC_SECRET 0f68dd01df7c07db31a4606097b706183b11e784fff3eaa1fa4bd464b3ed8786 afa62cd642fe7dbef77b264767179cf0087e64208550cfb98cf44ee8474039c8
SERVER_TRAFFIC_SECRET_0 0f68dd01df7c07db31a4606097b706183b11e784fff3eaa1fa4bd464b3ed8786 0ec354f195ad9afef2d343220326f97af860b30a3ac9389b594a715d82c0da00
CLIENT_TRAFFIC_SECRET_0 0f68dd01df7c07db31a4606097b706183b11e784fff3eaa1fa4bd464b3ed8786 694adc6c9fd1b160756b2af2dcc295b9c21fdcee61329825fe092e86db65cfec
SERVER_HANDSHAKE_TRAFFIC_SECRET afb74da3bd151e7636d24d7471e74eea5ae7b7f45c35bc246a5ed1273ac39b4e f8dc145963116712205a3f52fa4a8eece13447788fadec6b7d6bea0a0de3d68d
CLIENT_HANDSHAKE_TRAFFIC_SECRET afb74da3bd151e7636d24d7471e74eea5ae7b7f45c35bc246a5ed1273ac39b4e a8827565068b3e9f2e69318f6e8fc55db92debd17a2363b01adbd4f20244dd71
SERVER_TRAFFIC_SECRET_0 afb74da3bd151e7636d24d7471e74eea5ae7b7f45c35bc246a5ed1273ac39b4e f995a8c2e6632a98ce5c5e59bbd759dbc87ac56dfda813b7dccc2bb2aa4e72a7
CLIENT_TRAFFIC_SECRET_0 afb74da3bd151e7636d24d7471e74eea5ae7b7f45c35bc246a5ed1273ac39b4e 4dc4c1b4f5806ccd28af8e894ed7161f09f1b43adf50f7100b5d57070de4071b
SERVER_HANDSHAKE_TRAFFIC_SECRET 6af2389dcf4e75bf3f76fe00cb5226506c8e6967b8aec1827ce576d2ebd8af2b 1e4cc22e1d6e7f7b2b6b3aca269b29271ea1bd5f66a7c1f84b7656ad341d7048
CLIENT_HANDSHAKE_TRAFFIC_SECRET 6af2389dcf4e75bf3f76fe00cb5226506c8e6967b8aec1827ce576d2ebd8af2b 9e5398aba41e09c5dcee1a3f47022934d4a5ceaf6e5f505cd145d6a0bc18952d
SERVER_TRAFFIC_SECRET_0 6af2389dcf4e75bf3f76fe00cb5226506c8e6967b8aec1827ce576d2ebd8af2b 1c62fb693edf1c06df3850f131f2e196c2d9b9ba3b9d6129dc93914aea34992f
CLIENT_TRAFFIC_SECRET_0 6af2389dcf4e75bf3f76fe00cb5226506c8e6967b8aec1827ce576d2ebd8af2b 504e2e8b168d890da2e641d751ddf1b36083b53fcee896a53161520c45c9584c
SERVER_HANDSHAKE_TRAFFIC_SECRET 6ee13dc5f2b7206d9f7f8d24bb1dda1097e2bc1f39d085d871f7fa8dd8cc79ab d969c3738ee1bc3db8beeee7963124628e01c90b567d7b9e5fb9a5f819ad734c
CLIENT_HANDSHAKE_TRAFFIC_SECRET 6ee13dc5f2b7206d9f7f8d24bb1dda1097e2bc1f39d085d871f7fa8dd8cc79ab 36d65c9ca6b68bed2a8bd2c3058666a1d3922a304191a28c03bffd32a0085493
SERVER_TRAFFIC_SECRET_0 6ee13dc5f2b7206d9f7f8d24bb1dda1097e2bc1f39d085d871f7fa8dd8cc79ab 8ce2a1045fc6c985ecbef1e750f75a509e95e3aad82597d40a12c387329407d2
CLIENT_TRAFFIC_SECRET_0 6ee13dc5f2b7206d9f7f8d24bb1dda1097e2bc1f39d085d871f7fa8dd8cc79ab b5fb33f9786237e5a3946eec34050a17b565cd8c28cffdfc5a9636185d29eb41
SERVER_HANDSHAKE_TRAFFIC_SECRET 9ff460f442a10829a3965156ff50a1dca7fd4389aaa5dab64c69fc005d9fc00c 05a08ccfdee65096bc02c0b1abaf61c297a9fdb3d57efc2ecfc785f35e0859a8
CLIENT_HANDSHAKE_TRAFFIC_SECRET 9ff460f442a10829a3965156ff50a1dca7fd4389aaa5dab64c69fc005d9fc00c ca860793104bbda6a1b9415a9e89edb0a806153d467577ed6b49cb60854465a5
SERVER_TRAFFIC_SECRET_0 9ff460f442a10829a3965156ff50a1dca7fd4389aaa5dab64c69fc005d9fc00c 109733403c9c819a7e57de75191bacdbed6c09ed9484166eabd782206f3b7ba9
CLIENT_TRAFFIC_SECRET_0 9ff460f442a10829a3965156ff50a1dca7fd4389aaa5dab64c69fc005d9fc00c d2b0a8050afb00a7cb614f65be65bf4c01b0fb9377596918196acd7db720a8e5
SERVER_HANDSHAKE_TRAFFIC_SECRET 8454245aae0a95bf6b425807123282d54a03073bf60f783e17e0d57ab1feac97 179860e0109837955d2dc25fcaa5a481d3c0fc8abc9ae9e76abce9bf86a3ba45
CLIENT_HANDSHAKE_TRAFFIC_SECRET 8454245aae0a95bf6b425807123282d54a03073bf60f783e17e0d57ab1feac97 82f8ad975afa111cade911d4b5463d6c2f2a22d2495884283bf021f24763de08
SERVER_TRAFFIC_SECRET_0 8454245aae0a95bf6b425807123282d54a03073bf60f783e17e0d57ab1feac97 87c81983d011cf4803c142b505697d3d96471c0e944e2e08e2a277acd0d3bba9
CLIENT_TRAFFIC_SECRET_0 8454245aae0a95bf6b425807123282d54a03073bf60f783e17e0d57ab1feac97 94bd4971495b8b9b935473117027999171973cbe5153c6a5749b66b0f95a2d45
SERVER_HANDSHAKE_TRAFFIC_SECRET 88cb7fdbc03f52ab5403b3be6efca3ed0a49229059c59331e48a17adf30a05d7 63cf08a63d368865303099de8d45811459541670f1f66c4e9d1924d2349a7e86
CLIENT_HANDSHAKE_TRAFFIC_SECRET 88cb7fdbc03f52ab5403b3be6efca3ed0a49229059c59331e48a17adf30a05d7 6de0d47444601f76d31b9cc25ca4eaef0fa80e517c6ec3e3e15fd3d3d367f282
SERVER_TRAFFIC_SECRET_0 88cb7fdbc03f52ab5403b3be6efca3ed0a49229059c59331e48a17adf30a05d7 2162e26e7e33934f04fac4a4a908b2cb688bc2c2e3b0528810cfdfe70a695ce1
CLIENT_TRAFFIC_SECRET_0 88cb7fdbc03f52ab5403b3be6efca3ed0a49229059c59331e48a17adf30a05d7 a5e2d12d96805a0c41c3193025f68ebd7dd04fc91de262a07b834087c92a5d8b
CLIENT_EARLY_TRAFFIC_SECRET ac6b2205452dd87b02bf52eca494df53c2fa821c59ec987e9573a81c4c9446c9 137c2637e5c5ad9161a98844b52d39e9f65636fcbd3bdf0901a43c2ed9f74aaf
SERVER_HANDSHAKE_TRAFFIC_SECRET ac6b2205452dd87b02bf52eca494df53c2fa821c59ec987e9573a81c4c9446c9 4e5ff60c89be4e0963f211b2c6ac7bbdee661712e862f6ad5ab358d3fb9912d3
CLIENT_HANDSHAKE_TRAFFIC_SECRET ac6b2205452dd87b02bf52eca494df53c2fa821c59ec987e9573a81c4c9446c9 299d2a3a6a2b841e60fee43c98002fae23f8d865c7ec8b175ec643f454879099
SERVER_TRAFFIC_SECRET_0 ac6b2205452dd87b02bf52eca494df53c2fa821c59ec987e9573a81c4c9446c9 ad69c8ea1bb48312d071902bb6456c87b98e1b8a681ce721088308dc6fe9b07c
SERVER_HANDSHAKE_TRAFFIC_SECRET 5d7a7f68a845cd54f515909d9ef751dea8209c537c12448293dd7dfe284b2e9c 89b4b2c452d822ebd9a4741e68ed44e436a4496969d0ed8e0b896c6d23477b8f
CLIENT_HANDSHAKE_TRAFFIC_SECRET 5d7a7f68a845cd54f515909d9ef751dea8209c537c12448293dd7dfe284b2e9c 1ec8e679740841cb7c939259afeab9da88e6bcf23188a5aa657374a1fb4b6e8b
SERVER_TRAFFIC_SECRET_0 5d7a7f68a845cd54f515909d9ef751dea8209c537c12448293dd7dfe284b2e9c 70208aa4dc3d9bf9d9e48eba82fcfb5881f27beab2288cd1796269eb727ef842
CLIENT_TRAFFIC_SECRET_0 5d7a7f68a845cd54f515909d9ef751dea8209c537c12448293dd7dfe284b2e9c d6259c30154dfe2d298626f701ef2f156b72243bbff6fb31098c033b5343a26d
SERVER_HANDSHAKE_TRAFFIC_SECRET e9eb30dd92c5f0693cbd1d32a95dbd46c39ef714c3c0190450da834367e5a769 b07b0444834323c88d845c67be00021333c9ed112da0b0f349e780b6777c78ec
CLIENT_HANDSHAKE_TRAFFIC_SECRET e9eb30dd92c5f0693cbd1d32a95dbd46c39ef714c3c0190450da834367e5a769 ca1f49a207ef87b1eb4005282d873f12d8edc785ee2d73e34976cdd136dab713
SERVER_TRAFFIC_SECRET_0 e9eb30dd92c5f0693cbd1d32a95dbd46c39ef714c3c0190450da834367e5a769 359a101d1cf5d2cfa7a89cbdd8ad160d5c30dd98b7937d8f5bfeaa5a8e9c8eb1
CLIENT_TRAFFIC_SECRET_0 e9eb30dd92c5f0693cbd1d32a95dbd46c39ef714c3c0190450da834367e5a769 58699e8f12415e17fd50e7ab79bb4260835790c94fa3a89afc3b52cb2f34d204
SERVER_HANDSHAKE_TRAFFIC_SECRET c11a9ffbbb3d4255a6450c92157a3466fa7dbe210cc60a4aaff2e61a445eceee ab4dbcaa0a50b7f0ec4e58c83886349484e902acd357c90b8a7a076087e27323
CLIENT_HANDSHAKE_TRAFFIC_SECRET c11a9ffbbb3d4255a6450c92157a3466fa7dbe210cc60a4aaff2e61a445eceee 1f05de2010c2bef8c9ec72afeca51d88b6763bd9e6c2f07f03d5129246db9c4b
SERVER_TRAFFIC_SECRET_0 c11a9ffbbb3d4255a6450c92157a3466fa7dbe210cc60a4aaff2e61a445eceee af3e279775e2a20ec1a045bdaf828584e6e00dde33217848da86653ffd79ca74
CLIENT_TRAFFIC_SECRET_0 c11a9ffbbb3d4255a6450c92157a3466fa7dbe210cc60a4aaff2e61a445eceee 749a8555b3443b7924ad4cf6765a558d4144550ca30f08b5294fc5d304ee690c
CLIENT_EARLY_TRAFFIC_SECRET b7935c81a301952243f8a85db6395700e547dd496c396a828b51b1d89833e727 61fdd3a10f8ed9521437afe2d49afc9ef2da30cb167182eeeda1ca37246a8939
SERVER_HANDSHAKE_TRAFFIC_SECRET b7935c81a301952243f8a85db6395700e547dd496c396a828b51b1d89833e727 c827c5cf43d3075f101aca246444c6cc048e37321112c1521683c170b4c78ffc
CLIENT_HANDSHAKE_TRAFFIC_SECRET b7935c81a301952243f8a85db6395700e547dd496c396a828b51b1d89833e727 6a1af35e4aa92b146fa7eaa3f9cccc34afc39271f266bccfc1939bf6d8d01982
SERVER_TRAFFIC_SECRET_0 b7935c81a301952243f8a85db6395700e547dd496c396a828b51b1d89833e727 fee58c866367a5e9139d608d6be6f638a2e260d585da42baccf70241e7d46a56
SERVER_HANDSHAKE_TRAFFIC_SECRET 40681b77083e8ce798e738ef4f1c2de885a8a2fe49c292ef573a5d7f29ba0f8d 8c51ca90aa8f27cc2fdbc2925992cb36fd452098cc687925f32f1e77bac92f26
CLIENT_HANDSHAKE_TRAFFIC_SECRET 40681b77083e8ce798e738ef4f1c2de885a8a2fe49c292ef573a5d7f29ba0f8d bb6feb07801cc95ed6cf29b18c96c61e7dfed3a8cdb4b2192b8072cdb277cc30
SERVER_TRAFFIC_SECRET_0 40681b77083e8ce798e738ef4f1c2de885a8a2fe49c292ef573a5d7f29ba0f8d ec5d1cd20b88e8f02b41b88a2ccd60425fc0de0ac9bfe01b410dc9ecab5cb078
CLIENT_TRAFFIC_SECRET_0 40681b77083e8ce798e738ef4f1c2de885a8a2fe49c292ef573a5d7f29ba0f8d 420c2e4d0d0cb3369088ec6abb25ff23b46c39462c6b4cba6743faac42bb65db
SERVER_HANDSHAKE_TRAFFIC_SECRET 3cb3c48be0887da0afc5bed6d417117aae523f4601b74999aa145212a30f94b1 1e35b68886738322177d5c79edd3b840c6ba0f9a8276a769ab951d1051f20093
CLIENT_HANDSHAKE_TRAFFIC_SECRET 3cb3c48be0887da0afc5bed6d417117aae523f4601b74999aa145212a30f94b1 065528d88a9ddacd9c07e7240473a8686984d45b5005126eea0916d04c1f6ae7
SERVER_TRAFFIC_SECRET_0 3cb3c48be0887da0afc5bed6d417117aae523f4601b74999aa145212a30f94b1 d11e8ec2ad71e26fbad7e8ea688b105e664ef116de4c71b81bf0df4f715e844d
CLIENT_TRAFFIC_SECRET_0 3cb3c48be0887da0afc5bed6d417117aae523f4601b74999aa145212a30f94b1 c73dde2d88756358b613706348d5837bfc6b746c803d48ccbaea94f263f9771d
SERVER_HANDSHAKE_TRAFFIC_SECRET 8e142c96490ce6438c7af10a36744c994845f24a7f1b3252495cc8a1226d6931 d640589f7968ed650cd89f29618c4febae79e91044eded559dc67ba01cd7013e
CLIENT_HANDSHAKE_TRAFFIC_SECRET 8e142c96490ce6438c7af10a36744c994845f24a7f1b3252495cc8a1226d6931 d52c367c14b14abbae3accc4acc471866c89bc2a1f55dc206f83c951eb5d8689
SERVER_TRAFFIC_SECRET_0 8e142c96490ce6438c7af10a36744c994845f24a7f1b3252495cc8a1226d6931 dacc6149f4a45aa1c2b96e9f0b3f78305db6191e707dbd96937fa02949c61d51
CLIENT_TRAFFIC_SECRET_0 8e142c96490ce6438c7af10a36744c994845f24a7f1b3252495cc8a1226d6931 e93a72cbba1b55d2527ed51b146e5776a1878f8301752e28ff3edc37760ad6ee
CLIENT_EARLY_TRAFFIC_SECRET 19d1574b59769b415f5676db33c167c9d421c19f4df6e74a6bd4f099f95443db 819fba6a347b12964c65bab4546a527df100d35eb183b964a956c82bd1132109
SERVER_HANDSHAKE_TRAFFIC_SECRET 19d1574b59769b415f5676db33c167c9d421c19f4df6e74a6bd4f099f95443db d13a706e71024c49c2a4eda44af36bce0149679e9909d53e7ebbb261b0f96044
CLIENT_HANDSHAKE_TRAFFIC_SECRET 19d1574b59769b415f5676db33c167c9d421c19f4df6e74a6bd4f099f95443db 932d1a72fca83ddbbbbf66ca7fc93027fa97c30fca2c5b92dfa496bd0811ce6c
SERVER_TRAFFIC_SECRET_0 19d1574b59769b415f5676db33c167c9d421c19f4df6e74a6bd4f099f95443db 031b1e386a67e3ded133deec3318d97eab8ab595075638ced7076cd4bcf07fe8
SERVER_HANDSHAKE_TRAFFIC_SECRET 24353d6a1e9ae09950c173edfd69817eadf0224f61427832447d40235cdbee3a 1a4672aac65fb70d72d7b79ccda539658c43feb3570020b12551339fc1aa71b3
CLIENT_HANDSHAKE_TRAFFIC_SECRET 24353d6a1e9ae09950c173edfd69817eadf0224f61427832447d40235cdbee3a 45041849df5dc700b04c9e479c29220859b8eebd02ea0070f3fe9ec6a3575a23
SERVER_TRAFFIC_SECRET_0 24353d6a1e9ae09950c173edfd69817eadf0224f61427832447d40235cdbee3a 58b8767da582a8ca9801e30815e24f430d32a376f2d4a806072818c7a79e9057
CLIENT_TRAFFIC_SECRET_0 24353d6a1e9ae09950c173edfd69817eadf0224f61427832447d40235cdbee3a 2573dcaf1f15702c859b5609dbb3eea6a49f5ea979cb0ab4ca7736607ec76897
SERVER_HANDSHAKE_TRAFFIC_SECRET 1a100e3f9a89585118c08b11337e9fcf7fc77ae3919569875f17a8030ac790d7 7ab6538efaeb9e74fa1199ffd4b5e0eaa76e0290e9333fdfdaafcaca73abf86e
CLIENT_HANDSHAKE_TRAFFIC_SECRET 1a100e3f9a89585118c08b11337e9fcf7fc77ae3919569875f17a8030ac790d7 1a7497fa89e8c4d88d20b6e1a2089ea610bd6435961ee3bba866701c3f71d203
SERVER_TRAFFIC_SECRET_0 1a100e3f9a89585118c08b11337e9fcf7fc77ae3919569875f17a8030ac790d7 4b7429d2f1d8052cd35d146563a9af6a80cf3786703cecbab6a5a689a5e17d32
CLIENT_TRAFFIC_SECRET_0 1a100e3f9a89585118c08b11337e9fcf7fc77ae3919569875f17a8030ac790d7 997ff8dd627799cbb8bc53842a0fa98704fdb278f643cee7a8acff4ff0c66db7
SERVER_HANDSHAKE_TRAFFIC_SECRET 90ba9845acc2ea1c90fa9207f9761568cfe11fc46beaca1f45eab271dfe737fc a1a06e35990f8baad4f5cc65edf8795de79d065d2f9b5cd0d804e98f08f8cf7d
CLIENT_HANDSHAKE_TRAFFIC_SECRET 90ba9845acc2ea1c90fa9207f9761568cfe11fc46beaca1f45eab271dfe737fc f1881e6ba861e4abb6af01a6fc868bd10a7b0c3cd63a4812a49b41700324ad7f
SERVER_TRAFFIC_SECRET_0 90ba9845acc2ea1c90fa9207f9761568cfe11fc46beaca1f45eab271dfe737fc 0861f932ad9bd35eaef908eabab95c6142aadc2affb8f84bc6061f0542c0ec21
CLIENT_TRAFFIC_SECRET_0 90ba9845acc2ea1c90fa9207f9761568cfe11fc46beaca1f45eab271dfe737fc 2539cebf688a69eb400b48f4ff744208cdb7a6bbb1d3d6106a629ee32f33ecc4
SERVER_HANDSHAKE_TRAFFIC_SECRET 87d53c709c94587cfb78f5db7d48ebb9235da215bf7b27aee1eaed6d4a5ed5fa e570b4ae88dcd4de2000fb908c840795e6a38c1fb0fd1b41c6ec9e188df0a00a
CLIENT_HANDSHAKE_TRAFFIC_SECRET 87d53c709c94587cfb78f5db7d48ebb9235da215bf7b27aee1eaed6d4a5ed5fa f696c523eedb0537e444336b23d88c5e59389be0eda67aee5fe2e232eedad5d3
SERVER_TRAFFIC_SECRET_0 87d53c709c94587cfb78f5db7d48ebb9235da215bf7b27aee1eaed6d4a5ed5fa 778a64f5dda9a9d003bceaeadfd1332dc1b5e252678a25ecc08f1b0d61be9246
CLIENT_TRAFFIC_SECRET_0 87d53c709c94587cfb78f5db7d48ebb9235da215bf7b27aee1eaed6d4a5ed5fa 728b8ef421d535d118274a58d201a32991412de131e91f35e426044a3fd06677
SERVER_HANDSHAKE_TRAFFIC_SECRET 209a3283e150fafe3043f3ba3412539da791c8792501e4e6c44c240784a95e93 f341d0a3a714f645c253efff132ad956e5711c49abca8157d3131be9a3fe37bc
CLIENT_HANDSHAKE_TRAFFIC_SECRET 209a3283e150fafe3043f3ba3412539da791c8792501e4e6c44c240784a95e93 d9eaf371618b3f82057a9a051a698452aa4b835a2eb53a9ab6ccd3fac9fc69c4
SERVER_TRAFFIC_SECRET_0 209a3283e150fafe3043f3ba3412539da791c8792501e4e6c44c240784a95e93 69a3dadc27cb1222735eb24b946d491821232543519fb6d52f450e799b0e009c
CLIENT_TRAFFIC_SECRET_0 209a3283e150fafe3043f3ba3412539da791c8792501e4e6c44c240784a95e93 08e30e46d6e820f2b1e4c80bce54e60e9dfb646174d1ed7b99bd4df1d5ec23b5
SERVER_HANDSHAKE_TRAFFIC_SECRET b4406c60572ebf065c0e81a6887bd3125ef5acbaa7d9de531f736961c70be875 063d4a8d793a1264ed932f46994a892b71040e6702d426b2658ba6712bc6bfc9
CLIENT_HANDSHAKE_TRAFFIC_SECRET b4406c60572ebf065c0e81a6887bd3125ef5acbaa7d9de531f736961c70be875 9f346508136b84d62867e59656515ff42ebddb79e2b665e08cf613d4b5e0d211
SERVER_TRAFFIC_SECRET_0 b4406c60572ebf065c0e81a6887bd3125ef5acbaa7d9de531f736961c70be875 b246eac5614a8d50f18c7f212341dd6e34a312131bfbdbd00e5a663c87863957
CLIENT_TRAFFIC_SECRET_0 b4406c60572ebf065c0e81a6887bd3125ef5acbaa7d9de531f736961c70be875 0932e38e756912d0bdc11369e37444ab291767956202f84765d5c61772429f35
SERVER_HANDSHAKE_TRAFFIC_SECRET d24d63c223714934cc7c6114d6deeb61aca6b452b3e71dd668cc3206c362df9e 41af5151e6ce3a9214b18772172d036a25061129870cd9b4eaa9dbbd13d240b9
CLIENT_HANDSHAKE_TRAFFIC_SECRET d24d63c223714934cc7c6114d6deeb61aca6b452b3e71dd668cc3206c362df9e 6f04e3bf8ad0691c360b8b4a2c09ac2625b0e87e626c93b8eb1db45fb5f4f361
SERVER_TRAFFIC_SECRET_0 d24d63c223714934cc7c6114d6deeb61aca6b452b3e71dd668cc3206c362df9e 6ec9af21b157dcfe90b82ec62c3b7904c53307114c248928d6c598446f31f608
CLIENT_TRAFFIC_SECRET_0 d24d63c223714934cc7c6114d6deeb61aca6b452b3e71dd668cc3206c362df9e 13ff85a348a7568b2b45afc3de95b7cbf32e0b0b36d503ed767e1803c0132725
SERVER_HANDSHAKE_TRAFFIC_SECRET b4d32fd33dd3e8c87e11272db959394cc10227db517cad4bb16e845749df6ff8 ce50691e50020fe58af64f8673573b600f1fe1de947cd343a9fd58ec844a6618
CLIENT_HANDSHAKE_TRAFFIC_SECRET b4d32fd33dd3e8c87e11272db959394cc10227db517cad4bb16e845749df6ff8 a2a8296ff87caed820047a70f0b0ce8130f1f1084b821e3aa2a031f3d265a1f2
SERVER_TRAFFIC_SECRET_0 b4d32fd33dd3e8c87e11272db959394cc10227db517cad4bb16e845749df6ff8 c8921d1fc4fc081b5ac7ab149a0c7009d144e098f99dae306538bf268b845a37
CLIENT_TRAFFIC_SECRET_0 b4d32fd33dd3e8c87e11272db959394cc10227db517cad4bb16e845749df6ff8 472c558b193991fd92609de486a4d4c5d87d19782f91fa6432ba8c7fa54c58b6
SERVER_HANDSHAKE_TRAFFIC_SECRET 6782c28180a5dac18f335a4f78a6424772ea66a3de5e5d047bc07ffc7b3c0ec3 9bbcc98f597f6e85f1da331ad157255126f4ffc55d0641f33b966a298c661f32
CLIENT_HANDSHAKE_TRAFFIC_SECRET 6782c28180a5dac18f335a4f78a6424772ea66a3de5e5d047bc07ffc7b3c0ec3 247c83abae76f7f869a1920b585d1f299300ecdda1e3ce03b4103859ab20c34a
SERVER_TRAFFIC_SECRET_0 6782c28180a5dac18f335a4f78a6424772ea66a3de5e5d047bc07ffc7b3c0ec3 fff7df0f83adbc9269f6e9b57a2974f4546fa202a5dd02d5dd5de7850153d117
CLIENT_TRAFFIC_SECRET_0 6782c28180a5dac18f335a4f78a6424772ea66a3de5e5d047bc07ffc7b3c0ec3 7c41e1cf82568cea9ecf9e736a25940f781efd81ef5b05866ce9415cc1236ca6
SERVER_HANDSHAKE_TRAFFIC_SECRET 6e1d14588700531f1d7928ab2d25de8207e2f98fd1e3cc5354c1fbc00f0f9aec 0a9ad7b6549ac92ef18107145d49a5b2099e6de59b1fa7e12eb077e169f6fa92
CLIENT_HANDSHAKE_TRAFFIC_SECRET 6e1d14588700531f1d7928ab2d25de8207e2f98fd1e3cc5354c1fbc00f0f9aec 38415a77109884c4b8b868902c0b39ff98db51f177da24722427f9241c3db145
SERVER_TRAFFIC_SECRET_0 6e1d14588700531f1d7928ab2d25de8207e2f98fd1e3cc5354c1fbc00f0f9aec e5a922f1bf6dc24d35faa821c55f95e6b4aa59ec76e275b714d0775b43528016
CLIENT_TRAFFIC_SECRET_0 6e1d14588700531f1d7928ab2d25de8207e2f98fd1e3cc5354c1fbc00f0f9aec 1c4a9d34035e9e8587e75d87d2dbc0426092dc31db548690292f8a2c6ee58cff
SERVER_HANDSHAKE_TRAFFIC_SECRET fb664da051e8aa69fb5cb97b368f4b2c275be288a256fa61294f308f216e31fd cc7f3da5cb94401b46a963603414adf8c7a3fbac0d0e97c8c089b737b794853d
CLIENT_HANDSHAKE_TRAFFIC_SECRET fb664da051e8aa69fb5cb97b368f4b2c275be288a256fa61294f308f216e31fd 479484ce21643cc140ec256daece72666008f890fd2e6e2d3f976a27e93b1e62
SERVER_TRAFFIC_SECRET_0 fb664da051e8aa69fb5cb97b368f4b2c275be288a256fa61294f308f216e31fd f59755eb6f9c4a1040aa15cf477fcfd61ffb13af2fd3e059b6785d5bd0187f71
CLIENT_TRAFFIC_SECRET_0 fb664da051e8aa69fb5cb97b368f4b2c275be288a256fa61294f308f216e31fd 6fa9ccda45401ae9412b0850c35163ee631bf38b92cbb16f71ef944d75114961
SERVER_HANDSHAKE_TRAFFIC_SECRET 0b59b736a20c8bb879827fa90a5d685436a86dab4c5a9f12a9cbfe01bc28aec3 783ca5a06aee59f6a811f7c77194d3a18bcfc9cbe9b5f9733c1ccef1e5aec5e3
CLIENT_HANDSHAKE_TRAFFIC_SECRET 0b59b736a20c8bb879827fa90a5d685436a86dab4c5a9f12a9cbfe01bc28aec3 8ef62dd4f5b0865c8b0fc7800605d06da54d50f3770c2434c94e5ad82adf27c6
SERVER_TRAFFIC_SECRET_0 0b59b736a20c8bb879827fa90a5d685436a86dab4c5a9f12a9cbfe01bc28aec3 06afcecb4da6027f96c2ae1f39f3d14c195a9e5f26af16cf0e303bdb3acb6282
CLIENT_TRAFFIC_SECRET_0 0b59b736a20c8bb879827fa90a5d685436a86dab4c5a9f12a9cbfe01bc28aec3 fdd8667ce82c9020d729f01239437f0de038297b63b040286c98c311a17c5587
SERVER_HANDSHAKE_TRAFFIC_SECRET b5b53c78ebdd6f5d036d4b9c2004e5a88357e1c7552389f7e4eed50248bb631f f6262d26aded0e74f36219a24a1a01762e524d14913bb0e10b64635330c33189
CLIENT_HANDSHAKE_TRAFFIC_SECRET b5b53c78ebdd6f5d036d4b9c2004e5a88357e1c7552389f7e4eed50248bb631f 1936c67603b60304f456790a6dc7b85b038f82e1e38a7bdef8137c02e4d5d52d
SERVER_TRAFFIC_SECRET_0 b5b53c78ebdd6f5d036d4b9c2004e5a88357e1c7552389f7e4eed50248bb631f 571b1a825349c24de873f0962444c9c32b3339890e193ac5db3becb9f6921fc7
CLIENT_TRAFFIC_SECRET_0 b5b53c78ebdd6f5d036d4b9c2004e5a88357e1c7552389f7e4eed50248bb631f dc8d8628ee0c4bc243f1919a39b36fc0d169521ce6779504ec2ee0a1beda70ac
SERVER_HANDSHAKE_TRAFFIC_SECRET cad3e0a6b34f38766d7cfa6ff1dee20117dabec8f481cbca43bb448047ebc80d 6410ff5788dfdda116e0af4d42dcbf20ff08b4d213132e5833bf61d0f3f85035
CLIENT_HANDSHAKE_TRAFFIC_SECRET cad3e0a6b34f38766d7cfa6ff1dee20117dabec8f481cbca43bb448047ebc80d 7ca1c6a2949d71ef2eb064e1f85975abd5c9e9fa7d1d39925194da1f22b88078
SERVER_TRAFFIC_SECRET_0 cad3e0a6b34f38766d7cfa6ff1dee20117dabec8f481cbca43bb448047ebc80d 7450bc5270db7bbb8b8394c572b23ecb388c8fc3a9def6f0be33eb97f13e3a75
CLIENT_TRAFFIC_SECRET_0 cad3e0a6b34f38766d7cfa6ff1dee20117dabec8f481cbca43bb448047ebc80d 54b7244199fe5ac6f2127aa9ba7c97be8df74505332154e5ae01c3009422102b
