SERVER_HANDSHAKE_TRAFFIC_SECRET 90075c8c04e357636644dc0d70540580d9824c5742a4717fe2c470eef2408c2f 5d5c94fd3431f9bc18f1b53a28c17ee613706585e53398600d929c610cc90e0f
CLIENT_HANDSHAKE_TRAFFIC_SECRET 90075c8c04e357636644dc0d70540580d9824c5742a4717fe2c470eef2408c2f b4c81d02850f7de0673e21035546b320943fb71b81bc5572542bff7fe4634355
SERVER_TRAFFIC_SECRET_0 90075c8c04e357636644dc0d70540580d9824c5742a4717fe2c470eef2408c2f 4b3144cc5a1b098f3ec57f870c92ee41c1964eddc3c64d4a50c19f25b34f334d
SERVER_HANDSHAKE_TRAFFIC_SECRET 90075c8c04e357636644dc0d70540580d9824c5742a4717fe2c470eef2408c2f 5d5c94fd3431f9bc18f1b53a28c17ee613706585e53398600d929c610cc90e0f
CLIENT_HANDSHAKE_TRAFFIC_SECRET 90075c8c04e357636644dc0d70540580d9824c5742a4717fe2c470eef2408c2f b4c81d02850f7de0673e21035546b320943fb71b81bc5572542bff7fe4634355
SERVER_TRAFFIC_SECRET_0 90075c8c04e357636644dc0d70540580d9824c5742a4717fe2c470eef2408c2f 4b3144cc5a1b098f3ec57f870c92ee41c1964eddc3c64d4a50c19f25b34f334d
CLIENT_TRAFFIC_SECRET_0 90075c8c04e357636644dc0d70540580d9824c5742a4717fe2c470eef2408c2f cb87ffa2120b5c01564ba2ad917a440c005bf729a066856529feb21842e326e1
CLIENT_TRAFFIC_SECRET_0 90075c8c04e357636644dc0d70540580d9824c5742a4717fe2c470eef2408c2f cb87ffa2120b5c01564ba2ad917a440c005bf729a066856529feb21842e326e1
SERVER_HANDSHAKE_TRAFFIC_SECRET 54c61d61c30e8a89ad507ff4720e9beb9681641e65803ddab5ab5e6503c2abf8 1098816883f2fe35c0b574c6a5993b5e7cb2a0e6aae9ccbc4ab1c37707f65f90
CLIENT_HANDSHAKE_TRAFFIC_SECRET 54c61d61c30e8a89ad507ff4720e9beb9681641e65803ddab5ab5e6503c2abf8 9bd93e2118a80ead7bf7dcd88f7ad6829f984f397893936a3058d21ef0b3fe65
SERVER_TRAFFIC_SECRET_0 54c61d61c30e8a89ad507ff4720e9beb9681641e65803ddab5ab5e6503c2abf8 6941a337f50dc3bc9a13dd036daa0f389d28f12dc71b503a843bf50bc286b9f9
SERVER_HANDSHAKE_TRAFFIC_SECRET 54c61d61c30e8a89ad507ff4720e9beb9681641e65803ddab5ab5e6503c2abf8 1098816883f2fe35c0b574c6a5993b5e7cb2a0e6aae9ccbc4ab1c37707f65f90
CLIENT_HANDSHAKE_TRAFFIC_SECRET 54c61d61c30e8a89ad507ff4720e9beb9681641e65803ddab5ab5e6503c2abf8 9bd93e2118a80ead7bf7dcd88f7ad6829f984f397893936a3058d21ef0b3fe65
SERVER_TRAFFIC_SECRET_0 54c61d61c30e8a89ad507ff4720e9beb9681641e65803ddab5ab5e6503c2abf8 6941a337f50dc3bc9a13dd036daa0f389d28f12dc71b503a843bf50bc286b9f9
CLIENT_TRAFFIC_SECRET_0 54c61d61c30e8a89ad507ff4720e9beb9681641e65803ddab5ab5e6503c2abf8 ea67d831343a436dbe4bca027968b3bf64dfac921b99a349e96496c865afd7e4
CLIENT_TRAFFIC_SECRET_0 54c61d61c30e8a89ad507ff4720e9beb9681641e65803ddab5ab5e6503c2abf8 ea67d831343a436dbe4bca027968b3bf64dfac921b99a349e96496c865afd7e4
SERVER_HANDSHAKE_TRAFFIC_SECRET d41385b3fcb8f46dbef767bab6227640e9ed197a8cfa3b075d96a0baa0943469 eb07f472eb5dcc09ed1a5aa736a128ea94459ee0035dcd03f66ea0272ac18de4
CLIENT_HANDSHAKE_TRAFFIC_SECRET d41385b3fcb8f46dbef767bab6227640e9ed197a8cfa3b075d96a0baa0943469 e9913b122d06a15704efa8d0a988a74bb220779f6a3afa9cf8142a6c6e80bde1
SERVER_TRAFFIC_SECRET_0 d41385b3fcb8f46dbef767bab6227640e9ed197a8cfa3b075d96a0baa0943469 cad821ddb1c702871e645e25e59e6eeaf95a153e5df95a85ec601625315fbdd5
SERVER_HANDSHAKE_TRAFFIC_SECRET d41385b3fcb8f46dbef767bab6227640e9ed197a8cfa3b075d96a0baa0943469 eb07f472eb5dcc09ed1a5aa736a128ea94459ee0035dcd03f66ea0272ac18de4
CLIENT_HANDSHAKE_TRAFFIC_SECRET d41385b3fcb8f46dbef767bab6227640e9ed197a8cfa3b075d96a0baa0943469 e9913b122d06a15704efa8d0a988a74bb220779f6a3afa9cf8142a6c6e80bde1
SERVER_TRAFFIC_SECRET_0 d41385b3fcb8f46dbef767bab6227640e9ed197a8cfa3b075d96a0baa0943469 cad821ddb1c702871e645e25e59e6eeaf95a153e5df95a85ec601625315fbdd5
CLIENT_TRAFFIC_SECRET_0 d41385b3fcb8f46dbef767bab6227640e9ed197a8cfa3b075d96a0baa0943469 b30a51470bf63b8e91a2614cc124b166de04738d02c5d65ba2699908e5e28334
CLIENT_TRAFFIC_SECRET_0 d41385b3fcb8f46dbef767bab6227640e9ed197a8cfa3b075d96a0baa0943469 b30a51470bf63b8e91a2614cc124b166de04738d02c5d65ba2699908e5e28334
SERVER_HANDSHAKE_TRAFFIC_SECRET e72a08d387b9d339800a689a78f33639c788300df71b0172b03663eebd017729 731c793dcbb14891ec4528e60d2b426263b79c279b594e3d60796ef26a8d92ec
CLIENT_HANDSHAKE_TRAFFIC_SECRET e72a08d387b9d339800a689a78f33639c788300df71b0172b03663eebd017729 2a239a0e35f3b7d82580433dea1c9d65d648137afe70ae55ff3624252b19c4e7
SERVER_TRAFFIC_SECRET_0 e72a08d387b9d339800a689a78f33639c788300df71b0172b03663eebd017729 0ec4b14503caf0e470c3edb6a428bbbe5f5da174c5ded383ca1c7796a369c0d7
SERVER_HANDSHAKE_TRAFFIC_SECRET e72a08d387b9d339800a689a78f33639c788300df71b0172b03663eebd017729 731c793dcbb14891ec4528e60d2b426263b79c279b594e3d60796ef26a8d92ec
CLIENT_HANDSHAKE_TRAFFIC_SECRET e72a08d387b9d339800a689a78f33639c788300df71b0172b03663eebd017729 2a239a0e35f3b7d82580433dea1c9d65d648137afe70ae55ff3624252b19c4e7
SERVER_TRAFFIC_SECRET_0 e72a08d387b9d339800a689a78f33639c788300df71b0172b03663eebd017729 0ec4b14503caf0e470c3edb6a428bbbe5f5da174c5ded383ca1c7796a369c0d7
CLIENT_TRAFFIC_SECRET_0 e72a08d387b9d339800a689a78f33639c788300df71b0172b03663eebd017729 8cd6dcce55741796153ddef5f5b93c5947ac89f96ed156ffa134a965c1910e4d
CLIENT_TRAFFIC_SECRET_0 e72a08d387b9d339800a689a78f33639c788300df71b0172b03663eebd017729 8cd6dcce55741796153ddef5f5b93c5947ac89f96ed156ffa134a965c1910e4d
SERVER_HANDSHAKE_TRAFFIC_SECRET 33df9e7b74b87b17d7e950f356c666f042326ef62c91e415fb97a5d210ec5b10 ee738e1e3da00e49396a0b7a895aa3d29c459c66d63d6e3608f681f8acf62d07
CLIENT_HANDSHAKE_TRAFFIC_SECRET 33df9e7b74b87b17d7e950f356c666f042326ef62c91e415fb97a5d210ec5b10 8af6d6e52a43dfc18cd8667e51d475e6d9aab6c9f1a4e984a991dc3613b667bb
SERVER_TRAFFIC_SECRET_0 33df9e7b74b87b17d7e950f356c666f042326ef62c91e415fb97a5d210ec5b10 05c1c0e88d293829a68a9770a3700b14b40e3deea2e0b8d975f6e25f1a359532
SERVER_HANDSHAKE_TRAFFIC_SECRET 33df9e7b74b87b17d7e950f356c666f042326ef62c91e415fb97a5d210ec5b10 ee738e1e3da00e49396a0b7a895aa3d29c459c66d63d6e3608f681f8acf62d07
CLIENT_HANDSHAKE_TRAFFIC_SECRET 33df9e7b74b87b17d7e950f356c666f042326ef62c91e415fb97a5d210ec5b10 8af6d6e52a43dfc18cd8667e51d475e6d9aab6c9f1a4e984a991dc3613b667bb
SERVER_TRAFFIC_SECRET_0 33df9e7b74b87b17d7e950f356c666f042326ef62c91e415fb97a5d210ec5b10 05c1c0e88d293829a68a9770a3700b14b40e3deea2e0b8d975f6e25f1a359532
CLIENT_TRAFFIC_SECRET_0 33df9e7b74b87b17d7e950f356c666f042326ef62c91e415fb97a5d210ec5b10 1c1e2eb7458d15a7e7ce4cd9a786457d3cf46042a7206dd510524d67f56f80e5
CLIENT_TRAFFIC_SECRET_0 33df9e7b74b87b17d7e950f356c666f042326ef62c91e415fb97a5d210ec5b10 1c1e2eb7458d15a7e7ce4cd9a786457d3cf46042a7206dd510524d67f56f80e5
SERVER_HANDSHAKE_TRAFFIC_SECRET 3845a4cc73aa5f24ccfc22ee36c89af848f7a3ce4fabc668eb5f0d9965e932bf c76fef57072465dc3e56d15a2b42f59dcc7b32869bf2f68184eb1c85a46accdf
CLIENT_HANDSHAKE_TRAFFIC_SECRET 3845a4cc73aa5f24ccfc22ee36c89af848f7a3ce4fabc668eb5f0d9965e932bf f6c65c32cc25182eedda45b1c7cb875d42ad2d8136d87767116922182b3c4951
SERVER_TRAFFIC_SECRET_0 3845a4cc73aa5f24ccfc22ee36c89af848f7a3ce4fabc668eb5f0d9965e932bf 22eab2c73a001439eab01c5c1dfe1c872627ff27c4ed59644afcfb4a7a3f8dd2
SERVER_HANDSHAKE_TRAFFIC_SECRET 3845a4cc73aa5f24ccfc22ee36c89af848f7a3ce4fabc668eb5f0d9965e932bf c76fef57072465dc3e56d15a2b42f59dcc7b32869bf2f68184eb1c85a46accdf
CLIENT_HANDSHAKE_TRAFFIC_SECRET 3845a4cc73aa5f24ccfc22ee36c89af848f7a3ce4fabc668eb5f0d9965e932bf f6c65c32cc25182eedda45b1c7cb875d42ad2d8136d87767116922182b3c4951
SERVER_TRAFFIC_SECRET_0 3845a4cc73aa5f24ccfc22ee36c89af848f7a3ce4fabc668eb5f0d9965e932bf 22eab2c73a001439eab01c5c1dfe1c872627ff27c4ed59644afcfb4a7a3f8dd2
CLIENT_TRAFFIC_SECRET_0 3845a4cc73aa5f24ccfc22ee36c89af848f7a3ce4fabc668eb5f0d9965e932bf 38171b8fa1321e35d894eb4b8bbdf7906c6e92e72a5bd32d665397cb51ddb054
CLIENT_TRAFFIC_SECRET_0 3845a4cc73aa5f24ccfc22ee36c89af848f7a3ce4fabc668eb5f0d9965e932bf 38171b8fa1321e35d894eb4b8bbdf7906c6e92e72a5bd32d665397cb51ddb054
SERVER_HANDSHAKE_TRAFFIC_SECRET b3c1aebb3a00bee2df7d1b65c45f97a6fa64c655f8d33c13b5a4e70871a95488 df25f7f63dc5b2f729adc6275c4e7ad05757a7ed5938f67e3b67f588fe77346f
CLIENT_HANDSHAKE_TRAFFIC_SECRET b3c1aebb3a00bee2df7d1b65c45f97a6fa64c655f8d33c13b5a4e70871a95488 0a132c66386f4325ba2f9b5dbe268dc4db8b39ac0f0078d882aa63bd82b67d44
SERVER_TRAFFIC_SECRET_0 b3c1aebb3a00bee2df7d1b65c45f97a6fa64c655f8d33c13b5a4e70871a95488 eac1be802bca44220fb6a13c394f673f46de01ed1454dff296794c5ce36c0a08
SERVER_HANDSHAKE_TRAFFIC_SECRET b3c1aebb3a00bee2df7d1b65c45f97a6fa64c655f8d33c13b5a4e70871a95488 df25f7f63dc5b2f729adc6275c4e7ad05757a7ed5938f67e3b67f588fe77346f
CLIENT_HANDSHAKE_TRAFFIC_SECRET b3c1aebb3a00bee2df7d1b65c45f97a6fa64c655f8d33c13b5a4e70871a95488 0a132c66386f4325ba2f9b5dbe268dc4db8b39ac0f0078d882aa63bd82b67d44
SERVER_TRAFFIC_SECRET_0 b3c1aebb3a00bee2df7d1b65c45f97a6fa64c655f8d33c13b5a4e70871a95488 eac1be802bca44220fb6a13c394f673f46de01ed1454dff296794c5ce36c0a08
CLIENT_TRAFFIC_SECRET_0 b3c1aebb3a00bee2df7d1b65c45f97a6fa64c655f8d33c13b5a4e70871a95488 7115fd616f94274d9eba0b6e30f6dd5cd2fb87a79e4f42d3630b371e44dcc5c0
CLIENT_TRAFFIC_SECRET_0 b3c1aebb3a00bee2df7d1b65c45f97a6fa64c655f8d33c13b5a4e70871a95488 7115fd616f94274d9eba0b6e30f6dd5cd2fb87a79e4f42d3630b371e44dcc5c0
SERVER_HANDSHAKE_TRAFFIC_SECRET a8bcca5c85f7ba5d5dfbc4c4467a5e73038a53d6707e2760864cd05eb10a7a9c 89548251a64e6678eff75310bd9ddc98477e2019cda47184bc95be7d281c79fd
CLIENT_HANDSHAKE_TRAFFIC_SECRET a8bcca5c85f7ba5d5dfbc4c4467a5e73038a53d6707e2760864cd05eb10a7a9c 784e4c8e58aa719a6e1dbbb8b5a39b0910bbb010c5ab6cd1343e07fd86dd5385
SERVER_TRAFFIC_SECRET_0 a8bcca5c85f7ba5d5dfbc4c4467a5e73038a53d6707e2760864cd05eb10a7a9c d62627c9c282bcee0a1eb46570160dbdd6f1d23be22a2e3bf1fe29438732d6f9
SERVER_HANDSHAKE_TRAFFIC_SECRET a8bcca5c85f7ba5d5dfbc4c4467a5e73038a53d6707e2760864cd05eb10a7a9c 89548251a64e6678eff75310bd9ddc98477e2019cda47184bc95be7d281c79fd
CLIENT_HANDSHAKE_TRAFFIC_SECRET a8bcca5c85f7ba5d5dfbc4c4467a5e73038a53d6707e2760864cd05eb10a7a9c 784e4c8e58aa719a6e1dbbb8b5a39b0910bbb010c5ab6cd1343e07fd86dd5385
SERVER_TRAFFIC_SECRET_0 a8bcca5c85f7ba5d5dfbc4c4467a5e73038a53d6707e2760864cd05eb10a7a9c d62627c9c282bcee0a1eb46570160dbdd6f1d23be22a2e3bf1fe29438732d6f9
CLIENT_TRAFFIC_SECRET_0 a8bcca5c85f7ba5d5dfbc4c4467a5e73038a53d6707e2760864cd05eb10a7a9c 4ddac64147e83a2d0ec0050437eb364bcb4e64870fe9dc70e0a47d4abf1858d1
CLIENT_TRAFFIC_SECRET_0 a8bcca5c85f7ba5d5dfbc4c4467a5e73038a53d6707e2760864cd05eb10a7a9c 4ddac64147e83a2d0ec0050437eb364bcb4e64870fe9dc70e0a47d4abf1858d1
SERVER_HANDSHAKE_TRAFFIC_SECRET 94696043dc05ca9b0b949f1c90972c966f1ec802328606f6dcfed357260144ad 97ca65208ea35e4b54489fa3bc07e8c915130ec107835ce12d6cc142c6f25300
CLIENT_HANDSHAKE_TRAFFIC_SECRET 94696043dc05ca9b0b949f1c90972c966f1ec802328606f6dcfed357260144ad cbbf928facba8b3ed7727ea1cad54095cb1a498d6ef046d3b37d83f966764c5e
SERVER_TRAFFIC_SECRET_0 94696043dc05ca9b0b949f1c90972c966f1ec802328606f6dcfed357260144ad b19976e7ba33bc45ffb0adaca4549973264226fd02d9d06bbc572abfda2376c3
SERVER_HANDSHAKE_TRAFFIC_SECRET 94696043dc05ca9b0b949f1c90972c966f1ec802328606f6dcfed357260144ad 97ca65208ea35e4b54489fa3bc07e8c915130ec107835ce12d6cc142c6f25300
CLIENT_HANDSHAKE_TRAFFIC_SECRET 94696043dc05ca9b0b949f1c90972c966f1ec802328606f6dcfed357260144ad cbbf928facba8b3ed7727ea1cad54095cb1a498d6ef046d3b37d83f966764c5e
SERVER_TRAFFIC_SECRET_0 94696043dc05ca9b0b949f1c90972c966f1ec802328606f6dcfed357260144ad b19976e7ba33bc45ffb0adaca4549973264226fd02d9d06bbc572abfda2376c3
CLIENT_TRAFFIC_SECRET_0 94696043dc05ca9b0b949f1c90972c966f1ec802328606f6dcfed357260144ad c5f6995ed862599165c504c1a2da5a13f6dac57d755b0f226053536db11bc536
CLIENT_TRAFFIC_SECRET_0 94696043dc05ca9b0b949f1c90972c966f1ec802328606f6dcfed357260144ad c5f6995ed862599165c504c1a2da5a13f6dac57d755b0f226053536db11bc536
SERVER_HANDSHAKE_TRAFFIC_SECRET f7f4f60954010827ea3f268b2054d4a83f31d0b562b2b5946e5c1f8465a81ac3 714b71bec07a64bfcc786f7ffa580bea56b5c3dc084b4be386f754e5b598a59f
CLIENT_HANDSHAKE_TRAFFIC_SECRET f7f4f60954010827ea3f268b2054d4a83f31d0b562b2b5946e5c1f8465a81ac3 92c3bb97cc247e5129fc6077cb5f04fe8304678382744c11af64c270d8d04bbe
SERVER_TRAFFIC_SECRET_0 f7f4f60954010827ea3f268b2054d4a83f31d0b562b2b5946e5c1f8465a81ac3 efe3990ae28c27d9c735dc5c2367e27a3d43ddca73565c0696311c627e537819
SERVER_HANDSHAKE_TRAFFIC_SECRET f7f4f60954010827ea3f268b2054d4a83f31d0b562b2b5946e5c1f8465a81ac3 714b71bec07a64bfcc786f7ffa580bea56b5c3dc084b4be386f754e5b598a59f
CLIENT_HANDSHAKE_TRAFFIC_SECRET f7f4f60954010827ea3f268b2054d4a83f31d0b562b2b5946e5c1f8465a81ac3 92c3bb97cc247e5129fc6077cb5f04fe8304678382744c11af64c270d8d04bbe
SERVER_TRAFFIC_SECRET_0 f7f4f60954010827ea3f268b2054d4a83f31d0b562b2b5946e5c1f8465a81ac3 efe3990ae28c27d9c735dc5c2367e27a3d43ddca73565c0696311c627e537819
CLIENT_TRAFFIC_SECRET_0 f7f4f60954010827ea3f268b2054d4a83f31d0b562b2b5946e5c1f8465a81ac3 01044979034b39224ac93e2e4e8dcaa33f524ea82a3af6216d29a9589dadeb22
CLIENT_TRAFFIC_SECRET_0 f7f4f60954010827ea3f268b2054d4a83f31d0b562b2b5946e5c1f8465a81ac3 01044979034b39224ac93e2e4e8dcaa33f524ea82a3af6216d29a9589dadeb22
SERVER_HANDSHAKE_TRAFFIC_SECRET e6a51458cd8fcaba6e5594102c60f0f46e3be6d2b64a4275f1febd5226bab337 b83e4750fcb4c7c90a45e27861b2258879bcf952e1cbdbc7ab73a30119dd941a
CLIENT_HANDSHAKE_TRAFFIC_SECRET e6a51458cd8fcaba6e5594102c60f0f46e3be6d2b64a4275f1febd5226bab337 06c5b1fee6a790686fdedef2abe08830372b153fbc5066c22e45ab90f3e7550c
SERVER_TRAFFIC_SECRET_0 e6a51458cd8fcaba6e5594102c60f0f46e3be6d2b64a4275f1febd5226bab337 512ec2f155fc92ce15938774e75eceff45d52704afc6aff874f1f92940c6991e
SERVER_HANDSHAKE_TRAFFIC_SECRET e6a51458cd8fcaba6e5594102c60f0f46e3be6d2b64a4275f1febd5226bab337 b83e4750fcb4c7c90a45e27861b2258879bcf952e1cbdbc7ab73a30119dd941a
CLIENT_HANDSHAKE_TRAFFIC_SECRET e6a51458cd8fcaba6e5594102c60f0f46e3be6d2b64a4275f1febd5226bab337 06c5b1fee6a790686fdedef2abe08830372b153fbc5066c22e45ab90f3e7550c
SERVER_TRAFFIC_SECRET_0 e6a51458cd8fcaba6e5594102c60f0f46e3be6d2b64a4275f1febd5226bab337 512ec2f155fc92ce15938774e75eceff45d52704afc6aff874f1f92940c6991e
CLIENT_TRAFFIC_SECRET_0 e6a51458cd8fcaba6e5594102c60f0f46e3be6d2b64a4275f1febd5226bab337 44a269f559c38c45a2849c04a8461701b04e70d0d5c5065b6f5ad67988bec7a3
CLIENT_TRAFFIC_SECRET_0 e6a51458cd8fcaba6e5594102c60f0f46e3be6d2b64a4275f1febd5226bab337 44a269f559c38c45a2849c04a8461701b04e70d0d5c5065b6f5ad67988bec7a3
SERVER_HANDSHAKE_TRAFFIC_SECRET a4f80e712ce9ecb3721863918c805932051bbc35275567ea8f60c830f3f9d00b 68a387eb2eecad8ad88e386d495409e34bfc424e7e9590e76f0fb32c9ba79441
CLIENT_HANDSHAKE_TRAFFIC_SECRET a4f80e712ce9ecb3721863918c805932051bbc35275567ea8f60c830f3f9d00b 660c285198dc10ffb438107b0f82c738289e69bf6dfa6b574c68876ab6d93560
SERVER_TRAFFIC_SECRET_0 a4f80e712ce9ecb3721863918c805932051bbc35275567ea8f60c830f3f9d00b fc6ea8393249a8f55de61e0b0fc8cf916de2c85dc63316e9e5ec20f07c95d85f
SERVER_HANDSHAKE_TRAFFIC_SECRET a4f80e712ce9ecb3721863918c805932051bbc35275567ea8f60c830f3f9d00b 68a387eb2eecad8ad88e386d495409e34bfc424e7e9590e76f0fb32c9ba79441
CLIENT_HANDSHAKE_TRAFFIC_SECRET a4f80e712ce9ecb3721863918c805932051bbc35275567ea8f60c830f3f9d00b 660c285198dc10ffb438107b0f82c738289e69bf6dfa6b574c68876ab6d93560
SERVER_TRAFFIC_SECRET_0 a4f80e712ce9ecb3721863918c805932051bbc35275567ea8f60c830f3f9d00b fc6ea8393249a8f55de61e0b0fc8cf916de2c85dc63316e9e5ec20f07c95d85f
CLIENT_TRAFFIC_SECRET_0 a4f80e712ce9ecb3721863918c805932051bbc35275567ea8f60c830f3f9d00b 1f5da4dbeba31b1e0e82cff3205a9218794b81bfdc5275a429b2f76e77d1e697
CLIENT_TRAFFIC_SECRET_0 a4f80e712ce9ecb3721863918c805932051bbc35275567ea8f60c830f3f9d00b 1f5da4dbeba31b1e0e82cff3205a9218794b81bfdc5275a429b2f76e77d1e697
SERVER_HANDSHAKE_TRAFFIC_SECRET 196d8b517c32ee0ab4ed925468318ae71a8638866fb7ffbba2a5502d24890530 ccf471d56e0116f55f82ef0c48972899aa8e64633f2a9e29415130402183ed78
CLIENT_HANDSHAKE_TRAFFIC_SECRET 196d8b517c32ee0ab4ed925468318ae71a8638866fb7ffbba2a5502d24890530 79a9199ae92e57bcc9f52f6fbbe581a7e281877ab5380cc8d76a1e09946fc7e8
SERVER_TRAFFIC_SECRET_0 196d8b517c32ee0ab4ed925468318ae71a8638866fb7ffbba2a5502d24890530 74be5c73cb43b92abf0a6fd952c534035fedf75cceb36f135ed29b6969738907
SERVER_HANDSHAKE_TRAFFIC_SECRET 196d8b517c32ee0ab4ed925468318ae71a8638866fb7ffbba2a5502d24890530 ccf471d56e0116f55f82ef0c48972899aa8e64633f2a9e29415130402183ed78
CLIENT_HANDSHAKE_TRAFFIC_SECRET 196d8b517c32ee0ab4ed925468318ae71a8638866fb7ffbba2a5502d24890530 79a9199ae92e57bcc9f52f6fbbe581a7e281877ab5380cc8d76a1e09946fc7e8
SERVER_TRAFFIC_SECRET_0 196d8b517c32ee0ab4ed925468318ae71a8638866fb7ffbba2a5502d24890530 74be5c73cb43b92abf0a6fd952c534035fedf75cceb36f135ed29b6969738907
CLIENT_TRAFFIC_SECRET_0 196d8b517c32ee0ab4ed925468318ae71a8638866fb7ffbba2a5502d24890530 3d6e84ebe27e6179dae8258272d260629763dab0bcc9971bf0f469e1b765e60b
CLIENT_TRAFFIC_SECRET_0 196d8b517c32ee0ab4ed925468318ae71a8638866fb7ffbba2a5502d24890530 3d6e84ebe27e6179dae8258272d260629763dab0bcc9971bf0f469e1b765e60b
SERVER_HANDSHAKE_TRAFFIC_SECRET 60c1a9b8c29c732d52099fb7672e516500c01f7bd10d8cd31c77b13b279c1ce8 e543a7695af9e1849e50a6690a2eff6839dd48ef9c8ed3b65bf67b72930026c0
CLIENT_HANDSHAKE_TRAFFIC_SECRET 60c1a9b8c29c732d52099fb7672e516500c01f7bd10d8cd31c77b13b279c1ce8 52470351e1a53d0502354da0d6d7eb9e14ce03663723a33b56dff114968cef63
SERVER_TRAFFIC_SECRET_0 60c1a9b8c29c732d52099fb7672e516500c01f7bd10d8cd31c77b13b279c1ce8 0643f9c716ae0b1cf31214baa4ab0244c0b2f752c491c51229946b27d3a23e81
SERVER_HANDSHAKE_TRAFFIC_SECRET 60c1a9b8c29c732d52099fb7672e516500c01f7bd10d8cd31c77b13b279c1ce8 e543a7695af9e1849e50a6690a2eff6839dd48ef9c8ed3b65bf67b72930026c0
CLIENT_HANDSHAKE_TRAFFIC_SECRET 60c1a9b8c29c732d52099fb7672e516500c01f7bd10d8cd31c77b13b279c1ce8 52470351e1a53d0502354da0d6d7eb9e14ce03663723a33b56dff114968cef63
SERVER_TRAFFIC_SECRET_0 60c1a9b8c29c732d52099fb7672e516500c01f7bd10d8cd31c77b13b279c1ce8 0643f9c716ae0b1cf31214baa4ab0244c0b2f752c491c51229946b27d3a23e81
CLIENT_TRAFFIC_SECRET_0 60c1a9b8c29c732d52099fb7672e516500c01f7bd10d8cd31c77b13b279c1ce8 2a30a31e9e204b388833c535d7a8878e0ea612ac4b4d3d75311b9c118ca54e9a
CLIENT_TRAFFIC_SECRET_0 60c1a9b8c29c732d52099fb7672e516500c01f7bd10d8cd31c77b13b279c1ce8 2a30a31e9e204b388833c535d7a8878e0ea612ac4b4d3d75311b9c118ca54e9a
SERVER_HANDSHAKE_TRAFFIC_SECRET dba4a10671b8bce94466f1bffdbaae3b76e4eb100fef94351b5a3cc34d0d21f9 3e608b3a4018de6c07a0364a1ea8e3ce0bfc5128b74df75f0f9b09669b6079e1
CLIENT_HANDSHAKE_TRAFFIC_SECRET dba4a10671b8bce94466f1bffdbaae3b76e4eb100fef94351b5a3cc34d0d21f9 cdf0e46037e2117e1505e627936c0d4f1b00cc50e7b6de2dd4186d262197b258
SERVER_TRAFFIC_SECRET_0 dba4a10671b8bce94466f1bffdbaae3b76e4eb100fef94351b5a3cc34d0d21f9 75ea10cb83e319bbd13ba2b594e9f2616b0628a1ed7eb2f7862858e1d2a25841
SERVER_HANDSHAKE_TRAFFIC_SECRET dba4a10671b8bce94466f1bffdbaae3b76e4eb100fef94351b5a3cc34d0d21f9 3e608b3a4018de6c07a0364a1ea8e3ce0bfc5128b74df75f0f9b09669b6079e1
CLIENT_HANDSHAKE_TRAFFIC_SECRET dba4a10671b8bce94466f1bffdbaae3b76e4eb100fef94351b5a3cc34d0d21f9 cdf0e46037e2117e1505e627936c0d4f1b00cc50e7b6de2dd4186d262197b258
SERVER_TRAFFIC_SECRET_0 dba4a10671b8bce94466f1bffdbaae3b76e4eb100fef94351b5a3cc34d0d21f9 75ea10cb83e319bbd13ba2b594e9f2616b0628a1ed7eb2f7862858e1d2a25841
CLIENT_TRAFFIC_SECRET_0 dba4a10671b8bce94466f1bffdbaae3b76e4eb100fef94351b5a3cc34d0d21f9 894147bd1fbaf7c5ca1970006cf95076940b8ce77cb7f3256e9491507f2dc762
CLIENT_TRAFFIC_SECRET_0 dba4a10671b8bce94466f1bffdbaae3b76e4eb100fef94351b5a3cc34d0d21f9 894147bd1fbaf7c5ca1970006cf95076940b8ce77cb7f3256e9491507f2dc762
SERVER_HANDSHAKE_TRAFFIC_SECRET f9aab34f055c65b0eeea9bc0f44c6da34edde060b789ba51dc6a2c85ccf38ed7 3e564eefd856cfbe1672acd091375ab043b010082b6a5391b2a27a8f25dbeb9f
CLIENT_HANDSHAKE_TRAFFIC_SECRET f9aab34f055c65b0eeea9bc0f44c6da34edde060b789ba51dc6a2c85ccf38ed7 4c8e3d389d93de18e73a74070a65d75d7a6f9220a60587d850d8c2fe61680757
SERVER_TRAFFIC_SECRET_0 f9aab34f055c65b0eeea9bc0f44c6da34edde060b789ba51dc6a2c85ccf38ed7 a2455f60a8a1945dbc50ab2c32bfa10af952ac5663cc4caa650a631b6f9ddf30
SERVER_HANDSHAKE_TRAFFIC_SECRET f9aab34f055c65b0eeea9bc0f44c6da34edde060b789ba51dc6a2c85ccf38ed7 3e564eefd856cfbe1672acd091375ab043b010082b6a5391b2a27a8f25dbeb9f
CLIENT_HANDSHAKE_TRAFFIC_SECRET f9aab34f055c65b0eeea9bc0f44c6da34edde060b789ba51dc6a2c85ccf38ed7 4c8e3d389d93de18e73a74070a65d75d7a6f9220a60587d850d8c2fe61680757
SERVER_TRAFFIC_SECRET_0 f9aab34f055c65b0eeea9bc0f44c6da34edde060b789ba51dc6a2c85ccf38ed7 a2455f60a8a1945dbc50ab2c32bfa10af952ac5663cc4caa650a631b6f9ddf30
CLIENT_TRAFFIC_SECRET_0 f9aab34f055c65b0eeea9bc0f44c6da34edde060b789ba51dc6a2c85ccf38ed7 dd6b85d3cb8073cdc2795136fab49cb4914c3f6be0d8980b20549f257dc538b6
CLIENT_TRAFFIC_SECRET_0 f9aab34f055c65b0eeea9bc0f44c6da34edde060b789ba51dc6a2c85ccf38ed7 dd6b85d3cb8073cdc2795136fab49cb4914c3f6be0d8980b20549f257dc538b6
SERVER_HANDSHAKE_TRAFFIC_SECRET e6294444317dc697e8676761f8f650a6109996db3c0d2ffa6108cbeecc35a0ca f14d9affa550d4a9a396a48f528068e714cd05d9ec0b4ed3e54bb9591e8afdcd
CLIENT_HANDSHAKE_TRAFFIC_SECRET e6294444317dc697e8676761f8f650a6109996db3c0d2ffa6108cbeecc35a0ca 69655943f2b8c6c7e1051ba7d7bbb50cc9a0a01164c6850d3e992ea7db1fb6c2
SERVER_TRAFFIC_SECRET_0 e6294444317dc697e8676761f8f650a6109996db3c0d2ffa6108cbeecc35a0ca 0d89d8f548baa6c146977b64ab34fc7bcbf5e28ffaabbb486f36985d311ee590
SERVER_HANDSHAKE_TRAFFIC_SECRET e6294444317dc697e8676761f8f650a6109996db3c0d2ffa6108cbeecc35a0ca f14d9affa550d4a9a396a48f528068e714cd05d9ec0b4ed3e54bb9591e8afdcd
CLIENT_HANDSHAKE_TRAFFIC_SECRET e6294444317dc697e8676761f8f650a6109996db3c0d2ffa6108cbeecc35a0ca 69655943f2b8c6c7e1051ba7d7bbb50cc9a0a01164c6850d3e992ea7db1fb6c2
SERVER_TRAFFIC_SECRET_0 e6294444317dc697e8676761f8f650a6109996db3c0d2ffa6108cbeecc35a0ca 0d89d8f548baa6c146977b64ab34fc7bcbf5e28ffaabbb486f36985d311ee590
CLIENT_TRAFFIC_SECRET_0 e6294444317dc697e8676761f8f650a6109996db3c0d2ffa6108cbeecc35a0ca 8321e6a42b3c07f6be7cef4681e883dcfe231df79a4e5be857f54382d9ea035a
CLIENT_TRAFFIC_SECRET_0 e6294444317dc697e8676761f8f650a6109996db3c0d2ffa6108cbeecc35a0ca 8321e6a42b3c07f6be7cef4681e883dcfe231df79a4e5be857f54382d9ea035a
SERVER_HANDSHAKE_TRAFFIC_SECRET c6dda31d990cd3fcca793e1ec2c899c25d940027885c8ad771016ded333fa31e c2d176ccc4f9e7de4e4c5ca1a66322fe838e455b4e1d3c68a49190625720f107
CLIENT_HANDSHAKE_TRAFFIC_SECRET c6dda31d990cd3fcca793e1ec2c899c25d940027885c8ad771016ded333fa31e 78de3c865690daff0e6534c96674299232e0063fbbf125236cba49ce8fd0cebc
SERVER_TRAFFIC_SECRET_0 c6dda31d990cd3fcca793e1ec2c899c25d940027885c8ad771016ded333fa31e 582134a367790fb9febfeb3a5a629f96c430b017b9e194004fedf3d77e8b0eb3
SERVER_HANDSHAKE_TRAFFIC_SECRET c6dda31d990cd3fcca793e1ec2c899c25d940027885c8ad771016ded333fa31e c2d176ccc4f9e7de4e4c5ca1a66322fe838e455b4e1d3c68a49190625720f107
CLIENT_HANDSHAKE_TRAFFIC_SECRET c6dda31d990cd3fcca793e1ec2c899c25d940027885c8ad771016ded333fa31e 78de3c865690daff0e6534c96674299232e0063fbbf125236cba49ce8fd0cebc
SERVER_TRAFFIC_SECRET_0 c6dda31d990cd3fcca793e1ec2c899c25d940027885c8ad771016ded333fa31e 582134a367790fb9febfeb3a5a629f96c430b017b9e194004fedf3d77e8b0eb3
CLIENT_TRAFFIC_SECRET_0 c6dda31d990cd3fcca793e1ec2c899c25d940027885c8ad771016ded333fa31e dccbdec53b5c1bcf36e5b506f33e1816d1b397ebd4dba202e6459fd2706caf86
CLIENT_TRAFFIC_SECRET_0 c6dda31d990cd3fcca793e1ec2c899c25d940027885c8ad771016ded333fa31e dccbdec53b5c1bcf36e5b506f33e1816d1b397ebd4dba202e6459fd2706caf86
SERVER_HANDSHAKE_TRAFFIC_SECRET b504a202c9202a8630ca9d4b69774ac652629ecd9e388f040c2fae430cfcc0b0 211fb27f0a27056ac7e96c12d1ad0140ca9ddf15a8da035f43736c59da10d9f7
CLIENT_HANDSHAKE_TRAFFIC_SECRET b504a202c9202a8630ca9d4b69774ac652629ecd9e388f040c2fae430cfcc0b0 72d8952617a7fb206765b22426e1ed05b7dbe3ae00ace6bcd071d8f017f5abe6
SERVER_TRAFFIC_SECRET_0 b504a202c9202a8630ca9d4b69774ac652629ecd9e388f040c2fae430cfcc0b0 03b2b17c21fd99e035b28ab5db586e95cac9315a0768267d1751fb1ba4052992
SERVER_HANDSHAKE_TRAFFIC_SECRET b504a202c9202a8630ca9d4b69774ac652629ecd9e388f040c2fae430cfcc0b0 211fb27f0a27056ac7e96c12d1ad0140ca9ddf15a8da035f43736c59da10d9f7
CLIENT_HANDSHAKE_TRAFFIC_SECRET b504a202c9202a8630ca9d4b69774ac652629ecd9e388f040c2fae430cfcc0b0 72d8952617a7fb206765b22426e1ed05b7dbe3ae00ace6bcd071d8f017f5abe6
SERVER_TRAFFIC_SECRET_0 b504a202c9202a8630ca9d4b69774ac652629ecd9e388f040c2fae430cfcc0b0 03b2b17c21fd99e035b28ab5db586e95cac9315a0768267d1751fb1ba4052992
CLIENT_TRAFFIC_SECRET_0 b504a202c9202a8630ca9d4b69774ac652629ecd9e388f040c2fae430cfcc0b0 2ad2e51209d512359335aa03c63d6ea3e0baf345b9de3cccc050b5c897ea65e2
CLIENT_TRAFFIC_SECRET_0 b504a202c9202a8630ca9d4b69774ac652629ecd9e388f040c2fae430cfcc0b0 2ad2e51209d512359335aa03c63d6ea3e0baf345b9de3cccc050b5c897ea65e2
SERVER_HANDSHAKE_TRAFFIC_SECRET df865c162b00e83ddd99361e6932f71765ae7d87c07d048c4bc96649ca6e36b2 16a0e244985465be2529d2acd0fde3fc2aa0b15710c24144e2066f75aa3ab265
CLIENT_HANDSHAKE_TRAFFIC_SECRET df865c162b00e83ddd99361e6932f71765ae7d87c07d048c4bc96649ca6e36b2 53c2176e942183d3243684e65aaf3209ebaa985a333c2f7778bcf37ba720bdc0
SERVER_TRAFFIC_SECRET_0 df865c162b00e83ddd99361e6932f71765ae7d87c07d048c4bc96649ca6e36b2 8e097164512c5a88e432d561755c946c49f99926c7766dc18aed314b0ba67b2d
SERVER_HANDSHAKE_TRAFFIC_SECRET df865c162b00e83ddd99361e6932f71765ae7d87c07d048c4bc96649ca6e36b2 16a0e244985465be2529d2acd0fde3fc2aa0b15710c24144e2066f75aa3ab265
CLIENT_HANDSHAKE_TRAFFIC_SECRET df865c162b00e83ddd99361e6932f71765ae7d87c07d048c4bc96649ca6e36b2 53c2176e942183d3243684e65aaf3209ebaa985a333c2f7778bcf37ba720bdc0
SERVER_TRAFFIC_SECRET_0 df865c162b00e83ddd99361e6932f71765ae7d87c07d048c4bc96649ca6e36b2 8e097164512c5a88e432d561755c946c49f99926c7766dc18aed314b0ba67b2d
CLIENT_TRAFFIC_SECRET_0 df865c162b00e83ddd99361e6932f71765ae7d87c07d048c4bc96649ca6e36b2 c593177f20954449d30daa29581ff0e088703848f75a2ca6091c6c754dc5078d
CLIENT_TRAFFIC_SECRET_0 df865c162b00e83ddd99361e6932f71765ae7d87c07d048c4bc96649ca6e36b2 c593177f20954449d30daa29581ff0e088703848f75a2ca6091c6c754dc5078d
SERVER_HANDSHAKE_TRAFFIC_SECRET e5dcf78d836a2572fc3154800213dbea61d1e2d6619e301bf92db94ad12ca47a 978ec37128199da3f63bf3fed4ff68084d4344bfe6025a63752b435f179cab3b
CLIENT_HANDSHAKE_TRAFFIC_SECRET e5dcf78d836a2572fc3154800213dbea61d1e2d6619e301bf92db94ad12ca47a 1473e671ea509df32ad746521a40bf662a92dedb9c3154361b6021b0527dc869
SERVER_TRAFFIC_SECRET_0 e5dcf78d836a2572fc3154800213dbea61d1e2d6619e301bf92db94ad12ca47a 45e02d20a26ac5760a7a66c96bf6c68bd8a238f16908a0d916112504b7dd68b3
SERVER_HANDSHAKE_TRAFFIC_SECRET e5dcf78d836a2572fc3154800213dbea61d1e2d6619e301bf92db94ad12ca47a 978ec37128199da3f63bf3fed4ff68084d4344bfe6025a63752b435f179cab3b
CLIENT_HANDSHAKE_TRAFFIC_SECRET e5dcf78d836a2572fc3154800213dbea61d1e2d6619e301bf92db94ad12ca47a 1473e671ea509df32ad746521a40bf662a92dedb9c3154361b6021b0527dc869
SERVER_TRAFFIC_SECRET_0 e5dcf78d836a2572fc3154800213dbea61d1e2d6619e301bf92db94ad12ca47a 45e02d20a26ac5760a7a66c96bf6c68bd8a238f16908a0d916112504b7dd68b3
CLIENT_TRAFFIC_SECRET_0 e5dcf78d836a2572fc3154800213dbea61d1e2d6619e301bf92db94ad12ca47a 843d753ac1834c130b0be96273566c183e285da834c43ab9f14a7c1d7e34a021
CLIENT_TRAFFIC_SECRET_0 e5dcf78d836a2572fc3154800213dbea61d1e2d6619e301bf92db94ad12ca47a 843d753ac1834c130b0be96273566c183e285da834c43ab9f14a7c1d7e34a021
SERVER_HANDSHAKE_TRAFFIC_SECRET e0bd18bdd71eaba55977ebd18426a18134b35ea6b20b9c951e6065934c19b72b 471bccf19cea70eb16271cf1675619d66d2c0ce705551c3ba447579fac7538dd
CLIENT_HANDSHAKE_TRAFFIC_SECRET e0bd18bdd71eaba55977ebd18426a18134b35ea6b20b9c951e6065934c19b72b a260bf3b082d24c982927c80a50b0d1f8cf64297d4ae1f322827dc86526d1069
SERVER_TRAFFIC_SECRET_0 e0bd18bdd71eaba55977ebd18426a18134b35ea6b20b9c951e6065934c19b72b d97280f414ae9f314d2b0c33d05f787df6aead09bfe70fb978cd6070bfd98b4b
SERVER_HANDSHAKE_TRAFFIC_SECRET e0bd18bdd71eaba55977ebd18426a18134b35ea6b20b9c951e6065934c19b72b 471bccf19cea70eb16271cf1675619d66d2c0ce705551c3ba447579fac7538dd
CLIENT_HANDSHAKE_TRAFFIC_SECRET e0bd18bdd71eaba55977ebd18426a18134b35ea6b20b9c951e6065934c19b72b a260bf3b082d24c982927c80a50b0d1f8cf64297d4ae1f322827dc86526d1069
SERVER_TRAFFIC_SECRET_0 e0bd18bdd71eaba55977ebd18426a18134b35ea6b20b9c951e6065934c19b72b d97280f414ae9f314d2b0c33d05f787df6aead09bfe70fb978cd6070bfd98b4b
CLIENT_TRAFFIC_SECRET_0 e0bd18bdd71eaba55977ebd18426a18134b35ea6b20b9c951e6065934c19b72b 227fed8907ff811d286cf8475a5cabfd28792e8e7152cb40488224fa32d8191a
CLIENT_TRAFFIC_SECRET_0 e0bd18bdd71eaba55977ebd18426a18134b35ea6b20b9c951e6065934c19b72b 227fed8907ff811d286cf8475a5cabfd28792e8e7152cb40488224fa32d8191a
SERVER_HANDSHAKE_TRAFFIC_SECRET 01383b5f90aff738e21de8be04f2b2b4969f5c63d3f66f0df55876ec076b3c8a 78b53d8ad9c41f740ef2fdc8883a37f006937c80457131ed45329722d0cdb4ba
CLIENT_HANDSHAKE_TRAFFIC_SECRET 01383b5f90aff738e21de8be04f2b2b4969f5c63d3f66f0df55876ec076b3c8a 6623e9bb4a6337e47527e8940efe74cef3e7ce1ce97fb8b2c5b82e3da72fb32d
SERVER_TRAFFIC_SECRET_0 01383b5f90aff738e21de8be04f2b2b4969f5c63d3f66f0df55876ec076b3c8a 755817cedfa3266e447ea5b6f7e20ec55e685074e515518c15dcbc12c6d5c2f2
SERVER_HANDSHAKE_TRAFFIC_SECRET 01383b5f90aff738e21de8be04f2b2b4969f5c63d3f66f0df55876ec076b3c8a 78b53d8ad9c41f740ef2fdc8883a37f006937c80457131ed45329722d0cdb4ba
CLIENT_HANDSHAKE_TRAFFIC_SECRET 01383b5f90aff738e21de8be04f2b2b4969f5c63d3f66f0df55876ec076b3c8a 6623e9bb4a6337e47527e8940efe74cef3e7ce1ce97fb8b2c5b82e3da72fb32d
SERVER_TRAFFIC_SECRET_0 01383b5f90aff738e21de8be04f2b2b4969f5c63d3f66f0df55876ec076b3c8a 755817cedfa3266e447ea5b6f7e20ec55e685074e515518c15dcbc12c6d5c2f2
CLIENT_TRAFFIC_SECRET_0 01383b5f90aff738e21de8be04f2b2b4969f5c63d3f66f0df55876ec076b3c8a 52adb96407880bf4d67346816fcf4ffeddeb4a2a4a7fe0850655dcd6e6c667c8
CLIENT_TRAFFIC_SECRET_0 01383b5f90aff738e21de8be04f2b2b4969f5c63d3f66f0df55876ec076b3c8a 52adb96407880bf4d67346816fcf4ffeddeb4a2a4a7fe0850655dcd6e6c667c8
SERVER_HANDSHAKE_TRAFFIC_SECRET aa43e9b430189e75b00956b0d9b87d8c9b055a2e6c1449f3d073343bb8feebcf b544d7aa16e3a7564659ff85f22f0936f86666ebd8ec5e9776ace82168ce9dc9
CLIENT_HANDSHAKE_TRAFFIC_SECRET aa43e9b430189e75b00956b0d9b87d8c9b055a2e6c1449f3d073343bb8feebcf 3c6e0bf9223e4b1c54210bfa969515bef15dc2ef129592a7506182110c122065
SERVER_TRAFFIC_SECRET_0 aa43e9b430189e75b00956b0d9b87d8c9b055a2e6c1449f3d073343bb8feebcf 8e450fc7d71ef3b7db6588d169c1a75682775bdcbf9321e1049cc694bc001a8e
SERVER_HANDSHAKE_TRAFFIC_SECRET aa43e9b430189e75b00956b0d9b87d8c9b055a2e6c1449f3d073343bb8feebcf b544d7aa16e3a7564659ff85f22f0936f86666ebd8ec5e9776ace82168ce9dc9
CLIENT_HANDSHAKE_TRAFFIC_SECRET aa43e9b430189e75b00956b0d9b87d8c9b055a2e6c1449f3d073343bb8feebcf 3c6e0bf9223e4b1c54210bfa969515bef15dc2ef129592a7506182110c122065
SERVER_TRAFFIC_SECRET_0 aa43e9b430189e75b00956b0d9b87d8c9b055a2e6c1449f3d073343bb8feebcf 8e450fc7d71ef3b7db6588d169c1a75682775bdcbf9321e1049cc694bc001a8e
CLIENT_TRAFFIC_SECRET_0 aa43e9b430189e75b00956b0d9b87d8c9b055a2e6c1449f3d073343bb8feebcf 30bdd4b85a7c73847ec011e3e76ba64745855fe995800b0e9572570d57ba8dcd
CLIENT_TRAFFIC_SECRET_0 aa43e9b430189e75b00956b0d9b87d8c9b055a2e6c1449f3d073343bb8feebcf 30bdd4b85a7c73847ec011e3e76ba64745855fe995800b0e9572570d57ba8dcd
SERVER_HANDSHAKE_TRAFFIC_SECRET 7e43731354b9bab7ebbd279906f8b5e4397453988994c668dc78550e88cb2d30 52ec50fb8ded11013d0b6fde33bad70b1eca9b943ee06573c4bd4238411eb903
CLIENT_HANDSHAKE_TRAFFIC_SECRET 7e43731354b9bab7ebbd279906f8b5e4397453988994c668dc78550e88cb2d30 1ab0286ddedc6aba357284d6acdf32943bc38957d8a2b4463c84ac902226cb32
SERVER_TRAFFIC_SECRET_0 7e43731354b9bab7ebbd279906f8b5e4397453988994c668dc78550e88cb2d30 ac85dc94142f078756dbcb8ee9d61d51e4b676475121fa8be97ec34868144c28
SERVER_HANDSHAKE_TRAFFIC_SECRET 7e43731354b9bab7ebbd279906f8b5e4397453988994c668dc78550e88cb2d30 52ec50fb8ded11013d0b6fde33bad70b1eca9b943ee06573c4bd4238411eb903
CLIENT_HANDSHAKE_TRAFFIC_SECRET 7e43731354b9bab7ebbd279906f8b5e4397453988994c668dc78550e88cb2d30 1ab0286ddedc6aba357284d6acdf32943bc38957d8a2b4463c84ac902226cb32
SERVER_TRAFFIC_SECRET_0 7e43731354b9bab7ebbd279906f8b5e4397453988994c668dc78550e88cb2d30 ac85dc94142f078756dbcb8ee9d61d51e4b676475121fa8be97ec34868144c28
CLIENT_TRAFFIC_SECRET_0 7e43731354b9bab7ebbd279906f8b5e4397453988994c668dc78550e88cb2d30 311ea5806f162e92ed665a7f86764c1bdf7b934c0a2836bffa65e2b78ebc6582
CLIENT_TRAFFIC_SECRET_0 7e43731354b9bab7ebbd279906f8b5e4397453988994c668dc78550e88cb2d30 311ea5806f162e92ed665a7f86764c1bdf7b934c0a2836bffa65e2b78ebc6582
SERVER_HANDSHAKE_TRAFFIC_SECRET 1c39efe8b3b2c04ac2d925378d081f4c01da5aec41d7bdbe662fa3f82cc340a9 10b7ae89e39b2ea0e6261d96cc858034b7d4c5c32b237ffc72fbaea9ca3eb332
CLIENT_HANDSHAKE_TRAFFIC_SECRET 1c39efe8b3b2c04ac2d925378d081f4c01da5aec41d7bdbe662fa3f82cc340a9 0ebe72243e5f043579eadf2f3a1eb92ce335e840e248eff79b0695740906e866
SERVER_TRAFFIC_SECRET_0 1c39efe8b3b2c04ac2d925378d081f4c01da5aec41d7bdbe662fa3f82cc340a9 7e663af917ac7cbb91e43cf5dced45871198240d664d7f2ccdcf6ef7d3d487b0
SERVER_HANDSHAKE_TRAFFIC_SECRET 1c39efe8b3b2c04ac2d925378d081f4c01da5aec41d7bdbe662fa3f82cc340a9 10b7ae89e39b2ea0e6261d96cc858034b7d4c5c32b237ffc72fbaea9ca3eb332
CLIENT_HANDSHAKE_TRAFFIC_SECRET 1c39efe8b3b2c04ac2d925378d081f4c01da5aec41d7bdbe662fa3f82cc340a9 0ebe72243e5f043579eadf2f3a1eb92ce335e840e248eff79b0695740906e866
SERVER_TRAFFIC_SECRET_0 1c39efe8b3b2c04ac2d925378d081f4c01da5aec41d7bdbe662fa3f82cc340a9 7e663af917ac7cbb91e43cf5dced45871198240d664d7f2ccdcf6ef7d3d487b0
CLIENT_TRAFFIC_SECRET_0 1c39efe8b3b2c04ac2d925378d081f4c01da5aec41d7bdbe662fa3f82cc340a9 983fdcd839de7e8052d2ea4129edc5179ca5c7e434700b27f78bcbf19e3396ae
CLIENT_TRAFFIC_SECRET_0 1c39efe8b3b2c04ac2d925378d081f4c01da5aec41d7bdbe662fa3f82cc340a9 983fdcd839de7e8052d2ea4129edc5179ca5c7e434700b27f78bcbf19e3396ae
SERVER_HANDSHAKE_TRAFFIC_SECRET 56c895f6113091caa1a9bba524eb134e6ab197cbcf3c5e051da7573663719691 d6fe8e6781038f8a803ba85c3e8dc63f9d541b0faf17f80fad1f3ced94e28886
CLIENT_HANDSHAKE_TRAFFIC_SECRET 56c895f6113091caa1a9bba524eb134e6ab197cbcf3c5e051da7573663719691 b20eac0ffbf0310b3e959b867f267b2e296ef573df2fce20856ffffe97ebd119
SERVER_TRAFFIC_SECRET_0 56c895f6113091caa1a9bba524eb134e6ab197cbcf3c5e051da7573663719691 098755b62586900be975c0b3d58ba74d2302895385a2dd571dc3a53a3e273f35
SERVER_HANDSHAKE_TRAFFIC_SECRET 56c895f6113091caa1a9bba524eb134e6ab197cbcf3c5e051da7573663719691 d6fe8e6781038f8a803ba85c3e8dc63f9d541b0faf17f80fad1f3ced94e28886
CLIENT_HANDSHAKE_TRAFFIC_SECRET 56c895f6113091caa1a9bba524eb134e6ab197cbcf3c5e051da7573663719691 b20eac0ffbf0310b3e959b867f267b2e296ef573df2fce20856ffffe97ebd119
SERVER_TRAFFIC_SECRET_0 56c895f6113091caa1a9bba524eb134e6ab197cbcf3c5e051da7573663719691 098755b62586900be975c0b3d58ba74d2302895385a2dd571dc3a53a3e273f35
CLIENT_TRAFFIC_SECRET_0 56c895f6113091caa1a9bba524eb134e6ab197cbcf3c5e051da7573663719691 3829d3758dae44e28faa0ef634037fac6b5dc632a31783e338b1234e900c1d2c
CLIENT_TRAFFIC_SECRET_0 56c895f6113091caa1a9bba524eb134e6ab197cbcf3c5e051da7573663719691 3829d3758dae44e28faa0ef634037fac6b5dc632a31783e338b1234e900c1d2c
SERVER_HANDSHAKE_TRAFFIC_SECRET 06b585c019889ffcaad0c00746d4a534a9fad4bb5a1be865bb427a40354b8365 b2b75537238fafa74d95878195034072566465bd9c2bd23ba31f9737609ed0df
CLIENT_HANDSHAKE_TRAFFIC_SECRET 06b585c019889ffcaad0c00746d4a534a9fad4bb5a1be865bb427a40354b8365 e4e839604c1b147b35608d51f630b9968054524b09e05642a2254cc4e804fd61
SERVER_TRAFFIC_SECRET_0 06b585c019889ffcaad0c00746d4a534a9fad4bb5a1be865bb427a40354b8365 fbd2e680202b48a30aed9db8dcde12bb77c2e623bb52a114e27b549df1ca70cb
SERVER_HANDSHAKE_TRAFFIC_SECRET 06b585c019889ffcaad0c00746d4a534a9fad4bb5a1be865bb427a40354b8365 b2b75537238fafa74d95878195034072566465bd9c2bd23ba31f9737609ed0df
CLIENT_HANDSHAKE_TRAFFIC_SECRET 06b585c019889ffcaad0c00746d4a534a9fad4bb5a1be865bb427a40354b8365 e4e839604c1b147b35608d51f630b9968054524b09e05642a2254cc4e804fd61
SERVER_TRAFFIC_SECRET_0 06b585c019889ffcaad0c00746d4a534a9fad4bb5a1be865bb427a40354b8365 fbd2e680202b48a30aed9db8dcde12bb77c2e623bb52a114e27b549df1ca70cb
CLIENT_TRAFFIC_SECRET_0 06b585c019889ffcaad0c00746d4a534a9fad4bb5a1be865bb427a40354b8365 6c950c1a9242a4d2ea1982ca662e6c2f33a0e91506c3456b6d8a5b911d553480
CLIENT_TRAFFIC_SECRET_0 06b585c019889ffcaad0c00746d4a534a9fad4bb5a1be865bb427a40354b8365 6c950c1a9242a4d2ea1982ca662e6c2f33a0e91506c3456b6d8a5b911d553480
SERVER_HANDSHAKE_TRAFFIC_SECRET 0eba4425282e2b53f1e797d346e2578cf3af9015bfee317d1d0ec8fde05eef44 aa1b63f00b5325e922a98f02a2b1893091315279afbe447c544947c53e333c30
CLIENT_HANDSHAKE_TRAFFIC_SECRET 0eba4425282e2b53f1e797d346e2578cf3af9015bfee317d1d0ec8fde05eef44 5eba89ca4ab7cfa6f1c2c14a378dda6667e7414401a0f9884a4b19374b54768c
SERVER_TRAFFIC_SECRET_0 0eba4425282e2b53f1e797d346e2578cf3af9015bfee317d1d0ec8fde05eef44 ef54a74bad2d4ddc8ba6823f709ac41c1990d2448534e71e1cc0a3cf77750b70
SERVER_HANDSHAKE_TRAFFIC_SECRET 0eba4425282e2b53f1e797d346e2578cf3af9015bfee317d1d0ec8fde05eef44 aa1b63f00b5325e922a98f02a2b1893091315279afbe447c544947c53e333c30
CLIENT_HANDSHAKE_TRAFFIC_SECRET 0eba4425282e2b53f1e797d346e2578cf3af9015bfee317d1d0ec8fde05eef44 5eba89ca4ab7cfa6f1c2c14a378dda6667e7414401a0f9884a4b19374b54768c
SERVER_TRAFFIC_SECRET_0 0eba4425282e2b53f1e797d346e2578cf3af9015bfee317d1d0ec8fde05eef44 ef54a74bad2d4ddc8ba6823f709ac41c1990d2448534e71e1cc0a3cf77750b70
CLIENT_TRAFFIC_SECRET_0 0eba4425282e2b53f1e797d346e2578cf3af9015bfee317d1d0ec8fde05eef44 2558edb1eb0a7dfb4ae94495b8279740e0711ce88adec3fc3712fa8236b26073
CLIENT_TRAFFIC_SECRET_0 0eba4425282e2b53f1e797d346e2578cf3af9015bfee317d1d0ec8fde05eef44 2558edb1eb0a7dfb4ae94495b8279740e0711ce88adec3fc3712fa8236b26073
SERVER_HANDSHAKE_TRAFFIC_SECRET 899724da44572740fe92804c36110bcce312ff725a21c4c554225bf0fd4288ee 202e2441412ff8b16d4eca9abef1f6ee19eff03ddbbfad8337fa08d8232b9d69
CLIENT_HANDSHAKE_TRAFFIC_SECRET 899724da44572740fe92804c36110bcce312ff725a21c4c554225bf0fd4288ee 98e6aa087f908c981cb53c89a16fa9d0eef6069af76552da0fb3f5c1a5c66b38
SERVER_TRAFFIC_SECRET_0 899724da44572740fe92804c36110bcce312ff725a21c4c554225bf0fd4288ee d88e238a2138a2f238979dcb974ece8daea8fbd2ed24ce08046fa1f306ea8762
SERVER_HANDSHAKE_TRAFFIC_SECRET 899724da44572740fe92804c36110bcce312ff725a21c4c554225bf0fd4288ee 202e2441412ff8b16d4eca9abef1f6ee19eff03ddbbfad8337fa08d8232b9d69
CLIENT_HANDSHAKE_TRAFFIC_SECRET 899724da44572740fe92804c36110bcce312ff725a21c4c554225bf0fd4288ee 98e6aa087f908c981cb53c89a16fa9d0eef6069af76552da0fb3f5c1a5c66b38
SERVER_TRAFFIC_SECRET_0 899724da44572740fe92804c36110bcce312ff725a21c4c554225bf0fd4288ee d88e238a2138a2f238979dcb974ece8daea8fbd2ed24ce08046fa1f306ea8762
CLIENT_TRAFFIC_SECRET_0 899724da44572740fe92804c36110bcce312ff725a21c4c554225bf0fd4288ee fb190618b598e039f5054fd1d097986e3391346c52e82e215757cca3eb4c6aa4
CLIENT_TRAFFIC_SECRET_0 899724da44572740fe92804c36110bcce312ff725a21c4c554225bf0fd4288ee fb190618b598e039f5054fd1d097986e3391346c52e82e215757cca3eb4c6aa4
SERVER_HANDSHAKE_TRAFFIC_SECRET 0a401a6dec7c274797cd938ca99db1ffc9dcf434ec6641e365080208bf619e92 96863a6ea2347e542c436aa61e7067c6b9a6a8473f7ba3c945a4b2f5cd7dec01
CLIENT_HANDSHAKE_TRAFFIC_SECRET 0a401a6dec7c274797cd938ca99db1ffc9dcf434ec6641e365080208bf619e92 605bc733a0f3fb42ba5d2963f708f4f093d45b98affbfe17e1cb3ae92e21a3e7
SERVER_TRAFFIC_SECRET_0 0a401a6dec7c274797cd938ca99db1ffc9dcf434ec6641e365080208bf619e92 d39117970378ec27ef12e80075d1998244368cf4769686c432ed38520aa4aef2
SERVER_HANDSHAKE_TRAFFIC_SECRET 0a401a6dec7c274797cd938ca99db1ffc9dcf434ec6641e365080208bf619e92 96863a6ea2347e542c436aa61e7067c6b9a6a8473f7ba3c945a4b2f5cd7dec01
CLIENT_HANDSHAKE_TRAFFIC_SECRET 0a401a6dec7c274797cd938ca99db1ffc9dcf434ec6641e365080208bf619e92 605bc733a0f3fb42ba5d2963f708f4f093d45b98affbfe17e1cb3ae92e21a3e7
SERVER_TRAFFIC_SECRET_0 0a401a6dec7c274797cd938ca99db1ffc9dcf434ec6641e365080208bf619e92 d39117970378ec27ef12e80075d1998244368cf4769686c432ed38520aa4aef2
CLIENT_TRAFFIC_SECRET_0 0a401a6dec7c274797cd938ca99db1ffc9dcf434ec6641e365080208bf619e92 f69f7ac6b87f355ed0d8f829ad751f63ea44a43f4c14a39772fd61e16cccf6ff
CLIENT_TRAFFIC_SECRET_0 0a401a6dec7c274797cd938ca99db1ffc9dcf434ec6641e365080208bf619e92 f69f7ac6b87f355ed0d8f829ad751f63ea44a43f4c14a39772fd61e16cccf6ff
SERVER_HANDSHAKE_TRAFFIC_SECRET 1c37cf17090ad722742c5126bec6d22ae1d90e2688ca4dde960f36b342bd0ba6 7d47f8d89417595f7a85765b0784788cfbf26cc31f632bb9a834eca330e59e6b
CLIENT_HANDSHAKE_TRAFFIC_SECRET 1c37cf17090ad722742c5126bec6d22ae1d90e2688ca4dde960f36b342bd0ba6 24dc9363295395ac6e14c0abfcef298ebfed37287c69d7eb3ab49ef8131048f9
SERVER_TRAFFIC_SECRET_0 1c37cf17090ad722742c5126bec6d22ae1d90e2688ca4dde960f36b342bd0ba6 10ded6dcbdcdfb85cb2575b1e1d22e15bc34386b3d87700f207ffaa0f7fcb00f
SERVER_HANDSHAKE_TRAFFIC_SECRET 1c37cf17090ad722742c5126bec6d22ae1d90e2688ca4dde960f36b342bd0ba6 7d47f8d89417595f7a85765b0784788cfbf26cc31f632bb9a834eca330e59e6b
CLIENT_HANDSHAKE_TRAFFIC_SECRET 1c37cf17090ad722742c5126bec6d22ae1d90e2688ca4dde960f36b342bd0ba6 24dc9363295395ac6e14c0abfcef298ebfed37287c69d7eb3ab49ef8131048f9
SERVER_TRAFFIC_SECRET_0 1c37cf17090ad722742c5126bec6d22ae1d90e2688ca4dde960f36b342bd0ba6 10ded6dcbdcdfb85cb2575b1e1d22e15bc34386b3d87700f207ffaa0f7fcb00f
CLIENT_TRAFFIC_SECRET_0 1c37cf17090ad722742c5126bec6d22ae1d90e2688ca4dde960f36b342bd0ba6 75182460aef9245875c22f8b915d9680b4d249bf09b3724f2d9d3a27ce425b42
CLIENT_TRAFFIC_SECRET_0 1c37cf17090ad722742c5126bec6d22ae1d90e2688ca4dde960f36b342bd0ba6 75182460aef9245875c22f8b915d9680b4d249bf09b3724f2d9d3a27ce425b42
SERVER_HANDSHAKE_TRAFFIC_SECRET 3956d92593743c04a203e8322e04fbd8ccab80facd34aa6b3bf4aa46eee08fc9 e550e55d49a7a635721b0a22e3ea7414f3e11fbe05696b925a35fc89ddf5e63a
CLIENT_HANDSHAKE_TRAFFIC_SECRET 3956d92593743c04a203e8322e04fbd8ccab80facd34aa6b3bf4aa46eee08fc9 92b6d7db23d844be563e06256d69df07cd1f7239dddccb887a72056a6df103f8
SERVER_TRAFFIC_SECRET_0 3956d92593743c04a203e8322e04fbd8ccab80facd34aa6b3bf4aa46eee08fc9 6efd78a4b82e2161dbcd492048860075a983e1d624a22f63167c130be5d4ba35
SERVER_HANDSHAKE_TRAFFIC_SECRET 3956d92593743c04a203e8322e04fbd8ccab80facd34aa6b3bf4aa46eee08fc9 e550e55d49a7a635721b0a22e3ea7414f3e11fbe05696b925a35fc89ddf5e63a
CLIENT_HANDSHAKE_TRAFFIC_SECRET 3956d92593743c04a203e8322e04fbd8ccab80facd34aa6b3bf4aa46eee08fc9 92b6d7db23d844be563e06256d69df07cd1f7239dddccb887a72056a6df103f8
SERVER_TRAFFIC_SECRET_0 3956d92593743c04a203e8322e04fbd8ccab80facd34aa6b3bf4aa46eee08fc9 6efd78a4b82e2161dbcd492048860075a983e1d624a22f63167c130be5d4ba35
CLIENT_TRAFFIC_SECRET_0 3956d92593743c04a203e8322e04fbd8ccab80facd34aa6b3bf4aa46eee08fc9 09028641fe36e69f811b313604271ed145b1610f30b681e839400e4e1d245db8
CLIENT_TRAFFIC_SECRET_0 3956d92593743c04a203e8322e04fbd8ccab80facd34aa6b3bf4aa46eee08fc9 09028641fe36e69f811b313604271ed145b1610f30b681e839400e4e1d245db8
SERVER_HANDSHAKE_TRAFFIC_SECRET a3f7f30467522a94679aca2fa8b56f229143eac98ad3a9b438a533a149e2dbfe 1f3d4069f0f9987633d73a525539f44ff3c31aff1b96b79000f370e026565efa
CLIENT_HANDSHAKE_TRAFFIC_SECRET a3f7f30467522a94679aca2fa8b56f229143eac98ad3a9b438a533a149e2dbfe e1be5a2f71b8b73f0f4335dcd8c35d5ff2d2ec5e2da1ed7839d27860b290432c
SERVER_TRAFFIC_SECRET_0 a3f7f30467522a94679aca2fa8b56f229143eac98ad3a9b438a533a149e2dbfe d3efe78913561836f78026d2a77576265d36a19380ce3acc2deca69c85a76702
SERVER_HANDSHAKE_TRAFFIC_SECRET a3f7f30467522a94679aca2fa8b56f229143eac98ad3a9b438a533a149e2dbfe 1f3d4069f0f9987633d73a525539f44ff3c31aff1b96b79000f370e026565efa
CLIENT_HANDSHAKE_TRAFFIC_SECRET a3f7f30467522a94679aca2fa8b56f229143eac98ad3a9b438a533a149e2dbfe e1be5a2f71b8b73f0f4335dcd8c35d5ff2d2ec5e2da1ed7839d27860b290432c
SERVER_TRAFFIC_SECRET_0 a3f7f30467522a94679aca2fa8b56f229143eac98ad3a9b438a533a149e2dbfe d3efe78913561836f78026d2a77576265d36a19380ce3acc2deca69c85a76702
CLIENT_TRAFFIC_SECRET_0 a3f7f30467522a94679aca2fa8b56f229143eac98ad3a9b438a533a149e2dbfe cb5d38c210456ae83aacdd030615947989b52e7867788dc78a7f4b6197b17569
CLIENT_TRAFFIC_SECRET_0 a3f7f30467522a94679aca2fa8b56f229143eac98ad3a9b438a533a149e2dbfe cb5d38c210456ae83aacdd030615947989b52e7867788dc78a7f4b6197b17569
SERVER_HANDSHAKE_TRAFFIC_SECRET 68cfd3e9e70b4e31dd666e380e4ccc7765dc4b82f0763b02c67903c07d9b6f43 438640784064b0fe15fe678eef326b32f0ccb1795a6956089107ec19e1023821
CLIENT_HANDSHAKE_TRAFFIC_SECRET 68cfd3e9e70b4e31dd666e380e4ccc7765dc4b82f0763b02c67903c07d9b6f43 5b3352f916d57fe6a5de3bd717887c262f02d8577d4001fe48311cf51887dde3
SERVER_TRAFFIC_SECRET_0 68cfd3e9e70b4e31dd666e380e4ccc7765dc4b82f0763b02c67903c07d9b6f43 022fbc85f4366f52f93304e2ae628030f92e944a7f6f830188b481cbd27794a7
SERVER_HANDSHAKE_TRAFFIC_SECRET 68cfd3e9e70b4e31dd666e380e4ccc7765dc4b82f0763b02c67903c07d9b6f43 438640784064b0fe15fe678eef326b32f0ccb1795a6956089107ec19e1023821
CLIENT_HANDSHAKE_TRAFFIC_SECRET 68cfd3e9e70b4e31dd666e380e4ccc7765dc4b82f0763b02c67903c07d9b6f43 5b3352f916d57fe6a5de3bd717887c262f02d8577d4001fe48311cf51887dde3
SERVER_TRAFFIC_SECRET_0 68cfd3e9e70b4e31dd666e380e4ccc7765dc4b82f0763b02c67903c07d9b6f43 022fbc85f4366f52f93304e2ae628030f92e944a7f6f830188b481cbd27794a7
CLIENT_TRAFFIC_SECRET_0 68cfd3e9e70b4e31dd666e380e4ccc7765dc4b82f0763b02c67903c07d9b6f43 23883a47ee07e321908942e3bc17d7b3e6479698476b7643a9631372127b256c
CLIENT_TRAFFIC_SECRET_0 68cfd3e9e70b4e31dd666e380e4ccc7765dc4b82f0763b02c67903c07d9b6f43 23883a47ee07e321908942e3bc17d7b3e6479698476b7643a9631372127b256c
SERVER_HANDSHAKE_TRAFFIC_SECRET 7e475ab6f61602d2eb9c2d4f1f6a8ad00fd59612fbfb67437f496a4935fb6959 79c1386e93d695f0d1fadeb1eb2f5e6f88e45d28f3c1646e3f2c96d8a1331e94
CLIENT_HANDSHAKE_TRAFFIC_SECRET 7e475ab6f61602d2eb9c2d4f1f6a8ad00fd59612fbfb67437f496a4935fb6959 cb9de321be7043fc27f4c1cd16cb7de2954e9dc02dda934b196e6c5bf100c9bb
SERVER_TRAFFIC_SECRET_0 7e475ab6f61602d2eb9c2d4f1f6a8ad00fd59612fbfb67437f496a4935fb6959 91f8c9920a55c74a7220c451c94825fb4126178ff03bb745a1337ad16bb4f16f
SERVER_HANDSHAKE_TRAFFIC_SECRET 7e475ab6f61602d2eb9c2d4f1f6a8ad00fd59612fbfb67437f496a4935fb6959 79c1386e93d695f0d1fadeb1eb2f5e6f88e45d28f3c1646e3f2c96d8a1331e94
CLIENT_HANDSHAKE_TRAFFIC_SECRET 7e475ab6f61602d2eb9c2d4f1f6a8ad00fd59612fbfb67437f496a4935fb6959 cb9de321be7043fc27f4c1cd16cb7de2954e9dc02dda934b196e6c5bf100c9bb
SERVER_TRAFFIC_SECRET_0 7e475ab6f61602d2eb9c2d4f1f6a8ad00fd59612fbfb67437f496a4935fb6959 91f8c9920a55c74a7220c451c94825fb4126178ff03bb745a1337ad16bb4f16f
CLIENT_TRAFFIC_SECRET_0 7e475ab6f61602d2eb9c2d4f1f6a8ad00fd59612fbfb67437f496a4935fb6959 a275f9b1e974750d3ee88ab2b150fc8e58441216f37b2c84f0f5eee1dc14c380
CLIENT_TRAFFIC_SECRET_0 7e475ab6f61602d2eb9c2d4f1f6a8ad00fd59612fbfb67437f496a4935fb6959 a275f9b1e974750d3ee88ab2b150fc8e58441216f37b2c84f0f5eee1dc14c380
SERVER_HANDSHAKE_TRAFFIC_SECRET 6b481912b2899fcdedcd1eb95c6886a06b10dcb0ed54c49182fdca05892baf89 3e94abca5fbf35f432d4d95c96a51c66b69d416527773295a38c71d9fee52b28
CLIENT_HANDSHAKE_TRAFFIC_SECRET 6b481912b2899fcdedcd1eb95c6886a06b10dcb0ed54c49182fdca05892baf89 1ef11ca75a98b22c42b01061de5dff06a19ff68086b3ab4701cda7dfb46f058d
SERVER_TRAFFIC_SECRET_0 6b481912b2899fcdedcd1eb95c6886a06b10dcb0ed54c49182fdca05892baf89 259a2b59f6f5e8bca891a3901cf4664587ddbeb1c0ae5e2f80e7c1d6cbd79742
SERVER_HANDSHAKE_TRAFFIC_SECRET 6b481912b2899fcdedcd1eb95c6886a06b10dcb0ed54c49182fdca05892baf89 3e94abca5fbf35f432d4d95c96a51c66b69d416527773295a38c71d9fee52b28
CLIENT_HANDSHAKE_TRAFFIC_SECRET 6b481912b2899fcdedcd1eb95c6886a06b10dcb0ed54c49182fdca05892baf89 1ef11ca75a98b22c42b01061de5dff06a19ff68086b3ab4701cda7dfb46f058d
SERVER_TRAFFIC_SECRET_0 6b481912b2899fcdedcd1eb95c6886a06b10dcb0ed54c49182fdca05892baf89 259a2b59f6f5e8bca891a3901cf4664587ddbeb1c0ae5e2f80e7c1d6cbd79742
CLIENT_TRAFFIC_SECRET_0 6b481912b2899fcdedcd1eb95c6886a06b10dcb0ed54c49182fdca05892baf89 81b319f70340d9e5acab8a1de9d1fe63137153261a780d99633c4c9c7b3b3904
CLIENT_TRAFFIC_SECRET_0 6b481912b2899fcdedcd1eb95c6886a06b10dcb0ed54c49182fdca05892baf89 81b319f70340d9e5acab8a1de9d1fe63137153261a780d99633c4c9c7b3b3904
SERVER_HANDSHAKE_TRAFFIC_SECRET fe7162fddf672944f4e1078b77b2c9c7d7a149bb004592d10dd494bf6d19144b fc23489a7c8d0c23ef76abf0f3116f98a81b550245ec6ef5dca73503b69ed13b
CLIENT_HANDSHAKE_TRAFFIC_SECRET fe7162fddf672944f4e1078b77b2c9c7d7a149bb004592d10dd494bf6d19144b d003bd72b2cba946bfdab048c1f655879fcc2f109b8010c15ba7df52cec49539
SERVER_TRAFFIC_SECRET_0 fe7162fddf672944f4e1078b77b2c9c7d7a149bb004592d10dd494bf6d19144b 4e1083ed5e489e83c8ac850bfa5d785b2b248d6ddd691703fc2e6d820856c4d9
SERVER_HANDSHAKE_TRAFFIC_SECRET fe7162fddf672944f4e1078b77b2c9c7d7a149bb004592d10dd494bf6d19144b fc23489a7c8d0c23ef76abf0f3116f98a81b550245ec6ef5dca73503b69ed13b
CLIENT_HANDSHAKE_TRAFFIC_SECRET fe7162fddf672944f4e1078b77b2c9c7d7a149bb004592d10dd494bf6d19144b d003bd72b2cba946bfdab048c1f655879fcc2f109b8010c15ba7df52cec49539
SERVER_TRAFFIC_SECRET_0 fe7162fddf672944f4e1078b77b2c9c7d7a149bb004592d10dd494bf6d19144b 4e1083ed5e489e83c8ac850bfa5d785b2b248d6ddd691703fc2e6d820856c4d9
CLIENT_TRAFFIC_SECRET_0 fe7162fddf672944f4e1078b77b2c9c7d7a149bb004592d10dd494bf6d19144b 4072816e1d9b585e006d5ad94ee764629c337e396e6358869cfec4ef35cc8504
CLIENT_TRAFFIC_SECRET_0 fe7162fddf672944f4e1078b77b2c9c7d7a149bb004592d10dd494bf6d19144b 4072816e1d9b585e006d5ad94ee764629c337e396e6358869cfec4ef35cc8504
SERVER_HANDSHAKE_TRAFFIC_SECRET d42e08417e460f27bed0be19cfab004dea1768e351c72156fbbf72316df21bd2 4c0113502d3615c272bc48e08ad4b19f6e87582279af937f1fc2c6f59a1e3596
CLIENT_HANDSHAKE_TRAFFIC_SECRET d42e08417e460f27bed0be19cfab004dea1768e351c72156fbbf72316df21bd2 76d60bc9c26299b7154b858b86dbec94ce23f0738c12b17f29feb460206f3d0d
SERVER_TRAFFIC_SECRET_0 d42e08417e460f27bed0be19cfab004dea1768e351c72156fbbf72316df21bd2 a823fe42c4c8a965c10cecefa8c8e8584719cff7b4f30c633563bbc2f70f8b31
SERVER_HANDSHAKE_TRAFFIC_SECRET d42e08417e460f27bed0be19cfab004dea1768e351c72156fbbf72316df21bd2 4c0113502d3615c272bc48e08ad4b19f6e87582279af937f1fc2c6f59a1e3596
CLIENT_HANDSHAKE_TRAFFIC_SECRET d42e08417e460f27bed0be19cfab004dea1768e351c72156fbbf72316df21bd2 76d60bc9c26299b7154b858b86dbec94ce23f0738c12b17f29feb460206f3d0d
SERVER_TRAFFIC_SECRET_0 d42e08417e460f27bed0be19cfab004dea1768e351c72156fbbf72316df21bd2 a823fe42c4c8a965c10cecefa8c8e8584719cff7b4f30c633563bbc2f70f8b31
CLIENT_TRAFFIC_SECRET_0 d42e08417e460f27bed0be19cfab004dea1768e351c72156fbbf72316df21bd2 baac2d52cad4ea75c18f49d943fc18592a8f0cb29746ea7007ded753065cf419
CLIENT_TRAFFIC_SECRET_0 d42e08417e460f27bed0be19cfab004dea1768e351c72156fbbf72316df21bd2 baac2d52cad4ea75c18f49d943fc18592a8f0cb29746ea7007ded753065cf419
SERVER_HANDSHAKE_TRAFFIC_SECRET a3e098757449b8a467ff5e59faceda5330bdf1a3727493d8e2c62f7b15b92d34 04d0f37dd15944eb5f8062a395e3be0111a694b82852950091e29fd23f0dc06a
CLIENT_HANDSHAKE_TRAFFIC_SECRET a3e098757449b8a467ff5e59faceda5330bdf1a3727493d8e2c62f7b15b92d34 5d6bdcbefb19ecb9bc4851b34efc22a0523d021dbd744f81699adbbaf46601b1
SERVER_TRAFFIC_SECRET_0 a3e098757449b8a467ff5e59faceda5330bdf1a3727493d8e2c62f7b15b92d34 373378f79ea089ee31c2ef041d7c7308ebfcbe93e72731c66255b4fe53f51572
SERVER_HANDSHAKE_TRAFFIC_SECRET a3e098757449b8a467ff5e59faceda5330bdf1a3727493d8e2c62f7b15b92d34 04d0f37dd15944eb5f8062a395e3be0111a694b82852950091e29fd23f0dc06a
CLIENT_HANDSHAKE_TRAFFIC_SECRET a3e098757449b8a467ff5e59faceda5330bdf1a3727493d8e2c62f7b15b92d34 5d6bdcbefb19ecb9bc4851b34efc22a0523d021dbd744f81699adbbaf46601b1
SERVER_TRAFFIC_SECRET_0 a3e098757449b8a467ff5e59faceda5330bdf1a3727493d8e2c62f7b15b92d34 373378f79ea089ee31c2ef041d7c7308ebfcbe93e72731c66255b4fe53f51572
CLIENT_TRAFFIC_SECRET_0 a3e098757449b8a467ff5e59faceda5330bdf1a3727493d8e2c62f7b15b92d34 e41c709dfad4a85427691e7ab1b98522f1590a9f8686de9ef963f4918a1a37a2
CLIENT_TRAFFIC_SECRET_0 a3e098757449b8a467ff5e59faceda5330bdf1a3727493d8e2c62f7b15b92d34 e41c709dfad4a85427691e7ab1b98522f1590a9f8686de9ef963f4918a1a37a2
SERVER_HANDSHAKE_TRAFFIC_SECRET 236fc8e5f6dca72853706ba4bda8697781920a328412812c6fb28e4e85257f48 31b58300bf678290d0bd22fa1c17cf9c8be379b5957e6a39bb6d87117e344a13
CLIENT_HANDSHAKE_TRAFFIC_SECRET 236fc8e5f6dca72853706ba4bda8697781920a328412812c6fb28e4e85257f48 1a99c408d7ce1a900acb7646598869ca49202ac87150bc984cd87726d948fdc9
SERVER_TRAFFIC_SECRET_0 236fc8e5f6dca72853706ba4bda8697781920a328412812c6fb28e4e85257f48 cdf031504d61ebbad655c5cd98b597151371c95ad21073e6226f95569fba24a1
SERVER_HANDSHAKE_TRAFFIC_SECRET 236fc8e5f6dca72853706ba4bda8697781920a328412812c6fb28e4e85257f48 31b58300bf678290d0bd22fa1c17cf9c8be379b5957e6a39bb6d87117e344a13
CLIENT_HANDSHAKE_TRAFFIC_SECRET 236fc8e5f6dca72853706ba4bda8697781920a328412812c6fb28e4e85257f48 1a99c408d7ce1a900acb7646598869ca49202ac87150bc984cd87726d948fdc9
SERVER_TRAFFIC_SECRET_0 236fc8e5f6dca72853706ba4bda8697781920a328412812c6fb28e4e85257f48 cdf031504d61ebbad655c5cd98b597151371c95ad21073e6226f95569fba24a1
CLIENT_TRAFFIC_SECRET_0 236fc8e5f6dca72853706ba4bda8697781920a328412812c6fb28e4e85257f48 2a1b2119a0ff79eced7a1f47fae14b4a39c863f7698d58341668fdde183b128d
CLIENT_TRAFFIC_SECRET_0 236fc8e5f6dca72853706ba4bda8697781920a328412812c6fb28e4e85257f48 2a1b2119a0ff79eced7a1f47fae14b4a39c863f7698d58341668fdde183b128d
SERVER_HANDSHAKE_TRAFFIC_SECRET f2491fd175c7c1ecfcae151096758ba50ba4972844986bc5ecd1467656846d52 af5f1d26b91a39a5373d483d3050d3366df2e935cc03e8affc895cdb7d5e7438
CLIENT_HANDSHAKE_TRAFFIC_SECRET f2491fd175c7c1ecfcae151096758ba50ba4972844986bc5ecd1467656846d52 b427aa7e56ef3539b710e634fe7668ac7a9de5fb842e43bc81f70929bce4bb60
SERVER_TRAFFIC_SECRET_0 f2491fd175c7c1ecfcae151096758ba50ba4972844986bc5ecd1467656846d52 d99bac4a608a982a68b12716c90f8470c4bf15a2ffabc3ef8db3d34f663a663c
SERVER_HANDSHAKE_TRAFFIC_SECRET f2491fd175c7c1ecfcae151096758ba50ba4972844986bc5ecd1467656846d52 af5f1d26b91a39a5373d483d3050d3366df2e935cc03e8affc895cdb7d5e7438
CLIENT_HANDSHAKE_TRAFFIC_SECRET f2491fd175c7c1ecfcae151096758ba50ba4972844986bc5ecd1467656846d52 b427aa7e56ef3539b710e634fe7668ac7a9de5fb842e43bc81f70929bce4bb60
SERVER_TRAFFIC_SECRET_0 f2491fd175c7c1ecfcae151096758ba50ba4972844986bc5ecd1467656846d52 d99bac4a608a982a68b12716c90f8470c4bf15a2ffabc3ef8db3d34f663a663c
CLIENT_TRAFFIC_SECRET_0 f2491fd175c7c1ecfcae151096758ba50ba4972844986bc5ecd1467656846d52 57d5366836932088826710cee4748aae9763602341f8a9da971df412be333fdb
CLIENT_TRAFFIC_SECRET_0 f2491fd175c7c1ecfcae151096758ba50ba4972844986bc5ecd1467656846d52 57d5366836932088826710cee4748aae9763602341f8a9da971df412be333fdb
SERVER_HANDSHAKE_TRAFFIC_SECRET 977da70d89e608fe6861aadf17bf1a8e2581231736519f1988103bcae27704a7 17acd5cb00ac4c7a3e42516a3192add8d7d7ec7362372ff3589d9378f81bb3b5
CLIENT_HANDSHAKE_TRAFFIC_SECRET 977da70d89e608fe6861aadf17bf1a8e2581231736519f1988103bcae27704a7 20919aee9fa63f74a1f62b8862358334b27a28c64e4ce8ec8800e19761911489
SERVER_TRAFFIC_SECRET_0 977da70d89e608fe6861aadf17bf1a8e2581231736519f1988103bcae27704a7 13f10d1b348dedc463597cbba978daf640d467ed42ebbf43edea6b2b1a83b353
SERVER_HANDSHAKE_TRAFFIC_SECRET 977da70d89e608fe6861aadf17bf1a8e2581231736519f1988103bcae27704a7 17acd5cb00ac4c7a3e42516a3192add8d7d7ec7362372ff3589d9378f81bb3b5
CLIENT_HANDSHAKE_TRAFFIC_SECRET 977da70d89e608fe6861aadf17bf1a8e2581231736519f1988103bcae27704a7 20919aee9fa63f74a1f62b8862358334b27a28c64e4ce8ec8800e19761911489
SERVER_TRAFFIC_SECRET_0 977da70d89e608fe6861aadf17bf1a8e2581231736519f1988103bcae27704a7 13f10d1b348dedc463597cbba978daf640d467ed42ebbf43edea6b2b1a83b353
CLIENT_TRAFFIC_SECRET_0 977da70d89e608fe6861aadf17bf1a8e2581231736519f1988103bcae27704a7 6dc1ad8d80025fc0fc1aab4caa17f70746811ab3f04fd7c6f7a20ea9952bec3c
CLIENT_TRAFFIC_SECRET_0 977da70d89e608fe6861aadf17bf1a8e2581231736519f1988103bcae27704a7 6dc1ad8d80025fc0fc1aab4caa17f70746811ab3f04fd7c6f7a20ea9952bec3c
SERVER_HANDSHAKE_TRAFFIC_SECRET 8366c216cd233961e6a93ec416859e76e8f03e168a8c68d4e8093586c0b978e6 484e2653a34a6e0072226e51dbaad13f64b026b1394e035fcd2de38bbee2f022
CLIENT_HANDSHAKE_TRAFFIC_SECRET 8366c216cd233961e6a93ec416859e76e8f03e168a8c68d4e8093586c0b978e6 b474c728d9226becb94a84d06dc5555689f74dfe12340ecdea2cffab946abe88
SERVER_TRAFFIC_SECRET_0 8366c216cd233961e6a93ec416859e76e8f03e168a8c68d4e8093586c0b978e6 5bdcd3adb57f62b7146100277b0ed750b594e23ce047399f24c85b4ef27617a7
SERVER_HANDSHAKE_TRAFFIC_SECRET 8366c216cd233961e6a93ec416859e76e8f03e168a8c68d4e8093586c0b978e6 484e2653a34a6e0072226e51dbaad13f64b026b1394e035fcd2de38bbee2f022
CLIENT_HANDSHAKE_TRAFFIC_SECRET 8366c216cd233961e6a93ec416859e76e8f03e168a8c68d4e8093586c0b978e6 b474c728d9226becb94a84d06dc5555689f74dfe12340ecdea2cffab946abe88
SERVER_TRAFFIC_SECRET_0 8366c216cd233961e6a93ec416859e76e8f03e168a8c68d4e8093586c0b978e6 5bdcd3adb57f62b7146100277b0ed750b594e23ce047399f24c85b4ef27617a7
CLIENT_TRAFFIC_SECRET_0 8366c216cd233961e6a93ec416859e76e8f03e168a8c68d4e8093586c0b978e6 2cd8df967ffa55e5573623704e321ff037b7b487d039fdecf5ae360b82ebfa53
CLIENT_TRAFFIC_SECRET_0 8366c216cd233961e6a93ec416859e76e8f03e168a8c68d4e8093586c0b978e6 2cd8df967ffa55e5573623704e321ff037b7b487d039fdecf5ae360b82ebfa53
SERVER_HANDSHAKE_TRAFFIC_SECRET 2066a3802464a954d042aee0c24d5a2318464ff615690fefd7cdd413a843603e e6eb1199311ce6c7610ede3ca75ef77c557fcfa6c9e03e4dd625da900de03e1f
CLIENT_HANDSHAKE_TRAFFIC_SECRET 2066a3802464a954d042aee0c24d5a2318464ff615690fefd7cdd413a843603e 85d8cc07e7c7c48ecc58392b2f6cc25bcd9821d844e91c221fd228792974b991
SERVER_TRAFFIC_SECRET_0 2066a3802464a954d042aee0c24d5a2318464ff615690fefd7cdd413a843603e 1208f72c6612d83d1096bf4f78b76f47e28d4090d33b3593a99607c51269ba9b
SERVER_HANDSHAKE_TRAFFIC_SECRET 2066a3802464a954d042aee0c24d5a2318464ff615690fefd7cdd413a843603e e6eb1199311ce6c7610ede3ca75ef77c557fcfa6c9e03e4dd625da900de03e1f
CLIENT_HANDSHAKE_TRAFFIC_SECRET 2066a3802464a954d042aee0c24d5a2318464ff615690fefd7cdd413a843603e 85d8cc07e7c7c48ecc58392b2f6cc25bcd9821d844e91c221fd228792974b991
SERVER_TRAFFIC_SECRET_0 2066a3802464a954d042aee0c24d5a2318464ff615690fefd7cdd413a843603e 1208f72c6612d83d1096bf4f78b76f47e28d4090d33b3593a99607c51269ba9b
CLIENT_TRAFFIC_SECRET_0 2066a3802464a954d042aee0c24d5a2318464ff615690fefd7cdd413a843603e 42e7fbea7b6d90740f24c1d78f26270ddb51b252624080e05f9f8dbfddf596be
CLIENT_TRAFFIC_SECRET_0 2066a3802464a954d042aee0c24d5a2318464ff615690fefd7cdd413a843603e 42e7fbea7b6d90740f24c1d78f26270ddb51b252624080e05f9f8dbfddf596be
SERVER_HANDSHAKE_TRAFFIC_SECRET 9b0ddeb8bab7b84a019ee922a30b2068e79a70d5662dfab06dcee4d31f2c24fa e62c2f3c125d14d93bd1b708ee451ccecd3a61a2543aeb6b2780eee7877a773e
CLIENT_HANDSHAKE_TRAFFIC_SECRET 9b0ddeb8bab7b84a019ee922a30b2068e79a70d5662dfab06dcee4d31f2c24fa fb9e7e5276aa7bba77afdafb9d16aa7e604c802b4c2f14a95bbb42717dd0d397
SERVER_TRAFFIC_SECRET_0 9b0ddeb8bab7b84a019ee922a30b2068e79a70d5662dfab06dcee4d31f2c24fa eeada9a841e382df853681e445565ae2fce511458316e7a5a35c3de171ed7a8a
SERVER_HANDSHAKE_TRAFFIC_SECRET 9b0ddeb8bab7b84a019ee922a30b2068e79a70d5662dfab06dcee4d31f2c24fa e62c2f3c125d14d93bd1b708ee451ccecd3a61a2543aeb6b2780eee7877a773e
CLIENT_HANDSHAKE_TRAFFIC_SECRET 9b0ddeb8bab7b84a019ee922a30b2068e79a70d5662dfab06dcee4d31f2c24fa fb9e7e5276aa7bba77afdafb9d16aa7e604c802b4c2f14a95bbb42717dd0d397
SERVER_TRAFFIC_SECRET_0 9b0ddeb8bab7b84a019ee922a30b2068e79a70d5662dfab06dcee4d31f2c24fa eeada9a841e382df853681e445565ae2fce511458316e7a5a35c3de171ed7a8a
CLIENT_TRAFFIC_SECRET_0 9b0ddeb8bab7b84a019ee922a30b2068e79a70d5662dfab06dcee4d31f2c24fa 03cc926c4a71210024e1de7ea5e54b3ca200d93d6cae50f1145d9aad88acafe1
CLIENT_TRAFFIC_SECRET_0 9b0ddeb8bab7b84a019ee922a30b2068e79a70d5662dfab06dcee4d31f2c24fa 03cc926c4a71210024e1de7ea5e54b3ca200d93d6cae50f1145d9aad88acafe1
SERVER_HANDSHAKE_TRAFFIC_SECRET 2603dee013d91bcb8fc14e3337514413a6dad0495c253cc2c607e6e339e1894c a61e907fa3e42dd7613c08f7a435db3a7c47398acc12885700f15d581be5f387
CLIENT_HANDSHAKE_TRAFFIC_SECRET 2603dee013d91bcb8fc14e3337514413a6dad0495c253cc2c607e6e339e1894c b4aac4ffaaf47a60d5be0192dcb8127ee995f7f01fedf0094477f297eb1c8f0b
SERVER_TRAFFIC_SECRET_0 2603dee013d91bcb8fc14e3337514413a6dad0495c253cc2c607e6e339e1894c 8690bceda9dad9b8cbfe3f015b620ddce5968f3ba82f9f9568699e79ed24ac2e
SERVER_HANDSHAKE_TRAFFIC_SECRET 2603dee013d91bcb8fc14e3337514413a6dad0495c253cc2c607e6e339e1894c a61e907fa3e42dd7613c08f7a435db3a7c47398acc12885700f15d581be5f387
CLIENT_HANDSHAKE_TRAFFIC_SECRET 2603dee013d91bcb8fc14e3337514413a6dad0495c253cc2c607e6e339e1894c b4aac4ffaaf47a60d5be0192dcb8127ee995f7f01fedf0094477f297eb1c8f0b
SERVER_TRAFFIC_SECRET_0 2603dee013d91bcb8fc14e3337514413a6dad0495c253cc2c607e6e339e1894c 8690bceda9dad9b8cbfe3f015b620ddce5968f3ba82f9f9568699e79ed24ac2e
CLIENT_TRAFFIC_SECRET_0 2603dee013d91bcb8fc14e3337514413a6dad0495c253cc2c607e6e339e1894c 1c049bad0c4a17773dccb4f509fca5d08dd6dad2d2e7e2170e4f8fa116d43964
CLIENT_TRAFFIC_SECRET_0 2603dee013d91bcb8fc14e3337514413a6dad0495c253cc2c607e6e339e1894c 1c049bad0c4a17773dccb4f509fca5d08dd6dad2d2e7e2170e4f8fa116d43964
SERVER_HANDSHAKE_TRAFFIC_SECRET dd9b8daeba0aef9e722e64a05994181ab035dee3ade0e1b3e6cfd3aa6c6b6a93 2307a5c56502a9680a5911e68d47f0c5403d2ea68c85aaf11533c5cb43821d38
CLIENT_HANDSHAKE_TRAFFIC_SECRET dd9b8daeba0aef9e722e64a05994181ab035dee3ade0e1b3e6cfd3aa6c6b6a93 f0972c1f6da7a95b0f1fc064557a1d126a19d14021c3edf4ddebde1be4963ad0
SERVER_TRAFFIC_SECRET_0 dd9b8daeba0aef9e722e64a05994181ab035dee3ade0e1b3e6cfd3aa6c6b6a93 6651b449d31cb4ef4c3c55048793e25f27617fb70207ea647703d428527659d6
SERVER_HANDSHAKE_TRAFFIC_SECRET dd9b8daeba0aef9e722e64a05994181ab035dee3ade0e1b3e6cfd3aa6c6b6a93 2307a5c56502a9680a5911e68d47f0c5403d2ea68c85aaf11533c5cb43821d38
CLIENT_HANDSHAKE_TRAFFIC_SECRET dd9b8daeba0aef9e722e64a05994181ab035dee3ade0e1b3e6cfd3aa6c6b6a93 f0972c1f6da7a95b0f1fc064557a1d126a19d14021c3edf4ddebde1be4963ad0
SERVER_TRAFFIC_SECRET_0 dd9b8daeba0aef9e722e64a05994181ab035dee3ade0e1b3e6cfd3aa6c6b6a93 6651b449d31cb4ef4c3c55048793e25f27617fb70207ea647703d428527659d6
CLIENT_TRAFFIC_SECRET_0 dd9b8daeba0aef9e722e64a05994181ab035dee3ade0e1b3e6cfd3aa6c6b6a93 43b841d8caa7e0652d8f9cf5f8bfb18feab98db92788d2fbf15283babd05673f
CLIENT_TRAFFIC_SECRET_0 dd9b8daeba0aef9e722e64a05994181ab035dee3ade0e1b3e6cfd3aa6c6b6a93 43b841d8caa7e0652d8f9cf5f8bfb18feab98db92788d2fbf15283babd05673f
SERVER_HANDSHAKE_TRAFFIC_SECRET cfec64a729d5f9d24b6eaa52099c5011d614b2051edc9ae7e797b3b71070d5ce 550cd40ee96f5d3c70c7159865907c775d05d50421b9b42807b03d2e8fcbe3dc
CLIENT_HANDSHAKE_TRAFFIC_SECRET cfec64a729d5f9d24b6eaa52099c5011d614b2051edc9ae7e797b3b71070d5ce 434540dccc0400aa1688de322f4546e45a6f0e20657061c9dde273c7d8fb8f67
SERVER_TRAFFIC_SECRET_0 cfec64a729d5f9d24b6eaa52099c5011d614b2051edc9ae7e797b3b71070d5ce 5a6d6d659b5edc9d0b79a1f8d6a3c430f2fedf07a32542194e2a6142a630a353
SERVER_HANDSHAKE_TRAFFIC_SECRET cfec64a729d5f9d24b6eaa52099c5011d614b2051edc9ae7e797b3b71070d5ce 550cd40ee96f5d3c70c7159865907c775d05d50421b9b42807b03d2e8fcbe3dc
CLIENT_HANDSHAKE_TRAFFIC_SECRET cfec64a729d5f9d24b6eaa52099c5011d614b2051edc9ae7e797b3b71070d5ce 434540dccc0400aa1688de322f4546e45a6f0e20657061c9dde273c7d8fb8f67
SERVER_TRAFFIC_SECRET_0 cfec64a729d5f9d24b6eaa52099c5011d614b2051edc9ae7e797b3b71070d5ce 5a6d6d659b5edc9d0b79a1f8d6a3c430f2fedf07a32542194e2a6142a630a353
CLIENT_TRAFFIC_SECRET_0 cfec64a729d5f9d24b6eaa52099c5011d614b2051edc9ae7e797b3b71070d5ce 52cce1a9ce834cd898ff26753978155f1dd6422d31d3001f7902cafb9d971d9b
CLIENT_TRAFFIC_SECRET_0 cfec64a729d5f9d24b6eaa52099c5011d614b2051edc9ae7e797b3b71070d5ce 52cce1a9ce834cd898ff26753978155f1dd6422d31d3001f7902cafb9d971d9b
SERVER_HANDSHAKE_TRAFFIC_SECRET cb892473305e30ab58dc0809ebed7fc0561be49f22880ecb99571ba7df48eb09 441170037f3b024801fed40f0ea59ba687b99d817ded881113f6e26e93018297
CLIENT_HANDSHAKE_TRAFFIC_SECRET cb892473305e30ab58dc0809ebed7fc0561be49f22880ecb99571ba7df48eb09 6166fa38eceb56c924d87569b2b20b1f7404a4e451402b4f5c35450f6386aadb
SERVER_TRAFFIC_SECRET_0 cb892473305e30ab58dc0809ebed7fc0561be49f22880ecb99571ba7df48eb09 93750fb74fa9565a6942bcf45b3f1ee50aadfeec8f615e1250780d1f3d05f4e0
SERVER_HANDSHAKE_TRAFFIC_SECRET cb892473305e30ab58dc0809ebed7fc0561be49f22880ecb99571ba7df48eb09 441170037f3b024801fed40f0ea59ba687b99d817ded881113f6e26e93018297
CLIENT_HANDSHAKE_TRAFFIC_SECRET cb892473305e30ab58dc0809ebed7fc0561be49f22880ecb99571ba7df48eb09 6166fa38eceb56c924d87569b2b20b1f7404a4e451402b4f5c35450f6386aadb
SERVER_TRAFFIC_SECRET_0 cb892473305e30ab58dc0809ebed7fc0561be49f22880ecb99571ba7df48eb09 93750fb74fa9565a6942bcf45b3f1ee50aadfeec8f615e1250780d1f3d05f4e0
CLIENT_TRAFFIC_SECRET_0 cb892473305e30ab58dc0809ebed7fc0561be49f22880ecb99571ba7df48eb09 789ce5d6fda6b1905fee60275e318df878d3add01ab3cf99ac296b80c71781dc
CLIENT_TRAFFIC_SECRET_0 cb892473305e30ab58dc0809ebed7fc0561be49f22880ecb99571ba7df48eb09 789ce5d6fda6b1905fee60275e318df878d3add01ab3cf99ac296b80c71781dc
