07:56:35,175 root INFO Docker Compose configuration updated successfully.
07:56:35,278 root INFO Added entry to /etc/hosts: 172.27.1.10 panther-webapp
07:56:35,287 root INFO Added entry to /etc/hosts: 172.27.1.12 ping-pong-ivy
07:56:35,298 root INFO Added entry to /etc/hosts: 172.27.1.14 picoquic-shadow-ivy
07:56:35,309 root INFO Added entry to /etc/hosts: 172.27.1.13 picoquic-ivy
07:56:35,309 root INFO Executing command in tmux with log file:  "docker compose -f panther/docker-compose.yml logs -f | tee 'logs/compose_2024-06-03 07:56:35.309623.log'"
07:56:36,334 root INFO Name panther-webapp
	 - Time: 1.01s
	 - CPU Usage: 0.00%
	 - Memory Usage: 159.33MB (31.12%)
07:56:38,339 root INFO Name ping-pong-ivy
	 - Time: 3.02s
	 - CPU Usage: 0.00%
	 - Memory Usage: 76.86MB (3.75%)
07:56:40,347 root INFO Name picoquic-shadow-ivy
	 - Time: 5.02s
	 - CPU Usage: 0.00%
	 - Memory Usage: 58.29MB (2.85%)
07:56:42,353 root INFO Name picoquic-ivy
	 - Time: 7.03s
	 - CPU Usage: 0.00%
	 - Memory Usage: 59.77MB (2.92%)
07:56:53,370 root INFO Name panther-webapp
	 - Time: 18.05s
	 - CPU Usage: 0.00%
	 - Memory Usage: 159.33MB (31.12%)
07:56:55,374 root INFO Name ping-pong-ivy
	 - Time: 20.05s
	 - CPU Usage: 0.00%
	 - Memory Usage: 76.86MB (3.75%)
07:56:57,378 root INFO Name picoquic-shadow-ivy
	 - Time: 22.06s
	 - CPU Usage: 0.00%
	 - Memory Usage: 58.29MB (2.85%)
07:56:59,382 root INFO Name picoquic-ivy
	 - Time: 24.06s
	 - CPU Usage: 0.00%
	 - Memory Usage: 59.52MB (2.91%)
07:57:10,401 root INFO Name panther-webapp
	 - Time: 35.08s
	 - CPU Usage: 0.00%
	 - Memory Usage: 159.33MB (31.12%)
07:57:12,409 root INFO Name ping-pong-ivy
	 - Time: 37.09s
	 - CPU Usage: 0.00%
	 - Memory Usage: 76.86MB (3.75%)
07:57:14,413 root INFO Name picoquic-shadow-ivy
	 - Time: 39.09s
	 - CPU Usage: 0.00%
	 - Memory Usage: 58.29MB (2.85%)
07:57:16,418 root INFO Name picoquic-ivy
	 - Time: 41.10s
	 - CPU Usage: 0.00%
	 - Memory Usage: 59.52MB (2.91%)
07:57:27,435 root INFO Name panther-webapp
	 - Time: 52.11s
	 - CPU Usage: 0.00%
	 - Memory Usage: 159.34MB (31.12%)
07:57:29,440 root INFO Name ping-pong-ivy
	 - Time: 54.12s
	 - CPU Usage: 0.00%
	 - Memory Usage: 76.86MB (3.75%)
07:57:31,445 root INFO Name picoquic-shadow-ivy
	 - Time: 56.12s
	 - CPU Usage: 0.00%
	 - Memory Usage: 58.29MB (2.85%)
07:57:33,448 root INFO Name picoquic-ivy
	 - Time: 58.13s
	 - CPU Usage: 0.00%
	 - Memory Usage: 59.53MB (2.91%)
