12:03:34,911 root INFO Docker Compose configuration updated successfully.
12:03:35,102 root INFO Added entry to /etc/hosts: 172.27.1.14 picoquic-shadow-ivy
12:03:35,125 root INFO Added entry to /etc/hosts: 172.27.1.13 picoquic-ivy
12:03:35,148 root INFO Added entry to /etc/hosts: 172.27.1.10 panther-webapp
12:03:35,166 root INFO Added entry to /etc/hosts: 172.27.1.12 ping-pong-ivy
12:03:35,166 root INFO Executing command in tmux with log file:  "docker compose -f panther/docker-compose.yml logs -f | tee logs/compose_2024-06-02 12:03:35.166604.log | tee logs/compose_2024-06-02 12:03:35.166604.log"
12:03:36,109 root INFO Name picoquic-shadow-ivy - Time: 1.01s - CPU Usage: 0.00% - Memory Usage: 73.47MB (3.59%)
12:03:37,118 root INFO Name picoquic-ivy - Time: 2.00s - CPU Usage: 0.00% - Memory Usage: 58.11MB (2.84%)
12:03:37,119 root INFO Name panther-webapp - Time: 1.98s - CPU Usage: 0.00% - Memory Usage: 126.94MB (24.79%)
12:03:37,120 root INFO Name ping-pong-ivy - Time: 1.96s - CPU Usage: 0.00% - Memory Usage: 60.04MB (2.93%)
12:03:47,127 root INFO Name picoquic-shadow-ivy - Time: 12.03s - CPU Usage: 0.00% - Memory Usage: 73.47MB (3.59%)
12:03:49,135 root INFO Name ping-pong-ivy - Time: 13.97s - CPU Usage: 0.00% - Memory Usage: 60.04MB (2.93%)
12:03:49,136 root INFO Name picoquic-ivy - Time: 14.01s - CPU Usage: 0.00% - Memory Usage: 58.11MB (2.84%)
12:03:49,137 root INFO Name panther-webapp - Time: 14.00s - CPU Usage: 0.00% - Memory Usage: 126.95MB (24.79%)
12:03:58,147 root INFO Name picoquic-shadow-ivy - Time: 23.05s - CPU Usage: 0.00% - Memory Usage: 73.47MB (3.59%)
12:04:00,152 root INFO Name ping-pong-ivy - Time: 24.99s - CPU Usage: 0.00% - Memory Usage: 60.16MB (2.94%)
12:04:00,153 root INFO Name panther-webapp - Time: 25.01s - CPU Usage: 0.00% - Memory Usage: 126.94MB (24.79%)
12:04:01,157 root INFO Name picoquic-ivy - Time: 26.03s - CPU Usage: 0.00% - Memory Usage: 58.11MB (2.84%)
12:04:09,161 root INFO Name picoquic-shadow-ivy - Time: 34.06s - CPU Usage: 0.00% - Memory Usage: 73.47MB (3.59%)
12:04:11,166 root INFO Name ping-pong-ivy - Time: 36.00s - CPU Usage: 0.00% - Memory Usage: 60.04MB (2.93%)
12:04:12,172 root INFO Name panther-webapp - Time: 37.03s - CPU Usage: 0.00% - Memory Usage: 126.94MB (24.79%)
12:04:13,173 root INFO Name picoquic-ivy - Time: 38.05s - CPU Usage: 0.00% - Memory Usage: 58.11MB (2.84%)
