12:04:20,379 root INFO Docker Compose configuration updated successfully.
12:04:20,570 root INFO Added entry to /etc/hosts: 172.27.1.10 panther-webapp
12:04:20,598 root INFO Added entry to /etc/hosts: 172.27.1.12 ping-pong-ivy
12:04:20,621 root INFO Added entry to /etc/hosts: 172.27.1.13 picoquic-ivy
12:04:20,658 root INFO Added entry to /etc/hosts: 172.27.1.14 picoquic-shadow-ivy
12:04:20,658 root INFO Executing command in tmux with log file:  "docker compose -f panther/docker-compose.yml logs -f | tee logs/compose_2024-06-02 12:04:20.658823.log"
12:04:21,577 root INFO Name panther-webapp - Time: 1.01s - CPU Usage: 0.00% - Memory Usage: 126.94MB (24.79%)
12:04:22,583 root INFO Name ping-pong-ivy - Time: 1.99s - CPU Usage: 0.00% - Memory Usage: 60.04MB (2.93%)
12:04:22,584 root INFO Name picoquic-ivy - Time: 1.96s - CPU Usage: 0.00% - Memory Usage: 58.11MB (2.84%)
12:04:22,585 root INFO Name picoquic-shadow-ivy - Time: 1.94s - CPU Usage: 0.00% - Memory Usage: 73.47MB (3.59%)
12:04:32,595 root INFO Name panther-webapp - Time: 12.03s - CPU Usage: 0.00% - Memory Usage: 126.95MB (24.79%)
12:04:34,607 root INFO Name picoquic-ivy - Time: 13.99s - CPU Usage: 0.00% - Memory Usage: 58.11MB (2.84%)
12:04:34,611 root INFO Name ping-pong-ivy - Time: 14.02s - CPU Usage: 0.00% - Memory Usage: 60.04MB (2.93%)
12:04:34,614 root INFO Name picoquic-shadow-ivy - Time: 13.97s - CPU Usage: 0.00% - Memory Usage: 73.48MB (3.59%)
12:04:43,607 root INFO Name panther-webapp - Time: 23.04s - CPU Usage: 0.00% - Memory Usage: 126.94MB (24.79%)
12:04:45,627 root INFO Name picoquic-ivy - Time: 25.01s - CPU Usage: 0.00% - Memory Usage: 58.11MB (2.84%)
12:04:46,629 root INFO Name ping-pong-ivy - Time: 26.04s - CPU Usage: 0.00% - Memory Usage: 60.04MB (2.93%)
12:04:46,631 root INFO Name picoquic-shadow-ivy - Time: 25.99s - CPU Usage: 0.00% - Memory Usage: 73.48MB (3.59%)
12:04:54,625 root INFO Name panther-webapp - Time: 34.06s - CPU Usage: 0.00% - Memory Usage: 126.94MB (24.79%)
12:04:56,643 root INFO Name picoquic-ivy - Time: 36.02s - CPU Usage: 0.00% - Memory Usage: 58.11MB (2.84%)
12:04:58,650 root INFO Name picoquic-shadow-ivy - Time: 38.01s - CPU Usage: 0.00% - Memory Usage: 73.48MB (3.59%)
12:04:58,651 root INFO Name ping-pong-ivy - Time: 38.06s - CPU Usage: 0.00% - Memory Usage: 60.04MB (2.93%)
12:05:05,641 root INFO Name panther-webapp - Time: 45.07s - CPU Usage: 0.00% - Memory Usage: 126.79MB (24.76%)
12:05:07,657 root INFO Name picoquic-ivy - Time: 47.04s - CPU Usage: 0.00% - Memory Usage: 58.11MB (2.84%)
12:05:09,667 root INFO Name picoquic-shadow-ivy - Time: 49.02s - CPU Usage: 0.00% - Memory Usage: 73.46MB (3.59%)
12:05:10,670 root INFO Name ping-pong-ivy - Time: 50.08s - CPU Usage: 0.00% - Memory Usage: 60.01MB (2.93%)
12:05:16,657 root INFO Name panther-webapp - Time: 56.09s - CPU Usage: 0.00% - Memory Usage: 126.79MB (24.76%)
12:05:18,675 root INFO Name picoquic-ivy - Time: 58.05s - CPU Usage: 0.00% - Memory Usage: 58.11MB (2.84%)
12:05:20,682 root INFO Name picoquic-shadow-ivy - Time: 60.04s - CPU Usage: 0.00% - Memory Usage: 73.46MB (3.59%)
12:05:22,690 root INFO Name ping-pong-ivy - Time: 62.10s - CPU Usage: 0.00% - Memory Usage: 60.01MB (2.93%)
12:05:27,673 root INFO Name panther-webapp - Time: 67.10s - CPU Usage: 0.00% - Memory Usage: 126.80MB (24.77%)
12:05:29,690 root INFO Name picoquic-ivy - Time: 69.07s - CPU Usage: 0.00% - Memory Usage: 58.11MB (2.84%)
12:05:31,698 root INFO Name picoquic-shadow-ivy - Time: 71.06s - CPU Usage: 0.00% - Memory Usage: 73.46MB (3.59%)
12:05:33,708 root INFO Name ping-pong-ivy - Time: 73.12s - CPU Usage: 0.00% - Memory Usage: 60.01MB (2.93%)
12:05:38,687 root INFO Name panther-webapp - Time: 78.12s - CPU Usage: 0.00% - Memory Usage: 126.79MB (24.76%)
12:05:40,705 root INFO Name picoquic-ivy - Time: 80.09s - CPU Usage: 0.00% - Memory Usage: 58.11MB (2.84%)
12:05:42,716 root INFO Name picoquic-shadow-ivy - Time: 82.07s - CPU Usage: 0.00% - Memory Usage: 73.46MB (3.59%)
12:05:44,723 root INFO Name ping-pong-ivy - Time: 84.13s - CPU Usage: 0.00% - Memory Usage: 60.01MB (2.93%)
12:05:49,704 root INFO Name panther-webapp - Time: 89.14s - CPU Usage: 0.00% - Memory Usage: 126.79MB (24.76%)
12:05:51,722 root INFO Name picoquic-ivy - Time: 91.10s - CPU Usage: 0.00% - Memory Usage: 58.11MB (2.84%)
12:05:53,732 root INFO Name picoquic-shadow-ivy - Time: 93.09s - CPU Usage: 0.00% - Memory Usage: 73.46MB (3.59%)
12:05:55,739 root INFO Name ping-pong-ivy - Time: 95.15s - CPU Usage: 0.00% - Memory Usage: 60.01MB (2.93%)
12:06:00,720 root INFO Name panther-webapp - Time: 100.15s - CPU Usage: 0.00% - Memory Usage: 126.79MB (24.76%)
12:06:02,741 root INFO Name picoquic-ivy - Time: 102.12s - CPU Usage: 0.00% - Memory Usage: 58.11MB (2.84%)
12:06:04,747 root INFO Name picoquic-shadow-ivy - Time: 104.10s - CPU Usage: 0.00% - Memory Usage: 73.46MB (3.59%)
12:06:06,754 root INFO Name ping-pong-ivy - Time: 106.16s - CPU Usage: 0.00% - Memory Usage: 60.01MB (2.93%)
12:06:11,735 root INFO Name panther-webapp - Time: 111.17s - CPU Usage: 0.00% - Memory Usage: 126.79MB (24.76%)
12:06:13,758 root INFO Name picoquic-ivy - Time: 113.14s - CPU Usage: 0.00% - Memory Usage: 58.11MB (2.84%)
12:06:15,764 root INFO Name picoquic-shadow-ivy - Time: 115.12s - CPU Usage: 0.00% - Memory Usage: 73.46MB (3.59%)
12:06:17,772 root INFO Name ping-pong-ivy - Time: 117.18s - CPU Usage: 0.00% - Memory Usage: 60.20MB (2.94%)
12:06:22,751 root INFO Name panther-webapp - Time: 122.18s - CPU Usage: 0.00% - Memory Usage: 126.79MB (24.76%)
