13:12:05,851 docker.utils.config DEBUG Trying paths: ['/home/crochetch/.docker/config.json', '/home/crochetch/.dockercfg']
13:12:05,851 docker.utils.config DEBUG Found file at path: /home/crochetch/.docker/config.json
13:12:05,852 docker.auth DEBUG Found 'auths' section
13:12:05,852 docker.auth DEBUG Found entry (registry='https://index.docker.io/v1/', username='elniak')
13:12:05,860 urllib3.connectionpool DEBUG http://localhost:None "GET /version HTTP/1.1" 200 828
13:12:05,861 panther-cli INFO Building Docker image panther-webapp
13:12:05,861 panther-cli DEBUG Executing command: sudo chown -R $USER:$GROUPS $PWD/panther_webapp/
13:12:09,819 docker.api.build DEBUG Looking for auth config
13:12:09,819 docker.api.build DEBUG Sending auth config ('https://index.docker.io/v1/')
13:12:11,681 urllib3.connectionpool DEBUG http://localhost:None "POST /v1.45/build?t=panther-webapp&q=False&nocache=False&rm=True&forcerm=False&pull=False&dockerfile=Dockerfile.ivy_webapp&networkmode=host HTTP/1.1" 200 None
13:12:14,98 urllib3.connectionpool DEBUG http://localhost:None "GET /v1.45/images/af64473f90b4/json HTTP/1.1" 200 None
13:12:14,98 root INFO Building Docker image panther-webap: Step 1/9 : FROM ubuntu:20.04
13:12:14,98 root INFO Building Docker image panther-webap: 
13:12:14,98 root INFO Building Docker image panther-webap:  ---> 2abc4dfd8318
13:12:14,98 root INFO Building Docker image panther-webap: Step 2/9 : ADD ./app/ /app/
13:12:14,99 root INFO Building Docker image panther-webap: 
13:12:14,99 root INFO Building Docker image panther-webap:  ---> Using cache
13:12:14,99 root INFO Building Docker image panther-webap:  ---> 2d4241074a63
13:12:14,99 root INFO Building Docker image panther-webap: Step 3/9 : WORKDIR /app
13:12:14,99 root INFO Building Docker image panther-webap: 
13:12:14,99 root INFO Building Docker image panther-webap:  ---> Using cache
13:12:14,99 root INFO Building Docker image panther-webap:  ---> bffd8d08664d
13:12:14,99 root INFO Building Docker image panther-webap: Step 4/9 : ENV DEBIAN_FRONTEND="noninteractive"
13:12:14,99 root INFO Building Docker image panther-webap: 
13:12:14,99 root INFO Building Docker image panther-webap:  ---> Using cache
13:12:14,99 root INFO Building Docker image panther-webap:  ---> ae831743ddc1
13:12:14,99 root INFO Building Docker image panther-webap: Step 5/9 : ENV PATH="/root/.cargo/bin:${PATH}"
13:12:14,99 root INFO Building Docker image panther-webap: 
13:12:14,99 root INFO Building Docker image panther-webap:  ---> Using cache
13:12:14,99 root INFO Building Docker image panther-webap:  ---> 9649a9763b7c
13:12:14,99 root INFO Building Docker image panther-webap: Step 6/9 : RUN apt-get update
13:12:14,99 root INFO Building Docker image panther-webap: 
13:12:14,99 root INFO Building Docker image panther-webap:  ---> Using cache
13:12:14,99 root INFO Building Docker image panther-webap:  ---> d80e331f8467
13:12:14,100 root INFO Building Docker image panther-webap: Step 7/9 : RUN apt-get install -y python3-pip python3-dev python3-setuptools python3-wheel  libgraphviz-dev
13:12:14,100 root INFO Building Docker image panther-webap: 
13:12:14,100 root INFO Building Docker image panther-webap:  ---> Using cache
13:12:14,100 root INFO Building Docker image panther-webap:  ---> 1e23990aa85d
13:12:14,100 root INFO Building Docker image panther-webap: Step 8/9 : ADD setup.py .
13:12:14,100 root INFO Building Docker image panther-webap: 
13:12:14,100 root INFO Building Docker image panther-webap:  ---> Using cache
13:12:14,100 root INFO Building Docker image panther-webap:  ---> 4e0dc36d3a05
13:12:14,100 root INFO Building Docker image panther-webap: Step 9/9 : RUN python3 -m pip install .
13:12:14,100 root INFO Building Docker image panther-webap: 
13:12:14,100 root INFO Building Docker image panther-webap:  ---> Using cache
13:12:14,100 root INFO Building Docker image panther-webap:  ---> af64473f90b4
13:12:14,100 root INFO Building Docker image panther-webap: Successfully built af64473f90b4
13:12:14,100 root INFO Building Docker image panther-webap: Successfully tagged panther-webapp:latest
13:12:14,100 root INFO Building Docker image panther-webap complete.
13:12:14,100 panther-cli DEBUG Executing command: docker tag panther-webapp elniak/panther-webapp:latest
13:12:14,119 panther-cli DEBUG Executing command: docker push elniak/panther-webapp:latest
13:12:17,383 root INFO Pushed image 'panther-webapp' to registry 'elniak'.
