12:21:32,602 root INFO Docker Compose configuration updated successfully.
12:21:32,746 root INFO Added entry to /etc/hosts: 172.27.1.10 panther-webapp
12:21:32,765 root INFO Added entry to /etc/hosts: 172.27.1.13 picoquic-ivy
12:21:32,780 root INFO Added entry to /etc/hosts: 172.27.1.12 ping-pong-ivy
12:21:32,798 root INFO Added entry to /etc/hosts: 172.27.1.14 picoquic-shadow-ivy
12:21:32,798 root INFO Executing command in tmux with log file:  "docker compose -f panther/docker-compose.yml logs -f | tee 'logs/compose_2024-06-02 12:21:32.798566.log'"
12:21:33,750 root INFO Name panther-webapp - Time: 1.01s - CPU Usage: 0.00% - Memory Usage: 121.58MB (23.75%)
12:21:34,755 root INFO Name picoquic-ivy - Time: 1.99s - CPU Usage: 0.00% - Memory Usage: 58.12MB (2.84%)
12:21:34,757 root INFO Name ping-pong-ivy - Time: 1.98s - CPU Usage: 0.00% - Memory Usage: 58.78MB (2.87%)
12:21:34,758 root INFO Name picoquic-shadow-ivy - Time: 1.96s - CPU Usage: 0.00% - Memory Usage: 71.90MB (3.51%)
12:21:44,768 root INFO Name panther-webapp - Time: 12.02s - CPU Usage: 0.00% - Memory Usage: 121.58MB (23.75%)
12:21:46,776 root INFO Name ping-pong-ivy - Time: 14.00s - CPU Usage: 0.00% - Memory Usage: 58.78MB (2.87%)
12:21:46,777 root INFO Name picoquic-shadow-ivy - Time: 13.98s - CPU Usage: 0.00% - Memory Usage: 71.81MB (3.51%)
12:21:46,778 root INFO Name picoquic-ivy - Time: 14.01s - CPU Usage: 0.00% - Memory Usage: 58.11MB (2.84%)
12:21:55,781 root INFO Name panther-webapp - Time: 23.04s - CPU Usage: 0.00% - Memory Usage: 121.58MB (23.75%)
12:21:57,792 root INFO Name ping-pong-ivy - Time: 25.01s - CPU Usage: 0.00% - Memory Usage: 58.78MB (2.87%)
12:21:58,795 root INFO Name picoquic-shadow-ivy - Time: 26.00s - CPU Usage: 0.00% - Memory Usage: 71.81MB (3.51%)
12:21:58,798 root INFO Name picoquic-ivy - Time: 26.03s - CPU Usage: 0.00% - Memory Usage: 58.12MB (2.84%)
12:22:06,794 root INFO Name panther-webapp - Time: 34.05s - CPU Usage: 0.00% - Memory Usage: 121.58MB (23.75%)
12:22:08,808 root INFO Name ping-pong-ivy - Time: 36.03s - CPU Usage: 0.00% - Memory Usage: 58.78MB (2.87%)
12:22:09,813 root INFO Name picoquic-shadow-ivy - Time: 37.02s - CPU Usage: 0.00% - Memory Usage: 71.81MB (3.51%)
