10:08:33,693 docker.utils.config DEBUG Trying paths: ['/home/crochetch/.docker/config.json', '/home/crochetch/.dockercfg']
10:08:33,693 docker.utils.config DEBUG Found file at path: /home/crochetch/.docker/config.json
10:08:33,693 docker.auth DEBUG Found 'auths' section
10:08:33,693 docker.auth DEBUG Found entry (registry='https://index.docker.io/v1/', username='elniak')
10:08:33,699 urllib3.connectionpool DEBUG http://localhost:None "GET /version HTTP/1.1" 200 828
10:08:33,700 docker.utils.config DEBUG Trying paths: ['/home/crochetch/.docker/config.json', '/home/crochetch/.dockercfg']
10:08:33,700 docker.utils.config DEBUG Found file at path: /home/crochetch/.docker/config.json
10:08:33,700 docker.auth DEBUG Found 'auths' section
10:08:33,700 docker.auth DEBUG Found entry (registry='https://index.docker.io/v1/', username='elniak')
10:08:33,706 urllib3.connectionpool DEBUG http://localhost:None "GET /version HTTP/1.1" 200 828
10:08:33,709 urllib3.connectionpool DEBUG http://localhost:None "GET /v1.45/networks/net HTTP/1.1" 200 432
10:08:33,709 root DEBUG Executing command: sudo chown -R $USER:$GROUPS $PWD/panther/
10:08:34,662 root DEBUG Executing command: xhost +
10:08:34,703 root INFO Docker Compose configuration updated successfully.
10:08:34,703 root DEBUG Executing command: cat panther/docker-compose.yml
10:08:34,707 root DEBUG Executing command: docker compose -f panther/docker-compose.yml up -d
10:08:42,406 urllib3.connectionpool DEBUG http://localhost:None "GET /v1.45/containers/ping-pong-ivy/json HTTP/1.1" 200 None
10:08:42,407 docker.utils.config DEBUG Trying paths: ['/home/crochetch/.docker/config.json', '/home/crochetch/.dockercfg']
10:08:42,412 urllib3.connectionpool DEBUG http://localhost:None "GET /v1.45/containers/ping-pong-ivy/json HTTP/1.1" 200 None
10:08:42,414 docker.utils.config DEBUG Found file at path: /home/crochetch/.docker/config.json
10:08:42,415 docker.auth DEBUG Found 'auths' section
10:08:42,416 docker.auth DEBUG Found entry (registry='https://index.docker.io/v1/', username='elniak')
10:08:42,415 root DEBUG Executing command: echo '172.27.1.12 ping-pong-ivy' | sudo tee -a /etc/hosts
10:08:42,436 urllib3.connectionpool DEBUG http://localhost:None "GET /version HTTP/1.1" 200 828
10:08:42,441 urllib3.connectionpool DEBUG http://localhost:None "GET /v1.45/containers/ping-pong-ivy/json HTTP/1.1" 200 None
10:08:42,446 root INFO Added entry to /etc/hosts: 172.27.1.12 ping-pong-ivy
10:08:42,458 urllib3.connectionpool DEBUG http://localhost:None "GET /v1.45/containers/picoquic-ivy/json HTTP/1.1" 200 None
10:08:42,460 docker.utils.config DEBUG Trying paths: ['/home/crochetch/.docker/config.json', '/home/crochetch/.dockercfg']
10:08:42,460 docker.utils.config DEBUG Found file at path: /home/crochetch/.docker/config.json
10:08:42,460 docker.auth DEBUG Found 'auths' section
10:08:42,460 docker.auth DEBUG Found entry (registry='https://index.docker.io/v1/', username='elniak')
10:08:42,464 urllib3.connectionpool DEBUG http://localhost:None "GET /v1.45/containers/picoquic-ivy/json HTTP/1.1" 200 None
10:08:42,466 root DEBUG Executing command: echo '172.27.1.13 picoquic-ivy' | sudo tee -a /etc/hosts
10:08:42,474 urllib3.connectionpool DEBUG http://localhost:None "GET /version HTTP/1.1" 200 828
10:08:42,480 urllib3.connectionpool DEBUG http://localhost:None "GET /v1.45/containers/picoquic-ivy/json HTTP/1.1" 200 None
10:08:42,486 root INFO Added entry to /etc/hosts: 172.27.1.13 picoquic-ivy
10:08:42,489 urllib3.connectionpool DEBUG http://localhost:None "GET /v1.45/containers/picoquic-shadow-ivy/json HTTP/1.1" 200 None
10:08:42,491 docker.utils.config DEBUG Trying paths: ['/home/crochetch/.docker/config.json', '/home/crochetch/.dockercfg']
10:08:42,491 docker.utils.config DEBUG Found file at path: /home/crochetch/.docker/config.json
10:08:42,491 docker.auth DEBUG Found 'auths' section
10:08:42,491 docker.auth DEBUG Found entry (registry='https://index.docker.io/v1/', username='elniak')
10:08:42,497 urllib3.connectionpool DEBUG http://localhost:None "GET /v1.45/containers/picoquic-shadow-ivy/json HTTP/1.1" 200 None
10:08:42,498 root DEBUG Executing command: echo '172.27.1.14 picoquic-shadow-ivy' | sudo tee -a /etc/hosts
10:08:42,509 urllib3.connectionpool DEBUG http://localhost:None "GET /version HTTP/1.1" 200 828
10:08:42,513 urllib3.connectionpool DEBUG http://localhost:None "GET /v1.45/containers/picoquic-shadow-ivy/json HTTP/1.1" 200 None
10:08:42,522 root INFO Added entry to /etc/hosts: 172.27.1.14 picoquic-shadow-ivy
10:08:42,525 urllib3.connectionpool DEBUG http://localhost:None "GET /v1.45/containers/panther-webapp/json HTTP/1.1" 200 None
10:08:42,526 docker.utils.config DEBUG Trying paths: ['/home/crochetch/.docker/config.json', '/home/crochetch/.dockercfg']
10:08:42,528 docker.utils.config DEBUG Found file at path: /home/crochetch/.docker/config.json
10:08:42,528 docker.auth DEBUG Found 'auths' section
10:08:42,529 urllib3.connectionpool DEBUG http://localhost:None "GET /v1.45/containers/panther-webapp/json HTTP/1.1" 200 None
10:08:42,529 docker.auth DEBUG Found entry (registry='https://index.docker.io/v1/', username='elniak')
10:08:42,530 root DEBUG Executing command: echo '172.27.1.10 panther-webapp' | sudo tee -a /etc/hosts
10:08:42,557 urllib3.connectionpool DEBUG http://localhost:None "GET /version HTTP/1.1" 200 828
10:08:42,558 root INFO Added entry to /etc/hosts: 172.27.1.10 panther-webapp
10:08:42,560 root DEBUG Executing command: docker compose -f panther/docker-compose.yml logs -f
10:08:42,564 urllib3.connectionpool DEBUG http://localhost:None "GET /v1.45/containers/panther-webapp/json HTTP/1.1" 200 None
10:08:43,451 urllib3.connectionpool DEBUG http://localhost:None "GET /v1.45/containers/c884fa9132295247a0661ed6440c20d579423a09e8e6754b542b6cc236c00c90/stats?stream=False HTTP/1.1" 200 1848
10:08:43,451 root INFO Name ping-pong-ivy - Time: 1.01s - CPU Usage: 0.00% - Memory Usage: 64.77MB (12.65%)
10:08:44,461 urllib3.connectionpool DEBUG http://localhost:None "GET /v1.45/containers/3f8d50f24cf5aca957d3b5ea92cd4756a8bb97cf4559c62853e776b333d3edd1/stats?stream=False HTTP/1.1" 200 1839
10:08:44,461 root INFO Name picoquic-shadow-ivy - Time: 1.95s - CPU Usage: 0.00% - Memory Usage: 58.83MB (11.49%)
10:08:44,462 urllib3.connectionpool DEBUG http://localhost:None "GET /v1.45/containers/0a9669602537ea73210ba8237c2cf337c527c545631b2efebdaab5d15382c786/stats?stream=False HTTP/1.1" 200 1882
10:08:44,463 root INFO Name panther-webapp - Time: 1.90s - CPU Usage: 0.00% - Memory Usage: 108.93MB (21.28%)
10:08:44,463 urllib3.connectionpool DEBUG http://localhost:None "GET /v1.45/containers/66858dca1de686d19128b15a74c20f2a24ddb8d91ceeb5769b8229deaa71200f/stats?stream=False HTTP/1.1" 200 1825
10:08:44,464 root INFO Name picoquic-ivy - Time: 1.98s - CPU Usage: 0.00% - Memory Usage: 57.92MB (11.31%)
