13:10:42,534 __main__ INFO Building Docker image panther-webapp
13:10:49,523 root INFO Building Docker image panther-webap: Step 1/9 : FROM ubuntu:20.04
13:10:49,524 root INFO Building Docker image panther-webap: 
13:10:49,524 root INFO Building Docker image panther-webap:  ---> 2abc4dfd8318
13:10:49,524 root INFO Building Docker image panther-webap: Step 2/9 : ADD ./app/ /app/
13:10:49,524 root INFO Building Docker image panther-webap: 
13:10:49,524 root INFO Building Docker image panther-webap:  ---> Using cache
13:10:49,524 root INFO Building Docker image panther-webap:  ---> 2d4241074a63
13:10:49,524 root INFO Building Docker image panther-webap: Step 3/9 : WORKDIR /app
13:10:49,524 root INFO Building Docker image panther-webap: 
13:10:49,524 root INFO Building Docker image panther-webap:  ---> Using cache
13:10:49,524 root INFO Building Docker image panther-webap:  ---> bffd8d08664d
13:10:49,524 root INFO Building Docker image panther-webap: Step 4/9 : ENV DEBIAN_FRONTEND="noninteractive"
13:10:49,524 root INFO Building Docker image panther-webap: 
13:10:49,524 root INFO Building Docker image panther-webap:  ---> Using cache
13:10:49,524 root INFO Building Docker image panther-webap:  ---> ae831743ddc1
13:10:49,524 root INFO Building Docker image panther-webap: Step 5/9 : ENV PATH="/root/.cargo/bin:${PATH}"
13:10:49,524 root INFO Building Docker image panther-webap: 
13:10:49,524 root INFO Building Docker image panther-webap:  ---> Using cache
13:10:49,524 root INFO Building Docker image panther-webap:  ---> 9649a9763b7c
13:10:49,524 root INFO Building Docker image panther-webap: Step 6/9 : RUN apt-get update
13:10:49,524 root INFO Building Docker image panther-webap: 
13:10:49,525 root INFO Building Docker image panther-webap:  ---> Using cache
13:10:49,525 root INFO Building Docker image panther-webap:  ---> d80e331f8467
13:10:49,525 root INFO Building Docker image panther-webap: Step 7/9 : RUN apt-get install -y python3-pip python3-dev python3-setuptools python3-wheel  libgraphviz-dev
13:10:49,525 root INFO Building Docker image panther-webap: 
13:10:49,525 root INFO Building Docker image panther-webap:  ---> Using cache
13:10:49,525 root INFO Building Docker image panther-webap:  ---> 1e23990aa85d
13:10:49,525 root INFO Building Docker image panther-webap: Step 8/9 : ADD setup.py .
13:10:49,525 root INFO Building Docker image panther-webap: 
13:10:49,525 root INFO Building Docker image panther-webap:  ---> Using cache
13:10:49,525 root INFO Building Docker image panther-webap:  ---> 4e0dc36d3a05
13:10:49,525 root INFO Building Docker image panther-webap: Step 9/9 : RUN python3 -m pip install .
13:10:49,525 root INFO Building Docker image panther-webap: 
13:10:49,525 root INFO Building Docker image panther-webap:  ---> Using cache
13:10:49,525 root INFO Building Docker image panther-webap:  ---> af64473f90b4
13:10:49,525 root INFO Building Docker image panther-webap: Successfully built af64473f90b4
13:10:49,525 root INFO Building Docker image panther-webap: Successfully tagged panther-webapp:latest
13:10:49,525 root INFO Building Docker image panther-webap complete.
13:10:58,14 root INFO Pushed image 'panther-webapp' to registry 'elniak'.
