10:09:10,295 docker.utils.config DEBUG Trying paths: ['/home/crochetch/.docker/config.json', '/home/crochetch/.dockercfg']
10:09:10,295 docker.utils.config DEBUG Found file at path: /home/crochetch/.docker/config.json
10:09:10,295 docker.auth DEBUG Found 'auths' section
10:09:10,295 docker.auth DEBUG Found entry (registry='https://index.docker.io/v1/', username='elniak')
10:09:10,304 urllib3.connectionpool DEBUG http://localhost:None "GET /version HTTP/1.1" 200 828
10:09:10,305 docker.utils.config DEBUG Trying paths: ['/home/crochetch/.docker/config.json', '/home/crochetch/.dockercfg']
10:09:10,305 docker.utils.config DEBUG Found file at path: /home/crochetch/.docker/config.json
10:09:10,305 docker.auth DEBUG Found 'auths' section
10:09:10,305 docker.auth DEBUG Found entry (registry='https://index.docker.io/v1/', username='elniak')
10:09:10,312 urllib3.connectionpool DEBUG http://localhost:None "GET /version HTTP/1.1" 200 828
10:09:10,315 urllib3.connectionpool DEBUG http://localhost:None "GET /v1.45/networks/net HTTP/1.1" 200 432
10:09:10,315 root DEBUG Executing command: sudo chown -R $USER:$GROUPS $PWD/panther/
10:09:11,276 root DEBUG Executing command: xhost +
10:09:11,300 root INFO Docker Compose configuration updated successfully.
10:09:11,300 root DEBUG Executing command: cat panther/docker-compose.yml
10:09:11,303 root DEBUG Executing command: docker compose -f panther/docker-compose.yml up -d
10:09:19,825 urllib3.connectionpool DEBUG http://localhost:None "GET /v1.45/containers/panther-webapp/json HTTP/1.1" 200 None
10:09:19,827 docker.utils.config DEBUG Trying paths: ['/home/crochetch/.docker/config.json', '/home/crochetch/.dockercfg']
10:09:19,829 docker.utils.config DEBUG Found file at path: /home/crochetch/.docker/config.json
10:09:19,830 docker.auth DEBUG Found 'auths' section
10:09:19,830 docker.auth DEBUG Found entry (registry='https://index.docker.io/v1/', username='elniak')
10:09:19,832 urllib3.connectionpool DEBUG http://localhost:None "GET /v1.45/containers/panther-webapp/json HTTP/1.1" 200 None
10:09:19,834 root DEBUG Executing command: echo '172.27.1.10 panther-webapp' | sudo tee -a /etc/hosts
10:09:19,843 urllib3.connectionpool DEBUG http://localhost:None "GET /version HTTP/1.1" 200 828
10:09:19,847 urllib3.connectionpool DEBUG http://localhost:None "GET /v1.45/containers/panther-webapp/json HTTP/1.1" 200 None
10:09:19,865 root INFO Added entry to /etc/hosts: 172.27.1.10 panther-webapp
10:09:19,869 urllib3.connectionpool DEBUG http://localhost:None "GET /v1.45/containers/picoquic-ivy/json HTTP/1.1" 200 None
10:09:19,870 docker.utils.config DEBUG Trying paths: ['/home/crochetch/.docker/config.json', '/home/crochetch/.dockercfg']
10:09:19,871 docker.utils.config DEBUG Found file at path: /home/crochetch/.docker/config.json
10:09:19,871 docker.auth DEBUG Found 'auths' section
10:09:19,872 docker.auth DEBUG Found entry (registry='https://index.docker.io/v1/', username='elniak')
10:09:19,875 urllib3.connectionpool DEBUG http://localhost:None "GET /v1.45/containers/picoquic-ivy/json HTTP/1.1" 200 None
10:09:19,876 root DEBUG Executing command: echo '172.27.1.13 picoquic-ivy' | sudo tee -a /etc/hosts
10:09:19,880 urllib3.connectionpool DEBUG http://localhost:None "GET /version HTTP/1.1" 200 828
10:09:19,885 urllib3.connectionpool DEBUG http://localhost:None "GET /v1.45/containers/picoquic-ivy/json HTTP/1.1" 200 None
10:09:19,891 root INFO Added entry to /etc/hosts: 172.27.1.13 picoquic-ivy
10:09:19,894 urllib3.connectionpool DEBUG http://localhost:None "GET /v1.45/containers/ping-pong-ivy/json HTTP/1.1" 200 None
10:09:19,895 docker.utils.config DEBUG Trying paths: ['/home/crochetch/.docker/config.json', '/home/crochetch/.dockercfg']
10:09:19,897 urllib3.connectionpool DEBUG http://localhost:None "GET /v1.45/containers/ping-pong-ivy/json HTTP/1.1" 200 None
10:09:19,899 docker.utils.config DEBUG Found file at path: /home/crochetch/.docker/config.json
10:09:19,899 docker.auth DEBUG Found 'auths' section
10:09:19,900 docker.auth DEBUG Found entry (registry='https://index.docker.io/v1/', username='elniak')
10:09:19,900 root DEBUG Executing command: echo '172.27.1.12 ping-pong-ivy' | sudo tee -a /etc/hosts
10:09:19,912 urllib3.connectionpool DEBUG http://localhost:None "GET /version HTTP/1.1" 200 828
10:09:19,916 urllib3.connectionpool DEBUG http://localhost:None "GET /v1.45/containers/ping-pong-ivy/json HTTP/1.1" 200 None
10:09:19,923 root INFO Added entry to /etc/hosts: 172.27.1.12 ping-pong-ivy
10:09:19,927 urllib3.connectionpool DEBUG http://localhost:None "GET /v1.45/containers/picoquic-shadow-ivy/json HTTP/1.1" 200 None
10:09:19,929 docker.utils.config DEBUG Trying paths: ['/home/crochetch/.docker/config.json', '/home/crochetch/.dockercfg']
10:09:19,929 docker.utils.config DEBUG Found file at path: /home/crochetch/.docker/config.json
10:09:19,930 docker.auth DEBUG Found 'auths' section
10:09:19,930 docker.auth DEBUG Found entry (registry='https://index.docker.io/v1/', username='elniak')
10:09:19,931 urllib3.connectionpool DEBUG http://localhost:None "GET /v1.45/containers/picoquic-shadow-ivy/json HTTP/1.1" 200 None
10:09:19,932 root DEBUG Executing command: echo '172.27.1.14 picoquic-shadow-ivy' | sudo tee -a /etc/hosts
10:09:19,946 urllib3.connectionpool DEBUG http://localhost:None "GET /version HTTP/1.1" 200 828
10:09:19,950 urllib3.connectionpool DEBUG http://localhost:None "GET /v1.45/containers/picoquic-shadow-ivy/json HTTP/1.1" 200 None
10:09:19,952 root INFO Added entry to /etc/hosts: 172.27.1.14 picoquic-shadow-ivy
10:09:19,953 root DEBUG Executing command: docker compose -f panther/docker-compose.yml logs -f
10:09:20,860 urllib3.connectionpool DEBUG http://localhost:None "GET /v1.45/containers/f86dc6fdda1e768d79e9e8fc879d01c24cea09936a16c30ac23862271df647c0/stats?stream=False HTTP/1.1" 200 1870
10:09:20,861 root INFO Name panther-webapp - Time: 1.01s - CPU Usage: 0.00% - Memory Usage: 68.45MB (13.37%)
10:09:21,868 urllib3.connectionpool DEBUG http://localhost:None "GET /v1.45/containers/f8a6b53dad69d0d9cabb8cf945730416aeef156ea07e829071b41fb2f30c571c/stats?stream=False HTTP/1.1" 200 1826
10:09:21,869 root INFO Name picoquic-ivy - Time: 1.98s - CPU Usage: 0.00% - Memory Usage: 57.91MB (11.31%)
10:09:21,870 urllib3.connectionpool DEBUG http://localhost:None "GET /v1.45/containers/8b429b125ed4438c3db34380543dd22120df1d3432b62faf606bcdedf3704952/stats?stream=False HTTP/1.1" 200 1849
10:09:21,872 root INFO Name ping-pong-ivy - Time: 1.95s - CPU Usage: 0.00% - Memory Usage: 65.00MB (12.69%)
10:09:21,873 urllib3.connectionpool DEBUG http://localhost:None "GET /v1.45/containers/9244e313f68ac7a0e5c0dc41c02e4af01b3d64bb399fd4990d6263ef91a7fd9f/stats?stream=False HTTP/1.1" 200 1834
10:09:21,874 root INFO Name picoquic-shadow-ivy - Time: 1.92s - CPU Usage: 0.00% - Memory Usage: 58.33MB (11.39%)
10:09:31,875 urllib3.connectionpool DEBUG http://localhost:None "GET /v1.45/containers/f86dc6fdda1e768d79e9e8fc879d01c24cea09936a16c30ac23862271df647c0/stats?stream=False HTTP/1.1" 200 1890
10:09:31,876 root INFO Name panther-webapp - Time: 12.03s - CPU Usage: 0.00% - Memory Usage: 122.55MB (23.94%)
10:09:33,884 urllib3.connectionpool DEBUG http://localhost:None "GET /v1.45/containers/f8a6b53dad69d0d9cabb8cf945730416aeef156ea07e829071b41fb2f30c571c/stats?stream=False HTTP/1.1" 200 1836
10:09:33,884 root INFO Name picoquic-ivy - Time: 14.00s - CPU Usage: 0.00% - Memory Usage: 58.66MB (11.46%)
10:09:33,885 urllib3.connectionpool DEBUG http://localhost:None "GET /v1.45/containers/8b429b125ed4438c3db34380543dd22120df1d3432b62faf606bcdedf3704952/stats?stream=False HTTP/1.1" 200 1852
10:09:33,885 root INFO Name ping-pong-ivy - Time: 13.97s - CPU Usage: 0.00% - Memory Usage: 64.94MB (12.68%)
10:09:33,886 urllib3.connectionpool DEBUG http://localhost:None "GET /v1.45/containers/9244e313f68ac7a0e5c0dc41c02e4af01b3d64bb399fd4990d6263ef91a7fd9f/stats?stream=False HTTP/1.1" 200 1838
10:09:33,886 root INFO Name picoquic-shadow-ivy - Time: 13.94s - CPU Usage: 0.00% - Memory Usage: 58.34MB (11.39%)
10:09:42,890 urllib3.connectionpool DEBUG http://localhost:None "GET /v1.45/containers/f86dc6fdda1e768d79e9e8fc879d01c24cea09936a16c30ac23862271df647c0/stats?stream=False HTTP/1.1" 200 1897
10:09:42,891 root INFO Name panther-webapp - Time: 23.04s - CPU Usage: 0.00% - Memory Usage: 123.81MB (24.18%)
10:09:44,900 urllib3.connectionpool DEBUG http://localhost:None "GET /v1.45/containers/f8a6b53dad69d0d9cabb8cf945730416aeef156ea07e829071b41fb2f30c571c/stats?stream=False HTTP/1.1" 200 1889
10:09:44,900 root INFO Name picoquic-ivy - Time: 25.01s - CPU Usage: 0.00% - Memory Usage: 424.53MB (82.92%)
10:09:45,904 urllib3.connectionpool DEBUG http://localhost:None "GET /v1.45/containers/8b429b125ed4438c3db34380543dd22120df1d3432b62faf606bcdedf3704952/stats?stream=False HTTP/1.1" 200 1857
10:09:45,904 root INFO Name ping-pong-ivy - Time: 25.99s - CPU Usage: 0.00% - Memory Usage: 64.71MB (12.64%)
10:09:45,905 urllib3.connectionpool DEBUG http://localhost:None "GET /v1.45/containers/9244e313f68ac7a0e5c0dc41c02e4af01b3d64bb399fd4990d6263ef91a7fd9f/stats?stream=False HTTP/1.1" 200 1845
10:09:45,906 root INFO Name picoquic-shadow-ivy - Time: 25.96s - CPU Usage: 0.00% - Memory Usage: 58.34MB (11.39%)
10:09:53,907 urllib3.connectionpool DEBUG http://localhost:None "GET /v1.45/containers/f86dc6fdda1e768d79e9e8fc879d01c24cea09936a16c30ac23862271df647c0/stats?stream=False HTTP/1.1" 200 1901
10:09:53,908 root INFO Name panther-webapp - Time: 34.06s - CPU Usage: 0.00% - Memory Usage: 123.49MB (24.12%)
10:09:55,914 urllib3.connectionpool DEBUG http://localhost:None "GET /v1.45/containers/f8a6b53dad69d0d9cabb8cf945730416aeef156ea07e829071b41fb2f30c571c/stats?stream=False HTTP/1.1" 200 1899
10:09:55,914 root INFO Name picoquic-ivy - Time: 36.03s - CPU Usage: 0.00% - Memory Usage: 452.54MB (88.39%)
10:09:57,926 urllib3.connectionpool DEBUG http://localhost:None "GET /v1.45/containers/9244e313f68ac7a0e5c0dc41c02e4af01b3d64bb399fd4990d6263ef91a7fd9f/stats?stream=False HTTP/1.1" 200 1845
10:09:57,926 root INFO Name picoquic-shadow-ivy - Time: 37.98s - CPU Usage: 0.00% - Memory Usage: 58.34MB (11.39%)
10:09:57,928 urllib3.connectionpool DEBUG http://localhost:None "GET /v1.45/containers/8b429b125ed4438c3db34380543dd22120df1d3432b62faf606bcdedf3704952/stats?stream=False HTTP/1.1" 200 1858
10:09:57,928 root INFO Name ping-pong-ivy - Time: 38.01s - CPU Usage: 0.00% - Memory Usage: 64.61MB (12.62%)
10:10:04,926 urllib3.connectionpool DEBUG http://localhost:None "GET /v1.45/containers/f86dc6fdda1e768d79e9e8fc879d01c24cea09936a16c30ac23862271df647c0/stats?stream=False HTTP/1.1" 200 1901
10:10:04,926 root INFO Name panther-webapp - Time: 45.08s - CPU Usage: 0.00% - Memory Usage: 123.32MB (24.09%)
10:10:06,932 urllib3.connectionpool DEBUG http://localhost:None "GET /v1.45/containers/f8a6b53dad69d0d9cabb8cf945730416aeef156ea07e829071b41fb2f30c571c/stats?stream=False HTTP/1.1" 200 1902
10:10:06,932 root INFO Name picoquic-ivy - Time: 47.05s - CPU Usage: 0.00% - Memory Usage: 414.34MB (80.93%)
10:10:08,943 urllib3.connectionpool DEBUG http://localhost:None "GET /v1.45/containers/9244e313f68ac7a0e5c0dc41c02e4af01b3d64bb399fd4990d6263ef91a7fd9f/stats?stream=False HTTP/1.1" 200 1847
10:10:08,944 root INFO Name picoquic-shadow-ivy - Time: 48.99s - CPU Usage: 0.00% - Memory Usage: 58.34MB (11.39%)
10:10:09,948 urllib3.connectionpool DEBUG http://localhost:None "GET /v1.45/containers/8b429b125ed4438c3db34380543dd22120df1d3432b62faf606bcdedf3704952/stats?stream=False HTTP/1.1" 200 1860
10:10:09,950 root INFO Name ping-pong-ivy - Time: 50.03s - CPU Usage: 0.00% - Memory Usage: 64.71MB (12.64%)
10:10:15,944 urllib3.connectionpool DEBUG http://localhost:None "GET /v1.45/containers/f86dc6fdda1e768d79e9e8fc879d01c24cea09936a16c30ac23862271df647c0/stats?stream=False HTTP/1.1" 200 1902
10:10:15,945 root INFO Name panther-webapp - Time: 56.10s - CPU Usage: 0.00% - Memory Usage: 123.18MB (24.06%)
10:10:17,950 urllib3.connectionpool DEBUG http://localhost:None "GET /v1.45/containers/f8a6b53dad69d0d9cabb8cf945730416aeef156ea07e829071b41fb2f30c571c/stats?stream=False HTTP/1.1" 200 1902
10:10:17,951 root INFO Name picoquic-ivy - Time: 58.06s - CPU Usage: 0.00% - Memory Usage: 405.43MB (79.18%)
10:10:19,958 urllib3.connectionpool DEBUG http://localhost:None "GET /v1.45/containers/9244e313f68ac7a0e5c0dc41c02e4af01b3d64bb399fd4990d6263ef91a7fd9f/stats?stream=False HTTP/1.1" 200 1846
10:10:19,959 root INFO Name picoquic-shadow-ivy - Time: 60.01s - CPU Usage: 0.00% - Memory Usage: 58.34MB (11.39%)
10:10:21,965 urllib3.connectionpool DEBUG http://localhost:None "GET /v1.45/containers/8b429b125ed4438c3db34380543dd22120df1d3432b62faf606bcdedf3704952/stats?stream=False HTTP/1.1" 200 1859
10:10:21,966 root INFO Name ping-pong-ivy - Time: 62.05s - CPU Usage: 0.00% - Memory Usage: 64.55MB (12.61%)
10:10:26,959 urllib3.connectionpool DEBUG http://localhost:None "GET /v1.45/containers/f86dc6fdda1e768d79e9e8fc879d01c24cea09936a16c30ac23862271df647c0/stats?stream=False HTTP/1.1" 200 1901
10:10:26,960 root INFO Name panther-webapp - Time: 67.11s - CPU Usage: 0.00% - Memory Usage: 123.14MB (24.05%)
10:10:28,965 urllib3.connectionpool DEBUG http://localhost:None "GET /v1.45/containers/f8a6b53dad69d0d9cabb8cf945730416aeef156ea07e829071b41fb2f30c571c/stats?stream=False HTTP/1.1" 200 1901
10:10:28,966 root INFO Name picoquic-ivy - Time: 69.08s - CPU Usage: 0.00% - Memory Usage: 396.43MB (77.43%)
10:10:30,973 urllib3.connectionpool DEBUG http://localhost:None "GET /v1.45/containers/9244e313f68ac7a0e5c0dc41c02e4af01b3d64bb399fd4990d6263ef91a7fd9f/stats?stream=False HTTP/1.1" 200 1845
10:10:30,973 root INFO Name picoquic-shadow-ivy - Time: 71.02s - CPU Usage: 0.00% - Memory Usage: 58.34MB (11.39%)
10:10:32,982 urllib3.connectionpool DEBUG http://localhost:None "GET /v1.45/containers/8b429b125ed4438c3db34380543dd22120df1d3432b62faf606bcdedf3704952/stats?stream=False HTTP/1.1" 200 1860
10:10:32,983 root INFO Name ping-pong-ivy - Time: 73.07s - CPU Usage: 0.00% - Memory Usage: 64.54MB (12.61%)
10:10:37,976 urllib3.connectionpool DEBUG http://localhost:None "GET /v1.45/containers/f86dc6fdda1e768d79e9e8fc879d01c24cea09936a16c30ac23862271df647c0/stats?stream=False HTTP/1.1" 200 1902
10:10:37,976 root INFO Name panther-webapp - Time: 78.13s - CPU Usage: 0.00% - Memory Usage: 123.13MB (24.05%)
10:10:39,981 urllib3.connectionpool DEBUG http://localhost:None "GET /v1.45/containers/f8a6b53dad69d0d9cabb8cf945730416aeef156ea07e829071b41fb2f30c571c/stats?stream=False HTTP/1.1" 200 1902
10:10:39,982 root INFO Name picoquic-ivy - Time: 80.10s - CPU Usage: 0.00% - Memory Usage: 392.30MB (76.62%)
10:10:41,990 urllib3.connectionpool DEBUG http://localhost:None "GET /v1.45/containers/9244e313f68ac7a0e5c0dc41c02e4af01b3d64bb399fd4990d6263ef91a7fd9f/stats?stream=False HTTP/1.1" 200 1847
10:10:41,991 root INFO Name picoquic-shadow-ivy - Time: 82.04s - CPU Usage: 0.00% - Memory Usage: 58.34MB (11.39%)
10:10:43,999 urllib3.connectionpool DEBUG http://localhost:None "GET /v1.45/containers/8b429b125ed4438c3db34380543dd22120df1d3432b62faf606bcdedf3704952/stats?stream=False HTTP/1.1" 200 1860
10:10:44,0 root INFO Name ping-pong-ivy - Time: 84.08s - CPU Usage: 0.00% - Memory Usage: 64.54MB (12.61%)
10:10:48,992 urllib3.connectionpool DEBUG http://localhost:None "GET /v1.45/containers/f86dc6fdda1e768d79e9e8fc879d01c24cea09936a16c30ac23862271df647c0/stats?stream=False HTTP/1.1" 200 1902
10:10:48,992 root INFO Name panther-webapp - Time: 89.14s - CPU Usage: 0.00% - Memory Usage: 123.04MB (24.03%)
10:10:50,999 urllib3.connectionpool DEBUG http://localhost:None "GET /v1.45/containers/f8a6b53dad69d0d9cabb8cf945730416aeef156ea07e829071b41fb2f30c571c/stats?stream=False HTTP/1.1" 200 1897
10:10:51,0 root INFO Name picoquic-ivy - Time: 91.11s - CPU Usage: 0.00% - Memory Usage: 379.65MB (74.15%)
10:10:53,5 urllib3.connectionpool DEBUG http://localhost:None "GET /v1.45/containers/9244e313f68ac7a0e5c0dc41c02e4af01b3d64bb399fd4990d6263ef91a7fd9f/stats?stream=False HTTP/1.1" 200 1849
10:10:53,6 root INFO Name picoquic-shadow-ivy - Time: 93.06s - CPU Usage: 0.00% - Memory Usage: 58.34MB (11.39%)
10:10:55,16 urllib3.connectionpool DEBUG http://localhost:None "GET /v1.45/containers/8b429b125ed4438c3db34380543dd22120df1d3432b62faf606bcdedf3704952/stats?stream=False HTTP/1.1" 200 1862
10:10:55,16 root INFO Name ping-pong-ivy - Time: 95.10s - CPU Usage: 0.00% - Memory Usage: 64.54MB (12.60%)
10:11:00,6 urllib3.connectionpool DEBUG http://localhost:None "GET /v1.45/containers/f86dc6fdda1e768d79e9e8fc879d01c24cea09936a16c30ac23862271df647c0/stats?stream=False HTTP/1.1" 200 1901
10:11:00,7 root INFO Name panther-webapp - Time: 100.16s - CPU Usage: 0.00% - Memory Usage: 123.07MB (24.04%)
10:11:02,14 urllib3.connectionpool DEBUG http://localhost:None "GET /v1.45/containers/f8a6b53dad69d0d9cabb8cf945730416aeef156ea07e829071b41fb2f30c571c/stats?stream=False HTTP/1.1" 200 1898
10:11:02,15 root INFO Name picoquic-ivy - Time: 102.13s - CPU Usage: 0.00% - Memory Usage: 379.65MB (74.15%)
10:11:04,24 urllib3.connectionpool DEBUG http://localhost:None "GET /v1.45/containers/9244e313f68ac7a0e5c0dc41c02e4af01b3d64bb399fd4990d6263ef91a7fd9f/stats?stream=False HTTP/1.1" 200 1853
10:11:04,24 root INFO Name picoquic-shadow-ivy - Time: 104.07s - CPU Usage: 0.00% - Memory Usage: 58.73MB (11.47%)
10:11:06,30 urllib3.connectionpool DEBUG http://localhost:None "GET /v1.45/containers/8b429b125ed4438c3db34380543dd22120df1d3432b62faf606bcdedf3704952/stats?stream=False HTTP/1.1" 200 1863
10:11:06,31 root INFO Name ping-pong-ivy - Time: 106.11s - CPU Usage: 0.00% - Memory Usage: 64.39MB (12.58%)
10:11:11,24 urllib3.connectionpool DEBUG http://localhost:None "GET /v1.45/containers/f86dc6fdda1e768d79e9e8fc879d01c24cea09936a16c30ac23862271df647c0/stats?stream=False HTTP/1.1" 200 1902
10:11:11,25 root INFO Name panther-webapp - Time: 111.18s - CPU Usage: 0.00% - Memory Usage: 123.06MB (24.04%)
10:11:13,31 urllib3.connectionpool DEBUG http://localhost:None "GET /v1.45/containers/f8a6b53dad69d0d9cabb8cf945730416aeef156ea07e829071b41fb2f30c571c/stats?stream=False HTTP/1.1" 200 1906
10:11:13,32 root INFO Name picoquic-ivy - Time: 113.15s - CPU Usage: 0.00% - Memory Usage: 501.09MB (97.87%)
10:11:15,37 urllib3.connectionpool DEBUG http://localhost:None "GET /v1.45/containers/9244e313f68ac7a0e5c0dc41c02e4af01b3d64bb399fd4990d6263ef91a7fd9f/stats?stream=False HTTP/1.1" 200 1853
10:11:15,38 root INFO Name picoquic-shadow-ivy - Time: 115.09s - CPU Usage: 0.00% - Memory Usage: 58.73MB (11.47%)
10:11:17,45 urllib3.connectionpool DEBUG http://localhost:None "GET /v1.45/containers/8b429b125ed4438c3db34380543dd22120df1d3432b62faf606bcdedf3704952/stats?stream=False HTTP/1.1" 200 1865
10:11:17,45 root INFO Name ping-pong-ivy - Time: 117.13s - CPU Usage: 0.00% - Memory Usage: 64.35MB (12.57%)
10:11:22,38 urllib3.connectionpool DEBUG http://localhost:None "GET /v1.45/containers/f86dc6fdda1e768d79e9e8fc879d01c24cea09936a16c30ac23862271df647c0/stats?stream=False HTTP/1.1" 200 1902
10:11:22,38 root INFO Name panther-webapp - Time: 122.19s - CPU Usage: 0.00% - Memory Usage: 123.18MB (24.06%)
10:11:24,47 urllib3.connectionpool DEBUG http://localhost:None "GET /v1.45/containers/f8a6b53dad69d0d9cabb8cf945730416aeef156ea07e829071b41fb2f30c571c/stats?stream=False HTTP/1.1" 200 1906
10:11:24,48 root INFO Name picoquic-ivy - Time: 124.16s - CPU Usage: 0.00% - Memory Usage: 493.56MB (96.40%)
10:11:26,52 urllib3.connectionpool DEBUG http://localhost:None "GET /v1.45/containers/9244e313f68ac7a0e5c0dc41c02e4af01b3d64bb399fd4990d6263ef91a7fd9f/stats?stream=False HTTP/1.1" 200 1851
10:11:26,53 root INFO Name picoquic-shadow-ivy - Time: 126.10s - CPU Usage: 0.00% - Memory Usage: 58.73MB (11.47%)
10:11:28,61 urllib3.connectionpool DEBUG http://localhost:None "GET /v1.45/containers/8b429b125ed4438c3db34380543dd22120df1d3432b62faf606bcdedf3704952/stats?stream=False HTTP/1.1" 200 1863
10:11:28,62 root INFO Name ping-pong-ivy - Time: 128.14s - CPU Usage: 0.00% - Memory Usage: 64.35MB (12.57%)
10:11:33,54 urllib3.connectionpool DEBUG http://localhost:None "GET /v1.45/containers/f86dc6fdda1e768d79e9e8fc879d01c24cea09936a16c30ac23862271df647c0/stats?stream=False HTTP/1.1" 200 1902
10:11:33,54 root INFO Name panther-webapp - Time: 133.21s - CPU Usage: 0.00% - Memory Usage: 123.18MB (24.06%)
10:11:35,63 urllib3.connectionpool DEBUG http://localhost:None "GET /v1.45/containers/f8a6b53dad69d0d9cabb8cf945730416aeef156ea07e829071b41fb2f30c571c/stats?stream=False HTTP/1.1" 200 1906
10:11:35,63 root INFO Name picoquic-ivy - Time: 135.18s - CPU Usage: 0.00% - Memory Usage: 493.57MB (96.40%)
10:11:37,70 urllib3.connectionpool DEBUG http://localhost:None "GET /v1.45/containers/9244e313f68ac7a0e5c0dc41c02e4af01b3d64bb399fd4990d6263ef91a7fd9f/stats?stream=False HTTP/1.1" 200 1853
10:11:37,70 root INFO Name picoquic-shadow-ivy - Time: 137.12s - CPU Usage: 0.00% - Memory Usage: 58.73MB (11.47%)
10:11:39,77 urllib3.connectionpool DEBUG http://localhost:None "GET /v1.45/containers/8b429b125ed4438c3db34380543dd22120df1d3432b62faf606bcdedf3704952/stats?stream=False HTTP/1.1" 200 1863
10:11:39,78 root INFO Name ping-pong-ivy - Time: 139.16s - CPU Usage: 0.00% - Memory Usage: 64.35MB (12.57%)
10:11:44,69 urllib3.connectionpool DEBUG http://localhost:None "GET /v1.45/containers/f86dc6fdda1e768d79e9e8fc879d01c24cea09936a16c30ac23862271df647c0/stats?stream=False HTTP/1.1" 200 1901
10:11:44,70 root INFO Name panther-webapp - Time: 144.22s - CPU Usage: 0.00% - Memory Usage: 123.19MB (24.06%)
10:11:46,77 urllib3.connectionpool DEBUG http://localhost:None "GET /v1.45/containers/f8a6b53dad69d0d9cabb8cf945730416aeef156ea07e829071b41fb2f30c571c/stats?stream=False HTTP/1.1" 200 1906
10:11:46,77 root INFO Name picoquic-ivy - Time: 146.19s - CPU Usage: 0.00% - Memory Usage: 493.57MB (96.40%)
10:11:48,85 urllib3.connectionpool DEBUG http://localhost:None "GET /v1.45/containers/9244e313f68ac7a0e5c0dc41c02e4af01b3d64bb399fd4990d6263ef91a7fd9f/stats?stream=False HTTP/1.1" 200 1853
10:11:48,86 root INFO Name picoquic-shadow-ivy - Time: 148.14s - CPU Usage: 0.00% - Memory Usage: 58.73MB (11.47%)
10:11:50,90 urllib3.connectionpool DEBUG http://localhost:None "GET /v1.45/containers/8b429b125ed4438c3db34380543dd22120df1d3432b62faf606bcdedf3704952/stats?stream=False HTTP/1.1" 200 1863
10:11:50,91 root INFO Name ping-pong-ivy - Time: 150.17s - CPU Usage: 0.00% - Memory Usage: 64.35MB (12.57%)
10:11:55,85 urllib3.connectionpool DEBUG http://localhost:None "GET /v1.45/containers/f86dc6fdda1e768d79e9e8fc879d01c24cea09936a16c30ac23862271df647c0/stats?stream=False HTTP/1.1" 200 1902
10:11:55,86 root INFO Name panther-webapp - Time: 155.24s - CPU Usage: 0.00% - Memory Usage: 123.19MB (24.06%)
10:11:57,94 urllib3.connectionpool DEBUG http://localhost:None "GET /v1.45/containers/f8a6b53dad69d0d9cabb8cf945730416aeef156ea07e829071b41fb2f30c571c/stats?stream=False HTTP/1.1" 200 1906
10:11:57,94 root INFO Name picoquic-ivy - Time: 157.21s - CPU Usage: 0.00% - Memory Usage: 493.57MB (96.40%)
10:11:59,102 urllib3.connectionpool DEBUG http://localhost:None "GET /v1.45/containers/9244e313f68ac7a0e5c0dc41c02e4af01b3d64bb399fd4990d6263ef91a7fd9f/stats?stream=False HTTP/1.1" 200 1852
10:11:59,103 root INFO Name picoquic-shadow-ivy - Time: 159.15s - CPU Usage: 0.00% - Memory Usage: 58.73MB (11.47%)
10:12:01,110 urllib3.connectionpool DEBUG http://localhost:None "GET /v1.45/containers/8b429b125ed4438c3db34380543dd22120df1d3432b62faf606bcdedf3704952/stats?stream=False HTTP/1.1" 200 1863
10:12:01,111 root INFO Name ping-pong-ivy - Time: 161.19s - CPU Usage: 0.00% - Memory Usage: 64.55MB (12.61%)
10:12:06,103 urllib3.connectionpool DEBUG http://localhost:None "GET /v1.45/containers/f86dc6fdda1e768d79e9e8fc879d01c24cea09936a16c30ac23862271df647c0/stats?stream=False HTTP/1.1" 200 1901
10:12:06,104 root INFO Name panther-webapp - Time: 166.26s - CPU Usage: 0.00% - Memory Usage: 123.20MB (24.06%)
10:12:08,114 urllib3.connectionpool DEBUG http://localhost:None "GET /v1.45/containers/f8a6b53dad69d0d9cabb8cf945730416aeef156ea07e829071b41fb2f30c571c/stats?stream=False HTTP/1.1" 200 1904
10:12:08,114 root INFO Name picoquic-ivy - Time: 168.23s - CPU Usage: 0.00% - Memory Usage: 493.01MB (96.29%)
10:12:10,119 urllib3.connectionpool DEBUG http://localhost:None "GET /v1.45/containers/9244e313f68ac7a0e5c0dc41c02e4af01b3d64bb399fd4990d6263ef91a7fd9f/stats?stream=False HTTP/1.1" 200 1854
10:12:10,120 root INFO Name picoquic-shadow-ivy - Time: 170.17s - CPU Usage: 0.00% - Memory Usage: 58.77MB (11.48%)
10:12:12,126 urllib3.connectionpool DEBUG http://localhost:None "GET /v1.45/containers/8b429b125ed4438c3db34380543dd22120df1d3432b62faf606bcdedf3704952/stats?stream=False HTTP/1.1" 200 1863
10:12:12,126 root INFO Name ping-pong-ivy - Time: 172.21s - CPU Usage: 0.00% - Memory Usage: 64.55MB (12.61%)
10:12:17,118 urllib3.connectionpool DEBUG http://localhost:None "GET /v1.45/containers/f86dc6fdda1e768d79e9e8fc879d01c24cea09936a16c30ac23862271df647c0/stats?stream=False HTTP/1.1" 200 1902
10:12:17,118 root INFO Name panther-webapp - Time: 177.27s - CPU Usage: 0.00% - Memory Usage: 123.20MB (24.06%)
10:12:19,129 urllib3.connectionpool DEBUG http://localhost:None "GET /v1.45/containers/f8a6b53dad69d0d9cabb8cf945730416aeef156ea07e829071b41fb2f30c571c/stats?stream=False HTTP/1.1" 200 1903
10:12:19,129 root INFO Name picoquic-ivy - Time: 179.24s - CPU Usage: 0.00% - Memory Usage: 493.01MB (96.29%)
10:12:21,133 urllib3.connectionpool DEBUG http://localhost:None "GET /v1.45/containers/9244e313f68ac7a0e5c0dc41c02e4af01b3d64bb399fd4990d6263ef91a7fd9f/stats?stream=False HTTP/1.1" 200 1854
10:12:21,134 root INFO Name picoquic-shadow-ivy - Time: 181.18s - CPU Usage: 0.00% - Memory Usage: 58.77MB (11.48%)
10:12:23,144 urllib3.connectionpool DEBUG http://localhost:None "GET /v1.45/containers/8b429b125ed4438c3db34380543dd22120df1d3432b62faf606bcdedf3704952/stats?stream=False HTTP/1.1" 200 1861
10:12:23,144 root INFO Name ping-pong-ivy - Time: 183.23s - CPU Usage: 0.00% - Memory Usage: 64.55MB (12.61%)
10:12:28,125 urllib3.connectionpool DEBUG http://localhost:None "GET /v1.45/containers/f86dc6fdda1e768d79e9e8fc879d01c24cea09936a16c30ac23862271df647c0/stats?stream=False HTTP/1.1" 200 1902
10:12:28,125 root INFO Name panther-webapp - Time: 188.28s - CPU Usage: 0.00% - Memory Usage: 123.20MB (24.06%)
10:12:30,145 urllib3.connectionpool DEBUG http://localhost:None "GET /v1.45/containers/f8a6b53dad69d0d9cabb8cf945730416aeef156ea07e829071b41fb2f30c571c/stats?stream=False HTTP/1.1" 200 1901
10:12:30,146 root INFO Name picoquic-ivy - Time: 190.26s - CPU Usage: 0.00% - Memory Usage: 493.01MB (96.29%)
10:12:32,149 urllib3.connectionpool DEBUG http://localhost:None "GET /v1.45/containers/9244e313f68ac7a0e5c0dc41c02e4af01b3d64bb399fd4990d6263ef91a7fd9f/stats?stream=False HTTP/1.1" 200 1854
10:12:32,150 root INFO Name picoquic-shadow-ivy - Time: 192.20s - CPU Usage: 0.00% - Memory Usage: 58.77MB (11.48%)
10:12:34,157 urllib3.connectionpool DEBUG http://localhost:None "GET /v1.45/containers/8b429b125ed4438c3db34380543dd22120df1d3432b62faf606bcdedf3704952/stats?stream=False HTTP/1.1" 200 1862
10:12:34,157 root INFO Name ping-pong-ivy - Time: 194.24s - CPU Usage: 0.00% - Memory Usage: 64.55MB (12.61%)
10:12:39,144 urllib3.connectionpool DEBUG http://localhost:None "GET /v1.45/containers/f86dc6fdda1e768d79e9e8fc879d01c24cea09936a16c30ac23862271df647c0/stats?stream=False HTTP/1.1" 200 1902
10:12:39,144 root INFO Name panther-webapp - Time: 199.30s - CPU Usage: 0.00% - Memory Usage: 123.20MB (24.06%)
10:12:41,163 urllib3.connectionpool DEBUG http://localhost:None "GET /v1.45/containers/f8a6b53dad69d0d9cabb8cf945730416aeef156ea07e829071b41fb2f30c571c/stats?stream=False HTTP/1.1" 200 1901
10:12:41,164 root INFO Name picoquic-ivy - Time: 201.28s - CPU Usage: 0.00% - Memory Usage: 493.01MB (96.29%)
10:12:43,167 urllib3.connectionpool DEBUG http://localhost:None "GET /v1.45/containers/9244e313f68ac7a0e5c0dc41c02e4af01b3d64bb399fd4990d6263ef91a7fd9f/stats?stream=False HTTP/1.1" 200 1854
10:12:43,168 root INFO Name picoquic-shadow-ivy - Time: 203.22s - CPU Usage: 0.00% - Memory Usage: 58.77MB (11.48%)
10:12:45,174 urllib3.connectionpool DEBUG http://localhost:None "GET /v1.45/containers/8b429b125ed4438c3db34380543dd22120df1d3432b62faf606bcdedf3704952/stats?stream=False HTTP/1.1" 200 1863
10:12:45,174 root INFO Name ping-pong-ivy - Time: 205.26s - CPU Usage: 0.00% - Memory Usage: 64.55MB (12.61%)
10:12:50,159 urllib3.connectionpool DEBUG http://localhost:None "GET /v1.45/containers/f86dc6fdda1e768d79e9e8fc879d01c24cea09936a16c30ac23862271df647c0/stats?stream=False HTTP/1.1" 200 1902
10:12:50,159 root INFO Name panther-webapp - Time: 210.31s - CPU Usage: 0.00% - Memory Usage: 123.20MB (24.06%)
10:12:52,177 urllib3.connectionpool DEBUG http://localhost:None "GET /v1.45/containers/f8a6b53dad69d0d9cabb8cf945730416aeef156ea07e829071b41fb2f30c571c/stats?stream=False HTTP/1.1" 200 1901
10:12:52,178 root INFO Name picoquic-ivy - Time: 212.29s - CPU Usage: 0.00% - Memory Usage: 493.01MB (96.29%)
10:12:54,184 urllib3.connectionpool DEBUG http://localhost:None "GET /v1.45/containers/9244e313f68ac7a0e5c0dc41c02e4af01b3d64bb399fd4990d6263ef91a7fd9f/stats?stream=False HTTP/1.1" 200 1853
10:12:54,185 root INFO Name picoquic-shadow-ivy - Time: 214.23s - CPU Usage: 0.00% - Memory Usage: 58.77MB (11.48%)
10:12:56,190 urllib3.connectionpool DEBUG http://localhost:None "GET /v1.45/containers/8b429b125ed4438c3db34380543dd22120df1d3432b62faf606bcdedf3704952/stats?stream=False HTTP/1.1" 200 1863
10:12:56,190 root INFO Name ping-pong-ivy - Time: 216.27s - CPU Usage: 0.00% - Memory Usage: 64.55MB (12.61%)
10:13:01,174 urllib3.connectionpool DEBUG http://localhost:None "GET /v1.45/containers/f86dc6fdda1e768d79e9e8fc879d01c24cea09936a16c30ac23862271df647c0/stats?stream=False HTTP/1.1" 200 1902
10:13:01,175 root INFO Name panther-webapp - Time: 221.33s - CPU Usage: 0.00% - Memory Usage: 123.20MB (24.06%)
10:13:03,193 urllib3.connectionpool DEBUG http://localhost:None "GET /v1.45/containers/f8a6b53dad69d0d9cabb8cf945730416aeef156ea07e829071b41fb2f30c571c/stats?stream=False HTTP/1.1" 200 1897
10:13:03,194 root INFO Name picoquic-ivy - Time: 223.31s - CPU Usage: 0.00% - Memory Usage: 493.01MB (96.29%)
10:13:05,201 urllib3.connectionpool DEBUG http://localhost:None "GET /v1.45/containers/9244e313f68ac7a0e5c0dc41c02e4af01b3d64bb399fd4990d6263ef91a7fd9f/stats?stream=False HTTP/1.1" 200 1854
10:13:05,201 root INFO Name picoquic-shadow-ivy - Time: 225.25s - CPU Usage: 0.00% - Memory Usage: 58.77MB (11.48%)
10:13:07,205 urllib3.connectionpool DEBUG http://localhost:None "GET /v1.45/containers/8b429b125ed4438c3db34380543dd22120df1d3432b62faf606bcdedf3704952/stats?stream=False HTTP/1.1" 200 1863
10:13:07,206 root INFO Name ping-pong-ivy - Time: 227.29s - CPU Usage: 0.00% - Memory Usage: 64.55MB (12.61%)
10:13:12,191 urllib3.connectionpool DEBUG http://localhost:None "GET /v1.45/containers/f86dc6fdda1e768d79e9e8fc879d01c24cea09936a16c30ac23862271df647c0/stats?stream=False HTTP/1.1" 200 1902
10:13:12,192 root INFO Name panther-webapp - Time: 232.34s - CPU Usage: 0.00% - Memory Usage: 123.20MB (24.06%)
10:13:14,212 urllib3.connectionpool DEBUG http://localhost:None "GET /v1.45/containers/f8a6b53dad69d0d9cabb8cf945730416aeef156ea07e829071b41fb2f30c571c/stats?stream=False HTTP/1.1" 200 1897
10:13:14,213 root INFO Name picoquic-ivy - Time: 234.33s - CPU Usage: 0.00% - Memory Usage: 493.01MB (96.29%)
10:13:16,218 urllib3.connectionpool DEBUG http://localhost:None "GET /v1.45/containers/9244e313f68ac7a0e5c0dc41c02e4af01b3d64bb399fd4990d6263ef91a7fd9f/stats?stream=False HTTP/1.1" 200 1854
10:13:16,219 root INFO Name picoquic-shadow-ivy - Time: 236.27s - CPU Usage: 0.00% - Memory Usage: 59.14MB (11.55%)
10:13:18,224 urllib3.connectionpool DEBUG http://localhost:None "GET /v1.45/containers/8b429b125ed4438c3db34380543dd22120df1d3432b62faf606bcdedf3704952/stats?stream=False HTTP/1.1" 200 1870
10:13:18,226 root INFO Name ping-pong-ivy - Time: 238.31s - CPU Usage: 0.00% - Memory Usage: 64.56MB (12.61%)
10:13:22,290 urllib3.connectionpool DEBUG http://localhost:None "GET /v1.45/containers/f86dc6fdda1e768d79e9e8fc879d01c24cea09936a16c30ac23862271df647c0/stats?stream=False HTTP/1.1" 200 803
10:13:22,291 root INFO Name panther-webapp - Time: 242.44s - CPU Usage: 0.00% - Memory Usage: 0.00MB (0.00%)
10:13:25,236 urllib3.connectionpool DEBUG http://localhost:None "GET /v1.45/containers/f8a6b53dad69d0d9cabb8cf945730416aeef156ea07e829071b41fb2f30c571c/stats?stream=False HTTP/1.1" 200 1896
10:13:25,237 root INFO Name picoquic-ivy - Time: 245.35s - CPU Usage: 0.00% - Memory Usage: 493.00MB (96.29%)
10:13:27,253 urllib3.connectionpool DEBUG http://localhost:None "GET /v1.45/containers/9244e313f68ac7a0e5c0dc41c02e4af01b3d64bb399fd4990d6263ef91a7fd9f/stats?stream=False HTTP/1.1" 200 1854
10:13:27,253 root INFO Name picoquic-shadow-ivy - Time: 247.30s - CPU Usage: 0.00% - Memory Usage: 58.77MB (11.48%)
10:13:29,258 urllib3.connectionpool DEBUG http://localhost:None "GET /v1.45/containers/8b429b125ed4438c3db34380543dd22120df1d3432b62faf606bcdedf3704952/stats?stream=False HTTP/1.1" 200 1866
10:13:29,259 root INFO Name ping-pong-ivy - Time: 249.34s - CPU Usage: 0.00% - Memory Usage: 64.57MB (12.61%)
10:13:32,304 urllib3.connectionpool DEBUG http://localhost:None "GET /v1.45/containers/f86dc6fdda1e768d79e9e8fc879d01c24cea09936a16c30ac23862271df647c0/stats?stream=False HTTP/1.1" 200 803
10:13:32,305 root INFO Name panther-webapp - Time: 252.46s - CPU Usage: 0.00% - Memory Usage: 0.00MB (0.00%)
10:13:36,249 urllib3.connectionpool DEBUG http://localhost:None "GET /v1.45/containers/f8a6b53dad69d0d9cabb8cf945730416aeef156ea07e829071b41fb2f30c571c/stats?stream=False HTTP/1.1" 200 1896
10:13:36,250 root INFO Name picoquic-ivy - Time: 256.36s - CPU Usage: 0.00% - Memory Usage: 493.00MB (96.29%)
10:13:38,271 urllib3.connectionpool DEBUG http://localhost:None "GET /v1.45/containers/9244e313f68ac7a0e5c0dc41c02e4af01b3d64bb399fd4990d6263ef91a7fd9f/stats?stream=False HTTP/1.1" 200 1854
10:13:38,271 root INFO Name picoquic-shadow-ivy - Time: 258.32s - CPU Usage: 0.00% - Memory Usage: 59.06MB (11.53%)
10:13:40,276 urllib3.connectionpool DEBUG http://localhost:None "GET /v1.45/containers/8b429b125ed4438c3db34380543dd22120df1d3432b62faf606bcdedf3704952/stats?stream=False HTTP/1.1" 200 1866
10:13:40,276 root INFO Name ping-pong-ivy - Time: 260.36s - CPU Usage: 0.00% - Memory Usage: 64.82MB (12.66%)
10:13:42,314 urllib3.connectionpool DEBUG http://localhost:None "GET /v1.45/containers/f86dc6fdda1e768d79e9e8fc879d01c24cea09936a16c30ac23862271df647c0/stats?stream=False HTTP/1.1" 200 803
10:13:42,315 root INFO Name panther-webapp - Time: 262.47s - CPU Usage: 0.00% - Memory Usage: 0.00MB (0.00%)
10:13:47,266 urllib3.connectionpool DEBUG http://localhost:None "GET /v1.45/containers/f8a6b53dad69d0d9cabb8cf945730416aeef156ea07e829071b41fb2f30c571c/stats?stream=False HTTP/1.1" 200 1897
10:13:47,266 root INFO Name picoquic-ivy - Time: 267.38s - CPU Usage: 0.00% - Memory Usage: 493.00MB (96.29%)
10:13:49,289 urllib3.connectionpool DEBUG http://localhost:None "GET /v1.45/containers/9244e313f68ac7a0e5c0dc41c02e4af01b3d64bb399fd4990d6263ef91a7fd9f/stats?stream=False HTTP/1.1" 200 1854
10:13:49,290 root INFO Name picoquic-shadow-ivy - Time: 269.34s - CPU Usage: 0.00% - Memory Usage: 58.77MB (11.48%)
10:13:51,293 urllib3.connectionpool DEBUG http://localhost:None "GET /v1.45/containers/8b429b125ed4438c3db34380543dd22120df1d3432b62faf606bcdedf3704952/stats?stream=False HTTP/1.1" 200 1866
10:13:51,294 root INFO Name ping-pong-ivy - Time: 271.38s - CPU Usage: 0.00% - Memory Usage: 64.57MB (12.61%)
10:13:52,325 urllib3.connectionpool DEBUG http://localhost:None "GET /v1.45/containers/f86dc6fdda1e768d79e9e8fc879d01c24cea09936a16c30ac23862271df647c0/stats?stream=False HTTP/1.1" 200 803
10:13:52,325 root INFO Name panther-webapp - Time: 272.48s - CPU Usage: 0.00% - Memory Usage: 0.00MB (0.00%)
10:13:58,283 urllib3.connectionpool DEBUG http://localhost:None "GET /v1.45/containers/f8a6b53dad69d0d9cabb8cf945730416aeef156ea07e829071b41fb2f30c571c/stats?stream=False HTTP/1.1" 200 1898
10:13:58,284 root INFO Name picoquic-ivy - Time: 278.40s - CPU Usage: 0.00% - Memory Usage: 493.00MB (96.29%)
10:14:00,305 urllib3.connectionpool DEBUG http://localhost:None "GET /v1.45/containers/9244e313f68ac7a0e5c0dc41c02e4af01b3d64bb399fd4990d6263ef91a7fd9f/stats?stream=False HTTP/1.1" 200 1854
10:14:00,306 root INFO Name picoquic-shadow-ivy - Time: 280.36s - CPU Usage: 0.00% - Memory Usage: 58.77MB (11.48%)
10:14:02,310 urllib3.connectionpool DEBUG http://localhost:None "GET /v1.45/containers/8b429b125ed4438c3db34380543dd22120df1d3432b62faf606bcdedf3704952/stats?stream=False HTTP/1.1" 200 1866
10:14:02,311 root INFO Name ping-pong-ivy - Time: 282.39s - CPU Usage: 0.00% - Memory Usage: 64.57MB (12.61%)
10:14:02,337 urllib3.connectionpool DEBUG http://localhost:None "GET /v1.45/containers/f86dc6fdda1e768d79e9e8fc879d01c24cea09936a16c30ac23862271df647c0/stats?stream=False HTTP/1.1" 200 803
10:14:02,338 root INFO Name panther-webapp - Time: 282.49s - CPU Usage: 0.00% - Memory Usage: 0.00MB (0.00%)
10:14:09,298 urllib3.connectionpool DEBUG http://localhost:None "GET /v1.45/containers/f8a6b53dad69d0d9cabb8cf945730416aeef156ea07e829071b41fb2f30c571c/stats?stream=False HTTP/1.1" 200 1900
10:14:09,299 root INFO Name picoquic-ivy - Time: 289.41s - CPU Usage: 0.00% - Memory Usage: 493.00MB (96.29%)
10:14:11,323 urllib3.connectionpool DEBUG http://localhost:None "GET /v1.45/containers/9244e313f68ac7a0e5c0dc41c02e4af01b3d64bb399fd4990d6263ef91a7fd9f/stats?stream=False HTTP/1.1" 200 1858
10:14:11,323 root INFO Name picoquic-shadow-ivy - Time: 291.37s - CPU Usage: 0.00% - Memory Usage: 58.77MB (11.48%)
10:14:12,349 urllib3.connectionpool DEBUG http://localhost:None "GET /v1.45/containers/f86dc6fdda1e768d79e9e8fc879d01c24cea09936a16c30ac23862271df647c0/stats?stream=False HTTP/1.1" 200 803
10:14:12,349 root INFO Name panther-webapp - Time: 292.50s - CPU Usage: 0.00% - Memory Usage: 0.00MB (0.00%)
10:14:13,327 urllib3.connectionpool DEBUG http://localhost:None "GET /v1.45/containers/8b429b125ed4438c3db34380543dd22120df1d3432b62faf606bcdedf3704952/stats?stream=False HTTP/1.1" 200 1868
10:14:13,328 root INFO Name ping-pong-ivy - Time: 293.41s - CPU Usage: 0.00% - Memory Usage: 64.57MB (12.61%)
10:14:20,314 urllib3.connectionpool DEBUG http://localhost:None "GET /v1.45/containers/f8a6b53dad69d0d9cabb8cf945730416aeef156ea07e829071b41fb2f30c571c/stats?stream=False HTTP/1.1" 200 1902
10:14:20,315 root INFO Name picoquic-ivy - Time: 300.43s - CPU Usage: 0.00% - Memory Usage: 473.95MB (92.57%)
10:14:22,338 urllib3.connectionpool DEBUG http://localhost:None "GET /v1.45/containers/9244e313f68ac7a0e5c0dc41c02e4af01b3d64bb399fd4990d6263ef91a7fd9f/stats?stream=False HTTP/1.1" 200 1857
10:14:22,339 root INFO Name picoquic-shadow-ivy - Time: 302.39s - CPU Usage: 0.00% - Memory Usage: 58.77MB (11.48%)
10:14:22,362 urllib3.connectionpool DEBUG http://localhost:None "GET /v1.45/containers/f86dc6fdda1e768d79e9e8fc879d01c24cea09936a16c30ac23862271df647c0/stats?stream=False HTTP/1.1" 200 803
10:14:22,363 root INFO Name panther-webapp - Time: 302.52s - CPU Usage: 0.00% - Memory Usage: 0.00MB (0.00%)
10:14:24,345 urllib3.connectionpool DEBUG http://localhost:None "GET /v1.45/containers/8b429b125ed4438c3db34380543dd22120df1d3432b62faf606bcdedf3704952/stats?stream=False HTTP/1.1" 200 1869
10:14:24,345 root INFO Name ping-pong-ivy - Time: 304.43s - CPU Usage: 0.00% - Memory Usage: 64.53MB (12.60%)
10:14:31,330 urllib3.connectionpool DEBUG http://localhost:None "GET /v1.45/containers/f8a6b53dad69d0d9cabb8cf945730416aeef156ea07e829071b41fb2f30c571c/stats?stream=False HTTP/1.1" 200 1899
10:14:31,331 root INFO Name picoquic-ivy - Time: 311.44s - CPU Usage: 0.00% - Memory Usage: 457.81MB (89.42%)
10:14:32,373 urllib3.connectionpool DEBUG http://localhost:None "GET /v1.45/containers/f86dc6fdda1e768d79e9e8fc879d01c24cea09936a16c30ac23862271df647c0/stats?stream=False HTTP/1.1" 200 803
10:14:32,374 root INFO Name panther-webapp - Time: 312.53s - CPU Usage: 0.00% - Memory Usage: 0.00MB (0.00%)
10:14:33,354 urllib3.connectionpool DEBUG http://localhost:None "GET /v1.45/containers/9244e313f68ac7a0e5c0dc41c02e4af01b3d64bb399fd4990d6263ef91a7fd9f/stats?stream=False HTTP/1.1" 200 1857
10:14:33,354 root INFO Name picoquic-shadow-ivy - Time: 313.40s - CPU Usage: 0.00% - Memory Usage: 58.77MB (11.48%)
10:14:35,362 urllib3.connectionpool DEBUG http://localhost:None "GET /v1.45/containers/8b429b125ed4438c3db34380543dd22120df1d3432b62faf606bcdedf3704952/stats?stream=False HTTP/1.1" 200 1869
10:14:35,363 root INFO Name ping-pong-ivy - Time: 315.45s - CPU Usage: 0.00% - Memory Usage: 64.53MB (12.60%)
10:14:42,347 urllib3.connectionpool DEBUG http://localhost:None "GET /v1.45/containers/f8a6b53dad69d0d9cabb8cf945730416aeef156ea07e829071b41fb2f30c571c/stats?stream=False HTTP/1.1" 200 1899
10:14:42,347 root INFO Name picoquic-ivy - Time: 322.46s - CPU Usage: 0.00% - Memory Usage: 457.81MB (89.42%)
10:14:42,385 urllib3.connectionpool DEBUG http://localhost:None "GET /v1.45/containers/f86dc6fdda1e768d79e9e8fc879d01c24cea09936a16c30ac23862271df647c0/stats?stream=False HTTP/1.1" 200 803
10:14:42,386 root INFO Name panther-webapp - Time: 322.54s - CPU Usage: 0.00% - Memory Usage: 0.00MB (0.00%)
10:14:44,369 urllib3.connectionpool DEBUG http://localhost:None "GET /v1.45/containers/9244e313f68ac7a0e5c0dc41c02e4af01b3d64bb399fd4990d6263ef91a7fd9f/stats?stream=False HTTP/1.1" 200 1858
10:14:44,369 root INFO Name picoquic-shadow-ivy - Time: 324.42s - CPU Usage: 0.00% - Memory Usage: 58.77MB (11.48%)
10:14:46,384 urllib3.connectionpool DEBUG http://localhost:None "GET /v1.45/containers/8b429b125ed4438c3db34380543dd22120df1d3432b62faf606bcdedf3704952/stats?stream=False HTTP/1.1" 200 1871
10:14:46,384 root INFO Name ping-pong-ivy - Time: 326.47s - CPU Usage: 0.00% - Memory Usage: 64.60MB (12.62%)
10:14:52,397 urllib3.connectionpool DEBUG http://localhost:None "GET /v1.45/containers/f86dc6fdda1e768d79e9e8fc879d01c24cea09936a16c30ac23862271df647c0/stats?stream=False HTTP/1.1" 200 803
10:14:52,397 root INFO Name panther-webapp - Time: 332.55s - CPU Usage: 0.00% - Memory Usage: 0.00MB (0.00%)
10:14:53,363 urllib3.connectionpool DEBUG http://localhost:None "GET /v1.45/containers/f8a6b53dad69d0d9cabb8cf945730416aeef156ea07e829071b41fb2f30c571c/stats?stream=False HTTP/1.1" 200 1899
10:14:53,364 root INFO Name picoquic-ivy - Time: 333.48s - CPU Usage: 0.00% - Memory Usage: 457.82MB (89.42%)
10:14:55,388 urllib3.connectionpool DEBUG http://localhost:None "GET /v1.45/containers/9244e313f68ac7a0e5c0dc41c02e4af01b3d64bb399fd4990d6263ef91a7fd9f/stats?stream=False HTTP/1.1" 200 1858
10:14:55,388 root INFO Name picoquic-shadow-ivy - Time: 335.44s - CPU Usage: 0.00% - Memory Usage: 58.76MB (11.48%)
10:14:57,397 urllib3.connectionpool DEBUG http://localhost:None "GET /v1.45/containers/8b429b125ed4438c3db34380543dd22120df1d3432b62faf606bcdedf3704952/stats?stream=False HTTP/1.1" 200 1871
10:14:57,397 root INFO Name ping-pong-ivy - Time: 337.48s - CPU Usage: 0.00% - Memory Usage: 64.60MB (12.62%)
10:15:02,405 urllib3.connectionpool DEBUG http://localhost:None "GET /v1.45/containers/f86dc6fdda1e768d79e9e8fc879d01c24cea09936a16c30ac23862271df647c0/stats?stream=False HTTP/1.1" 200 803
10:15:02,405 root INFO Name panther-webapp - Time: 342.56s - CPU Usage: 0.00% - Memory Usage: 0.00MB (0.00%)
10:15:04,378 urllib3.connectionpool DEBUG http://localhost:None "GET /v1.45/containers/f8a6b53dad69d0d9cabb8cf945730416aeef156ea07e829071b41fb2f30c571c/stats?stream=False HTTP/1.1" 200 1904
10:15:04,379 root INFO Name picoquic-ivy - Time: 344.49s - CPU Usage: 0.00% - Memory Usage: 457.82MB (89.42%)
10:15:06,406 urllib3.connectionpool DEBUG http://localhost:None "GET /v1.45/containers/9244e313f68ac7a0e5c0dc41c02e4af01b3d64bb399fd4990d6263ef91a7fd9f/stats?stream=False HTTP/1.1" 200 1857
10:15:06,406 root INFO Name picoquic-shadow-ivy - Time: 346.46s - CPU Usage: 0.00% - Memory Usage: 58.76MB (11.48%)
10:15:08,414 urllib3.connectionpool DEBUG http://localhost:None "GET /v1.45/containers/8b429b125ed4438c3db34380543dd22120df1d3432b62faf606bcdedf3704952/stats?stream=False HTTP/1.1" 200 1873
10:15:08,415 root INFO Name ping-pong-ivy - Time: 348.50s - CPU Usage: 0.00% - Memory Usage: 64.61MB (12.62%)
10:15:12,417 urllib3.connectionpool DEBUG http://localhost:None "GET /v1.45/containers/f86dc6fdda1e768d79e9e8fc879d01c24cea09936a16c30ac23862271df647c0/stats?stream=False HTTP/1.1" 200 803
10:15:12,418 root INFO Name panther-webapp - Time: 352.57s - CPU Usage: 0.00% - Memory Usage: 0.00MB (0.00%)
10:15:15,393 urllib3.connectionpool DEBUG http://localhost:None "GET /v1.45/containers/f8a6b53dad69d0d9cabb8cf945730416aeef156ea07e829071b41fb2f30c571c/stats?stream=False HTTP/1.1" 200 1904
10:15:15,394 root INFO Name picoquic-ivy - Time: 355.51s - CPU Usage: 0.00% - Memory Usage: 457.81MB (89.42%)
10:15:17,422 urllib3.connectionpool DEBUG http://localhost:None "GET /v1.45/containers/9244e313f68ac7a0e5c0dc41c02e4af01b3d64bb399fd4990d6263ef91a7fd9f/stats?stream=False HTTP/1.1" 200 1856
10:15:17,422 root INFO Name picoquic-shadow-ivy - Time: 357.47s - CPU Usage: 0.00% - Memory Usage: 58.76MB (11.48%)
10:15:19,431 urllib3.connectionpool DEBUG http://localhost:None "GET /v1.45/containers/8b429b125ed4438c3db34380543dd22120df1d3432b62faf606bcdedf3704952/stats?stream=False HTTP/1.1" 200 1870
10:15:19,431 root INFO Name ping-pong-ivy - Time: 359.51s - CPU Usage: 0.00% - Memory Usage: 64.58MB (12.61%)
10:15:22,429 urllib3.connectionpool DEBUG http://localhost:None "GET /v1.45/containers/f86dc6fdda1e768d79e9e8fc879d01c24cea09936a16c30ac23862271df647c0/stats?stream=False HTTP/1.1" 200 803
10:15:22,429 root INFO Name panther-webapp - Time: 362.58s - CPU Usage: 0.00% - Memory Usage: 0.00MB (0.00%)
10:15:26,409 urllib3.connectionpool DEBUG http://localhost:None "GET /v1.45/containers/f8a6b53dad69d0d9cabb8cf945730416aeef156ea07e829071b41fb2f30c571c/stats?stream=False HTTP/1.1" 200 1900
10:15:26,410 root INFO Name picoquic-ivy - Time: 366.52s - CPU Usage: 0.00% - Memory Usage: 457.90MB (89.43%)
10:15:28,437 urllib3.connectionpool DEBUG http://localhost:None "GET /v1.45/containers/9244e313f68ac7a0e5c0dc41c02e4af01b3d64bb399fd4990d6263ef91a7fd9f/stats?stream=False HTTP/1.1" 200 1857
10:15:28,438 root INFO Name picoquic-shadow-ivy - Time: 368.49s - CPU Usage: 0.00% - Memory Usage: 58.76MB (11.48%)
10:15:30,447 urllib3.connectionpool DEBUG http://localhost:None "GET /v1.45/containers/8b429b125ed4438c3db34380543dd22120df1d3432b62faf606bcdedf3704952/stats?stream=False HTTP/1.1" 200 1871
10:15:30,448 root INFO Name ping-pong-ivy - Time: 370.53s - CPU Usage: 0.00% - Memory Usage: 64.57MB (12.61%)
10:15:32,441 urllib3.connectionpool DEBUG http://localhost:None "GET /v1.45/containers/f86dc6fdda1e768d79e9e8fc879d01c24cea09936a16c30ac23862271df647c0/stats?stream=False HTTP/1.1" 200 803
10:15:32,442 root INFO Name panther-webapp - Time: 372.59s - CPU Usage: 0.00% - Memory Usage: 0.00MB (0.00%)
10:15:37,426 urllib3.connectionpool DEBUG http://localhost:None "GET /v1.45/containers/f8a6b53dad69d0d9cabb8cf945730416aeef156ea07e829071b41fb2f30c571c/stats?stream=False HTTP/1.1" 200 1901
10:15:37,427 root INFO Name picoquic-ivy - Time: 377.54s - CPU Usage: 0.00% - Memory Usage: 452.70MB (88.42%)
10:15:39,455 urllib3.connectionpool DEBUG http://localhost:None "GET /v1.45/containers/9244e313f68ac7a0e5c0dc41c02e4af01b3d64bb399fd4990d6263ef91a7fd9f/stats?stream=False HTTP/1.1" 200 1858
10:15:39,456 root INFO Name picoquic-shadow-ivy - Time: 379.51s - CPU Usage: 0.00% - Memory Usage: 58.77MB (11.48%)
10:15:41,463 urllib3.connectionpool DEBUG http://localhost:None "GET /v1.45/containers/8b429b125ed4438c3db34380543dd22120df1d3432b62faf606bcdedf3704952/stats?stream=False HTTP/1.1" 200 1872
10:15:41,464 root INFO Name ping-pong-ivy - Time: 381.55s - CPU Usage: 0.00% - Memory Usage: 64.57MB (12.61%)
10:15:42,453 urllib3.connectionpool DEBUG http://localhost:None "GET /v1.45/containers/f86dc6fdda1e768d79e9e8fc879d01c24cea09936a16c30ac23862271df647c0/stats?stream=False HTTP/1.1" 200 803
10:15:42,453 root INFO Name panther-webapp - Time: 382.61s - CPU Usage: 0.00% - Memory Usage: 0.00MB (0.00%)
10:15:48,441 urllib3.connectionpool DEBUG http://localhost:None "GET /v1.45/containers/f8a6b53dad69d0d9cabb8cf945730416aeef156ea07e829071b41fb2f30c571c/stats?stream=False HTTP/1.1" 200 1901
10:15:48,442 root INFO Name picoquic-ivy - Time: 388.56s - CPU Usage: 0.00% - Memory Usage: 452.68MB (88.41%)
10:15:50,470 urllib3.connectionpool DEBUG http://localhost:None "GET /v1.45/containers/9244e313f68ac7a0e5c0dc41c02e4af01b3d64bb399fd4990d6263ef91a7fd9f/stats?stream=False HTTP/1.1" 200 1857
10:15:50,470 root INFO Name picoquic-shadow-ivy - Time: 390.52s - CPU Usage: 0.00% - Memory Usage: 58.77MB (11.48%)
10:15:52,461 urllib3.connectionpool DEBUG http://localhost:None "GET /v1.45/containers/f86dc6fdda1e768d79e9e8fc879d01c24cea09936a16c30ac23862271df647c0/stats?stream=False HTTP/1.1" 200 803
10:15:52,461 root INFO Name panther-webapp - Time: 392.61s - CPU Usage: 0.00% - Memory Usage: 0.00MB (0.00%)
10:15:52,478 urllib3.connectionpool DEBUG http://localhost:None "GET /v1.45/containers/8b429b125ed4438c3db34380543dd22120df1d3432b62faf606bcdedf3704952/stats?stream=False HTTP/1.1" 200 1871
10:15:52,479 root INFO Name ping-pong-ivy - Time: 392.56s - CPU Usage: 0.00% - Memory Usage: 64.57MB (12.61%)
10:15:59,459 urllib3.connectionpool DEBUG http://localhost:None "GET /v1.45/containers/f8a6b53dad69d0d9cabb8cf945730416aeef156ea07e829071b41fb2f30c571c/stats?stream=False HTTP/1.1" 200 1900
10:15:59,460 root INFO Name picoquic-ivy - Time: 399.57s - CPU Usage: 0.00% - Memory Usage: 452.68MB (88.41%)
10:16:01,487 urllib3.connectionpool DEBUG http://localhost:None "GET /v1.45/containers/9244e313f68ac7a0e5c0dc41c02e4af01b3d64bb399fd4990d6263ef91a7fd9f/stats?stream=False HTTP/1.1" 200 1858
10:16:01,487 root INFO Name picoquic-shadow-ivy - Time: 401.54s - CPU Usage: 0.00% - Memory Usage: 58.77MB (11.48%)
10:16:02,473 urllib3.connectionpool DEBUG http://localhost:None "GET /v1.45/containers/f86dc6fdda1e768d79e9e8fc879d01c24cea09936a16c30ac23862271df647c0/stats?stream=False HTTP/1.1" 200 803
10:16:02,474 root INFO Name panther-webapp - Time: 402.63s - CPU Usage: 0.00% - Memory Usage: 0.00MB (0.00%)
10:16:03,494 urllib3.connectionpool DEBUG http://localhost:None "GET /v1.45/containers/8b429b125ed4438c3db34380543dd22120df1d3432b62faf606bcdedf3704952/stats?stream=False HTTP/1.1" 200 1872
10:16:03,494 root INFO Name ping-pong-ivy - Time: 403.58s - CPU Usage: 0.00% - Memory Usage: 64.57MB (12.61%)
10:16:10,473 urllib3.connectionpool DEBUG http://localhost:None "GET /v1.45/containers/f8a6b53dad69d0d9cabb8cf945730416aeef156ea07e829071b41fb2f30c571c/stats?stream=False HTTP/1.1" 200 1899
10:16:10,474 root INFO Name picoquic-ivy - Time: 410.59s - CPU Usage: 0.00% - Memory Usage: 452.68MB (88.41%)
10:16:12,486 urllib3.connectionpool DEBUG http://localhost:None "GET /v1.45/containers/f86dc6fdda1e768d79e9e8fc879d01c24cea09936a16c30ac23862271df647c0/stats?stream=False HTTP/1.1" 200 803
10:16:12,486 root INFO Name panther-webapp - Time: 412.64s - CPU Usage: 0.00% - Memory Usage: 0.00MB (0.00%)
10:16:12,502 urllib3.connectionpool DEBUG http://localhost:None "GET /v1.45/containers/9244e313f68ac7a0e5c0dc41c02e4af01b3d64bb399fd4990d6263ef91a7fd9f/stats?stream=False HTTP/1.1" 200 1858
10:16:12,503 root INFO Name picoquic-shadow-ivy - Time: 412.55s - CPU Usage: 0.00% - Memory Usage: 58.96MB (11.52%)
10:16:14,514 urllib3.connectionpool DEBUG http://localhost:None "GET /v1.45/containers/8b429b125ed4438c3db34380543dd22120df1d3432b62faf606bcdedf3704952/stats?stream=False HTTP/1.1" 200 1872
10:16:14,515 root INFO Name ping-pong-ivy - Time: 414.60s - CPU Usage: 0.00% - Memory Usage: 64.57MB (12.61%)
10:16:21,491 urllib3.connectionpool DEBUG http://localhost:None "GET /v1.45/containers/f8a6b53dad69d0d9cabb8cf945730416aeef156ea07e829071b41fb2f30c571c/stats?stream=False HTTP/1.1" 200 1901
10:16:21,492 root INFO Name picoquic-ivy - Time: 421.61s - CPU Usage: 0.00% - Memory Usage: 452.70MB (88.42%)
10:16:22,497 urllib3.connectionpool DEBUG http://localhost:None "GET /v1.45/containers/f86dc6fdda1e768d79e9e8fc879d01c24cea09936a16c30ac23862271df647c0/stats?stream=False HTTP/1.1" 200 803
10:16:22,498 root INFO Name panther-webapp - Time: 422.65s - CPU Usage: 0.00% - Memory Usage: 0.00MB (0.00%)
10:16:23,520 urllib3.connectionpool DEBUG http://localhost:None "GET /v1.45/containers/9244e313f68ac7a0e5c0dc41c02e4af01b3d64bb399fd4990d6263ef91a7fd9f/stats?stream=False HTTP/1.1" 200 1861
10:16:23,520 root INFO Name picoquic-shadow-ivy - Time: 423.57s - CPU Usage: 0.00% - Memory Usage: 58.78MB (11.48%)
10:16:25,529 urllib3.connectionpool DEBUG http://localhost:None "GET /v1.45/containers/8b429b125ed4438c3db34380543dd22120df1d3432b62faf606bcdedf3704952/stats?stream=False HTTP/1.1" 200 1874
10:16:25,530 root INFO Name ping-pong-ivy - Time: 425.61s - CPU Usage: 0.00% - Memory Usage: 64.58MB (12.61%)
10:16:32,505 urllib3.connectionpool DEBUG http://localhost:None "GET /v1.45/containers/f8a6b53dad69d0d9cabb8cf945730416aeef156ea07e829071b41fb2f30c571c/stats?stream=False HTTP/1.1" 200 1901
10:16:32,505 root INFO Name picoquic-ivy - Time: 432.62s - CPU Usage: 0.00% - Memory Usage: 452.69MB (88.42%)
10:16:32,509 urllib3.connectionpool DEBUG http://localhost:None "GET /v1.45/containers/f86dc6fdda1e768d79e9e8fc879d01c24cea09936a16c30ac23862271df647c0/stats?stream=False HTTP/1.1" 200 803
10:16:32,509 root INFO Name panther-webapp - Time: 432.66s - CPU Usage: 0.00% - Memory Usage: 0.00MB (0.00%)
10:16:34,533 urllib3.connectionpool DEBUG http://localhost:None "GET /v1.45/containers/9244e313f68ac7a0e5c0dc41c02e4af01b3d64bb399fd4990d6263ef91a7fd9f/stats?stream=False HTTP/1.1" 200 1863
10:16:34,534 root INFO Name picoquic-shadow-ivy - Time: 434.58s - CPU Usage: 0.00% - Memory Usage: 58.78MB (11.48%)
10:16:36,546 urllib3.connectionpool DEBUG http://localhost:None "GET /v1.45/containers/8b429b125ed4438c3db34380543dd22120df1d3432b62faf606bcdedf3704952/stats?stream=False HTTP/1.1" 200 1875
10:16:36,546 root INFO Name ping-pong-ivy - Time: 436.63s - CPU Usage: 0.00% - Memory Usage: 64.58MB (12.61%)
10:16:42,521 urllib3.connectionpool DEBUG http://localhost:None "GET /v1.45/containers/f86dc6fdda1e768d79e9e8fc879d01c24cea09936a16c30ac23862271df647c0/stats?stream=False HTTP/1.1" 200 803
10:16:42,521 root INFO Name panther-webapp - Time: 442.67s - CPU Usage: 0.00% - Memory Usage: 0.00MB (0.00%)
10:16:43,522 urllib3.connectionpool DEBUG http://localhost:None "GET /v1.45/containers/f8a6b53dad69d0d9cabb8cf945730416aeef156ea07e829071b41fb2f30c571c/stats?stream=False HTTP/1.1" 200 1901
10:16:43,523 root INFO Name picoquic-ivy - Time: 443.64s - CPU Usage: 0.00% - Memory Usage: 452.69MB (88.42%)
10:16:45,544 urllib3.connectionpool DEBUG http://localhost:None "GET /v1.45/containers/9244e313f68ac7a0e5c0dc41c02e4af01b3d64bb399fd4990d6263ef91a7fd9f/stats?stream=False HTTP/1.1" 200 1863
10:16:45,545 root INFO Name picoquic-shadow-ivy - Time: 445.59s - CPU Usage: 0.00% - Memory Usage: 58.78MB (11.48%)
10:16:47,563 urllib3.connectionpool DEBUG http://localhost:None "GET /v1.45/containers/8b429b125ed4438c3db34380543dd22120df1d3432b62faf606bcdedf3704952/stats?stream=False HTTP/1.1" 200 1874
10:16:47,563 root INFO Name ping-pong-ivy - Time: 447.65s - CPU Usage: 0.00% - Memory Usage: 64.57MB (12.61%)
10:16:52,533 urllib3.connectionpool DEBUG http://localhost:None "GET /v1.45/containers/f86dc6fdda1e768d79e9e8fc879d01c24cea09936a16c30ac23862271df647c0/stats?stream=False HTTP/1.1" 200 803
10:16:52,533 root INFO Name panther-webapp - Time: 452.69s - CPU Usage: 0.00% - Memory Usage: 0.00MB (0.00%)
10:16:54,537 urllib3.connectionpool DEBUG http://localhost:None "GET /v1.45/containers/f8a6b53dad69d0d9cabb8cf945730416aeef156ea07e829071b41fb2f30c571c/stats?stream=False HTTP/1.1" 200 1901
10:16:54,538 root INFO Name picoquic-ivy - Time: 454.65s - CPU Usage: 0.00% - Memory Usage: 452.69MB (88.42%)
10:16:56,558 urllib3.connectionpool DEBUG http://localhost:None "GET /v1.45/containers/9244e313f68ac7a0e5c0dc41c02e4af01b3d64bb399fd4990d6263ef91a7fd9f/stats?stream=False HTTP/1.1" 200 1863
10:16:56,558 root INFO Name picoquic-shadow-ivy - Time: 456.61s - CPU Usage: 0.00% - Memory Usage: 58.78MB (11.48%)
10:16:58,580 urllib3.connectionpool DEBUG http://localhost:None "GET /v1.45/containers/8b429b125ed4438c3db34380543dd22120df1d3432b62faf606bcdedf3704952/stats?stream=False HTTP/1.1" 200 1879
10:16:58,581 root INFO Name ping-pong-ivy - Time: 458.66s - CPU Usage: 0.00% - Memory Usage: 64.57MB (12.61%)
10:17:02,541 urllib3.connectionpool DEBUG http://localhost:None "GET /v1.45/containers/f86dc6fdda1e768d79e9e8fc879d01c24cea09936a16c30ac23862271df647c0/stats?stream=False HTTP/1.1" 200 803
10:17:02,541 root INFO Name panther-webapp - Time: 462.69s - CPU Usage: 0.00% - Memory Usage: 0.00MB (0.00%)
10:17:05,555 urllib3.connectionpool DEBUG http://localhost:None "GET /v1.45/containers/f8a6b53dad69d0d9cabb8cf945730416aeef156ea07e829071b41fb2f30c571c/stats?stream=False HTTP/1.1" 200 1904
10:17:05,556 root INFO Name picoquic-ivy - Time: 465.67s - CPU Usage: 0.00% - Memory Usage: 452.68MB (88.41%)
10:17:07,576 urllib3.connectionpool DEBUG http://localhost:None "GET /v1.45/containers/9244e313f68ac7a0e5c0dc41c02e4af01b3d64bb399fd4990d6263ef91a7fd9f/stats?stream=False HTTP/1.1" 200 1863
10:17:07,576 root INFO Name picoquic-shadow-ivy - Time: 467.63s - CPU Usage: 0.00% - Memory Usage: 58.78MB (11.48%)
10:17:09,593 urllib3.connectionpool DEBUG http://localhost:None "GET /v1.45/containers/8b429b125ed4438c3db34380543dd22120df1d3432b62faf606bcdedf3704952/stats?stream=False HTTP/1.1" 200 1879
10:17:09,594 root INFO Name ping-pong-ivy - Time: 469.68s - CPU Usage: 0.00% - Memory Usage: 64.58MB (12.61%)
10:17:12,548 urllib3.connectionpool DEBUG http://localhost:None "GET /v1.45/containers/f86dc6fdda1e768d79e9e8fc879d01c24cea09936a16c30ac23862271df647c0/stats?stream=False HTTP/1.1" 200 803
10:17:12,549 root INFO Name panther-webapp - Time: 472.70s - CPU Usage: 0.00% - Memory Usage: 0.00MB (0.00%)
10:17:16,572 urllib3.connectionpool DEBUG http://localhost:None "GET /v1.45/containers/f8a6b53dad69d0d9cabb8cf945730416aeef156ea07e829071b41fb2f30c571c/stats?stream=False HTTP/1.1" 200 1904
10:17:16,573 root INFO Name picoquic-ivy - Time: 476.69s - CPU Usage: 0.00% - Memory Usage: 452.68MB (88.41%)
10:17:18,591 urllib3.connectionpool DEBUG http://localhost:None "GET /v1.45/containers/9244e313f68ac7a0e5c0dc41c02e4af01b3d64bb399fd4990d6263ef91a7fd9f/stats?stream=False HTTP/1.1" 200 1863
10:17:18,591 root INFO Name picoquic-shadow-ivy - Time: 478.64s - CPU Usage: 0.00% - Memory Usage: 58.78MB (11.48%)
10:17:20,612 urllib3.connectionpool DEBUG http://localhost:None "GET /v1.45/containers/8b429b125ed4438c3db34380543dd22120df1d3432b62faf606bcdedf3704952/stats?stream=False HTTP/1.1" 200 1879
10:17:20,613 root INFO Name ping-pong-ivy - Time: 480.70s - CPU Usage: 0.00% - Memory Usage: 64.58MB (12.61%)
10:17:23,562 urllib3.connectionpool DEBUG http://localhost:None "GET /v1.45/containers/f86dc6fdda1e768d79e9e8fc879d01c24cea09936a16c30ac23862271df647c0/stats?stream=False HTTP/1.1" 200 1846
10:17:23,563 root INFO Name panther-webapp - Time: 483.72s - CPU Usage: 0.00% - Memory Usage: 65.81MB (12.85%)
10:17:27,587 urllib3.connectionpool DEBUG http://localhost:None "GET /v1.45/containers/f8a6b53dad69d0d9cabb8cf945730416aeef156ea07e829071b41fb2f30c571c/stats?stream=False HTTP/1.1" 200 1901
10:17:27,587 root INFO Name picoquic-ivy - Time: 487.70s - CPU Usage: 0.00% - Memory Usage: 452.68MB (88.41%)
10:17:29,607 urllib3.connectionpool DEBUG http://localhost:None "GET /v1.45/containers/9244e313f68ac7a0e5c0dc41c02e4af01b3d64bb399fd4990d6263ef91a7fd9f/stats?stream=False HTTP/1.1" 200 1863
10:17:29,608 root INFO Name picoquic-shadow-ivy - Time: 489.66s - CPU Usage: 0.00% - Memory Usage: 58.78MB (11.48%)
10:17:31,633 urllib3.connectionpool DEBUG http://localhost:None "GET /v1.45/containers/8b429b125ed4438c3db34380543dd22120df1d3432b62faf606bcdedf3704952/stats?stream=False HTTP/1.1" 200 1875
10:17:31,633 root INFO Name ping-pong-ivy - Time: 491.72s - CPU Usage: 0.00% - Memory Usage: 64.57MB (12.61%)
10:17:34,580 urllib3.connectionpool DEBUG http://localhost:None "GET /v1.45/containers/f86dc6fdda1e768d79e9e8fc879d01c24cea09936a16c30ac23862271df647c0/stats?stream=False HTTP/1.1" 200 1859
10:17:34,581 root INFO Name panther-webapp - Time: 494.73s - CPU Usage: 0.00% - Memory Usage: 109.41MB (21.37%)
10:17:38,602 urllib3.connectionpool DEBUG http://localhost:None "GET /v1.45/containers/f8a6b53dad69d0d9cabb8cf945730416aeef156ea07e829071b41fb2f30c571c/stats?stream=False HTTP/1.1" 200 1904
10:17:38,603 root INFO Name picoquic-ivy - Time: 498.72s - CPU Usage: 0.00% - Memory Usage: 452.90MB (88.46%)
10:17:40,623 urllib3.connectionpool DEBUG http://localhost:None "GET /v1.45/containers/9244e313f68ac7a0e5c0dc41c02e4af01b3d64bb399fd4990d6263ef91a7fd9f/stats?stream=False HTTP/1.1" 200 1862
10:17:40,624 root INFO Name picoquic-shadow-ivy - Time: 500.67s - CPU Usage: 0.00% - Memory Usage: 59.17MB (11.56%)
10:17:42,651 urllib3.connectionpool DEBUG http://localhost:None "GET /v1.45/containers/8b429b125ed4438c3db34380543dd22120df1d3432b62faf606bcdedf3704952/stats?stream=False HTTP/1.1" 200 1879
10:17:42,652 root INFO Name ping-pong-ivy - Time: 502.74s - CPU Usage: 0.00% - Memory Usage: 64.71MB (12.64%)
10:17:45,593 urllib3.connectionpool DEBUG http://localhost:None "GET /v1.45/containers/f86dc6fdda1e768d79e9e8fc879d01c24cea09936a16c30ac23862271df647c0/stats?stream=False HTTP/1.1" 200 1866
10:17:45,593 root INFO Name panther-webapp - Time: 505.75s - CPU Usage: 0.00% - Memory Usage: 109.87MB (21.46%)
10:17:49,617 urllib3.connectionpool DEBUG http://localhost:None "GET /v1.45/containers/f8a6b53dad69d0d9cabb8cf945730416aeef156ea07e829071b41fb2f30c571c/stats?stream=False HTTP/1.1" 200 1904
10:17:49,617 root INFO Name picoquic-ivy - Time: 509.73s - CPU Usage: 0.00% - Memory Usage: 452.91MB (88.46%)
10:17:51,637 urllib3.connectionpool DEBUG http://localhost:None "GET /v1.45/containers/9244e313f68ac7a0e5c0dc41c02e4af01b3d64bb399fd4990d6263ef91a7fd9f/stats?stream=False HTTP/1.1" 200 1862
10:17:51,638 root INFO Name picoquic-shadow-ivy - Time: 511.69s - CPU Usage: 0.00% - Memory Usage: 59.04MB (11.53%)
10:17:53,665 urllib3.connectionpool DEBUG http://localhost:None "GET /v1.45/containers/8b429b125ed4438c3db34380543dd22120df1d3432b62faf606bcdedf3704952/stats?stream=False HTTP/1.1" 200 1875
10:17:53,666 root INFO Name ping-pong-ivy - Time: 513.75s - CPU Usage: 0.00% - Memory Usage: 64.71MB (12.64%)
10:17:56,609 urllib3.connectionpool DEBUG http://localhost:None "GET /v1.45/containers/f86dc6fdda1e768d79e9e8fc879d01c24cea09936a16c30ac23862271df647c0/stats?stream=False HTTP/1.1" 200 1867
10:17:56,610 root INFO Name panther-webapp - Time: 516.76s - CPU Usage: 0.00% - Memory Usage: 109.86MB (21.46%)
10:18:00,639 urllib3.connectionpool DEBUG http://localhost:None "GET /v1.45/containers/f8a6b53dad69d0d9cabb8cf945730416aeef156ea07e829071b41fb2f30c571c/stats?stream=False HTTP/1.1" 200 1901
10:18:00,640 root INFO Name picoquic-ivy - Time: 520.75s - CPU Usage: 0.00% - Memory Usage: 452.92MB (88.46%)
10:18:02,656 urllib3.connectionpool DEBUG http://localhost:None "GET /v1.45/containers/9244e313f68ac7a0e5c0dc41c02e4af01b3d64bb399fd4990d6263ef91a7fd9f/stats?stream=False HTTP/1.1" 200 1863
10:18:02,657 root INFO Name picoquic-shadow-ivy - Time: 522.71s - CPU Usage: 0.00% - Memory Usage: 59.04MB (11.53%)
10:18:04,683 urllib3.connectionpool DEBUG http://localhost:None "GET /v1.45/containers/8b429b125ed4438c3db34380543dd22120df1d3432b62faf606bcdedf3704952/stats?stream=False HTTP/1.1" 200 1876
10:18:04,684 root INFO Name ping-pong-ivy - Time: 524.77s - CPU Usage: 0.00% - Memory Usage: 64.71MB (12.64%)
10:18:07,626 urllib3.connectionpool DEBUG http://localhost:None "GET /v1.45/containers/f86dc6fdda1e768d79e9e8fc879d01c24cea09936a16c30ac23862271df647c0/stats?stream=False HTTP/1.1" 200 1868
10:18:07,627 root INFO Name panther-webapp - Time: 527.78s - CPU Usage: 0.00% - Memory Usage: 109.86MB (21.46%)
10:18:11,657 urllib3.connectionpool DEBUG http://localhost:None "GET /v1.45/containers/f8a6b53dad69d0d9cabb8cf945730416aeef156ea07e829071b41fb2f30c571c/stats?stream=False HTTP/1.1" 200 1901
10:18:11,657 root INFO Name picoquic-ivy - Time: 531.77s - CPU Usage: 0.00% - Memory Usage: 452.91MB (88.46%)
10:18:13,672 urllib3.connectionpool DEBUG http://localhost:None "GET /v1.45/containers/9244e313f68ac7a0e5c0dc41c02e4af01b3d64bb399fd4990d6263ef91a7fd9f/stats?stream=False HTTP/1.1" 200 1863
10:18:13,673 root INFO Name picoquic-shadow-ivy - Time: 533.72s - CPU Usage: 0.00% - Memory Usage: 59.04MB (11.53%)
10:18:15,700 urllib3.connectionpool DEBUG http://localhost:None "GET /v1.45/containers/8b429b125ed4438c3db34380543dd22120df1d3432b62faf606bcdedf3704952/stats?stream=False HTTP/1.1" 200 1876
10:18:15,701 root INFO Name ping-pong-ivy - Time: 535.78s - CPU Usage: 0.00% - Memory Usage: 64.71MB (12.64%)
10:18:18,641 urllib3.connectionpool DEBUG http://localhost:None "GET /v1.45/containers/f86dc6fdda1e768d79e9e8fc879d01c24cea09936a16c30ac23862271df647c0/stats?stream=False HTTP/1.1" 200 1867
10:18:18,642 root INFO Name panther-webapp - Time: 538.79s - CPU Usage: 0.00% - Memory Usage: 109.86MB (21.46%)
10:18:22,675 urllib3.connectionpool DEBUG http://localhost:None "GET /v1.45/containers/f8a6b53dad69d0d9cabb8cf945730416aeef156ea07e829071b41fb2f30c571c/stats?stream=False HTTP/1.1" 200 1903
10:18:22,675 root INFO Name picoquic-ivy - Time: 542.79s - CPU Usage: 0.00% - Memory Usage: 452.62MB (88.40%)
10:18:24,688 urllib3.connectionpool DEBUG http://localhost:None "GET /v1.45/containers/9244e313f68ac7a0e5c0dc41c02e4af01b3d64bb399fd4990d6263ef91a7fd9f/stats?stream=False HTTP/1.1" 200 1863
10:18:24,689 root INFO Name picoquic-shadow-ivy - Time: 544.74s - CPU Usage: 0.00% - Memory Usage: 58.78MB (11.48%)
10:18:26,718 urllib3.connectionpool DEBUG http://localhost:None "GET /v1.45/containers/8b429b125ed4438c3db34380543dd22120df1d3432b62faf606bcdedf3704952/stats?stream=False HTTP/1.1" 200 1879
10:18:26,720 root INFO Name ping-pong-ivy - Time: 546.80s - CPU Usage: 0.00% - Memory Usage: 64.44MB (12.59%)
10:18:29,659 urllib3.connectionpool DEBUG http://localhost:None "GET /v1.45/containers/f86dc6fdda1e768d79e9e8fc879d01c24cea09936a16c30ac23862271df647c0/stats?stream=False HTTP/1.1" 200 1879
10:18:29,660 root INFO Name panther-webapp - Time: 549.81s - CPU Usage: 0.00% - Memory Usage: 111.84MB (21.84%)
10:18:33,689 urllib3.connectionpool DEBUG http://localhost:None "GET /v1.45/containers/f8a6b53dad69d0d9cabb8cf945730416aeef156ea07e829071b41fb2f30c571c/stats?stream=False HTTP/1.1" 200 1915
10:18:33,690 root INFO Name picoquic-ivy - Time: 553.80s - CPU Usage: 0.00% - Memory Usage: 505.04MB (98.64%)
10:18:35,704 urllib3.connectionpool DEBUG http://localhost:None "GET /v1.45/containers/9244e313f68ac7a0e5c0dc41c02e4af01b3d64bb399fd4990d6263ef91a7fd9f/stats?stream=False HTTP/1.1" 200 1863
10:18:35,705 root INFO Name picoquic-shadow-ivy - Time: 555.75s - CPU Usage: 0.00% - Memory Usage: 58.79MB (11.48%)
10:18:37,733 urllib3.connectionpool DEBUG http://localhost:None "GET /v1.45/containers/8b429b125ed4438c3db34380543dd22120df1d3432b62faf606bcdedf3704952/stats?stream=False HTTP/1.1" 200 1879
10:18:37,734 root INFO Name ping-pong-ivy - Time: 557.82s - CPU Usage: 0.00% - Memory Usage: 64.42MB (12.58%)
10:18:40,678 urllib3.connectionpool DEBUG http://localhost:None "GET /v1.45/containers/f86dc6fdda1e768d79e9e8fc879d01c24cea09936a16c30ac23862271df647c0/stats?stream=False HTTP/1.1" 200 1880
10:18:40,679 root INFO Name panther-webapp - Time: 560.83s - CPU Usage: 0.00% - Memory Usage: 112.07MB (21.89%)
10:18:44,707 urllib3.connectionpool DEBUG http://localhost:None "GET /v1.45/containers/f8a6b53dad69d0d9cabb8cf945730416aeef156ea07e829071b41fb2f30c571c/stats?stream=False HTTP/1.1" 200 1917
10:18:44,707 root INFO Name picoquic-ivy - Time: 564.82s - CPU Usage: 0.00% - Memory Usage: 468.10MB (91.43%)
10:18:46,720 urllib3.connectionpool DEBUG http://localhost:None "GET /v1.45/containers/9244e313f68ac7a0e5c0dc41c02e4af01b3d64bb399fd4990d6263ef91a7fd9f/stats?stream=False HTTP/1.1" 200 1863
10:18:46,721 root INFO Name picoquic-shadow-ivy - Time: 566.77s - CPU Usage: 0.00% - Memory Usage: 58.98MB (11.52%)
10:18:48,749 urllib3.connectionpool DEBUG http://localhost:None "GET /v1.45/containers/8b429b125ed4438c3db34380543dd22120df1d3432b62faf606bcdedf3704952/stats?stream=False HTTP/1.1" 200 1879
10:18:48,749 root INFO Name ping-pong-ivy - Time: 568.83s - CPU Usage: 0.00% - Memory Usage: 64.42MB (12.58%)
10:18:51,696 urllib3.connectionpool DEBUG http://localhost:None "GET /v1.45/containers/f86dc6fdda1e768d79e9e8fc879d01c24cea09936a16c30ac23862271df647c0/stats?stream=False HTTP/1.1" 200 1878
10:18:51,696 root INFO Name panther-webapp - Time: 571.85s - CPU Usage: 0.00% - Memory Usage: 112.07MB (21.89%)
10:18:55,720 urllib3.connectionpool DEBUG http://localhost:None "GET /v1.45/containers/f8a6b53dad69d0d9cabb8cf945730416aeef156ea07e829071b41fb2f30c571c/stats?stream=False HTTP/1.1" 200 1917
10:18:55,721 root INFO Name picoquic-ivy - Time: 575.83s - CPU Usage: 0.00% - Memory Usage: 468.09MB (91.42%)
10:18:57,736 urllib3.connectionpool DEBUG http://localhost:None "GET /v1.45/containers/9244e313f68ac7a0e5c0dc41c02e4af01b3d64bb399fd4990d6263ef91a7fd9f/stats?stream=False HTTP/1.1" 200 1863
10:18:57,736 root INFO Name picoquic-shadow-ivy - Time: 577.79s - CPU Usage: 0.00% - Memory Usage: 58.79MB (11.48%)
10:18:59,765 urllib3.connectionpool DEBUG http://localhost:None "GET /v1.45/containers/8b429b125ed4438c3db34380543dd22120df1d3432b62faf606bcdedf3704952/stats?stream=False HTTP/1.1" 200 1875
10:18:59,766 root INFO Name ping-pong-ivy - Time: 579.85s - CPU Usage: 0.00% - Memory Usage: 64.48MB (12.59%)
10:19:02,709 urllib3.connectionpool DEBUG http://localhost:None "GET /v1.45/containers/f86dc6fdda1e768d79e9e8fc879d01c24cea09936a16c30ac23862271df647c0/stats?stream=False HTTP/1.1" 200 1880
10:19:02,710 root INFO Name panther-webapp - Time: 582.86s - CPU Usage: 0.00% - Memory Usage: 112.08MB (21.89%)
10:19:06,736 urllib3.connectionpool DEBUG http://localhost:None "GET /v1.45/containers/f8a6b53dad69d0d9cabb8cf945730416aeef156ea07e829071b41fb2f30c571c/stats?stream=False HTTP/1.1" 200 1914
10:19:06,736 root INFO Name picoquic-ivy - Time: 586.85s - CPU Usage: 0.00% - Memory Usage: 468.09MB (91.42%)
10:19:08,750 urllib3.connectionpool DEBUG http://localhost:None "GET /v1.45/containers/9244e313f68ac7a0e5c0dc41c02e4af01b3d64bb399fd4990d6263ef91a7fd9f/stats?stream=False HTTP/1.1" 200 1862
10:19:08,750 root INFO Name picoquic-shadow-ivy - Time: 588.80s - CPU Usage: 0.00% - Memory Usage: 58.79MB (11.48%)
10:19:10,783 urllib3.connectionpool DEBUG http://localhost:None "GET /v1.45/containers/8b429b125ed4438c3db34380543dd22120df1d3432b62faf606bcdedf3704952/stats?stream=False HTTP/1.1" 200 1876
10:19:10,784 root INFO Name ping-pong-ivy - Time: 590.87s - CPU Usage: 0.00% - Memory Usage: 64.42MB (12.58%)
10:19:13,729 urllib3.connectionpool DEBUG http://localhost:None "GET /v1.45/containers/f86dc6fdda1e768d79e9e8fc879d01c24cea09936a16c30ac23862271df647c0/stats?stream=False HTTP/1.1" 200 1881
10:19:13,730 root INFO Name panther-webapp - Time: 593.88s - CPU Usage: 0.00% - Memory Usage: 112.08MB (21.89%)
10:19:17,749 urllib3.connectionpool DEBUG http://localhost:None "GET /v1.45/containers/f8a6b53dad69d0d9cabb8cf945730416aeef156ea07e829071b41fb2f30c571c/stats?stream=False HTTP/1.1" 200 1914
10:19:17,749 root INFO Name picoquic-ivy - Time: 597.86s - CPU Usage: 0.00% - Memory Usage: 468.09MB (91.42%)
10:19:19,766 urllib3.connectionpool DEBUG http://localhost:None "GET /v1.45/containers/9244e313f68ac7a0e5c0dc41c02e4af01b3d64bb399fd4990d6263ef91a7fd9f/stats?stream=False HTTP/1.1" 200 1862
10:19:19,767 root INFO Name picoquic-shadow-ivy - Time: 599.82s - CPU Usage: 0.00% - Memory Usage: 58.79MB (11.48%)
10:19:21,798 urllib3.connectionpool DEBUG http://localhost:None "GET /v1.45/containers/8b429b125ed4438c3db34380543dd22120df1d3432b62faf606bcdedf3704952/stats?stream=False HTTP/1.1" 200 1876
10:19:21,798 root INFO Name ping-pong-ivy - Time: 601.88s - CPU Usage: 0.00% - Memory Usage: 64.42MB (12.58%)
10:19:24,748 urllib3.connectionpool DEBUG http://localhost:None "GET /v1.45/containers/f86dc6fdda1e768d79e9e8fc879d01c24cea09936a16c30ac23862271df647c0/stats?stream=False HTTP/1.1" 200 1880
10:19:24,749 root INFO Name panther-webapp - Time: 604.90s - CPU Usage: 0.00% - Memory Usage: 112.08MB (21.89%)
10:19:28,767 urllib3.connectionpool DEBUG http://localhost:None "GET /v1.45/containers/f8a6b53dad69d0d9cabb8cf945730416aeef156ea07e829071b41fb2f30c571c/stats?stream=False HTTP/1.1" 200 1914
10:19:28,767 root INFO Name picoquic-ivy - Time: 608.88s - CPU Usage: 0.00% - Memory Usage: 468.09MB (91.42%)
10:19:30,780 urllib3.connectionpool DEBUG http://localhost:None "GET /v1.45/containers/9244e313f68ac7a0e5c0dc41c02e4af01b3d64bb399fd4990d6263ef91a7fd9f/stats?stream=False HTTP/1.1" 200 1863
10:19:30,781 root INFO Name picoquic-shadow-ivy - Time: 610.83s - CPU Usage: 0.00% - Memory Usage: 58.79MB (11.48%)
10:19:32,813 urllib3.connectionpool DEBUG http://localhost:None "GET /v1.45/containers/8b429b125ed4438c3db34380543dd22120df1d3432b62faf606bcdedf3704952/stats?stream=False HTTP/1.1" 200 1876
10:19:32,813 root INFO Name ping-pong-ivy - Time: 612.90s - CPU Usage: 0.00% - Memory Usage: 64.42MB (12.58%)
10:19:35,762 urllib3.connectionpool DEBUG http://localhost:None "GET /v1.45/containers/f86dc6fdda1e768d79e9e8fc879d01c24cea09936a16c30ac23862271df647c0/stats?stream=False HTTP/1.1" 200 1881
10:19:35,763 root INFO Name panther-webapp - Time: 615.92s - CPU Usage: 0.00% - Memory Usage: 112.08MB (21.89%)
10:19:39,781 urllib3.connectionpool DEBUG http://localhost:None "GET /v1.45/containers/f8a6b53dad69d0d9cabb8cf945730416aeef156ea07e829071b41fb2f30c571c/stats?stream=False HTTP/1.1" 200 1914
10:19:39,781 root INFO Name picoquic-ivy - Time: 619.90s - CPU Usage: 0.00% - Memory Usage: 468.09MB (91.42%)
10:19:41,793 urllib3.connectionpool DEBUG http://localhost:None "GET /v1.45/containers/9244e313f68ac7a0e5c0dc41c02e4af01b3d64bb399fd4990d6263ef91a7fd9f/stats?stream=False HTTP/1.1" 200 1863
10:19:41,794 root INFO Name picoquic-shadow-ivy - Time: 621.84s - CPU Usage: 0.00% - Memory Usage: 58.79MB (11.48%)
10:19:43,829 urllib3.connectionpool DEBUG http://localhost:None "GET /v1.45/containers/8b429b125ed4438c3db34380543dd22120df1d3432b62faf606bcdedf3704952/stats?stream=False HTTP/1.1" 200 1876
10:19:43,830 root INFO Name ping-pong-ivy - Time: 623.91s - CPU Usage: 0.00% - Memory Usage: 64.74MB (12.64%)
10:19:46,781 urllib3.connectionpool DEBUG http://localhost:None "GET /v1.45/containers/f86dc6fdda1e768d79e9e8fc879d01c24cea09936a16c30ac23862271df647c0/stats?stream=False HTTP/1.1" 200 1880
10:19:46,782 root INFO Name panther-webapp - Time: 626.93s - CPU Usage: 0.00% - Memory Usage: 112.08MB (21.89%)
10:19:50,802 urllib3.connectionpool DEBUG http://localhost:None "GET /v1.45/containers/f8a6b53dad69d0d9cabb8cf945730416aeef156ea07e829071b41fb2f30c571c/stats?stream=False HTTP/1.1" 200 1913
10:19:50,803 root INFO Name picoquic-ivy - Time: 630.92s - CPU Usage: 0.00% - Memory Usage: 467.39MB (91.29%)
10:19:52,811 urllib3.connectionpool DEBUG http://localhost:None "GET /v1.45/containers/9244e313f68ac7a0e5c0dc41c02e4af01b3d64bb399fd4990d6263ef91a7fd9f/stats?stream=False HTTP/1.1" 200 1863
10:19:52,811 root INFO Name picoquic-shadow-ivy - Time: 632.86s - CPU Usage: 0.00% - Memory Usage: 58.79MB (11.48%)
10:19:54,848 urllib3.connectionpool DEBUG http://localhost:None "GET /v1.45/containers/8b429b125ed4438c3db34380543dd22120df1d3432b62faf606bcdedf3704952/stats?stream=False HTTP/1.1" 200 1875
10:19:54,849 root INFO Name ping-pong-ivy - Time: 634.93s - CPU Usage: 0.00% - Memory Usage: 48.86MB (9.54%)
10:19:57,799 urllib3.connectionpool DEBUG http://localhost:None "GET /v1.45/containers/f86dc6fdda1e768d79e9e8fc879d01c24cea09936a16c30ac23862271df647c0/stats?stream=False HTTP/1.1" 200 898
10:19:57,800 root INFO Name panther-webapp - Time: 637.95s - CPU Usage: 0.00% - Memory Usage: 0.00MB (0.00%)
10:20:01,818 urllib3.connectionpool DEBUG http://localhost:None "GET /v1.45/containers/f8a6b53dad69d0d9cabb8cf945730416aeef156ea07e829071b41fb2f30c571c/stats?stream=False HTTP/1.1" 200 1909
10:20:01,819 root INFO Name picoquic-ivy - Time: 641.93s - CPU Usage: 0.00% - Memory Usage: 467.48MB (91.30%)
10:20:03,826 urllib3.connectionpool DEBUG http://localhost:None "GET /v1.45/containers/9244e313f68ac7a0e5c0dc41c02e4af01b3d64bb399fd4990d6263ef91a7fd9f/stats?stream=False HTTP/1.1" 200 1864
10:20:03,827 root INFO Name picoquic-shadow-ivy - Time: 643.88s - CPU Usage: 0.00% - Memory Usage: 58.80MB (11.48%)
10:20:05,864 urllib3.connectionpool DEBUG http://localhost:None "GET /v1.45/containers/8b429b125ed4438c3db34380543dd22120df1d3432b62faf606bcdedf3704952/stats?stream=False HTTP/1.1" 200 1876
10:20:05,865 root INFO Name ping-pong-ivy - Time: 645.95s - CPU Usage: 0.00% - Memory Usage: 64.68MB (12.63%)
10:20:08,978 urllib3.connectionpool DEBUG http://localhost:None "GET /v1.45/containers/f86dc6fdda1e768d79e9e8fc879d01c24cea09936a16c30ac23862271df647c0/stats?stream=False HTTP/1.1" 200 895
10:20:08,979 root INFO Name panther-webapp - Time: 649.13s - CPU Usage: 0.00% - Memory Usage: 0.00MB (0.00%)
10:20:12,835 urllib3.connectionpool DEBUG http://localhost:None "GET /v1.45/containers/f8a6b53dad69d0d9cabb8cf945730416aeef156ea07e829071b41fb2f30c571c/stats?stream=False HTTP/1.1" 200 1909
10:20:12,835 root INFO Name picoquic-ivy - Time: 652.95s - CPU Usage: 0.00% - Memory Usage: 467.38MB (91.29%)
10:20:14,841 urllib3.connectionpool DEBUG http://localhost:None "GET /v1.45/containers/9244e313f68ac7a0e5c0dc41c02e4af01b3d64bb399fd4990d6263ef91a7fd9f/stats?stream=False HTTP/1.1" 200 1863
10:20:14,842 root INFO Name picoquic-shadow-ivy - Time: 654.89s - CPU Usage: 0.00% - Memory Usage: 58.80MB (11.48%)
