10:24:47,341 docker.utils.config DEBUG Trying paths: ['/home/crochetch/.docker/config.json', '/home/crochetch/.dockercfg']
10:24:47,341 docker.utils.config DEBUG Found file at path: /home/crochetch/.docker/config.json
10:24:47,341 docker.auth DEBUG Found 'auths' section
10:24:47,342 docker.auth DEBUG Found entry (registry='https://index.docker.io/v1/', username='elniak')
10:24:47,349 urllib3.connectionpool DEBUG http://localhost:None "GET /version HTTP/1.1" 200 828
10:24:47,349 docker.utils.config DEBUG Trying paths: ['/home/crochetch/.docker/config.json', '/home/crochetch/.dockercfg']
10:24:47,349 docker.utils.config DEBUG Found file at path: /home/crochetch/.docker/config.json
10:24:47,349 docker.auth DEBUG Found 'auths' section
10:24:47,349 docker.auth DEBUG Found entry (registry='https://index.docker.io/v1/', username='elniak')
10:24:47,355 urllib3.connectionpool DEBUG http://localhost:None "GET /version HTTP/1.1" 200 828
10:24:47,358 urllib3.connectionpool DEBUG http://localhost:None "GET /v1.45/networks/net HTTP/1.1" 200 432
10:24:47,359 root DEBUG Executing command: sudo chown -R $USER:$GROUPS $PWD/panther/
10:24:51,749 root DEBUG Executing command: xhost +
10:24:51,789 root INFO Docker Compose configuration updated successfully.
10:24:51,789 root DEBUG Executing command: cat panther/docker-compose.yml
10:24:51,794 root DEBUG Executing command: docker compose -f panther/docker-compose.yml up -d
10:25:00,726 urllib3.connectionpool DEBUG http://localhost:None "GET /v1.45/containers/ping-pong-ivy/json HTTP/1.1" 200 None
10:25:00,728 docker.utils.config DEBUG Trying paths: ['/home/crochetch/.docker/config.json', '/home/crochetch/.dockercfg']
10:25:00,729 docker.utils.config DEBUG Found file at path: /home/crochetch/.docker/config.json
10:25:00,729 docker.auth DEBUG Found 'auths' section
10:25:00,729 docker.auth DEBUG Found entry (registry='https://index.docker.io/v1/', username='elniak')
10:25:00,730 urllib3.connectionpool DEBUG http://localhost:None "GET /v1.45/containers/ping-pong-ivy/json HTTP/1.1" 200 None
10:25:00,731 root DEBUG Executing command: echo '172.27.1.12 ping-pong-ivy' | sudo tee -a /etc/hosts
10:25:00,744 urllib3.connectionpool DEBUG http://localhost:None "GET /version HTTP/1.1" 200 828
10:25:00,748 urllib3.connectionpool DEBUG http://localhost:None "GET /v1.45/containers/ping-pong-ivy/json HTTP/1.1" 200 None
10:25:00,777 root INFO Added entry to /etc/hosts: 172.27.1.12 ping-pong-ivy
10:25:00,781 urllib3.connectionpool DEBUG http://localhost:None "GET /v1.45/containers/panther-webapp/json HTTP/1.1" 200 None
10:25:00,782 docker.utils.config DEBUG Trying paths: ['/home/crochetch/.docker/config.json', '/home/crochetch/.dockercfg']
10:25:00,784 docker.utils.config DEBUG Found file at path: /home/crochetch/.docker/config.json
10:25:00,785 docker.auth DEBUG Found 'auths' section
10:25:00,785 docker.auth DEBUG Found entry (registry='https://index.docker.io/v1/', username='elniak')
10:25:00,788 urllib3.connectionpool DEBUG http://localhost:None "GET /v1.45/containers/panther-webapp/json HTTP/1.1" 200 None
10:25:00,789 root DEBUG Executing command: echo '172.27.1.10 panther-webapp' | sudo tee -a /etc/hosts
10:25:00,804 urllib3.connectionpool DEBUG http://localhost:None "GET /version HTTP/1.1" 200 828
10:25:00,807 urllib3.connectionpool DEBUG http://localhost:None "GET /v1.45/containers/panther-webapp/json HTTP/1.1" 200 None
10:25:00,826 root INFO Added entry to /etc/hosts: 172.27.1.10 panther-webapp
10:25:00,829 urllib3.connectionpool DEBUG http://localhost:None "GET /v1.45/containers/picoquic-ivy/json HTTP/1.1" 200 None
10:25:00,835 docker.utils.config DEBUG Trying paths: ['/home/crochetch/.docker/config.json', '/home/crochetch/.dockercfg']
10:25:00,837 urllib3.connectionpool DEBUG http://localhost:None "GET /v1.45/containers/picoquic-ivy/json HTTP/1.1" 200 None
10:25:00,837 docker.utils.config DEBUG Found file at path: /home/crochetch/.docker/config.json
10:25:00,838 root DEBUG Executing command: echo '172.27.1.13 picoquic-ivy' | sudo tee -a /etc/hosts
10:25:00,844 docker.auth DEBUG Found 'auths' section
10:25:00,847 docker.auth DEBUG Found entry (registry='https://index.docker.io/v1/', username='elniak')
10:25:00,865 urllib3.connectionpool DEBUG http://localhost:None "GET /version HTTP/1.1" 200 828
10:25:00,872 urllib3.connectionpool DEBUG http://localhost:None "GET /v1.45/containers/picoquic-ivy/json HTTP/1.1" 200 None
10:25:00,879 root INFO Added entry to /etc/hosts: 172.27.1.13 picoquic-ivy
10:25:00,883 urllib3.connectionpool DEBUG http://localhost:None "GET /v1.45/containers/picoquic-shadow-ivy/json HTTP/1.1" 200 None
10:25:00,886 docker.utils.config DEBUG Trying paths: ['/home/crochetch/.docker/config.json', '/home/crochetch/.dockercfg']
10:25:00,887 docker.utils.config DEBUG Found file at path: /home/crochetch/.docker/config.json
10:25:00,888 docker.auth DEBUG Found 'auths' section
10:25:00,888 docker.auth DEBUG Found entry (registry='https://index.docker.io/v1/', username='elniak')
10:25:00,889 urllib3.connectionpool DEBUG http://localhost:None "GET /v1.45/containers/picoquic-shadow-ivy/json HTTP/1.1" 200 None
10:25:00,895 root DEBUG Executing command: echo '172.27.1.14 picoquic-shadow-ivy' | sudo tee -a /etc/hosts
10:25:00,904 urllib3.connectionpool DEBUG http://localhost:None "GET /version HTTP/1.1" 200 828
10:25:00,909 urllib3.connectionpool DEBUG http://localhost:None "GET /v1.45/containers/picoquic-shadow-ivy/json HTTP/1.1" 200 None
10:25:00,929 root INFO Added entry to /etc/hosts: 172.27.1.14 picoquic-shadow-ivy
10:25:00,930 root DEBUG Executing command: docker compose -f panther/docker-compose.yml logs -f
10:25:02,653 urllib3.connectionpool DEBUG http://localhost:None "GET /v1.45/containers/107a5a72f71ff78aa915a2059f60fbeda2fb2e882be7495ebcf1cd9e066c3944/stats?stream=False HTTP/1.1" 200 884
10:25:02,653 root INFO Name ping-pong-ivy - Time: 1.90s - CPU Usage: 0.00% - Memory Usage: 0.00MB (0.00%)
10:25:04,642 urllib3.connectionpool DEBUG http://localhost:None "GET /v1.45/containers/d84672e1e1c7dbd7b22887b3d3a428e4562dbef09302aa31045c4bca88d87e77/stats?stream=False HTTP/1.1" 200 884
10:25:04,643 root INFO Name panther-webapp - Time: 3.83s - CPU Usage: 0.00% - Memory Usage: 0.00MB (0.00%)
10:25:04,898 urllib3.connectionpool DEBUG http://localhost:None "GET /v1.45/containers/4e627bc6158d4e3d8925e552fd11a83def84a202e2edfd513b896190da866238/stats?stream=False HTTP/1.1" 200 1811
10:25:04,899 root INFO Name picoquic-ivy - Time: 4.03s - CPU Usage: -0.00% - Memory Usage: 2.54MB (0.50%)
10:25:04,935 urllib3.connectionpool DEBUG http://localhost:None "GET /v1.45/containers/26fd73c2cf634df4ee914595055e8cf57bb4c845bd4b8d800468a4867f3ed2b7/stats?stream=False HTTP/1.1" 200 1808
10:25:04,937 root INFO Name picoquic-shadow-ivy - Time: 4.03s - CPU Usage: -0.00% - Memory Usage: 2.55MB (0.50%)
10:25:12,669 urllib3.connectionpool DEBUG http://localhost:None "GET /v1.45/containers/107a5a72f71ff78aa915a2059f60fbeda2fb2e882be7495ebcf1cd9e066c3944/stats?stream=False HTTP/1.1" 200 802
10:25:12,669 root INFO Name ping-pong-ivy - Time: 11.92s - CPU Usage: 0.00% - Memory Usage: 0.00MB (0.00%)
10:25:14,910 urllib3.connectionpool DEBUG http://localhost:None "GET /v1.45/containers/4e627bc6158d4e3d8925e552fd11a83def84a202e2edfd513b896190da866238/stats?stream=False HTTP/1.1" 200 801
10:25:14,911 root INFO Name picoquic-ivy - Time: 14.04s - CPU Usage: 0.00% - Memory Usage: 0.00MB (0.00%)
10:25:14,950 urllib3.connectionpool DEBUG http://localhost:None "GET /v1.45/containers/26fd73c2cf634df4ee914595055e8cf57bb4c845bd4b8d800468a4867f3ed2b7/stats?stream=False HTTP/1.1" 200 808
10:25:14,950 root INFO Name picoquic-shadow-ivy - Time: 14.04s - CPU Usage: 0.00% - Memory Usage: 0.00MB (0.00%)
10:25:15,980 urllib3.connectionpool DEBUG http://localhost:None "GET /v1.45/containers/d84672e1e1c7dbd7b22887b3d3a428e4562dbef09302aa31045c4bca88d87e77/stats?stream=False HTTP/1.1" 200 897
10:25:15,981 root INFO Name panther-webapp - Time: 15.17s - CPU Usage: 0.00% - Memory Usage: 0.00MB (0.00%)
10:25:23,685 urllib3.connectionpool DEBUG http://localhost:None "GET /v1.45/containers/107a5a72f71ff78aa915a2059f60fbeda2fb2e882be7495ebcf1cd9e066c3944/stats?stream=False HTTP/1.1" 200 1859
10:25:23,686 root INFO Name ping-pong-ivy - Time: 22.94s - CPU Usage: 0.00% - Memory Usage: 67.84MB (13.25%)
10:25:25,929 urllib3.connectionpool DEBUG http://localhost:None "GET /v1.45/containers/4e627bc6158d4e3d8925e552fd11a83def84a202e2edfd513b896190da866238/stats?stream=False HTTP/1.1" 200 1841
10:25:25,930 root INFO Name picoquic-ivy - Time: 25.06s - CPU Usage: 0.00% - Memory Usage: 59.90MB (11.70%)
10:25:26,939 urllib3.connectionpool DEBUG http://localhost:None "GET /v1.45/containers/26fd73c2cf634df4ee914595055e8cf57bb4c845bd4b8d800468a4867f3ed2b7/stats?stream=False HTTP/1.1" 200 1843
10:25:26,939 root INFO Name picoquic-shadow-ivy - Time: 26.03s - CPU Usage: 0.00% - Memory Usage: 58.60MB (11.44%)
10:25:27,942 urllib3.connectionpool DEBUG http://localhost:None "GET /v1.45/containers/d84672e1e1c7dbd7b22887b3d3a428e4562dbef09302aa31045c4bca88d87e77/stats?stream=False HTTP/1.1" 200 1886
10:25:27,943 root INFO Name panther-webapp - Time: 27.13s - CPU Usage: 0.00% - Memory Usage: 114.31MB (22.33%)
10:25:34,702 urllib3.connectionpool DEBUG http://localhost:None "GET /v1.45/containers/107a5a72f71ff78aa915a2059f60fbeda2fb2e882be7495ebcf1cd9e066c3944/stats?stream=False HTTP/1.1" 200 1862
10:25:34,702 root INFO Name ping-pong-ivy - Time: 33.95s - CPU Usage: 0.00% - Memory Usage: 67.84MB (13.25%)
10:25:36,945 urllib3.connectionpool DEBUG http://localhost:None "GET /v1.45/containers/4e627bc6158d4e3d8925e552fd11a83def84a202e2edfd513b896190da866238/stats?stream=False HTTP/1.1" 200 1847
10:25:36,946 root INFO Name picoquic-ivy - Time: 36.07s - CPU Usage: 0.00% - Memory Usage: 59.93MB (11.70%)
10:25:38,954 urllib3.connectionpool DEBUG http://localhost:None "GET /v1.45/containers/26fd73c2cf634df4ee914595055e8cf57bb4c845bd4b8d800468a4867f3ed2b7/stats?stream=False HTTP/1.1" 200 1849
10:25:38,955 root INFO Name picoquic-shadow-ivy - Time: 38.04s - CPU Usage: 0.00% - Memory Usage: 58.40MB (11.41%)
10:25:39,959 urllib3.connectionpool DEBUG http://localhost:None "GET /v1.45/containers/d84672e1e1c7dbd7b22887b3d3a428e4562dbef09302aa31045c4bca88d87e77/stats?stream=False HTTP/1.1" 200 1886
10:25:39,960 root INFO Name panther-webapp - Time: 39.15s - CPU Usage: 0.00% - Memory Usage: 114.34MB (22.33%)
