09:51:05,666 docker.utils.config DEBUG Trying paths: ['/home/crochetch/.docker/config.json', '/home/crochetch/.dockercfg']
09:51:05,666 docker.utils.config DEBUG Found file at path: /home/crochetch/.docker/config.json
09:51:05,666 docker.auth DEBUG Found 'auths' section
09:51:05,666 docker.auth DEBUG Found entry (registry='https://index.docker.io/v1/', username='elniak')
09:51:05,673 urllib3.connectionpool DEBUG http://localhost:None "GET /version HTTP/1.1" 200 828
09:51:05,674 docker.utils.config DEBUG Trying paths: ['/home/crochetch/.docker/config.json', '/home/crochetch/.dockercfg']
09:51:05,674 docker.utils.config DEBUG Found file at path: /home/crochetch/.docker/config.json
09:51:05,674 docker.auth DEBUG Found 'auths' section
09:51:05,674 docker.auth DEBUG Found entry (registry='https://index.docker.io/v1/', username='elniak')
09:51:05,679 urllib3.connectionpool DEBUG http://localhost:None "GET /version HTTP/1.1" 200 828
09:51:05,682 urllib3.connectionpool DEBUG http://localhost:None "GET /v1.45/networks/net HTTP/1.1" 200 432
09:51:05,682 root DEBUG Executing command: sudo chown -R $USER:$GROUPS $PWD/panther/
09:51:06,459 root DEBUG Executing command: xhost +
09:51:06,485 root INFO Docker Compose configuration updated successfully.
09:51:06,486 root DEBUG Executing command: cat panther/docker-compose.yml
09:51:06,488 root DEBUG Executing command: docker compose -f panther/docker-compose.yml up -d
09:51:07,749 urllib3.connectionpool DEBUG http://localhost:None "GET /v1.45/containers/panther-webapp/json HTTP/1.1" 200 None
09:51:07,750 docker.utils.config DEBUG Trying paths: ['/home/crochetch/.docker/config.json', '/home/crochetch/.dockercfg']
09:51:07,751 docker.utils.config DEBUG Found file at path: /home/crochetch/.docker/config.json
09:51:07,752 docker.auth DEBUG Found 'auths' section
09:51:07,752 docker.auth DEBUG Found entry (registry='https://index.docker.io/v1/', username='elniak')
09:51:07,754 urllib3.connectionpool DEBUG http://localhost:None "GET /v1.45/containers/panther-webapp/json HTTP/1.1" 200 None
09:51:07,754 root DEBUG Executing command: echo '172.27.1.10 panther-webapp' | sudo tee -a /etc/hosts
09:51:07,774 urllib3.connectionpool DEBUG http://localhost:None "GET /version HTTP/1.1" 200 828
09:51:07,779 urllib3.connectionpool DEBUG http://localhost:None "GET /v1.45/containers/panther-webapp/json HTTP/1.1" 200 None
09:51:07,782 root INFO Added entry to /etc/hosts: 172.27.1.10 panther-webapp
09:51:07,785 urllib3.connectionpool DEBUG http://localhost:None "GET /v1.45/containers/ping-pong-ivy/json HTTP/1.1" 200 None
09:51:07,786 docker.utils.config DEBUG Trying paths: ['/home/crochetch/.docker/config.json', '/home/crochetch/.dockercfg']
09:51:07,788 docker.utils.config DEBUG Found file at path: /home/crochetch/.docker/config.json
09:51:07,789 urllib3.connectionpool DEBUG http://localhost:None "GET /v1.45/containers/ping-pong-ivy/json HTTP/1.1" 200 None
09:51:07,790 root DEBUG Executing command: echo '172.27.1.12 ping-pong-ivy' | sudo tee -a /etc/hosts
09:51:07,791 docker.auth DEBUG Found 'auths' section
09:51:07,791 docker.auth DEBUG Found entry (registry='https://index.docker.io/v1/', username='elniak')
09:51:07,812 urllib3.connectionpool DEBUG http://localhost:None "GET /version HTTP/1.1" 200 828
09:51:07,813 root INFO Added entry to /etc/hosts: 172.27.1.12 ping-pong-ivy
09:51:07,817 urllib3.connectionpool DEBUG http://localhost:None "GET /v1.45/containers/picoquic-ivy/json HTTP/1.1" 200 None
09:51:07,818 urllib3.connectionpool DEBUG http://localhost:None "GET /v1.45/containers/ping-pong-ivy/json HTTP/1.1" 200 None
09:51:07,820 docker.utils.config DEBUG Trying paths: ['/home/crochetch/.docker/config.json', '/home/crochetch/.dockercfg']
09:51:07,821 docker.utils.config DEBUG Found file at path: /home/crochetch/.docker/config.json
09:51:07,821 docker.auth DEBUG Found 'auths' section
09:51:07,822 docker.auth DEBUG Found entry (registry='https://index.docker.io/v1/', username='elniak')
09:51:07,823 urllib3.connectionpool DEBUG http://localhost:None "GET /v1.45/containers/picoquic-ivy/json HTTP/1.1" 200 None
09:51:07,824 root DEBUG Executing command: echo '172.27.1.13 picoquic-ivy' | sudo tee -a /etc/hosts
09:51:07,837 urllib3.connectionpool DEBUG http://localhost:None "GET /version HTTP/1.1" 200 828
09:51:07,841 urllib3.connectionpool DEBUG http://localhost:None "GET /v1.45/containers/picoquic-ivy/json HTTP/1.1" 200 None
09:51:07,844 root INFO Added entry to /etc/hosts: 172.27.1.13 picoquic-ivy
09:51:07,848 urllib3.connectionpool DEBUG http://localhost:None "GET /v1.45/containers/picoquic-shadow-ivy/json HTTP/1.1" 200 None
09:51:07,849 docker.utils.config DEBUG Trying paths: ['/home/crochetch/.docker/config.json', '/home/crochetch/.dockercfg']
09:51:07,851 docker.utils.config DEBUG Found file at path: /home/crochetch/.docker/config.json
09:51:07,852 docker.auth DEBUG Found 'auths' section
09:51:07,852 urllib3.connectionpool DEBUG http://localhost:None "GET /v1.45/containers/picoquic-shadow-ivy/json HTTP/1.1" 200 None
09:51:07,852 docker.auth DEBUG Found entry (registry='https://index.docker.io/v1/', username='elniak')
09:51:07,853 root DEBUG Executing command: echo '172.27.1.14 picoquic-shadow-ivy' | sudo tee -a /etc/hosts
09:51:07,878 urllib3.connectionpool DEBUG http://localhost:None "GET /version HTTP/1.1" 200 828
09:51:07,882 urllib3.connectionpool DEBUG http://localhost:None "GET /v1.45/containers/picoquic-shadow-ivy/json HTTP/1.1" 200 None
09:51:07,885 root INFO Added entry to /etc/hosts: 172.27.1.14 picoquic-shadow-ivy
09:51:08,799 urllib3.connectionpool DEBUG http://localhost:None "GET /v1.45/containers/3a2d73f6a1b8fb81254eeafffccf8675524b526ebffeaefa544b1fc16e54611a/stats?stream=False HTTP/1.1" 200 1864
09:51:08,800 root INFO Name panther-webapp - Time: 1.02s - CPU Usage: 0.00% - Memory Usage: 78.25MB (15.28%)
09:51:09,803 urllib3.connectionpool DEBUG http://localhost:None "GET /v1.45/containers/bf6754b8d770ba9e6ef576f87d6e77ba62ef9bc194a08b6dfbd98f022a870872/stats?stream=False HTTP/1.1" 200 1839
09:51:09,803 root INFO Name picoquic-ivy - Time: 1.96s - CPU Usage: 0.00% - Memory Usage: 59.23MB (0.38%)
09:51:09,804 urllib3.connectionpool DEBUG http://localhost:None "GET /v1.45/containers/d0518bf57cb757c77f5f78411f547e3b81da2df1c432fe4b2a6d7c343d31c94e/stats?stream=False HTTP/1.1" 200 1855
09:51:09,804 root INFO Name picoquic-shadow-ivy - Time: 1.92s - CPU Usage: 0.00% - Memory Usage: 66.48MB (0.42%)
09:51:09,805 urllib3.connectionpool DEBUG http://localhost:None "GET /v1.45/containers/7e906e1d407c54bd28d043346cdb1c673abfc36274609f8b383f7201b1101bfd/stats?stream=False HTTP/1.1" 200 1841
09:51:09,806 root INFO Name ping-pong-ivy - Time: 1.99s - CPU Usage: 0.00% - Memory Usage: 59.17MB (0.38%)
09:51:19,814 urllib3.connectionpool DEBUG http://localhost:None "GET /v1.45/containers/3a2d73f6a1b8fb81254eeafffccf8675524b526ebffeaefa544b1fc16e54611a/stats?stream=False HTTP/1.1" 200 1872
09:51:19,814 root INFO Name panther-webapp - Time: 12.03s - CPU Usage: 0.00% - Memory Usage: 112.20MB (21.91%)
09:51:21,822 urllib3.connectionpool DEBUG http://localhost:None "GET /v1.45/containers/7e906e1d407c54bd28d043346cdb1c673abfc36274609f8b383f7201b1101bfd/stats?stream=False HTTP/1.1" 200 1843
09:51:21,823 root INFO Name ping-pong-ivy - Time: 14.00s - CPU Usage: 0.00% - Memory Usage: 59.18MB (0.38%)
09:51:21,825 urllib3.connectionpool DEBUG http://localhost:None "GET /v1.45/containers/bf6754b8d770ba9e6ef576f87d6e77ba62ef9bc194a08b6dfbd98f022a870872/stats?stream=False HTTP/1.1" 200 1840
09:51:21,825 root INFO Name picoquic-ivy - Time: 13.98s - CPU Usage: 0.00% - Memory Usage: 59.23MB (0.38%)
09:51:21,826 urllib3.connectionpool DEBUG http://localhost:None "GET /v1.45/containers/d0518bf57cb757c77f5f78411f547e3b81da2df1c432fe4b2a6d7c343d31c94e/stats?stream=False HTTP/1.1" 200 1856
09:51:21,827 root INFO Name picoquic-shadow-ivy - Time: 13.94s - CPU Usage: 0.00% - Memory Usage: 66.49MB (0.42%)
09:51:30,831 urllib3.connectionpool DEBUG http://localhost:None "GET /v1.45/containers/3a2d73f6a1b8fb81254eeafffccf8675524b526ebffeaefa544b1fc16e54611a/stats?stream=False HTTP/1.1" 200 1880
09:51:30,832 root INFO Name panther-webapp - Time: 23.05s - CPU Usage: 0.00% - Memory Usage: 112.20MB (21.91%)
09:51:32,840 urllib3.connectionpool DEBUG http://localhost:None "GET /v1.45/containers/7e906e1d407c54bd28d043346cdb1c673abfc36274609f8b383f7201b1101bfd/stats?stream=False HTTP/1.1" 200 1849
09:51:32,841 root INFO Name ping-pong-ivy - Time: 25.02s - CPU Usage: 0.00% - Memory Usage: 59.17MB (0.38%)
09:51:33,848 urllib3.connectionpool DEBUG http://localhost:None "GET /v1.45/containers/bf6754b8d770ba9e6ef576f87d6e77ba62ef9bc194a08b6dfbd98f022a870872/stats?stream=False HTTP/1.1" 200 1848
09:51:33,849 root INFO Name picoquic-ivy - Time: 26.01s - CPU Usage: 0.00% - Memory Usage: 59.23MB (0.38%)
09:51:33,849 urllib3.connectionpool DEBUG http://localhost:None "GET /v1.45/containers/d0518bf57cb757c77f5f78411f547e3b81da2df1c432fe4b2a6d7c343d31c94e/stats?stream=False HTTP/1.1" 200 1863
09:51:33,850 root INFO Name picoquic-shadow-ivy - Time: 25.97s - CPU Usage: 0.00% - Memory Usage: 66.47MB (0.42%)
09:51:41,855 urllib3.connectionpool DEBUG http://localhost:None "GET /v1.45/containers/3a2d73f6a1b8fb81254eeafffccf8675524b526ebffeaefa544b1fc16e54611a/stats?stream=False HTTP/1.1" 200 1884
09:51:41,856 root INFO Name panther-webapp - Time: 34.08s - CPU Usage: 0.00% - Memory Usage: 112.55MB (21.98%)
09:51:43,860 urllib3.connectionpool DEBUG http://localhost:None "GET /v1.45/containers/7e906e1d407c54bd28d043346cdb1c673abfc36274609f8b383f7201b1101bfd/stats?stream=False HTTP/1.1" 200 1851
09:51:43,861 root INFO Name ping-pong-ivy - Time: 36.04s - CPU Usage: 0.00% - Memory Usage: 59.18MB (0.38%)
09:51:45,868 urllib3.connectionpool DEBUG http://localhost:None "GET /v1.45/containers/d0518bf57cb757c77f5f78411f547e3b81da2df1c432fe4b2a6d7c343d31c94e/stats?stream=False HTTP/1.1" 200 1865
09:51:45,868 root INFO Name picoquic-shadow-ivy - Time: 37.98s - CPU Usage: 0.00% - Memory Usage: 66.47MB (0.42%)
09:51:45,869 urllib3.connectionpool DEBUG http://localhost:None "GET /v1.45/containers/bf6754b8d770ba9e6ef576f87d6e77ba62ef9bc194a08b6dfbd98f022a870872/stats?stream=False HTTP/1.1" 200 1848
09:51:45,870 root INFO Name picoquic-ivy - Time: 38.03s - CPU Usage: 0.00% - Memory Usage: 59.23MB (0.38%)
09:51:52,873 urllib3.connectionpool DEBUG http://localhost:None "GET /v1.45/containers/3a2d73f6a1b8fb81254eeafffccf8675524b526ebffeaefa544b1fc16e54611a/stats?stream=False HTTP/1.1" 200 1890
09:51:52,874 root INFO Name panther-webapp - Time: 45.09s - CPU Usage: 0.00% - Memory Usage: 113.53MB (22.17%)
09:51:54,880 urllib3.connectionpool DEBUG http://localhost:None "GET /v1.45/containers/7e906e1d407c54bd28d043346cdb1c673abfc36274609f8b383f7201b1101bfd/stats?stream=False HTTP/1.1" 200 1850
09:51:54,880 root INFO Name ping-pong-ivy - Time: 47.06s - CPU Usage: 0.00% - Memory Usage: 59.17MB (0.38%)
09:51:56,886 urllib3.connectionpool DEBUG http://localhost:None "GET /v1.45/containers/d0518bf57cb757c77f5f78411f547e3b81da2df1c432fe4b2a6d7c343d31c94e/stats?stream=False HTTP/1.1" 200 1865
09:51:56,886 root INFO Name picoquic-shadow-ivy - Time: 49.00s - CPU Usage: 0.00% - Memory Usage: 66.47MB (0.42%)
09:51:57,893 urllib3.connectionpool DEBUG http://localhost:None "GET /v1.45/containers/bf6754b8d770ba9e6ef576f87d6e77ba62ef9bc194a08b6dfbd98f022a870872/stats?stream=False HTTP/1.1" 200 1868
09:51:57,894 root INFO Name picoquic-ivy - Time: 50.05s - CPU Usage: 0.00% - Memory Usage: 78.51MB (0.50%)
09:52:03,891 urllib3.connectionpool DEBUG http://localhost:None "GET /v1.45/containers/3a2d73f6a1b8fb81254eeafffccf8675524b526ebffeaefa544b1fc16e54611a/stats?stream=False HTTP/1.1" 200 1890
09:52:03,892 root INFO Name panther-webapp - Time: 56.11s - CPU Usage: 0.00% - Memory Usage: 114.31MB (22.33%)
09:52:05,899 urllib3.connectionpool DEBUG http://localhost:None "GET /v1.45/containers/7e906e1d407c54bd28d043346cdb1c673abfc36274609f8b383f7201b1101bfd/stats?stream=False HTTP/1.1" 200 1848
09:52:05,900 root INFO Name ping-pong-ivy - Time: 58.08s - CPU Usage: 0.00% - Memory Usage: 59.18MB (0.38%)
09:52:07,905 urllib3.connectionpool DEBUG http://localhost:None "GET /v1.45/containers/d0518bf57cb757c77f5f78411f547e3b81da2df1c432fe4b2a6d7c343d31c94e/stats?stream=False HTTP/1.1" 200 1862
09:52:07,905 root INFO Name picoquic-shadow-ivy - Time: 60.02s - CPU Usage: 0.00% - Memory Usage: 66.48MB (0.42%)
09:52:09,909 urllib3.connectionpool DEBUG http://localhost:None "GET /v1.45/containers/bf6754b8d770ba9e6ef576f87d6e77ba62ef9bc194a08b6dfbd98f022a870872/stats?stream=False HTTP/1.1" 200 1867
09:52:09,909 root INFO Name picoquic-ivy - Time: 62.07s - CPU Usage: 0.00% - Memory Usage: 78.70MB (0.50%)
09:52:14,908 urllib3.connectionpool DEBUG http://localhost:None "GET /v1.45/containers/3a2d73f6a1b8fb81254eeafffccf8675524b526ebffeaefa544b1fc16e54611a/stats?stream=False HTTP/1.1" 200 1891
09:52:14,908 root INFO Name panther-webapp - Time: 67.13s - CPU Usage: 0.00% - Memory Usage: 114.31MB (22.33%)
09:52:16,918 urllib3.connectionpool DEBUG http://localhost:None "GET /v1.45/containers/7e906e1d407c54bd28d043346cdb1c673abfc36274609f8b383f7201b1101bfd/stats?stream=False HTTP/1.1" 200 1848
09:52:16,918 root INFO Name ping-pong-ivy - Time: 69.10s - CPU Usage: 0.00% - Memory Usage: 59.18MB (0.38%)
09:52:18,927 urllib3.connectionpool DEBUG http://localhost:None "GET /v1.45/containers/d0518bf57cb757c77f5f78411f547e3b81da2df1c432fe4b2a6d7c343d31c94e/stats?stream=False HTTP/1.1" 200 1860
09:52:18,928 root INFO Name picoquic-shadow-ivy - Time: 71.05s - CPU Usage: 0.00% - Memory Usage: 66.48MB (0.42%)
09:52:20,933 urllib3.connectionpool DEBUG http://localhost:None "GET /v1.45/containers/bf6754b8d770ba9e6ef576f87d6e77ba62ef9bc194a08b6dfbd98f022a870872/stats?stream=False HTTP/1.1" 200 1870
09:52:20,934 root INFO Name picoquic-ivy - Time: 73.09s - CPU Usage: 0.00% - Memory Usage: 78.70MB (0.50%)
09:52:25,920 urllib3.connectionpool DEBUG http://localhost:None "GET /v1.45/containers/3a2d73f6a1b8fb81254eeafffccf8675524b526ebffeaefa544b1fc16e54611a/stats?stream=False HTTP/1.1" 200 1891
09:52:25,921 root INFO Name panther-webapp - Time: 78.14s - CPU Usage: 0.00% - Memory Usage: 114.32MB (22.33%)
09:52:27,935 urllib3.connectionpool DEBUG http://localhost:None "GET /v1.45/containers/7e906e1d407c54bd28d043346cdb1c673abfc36274609f8b383f7201b1101bfd/stats?stream=False HTTP/1.1" 200 1847
09:52:27,935 root INFO Name ping-pong-ivy - Time: 80.12s - CPU Usage: 0.00% - Memory Usage: 59.18MB (0.38%)
