12:52:19,679 root INFO Docker Compose configuration updated successfully.
12:52:19,807 root INFO Added entry to /etc/hosts: 172.27.1.12 ping-pong-ivy
12:52:19,826 root INFO Added entry to /etc/hosts: 172.27.1.13 picoquic-ivy
12:52:19,851 root INFO Added entry to /etc/hosts: 172.27.1.14 picoquic-shadow-ivy
12:52:19,856 root INFO Executing command in tmux with log file:  "docker compose -f panther/docker-compose.yml logs -f | tee 'logs/compose_2024-06-02 12:52:19.856653.log'"
12:52:19,867 root INFO Name panther-webapp - Time: 0.00s - CPU Usage: 0.00% - Memory Usage: 0.00MB (0.00%)
12:52:20,813 root INFO Name ping-pong-ivy - Time: 1.01s - CPU Usage: 0.00% - Memory Usage: 62.11MB (3.03%)
12:52:21,818 root INFO Name picoquic-ivy - Time: 1.99s - CPU Usage: 0.00% - Memory Usage: 59.73MB (2.92%)
12:52:21,819 root INFO Name picoquic-shadow-ivy - Time: 1.97s - CPU Usage: 0.00% - Memory Usage: 72.49MB (3.54%)
12:52:29,878 root INFO Name panther-webapp - Time: 10.01s - CPU Usage: 0.00% - Memory Usage: 0.00MB (0.00%)
12:52:31,826 root INFO Name ping-pong-ivy - Time: 12.02s - CPU Usage: 0.00% - Memory Usage: 62.11MB (3.03%)
12:52:33,833 root INFO Name picoquic-ivy - Time: 14.01s - CPU Usage: 0.00% - Memory Usage: 59.85MB (2.92%)
12:52:33,835 root INFO Name picoquic-shadow-ivy - Time: 13.99s - CPU Usage: 0.00% - Memory Usage: 72.48MB (3.54%)
12:52:39,892 root INFO Name panther-webapp - Time: 20.03s - CPU Usage: 0.00% - Memory Usage: 0.00MB (0.00%)
12:52:42,842 root INFO Name ping-pong-ivy - Time: 23.04s - CPU Usage: 0.00% - Memory Usage: 62.11MB (3.03%)
12:52:44,850 root INFO Name picoquic-ivy - Time: 25.03s - CPU Usage: 0.00% - Memory Usage: 59.73MB (2.92%)
12:52:45,854 root INFO Name picoquic-shadow-ivy - Time: 26.00s - CPU Usage: 0.00% - Memory Usage: 72.48MB (3.54%)
12:52:49,901 root INFO Name panther-webapp - Time: 30.03s - CPU Usage: 0.00% - Memory Usage: 0.00MB (0.00%)
12:52:53,857 root INFO Name ping-pong-ivy - Time: 34.05s - CPU Usage: 0.00% - Memory Usage: 62.11MB (3.03%)
12:52:55,866 root INFO Name picoquic-ivy - Time: 36.04s - CPU Usage: 0.00% - Memory Usage: 59.73MB (2.92%)
12:52:57,871 root INFO Name picoquic-shadow-ivy - Time: 38.02s - CPU Usage: 0.00% - Memory Usage: 72.48MB (3.54%)
12:52:59,909 root INFO Name panther-webapp - Time: 40.04s - CPU Usage: 0.00% - Memory Usage: 0.00MB (0.00%)
12:53:04,869 root INFO Name ping-pong-ivy - Time: 45.06s - CPU Usage: 0.00% - Memory Usage: 62.10MB (3.03%)
12:53:06,883 root INFO Name picoquic-ivy - Time: 47.06s - CPU Usage: 0.00% - Memory Usage: 59.73MB (2.92%)
12:53:08,888 root INFO Name picoquic-shadow-ivy - Time: 49.04s - CPU Usage: 0.00% - Memory Usage: 72.53MB (3.54%)
12:53:09,921 root INFO Name panther-webapp - Time: 50.05s - CPU Usage: 0.00% - Memory Usage: 0.00MB (0.00%)
12:53:15,889 root INFO Name ping-pong-ivy - Time: 56.08s - CPU Usage: 0.00% - Memory Usage: 62.10MB (3.03%)
12:53:17,899 root INFO Name picoquic-ivy - Time: 58.08s - CPU Usage: 0.00% - Memory Usage: 59.73MB (2.92%)
12:53:19,903 root INFO Name picoquic-shadow-ivy - Time: 60.05s - CPU Usage: 0.00% - Memory Usage: 72.45MB (3.54%)
12:53:19,929 root INFO Name panther-webapp - Time: 60.06s - CPU Usage: 0.00% - Memory Usage: 0.00MB (0.00%)
12:53:26,908 root INFO Name ping-pong-ivy - Time: 67.10s - CPU Usage: 0.00% - Memory Usage: 62.11MB (3.03%)
12:53:28,916 root INFO Name picoquic-ivy - Time: 69.09s - CPU Usage: 0.00% - Memory Usage: 59.73MB (2.92%)
12:53:29,938 root INFO Name panther-webapp - Time: 70.07s - CPU Usage: 0.00% - Memory Usage: 0.00MB (0.00%)
12:53:30,924 root INFO Name picoquic-shadow-ivy - Time: 71.07s - CPU Usage: 0.00% - Memory Usage: 72.33MB (3.53%)
12:53:37,922 root INFO Name ping-pong-ivy - Time: 78.12s - CPU Usage: 0.00% - Memory Usage: 62.11MB (3.03%)
12:53:39,929 root INFO Name picoquic-ivy - Time: 80.11s - CPU Usage: 0.00% - Memory Usage: 59.73MB (2.92%)
12:53:39,949 root INFO Name panther-webapp - Time: 80.08s - CPU Usage: 0.00% - Memory Usage: 0.00MB (0.00%)
12:53:41,939 root INFO Name picoquic-shadow-ivy - Time: 82.09s - CPU Usage: 0.00% - Memory Usage: 72.45MB (3.54%)
12:53:48,940 root INFO Name ping-pong-ivy - Time: 89.13s - CPU Usage: 0.00% - Memory Usage: 62.11MB (3.03%)
12:53:49,961 root INFO Name panther-webapp - Time: 90.10s - CPU Usage: 0.00% - Memory Usage: 0.00MB (0.00%)
12:53:50,944 root INFO Name picoquic-ivy - Time: 91.12s - CPU Usage: 0.00% - Memory Usage: 59.73MB (2.92%)
12:53:52,954 root INFO Name picoquic-shadow-ivy - Time: 93.10s - CPU Usage: 0.00% - Memory Usage: 72.17MB (3.52%)
12:53:59,980 root INFO Name panther-webapp - Time: 100.11s - CPU Usage: 0.00% - Memory Usage: 0.00MB (0.00%)
12:54:00,41 root INFO Name ping-pong-ivy - Time: 100.24s - CPU Usage: -0.00% - Memory Usage: 17.55MB (0.86%)
12:54:00,956 root INFO Name picoquic-ivy - Time: 101.13s - CPU Usage: 0.00% - Memory Usage: 0.00MB (0.00%)
12:54:04,196 root INFO Name picoquic-shadow-ivy - Time: 104.35s - CPU Usage: 0.00% - Memory Usage: 0.00MB (0.00%)
12:54:09,993 root INFO Name panther-webapp - Time: 110.13s - CPU Usage: 0.00% - Memory Usage: 0.00MB (0.00%)
12:54:10,965 root INFO Name picoquic-ivy - Time: 111.14s - CPU Usage: 0.00% - Memory Usage: 0.00MB (0.00%)
12:54:11,258 root INFO Name ping-pong-ivy - Time: 111.45s - CPU Usage: 0.00% - Memory Usage: 0.00MB (0.00%)
12:54:14,205 root INFO Name picoquic-shadow-ivy - Time: 114.36s - CPU Usage: 0.00% - Memory Usage: 0.00MB (0.00%)
12:54:20,5 root INFO Name panther-webapp - Time: 120.14s - CPU Usage: 0.00% - Memory Usage: 0.00MB (0.00%)
12:54:20,978 root INFO Name picoquic-ivy - Time: 121.15s - CPU Usage: 0.00% - Memory Usage: 0.00MB (0.00%)
12:54:21,269 root INFO Name ping-pong-ivy - Time: 121.46s - CPU Usage: 0.00% - Memory Usage: 0.00MB (0.00%)
12:54:24,217 root INFO Name picoquic-shadow-ivy - Time: 124.37s - CPU Usage: 0.00% - Memory Usage: 0.00MB (0.00%)
12:54:30,18 root INFO Name panther-webapp - Time: 130.15s - CPU Usage: 0.00% - Memory Usage: 0.00MB (0.00%)
12:54:30,989 root INFO Name picoquic-ivy - Time: 131.17s - CPU Usage: 0.00% - Memory Usage: 0.00MB (0.00%)
12:54:31,277 root INFO Name ping-pong-ivy - Time: 131.47s - CPU Usage: 0.00% - Memory Usage: 0.00MB (0.00%)
12:54:34,229 root INFO Name picoquic-shadow-ivy - Time: 134.38s - CPU Usage: 0.00% - Memory Usage: 0.00MB (0.00%)
12:54:40,29 root INFO Name panther-webapp - Time: 140.16s - CPU Usage: 0.00% - Memory Usage: 0.00MB (0.00%)
12:54:41,1 root INFO Name picoquic-ivy - Time: 141.18s - CPU Usage: 0.00% - Memory Usage: 0.00MB (0.00%)
12:54:41,290 root INFO Name ping-pong-ivy - Time: 141.48s - CPU Usage: 0.00% - Memory Usage: 0.00MB (0.00%)
12:54:44,239 root ERROR An error occurred: 404 Client Error for http+docker://localhost/v1.45/containers/20c3ec6408b239914a4db0f536bc6782731520e9ec1b080dab4e296ba2a086e3/stats?stream=False: Not Found ("No such container: 20c3ec6408b239914a4db0f536bc6782731520e9ec1b080dab4e296ba2a086e3")
