08:05:39,601 docker.utils.config DEBUG Trying paths: ['/home/crochetch/.docker/config.json', '/home/crochetch/.dockercfg']
08:05:39,601 docker.utils.config DEBUG Found file at path: /home/crochetch/.docker/config.json
08:05:39,601 docker.auth DEBUG Found 'auths' section
08:05:39,602 docker.auth DEBUG Found entry (registry='https://index.docker.io/v1/', username='elniak')
08:05:39,609 urllib3.connectionpool DEBUG http://localhost:None "GET /version HTTP/1.1" 200 828
08:05:39,610 docker.utils.config DEBUG Trying paths: ['/home/crochetch/.docker/config.json', '/home/crochetch/.dockercfg']
08:05:39,610 docker.utils.config DEBUG Found file at path: /home/crochetch/.docker/config.json
08:05:39,610 docker.auth DEBUG Found 'auths' section
08:05:39,610 docker.auth DEBUG Found entry (registry='https://index.docker.io/v1/', username='elniak')
08:05:39,618 urllib3.connectionpool DEBUG http://localhost:None "GET /version HTTP/1.1" 200 828
08:05:39,624 urllib3.connectionpool DEBUG http://localhost:None "GET /v1.45/networks/net HTTP/1.1" 200 1449
08:05:39,625 root DEBUG Executing command: sudo chown -R $USER:$GROUPS $PWD/panther/
08:05:40,589 root DEBUG Executing command: xhost +
08:05:40,612 root INFO Docker Compose configuration updated successfully.
08:05:40,612 root DEBUG Executing command: cat panther/docker-compose.yml
08:05:40,615 root DEBUG Executing command: docker compose -f panther/docker-compose.yml up -d
08:05:40,804 urllib3.connectionpool DEBUG http://localhost:None "GET /v1.45/containers/picoquic-shadow-ivy/json HTTP/1.1" 200 None
08:05:40,813 docker.utils.config DEBUG Trying paths: ['/home/crochetch/.docker/config.json', '/home/crochetch/.dockercfg']
08:05:40,815 docker.utils.config DEBUG Found file at path: /home/crochetch/.docker/config.json
08:05:40,815 urllib3.connectionpool DEBUG http://localhost:None "GET /v1.45/containers/picoquic-shadow-ivy/json HTTP/1.1" 200 None
08:05:40,817 root DEBUG Executing command: echo '172.27.1.14 picoquic-shadow-ivy' | sudo tee -a /etc/hosts
08:05:40,817 docker.auth DEBUG Found 'auths' section
08:05:40,818 docker.auth DEBUG Found entry (registry='https://index.docker.io/v1/', username='elniak')
08:05:40,829 urllib3.connectionpool DEBUG http://localhost:None "GET /version HTTP/1.1" 200 828
08:05:40,833 urllib3.connectionpool DEBUG http://localhost:None "GET /v1.45/containers/picoquic-shadow-ivy/json HTTP/1.1" 200 None
08:05:40,841 root INFO Added entry to /etc/hosts: 172.27.1.14 picoquic-shadow-ivy
08:05:40,847 urllib3.connectionpool DEBUG http://localhost:None "GET /v1.45/containers/ping-pong-ivy/json HTTP/1.1" 200 None
08:05:40,852 docker.utils.config DEBUG Trying paths: ['/home/crochetch/.docker/config.json', '/home/crochetch/.dockercfg']
08:05:40,854 docker.utils.config DEBUG Found file at path: /home/crochetch/.docker/config.json
08:05:40,854 docker.auth DEBUG Found 'auths' section
08:05:40,854 docker.auth DEBUG Found entry (registry='https://index.docker.io/v1/', username='elniak')
08:05:40,855 urllib3.connectionpool DEBUG http://localhost:None "GET /v1.45/containers/ping-pong-ivy/json HTTP/1.1" 200 None
08:05:40,856 root DEBUG Executing command: echo '172.27.1.12 ping-pong-ivy' | sudo tee -a /etc/hosts
08:05:40,864 urllib3.connectionpool DEBUG http://localhost:None "GET /version HTTP/1.1" 200 828
08:05:40,867 urllib3.connectionpool DEBUG http://localhost:None "GET /v1.45/containers/ping-pong-ivy/json HTTP/1.1" 200 None
08:05:40,880 root INFO Added entry to /etc/hosts: 172.27.1.12 ping-pong-ivy
08:05:40,882 urllib3.connectionpool DEBUG http://localhost:None "GET /v1.45/containers/picoquic-ivy/json HTTP/1.1" 200 None
08:05:40,883 docker.utils.config DEBUG Trying paths: ['/home/crochetch/.docker/config.json', '/home/crochetch/.dockercfg']
08:05:40,884 docker.utils.config DEBUG Found file at path: /home/crochetch/.docker/config.json
08:05:40,884 docker.auth DEBUG Found 'auths' section
08:05:40,884 docker.auth DEBUG Found entry (registry='https://index.docker.io/v1/', username='elniak')
08:05:40,885 urllib3.connectionpool DEBUG http://localhost:None "GET /v1.45/containers/picoquic-ivy/json HTTP/1.1" 200 None
08:05:40,886 root DEBUG Executing command: echo '172.27.1.13 picoquic-ivy' | sudo tee -a /etc/hosts
08:05:40,893 urllib3.connectionpool DEBUG http://localhost:None "GET /version HTTP/1.1" 200 828
08:05:40,895 urllib3.connectionpool DEBUG http://localhost:None "GET /v1.45/containers/picoquic-ivy/json HTTP/1.1" 200 None
08:05:40,898 root INFO Added entry to /etc/hosts: 172.27.1.13 picoquic-ivy
08:05:40,900 urllib3.connectionpool DEBUG http://localhost:None "GET /v1.45/containers/panther-webapp/json HTTP/1.1" 200 None
08:05:40,901 docker.utils.config DEBUG Trying paths: ['/home/crochetch/.docker/config.json', '/home/crochetch/.dockercfg']
08:05:40,902 docker.utils.config DEBUG Found file at path: /home/crochetch/.docker/config.json
08:05:40,903 docker.auth DEBUG Found 'auths' section
08:05:40,903 urllib3.connectionpool DEBUG http://localhost:None "GET /v1.45/containers/panther-webapp/json HTTP/1.1" 200 None
08:05:40,903 docker.auth DEBUG Found entry (registry='https://index.docker.io/v1/', username='elniak')
08:05:40,905 root DEBUG Executing command: echo '172.27.1.10 panther-webapp' | sudo tee -a /etc/hosts
08:05:40,913 urllib3.connectionpool DEBUG http://localhost:None "GET /version HTTP/1.1" 200 828
08:05:40,916 urllib3.connectionpool DEBUG http://localhost:None "GET /v1.45/containers/panther-webapp/json HTTP/1.1" 200 None
08:05:40,921 root INFO Added entry to /etc/hosts: 172.27.1.10 panther-webapp
08:05:41,847 urllib3.connectionpool DEBUG http://localhost:None "GET /v1.45/containers/8c353371322f92525d0cc1068f74238aa62865e2c95f4a7afb693ec89d0084f7/stats?stream=False HTTP/1.1" 200 1874
08:05:41,848 root INFO Name picoquic-shadow-ivy - Time: 1.01s - CPU Usage: 0.00% - Memory Usage: 64.72MB (0.41%)
08:05:42,855 urllib3.connectionpool DEBUG http://localhost:None "GET /v1.45/containers/04e3712f3a4dc5c0d6fc7c10b29b2be75e2b16ed54df4726443d6deb3604b8dd/stats?stream=False HTTP/1.1" 200 1865
08:05:42,855 root INFO Name ping-pong-ivy - Time: 1.99s - CPU Usage: 0.00% - Memory Usage: 61.48MB (0.39%)
08:05:42,856 urllib3.connectionpool DEBUG http://localhost:None "GET /v1.45/containers/bf5989a147137f5b32cfb00fbedf95a235b2f041584e171c3119d997d5b5b131/stats?stream=False HTTP/1.1" 200 1867
08:05:42,856 root INFO Name picoquic-ivy - Time: 1.96s - CPU Usage: 0.00% - Memory Usage: 63.96MB (0.41%)
08:05:42,857 urllib3.connectionpool DEBUG http://localhost:None "GET /v1.45/containers/c703acda1683412aa4e6dd43db8ecacb29bd95e7c33b39f9410da877607527e3/stats?stream=False HTTP/1.1" 200 1890
08:05:42,858 root INFO Name panther-webapp - Time: 1.94s - CPU Usage: 0.00% - Memory Usage: 142.95MB (0.91%)
