08:04:37,537 root INFO Docker Compose configuration updated successfully.
08:04:37,634 root INFO Added entry to /etc/hosts: 172.27.1.12 ping-pong-ivy
08:04:37,649 root INFO Added entry to /etc/hosts: 172.27.1.13 picoquic-ivy
08:04:37,661 root INFO Added entry to /etc/hosts: 172.27.1.10 panther-webapp
08:04:37,670 root INFO Added entry to /etc/hosts: 172.27.1.14 picoquic-shadow-ivy
08:04:37,671 root INFO Executing command in tmux with log file:  "docker compose -f panther/docker-compose.yml logs -f | tee 'logs/compose_2024-06-03 08:04:37.671089.log'"
08:04:38,696 root INFO Name ping-pong-ivy
	 - Time: 1.01s
	 - CPU Usage: 0.00%
	 - Memory Usage: 401.91MB (19.62%)
08:04:40,701 root INFO Name picoquic-ivy
	 - Time: 3.02s
	 - CPU Usage: 0.00%
	 - Memory Usage: 59.50MB (2.91%)
08:04:42,705 root INFO Name panther-webapp
	 - Time: 5.02s
	 - CPU Usage: 0.00%
	 - Memory Usage: 147.85MB (28.88%)
08:04:44,712 root INFO Name picoquic-shadow-ivy
	 - Time: 7.03s
	 - CPU Usage: 0.00%
	 - Memory Usage: 58.27MB (2.85%)
08:04:46,727 root INFO Name ping-pong-ivy
	 - Time: 9.04s
	 - CPU Usage: 0.00%
	 - Memory Usage: 401.91MB (19.62%)
08:04:48,733 root INFO Name picoquic-ivy
	 - Time: 11.05s
	 - CPU Usage: 0.00%
	 - Memory Usage: 59.50MB (2.91%)
08:04:50,739 root INFO Name panther-webapp
	 - Time: 13.06s
	 - CPU Usage: 0.00%
	 - Memory Usage: 147.85MB (28.88%)
08:04:52,742 root INFO Name picoquic-shadow-ivy
	 - Time: 15.06s
	 - CPU Usage: 0.00%
	 - Memory Usage: 58.27MB (2.85%)
08:04:54,751 root INFO Name ping-pong-ivy
	 - Time: 17.07s
	 - CPU Usage: 0.00%
	 - Memory Usage: 401.91MB (19.62%)
