08:06:08,601 root INFO Docker Compose configuration updated successfully.
08:06:08,763 root INFO Added entry to /etc/hosts: 172.27.1.13 picoquic-ivy
08:06:08,782 root INFO Added entry to /etc/hosts: 172.27.1.10 panther-webapp
08:06:08,798 root INFO Added entry to /etc/hosts: 172.27.1.14 picoquic-shadow-ivy
08:06:08,816 root INFO Added entry to /etc/hosts: 172.27.1.12 ping-pong-ivy
08:06:08,817 root INFO Executing command in tmux with log file:  "docker compose -f panther/docker-compose.yml logs -f | tee 'logs/compose_2024-06-03 08:06:08.817201.log'"
08:06:09,856 root INFO Name picoquic-ivy
	 - Time: 1.02s
	 - CPU Usage: 0.00%
	 - Memory Usage: 59.50MB (2.91%)
08:06:11,862 root INFO Name panther-webapp
	 - Time: 3.02s
	 - CPU Usage: 0.00%
	 - Memory Usage: 147.85MB (28.88%)
08:06:13,865 root INFO Name picoquic-shadow-ivy
	 - Time: 5.02s
	 - CPU Usage: 0.00%
	 - Memory Usage: 58.38MB (2.85%)
08:06:15,872 root INFO Name ping-pong-ivy
	 - Time: 7.03s
	 - CPU Usage: 0.00%
	 - Memory Usage: 397.16MB (19.39%)
08:06:17,881 root INFO Name picoquic-ivy
	 - Time: 9.04s
	 - CPU Usage: 0.00%
	 - Memory Usage: 59.50MB (2.91%)
08:06:19,886 root INFO Name panther-webapp
	 - Time: 11.05s
	 - CPU Usage: 0.00%
	 - Memory Usage: 147.46MB (28.80%)
08:06:21,891 root INFO Name picoquic-shadow-ivy
	 - Time: 13.05s
	 - CPU Usage: 0.00%
	 - Memory Usage: 58.27MB (2.85%)
08:06:23,897 root INFO Name ping-pong-ivy
	 - Time: 15.06s
	 - CPU Usage: 0.00%
	 - Memory Usage: 381.07MB (18.61%)
