17:38:07,924 root INFO Building Docker image panther-webapp
17:38:16,831 root INFO Building Docker image ivy-webap: Step 1/9 : FROM ubuntu:20.04
17:38:16,831 root INFO Building Docker image ivy-webap: 
17:38:16,831 root INFO Building Docker image ivy-webap:  ---> 2abc4dfd8318
17:38:16,831 root INFO Building Docker image ivy-webap: Step 2/9 : ADD ./app/ /app/
17:38:16,831 root INFO Building Docker image ivy-webap: 
17:38:16,831 root INFO Building Docker image ivy-webap:  ---> Using cache
17:38:16,831 root INFO Building Docker image ivy-webap:  ---> 727a65d0ec5a
17:38:16,831 root INFO Building Docker image ivy-webap: Step 3/9 : WORKDIR /app
17:38:16,831 root INFO Building Docker image ivy-webap: 
17:38:16,831 root INFO Building Docker image ivy-webap:  ---> Using cache
17:38:16,832 root INFO Building Docker image ivy-webap:  ---> 28c7bdea1d73
17:38:16,832 root INFO Building Docker image ivy-webap: Step 4/9 : ENV DEBIAN_FRONTEND="noninteractive"
17:38:16,832 root INFO Building Docker image ivy-webap: 
17:38:16,832 root INFO Building Docker image ivy-webap:  ---> Using cache
17:38:16,832 root INFO Building Docker image ivy-webap:  ---> 69bb03326d75
17:38:16,832 root INFO Building Docker image ivy-webap: Step 5/9 : ENV PATH="/root/.cargo/bin:${PATH}"
17:38:16,832 root INFO Building Docker image ivy-webap: 
17:38:16,832 root INFO Building Docker image ivy-webap:  ---> Using cache
17:38:16,832 root INFO Building Docker image ivy-webap:  ---> 580f913909bf
17:38:16,832 root INFO Building Docker image ivy-webap: Step 6/9 : RUN apt-get update
17:38:16,832 root INFO Building Docker image ivy-webap: 
17:38:16,832 root INFO Building Docker image ivy-webap:  ---> Using cache
17:38:16,832 root INFO Building Docker image ivy-webap:  ---> bec9659503de
17:38:16,832 root INFO Building Docker image ivy-webap: Step 7/9 : RUN apt-get install -y python3-pip python3-dev python3-setuptools python3-wheel  libgraphviz-dev
17:38:16,832 root INFO Building Docker image ivy-webap: 
17:38:16,832 root INFO Building Docker image ivy-webap:  ---> Using cache
17:38:16,832 root INFO Building Docker image ivy-webap:  ---> d89bb02754d8
17:38:16,832 root INFO Building Docker image ivy-webap: Step 8/9 : ADD setup.py .
17:38:16,832 root INFO Building Docker image ivy-webap: 
17:38:16,832 root INFO Building Docker image ivy-webap:  ---> Using cache
17:38:16,832 root INFO Building Docker image ivy-webap:  ---> 3ba6db8d346b
17:38:16,832 root INFO Building Docker image ivy-webap: Step 9/9 : RUN python3 -m pip install .
17:38:16,832 root INFO Building Docker image ivy-webap: 
17:38:16,832 root INFO Building Docker image ivy-webap:  ---> Using cache
17:38:16,832 root INFO Building Docker image ivy-webap:  ---> 5b136d821ba6
17:38:16,832 root INFO Building Docker image ivy-webap: Successfully built 5b136d821ba6
17:38:16,832 root INFO Building Docker image ivy-webap: Successfully tagged panther-webapp:latest
17:38:16,833 root INFO Building Docker image ivy-webap complete.
