08:03:20,911 root INFO Docker Compose configuration updated successfully.
08:03:21,44 root INFO Added entry to /etc/hosts: 172.27.1.12 ping-pong-ivy
08:03:21,53 root INFO Added entry to /etc/hosts: 172.27.1.13 picoquic-ivy
08:03:21,62 root INFO Added entry to /etc/hosts: 172.27.1.14 picoquic-shadow-ivy
08:03:21,73 root INFO Added entry to /etc/hosts: 172.27.1.10 panther-webapp
08:03:21,74 root INFO Executing command in tmux with log file:  "docker compose -f panther/docker-compose.yml logs -f | tee 'logs/compose_2024-06-03 08:03:21.073997.log'"
08:03:22,95 root INFO Name ping-pong-ivy
	 - Time: 1.01s
	 - CPU Usage: 0.00%
	 - Memory Usage: 401.91MB (19.62%)
08:03:24,103 root INFO Name picoquic-ivy
	 - Time: 3.02s
	 - CPU Usage: 0.00%
	 - Memory Usage: 59.50MB (2.91%)
08:03:26,108 root INFO Name picoquic-shadow-ivy
	 - Time: 5.02s
	 - CPU Usage: 0.00%
	 - Memory Usage: 58.27MB (2.85%)
08:03:28,117 root INFO Name panther-webapp
	 - Time: 7.03s
	 - CPU Usage: 0.00%
	 - Memory Usage: 147.97MB (28.90%)
08:03:30,134 root INFO Name ping-pong-ivy
	 - Time: 9.05s
	 - CPU Usage: 0.00%
	 - Memory Usage: 401.91MB (19.62%)
08:03:32,140 root INFO Name picoquic-ivy
	 - Time: 11.05s
	 - CPU Usage: 0.00%
	 - Memory Usage: 59.50MB (2.91%)
08:03:34,144 root INFO Name picoquic-shadow-ivy
	 - Time: 13.06s
	 - CPU Usage: 0.00%
	 - Memory Usage: 58.27MB (2.85%)
08:03:36,150 root INFO Name panther-webapp
	 - Time: 15.06s
	 - CPU Usage: 0.00%
	 - Memory Usage: 147.85MB (28.88%)
08:03:38,159 root INFO Name ping-pong-ivy
	 - Time: 17.07s
	 - CPU Usage: 0.00%
	 - Memory Usage: 401.91MB (19.62%)
08:03:40,162 root INFO Name picoquic-ivy
	 - Time: 19.08s
	 - CPU Usage: 0.00%
	 - Memory Usage: 59.50MB (2.91%)
08:03:42,167 root INFO Name picoquic-shadow-ivy
	 - Time: 21.08s
	 - CPU Usage: 0.00%
	 - Memory Usage: 58.27MB (2.85%)
08:03:44,174 root INFO Name panther-webapp
	 - Time: 23.09s
	 - CPU Usage: 0.00%
	 - Memory Usage: 147.85MB (28.88%)
08:03:46,190 root INFO Name ping-pong-ivy
	 - Time: 25.10s
	 - CPU Usage: 0.00%
	 - Memory Usage: 401.91MB (19.62%)
08:03:48,197 root INFO Name picoquic-ivy
	 - Time: 27.11s
	 - CPU Usage: 0.00%
	 - Memory Usage: 59.50MB (2.91%)
08:03:50,203 root INFO Name picoquic-shadow-ivy
	 - Time: 29.12s
	 - CPU Usage: 0.00%
	 - Memory Usage: 58.27MB (2.85%)
08:03:52,210 root INFO Name panther-webapp
	 - Time: 31.12s
	 - CPU Usage: 0.00%
	 - Memory Usage: 147.85MB (28.88%)
08:03:54,219 root INFO Name ping-pong-ivy
	 - Time: 33.13s
	 - CPU Usage: 0.00%
	 - Memory Usage: 402.01MB (19.63%)
08:03:56,229 root INFO Name picoquic-ivy
	 - Time: 35.14s
	 - CPU Usage: 0.00%
	 - Memory Usage: 59.50MB (2.91%)
08:03:58,235 root INFO Name picoquic-shadow-ivy
	 - Time: 37.15s
	 - CPU Usage: 0.00%
	 - Memory Usage: 58.27MB (2.85%)
08:04:00,240 root INFO Name panther-webapp
	 - Time: 39.15s
	 - CPU Usage: 0.00%
	 - Memory Usage: 147.85MB (28.88%)
08:04:02,258 root INFO Name ping-pong-ivy
	 - Time: 41.17s
	 - CPU Usage: 0.00%
	 - Memory Usage: 401.91MB (19.62%)
08:04:04,264 root INFO Name picoquic-ivy
	 - Time: 43.18s
	 - CPU Usage: 0.00%
	 - Memory Usage: 59.50MB (2.91%)
08:04:06,271 root INFO Name picoquic-shadow-ivy
	 - Time: 45.18s
	 - CPU Usage: 0.00%
	 - Memory Usage: 58.27MB (2.85%)
08:04:08,279 root INFO Name panther-webapp
	 - Time: 47.19s
	 - CPU Usage: 0.00%
	 - Memory Usage: 147.85MB (28.88%)
08:04:10,288 root INFO Name ping-pong-ivy
	 - Time: 49.20s
	 - CPU Usage: 0.00%
	 - Memory Usage: 401.91MB (19.62%)
08:04:12,297 root INFO Name picoquic-ivy
	 - Time: 51.21s
	 - CPU Usage: 0.00%
	 - Memory Usage: 59.50MB (2.91%)
08:04:14,302 root INFO Name picoquic-shadow-ivy
	 - Time: 53.22s
	 - CPU Usage: 0.00%
	 - Memory Usage: 58.27MB (2.85%)
08:04:16,310 root INFO Name panther-webapp
	 - Time: 55.22s
	 - CPU Usage: 0.00%
	 - Memory Usage: 147.85MB (28.88%)
08:04:18,327 root INFO Name ping-pong-ivy
	 - Time: 57.24s
	 - CPU Usage: 0.00%
	 - Memory Usage: 401.91MB (19.62%)
