11:47:10,61 root INFO Docker Compose configuration updated successfully.
11:47:10,210 root INFO Added entry to /etc/hosts: 172.27.1.12 ping-pong-ivy
11:47:10,232 root INFO Added entry to /etc/hosts: 172.27.1.13 picoquic-ivy
11:47:10,254 root INFO Added entry to /etc/hosts: 172.27.1.10 panther-webapp
11:47:10,291 root INFO Added entry to /etc/hosts: 172.27.1.14 picoquic-shadow-ivy
11:47:10,291 root INFO Executing command: docker compose -f panther/docker-compose.yml logs -f | tee logs/compose_2024-06-02 11:47:10.291395.log in tmux
11:47:11,198 root INFO Name ping-pong-ivy - Time: 1.01s - CPU Usage: 0.00% - Memory Usage: 57.95MB (2.83%)
11:47:12,203 root INFO Name picoquic-ivy - Time: 1.98s - CPU Usage: 0.00% - Memory Usage: 536.02MB (26.17%)
11:47:12,205 root INFO Name panther-webapp - Time: 1.96s - CPU Usage: 0.00% - Memory Usage: 136.14MB (26.59%)
11:47:12,205 root INFO Name picoquic-shadow-ivy - Time: 1.92s - CPU Usage: 0.00% - Memory Usage: 72.72MB (3.55%)
11:47:22,213 root INFO Name ping-pong-ivy - Time: 12.02s - CPU Usage: 0.00% - Memory Usage: 57.96MB (2.83%)
11:47:24,222 root INFO Name picoquic-ivy - Time: 13.99s - CPU Usage: 0.00% - Memory Usage: 536.02MB (26.17%)
11:47:24,223 root INFO Name panther-webapp - Time: 13.98s - CPU Usage: 0.00% - Memory Usage: 136.14MB (26.59%)
11:47:24,224 root INFO Name picoquic-shadow-ivy - Time: 13.94s - CPU Usage: 0.00% - Memory Usage: 72.71MB (3.55%)
11:47:33,227 root INFO Name ping-pong-ivy - Time: 23.04s - CPU Usage: 0.00% - Memory Usage: 57.96MB (2.83%)
11:47:35,232 root INFO Name panther-webapp - Time: 24.98s - CPU Usage: 0.00% - Memory Usage: 136.14MB (26.59%)
11:47:36,238 root INFO Name picoquic-ivy - Time: 26.01s - CPU Usage: 0.00% - Memory Usage: 536.02MB (26.17%)
11:47:36,239 root INFO Name picoquic-shadow-ivy - Time: 25.96s - CPU Usage: 0.00% - Memory Usage: 72.71MB (3.55%)
11:47:44,242 root INFO Name ping-pong-ivy - Time: 34.05s - CPU Usage: 0.00% - Memory Usage: 57.96MB (2.83%)
11:47:46,247 root INFO Name panther-webapp - Time: 36.00s - CPU Usage: 0.00% - Memory Usage: 136.14MB (26.59%)
11:47:48,254 root INFO Name picoquic-ivy - Time: 38.03s - CPU Usage: 0.00% - Memory Usage: 536.02MB (26.17%)
11:47:48,256 root INFO Name picoquic-shadow-ivy - Time: 37.97s - CPU Usage: 0.00% - Memory Usage: 72.72MB (3.55%)
11:47:55,258 root INFO Name ping-pong-ivy - Time: 45.07s - CPU Usage: 0.00% - Memory Usage: 57.96MB (2.83%)
11:47:57,262 root INFO Name panther-webapp - Time: 47.02s - CPU Usage: 0.00% - Memory Usage: 136.14MB (26.59%)
11:47:59,269 root INFO Name picoquic-shadow-ivy - Time: 48.99s - CPU Usage: 0.00% - Memory Usage: 72.72MB (3.55%)
11:48:00,275 root INFO Name picoquic-ivy - Time: 50.05s - CPU Usage: 0.00% - Memory Usage: 536.02MB (26.17%)
11:48:06,277 root INFO Name ping-pong-ivy - Time: 56.09s - CPU Usage: 0.00% - Memory Usage: 57.96MB (2.83%)
11:48:08,286 root INFO Name panther-webapp - Time: 58.04s - CPU Usage: 0.00% - Memory Usage: 136.14MB (26.59%)
11:48:10,290 root INFO Name picoquic-shadow-ivy - Time: 60.01s - CPU Usage: 0.00% - Memory Usage: 72.72MB (3.55%)
11:48:11,294 root INFO Name picoquic-ivy - Time: 61.07s - CPU Usage: 0.00% - Memory Usage: 536.02MB (26.17%)
11:48:17,295 root INFO Name ping-pong-ivy - Time: 67.10s - CPU Usage: 0.00% - Memory Usage: 57.96MB (2.83%)
11:48:19,302 root INFO Name panther-webapp - Time: 69.05s - CPU Usage: 0.00% - Memory Usage: 136.14MB (26.59%)
11:48:21,308 root INFO Name picoquic-shadow-ivy - Time: 71.03s - CPU Usage: 0.00% - Memory Usage: 72.72MB (3.55%)
11:48:22,314 root INFO Name picoquic-ivy - Time: 72.09s - CPU Usage: 0.00% - Memory Usage: 536.02MB (26.17%)
11:48:28,313 root INFO Name ping-pong-ivy - Time: 78.12s - CPU Usage: 0.00% - Memory Usage: 57.96MB (2.83%)
11:48:30,322 root INFO Name panther-webapp - Time: 80.08s - CPU Usage: 0.00% - Memory Usage: 136.14MB (26.59%)
11:48:32,327 root INFO Name picoquic-shadow-ivy - Time: 82.05s - CPU Usage: 0.00% - Memory Usage: 72.72MB (3.55%)
11:48:34,334 root INFO Name picoquic-ivy - Time: 84.11s - CPU Usage: 0.00% - Memory Usage: 536.14MB (26.18%)
11:48:39,334 root INFO Name ping-pong-ivy - Time: 89.14s - CPU Usage: 0.00% - Memory Usage: 57.96MB (2.83%)
11:48:41,343 root INFO Name panther-webapp - Time: 91.10s - CPU Usage: 0.00% - Memory Usage: 136.14MB (26.59%)
11:48:43,350 root INFO Name picoquic-shadow-ivy - Time: 93.07s - CPU Usage: 0.00% - Memory Usage: 72.72MB (3.55%)
11:48:45,355 root INFO Name picoquic-ivy - Time: 95.13s - CPU Usage: 0.00% - Memory Usage: 536.02MB (26.17%)
11:48:50,353 root INFO Name ping-pong-ivy - Time: 100.16s - CPU Usage: 0.00% - Memory Usage: 57.96MB (2.83%)
11:48:52,360 root INFO Name panther-webapp - Time: 102.11s - CPU Usage: 0.00% - Memory Usage: 136.15MB (26.59%)
11:48:54,366 root INFO Name picoquic-shadow-ivy - Time: 104.09s - CPU Usage: 0.00% - Memory Usage: 72.72MB (3.55%)
11:48:56,371 root INFO Name picoquic-ivy - Time: 106.14s - CPU Usage: 0.00% - Memory Usage: 536.02MB (26.17%)
11:49:01,365 root INFO Name ping-pong-ivy - Time: 111.17s - CPU Usage: 0.00% - Memory Usage: 57.96MB (2.83%)
11:49:03,374 root INFO Name panther-webapp - Time: 113.13s - CPU Usage: 0.00% - Memory Usage: 136.14MB (26.59%)
11:49:05,382 root INFO Name picoquic-shadow-ivy - Time: 115.10s - CPU Usage: 0.00% - Memory Usage: 72.72MB (3.55%)
11:49:07,387 root INFO Name picoquic-ivy - Time: 117.16s - CPU Usage: 0.00% - Memory Usage: 536.02MB (26.17%)
11:49:12,377 root INFO Name ping-pong-ivy - Time: 122.19s - CPU Usage: 0.00% - Memory Usage: 57.96MB (2.83%)
11:49:14,389 root INFO Name panther-webapp - Time: 124.14s - CPU Usage: 0.00% - Memory Usage: 136.14MB (26.59%)
11:49:16,397 root INFO Name picoquic-shadow-ivy - Time: 126.12s - CPU Usage: 0.00% - Memory Usage: 72.72MB (3.55%)
11:49:18,402 root INFO Name picoquic-ivy - Time: 128.17s - CPU Usage: 0.00% - Memory Usage: 536.02MB (26.17%)
11:49:23,393 root INFO Name ping-pong-ivy - Time: 133.20s - CPU Usage: 0.00% - Memory Usage: 57.95MB (2.83%)
11:49:25,411 root INFO Name panther-webapp - Time: 135.16s - CPU Usage: 0.00% - Memory Usage: 136.26MB (26.61%)
11:49:27,419 root INFO Name picoquic-shadow-ivy - Time: 137.14s - CPU Usage: 0.00% - Memory Usage: 72.73MB (3.55%)
11:49:29,428 root INFO Name picoquic-ivy - Time: 139.20s - CPU Usage: 0.00% - Memory Usage: 536.02MB (26.17%)
11:49:34,415 root INFO Name ping-pong-ivy - Time: 144.22s - CPU Usage: 0.00% - Memory Usage: 57.95MB (2.83%)
11:49:36,427 root INFO Name panther-webapp - Time: 146.18s - CPU Usage: 0.00% - Memory Usage: 136.14MB (26.59%)
11:49:38,439 root INFO Name picoquic-shadow-ivy - Time: 148.16s - CPU Usage: 0.00% - Memory Usage: 72.73MB (3.55%)
11:49:40,448 root INFO Name picoquic-ivy - Time: 150.22s - CPU Usage: 0.00% - Memory Usage: 536.15MB (26.18%)
11:49:45,433 root INFO Name ping-pong-ivy - Time: 155.24s - CPU Usage: 0.00% - Memory Usage: 57.96MB (2.83%)
11:49:47,445 root INFO Name panther-webapp - Time: 157.20s - CPU Usage: 0.00% - Memory Usage: 136.14MB (26.59%)
11:49:49,454 root INFO Name picoquic-shadow-ivy - Time: 159.17s - CPU Usage: 0.00% - Memory Usage: 72.72MB (3.55%)
11:49:51,464 root INFO Name picoquic-ivy - Time: 161.24s - CPU Usage: 0.00% - Memory Usage: 536.03MB (26.17%)
11:49:56,450 root INFO Name ping-pong-ivy - Time: 166.26s - CPU Usage: 0.00% - Memory Usage: 57.96MB (2.83%)
11:49:58,464 root INFO Name panther-webapp - Time: 168.22s - CPU Usage: 0.00% - Memory Usage: 136.14MB (26.59%)
11:50:00,469 root INFO Name picoquic-shadow-ivy - Time: 170.19s - CPU Usage: 0.00% - Memory Usage: 72.72MB (3.55%)
11:50:02,478 root INFO Name picoquic-ivy - Time: 172.25s - CPU Usage: 0.00% - Memory Usage: 536.02MB (26.17%)
11:50:07,507 root INFO Name ping-pong-ivy - Time: 177.32s - CPU Usage: 0.00% - Memory Usage: 57.96MB (2.83%)
11:50:09,512 root INFO Name panther-webapp - Time: 179.27s - CPU Usage: 0.00% - Memory Usage: 136.14MB (26.59%)
11:50:11,518 root INFO Name picoquic-shadow-ivy - Time: 181.24s - CPU Usage: 0.00% - Memory Usage: 72.72MB (3.55%)
11:50:13,523 root INFO Name picoquic-ivy - Time: 183.30s - CPU Usage: 0.00% - Memory Usage: 536.02MB (26.17%)
11:50:18,525 root INFO Name ping-pong-ivy - Time: 188.33s - CPU Usage: 0.00% - Memory Usage: 57.96MB (2.83%)
11:50:20,531 root INFO Name panther-webapp - Time: 190.28s - CPU Usage: 0.00% - Memory Usage: 136.14MB (26.59%)
11:50:22,536 root INFO Name picoquic-shadow-ivy - Time: 192.25s - CPU Usage: 0.00% - Memory Usage: 72.72MB (3.55%)
11:50:24,542 root INFO Name picoquic-ivy - Time: 194.31s - CPU Usage: 0.00% - Memory Usage: 536.02MB (26.17%)
11:50:29,541 root INFO Name ping-pong-ivy - Time: 199.35s - CPU Usage: 0.00% - Memory Usage: 57.96MB (2.83%)
11:50:31,547 root INFO Name panther-webapp - Time: 201.30s - CPU Usage: 0.00% - Memory Usage: 136.14MB (26.59%)
