12:46:04,673 root INFO Docker Compose configuration updated successfully.
12:46:04,811 root INFO Added entry to /etc/hosts: 172.27.1.10 panther-webapp
12:46:04,832 root INFO Added entry to /etc/hosts: 172.27.1.13 picoquic-ivy
12:46:04,860 root INFO Added entry to /etc/hosts: 172.27.1.12 ping-pong-ivy
12:46:04,890 root INFO Added entry to /etc/hosts: 172.27.1.14 picoquic-shadow-ivy
12:46:04,890 root INFO Executing command in tmux with log file:  "docker compose -f panther/docker-compose.yml logs -f | tee 'logs/compose_2024-06-02 12:46:04.890875.log'"
12:46:05,814 root INFO Name panther-webapp - Time: 1.01s - CPU Usage: 0.00% - Memory Usage: 0.00MB (0.00%)
12:46:06,822 root INFO Name picoquic-ivy - Time: 1.99s - CPU Usage: 0.00% - Memory Usage: 57.82MB (2.82%)
12:46:06,823 root INFO Name ping-pong-ivy - Time: 1.97s - CPU Usage: 0.00% - Memory Usage: 57.82MB (2.82%)
12:46:06,824 root INFO Name picoquic-shadow-ivy - Time: 1.95s - CPU Usage: 0.00% - Memory Usage: 57.85MB (2.82%)
12:46:15,825 root INFO Name panther-webapp - Time: 11.02s - CPU Usage: 0.00% - Memory Usage: 0.00MB (0.00%)
12:46:17,838 root INFO Name picoquic-ivy - Time: 13.01s - CPU Usage: 0.00% - Memory Usage: 57.83MB (2.82%)
12:46:18,846 root INFO Name picoquic-shadow-ivy - Time: 13.97s - CPU Usage: 0.00% - Memory Usage: 57.85MB (2.82%)
12:46:18,847 root INFO Name ping-pong-ivy - Time: 14.00s - CPU Usage: 0.00% - Memory Usage: 57.83MB (2.82%)
12:46:25,837 root INFO Name panther-webapp - Time: 21.03s - CPU Usage: 0.00% - Memory Usage: 0.00MB (0.00%)
12:46:28,860 root INFO Name picoquic-ivy - Time: 24.03s - CPU Usage: 0.00% - Memory Usage: 57.82MB (2.82%)
12:46:30,863 root INFO Name picoquic-shadow-ivy - Time: 25.99s - CPU Usage: 0.00% - Memory Usage: 57.85MB (2.82%)
12:46:30,864 root INFO Name ping-pong-ivy - Time: 26.01s - CPU Usage: 0.00% - Memory Usage: 57.83MB (2.82%)
12:46:35,846 root INFO Name panther-webapp - Time: 31.04s - CPU Usage: 0.00% - Memory Usage: 0.00MB (0.00%)
12:46:39,876 root INFO Name picoquic-ivy - Time: 35.05s - CPU Usage: 0.00% - Memory Usage: 57.82MB (2.82%)
12:46:41,879 root INFO Name ping-pong-ivy - Time: 37.03s - CPU Usage: 0.00% - Memory Usage: 57.83MB (2.82%)
12:46:42,883 root INFO Name picoquic-shadow-ivy - Time: 38.01s - CPU Usage: 0.00% - Memory Usage: 57.85MB (2.82%)
12:46:46,861 root INFO Name panther-webapp - Time: 42.05s - CPU Usage: 0.00% - Memory Usage: 0.00MB (0.00%)
12:46:50,889 root INFO Name picoquic-ivy - Time: 46.06s - CPU Usage: 0.00% - Memory Usage: 57.82MB (2.82%)
12:46:52,897 root INFO Name ping-pong-ivy - Time: 48.04s - CPU Usage: 0.00% - Memory Usage: 57.83MB (2.82%)
12:46:53,901 root INFO Name picoquic-shadow-ivy - Time: 49.02s - CPU Usage: 0.00% - Memory Usage: 57.85MB (2.82%)
12:46:56,873 root INFO Name panther-webapp - Time: 52.06s - CPU Usage: 0.00% - Memory Usage: 0.00MB (0.00%)
12:47:01,910 root INFO Name picoquic-ivy - Time: 57.08s - CPU Usage: 0.00% - Memory Usage: 57.82MB (2.82%)
12:47:03,920 root INFO Name ping-pong-ivy - Time: 59.07s - CPU Usage: 0.00% - Memory Usage: 57.83MB (2.82%)
12:47:04,928 root INFO Name picoquic-shadow-ivy - Time: 60.05s - CPU Usage: 0.00% - Memory Usage: 57.85MB (2.82%)
12:47:06,881 root INFO Name panther-webapp - Time: 62.07s - CPU Usage: 0.00% - Memory Usage: 0.00MB (0.00%)
12:47:12,924 root INFO Name picoquic-ivy - Time: 68.09s - CPU Usage: 0.00% - Memory Usage: 57.82MB (2.82%)
12:47:14,935 root INFO Name ping-pong-ivy - Time: 70.08s - CPU Usage: 0.00% - Memory Usage: 58.07MB (2.84%)
12:47:16,895 root INFO Name panther-webapp - Time: 72.09s - CPU Usage: 0.00% - Memory Usage: 0.00MB (0.00%)
12:47:16,940 root INFO Name picoquic-shadow-ivy - Time: 72.06s - CPU Usage: 0.00% - Memory Usage: 57.85MB (2.82%)
12:47:23,939 root INFO Name picoquic-ivy - Time: 79.11s - CPU Usage: 0.00% - Memory Usage: 57.82MB (2.82%)
12:47:25,953 root INFO Name ping-pong-ivy - Time: 81.10s - CPU Usage: 0.00% - Memory Usage: 57.82MB (2.82%)
12:47:26,905 root INFO Name panther-webapp - Time: 82.10s - CPU Usage: 0.00% - Memory Usage: 0.00MB (0.00%)
12:47:27,958 root INFO Name picoquic-shadow-ivy - Time: 83.08s - CPU Usage: 0.00% - Memory Usage: 57.86MB (2.83%)
12:47:34,955 root INFO Name picoquic-ivy - Time: 90.12s - CPU Usage: 0.00% - Memory Usage: 57.84MB (2.82%)
12:47:36,918 root INFO Name panther-webapp - Time: 92.11s - CPU Usage: 0.00% - Memory Usage: 0.00MB (0.00%)
12:47:36,968 root INFO Name ping-pong-ivy - Time: 92.12s - CPU Usage: 0.00% - Memory Usage: 57.83MB (2.82%)
12:47:38,975 root INFO Name picoquic-shadow-ivy - Time: 94.10s - CPU Usage: 0.00% - Memory Usage: 57.84MB (2.82%)
12:47:45,970 root INFO Name picoquic-ivy - Time: 101.14s - CPU Usage: 0.00% - Memory Usage: 57.84MB (2.82%)
12:47:46,929 root INFO Name panther-webapp - Time: 102.12s - CPU Usage: 0.00% - Memory Usage: 0.00MB (0.00%)
12:47:47,981 root INFO Name ping-pong-ivy - Time: 103.13s - CPU Usage: 0.00% - Memory Usage: 57.83MB (2.82%)
