08:05:20,626 root INFO Docker Compose configuration updated successfully.
08:05:20,718 root INFO Added entry to /etc/hosts: 172.27.1.10 panther-webapp
08:05:20,727 root INFO Added entry to /etc/hosts: 172.27.1.14 picoquic-shadow-ivy
08:05:20,737 root INFO Added entry to /etc/hosts: 172.27.1.13 picoquic-ivy
08:05:20,750 root INFO Added entry to /etc/hosts: 172.27.1.12 ping-pong-ivy
08:05:20,750 root INFO Executing command in tmux with log file:  "docker compose -f panther/docker-compose.yml logs -f | tee 'logs/compose_2024-06-03 08:05:20.750491.log'"
08:05:21,774 root INFO Name panther-webapp
	 - Time: 1.01s
	 - CPU Usage: 0.00%
	 - Memory Usage: 147.97MB (28.90%)
08:05:23,781 root INFO Name picoquic-shadow-ivy
	 - Time: 3.02s
	 - CPU Usage: 0.00%
	 - Memory Usage: 58.27MB (2.85%)
08:05:25,787 root INFO Name picoquic-ivy
	 - Time: 5.02s
	 - CPU Usage: 0.00%
	 - Memory Usage: 59.50MB (2.91%)
08:05:27,790 root INFO Name ping-pong-ivy
	 - Time: 7.03s
	 - CPU Usage: 0.00%
	 - Memory Usage: 401.91MB (19.62%)
08:05:29,800 root INFO Name panther-webapp
	 - Time: 9.04s
	 - CPU Usage: 0.00%
	 - Memory Usage: 147.85MB (28.88%)
08:05:31,805 root INFO Name picoquic-shadow-ivy
	 - Time: 11.04s
	 - CPU Usage: 0.00%
	 - Memory Usage: 58.27MB (2.85%)
08:05:33,809 root INFO Name picoquic-ivy
	 - Time: 13.05s
	 - CPU Usage: 0.00%
	 - Memory Usage: 59.50MB (2.91%)
08:05:35,813 root INFO Name ping-pong-ivy
	 - Time: 15.05s
	 - CPU Usage: 0.00%
	 - Memory Usage: 401.91MB (19.62%)
08:05:37,821 root INFO Name panther-webapp
	 - Time: 17.06s
	 - CPU Usage: 0.00%
	 - Memory Usage: 147.85MB (28.88%)
08:05:39,825 root INFO Name picoquic-shadow-ivy
	 - Time: 19.06s
	 - CPU Usage: 0.00%
	 - Memory Usage: 58.27MB (2.85%)
