08:05:41,356 root INFO Docker Compose configuration updated successfully.
08:05:41,490 root INFO Added entry to /etc/hosts: 172.27.1.14 picoquic-shadow-ivy
08:05:41,504 root INFO Added entry to /etc/hosts: 172.27.1.13 picoquic-ivy
08:05:41,517 root INFO Added entry to /etc/hosts: 172.27.1.12 ping-pong-ivy
08:05:41,528 root INFO Added entry to /etc/hosts: 172.27.1.10 panther-webapp
08:05:41,529 root INFO Executing command in tmux with log file:  "docker compose -f panther/docker-compose.yml logs -f | tee 'logs/compose_2024-06-03 08:05:41.529027.log'"
08:05:42,555 root INFO Name picoquic-shadow-ivy
	 - Time: 1.01s
	 - CPU Usage: 0.00%
	 - Memory Usage: 58.27MB (2.85%)
08:05:44,560 root INFO Name picoquic-ivy
	 - Time: 3.01s
	 - CPU Usage: 0.00%
	 - Memory Usage: 59.50MB (2.91%)
08:05:46,564 root INFO Name ping-pong-ivy
	 - Time: 5.02s
	 - CPU Usage: 0.00%
	 - Memory Usage: 402.04MB (19.63%)
08:05:48,568 root INFO Name panther-webapp
	 - Time: 7.02s
	 - CPU Usage: 0.00%
	 - Memory Usage: 147.85MB (28.88%)
08:05:50,576 root INFO Name picoquic-shadow-ivy
	 - Time: 9.03s
	 - CPU Usage: 0.00%
	 - Memory Usage: 58.27MB (2.85%)
08:05:52,581 root INFO Name picoquic-ivy
	 - Time: 11.03s
	 - CPU Usage: 0.00%
	 - Memory Usage: 59.50MB (2.91%)
08:05:54,585 root INFO Name ping-pong-ivy
	 - Time: 13.04s
	 - CPU Usage: 0.00%
	 - Memory Usage: 401.91MB (19.62%)
08:05:56,592 root INFO Name panther-webapp
	 - Time: 15.05s
	 - CPU Usage: 0.00%
	 - Memory Usage: 147.85MB (28.88%)
08:05:58,604 root INFO Name picoquic-shadow-ivy
	 - Time: 17.06s
	 - CPU Usage: 0.00%
	 - Memory Usage: 58.27MB (2.85%)
08:06:00,609 root INFO Name picoquic-ivy
	 - Time: 19.06s
	 - CPU Usage: 0.00%
	 - Memory Usage: 59.50MB (2.91%)
08:06:02,614 root INFO Name ping-pong-ivy
	 - Time: 21.07s
	 - CPU Usage: 0.00%
	 - Memory Usage: 401.91MB (19.62%)
08:06:04,617 root INFO Name panther-webapp
	 - Time: 23.07s
	 - CPU Usage: 0.00%
	 - Memory Usage: 147.85MB (28.88%)
08:06:06,628 root INFO Name picoquic-shadow-ivy
	 - Time: 25.08s
	 - CPU Usage: 0.00%
	 - Memory Usage: 58.39MB (2.85%)
