07:57:50,281 root INFO Docker Compose configuration updated successfully.
07:57:50,371 root INFO Added entry to /etc/hosts: 172.27.1.14 picoquic-shadow-ivy
07:57:50,379 root INFO Added entry to /etc/hosts: 172.27.1.10 panther-webapp
07:57:50,391 root INFO Added entry to /etc/hosts: 172.27.1.13 picoquic-ivy
07:57:50,400 root INFO Added entry to /etc/hosts: 172.27.1.12 ping-pong-ivy
07:57:50,401 root INFO Executing command in tmux with log file:  "docker compose -f panther/docker-compose.yml logs -f | tee 'logs/compose_2024-06-03 07:57:50.401010.log'"
07:57:51,421 root INFO Name picoquic-shadow-ivy
	 - Time: 1.01s
	 - CPU Usage: 0.00%
	 - Memory Usage: 58.29MB (2.85%)
07:57:53,427 root INFO Name panther-webapp
	 - Time: 3.02s
	 - CPU Usage: 0.00%
	 - Memory Usage: 159.05MB (31.06%)
07:57:55,436 root INFO Name picoquic-ivy
	 - Time: 5.02s
	 - CPU Usage: 0.00%
	 - Memory Usage: 59.53MB (2.91%)
07:57:57,444 root INFO Name ping-pong-ivy
	 - Time: 7.03s
	 - CPU Usage: 0.00%
	 - Memory Usage: 76.79MB (3.75%)
07:57:59,461 root INFO Name picoquic-shadow-ivy
	 - Time: 9.05s
	 - CPU Usage: 0.00%
	 - Memory Usage: 58.29MB (2.85%)
07:58:01,469 root INFO Name panther-webapp
	 - Time: 11.06s
	 - CPU Usage: 0.00%
	 - Memory Usage: 159.05MB (31.06%)
07:58:03,479 root INFO Name picoquic-ivy
	 - Time: 13.07s
	 - CPU Usage: 0.00%
	 - Memory Usage: 59.52MB (2.91%)
07:58:05,486 root INFO Name ping-pong-ivy
	 - Time: 15.07s
	 - CPU Usage: 0.00%
	 - Memory Usage: 76.79MB (3.75%)
07:58:07,505 root INFO Name picoquic-shadow-ivy
	 - Time: 17.09s
	 - CPU Usage: 0.00%
	 - Memory Usage: 58.29MB (2.85%)
07:58:09,514 root INFO Name panther-webapp
	 - Time: 19.10s
	 - CPU Usage: 0.00%
	 - Memory Usage: 159.05MB (31.06%)
07:58:11,521 root INFO Name picoquic-ivy
	 - Time: 21.11s
	 - CPU Usage: 0.00%
	 - Memory Usage: 59.53MB (2.91%)
07:58:13,530 root INFO Name ping-pong-ivy
	 - Time: 23.12s
	 - CPU Usage: 0.00%
	 - Memory Usage: 76.79MB (3.75%)
07:58:15,544 root INFO Name picoquic-shadow-ivy
	 - Time: 25.13s
	 - CPU Usage: 0.00%
	 - Memory Usage: 58.29MB (2.85%)
07:58:17,547 root INFO Name panther-webapp
	 - Time: 27.14s
	 - CPU Usage: 0.00%
	 - Memory Usage: 159.05MB (31.06%)
07:58:19,553 root INFO Name picoquic-ivy
	 - Time: 29.14s
	 - CPU Usage: 0.00%
	 - Memory Usage: 59.53MB (2.91%)
07:58:21,561 root INFO Name ping-pong-ivy
	 - Time: 31.15s
	 - CPU Usage: 0.00%
	 - Memory Usage: 76.79MB (3.75%)
07:58:23,578 root INFO Name picoquic-shadow-ivy
	 - Time: 33.17s
	 - CPU Usage: 0.00%
	 - Memory Usage: 58.29MB (2.85%)
07:58:25,583 root INFO Name panther-webapp
	 - Time: 35.17s
	 - CPU Usage: 0.00%
	 - Memory Usage: 159.05MB (31.06%)
07:58:27,593 root INFO Name picoquic-ivy
	 - Time: 37.18s
	 - CPU Usage: 0.00%
	 - Memory Usage: 59.53MB (2.91%)
07:58:29,601 root INFO Name ping-pong-ivy
	 - Time: 39.19s
	 - CPU Usage: 0.00%
	 - Memory Usage: 76.79MB (3.75%)
07:58:31,620 root INFO Name picoquic-shadow-ivy
	 - Time: 41.21s
	 - CPU Usage: 0.00%
	 - Memory Usage: 58.29MB (2.85%)
07:58:33,628 root INFO Name panther-webapp
	 - Time: 43.22s
	 - CPU Usage: 0.00%
	 - Memory Usage: 159.05MB (31.06%)
07:58:35,636 root INFO Name picoquic-ivy
	 - Time: 45.22s
	 - CPU Usage: 0.00%
	 - Memory Usage: 59.53MB (2.91%)
07:58:37,643 root INFO Name ping-pong-ivy
	 - Time: 47.23s
	 - CPU Usage: 0.00%
	 - Memory Usage: 76.79MB (3.75%)
07:58:39,661 root INFO Name picoquic-shadow-ivy
	 - Time: 49.25s
	 - CPU Usage: 0.00%
	 - Memory Usage: 58.29MB (2.85%)
07:58:41,668 root INFO Name panther-webapp
	 - Time: 51.26s
	 - CPU Usage: 0.00%
	 - Memory Usage: 159.05MB (31.06%)
07:58:43,673 root INFO Name picoquic-ivy
	 - Time: 53.26s
	 - CPU Usage: 0.00%
	 - Memory Usage: 59.65MB (2.91%)
07:58:45,681 root INFO Name ping-pong-ivy
	 - Time: 55.27s
	 - CPU Usage: 0.00%
	 - Memory Usage: 76.79MB (3.75%)
07:58:47,700 root INFO Name picoquic-shadow-ivy
	 - Time: 57.29s
	 - CPU Usage: 0.00%
	 - Memory Usage: 58.29MB (2.85%)
07:58:49,707 root INFO Name panther-webapp
	 - Time: 59.30s
	 - CPU Usage: 0.00%
	 - Memory Usage: 159.05MB (31.06%)
07:58:51,713 root INFO Name picoquic-ivy
	 - Time: 61.30s
	 - CPU Usage: 0.00%
	 - Memory Usage: 59.53MB (2.91%)
07:58:53,724 root INFO Name ping-pong-ivy
	 - Time: 63.31s
	 - CPU Usage: 0.00%
	 - Memory Usage: 76.79MB (3.75%)
07:58:55,734 root INFO Name picoquic-shadow-ivy
	 - Time: 65.32s
	 - CPU Usage: 0.00%
	 - Memory Usage: 58.29MB (2.85%)
07:58:57,745 root INFO Name panther-webapp
	 - Time: 67.33s
	 - CPU Usage: 0.00%
	 - Memory Usage: 159.05MB (31.06%)
07:58:59,752 root INFO Name picoquic-ivy
	 - Time: 69.34s
	 - CPU Usage: 0.00%
	 - Memory Usage: 59.53MB (2.91%)
07:59:01,757 root INFO Name ping-pong-ivy
	 - Time: 71.34s
	 - CPU Usage: 0.00%
	 - Memory Usage: 76.79MB (3.75%)
07:59:03,771 root INFO Name picoquic-shadow-ivy
	 - Time: 73.36s
	 - CPU Usage: 0.00%
	 - Memory Usage: 58.29MB (2.85%)
07:59:05,780 root INFO Name panther-webapp
	 - Time: 75.37s
	 - CPU Usage: 0.00%
	 - Memory Usage: 161.38MB (31.52%)
07:59:07,786 root INFO Name picoquic-ivy
	 - Time: 77.37s
	 - CPU Usage: 0.00%
	 - Memory Usage: 59.53MB (2.91%)
07:59:09,791 root INFO Name ping-pong-ivy
	 - Time: 79.38s
	 - CPU Usage: 0.00%
	 - Memory Usage: 76.80MB (3.75%)
07:59:11,802 root INFO Name picoquic-shadow-ivy
	 - Time: 81.39s
	 - CPU Usage: 0.00%
	 - Memory Usage: 58.29MB (2.85%)
07:59:13,808 root INFO Name panther-webapp
	 - Time: 83.40s
	 - CPU Usage: 0.00%
	 - Memory Usage: 161.72MB (31.59%)
07:59:15,817 root INFO Name picoquic-ivy
	 - Time: 85.40s
	 - CPU Usage: 0.00%
	 - Memory Usage: 59.53MB (2.91%)
07:59:17,824 root INFO Name ping-pong-ivy
	 - Time: 87.41s
	 - CPU Usage: 0.00%
	 - Memory Usage: 418.16MB (20.42%)
07:59:19,832 root INFO Name picoquic-shadow-ivy
	 - Time: 89.42s
	 - CPU Usage: 0.00%
	 - Memory Usage: 58.29MB (2.85%)
07:59:21,836 root INFO Name panther-webapp
	 - Time: 91.42s
	 - CPU Usage: 0.00%
	 - Memory Usage: 157.98MB (30.85%)
07:59:23,840 root INFO Name picoquic-ivy
	 - Time: 93.43s
	 - CPU Usage: 0.00%
	 - Memory Usage: 59.52MB (2.91%)
07:59:25,846 root INFO Name ping-pong-ivy
	 - Time: 95.43s
	 - CPU Usage: 0.00%
	 - Memory Usage: 544.16MB (26.57%)
07:59:27,854 root INFO Name picoquic-shadow-ivy
	 - Time: 97.44s
	 - CPU Usage: 0.00%
	 - Memory Usage: 58.29MB (2.85%)
07:59:29,858 root INFO Name panther-webapp
	 - Time: 99.45s
	 - CPU Usage: 0.00%
	 - Memory Usage: 157.95MB (30.85%)
07:59:31,862 root INFO Name picoquic-ivy
	 - Time: 101.45s
	 - CPU Usage: 0.00%
	 - Memory Usage: 59.52MB (2.91%)
07:59:33,871 root INFO Name ping-pong-ivy
	 - Time: 103.46s
	 - CPU Usage: 0.00%
	 - Memory Usage: 536.18MB (26.18%)
07:59:35,883 root INFO Name picoquic-shadow-ivy
	 - Time: 105.47s
	 - CPU Usage: 0.00%
	 - Memory Usage: 58.29MB (2.85%)
07:59:37,891 root INFO Name panther-webapp
	 - Time: 107.48s
	 - CPU Usage: 0.00%
	 - Memory Usage: 156.12MB (30.49%)
07:59:39,894 root INFO Name picoquic-ivy
	 - Time: 109.48s
	 - CPU Usage: 0.00%
	 - Memory Usage: 59.52MB (2.91%)
07:59:41,901 root INFO Name ping-pong-ivy
	 - Time: 111.49s
	 - CPU Usage: 0.00%
	 - Memory Usage: 702.06MB (34.28%)
07:59:43,919 root INFO Name picoquic-shadow-ivy
	 - Time: 113.51s
	 - CPU Usage: 0.00%
	 - Memory Usage: 58.27MB (2.85%)
07:59:45,925 root INFO Name panther-webapp
	 - Time: 115.51s
	 - CPU Usage: 0.00%
	 - Memory Usage: 153.70MB (30.02%)
07:59:47,930 root INFO Name picoquic-ivy
	 - Time: 117.52s
	 - CPU Usage: 0.00%
	 - Memory Usage: 59.52MB (2.91%)
07:59:49,936 root INFO Name ping-pong-ivy
	 - Time: 119.52s
	 - CPU Usage: 0.00%
	 - Memory Usage: 557.49MB (27.22%)
07:59:51,947 root INFO Name picoquic-shadow-ivy
	 - Time: 121.54s
	 - CPU Usage: 0.00%
	 - Memory Usage: 58.27MB (2.85%)
07:59:53,953 root INFO Name panther-webapp
	 - Time: 123.54s
	 - CPU Usage: 0.00%
	 - Memory Usage: 153.52MB (29.99%)
07:59:55,958 root INFO Name picoquic-ivy
	 - Time: 125.55s
	 - CPU Usage: 0.00%
	 - Memory Usage: 59.52MB (2.91%)
07:59:57,962 root INFO Name ping-pong-ivy
	 - Time: 127.55s
	 - CPU Usage: 0.00%
	 - Memory Usage: 554.10MB (27.06%)
07:59:59,971 root INFO Name picoquic-shadow-ivy
	 - Time: 129.56s
	 - CPU Usage: 0.00%
	 - Memory Usage: 58.27MB (2.85%)
08:00:02,211 root INFO Name panther-webapp
	 - Time: 131.80s
	 - CPU Usage: 0.00%
	 - Memory Usage: 153.52MB (29.99%)
08:00:04,215 root INFO Name picoquic-ivy
	 - Time: 133.80s
	 - CPU Usage: 0.00%
	 - Memory Usage: 59.52MB (2.91%)
08:00:06,219 root INFO Name ping-pong-ivy
	 - Time: 135.81s
	 - CPU Usage: 0.00%
	 - Memory Usage: 554.04MB (27.05%)
08:00:08,227 root INFO Name picoquic-shadow-ivy
	 - Time: 137.81s
	 - CPU Usage: 0.00%
	 - Memory Usage: 58.27MB (2.85%)
08:00:10,233 root INFO Name panther-webapp
	 - Time: 139.82s
	 - CPU Usage: 0.00%
	 - Memory Usage: 153.54MB (29.99%)
08:00:12,239 root INFO Name picoquic-ivy
	 - Time: 141.83s
	 - CPU Usage: 0.00%
	 - Memory Usage: 59.52MB (2.91%)
08:00:14,243 root INFO Name ping-pong-ivy
	 - Time: 143.83s
	 - CPU Usage: 0.00%
	 - Memory Usage: 554.07MB (27.05%)
08:00:16,253 root INFO Name picoquic-shadow-ivy
	 - Time: 145.84s
	 - CPU Usage: 0.00%
	 - Memory Usage: 58.27MB (2.85%)
08:00:18,258 root INFO Name panther-webapp
	 - Time: 147.85s
	 - CPU Usage: 0.00%
	 - Memory Usage: 153.54MB (29.99%)
08:00:20,264 root INFO Name picoquic-ivy
	 - Time: 149.85s
	 - CPU Usage: 0.00%
	 - Memory Usage: 59.52MB (2.91%)
08:00:22,268 root INFO Name ping-pong-ivy
	 - Time: 151.86s
	 - CPU Usage: 0.00%
	 - Memory Usage: 554.04MB (27.05%)
08:00:24,276 root INFO Name picoquic-shadow-ivy
	 - Time: 153.86s
	 - CPU Usage: 0.00%
	 - Memory Usage: 58.27MB (2.85%)
08:00:26,283 root INFO Name panther-webapp
	 - Time: 155.87s
	 - CPU Usage: 0.00%
	 - Memory Usage: 153.54MB (29.99%)
08:00:28,286 root INFO Name picoquic-ivy
	 - Time: 157.87s
	 - CPU Usage: 0.00%
	 - Memory Usage: 59.52MB (2.91%)
08:00:30,293 root INFO Name ping-pong-ivy
	 - Time: 159.88s
	 - CPU Usage: 0.00%
	 - Memory Usage: 554.04MB (27.05%)
08:00:32,304 root INFO Name picoquic-shadow-ivy
	 - Time: 161.89s
	 - CPU Usage: 0.00%
	 - Memory Usage: 58.27MB (2.85%)
08:00:34,309 root INFO Name panther-webapp
	 - Time: 163.90s
	 - CPU Usage: 0.00%
	 - Memory Usage: 153.15MB (29.91%)
08:00:36,313 root INFO Name picoquic-ivy
	 - Time: 165.90s
	 - CPU Usage: 0.00%
	 - Memory Usage: 59.52MB (2.91%)
08:00:38,320 root INFO Name ping-pong-ivy
	 - Time: 167.91s
	 - CPU Usage: 0.00%
	 - Memory Usage: 544.54MB (26.59%)
08:00:40,333 root INFO Name picoquic-shadow-ivy
	 - Time: 169.92s
	 - CPU Usage: 0.00%
	 - Memory Usage: 58.27MB (2.85%)
08:00:42,337 root INFO Name panther-webapp
	 - Time: 171.93s
	 - CPU Usage: 0.00%
	 - Memory Usage: 151.83MB (29.65%)
08:00:44,341 root INFO Name picoquic-ivy
	 - Time: 173.93s
	 - CPU Usage: 0.00%
	 - Memory Usage: 59.50MB (2.91%)
08:00:46,348 root INFO Name ping-pong-ivy
	 - Time: 175.94s
	 - CPU Usage: 0.00%
	 - Memory Usage: 463.79MB (22.65%)
08:00:48,363 root INFO Name picoquic-shadow-ivy
	 - Time: 177.95s
	 - CPU Usage: 0.00%
	 - Memory Usage: 58.27MB (2.85%)
08:00:50,371 root INFO Name panther-webapp
	 - Time: 179.96s
	 - CPU Usage: 0.00%
	 - Memory Usage: 150.16MB (29.33%)
08:00:52,379 root INFO Name picoquic-ivy
	 - Time: 181.97s
	 - CPU Usage: 0.00%
	 - Memory Usage: 59.50MB (2.91%)
08:00:54,388 root INFO Name ping-pong-ivy
	 - Time: 183.98s
	 - CPU Usage: 0.00%
	 - Memory Usage: 463.79MB (22.65%)
08:00:56,404 root INFO Name picoquic-shadow-ivy
	 - Time: 185.99s
	 - CPU Usage: 0.00%
	 - Memory Usage: 58.27MB (2.85%)
08:00:58,414 root INFO Name panther-webapp
	 - Time: 188.00s
	 - CPU Usage: 0.00%
	 - Memory Usage: 150.16MB (29.33%)
08:01:00,421 root INFO Name picoquic-ivy
	 - Time: 190.01s
	 - CPU Usage: 0.00%
	 - Memory Usage: 59.50MB (2.91%)
08:01:02,426 root INFO Name ping-pong-ivy
	 - Time: 192.01s
	 - CPU Usage: 0.00%
	 - Memory Usage: 464.03MB (22.66%)
08:01:04,441 root INFO Name picoquic-shadow-ivy
	 - Time: 194.03s
	 - CPU Usage: 0.00%
	 - Memory Usage: 58.27MB (2.85%)
08:01:06,449 root INFO Name panther-webapp
	 - Time: 196.04s
	 - CPU Usage: 0.00%
	 - Memory Usage: 150.16MB (29.33%)
08:01:08,457 root INFO Name picoquic-ivy
	 - Time: 198.05s
	 - CPU Usage: 0.00%
	 - Memory Usage: 59.50MB (2.91%)
08:01:10,463 root INFO Name ping-pong-ivy
	 - Time: 200.05s
	 - CPU Usage: 0.00%
	 - Memory Usage: 463.79MB (22.65%)
08:01:12,480 root INFO Name picoquic-shadow-ivy
	 - Time: 202.07s
	 - CPU Usage: 0.00%
	 - Memory Usage: 58.27MB (2.85%)
08:01:14,488 root INFO Name panther-webapp
	 - Time: 204.08s
	 - CPU Usage: 0.00%
	 - Memory Usage: 150.16MB (29.33%)
08:01:16,491 root INFO Name picoquic-ivy
	 - Time: 206.08s
	 - CPU Usage: 0.00%
	 - Memory Usage: 59.50MB (2.91%)
08:01:18,498 root INFO Name ping-pong-ivy
	 - Time: 208.09s
	 - CPU Usage: 0.00%
	 - Memory Usage: 463.79MB (22.65%)
08:01:20,510 root INFO Name picoquic-shadow-ivy
	 - Time: 210.10s
	 - CPU Usage: 0.00%
	 - Memory Usage: 58.27MB (2.85%)
08:01:22,516 root INFO Name panther-webapp
	 - Time: 212.10s
	 - CPU Usage: 0.00%
	 - Memory Usage: 150.15MB (29.33%)
08:01:24,524 root INFO Name picoquic-ivy
	 - Time: 214.11s
	 - CPU Usage: 0.00%
	 - Memory Usage: 59.50MB (2.91%)
08:01:26,532 root INFO Name ping-pong-ivy
	 - Time: 216.12s
	 - CPU Usage: 0.00%
	 - Memory Usage: 463.79MB (22.65%)
08:01:28,550 root INFO Name picoquic-shadow-ivy
	 - Time: 218.14s
	 - CPU Usage: 0.00%
	 - Memory Usage: 58.27MB (2.85%)
08:01:30,555 root INFO Name panther-webapp
	 - Time: 220.14s
	 - CPU Usage: 0.00%
	 - Memory Usage: 149.30MB (29.16%)
08:01:32,559 root INFO Name picoquic-ivy
	 - Time: 222.15s
	 - CPU Usage: 0.00%
	 - Memory Usage: 59.68MB (2.91%)
08:01:34,564 root INFO Name ping-pong-ivy
	 - Time: 224.15s
	 - CPU Usage: 0.00%
	 - Memory Usage: 401.91MB (19.62%)
08:01:36,573 root INFO Name picoquic-shadow-ivy
	 - Time: 226.16s
	 - CPU Usage: 0.00%
	 - Memory Usage: 58.27MB (2.85%)
08:01:38,581 root INFO Name panther-webapp
	 - Time: 228.17s
	 - CPU Usage: 0.00%
	 - Memory Usage: 147.85MB (28.88%)
08:01:40,588 root INFO Name picoquic-ivy
	 - Time: 230.18s
	 - CPU Usage: 0.00%
	 - Memory Usage: 59.50MB (2.91%)
08:01:42,595 root INFO Name ping-pong-ivy
	 - Time: 232.18s
	 - CPU Usage: 0.00%
	 - Memory Usage: 401.91MB (19.62%)
08:01:44,609 root INFO Name picoquic-shadow-ivy
	 - Time: 234.20s
	 - CPU Usage: 0.00%
	 - Memory Usage: 58.27MB (2.85%)
08:01:46,617 root INFO Name panther-webapp
	 - Time: 236.21s
	 - CPU Usage: 0.00%
	 - Memory Usage: 147.85MB (28.88%)
08:01:48,626 root INFO Name picoquic-ivy
	 - Time: 238.21s
	 - CPU Usage: 0.00%
	 - Memory Usage: 59.50MB (2.91%)
08:01:50,633 root INFO Name ping-pong-ivy
	 - Time: 240.22s
	 - CPU Usage: 0.00%
	 - Memory Usage: 401.91MB (19.62%)
08:01:52,646 root INFO Name picoquic-shadow-ivy
	 - Time: 242.23s
	 - CPU Usage: 0.00%
	 - Memory Usage: 58.27MB (2.85%)
08:01:54,656 root INFO Name panther-webapp
	 - Time: 244.24s
	 - CPU Usage: 0.00%
	 - Memory Usage: 147.85MB (28.88%)
08:01:56,664 root INFO Name picoquic-ivy
	 - Time: 246.25s
	 - CPU Usage: 0.00%
	 - Memory Usage: 59.50MB (2.91%)
08:01:58,672 root INFO Name ping-pong-ivy
	 - Time: 248.26s
	 - CPU Usage: 0.00%
	 - Memory Usage: 401.91MB (19.62%)
08:02:00,690 root INFO Name picoquic-shadow-ivy
	 - Time: 250.28s
	 - CPU Usage: 0.00%
	 - Memory Usage: 58.27MB (2.85%)
08:02:02,698 root INFO Name panther-webapp
	 - Time: 252.29s
	 - CPU Usage: 0.00%
	 - Memory Usage: 147.85MB (28.88%)
08:02:04,706 root INFO Name picoquic-ivy
	 - Time: 254.29s
	 - CPU Usage: 0.00%
	 - Memory Usage: 59.50MB (2.91%)
08:02:06,710 root INFO Name ping-pong-ivy
	 - Time: 256.30s
	 - CPU Usage: 0.00%
	 - Memory Usage: 401.91MB (19.62%)
08:02:08,730 root INFO Name picoquic-shadow-ivy
	 - Time: 258.32s
	 - CPU Usage: 0.00%
	 - Memory Usage: 58.27MB (2.85%)
08:02:10,738 root INFO Name panther-webapp
	 - Time: 260.33s
	 - CPU Usage: 0.00%
	 - Memory Usage: 147.85MB (28.88%)
08:02:12,745 root INFO Name picoquic-ivy
	 - Time: 262.33s
	 - CPU Usage: 0.00%
	 - Memory Usage: 59.50MB (2.91%)
08:02:14,752 root INFO Name ping-pong-ivy
	 - Time: 264.34s
	 - CPU Usage: 0.00%
	 - Memory Usage: 401.91MB (19.62%)
08:02:16,769 root INFO Name picoquic-shadow-ivy
	 - Time: 266.36s
	 - CPU Usage: 0.00%
	 - Memory Usage: 58.27MB (2.85%)
08:02:18,773 root INFO Name panther-webapp
	 - Time: 268.36s
	 - CPU Usage: 0.00%
	 - Memory Usage: 147.85MB (28.88%)
08:02:20,776 root INFO Name picoquic-ivy
	 - Time: 270.36s
	 - CPU Usage: 0.00%
	 - Memory Usage: 59.50MB (2.91%)
08:02:22,780 root INFO Name ping-pong-ivy
	 - Time: 272.37s
	 - CPU Usage: 0.00%
	 - Memory Usage: 401.91MB (19.62%)
08:02:24,787 root INFO Name picoquic-shadow-ivy
	 - Time: 274.38s
	 - CPU Usage: 0.00%
	 - Memory Usage: 58.27MB (2.85%)
08:02:26,793 root INFO Name panther-webapp
	 - Time: 276.38s
	 - CPU Usage: 0.00%
	 - Memory Usage: 147.85MB (28.88%)
08:02:28,796 root INFO Name picoquic-ivy
	 - Time: 278.38s
	 - CPU Usage: 0.00%
	 - Memory Usage: 59.62MB (2.91%)
08:02:30,802 root INFO Name ping-pong-ivy
	 - Time: 280.39s
	 - CPU Usage: 0.00%
	 - Memory Usage: 401.91MB (19.62%)
08:02:32,811 root INFO Name picoquic-shadow-ivy
	 - Time: 282.40s
	 - CPU Usage: 0.00%
	 - Memory Usage: 58.27MB (2.85%)
08:02:34,816 root INFO Name panther-webapp
	 - Time: 284.40s
	 - CPU Usage: 0.00%
	 - Memory Usage: 147.85MB (28.88%)
08:02:36,820 root INFO Name picoquic-ivy
	 - Time: 286.41s
	 - CPU Usage: 0.00%
	 - Memory Usage: 59.50MB (2.91%)
08:02:38,826 root INFO Name ping-pong-ivy
	 - Time: 288.41s
	 - CPU Usage: 0.00%
	 - Memory Usage: 401.91MB (19.62%)
08:02:40,835 root INFO Name picoquic-shadow-ivy
	 - Time: 290.42s
	 - CPU Usage: 0.00%
	 - Memory Usage: 58.27MB (2.85%)
08:02:42,839 root INFO Name panther-webapp
	 - Time: 292.43s
	 - CPU Usage: 0.00%
	 - Memory Usage: 147.85MB (28.88%)
08:02:44,844 root INFO Name picoquic-ivy
	 - Time: 294.43s
	 - CPU Usage: 0.00%
	 - Memory Usage: 59.50MB (2.91%)
08:02:46,853 root INFO Name ping-pong-ivy
	 - Time: 296.44s
	 - CPU Usage: 0.00%
	 - Memory Usage: 401.91MB (19.62%)
08:02:48,869 root INFO Name picoquic-shadow-ivy
	 - Time: 298.46s
	 - CPU Usage: 0.00%
	 - Memory Usage: 58.39MB (2.85%)
08:02:50,873 root INFO Name panther-webapp
	 - Time: 300.46s
	 - CPU Usage: 0.00%
	 - Memory Usage: 147.85MB (28.88%)
08:02:52,877 root INFO Name picoquic-ivy
	 - Time: 302.46s
	 - CPU Usage: 0.00%
	 - Memory Usage: 59.50MB (2.91%)
08:02:54,884 root INFO Name ping-pong-ivy
	 - Time: 304.47s
	 - CPU Usage: 0.00%
	 - Memory Usage: 401.91MB (19.62%)
08:02:56,895 root INFO Name picoquic-shadow-ivy
	 - Time: 306.48s
	 - CPU Usage: 0.00%
	 - Memory Usage: 58.27MB (2.85%)
08:02:58,898 root INFO Name panther-webapp
	 - Time: 308.49s
	 - CPU Usage: 0.00%
	 - Memory Usage: 147.85MB (28.88%)
08:03:00,902 root INFO Name picoquic-ivy
	 - Time: 310.49s
	 - CPU Usage: 0.00%
	 - Memory Usage: 59.50MB (2.91%)
08:03:02,907 root INFO Name ping-pong-ivy
	 - Time: 312.49s
	 - CPU Usage: 0.00%
	 - Memory Usage: 401.91MB (19.62%)
08:03:04,917 root INFO Name picoquic-shadow-ivy
	 - Time: 314.50s
	 - CPU Usage: 0.00%
	 - Memory Usage: 58.41MB (2.85%)
08:03:06,923 root INFO Name panther-webapp
	 - Time: 316.51s
	 - CPU Usage: 0.00%
	 - Memory Usage: 147.85MB (28.88%)
08:03:08,926 root INFO Name picoquic-ivy
	 - Time: 318.51s
	 - CPU Usage: 0.00%
	 - Memory Usage: 59.50MB (2.91%)
08:03:10,931 root INFO Name ping-pong-ivy
	 - Time: 320.52s
	 - CPU Usage: 0.00%
	 - Memory Usage: 401.91MB (19.62%)
08:03:12,940 root INFO Name picoquic-shadow-ivy
	 - Time: 322.53s
	 - CPU Usage: 0.00%
	 - Memory Usage: 58.27MB (2.85%)
08:03:14,944 root INFO Name panther-webapp
	 - Time: 324.53s
	 - CPU Usage: 0.00%
	 - Memory Usage: 147.85MB (28.88%)
08:03:16,950 root INFO Name picoquic-ivy
	 - Time: 326.54s
	 - CPU Usage: 0.00%
	 - Memory Usage: 59.50MB (2.91%)
