12:19:22,196 root INFO Docker Compose configuration updated successfully.
12:19:22,316 root INFO Added entry to /etc/hosts: 172.27.1.13 picoquic-ivy
12:19:22,330 root INFO Added entry to /etc/hosts: 172.27.1.12 ping-pong-ivy
12:19:22,347 root INFO Added entry to /etc/hosts: 172.27.1.14 picoquic-shadow-ivy
12:19:22,362 root INFO Added entry to /etc/hosts: 172.27.1.10 panther-webapp
12:19:22,362 root INFO Executing command in tmux with log file:  "docker compose -f panther/docker-compose.yml logs -f | tee 'logs/compose_2024-06-02 12:19:22.362796.log'"
12:19:23,327 root INFO Name picoquic-ivy - Time: 1.01s - CPU Usage: 0.00% - Memory Usage: 58.11MB (2.84%)
12:19:24,332 root INFO Name picoquic-shadow-ivy - Time: 1.99s - CPU Usage: 0.00% - Memory Usage: 71.80MB (3.51%)
12:19:24,334 root INFO Name panther-webapp - Time: 1.97s - CPU Usage: 0.00% - Memory Usage: 121.58MB (23.75%)
12:19:24,336 root INFO Name ping-pong-ivy - Time: 2.01s - CPU Usage: 0.00% - Memory Usage: 58.78MB (2.87%)
12:19:34,342 root INFO Name picoquic-ivy - Time: 12.03s - CPU Usage: 0.00% - Memory Usage: 58.11MB (2.84%)
12:19:36,349 root INFO Name picoquic-shadow-ivy - Time: 14.00s - CPU Usage: 0.00% - Memory Usage: 71.80MB (3.51%)
12:19:36,350 root INFO Name panther-webapp - Time: 13.99s - CPU Usage: 0.00% - Memory Usage: 121.58MB (23.75%)
12:19:36,352 root INFO Name ping-pong-ivy - Time: 14.02s - CPU Usage: 0.00% - Memory Usage: 58.78MB (2.87%)
12:19:45,360 root INFO Name picoquic-ivy - Time: 23.05s - CPU Usage: 0.00% - Memory Usage: 58.11MB (2.84%)
12:19:47,365 root INFO Name picoquic-shadow-ivy - Time: 25.02s - CPU Usage: 0.00% - Memory Usage: 71.80MB (3.51%)
12:19:48,370 root INFO Name ping-pong-ivy - Time: 26.04s - CPU Usage: 0.00% - Memory Usage: 58.78MB (2.87%)
12:19:48,371 root INFO Name panther-webapp - Time: 26.01s - CPU Usage: 0.00% - Memory Usage: 121.58MB (23.75%)
12:19:56,377 root INFO Name picoquic-ivy - Time: 34.06s - CPU Usage: 0.00% - Memory Usage: 58.11MB (2.84%)
12:19:58,383 root INFO Name picoquic-shadow-ivy - Time: 36.04s - CPU Usage: 0.00% - Memory Usage: 71.80MB (3.51%)
12:20:00,390 root INFO Name ping-pong-ivy - Time: 38.06s - CPU Usage: 0.00% - Memory Usage: 58.78MB (2.87%)
12:20:00,391 root INFO Name panther-webapp - Time: 38.03s - CPU Usage: 0.00% - Memory Usage: 121.58MB (23.75%)
