07:49:03,220 root INFO Docker Compose configuration updated successfully.
07:49:15,836 root INFO Added entry to /etc/hosts: 172.27.1.10 panther-webapp
07:49:15,863 root INFO Added entry to /etc/hosts: 172.27.1.12 ping-pong-ivy
07:49:15,880 root INFO Added entry to /etc/hosts: 172.27.1.14 picoquic-shadow-ivy
07:49:15,896 root INFO Added entry to /etc/hosts: 172.27.1.13 picoquic-ivy
07:49:15,896 root INFO Executing command in tmux with log file:  "docker compose -f panther/docker-compose.yml logs -f | tee 'logs/compose_2024-06-03 07:49:15.896805.log'"
07:49:16,853 root INFO Name panther-webapp
	 - Time: 1.01s
	 - CPU Usage: 0.00%
	 - Memory Usage: 138.73MB (27.10%)
07:49:17,861 root INFO Name ping-pong-ivy
	 - Time: 2.00s
	 - CPU Usage: 0.00%
	 - Memory Usage: 79.77MB (3.89%)
07:49:17,863 root INFO Name picoquic-shadow-ivy
	 - Time: 1.98s
	 - CPU Usage: 0.00%
	 - Memory Usage: 58.17MB (2.84%)
07:49:17,866 root INFO Name picoquic-ivy
	 - Time: 1.97s
	 - CPU Usage: 0.00%
	 - Memory Usage: 59.38MB (2.90%)
07:49:27,867 root INFO Name panther-webapp
	 - Time: 12.03s
	 - CPU Usage: 0.00%
	 - Memory Usage: 176.21MB (34.42%)
07:49:29,872 root INFO Name ping-pong-ivy
	 - Time: 14.02s
	 - CPU Usage: 0.00%
	 - Memory Usage: 79.58MB (3.89%)
07:49:29,873 root INFO Name picoquic-shadow-ivy
	 - Time: 14.00s
	 - CPU Usage: 0.00%
	 - Memory Usage: 58.25MB (2.84%)
07:49:29,875 root INFO Name picoquic-ivy
	 - Time: 13.98s
	 - CPU Usage: 0.00%
	 - Memory Usage: 59.47MB (2.90%)
07:49:38,883 root INFO Name panther-webapp
	 - Time: 23.04s
	 - CPU Usage: 0.00%
	 - Memory Usage: 173.71MB (33.93%)
07:49:40,889 root INFO Name ping-pong-ivy
	 - Time: 25.03s
	 - CPU Usage: 0.00%
	 - Memory Usage: 79.34MB (3.87%)
07:49:41,891 root INFO Name picoquic-shadow-ivy
	 - Time: 26.01s
	 - CPU Usage: 0.00%
	 - Memory Usage: 58.41MB (2.85%)
07:49:41,892 root INFO Name picoquic-ivy
	 - Time: 26.00s
	 - CPU Usage: 0.00%
	 - Memory Usage: 59.53MB (2.91%)
07:49:49,897 root INFO Name panther-webapp
	 - Time: 34.06s
	 - CPU Usage: 0.00%
	 - Memory Usage: 171.27MB (33.45%)
07:49:51,901 root INFO Name ping-pong-ivy
	 - Time: 36.04s
	 - CPU Usage: 0.00%
	 - Memory Usage: 79.16MB (3.87%)
07:49:52,906 root INFO Name picoquic-shadow-ivy
	 - Time: 37.03s
	 - CPU Usage: 0.00%
	 - Memory Usage: 58.30MB (2.85%)
07:49:53,910 root INFO Name picoquic-ivy
	 - Time: 38.02s
	 - CPU Usage: 0.00%
	 - Memory Usage: 59.53MB (2.91%)
07:50:00,916 root INFO Name panther-webapp
	 - Time: 45.08s
	 - CPU Usage: 0.00%
	 - Memory Usage: 168.64MB (32.94%)
07:50:03,211 root INFO Name ping-pong-ivy
	 - Time: 47.35s
	 - CPU Usage: 0.00%
	 - Memory Usage: 79.01MB (3.86%)
07:50:04,214 root INFO Name picoquic-shadow-ivy
	 - Time: 48.34s
	 - CPU Usage: 0.00%
	 - Memory Usage: 58.30MB (2.85%)
07:50:05,217 root INFO Name picoquic-ivy
	 - Time: 49.32s
	 - CPU Usage: 0.00%
	 - Memory Usage: 59.54MB (2.91%)
07:50:11,930 root INFO Name panther-webapp
	 - Time: 56.09s
	 - CPU Usage: 0.00%
	 - Memory Usage: 167.89MB (32.79%)
07:50:14,226 root INFO Name ping-pong-ivy
	 - Time: 58.37s
	 - CPU Usage: 0.00%
	 - Memory Usage: 78.84MB (3.85%)
07:50:15,228 root INFO Name picoquic-shadow-ivy
	 - Time: 59.35s
	 - CPU Usage: 0.00%
	 - Memory Usage: 58.30MB (2.85%)
07:50:16,231 root INFO Name picoquic-ivy
	 - Time: 60.34s
	 - CPU Usage: 0.00%
	 - Memory Usage: 59.53MB (2.91%)
07:50:22,947 root INFO Name panther-webapp
	 - Time: 67.11s
	 - CPU Usage: 0.00%
	 - Memory Usage: 165.78MB (32.38%)
07:50:25,237 root INFO Name ping-pong-ivy
	 - Time: 69.38s
	 - CPU Usage: 0.00%
	 - Memory Usage: 78.14MB (3.82%)
07:50:27,242 root INFO Name picoquic-shadow-ivy
	 - Time: 71.36s
	 - CPU Usage: 0.00%
	 - Memory Usage: 58.29MB (2.85%)
07:50:28,244 root INFO Name picoquic-ivy
	 - Time: 72.35s
	 - CPU Usage: 0.00%
	 - Memory Usage: 59.53MB (2.91%)
07:50:33,964 root INFO Name panther-webapp
	 - Time: 78.12s
	 - CPU Usage: 0.00%
	 - Memory Usage: 162.53MB (31.74%)
07:50:36,251 root INFO Name ping-pong-ivy
	 - Time: 80.39s
	 - CPU Usage: 0.00%
	 - Memory Usage: 77.58MB (3.79%)
07:50:38,269 root INFO Name picoquic-shadow-ivy
	 - Time: 82.39s
	 - CPU Usage: 0.00%
	 - Memory Usage: 58.29MB (2.85%)
07:50:39,271 root INFO Name picoquic-ivy
	 - Time: 83.38s
	 - CPU Usage: 0.00%
	 - Memory Usage: 59.52MB (2.91%)
07:50:44,978 root INFO Name panther-webapp
	 - Time: 89.14s
	 - CPU Usage: 0.00%
	 - Memory Usage: 162.53MB (31.74%)
07:50:47,265 root INFO Name ping-pong-ivy
	 - Time: 91.41s
	 - CPU Usage: 0.00%
	 - Memory Usage: 77.58MB (3.79%)
07:50:49,284 root INFO Name picoquic-shadow-ivy
	 - Time: 93.41s
	 - CPU Usage: 0.00%
	 - Memory Usage: 58.29MB (2.85%)
07:50:50,287 root INFO Name picoquic-ivy
	 - Time: 94.39s
	 - CPU Usage: 0.00%
	 - Memory Usage: 59.52MB (2.91%)
07:50:55,989 root INFO Name panther-webapp
	 - Time: 100.15s
	 - CPU Usage: 0.00%
	 - Memory Usage: 162.57MB (31.75%)
07:50:58,278 root INFO Name ping-pong-ivy
	 - Time: 102.42s
	 - CPU Usage: 0.00%
	 - Memory Usage: 77.83MB (3.80%)
07:51:00,298 root INFO Name picoquic-shadow-ivy
	 - Time: 104.42s
	 - CPU Usage: 0.00%
	 - Memory Usage: 58.29MB (2.85%)
07:51:02,303 root INFO Name picoquic-ivy
	 - Time: 106.41s
	 - CPU Usage: 0.00%
	 - Memory Usage: 59.52MB (2.91%)
07:51:07,6 root INFO Name panther-webapp
	 - Time: 111.17s
	 - CPU Usage: 0.00%
	 - Memory Usage: 162.36MB (31.71%)
07:51:09,293 root INFO Name ping-pong-ivy
	 - Time: 113.44s
	 - CPU Usage: 0.00%
	 - Memory Usage: 77.53MB (3.79%)
07:51:11,310 root INFO Name picoquic-shadow-ivy
	 - Time: 115.43s
	 - CPU Usage: 0.00%
	 - Memory Usage: 58.29MB (2.85%)
07:51:13,317 root INFO Name picoquic-ivy
	 - Time: 117.42s
	 - CPU Usage: 0.00%
	 - Memory Usage: 59.52MB (2.91%)
07:51:18,18 root INFO Name panther-webapp
	 - Time: 122.18s
	 - CPU Usage: 0.00%
	 - Memory Usage: 162.27MB (31.69%)
07:51:20,306 root INFO Name ping-pong-ivy
	 - Time: 124.45s
	 - CPU Usage: 0.00%
	 - Memory Usage: 77.48MB (3.78%)
07:51:22,326 root INFO Name picoquic-shadow-ivy
	 - Time: 126.45s
	 - CPU Usage: 0.00%
	 - Memory Usage: 58.29MB (2.85%)
07:51:24,332 root INFO Name picoquic-ivy
	 - Time: 128.44s
	 - CPU Usage: 0.00%
	 - Memory Usage: 59.52MB (2.91%)
07:51:29,36 root INFO Name panther-webapp
	 - Time: 133.20s
	 - CPU Usage: 0.00%
	 - Memory Usage: 160.88MB (31.42%)
07:51:31,323 root INFO Name ping-pong-ivy
	 - Time: 135.47s
	 - CPU Usage: 0.00%
	 - Memory Usage: 77.22MB (3.77%)
07:51:33,339 root INFO Name picoquic-shadow-ivy
	 - Time: 137.46s
	 - CPU Usage: 0.00%
	 - Memory Usage: 58.29MB (2.85%)
07:51:35,347 root INFO Name picoquic-ivy
	 - Time: 139.45s
	 - CPU Usage: 0.00%
	 - Memory Usage: 59.52MB (2.91%)
07:51:40,51 root INFO Name panther-webapp
	 - Time: 144.21s
	 - CPU Usage: 0.00%
	 - Memory Usage: 160.88MB (31.42%)
07:51:42,339 root INFO Name ping-pong-ivy
	 - Time: 146.48s
	 - CPU Usage: 0.00%
	 - Memory Usage: 77.22MB (3.77%)
07:51:44,354 root INFO Name picoquic-shadow-ivy
	 - Time: 148.48s
	 - CPU Usage: 0.00%
	 - Memory Usage: 58.29MB (2.85%)
07:51:46,363 root INFO Name picoquic-ivy
	 - Time: 150.47s
	 - CPU Usage: 0.00%
	 - Memory Usage: 59.52MB (2.91%)
07:51:51,65 root INFO Name panther-webapp
	 - Time: 155.22s
	 - CPU Usage: 0.00%
	 - Memory Usage: 160.89MB (31.42%)
07:51:53,355 root INFO Name ping-pong-ivy
	 - Time: 157.50s
	 - CPU Usage: 0.00%
	 - Memory Usage: 77.21MB (3.77%)
07:51:55,370 root INFO Name picoquic-shadow-ivy
	 - Time: 159.49s
	 - CPU Usage: 0.00%
	 - Memory Usage: 58.29MB (2.85%)
07:51:57,379 root INFO Name picoquic-ivy
	 - Time: 161.49s
	 - CPU Usage: 0.00%
	 - Memory Usage: 59.52MB (2.91%)
07:52:02,78 root INFO Name panther-webapp
	 - Time: 166.24s
	 - CPU Usage: 0.00%
	 - Memory Usage: 160.89MB (31.42%)
07:52:04,370 root INFO Name ping-pong-ivy
	 - Time: 168.51s
	 - CPU Usage: 0.00%
	 - Memory Usage: 77.22MB (3.77%)
07:52:06,386 root INFO Name picoquic-shadow-ivy
	 - Time: 170.51s
	 - CPU Usage: 0.00%
	 - Memory Usage: 58.29MB (2.85%)
07:52:08,395 root INFO Name picoquic-ivy
	 - Time: 172.50s
	 - CPU Usage: 0.00%
	 - Memory Usage: 59.52MB (2.91%)
07:52:13,93 root INFO Name panther-webapp
	 - Time: 177.25s
	 - CPU Usage: 0.00%
	 - Memory Usage: 160.89MB (31.42%)
07:52:15,386 root INFO Name ping-pong-ivy
	 - Time: 179.53s
	 - CPU Usage: 0.00%
	 - Memory Usage: 77.21MB (3.77%)
07:52:17,402 root INFO Name picoquic-shadow-ivy
	 - Time: 181.52s
	 - CPU Usage: 0.00%
	 - Memory Usage: 58.29MB (2.85%)
07:52:19,411 root INFO Name picoquic-ivy
	 - Time: 183.52s
	 - CPU Usage: 0.00%
	 - Memory Usage: 59.52MB (2.91%)
07:52:24,106 root INFO Name panther-webapp
	 - Time: 188.27s
	 - CPU Usage: 0.00%
	 - Memory Usage: 160.89MB (31.42%)
07:52:26,402 root INFO Name ping-pong-ivy
	 - Time: 190.54s
	 - CPU Usage: 0.00%
	 - Memory Usage: 77.22MB (3.77%)
07:52:28,419 root INFO Name picoquic-shadow-ivy
	 - Time: 192.54s
	 - CPU Usage: 0.00%
	 - Memory Usage: 58.29MB (2.85%)
07:52:30,426 root INFO Name picoquic-ivy
	 - Time: 194.53s
	 - CPU Usage: 0.00%
	 - Memory Usage: 59.52MB (2.91%)
07:52:35,121 root INFO Name panther-webapp
	 - Time: 199.28s
	 - CPU Usage: 0.00%
	 - Memory Usage: 160.89MB (31.42%)
07:52:37,416 root INFO Name ping-pong-ivy
	 - Time: 201.56s
	 - CPU Usage: 0.00%
	 - Memory Usage: 77.22MB (3.77%)
07:52:39,433 root INFO Name picoquic-shadow-ivy
	 - Time: 203.55s
	 - CPU Usage: 0.00%
	 - Memory Usage: 58.29MB (2.85%)
07:52:41,438 root INFO Name picoquic-ivy
	 - Time: 205.55s
	 - CPU Usage: 0.00%
	 - Memory Usage: 59.52MB (2.91%)
07:52:46,137 root INFO Name panther-webapp
	 - Time: 210.30s
	 - CPU Usage: 0.00%
	 - Memory Usage: 160.89MB (31.42%)
07:52:48,429 root INFO Name ping-pong-ivy
	 - Time: 212.57s
	 - CPU Usage: 0.00%
	 - Memory Usage: 77.22MB (3.77%)
07:52:50,446 root INFO Name picoquic-shadow-ivy
	 - Time: 214.57s
	 - CPU Usage: 0.00%
	 - Memory Usage: 58.29MB (2.85%)
07:52:52,455 root INFO Name picoquic-ivy
	 - Time: 216.56s
	 - CPU Usage: 0.00%
	 - Memory Usage: 59.52MB (2.91%)
07:52:57,149 root INFO Name panther-webapp
	 - Time: 221.31s
	 - CPU Usage: 0.00%
	 - Memory Usage: 160.89MB (31.42%)
07:52:59,443 root INFO Name ping-pong-ivy
	 - Time: 223.59s
	 - CPU Usage: 0.00%
	 - Memory Usage: 77.22MB (3.77%)
07:53:01,462 root INFO Name picoquic-shadow-ivy
	 - Time: 225.58s
	 - CPU Usage: 0.00%
	 - Memory Usage: 58.29MB (2.85%)
07:53:03,472 root INFO Name picoquic-ivy
	 - Time: 227.58s
	 - CPU Usage: 0.00%
	 - Memory Usage: 59.52MB (2.91%)
07:53:08,163 root INFO Name panther-webapp
	 - Time: 232.32s
	 - CPU Usage: 0.00%
	 - Memory Usage: 160.79MB (31.40%)
07:53:10,457 root INFO Name ping-pong-ivy
	 - Time: 234.60s
	 - CPU Usage: 0.00%
	 - Memory Usage: 77.19MB (3.77%)
07:53:12,479 root INFO Name picoquic-shadow-ivy
	 - Time: 236.60s
	 - CPU Usage: 0.00%
	 - Memory Usage: 58.29MB (2.85%)
07:53:14,486 root INFO Name picoquic-ivy
	 - Time: 238.59s
	 - CPU Usage: 0.00%
	 - Memory Usage: 59.52MB (2.91%)
07:53:19,179 root INFO Name panther-webapp
	 - Time: 243.34s
	 - CPU Usage: 0.00%
	 - Memory Usage: 160.79MB (31.40%)
07:53:21,471 root INFO Name ping-pong-ivy
	 - Time: 245.61s
	 - CPU Usage: 0.00%
	 - Memory Usage: 77.20MB (3.77%)
07:53:23,495 root INFO Name picoquic-shadow-ivy
	 - Time: 247.62s
	 - CPU Usage: 0.00%
	 - Memory Usage: 58.29MB (2.85%)
07:53:25,502 root INFO Name picoquic-ivy
	 - Time: 249.61s
	 - CPU Usage: 0.00%
	 - Memory Usage: 59.52MB (2.91%)
07:53:30,195 root INFO Name panther-webapp
	 - Time: 254.35s
	 - CPU Usage: 0.00%
	 - Memory Usage: 160.79MB (31.40%)
07:53:32,485 root INFO Name ping-pong-ivy
	 - Time: 256.63s
	 - CPU Usage: 0.00%
	 - Memory Usage: 77.19MB (3.77%)
07:53:34,510 root INFO Name picoquic-shadow-ivy
	 - Time: 258.63s
	 - CPU Usage: 0.00%
	 - Memory Usage: 58.29MB (2.85%)
07:53:36,518 root INFO Name picoquic-ivy
	 - Time: 260.63s
	 - CPU Usage: 0.00%
	 - Memory Usage: 59.52MB (2.91%)
07:53:41,209 root INFO Name panther-webapp
	 - Time: 265.37s
	 - CPU Usage: 0.00%
	 - Memory Usage: 160.59MB (31.37%)
07:53:43,498 root INFO Name ping-pong-ivy
	 - Time: 267.64s
	 - CPU Usage: 0.00%
	 - Memory Usage: 77.15MB (3.77%)
07:53:45,526 root INFO Name picoquic-shadow-ivy
	 - Time: 269.65s
	 - CPU Usage: 0.00%
	 - Memory Usage: 58.29MB (2.85%)
07:53:47,533 root INFO Name picoquic-ivy
	 - Time: 271.64s
	 - CPU Usage: 0.00%
	 - Memory Usage: 59.52MB (2.91%)
07:53:52,223 root INFO Name panther-webapp
	 - Time: 276.38s
	 - CPU Usage: 0.00%
	 - Memory Usage: 160.59MB (31.37%)
07:53:54,510 root INFO Name ping-pong-ivy
	 - Time: 278.65s
	 - CPU Usage: 0.00%
	 - Memory Usage: 77.16MB (3.77%)
07:53:56,542 root INFO Name picoquic-shadow-ivy
	 - Time: 280.66s
	 - CPU Usage: 0.00%
	 - Memory Usage: 58.29MB (2.85%)
07:53:58,547 root INFO Name picoquic-ivy
	 - Time: 282.65s
	 - CPU Usage: 0.00%
	 - Memory Usage: 59.52MB (2.91%)
07:54:03,237 root INFO Name panther-webapp
	 - Time: 287.40s
	 - CPU Usage: 0.00%
	 - Memory Usage: 160.59MB (31.37%)
07:54:05,521 root INFO Name ping-pong-ivy
	 - Time: 289.66s
	 - CPU Usage: 0.00%
	 - Memory Usage: 77.11MB (3.76%)
07:54:07,558 root INFO Name picoquic-shadow-ivy
	 - Time: 291.68s
	 - CPU Usage: 0.00%
	 - Memory Usage: 58.29MB (2.85%)
07:54:09,566 root INFO Name picoquic-ivy
	 - Time: 293.67s
	 - CPU Usage: 0.00%
	 - Memory Usage: 59.52MB (2.91%)
07:54:14,267 root INFO Name panther-webapp
	 - Time: 298.43s
	 - CPU Usage: 0.00%
	 - Memory Usage: 159.69MB (31.19%)
07:54:16,535 root INFO Name ping-pong-ivy
	 - Time: 300.68s
	 - CPU Usage: 0.00%
	 - Memory Usage: 76.95MB (3.76%)
07:54:18,574 root INFO Name picoquic-shadow-ivy
	 - Time: 302.70s
	 - CPU Usage: 0.00%
	 - Memory Usage: 58.41MB (2.85%)
07:54:20,583 root INFO Name picoquic-ivy
	 - Time: 304.69s
	 - CPU Usage: 0.00%
	 - Memory Usage: 59.52MB (2.91%)
07:54:25,282 root INFO Name panther-webapp
	 - Time: 309.44s
	 - CPU Usage: 0.00%
	 - Memory Usage: 159.69MB (31.19%)
07:54:27,550 root INFO Name ping-pong-ivy
	 - Time: 311.69s
	 - CPU Usage: 0.00%
	 - Memory Usage: 76.95MB (3.76%)
07:54:29,589 root INFO Name picoquic-shadow-ivy
	 - Time: 313.71s
	 - CPU Usage: 0.00%
	 - Memory Usage: 58.29MB (2.85%)
07:54:31,597 root INFO Name picoquic-ivy
	 - Time: 315.70s
	 - CPU Usage: 0.00%
	 - Memory Usage: 59.52MB (2.91%)
07:54:36,297 root INFO Name panther-webapp
	 - Time: 320.46s
	 - CPU Usage: 0.00%
	 - Memory Usage: 159.69MB (31.19%)
07:54:38,570 root INFO Name ping-pong-ivy
	 - Time: 322.71s
	 - CPU Usage: 0.00%
	 - Memory Usage: 76.95MB (3.76%)
07:54:40,605 root INFO Name picoquic-shadow-ivy
	 - Time: 324.73s
	 - CPU Usage: 0.00%
	 - Memory Usage: 58.29MB (2.85%)
07:54:42,607 root INFO Name picoquic-ivy
	 - Time: 326.71s
	 - CPU Usage: 0.00%
	 - Memory Usage: 59.52MB (2.91%)
07:54:47,313 root INFO Name panther-webapp
	 - Time: 331.47s
	 - CPU Usage: 0.00%
	 - Memory Usage: 159.69MB (31.19%)
07:54:49,586 root INFO Name ping-pong-ivy
	 - Time: 333.73s
	 - CPU Usage: 0.00%
	 - Memory Usage: 76.95MB (3.76%)
07:54:51,619 root INFO Name picoquic-shadow-ivy
	 - Time: 335.74s
	 - CPU Usage: 0.00%
	 - Memory Usage: 58.29MB (2.85%)
07:54:53,623 root INFO Name picoquic-ivy
	 - Time: 337.73s
	 - CPU Usage: 0.00%
	 - Memory Usage: 59.52MB (2.91%)
07:54:58,325 root INFO Name panther-webapp
	 - Time: 342.48s
	 - CPU Usage: 0.00%
	 - Memory Usage: 159.69MB (31.19%)
07:55:00,597 root INFO Name ping-pong-ivy
	 - Time: 344.74s
	 - CPU Usage: 0.00%
	 - Memory Usage: 76.95MB (3.76%)
07:55:02,636 root INFO Name picoquic-shadow-ivy
	 - Time: 346.76s
	 - CPU Usage: 0.00%
	 - Memory Usage: 58.29MB (2.85%)
07:55:04,641 root INFO Name picoquic-ivy
	 - Time: 348.75s
	 - CPU Usage: 0.00%
	 - Memory Usage: 59.52MB (2.91%)
07:55:09,337 root INFO Name panther-webapp
	 - Time: 353.50s
	 - CPU Usage: 0.00%
	 - Memory Usage: 159.69MB (31.19%)
07:55:11,612 root INFO Name ping-pong-ivy
	 - Time: 355.76s
	 - CPU Usage: 0.00%
	 - Memory Usage: 76.95MB (3.76%)
07:55:13,647 root INFO Name picoquic-shadow-ivy
	 - Time: 357.77s
	 - CPU Usage: 0.00%
	 - Memory Usage: 58.29MB (2.85%)
07:55:15,653 root INFO Name picoquic-ivy
	 - Time: 359.76s
	 - CPU Usage: 0.00%
	 - Memory Usage: 59.53MB (2.91%)
07:55:20,354 root INFO Name panther-webapp
	 - Time: 364.51s
	 - CPU Usage: 0.00%
	 - Memory Usage: 159.69MB (31.19%)
07:55:22,626 root INFO Name ping-pong-ivy
	 - Time: 366.77s
	 - CPU Usage: 0.00%
	 - Memory Usage: 76.95MB (3.76%)
07:55:24,663 root INFO Name picoquic-shadow-ivy
	 - Time: 368.78s
	 - CPU Usage: 0.00%
	 - Memory Usage: 58.29MB (2.85%)
07:55:26,668 root INFO Name picoquic-ivy
	 - Time: 370.77s
	 - CPU Usage: 0.00%
	 - Memory Usage: 59.52MB (2.91%)
07:55:31,373 root INFO Name panther-webapp
	 - Time: 375.53s
	 - CPU Usage: 0.00%
	 - Memory Usage: 159.69MB (31.19%)
07:55:33,643 root INFO Name ping-pong-ivy
	 - Time: 377.79s
	 - CPU Usage: 0.00%
	 - Memory Usage: 76.95MB (3.76%)
07:55:35,677 root INFO Name picoquic-shadow-ivy
	 - Time: 379.80s
	 - CPU Usage: 0.00%
	 - Memory Usage: 58.29MB (2.85%)
07:55:37,683 root INFO Name picoquic-ivy
	 - Time: 381.79s
	 - CPU Usage: 0.00%
	 - Memory Usage: 59.52MB (2.91%)
07:55:42,386 root INFO Name panther-webapp
	 - Time: 386.55s
	 - CPU Usage: 0.00%
	 - Memory Usage: 159.69MB (31.19%)
07:55:44,659 root INFO Name ping-pong-ivy
	 - Time: 388.80s
	 - CPU Usage: 0.00%
	 - Memory Usage: 76.95MB (3.76%)
07:55:46,692 root INFO Name picoquic-shadow-ivy
	 - Time: 390.81s
	 - CPU Usage: 0.00%
	 - Memory Usage: 58.29MB (2.85%)
07:55:48,701 root INFO Name picoquic-ivy
	 - Time: 392.81s
	 - CPU Usage: 0.00%
	 - Memory Usage: 59.52MB (2.91%)
07:55:53,400 root INFO Name panther-webapp
	 - Time: 397.56s
	 - CPU Usage: 0.00%
	 - Memory Usage: 159.69MB (31.19%)
07:55:55,675 root INFO Name ping-pong-ivy
	 - Time: 399.82s
	 - CPU Usage: 0.00%
	 - Memory Usage: 76.95MB (3.76%)
07:55:57,707 root INFO Name picoquic-shadow-ivy
	 - Time: 401.83s
	 - CPU Usage: 0.00%
	 - Memory Usage: 58.29MB (2.85%)
07:55:59,715 root INFO Name picoquic-ivy
	 - Time: 403.82s
	 - CPU Usage: 0.00%
	 - Memory Usage: 59.52MB (2.91%)
07:56:04,415 root INFO Name panther-webapp
	 - Time: 408.57s
	 - CPU Usage: 0.00%
	 - Memory Usage: 159.69MB (31.19%)
07:56:06,692 root INFO Name ping-pong-ivy
	 - Time: 410.84s
	 - CPU Usage: 0.00%
	 - Memory Usage: 76.95MB (3.76%)
07:56:08,726 root INFO Name picoquic-shadow-ivy
	 - Time: 412.85s
	 - CPU Usage: 0.00%
	 - Memory Usage: 58.29MB (2.85%)
07:56:10,731 root INFO Name picoquic-ivy
	 - Time: 414.84s
	 - CPU Usage: 0.00%
	 - Memory Usage: 59.64MB (2.91%)
07:56:15,430 root INFO Name panther-webapp
	 - Time: 419.59s
	 - CPU Usage: 0.00%
	 - Memory Usage: 159.69MB (31.19%)
07:56:17,707 root INFO Name ping-pong-ivy
	 - Time: 421.85s
	 - CPU Usage: 0.00%
	 - Memory Usage: 76.95MB (3.76%)
07:56:19,742 root INFO Name picoquic-shadow-ivy
	 - Time: 423.86s
	 - CPU Usage: 0.00%
	 - Memory Usage: 58.30MB (2.85%)
07:56:21,747 root INFO Name picoquic-ivy
	 - Time: 425.85s
	 - CPU Usage: 0.00%
	 - Memory Usage: 59.52MB (2.91%)
07:56:26,445 root INFO Name panther-webapp
	 - Time: 430.60s
	 - CPU Usage: 0.00%
	 - Memory Usage: 159.69MB (31.19%)
07:56:28,722 root INFO Name ping-pong-ivy
	 - Time: 432.87s
	 - CPU Usage: 0.00%
	 - Memory Usage: 76.86MB (3.75%)
07:56:30,756 root INFO Name picoquic-shadow-ivy
	 - Time: 434.88s
	 - CPU Usage: 0.00%
	 - Memory Usage: 58.29MB (2.85%)
07:56:32,763 root INFO Name picoquic-ivy
	 - Time: 436.87s
	 - CPU Usage: 0.00%
	 - Memory Usage: 59.52MB (2.91%)
