08:04:56,64 root INFO Docker Compose configuration updated successfully.
08:04:56,186 root INFO Added entry to /etc/hosts: 172.27.1.10 panther-webapp
08:04:56,200 root INFO Added entry to /etc/hosts: 172.27.1.14 picoquic-shadow-ivy
08:04:56,214 root INFO Added entry to /etc/hosts: 172.27.1.12 ping-pong-ivy
08:04:56,228 root INFO Added entry to /etc/hosts: 172.27.1.13 picoquic-ivy
08:04:56,229 root INFO Executing command in tmux with log file:  "docker compose -f panther/docker-compose.yml logs -f | tee 'logs/compose_2024-06-03 08:04:56.229326.log'"
08:04:57,258 root INFO Name panther-webapp
	 - Time: 1.01s
	 - CPU Usage: 0.00%
	 - Memory Usage: 147.85MB (28.88%)
08:04:59,263 root INFO Name picoquic-shadow-ivy
	 - Time: 3.02s
	 - CPU Usage: 0.00%
	 - Memory Usage: 58.27MB (2.85%)
08:05:01,267 root INFO Name ping-pong-ivy
	 - Time: 5.02s
	 - CPU Usage: 0.00%
	 - Memory Usage: 401.91MB (19.62%)
08:05:03,271 root INFO Name picoquic-ivy
	 - Time: 7.02s
	 - CPU Usage: 0.00%
	 - Memory Usage: 59.50MB (2.91%)
08:05:05,281 root INFO Name panther-webapp
	 - Time: 9.03s
	 - CPU Usage: 0.00%
	 - Memory Usage: 147.85MB (28.88%)
08:05:07,287 root INFO Name picoquic-shadow-ivy
	 - Time: 11.04s
	 - CPU Usage: 0.00%
	 - Memory Usage: 58.27MB (2.85%)
08:05:09,291 root INFO Name ping-pong-ivy
	 - Time: 13.04s
	 - CPU Usage: 0.00%
	 - Memory Usage: 401.91MB (19.62%)
08:05:11,296 root INFO Name picoquic-ivy
	 - Time: 15.05s
	 - CPU Usage: 0.00%
	 - Memory Usage: 59.50MB (2.91%)
08:05:13,308 root INFO Name panther-webapp
	 - Time: 17.06s
	 - CPU Usage: 0.00%
	 - Memory Usage: 147.85MB (28.88%)
08:05:15,312 root INFO Name picoquic-shadow-ivy
	 - Time: 19.06s
	 - CPU Usage: 0.00%
	 - Memory Usage: 58.27MB (2.85%)
08:05:17,316 root INFO Name ping-pong-ivy
	 - Time: 21.07s
	 - CPU Usage: 0.00%
	 - Memory Usage: 401.91MB (19.62%)
08:05:19,321 root INFO Name picoquic-ivy
	 - Time: 23.07s
	 - CPU Usage: 0.00%
	 - Memory Usage: 59.50MB (2.91%)
