22:29:28,761 root INFO Docker Compose configuration updated successfully.
22:29:31,848 root INFO Added entry to /etc/hosts: 172.27.1.12 ping-pong-ivy
22:29:31,896 root INFO Added entry to /etc/hosts: 172.27.1.14 picoquic-shadow-ivy
22:29:31,944 root INFO Added entry to /etc/hosts: 172.27.1.10 panther-webapp
22:29:32,11 root INFO Added entry to /etc/hosts: 172.27.1.13 picoquic-ivy
22:29:32,12 root INFO Executing command in tmux with log file:  "docker compose -f panther/docker-compose.yml logs -f | tee 'logs/compose_2024-06-02 22:29:32.012590.log'"
22:29:32,850 root INFO Name ping-pong-ivy
	 - Time: 1.04s
	 - CPU Usage: 0.00%
	 - Memory Usage: 54.25MB (2.65%)
22:29:33,853 root INFO Name picoquic-shadow-ivy
	 - Time: 1.96s
	 - CPU Usage: 0.00%
	 - Memory Usage: 65.66MB (3.21%)
22:29:33,860 root INFO Name panther-webapp
	 - Time: 1.92s
	 - CPU Usage: 0.00%
	 - Memory Usage: 97.66MB (19.07%)
22:29:33,862 root INFO Name picoquic-ivy
	 - Time: 1.86s
	 - CPU Usage: 0.00%
	 - Memory Usage: 60.35MB (2.95%)
22:29:43,864 root INFO Name ping-pong-ivy
	 - Time: 12.05s
	 - CPU Usage: 0.00%
	 - Memory Usage: 411.59MB (20.10%)
22:29:45,878 root INFO Name picoquic-ivy
	 - Time: 13.88s
	 - CPU Usage: 0.00%
	 - Memory Usage: 60.36MB (2.95%)
22:29:45,879 root INFO Name picoquic-shadow-ivy
	 - Time: 13.99s
	 - CPU Usage: 0.00%
	 - Memory Usage: 65.83MB (3.21%)
22:29:45,882 root INFO Name panther-webapp
	 - Time: 13.94s
	 - CPU Usage: 0.00%
	 - Memory Usage: 121.32MB (23.69%)
22:29:54,881 root INFO Name ping-pong-ivy
	 - Time: 23.07s
	 - CPU Usage: 0.00%
	 - Memory Usage: 494.26MB (24.13%)
22:29:56,895 root INFO Name picoquic-ivy
	 - Time: 24.90s
	 - CPU Usage: 0.00%
	 - Memory Usage: 60.58MB (2.96%)
22:29:57,900 root INFO Name picoquic-shadow-ivy
	 - Time: 26.01s
	 - CPU Usage: 0.00%
	 - Memory Usage: 66.11MB (3.23%)
22:29:57,903 root INFO Name panther-webapp
	 - Time: 25.96s
	 - CPU Usage: 0.00%
	 - Memory Usage: 121.32MB (23.69%)
22:30:05,897 root INFO Name ping-pong-ivy
	 - Time: 34.08s
	 - CPU Usage: 0.00%
	 - Memory Usage: 450.05MB (21.98%)
22:30:07,915 root INFO Name picoquic-ivy
	 - Time: 35.92s
	 - CPU Usage: 0.00%
	 - Memory Usage: 60.58MB (2.96%)
22:30:09,924 root INFO Name picoquic-shadow-ivy
	 - Time: 38.03s
	 - CPU Usage: 0.00%
	 - Memory Usage: 66.18MB (3.23%)
22:30:09,926 root INFO Name panther-webapp
	 - Time: 37.99s
	 - CPU Usage: 0.00%
	 - Memory Usage: 121.36MB (23.70%)
22:30:16,911 root INFO Name ping-pong-ivy
	 - Time: 45.10s
	 - CPU Usage: 0.00%
	 - Memory Usage: 452.68MB (22.10%)
22:30:18,930 root INFO Name picoquic-ivy
	 - Time: 46.93s
	 - CPU Usage: 0.00%
	 - Memory Usage: 60.57MB (2.96%)
22:30:20,940 root INFO Name picoquic-shadow-ivy
	 - Time: 49.05s
	 - CPU Usage: 0.00%
	 - Memory Usage: 66.18MB (3.23%)
22:30:21,945 root INFO Name panther-webapp
	 - Time: 50.01s
	 - CPU Usage: 0.00%
	 - Memory Usage: 121.76MB (23.78%)
22:30:27,927 root INFO Name ping-pong-ivy
	 - Time: 56.11s
	 - CPU Usage: 0.00%
	 - Memory Usage: 452.68MB (22.10%)
22:30:29,949 root INFO Name picoquic-ivy
	 - Time: 57.95s
	 - CPU Usage: 0.00%
	 - Memory Usage: 60.57MB (2.96%)
22:30:31,956 root INFO Name picoquic-shadow-ivy
	 - Time: 60.06s
	 - CPU Usage: 0.00%
	 - Memory Usage: 66.18MB (3.23%)
22:30:33,967 root INFO Name panther-webapp
	 - Time: 62.03s
	 - CPU Usage: 0.00%
	 - Memory Usage: 121.83MB (23.79%)
22:30:38,948 root INFO Name ping-pong-ivy
	 - Time: 67.14s
	 - CPU Usage: 0.00%
	 - Memory Usage: 407.01MB (19.87%)
22:30:40,962 root INFO Name picoquic-ivy
	 - Time: 68.96s
	 - CPU Usage: 0.00%
	 - Memory Usage: 60.58MB (2.96%)
22:30:42,972 root INFO Name picoquic-shadow-ivy
	 - Time: 71.08s
	 - CPU Usage: 0.00%
	 - Memory Usage: 450.48MB (22.00%)
22:30:44,984 root INFO Name panther-webapp
	 - Time: 73.04s
	 - CPU Usage: 0.00%
	 - Memory Usage: 122.02MB (23.83%)
22:30:49,965 root INFO Name ping-pong-ivy
	 - Time: 78.15s
	 - CPU Usage: 0.00%
	 - Memory Usage: 407.01MB (19.87%)
22:30:51,980 root INFO Name picoquic-ivy
	 - Time: 79.98s
	 - CPU Usage: 0.00%
	 - Memory Usage: 60.57MB (2.96%)
22:30:53,988 root INFO Name picoquic-shadow-ivy
	 - Time: 82.10s
	 - CPU Usage: 0.00%
	 - Memory Usage: 575.29MB (28.09%)
22:30:56,2 root INFO Name panther-webapp
	 - Time: 84.06s
	 - CPU Usage: 0.00%
	 - Memory Usage: 122.00MB (23.83%)
22:31:00,978 root INFO Name ping-pong-ivy
	 - Time: 89.17s
	 - CPU Usage: 0.00%
	 - Memory Usage: 407.01MB (19.87%)
22:31:02,995 root INFO Name picoquic-ivy
	 - Time: 91.00s
	 - CPU Usage: 0.00%
	 - Memory Usage: 60.58MB (2.96%)
22:31:05,4 root INFO Name picoquic-shadow-ivy
	 - Time: 93.11s
	 - CPU Usage: 0.00%
	 - Memory Usage: 603.96MB (29.49%)
22:31:07,19 root INFO Name panther-webapp
	 - Time: 95.08s
	 - CPU Usage: 0.00%
	 - Memory Usage: 122.01MB (23.83%)
22:31:11,998 root INFO Name ping-pong-ivy
	 - Time: 100.19s
	 - CPU Usage: 0.00%
	 - Memory Usage: 407.01MB (19.87%)
22:31:14,12 root INFO Name picoquic-ivy
	 - Time: 102.01s
	 - CPU Usage: 0.00%
	 - Memory Usage: 60.58MB (2.96%)
22:31:16,24 root INFO Name picoquic-shadow-ivy
	 - Time: 104.13s
	 - CPU Usage: 0.00%
	 - Memory Usage: 602.36MB (29.41%)
22:31:18,38 root INFO Name panther-webapp
	 - Time: 106.10s
	 - CPU Usage: 0.00%
	 - Memory Usage: 122.02MB (23.83%)
22:31:23,16 root INFO Name ping-pong-ivy
	 - Time: 111.20s
	 - CPU Usage: 0.00%
	 - Memory Usage: 352.14MB (17.19%)
22:31:25,27 root INFO Name picoquic-ivy
	 - Time: 113.03s
	 - CPU Usage: 0.00%
	 - Memory Usage: 60.58MB (2.96%)
22:31:27,39 root INFO Name picoquic-shadow-ivy
	 - Time: 115.15s
	 - CPU Usage: 0.00%
	 - Memory Usage: 1196.76MB (58.44%)
22:31:29,51 root INFO Name panther-webapp
	 - Time: 117.11s
	 - CPU Usage: 0.00%
	 - Memory Usage: 122.01MB (23.83%)
22:31:34,31 root INFO Name ping-pong-ivy
	 - Time: 122.22s
	 - CPU Usage: 0.00%
	 - Memory Usage: 301.51MB (14.72%)
22:31:36,44 root INFO Name picoquic-ivy
	 - Time: 124.04s
	 - CPU Usage: 0.00%
	 - Memory Usage: 60.57MB (2.96%)
22:31:38,56 root INFO Name picoquic-shadow-ivy
	 - Time: 126.16s
	 - CPU Usage: 0.00%
	 - Memory Usage: 1434.59MB (70.05%)
22:31:40,67 root INFO Name panther-webapp
	 - Time: 128.13s
	 - CPU Usage: 0.00%
	 - Memory Usage: 122.01MB (23.83%)
22:31:45,54 root INFO Name ping-pong-ivy
	 - Time: 133.24s
	 - CPU Usage: 0.00%
	 - Memory Usage: 279.50MB (13.65%)
22:31:47,63 root INFO Name picoquic-ivy
	 - Time: 135.06s
	 - CPU Usage: 0.00%
	 - Memory Usage: 60.58MB (2.96%)
22:31:49,74 root INFO Name picoquic-shadow-ivy
	 - Time: 137.18s
	 - CPU Usage: 0.00%
	 - Memory Usage: 584.64MB (28.55%)
22:31:51,84 root INFO Name panther-webapp
	 - Time: 139.14s
	 - CPU Usage: 0.00%
	 - Memory Usage: 122.01MB (23.83%)
22:31:56,68 root INFO Name ping-pong-ivy
	 - Time: 144.26s
	 - CPU Usage: 0.00%
	 - Memory Usage: 279.50MB (13.65%)
22:31:58,83 root INFO Name picoquic-ivy
	 - Time: 146.08s
	 - CPU Usage: 0.00%
	 - Memory Usage: 60.58MB (2.96%)
22:32:00,91 root INFO Name picoquic-shadow-ivy
	 - Time: 148.20s
	 - CPU Usage: 0.00%
	 - Memory Usage: 623.77MB (30.46%)
22:32:02,100 root INFO Name panther-webapp
	 - Time: 150.16s
	 - CPU Usage: 0.00%
	 - Memory Usage: 122.01MB (23.83%)
22:32:07,83 root INFO Name ping-pong-ivy
	 - Time: 155.27s
	 - CPU Usage: 0.00%
	 - Memory Usage: 279.49MB (13.65%)
22:32:09,101 root INFO Name picoquic-ivy
	 - Time: 157.10s
	 - CPU Usage: 0.00%
	 - Memory Usage: 60.58MB (2.96%)
22:32:11,110 root INFO Name picoquic-shadow-ivy
	 - Time: 159.22s
	 - CPU Usage: 0.00%
	 - Memory Usage: 492.91MB (24.07%)
22:32:13,118 root INFO Name panther-webapp
	 - Time: 161.18s
	 - CPU Usage: 0.00%
	 - Memory Usage: 122.03MB (23.83%)
22:32:18,100 root INFO Name ping-pong-ivy
	 - Time: 166.29s
	 - CPU Usage: 0.00%
	 - Memory Usage: 279.49MB (13.65%)
22:32:20,119 root INFO Name picoquic-ivy
	 - Time: 168.12s
	 - CPU Usage: 0.00%
	 - Memory Usage: 60.58MB (2.96%)
22:32:22,126 root INFO Name picoquic-shadow-ivy
	 - Time: 170.23s
	 - CPU Usage: 0.00%
	 - Memory Usage: 492.91MB (24.07%)
22:32:24,132 root INFO Name panther-webapp
	 - Time: 172.19s
	 - CPU Usage: 0.00%
	 - Memory Usage: 121.99MB (23.83%)
22:32:29,120 root INFO Name ping-pong-ivy
	 - Time: 177.31s
	 - CPU Usage: 0.00%
	 - Memory Usage: 279.51MB (13.65%)
22:32:31,141 root INFO Name picoquic-ivy
	 - Time: 179.14s
	 - CPU Usage: 0.00%
	 - Memory Usage: 60.58MB (2.96%)
22:32:33,151 root INFO Name picoquic-shadow-ivy
	 - Time: 181.26s
	 - CPU Usage: 0.00%
	 - Memory Usage: 492.92MB (24.07%)
22:32:35,158 root INFO Name panther-webapp
	 - Time: 183.22s
	 - CPU Usage: 0.00%
	 - Memory Usage: 121.99MB (23.83%)
22:32:40,140 root INFO Name ping-pong-ivy
	 - Time: 188.33s
	 - CPU Usage: 0.00%
	 - Memory Usage: 279.51MB (13.65%)
22:32:42,161 root INFO Name picoquic-ivy
	 - Time: 190.16s
	 - CPU Usage: 0.00%
	 - Memory Usage: 60.58MB (2.96%)
22:32:44,174 root INFO Name picoquic-shadow-ivy
	 - Time: 192.28s
	 - CPU Usage: 0.00%
	 - Memory Usage: 492.92MB (24.07%)
22:32:46,182 root INFO Name panther-webapp
	 - Time: 194.24s
	 - CPU Usage: 0.00%
	 - Memory Usage: 121.99MB (23.83%)
22:32:51,171 root INFO Name ping-pong-ivy
	 - Time: 199.36s
	 - CPU Usage: 0.00%
	 - Memory Usage: 211.21MB (10.31%)
22:32:53,183 root INFO Name picoquic-ivy
	 - Time: 201.18s
	 - CPU Usage: 0.00%
	 - Memory Usage: 60.83MB (2.97%)
22:32:55,193 root INFO Name picoquic-shadow-ivy
	 - Time: 203.30s
	 - CPU Usage: 0.00%
	 - Memory Usage: 358.74MB (17.52%)
22:32:57,209 root INFO Name panther-webapp
	 - Time: 205.27s
	 - CPU Usage: 0.00%
	 - Memory Usage: 121.91MB (23.81%)
22:33:02,193 root INFO Name ping-pong-ivy
	 - Time: 210.38s
	 - CPU Usage: 0.00%
	 - Memory Usage: 211.21MB (10.31%)
22:33:04,205 root INFO Name picoquic-ivy
	 - Time: 212.21s
	 - CPU Usage: 0.00%
	 - Memory Usage: 60.83MB (2.97%)
22:33:06,226 root INFO Name picoquic-shadow-ivy
	 - Time: 214.33s
	 - CPU Usage: 0.00%
	 - Memory Usage: 358.74MB (17.52%)
22:33:08,237 root INFO Name panther-webapp
	 - Time: 216.30s
	 - CPU Usage: 0.00%
	 - Memory Usage: 121.91MB (23.81%)
22:33:13,211 root INFO Name ping-pong-ivy
	 - Time: 221.40s
	 - CPU Usage: 0.00%
	 - Memory Usage: 211.21MB (10.31%)
22:33:15,223 root INFO Name picoquic-ivy
	 - Time: 223.22s
	 - CPU Usage: 0.00%
	 - Memory Usage: 60.82MB (2.97%)
22:33:17,248 root INFO Name picoquic-shadow-ivy
	 - Time: 225.36s
	 - CPU Usage: 0.00%
	 - Memory Usage: 329.66MB (16.10%)
22:33:19,255 root INFO Name panther-webapp
	 - Time: 227.32s
	 - CPU Usage: 0.00%
	 - Memory Usage: 121.88MB (23.80%)
22:33:24,232 root INFO Name ping-pong-ivy
	 - Time: 232.42s
	 - CPU Usage: 0.00%
	 - Memory Usage: 196.23MB (9.58%)
22:33:26,243 root INFO Name picoquic-ivy
	 - Time: 234.24s
	 - CPU Usage: 0.00%
	 - Memory Usage: 60.80MB (2.97%)
22:33:28,268 root INFO Name picoquic-shadow-ivy
	 - Time: 236.38s
	 - CPU Usage: 0.00%
	 - Memory Usage: 329.54MB (16.09%)
22:33:30,277 root INFO Name panther-webapp
	 - Time: 238.34s
	 - CPU Usage: 0.00%
	 - Memory Usage: 121.88MB (23.80%)
22:33:35,252 root INFO Name ping-pong-ivy
	 - Time: 243.44s
	 - CPU Usage: 0.00%
	 - Memory Usage: 196.23MB (9.58%)
22:33:37,260 root INFO Name picoquic-ivy
	 - Time: 245.26s
	 - CPU Usage: 0.00%
	 - Memory Usage: 60.80MB (2.97%)
22:33:39,285 root INFO Name picoquic-shadow-ivy
	 - Time: 247.39s
	 - CPU Usage: 0.00%
	 - Memory Usage: 329.66MB (16.10%)
22:33:41,296 root INFO Name panther-webapp
	 - Time: 249.36s
	 - CPU Usage: 0.00%
	 - Memory Usage: 121.88MB (23.80%)
22:33:46,272 root INFO Name ping-pong-ivy
	 - Time: 254.46s
	 - CPU Usage: 0.00%
	 - Memory Usage: 196.23MB (9.58%)
22:33:48,281 root INFO Name picoquic-ivy
	 - Time: 256.28s
	 - CPU Usage: 0.00%
	 - Memory Usage: 60.80MB (2.97%)
22:33:50,302 root INFO Name picoquic-shadow-ivy
	 - Time: 258.41s
	 - CPU Usage: 0.00%
	 - Memory Usage: 329.54MB (16.09%)
22:33:52,317 root INFO Name panther-webapp
	 - Time: 260.38s
	 - CPU Usage: 0.00%
	 - Memory Usage: 121.88MB (23.80%)
22:33:57,292 root INFO Name ping-pong-ivy
	 - Time: 265.48s
	 - CPU Usage: 0.00%
	 - Memory Usage: 196.23MB (9.58%)
22:33:59,299 root INFO Name picoquic-ivy
	 - Time: 267.30s
	 - CPU Usage: 0.00%
	 - Memory Usage: 60.80MB (2.97%)
22:34:01,323 root INFO Name picoquic-shadow-ivy
	 - Time: 269.43s
	 - CPU Usage: 0.00%
	 - Memory Usage: 329.68MB (16.10%)
22:34:03,335 root INFO Name panther-webapp
	 - Time: 271.40s
	 - CPU Usage: 0.00%
	 - Memory Usage: 121.88MB (23.80%)
22:34:08,314 root INFO Name ping-pong-ivy
	 - Time: 276.50s
	 - CPU Usage: 0.00%
	 - Memory Usage: 196.23MB (9.58%)
22:34:10,320 root INFO Name picoquic-ivy
	 - Time: 278.32s
	 - CPU Usage: 0.00%
	 - Memory Usage: 60.80MB (2.97%)
22:34:12,341 root INFO Name picoquic-shadow-ivy
	 - Time: 280.45s
	 - CPU Usage: 0.00%
	 - Memory Usage: 329.54MB (16.09%)
22:34:14,354 root INFO Name panther-webapp
	 - Time: 282.41s
	 - CPU Usage: 0.00%
	 - Memory Usage: 121.88MB (23.80%)
22:34:19,332 root INFO Name ping-pong-ivy
	 - Time: 287.52s
	 - CPU Usage: 0.00%
	 - Memory Usage: 196.23MB (9.58%)
22:34:21,338 root INFO Name picoquic-ivy
	 - Time: 289.34s
	 - CPU Usage: 0.00%
	 - Memory Usage: 60.80MB (2.97%)
22:34:23,359 root INFO Name picoquic-shadow-ivy
	 - Time: 291.47s
	 - CPU Usage: 0.00%
	 - Memory Usage: 329.63MB (16.10%)
22:34:25,376 root INFO Name panther-webapp
	 - Time: 293.44s
	 - CPU Usage: 0.00%
	 - Memory Usage: 121.88MB (23.80%)
22:34:30,347 root INFO Name ping-pong-ivy
	 - Time: 298.54s
	 - CPU Usage: 0.00%
	 - Memory Usage: 196.29MB (9.58%)
22:34:32,353 root INFO Name picoquic-ivy
	 - Time: 300.35s
	 - CPU Usage: 0.00%
	 - Memory Usage: 60.80MB (2.97%)
22:34:34,377 root INFO Name picoquic-shadow-ivy
	 - Time: 302.48s
	 - CPU Usage: 0.00%
	 - Memory Usage: 329.65MB (16.10%)
22:34:36,390 root INFO Name panther-webapp
	 - Time: 304.45s
	 - CPU Usage: 0.00%
	 - Memory Usage: 121.88MB (23.80%)
22:34:41,362 root INFO Name ping-pong-ivy
	 - Time: 309.55s
	 - CPU Usage: 0.00%
	 - Memory Usage: 196.30MB (9.58%)
22:34:43,369 root INFO Name picoquic-ivy
	 - Time: 311.37s
	 - CPU Usage: 0.00%
	 - Memory Usage: 60.80MB (2.97%)
22:34:45,392 root INFO Name picoquic-shadow-ivy
	 - Time: 313.50s
	 - CPU Usage: 0.00%
	 - Memory Usage: 329.64MB (16.10%)
22:34:47,408 root INFO Name panther-webapp
	 - Time: 315.47s
	 - CPU Usage: 0.00%
	 - Memory Usage: 121.88MB (23.80%)
22:34:52,379 root INFO Name ping-pong-ivy
	 - Time: 320.57s
	 - CPU Usage: 0.00%
	 - Memory Usage: 196.30MB (9.58%)
22:34:54,384 root INFO Name picoquic-ivy
	 - Time: 322.39s
	 - CPU Usage: 0.00%
	 - Memory Usage: 60.80MB (2.97%)
22:34:56,407 root INFO Name picoquic-shadow-ivy
	 - Time: 324.52s
	 - CPU Usage: 0.00%
	 - Memory Usage: 329.65MB (16.10%)
22:34:58,426 root INFO Name panther-webapp
	 - Time: 326.49s
	 - CPU Usage: 0.00%
	 - Memory Usage: 121.88MB (23.80%)
22:35:03,397 root INFO Name ping-pong-ivy
	 - Time: 331.59s
	 - CPU Usage: 0.00%
	 - Memory Usage: 196.30MB (9.58%)
22:35:05,405 root INFO Name picoquic-ivy
	 - Time: 333.41s
	 - CPU Usage: 0.00%
	 - Memory Usage: 60.80MB (2.97%)
22:35:07,424 root INFO Name picoquic-shadow-ivy
	 - Time: 335.53s
	 - CPU Usage: 0.00%
	 - Memory Usage: 329.65MB (16.10%)
22:35:09,440 root INFO Name panther-webapp
	 - Time: 337.50s
	 - CPU Usage: 0.00%
	 - Memory Usage: 121.88MB (23.80%)
22:35:14,411 root INFO Name ping-pong-ivy
	 - Time: 342.60s
	 - CPU Usage: 0.00%
	 - Memory Usage: 196.42MB (9.59%)
22:35:16,422 root INFO Name picoquic-ivy
	 - Time: 344.42s
	 - CPU Usage: 0.00%
	 - Memory Usage: 60.80MB (2.97%)
22:35:18,442 root INFO Name picoquic-shadow-ivy
	 - Time: 346.55s
	 - CPU Usage: 0.00%
	 - Memory Usage: 329.65MB (16.10%)
22:35:20,456 root INFO Name panther-webapp
	 - Time: 348.52s
	 - CPU Usage: 0.00%
	 - Memory Usage: 121.88MB (23.80%)
22:35:25,429 root INFO Name ping-pong-ivy
	 - Time: 353.62s
	 - CPU Usage: 0.00%
	 - Memory Usage: 196.29MB (9.58%)
22:35:27,439 root INFO Name picoquic-ivy
	 - Time: 355.44s
	 - CPU Usage: 0.00%
	 - Memory Usage: 60.80MB (2.97%)
22:35:29,461 root INFO Name picoquic-shadow-ivy
	 - Time: 357.57s
	 - CPU Usage: 0.00%
	 - Memory Usage: 329.65MB (16.10%)
22:35:31,474 root INFO Name panther-webapp
	 - Time: 359.53s
	 - CPU Usage: 0.00%
	 - Memory Usage: 121.89MB (23.81%)
22:35:36,442 root INFO Name ping-pong-ivy
	 - Time: 364.63s
	 - CPU Usage: 0.00%
	 - Memory Usage: 196.30MB (9.58%)
22:35:38,459 root INFO Name picoquic-ivy
	 - Time: 366.46s
	 - CPU Usage: 0.00%
	 - Memory Usage: 60.80MB (2.97%)
22:35:40,483 root INFO Name picoquic-shadow-ivy
	 - Time: 368.59s
	 - CPU Usage: 0.00%
	 - Memory Usage: 329.65MB (16.10%)
22:35:42,491 root INFO Name panther-webapp
	 - Time: 370.55s
	 - CPU Usage: 0.00%
	 - Memory Usage: 121.88MB (23.80%)
22:35:47,458 root INFO Name ping-pong-ivy
	 - Time: 375.65s
	 - CPU Usage: 0.00%
	 - Memory Usage: 196.30MB (9.58%)
22:35:49,477 root INFO Name picoquic-ivy
	 - Time: 377.48s
	 - CPU Usage: 0.00%
	 - Memory Usage: 60.80MB (2.97%)
22:35:51,499 root INFO Name picoquic-shadow-ivy
	 - Time: 379.61s
	 - CPU Usage: 0.00%
	 - Memory Usage: 329.65MB (16.10%)
22:35:53,509 root INFO Name panther-webapp
	 - Time: 381.57s
	 - CPU Usage: 0.00%
	 - Memory Usage: 121.88MB (23.80%)
22:35:58,682 root INFO Name ping-pong-ivy
	 - Time: 386.87s
	 - CPU Usage: 0.00%
	 - Memory Usage: 196.36MB (9.59%)
22:36:00,688 root INFO Name picoquic-ivy
	 - Time: 388.69s
	 - CPU Usage: 0.00%
	 - Memory Usage: 60.80MB (2.97%)
22:36:02,692 root INFO Name picoquic-shadow-ivy
	 - Time: 390.80s
	 - CPU Usage: 0.00%
	 - Memory Usage: 329.65MB (16.10%)
22:36:04,698 root INFO Name panther-webapp
	 - Time: 392.76s
	 - CPU Usage: 0.00%
	 - Memory Usage: 121.88MB (23.80%)
22:36:09,694 root INFO Name ping-pong-ivy
	 - Time: 397.88s
	 - CPU Usage: 0.00%
	 - Memory Usage: 196.30MB (9.58%)
22:36:11,705 root INFO Name picoquic-ivy
	 - Time: 399.71s
	 - CPU Usage: 0.00%
	 - Memory Usage: 60.80MB (2.97%)
22:36:13,709 root INFO Name picoquic-shadow-ivy
	 - Time: 401.82s
	 - CPU Usage: 0.00%
	 - Memory Usage: 329.65MB (16.10%)
22:36:15,717 root INFO Name panther-webapp
	 - Time: 403.78s
	 - CPU Usage: 0.00%
	 - Memory Usage: 121.88MB (23.80%)
22:36:20,714 root INFO Name ping-pong-ivy
	 - Time: 408.90s
	 - CPU Usage: 0.00%
	 - Memory Usage: 196.30MB (9.58%)
22:36:22,719 root INFO Name picoquic-ivy
	 - Time: 410.72s
	 - CPU Usage: 0.00%
	 - Memory Usage: 60.80MB (2.97%)
22:36:24,726 root INFO Name picoquic-shadow-ivy
	 - Time: 412.83s
	 - CPU Usage: 0.00%
	 - Memory Usage: 329.65MB (16.10%)
22:36:26,737 root INFO Name panther-webapp
	 - Time: 414.80s
	 - CPU Usage: 0.00%
	 - Memory Usage: 121.88MB (23.80%)
22:36:31,730 root INFO Name ping-pong-ivy
	 - Time: 419.92s
	 - CPU Usage: 0.00%
	 - Memory Usage: 196.30MB (9.58%)
22:36:33,736 root INFO Name picoquic-ivy
	 - Time: 421.74s
	 - CPU Usage: 0.00%
	 - Memory Usage: 60.80MB (2.97%)
22:36:35,747 root INFO Name picoquic-shadow-ivy
	 - Time: 423.86s
	 - CPU Usage: 0.00%
	 - Memory Usage: 329.65MB (16.10%)
22:36:37,752 root INFO Name panther-webapp
	 - Time: 425.81s
	 - CPU Usage: 0.00%
	 - Memory Usage: 121.88MB (23.80%)
22:36:42,743 root INFO Name ping-pong-ivy
	 - Time: 430.93s
	 - CPU Usage: 0.00%
	 - Memory Usage: 196.30MB (9.58%)
22:36:44,755 root INFO Name picoquic-ivy
	 - Time: 432.76s
	 - CPU Usage: 0.00%
	 - Memory Usage: 60.95MB (2.98%)
22:36:46,763 root INFO Name picoquic-shadow-ivy
	 - Time: 434.87s
	 - CPU Usage: 0.00%
	 - Memory Usage: 329.65MB (16.10%)
22:36:48,770 root INFO Name panther-webapp
	 - Time: 436.83s
	 - CPU Usage: 0.00%
	 - Memory Usage: 121.88MB (23.80%)
22:36:53,761 root INFO Name ping-pong-ivy
	 - Time: 441.95s
	 - CPU Usage: 0.00%
	 - Memory Usage: 196.30MB (9.58%)
22:36:55,772 root INFO Name picoquic-ivy
	 - Time: 443.77s
	 - CPU Usage: 0.00%
	 - Memory Usage: 60.80MB (2.97%)
22:36:57,779 root INFO Name picoquic-shadow-ivy
	 - Time: 445.89s
	 - CPU Usage: 0.00%
	 - Memory Usage: 329.65MB (16.10%)
22:36:59,790 root INFO Name panther-webapp
	 - Time: 447.85s
	 - CPU Usage: 0.00%
	 - Memory Usage: 121.88MB (23.80%)
22:37:04,774 root INFO Name ping-pong-ivy
	 - Time: 452.96s
	 - CPU Usage: 0.00%
	 - Memory Usage: 196.30MB (9.58%)
22:37:06,790 root INFO Name picoquic-ivy
	 - Time: 454.79s
	 - CPU Usage: 0.00%
	 - Memory Usage: 60.80MB (2.97%)
22:37:08,797 root INFO Name picoquic-shadow-ivy
	 - Time: 456.91s
	 - CPU Usage: 0.00%
	 - Memory Usage: 329.65MB (16.10%)
22:37:10,807 root INFO Name panther-webapp
	 - Time: 458.87s
	 - CPU Usage: 0.00%
	 - Memory Usage: 125.20MB (24.45%)
22:37:15,795 root INFO Name ping-pong-ivy
	 - Time: 463.98s
	 - CPU Usage: 0.00%
	 - Memory Usage: 196.30MB (9.58%)
22:37:17,807 root INFO Name picoquic-ivy
	 - Time: 465.81s
	 - CPU Usage: 0.00%
	 - Memory Usage: 60.93MB (2.97%)
22:37:19,814 root INFO Name picoquic-shadow-ivy
	 - Time: 467.92s
	 - CPU Usage: 0.00%
	 - Memory Usage: 329.66MB (16.10%)
22:37:21,825 root INFO Name panther-webapp
	 - Time: 469.89s
	 - CPU Usage: 0.00%
	 - Memory Usage: 125.20MB (24.45%)
22:37:26,811 root INFO Name ping-pong-ivy
	 - Time: 475.00s
	 - CPU Usage: 0.00%
	 - Memory Usage: 196.30MB (9.59%)
22:37:28,824 root INFO Name picoquic-ivy
	 - Time: 476.82s
	 - CPU Usage: 0.00%
	 - Memory Usage: 60.80MB (2.97%)
22:37:30,833 root INFO Name picoquic-shadow-ivy
	 - Time: 478.94s
	 - CPU Usage: 0.00%
	 - Memory Usage: 329.67MB (16.10%)
22:37:32,842 root INFO Name panther-webapp
	 - Time: 480.90s
	 - CPU Usage: 0.00%
	 - Memory Usage: 126.89MB (24.78%)
22:37:37,831 root INFO Name ping-pong-ivy
	 - Time: 486.02s
	 - CPU Usage: 0.00%
	 - Memory Usage: 196.30MB (9.59%)
22:37:39,843 root INFO Name picoquic-ivy
	 - Time: 487.84s
	 - CPU Usage: 0.00%
	 - Memory Usage: 60.80MB (2.97%)
22:37:41,851 root INFO Name picoquic-shadow-ivy
	 - Time: 489.96s
	 - CPU Usage: 0.00%
	 - Memory Usage: 330.25MB (16.13%)
22:37:43,860 root INFO Name panther-webapp
	 - Time: 491.92s
	 - CPU Usage: 0.00%
	 - Memory Usage: 127.40MB (24.88%)
22:37:48,847 root INFO Name ping-pong-ivy
	 - Time: 497.04s
	 - CPU Usage: 0.00%
	 - Memory Usage: 196.31MB (9.59%)
22:37:50,860 root INFO Name picoquic-ivy
	 - Time: 498.86s
	 - CPU Usage: 0.00%
	 - Memory Usage: 60.80MB (2.97%)
22:37:52,869 root INFO Name picoquic-shadow-ivy
	 - Time: 500.98s
	 - CPU Usage: 0.00%
	 - Memory Usage: 330.24MB (16.13%)
22:37:54,875 root INFO Name panther-webapp
	 - Time: 502.94s
	 - CPU Usage: 0.00%
	 - Memory Usage: 127.38MB (24.88%)
22:37:59,865 root INFO Name ping-pong-ivy
	 - Time: 508.05s
	 - CPU Usage: 0.00%
	 - Memory Usage: 196.31MB (9.59%)
22:38:01,877 root INFO Name picoquic-ivy
	 - Time: 509.88s
	 - CPU Usage: 0.00%
	 - Memory Usage: 60.80MB (2.97%)
22:38:03,885 root INFO Name picoquic-shadow-ivy
	 - Time: 511.99s
	 - CPU Usage: 0.00%
	 - Memory Usage: 330.24MB (16.13%)
22:38:05,894 root INFO Name panther-webapp
	 - Time: 513.95s
	 - CPU Usage: 0.00%
	 - Memory Usage: 127.39MB (24.88%)
22:38:10,882 root INFO Name ping-pong-ivy
	 - Time: 519.07s
	 - CPU Usage: 0.00%
	 - Memory Usage: 196.30MB (9.59%)
22:38:12,895 root INFO Name picoquic-ivy
	 - Time: 520.90s
	 - CPU Usage: 0.00%
	 - Memory Usage: 60.80MB (2.97%)
22:38:14,906 root INFO Name picoquic-shadow-ivy
	 - Time: 523.01s
	 - CPU Usage: 0.00%
	 - Memory Usage: 330.25MB (16.13%)
22:38:16,917 root INFO Name panther-webapp
	 - Time: 524.98s
	 - CPU Usage: 0.00%
	 - Memory Usage: 127.39MB (24.88%)
22:38:21,904 root INFO Name ping-pong-ivy
	 - Time: 530.09s
	 - CPU Usage: 0.00%
	 - Memory Usage: 196.50MB (9.59%)
22:38:23,915 root INFO Name picoquic-ivy
	 - Time: 531.92s
	 - CPU Usage: 0.00%
	 - Memory Usage: 60.93MB (2.97%)
22:38:25,926 root INFO Name picoquic-shadow-ivy
	 - Time: 534.03s
	 - CPU Usage: 0.00%
	 - Memory Usage: 330.25MB (16.13%)
22:38:27,935 root INFO Name panther-webapp
	 - Time: 536.00s
	 - CPU Usage: 0.00%
	 - Memory Usage: 127.39MB (24.88%)
22:38:32,921 root INFO Name ping-pong-ivy
	 - Time: 541.11s
	 - CPU Usage: 0.00%
	 - Memory Usage: 196.30MB (9.59%)
22:38:34,931 root INFO Name picoquic-ivy
	 - Time: 542.93s
	 - CPU Usage: 0.00%
	 - Memory Usage: 60.80MB (2.97%)
22:38:36,945 root INFO Name picoquic-shadow-ivy
	 - Time: 545.05s
	 - CPU Usage: 0.00%
	 - Memory Usage: 330.24MB (16.13%)
22:38:38,953 root INFO Name panther-webapp
	 - Time: 547.01s
	 - CPU Usage: 0.00%
	 - Memory Usage: 127.39MB (24.88%)
22:38:43,935 root INFO Name ping-pong-ivy
	 - Time: 552.12s
	 - CPU Usage: 0.00%
	 - Memory Usage: 196.30MB (9.59%)
22:38:45,946 root INFO Name picoquic-ivy
	 - Time: 553.95s
	 - CPU Usage: 0.00%
	 - Memory Usage: 60.80MB (2.97%)
22:38:47,961 root INFO Name picoquic-shadow-ivy
	 - Time: 556.07s
	 - CPU Usage: 0.00%
	 - Memory Usage: 330.24MB (16.13%)
22:38:49,971 root INFO Name panther-webapp
	 - Time: 558.03s
	 - CPU Usage: 0.00%
	 - Memory Usage: 127.39MB (24.88%)
22:38:54,953 root INFO Name ping-pong-ivy
	 - Time: 563.14s
	 - CPU Usage: 0.00%
	 - Memory Usage: 196.31MB (9.59%)
22:38:56,967 root INFO Name picoquic-ivy
	 - Time: 564.97s
	 - CPU Usage: 0.00%
	 - Memory Usage: 60.80MB (2.97%)
22:38:58,979 root INFO Name picoquic-shadow-ivy
	 - Time: 567.09s
	 - CPU Usage: 0.00%
	 - Memory Usage: 330.25MB (16.13%)
22:39:00,987 root INFO Name panther-webapp
	 - Time: 569.05s
	 - CPU Usage: 0.00%
	 - Memory Usage: 127.39MB (24.88%)
22:39:05,968 root INFO Name ping-pong-ivy
	 - Time: 574.16s
	 - CPU Usage: 0.00%
	 - Memory Usage: 196.31MB (9.59%)
22:39:07,986 root INFO Name picoquic-ivy
	 - Time: 575.99s
	 - CPU Usage: 0.00%
	 - Memory Usage: 60.80MB (2.97%)
22:39:09,995 root INFO Name picoquic-shadow-ivy
	 - Time: 578.10s
	 - CPU Usage: 0.00%
	 - Memory Usage: 330.25MB (16.13%)
22:39:12,3 root INFO Name panther-webapp
	 - Time: 580.06s
	 - CPU Usage: 0.00%
	 - Memory Usage: 127.39MB (24.88%)
22:39:16,984 root INFO Name ping-pong-ivy
	 - Time: 585.17s
	 - CPU Usage: 0.00%
	 - Memory Usage: 196.30MB (9.59%)
22:39:18,999 root INFO Name picoquic-ivy
	 - Time: 587.00s
	 - CPU Usage: 0.00%
	 - Memory Usage: 60.80MB (2.97%)
22:39:21,10 root INFO Name picoquic-shadow-ivy
	 - Time: 589.12s
	 - CPU Usage: 0.00%
	 - Memory Usage: 330.25MB (16.13%)
22:39:23,19 root INFO Name panther-webapp
	 - Time: 591.08s
	 - CPU Usage: 0.00%
	 - Memory Usage: 127.39MB (24.88%)
22:39:28,1 root INFO Name ping-pong-ivy
	 - Time: 596.19s
	 - CPU Usage: 0.00%
	 - Memory Usage: 196.31MB (9.59%)
22:39:30,16 root INFO Name picoquic-ivy
	 - Time: 598.02s
	 - CPU Usage: 0.00%
	 - Memory Usage: 60.80MB (2.97%)
22:39:32,30 root INFO Name picoquic-shadow-ivy
	 - Time: 600.14s
	 - CPU Usage: 0.00%
	 - Memory Usage: 330.25MB (16.13%)
22:39:34,37 root INFO Name panther-webapp
	 - Time: 602.10s
	 - CPU Usage: 0.00%
	 - Memory Usage: 127.39MB (24.88%)
22:39:39,21 root INFO Name ping-pong-ivy
	 - Time: 607.21s
	 - CPU Usage: 0.00%
	 - Memory Usage: 196.31MB (9.59%)
22:39:41,33 root INFO Name picoquic-ivy
	 - Time: 609.03s
	 - CPU Usage: 0.00%
	 - Memory Usage: 60.80MB (2.97%)
22:39:43,49 root INFO Name picoquic-shadow-ivy
	 - Time: 611.16s
	 - CPU Usage: 0.00%
	 - Memory Usage: 330.24MB (16.13%)
22:39:45,57 root INFO Name panther-webapp
	 - Time: 613.12s
	 - CPU Usage: 0.00%
	 - Memory Usage: 127.39MB (24.88%)
22:39:50,39 root INFO Name ping-pong-ivy
	 - Time: 618.23s
	 - CPU Usage: 0.00%
	 - Memory Usage: 196.31MB (9.59%)
22:39:52,51 root INFO Name picoquic-ivy
	 - Time: 620.05s
	 - CPU Usage: 0.00%
	 - Memory Usage: 60.80MB (2.97%)
22:39:54,64 root INFO Name picoquic-shadow-ivy
	 - Time: 622.17s
	 - CPU Usage: 0.00%
	 - Memory Usage: 330.25MB (16.13%)
22:39:56,75 root INFO Name panther-webapp
	 - Time: 624.14s
	 - CPU Usage: 0.00%
	 - Memory Usage: 127.39MB (24.88%)
22:40:01,59 root INFO Name ping-pong-ivy
	 - Time: 629.25s
	 - CPU Usage: 0.00%
	 - Memory Usage: 196.31MB (9.59%)
22:40:03,70 root INFO Name picoquic-ivy
	 - Time: 631.07s
	 - CPU Usage: 0.00%
	 - Memory Usage: 60.80MB (2.97%)
22:40:05,87 root INFO Name picoquic-shadow-ivy
	 - Time: 633.19s
	 - CPU Usage: 0.00%
	 - Memory Usage: 330.25MB (16.13%)
22:40:07,94 root INFO Name panther-webapp
	 - Time: 635.15s
	 - CPU Usage: 0.00%
	 - Memory Usage: 127.39MB (24.88%)
22:40:12,77 root INFO Name ping-pong-ivy
	 - Time: 640.27s
	 - CPU Usage: 0.00%
	 - Memory Usage: 196.30MB (9.59%)
22:40:14,89 root INFO Name picoquic-ivy
	 - Time: 642.09s
	 - CPU Usage: 0.00%
	 - Memory Usage: 60.80MB (2.97%)
22:40:16,106 root INFO Name picoquic-shadow-ivy
	 - Time: 644.21s
	 - CPU Usage: 0.00%
	 - Memory Usage: 330.25MB (16.13%)
22:40:18,114 root INFO Name panther-webapp
	 - Time: 646.17s
	 - CPU Usage: 0.00%
	 - Memory Usage: 127.39MB (24.88%)
22:40:23,98 root INFO Name ping-pong-ivy
	 - Time: 651.29s
	 - CPU Usage: 0.00%
	 - Memory Usage: 196.31MB (9.59%)
22:40:25,107 root INFO Name picoquic-ivy
	 - Time: 653.11s
	 - CPU Usage: 0.00%
	 - Memory Usage: 60.80MB (2.97%)
22:40:27,127 root INFO Name picoquic-shadow-ivy
	 - Time: 655.23s
	 - CPU Usage: 0.00%
	 - Memory Usage: 330.25MB (16.13%)
22:40:29,136 root INFO Name panther-webapp
	 - Time: 657.20s
	 - CPU Usage: 0.00%
	 - Memory Usage: 127.39MB (24.88%)
22:40:34,117 root INFO Name ping-pong-ivy
	 - Time: 662.30s
	 - CPU Usage: 0.00%
	 - Memory Usage: 196.31MB (9.59%)
22:40:36,129 root INFO Name picoquic-ivy
	 - Time: 664.13s
	 - CPU Usage: 0.00%
	 - Memory Usage: 60.80MB (2.97%)
22:40:38,144 root INFO Name picoquic-shadow-ivy
	 - Time: 666.25s
	 - CPU Usage: 0.00%
	 - Memory Usage: 330.25MB (16.13%)
22:40:40,154 root INFO Name panther-webapp
	 - Time: 668.21s
	 - CPU Usage: 0.00%
	 - Memory Usage: 127.39MB (24.88%)
22:40:45,130 root INFO Name ping-pong-ivy
	 - Time: 673.32s
	 - CPU Usage: 0.00%
	 - Memory Usage: 196.30MB (9.59%)
22:40:47,142 root INFO Name picoquic-ivy
	 - Time: 675.14s
	 - CPU Usage: 0.00%
	 - Memory Usage: 60.81MB (2.97%)
22:40:49,160 root INFO Name picoquic-shadow-ivy
	 - Time: 677.27s
	 - CPU Usage: 0.00%
	 - Memory Usage: 330.25MB (16.13%)
22:40:51,173 root INFO Name panther-webapp
	 - Time: 679.23s
	 - CPU Usage: 0.00%
	 - Memory Usage: 127.39MB (24.88%)
22:40:56,147 root INFO Name ping-pong-ivy
	 - Time: 684.33s
	 - CPU Usage: 0.00%
	 - Memory Usage: 196.31MB (9.59%)
22:40:58,160 root INFO Name picoquic-ivy
	 - Time: 686.16s
	 - CPU Usage: 0.00%
	 - Memory Usage: 60.80MB (2.97%)
22:41:00,180 root INFO Name picoquic-shadow-ivy
	 - Time: 688.29s
	 - CPU Usage: 0.00%
	 - Memory Usage: 330.49MB (16.14%)
22:41:02,186 root INFO Name panther-webapp
	 - Time: 690.25s
	 - CPU Usage: 0.00%
	 - Memory Usage: 127.39MB (24.88%)
22:41:07,163 root INFO Name ping-pong-ivy
	 - Time: 695.35s
	 - CPU Usage: 0.00%
	 - Memory Usage: 196.30MB (9.59%)
22:41:09,174 root INFO Name picoquic-ivy
	 - Time: 697.18s
	 - CPU Usage: 0.00%
	 - Memory Usage: 60.80MB (2.97%)
22:41:11,195 root INFO Name picoquic-shadow-ivy
	 - Time: 699.30s
	 - CPU Usage: 0.00%
	 - Memory Usage: 330.25MB (16.13%)
22:41:13,204 root INFO Name panther-webapp
	 - Time: 701.26s
	 - CPU Usage: 0.00%
	 - Memory Usage: 127.39MB (24.88%)
22:41:18,187 root INFO Name ping-pong-ivy
	 - Time: 706.38s
	 - CPU Usage: 0.00%
	 - Memory Usage: 196.31MB (9.59%)
22:41:20,195 root INFO Name picoquic-ivy
	 - Time: 708.20s
	 - CPU Usage: 0.00%
	 - Memory Usage: 60.80MB (2.97%)
22:41:22,215 root INFO Name picoquic-shadow-ivy
	 - Time: 710.32s
	 - CPU Usage: 0.00%
	 - Memory Usage: 330.25MB (16.13%)
22:41:24,222 root INFO Name panther-webapp
	 - Time: 712.28s
	 - CPU Usage: 0.00%
	 - Memory Usage: 127.39MB (24.88%)
22:41:29,206 root INFO Name ping-pong-ivy
	 - Time: 717.39s
	 - CPU Usage: 0.00%
	 - Memory Usage: 196.31MB (9.59%)
22:41:31,216 root INFO Name picoquic-ivy
	 - Time: 719.22s
	 - CPU Usage: 0.00%
	 - Memory Usage: 60.80MB (2.97%)
22:41:33,231 root INFO Name picoquic-shadow-ivy
	 - Time: 721.34s
	 - CPU Usage: 0.00%
	 - Memory Usage: 330.25MB (16.13%)
22:41:35,238 root INFO Name panther-webapp
	 - Time: 723.30s
	 - CPU Usage: 0.00%
	 - Memory Usage: 127.39MB (24.88%)
22:41:40,218 root INFO Name ping-pong-ivy
	 - Time: 728.41s
	 - CPU Usage: 0.00%
	 - Memory Usage: 196.31MB (9.59%)
22:41:42,231 root INFO Name picoquic-ivy
	 - Time: 730.23s
	 - CPU Usage: 0.00%
	 - Memory Usage: 60.80MB (2.97%)
22:41:44,247 root INFO Name picoquic-shadow-ivy
	 - Time: 732.36s
	 - CPU Usage: 0.00%
	 - Memory Usage: 330.25MB (16.13%)
22:41:46,257 root INFO Name panther-webapp
	 - Time: 734.32s
	 - CPU Usage: 0.00%
	 - Memory Usage: 127.52MB (24.91%)
22:41:51,240 root INFO Name ping-pong-ivy
	 - Time: 739.43s
	 - CPU Usage: 0.00%
	 - Memory Usage: 196.31MB (9.59%)
22:41:53,250 root INFO Name picoquic-ivy
	 - Time: 741.25s
	 - CPU Usage: 0.00%
	 - Memory Usage: 60.80MB (2.97%)
22:41:55,265 root INFO Name picoquic-shadow-ivy
	 - Time: 743.37s
	 - CPU Usage: 0.00%
	 - Memory Usage: 330.33MB (16.13%)
22:41:57,278 root INFO Name panther-webapp
	 - Time: 745.34s
	 - CPU Usage: 0.00%
	 - Memory Usage: 127.39MB (24.88%)
22:42:02,257 root INFO Name ping-pong-ivy
	 - Time: 750.45s
	 - CPU Usage: 0.00%
	 - Memory Usage: 196.31MB (9.59%)
22:42:04,267 root INFO Name picoquic-ivy
	 - Time: 752.27s
	 - CPU Usage: 0.00%
	 - Memory Usage: 60.80MB (2.97%)
22:42:06,281 root INFO Name picoquic-shadow-ivy
	 - Time: 754.39s
	 - CPU Usage: 0.00%
	 - Memory Usage: 330.24MB (16.13%)
22:42:08,293 root INFO Name panther-webapp
	 - Time: 756.35s
	 - CPU Usage: 0.00%
	 - Memory Usage: 127.39MB (24.88%)
22:42:13,274 root INFO Name ping-pong-ivy
	 - Time: 761.46s
	 - CPU Usage: 0.00%
	 - Memory Usage: 196.30MB (9.59%)
22:42:15,323 root INFO Name picoquic-ivy
	 - Time: 763.32s
	 - CPU Usage: 0.00%
	 - Memory Usage: 62.37MB (3.05%)
22:42:17,328 root INFO Name picoquic-shadow-ivy
	 - Time: 765.44s
	 - CPU Usage: 0.00%
	 - Memory Usage: 57.86MB (2.83%)
22:42:19,336 root INFO Name panther-webapp
	 - Time: 767.40s
	 - CPU Usage: 0.00%
	 - Memory Usage: 127.39MB (24.88%)
22:42:24,289 root INFO Name ping-pong-ivy
	 - Time: 772.48s
	 - CPU Usage: 0.00%
	 - Memory Usage: 58.10MB (2.84%)
22:42:26,350 root INFO Name picoquic-ivy
	 - Time: 774.35s
	 - CPU Usage: 0.00%
	 - Memory Usage: 62.39MB (3.05%)
22:42:28,357 root INFO Name picoquic-shadow-ivy
	 - Time: 776.46s
	 - CPU Usage: 0.00%
	 - Memory Usage: 57.87MB (2.83%)
22:42:30,360 root INFO Name panther-webapp
	 - Time: 778.42s
	 - CPU Usage: 0.00%
	 - Memory Usage: 127.39MB (24.88%)
22:42:35,307 root INFO Name ping-pong-ivy
	 - Time: 783.49s
	 - CPU Usage: 0.00%
	 - Memory Usage: 58.10MB (2.84%)
22:42:37,364 root INFO Name picoquic-ivy
	 - Time: 785.37s
	 - CPU Usage: 0.00%
	 - Memory Usage: 62.39MB (3.05%)
22:42:39,372 root INFO Name picoquic-shadow-ivy
	 - Time: 787.48s
	 - CPU Usage: 0.00%
	 - Memory Usage: 373.02MB (18.21%)
22:42:41,377 root INFO Name panther-webapp
	 - Time: 789.44s
	 - CPU Usage: 0.00%
	 - Memory Usage: 127.30MB (24.86%)
22:42:46,323 root INFO Name ping-pong-ivy
	 - Time: 794.51s
	 - CPU Usage: 0.00%
	 - Memory Usage: 58.10MB (2.84%)
22:42:48,381 root INFO Name picoquic-ivy
	 - Time: 796.38s
	 - CPU Usage: 0.00%
	 - Memory Usage: 62.39MB (3.05%)
22:42:50,389 root INFO Name picoquic-shadow-ivy
	 - Time: 798.50s
	 - CPU Usage: 0.00%
	 - Memory Usage: 509.33MB (24.87%)
22:42:52,394 root INFO Name panther-webapp
	 - Time: 800.45s
	 - CPU Usage: 0.00%
	 - Memory Usage: 127.30MB (24.86%)
22:42:57,340 root INFO Name ping-pong-ivy
	 - Time: 805.53s
	 - CPU Usage: 0.00%
	 - Memory Usage: 58.10MB (2.84%)
22:42:59,394 root INFO Name picoquic-ivy
	 - Time: 807.40s
	 - CPU Usage: 0.00%
	 - Memory Usage: 62.39MB (3.05%)
22:43:01,414 root INFO Name picoquic-shadow-ivy
	 - Time: 809.52s
	 - CPU Usage: 0.00%
	 - Memory Usage: 548.23MB (26.77%)
22:43:03,420 root INFO Name panther-webapp
	 - Time: 811.48s
	 - CPU Usage: 0.00%
	 - Memory Usage: 127.30MB (24.86%)
22:43:08,356 root INFO Name ping-pong-ivy
	 - Time: 816.54s
	 - CPU Usage: 0.00%
	 - Memory Usage: 58.17MB (2.84%)
22:43:10,411 root INFO Name picoquic-ivy
	 - Time: 818.41s
	 - CPU Usage: 0.00%
	 - Memory Usage: 62.39MB (3.05%)
22:43:12,431 root INFO Name picoquic-shadow-ivy
	 - Time: 820.54s
	 - CPU Usage: 0.00%
	 - Memory Usage: 552.95MB (27.00%)
22:43:14,439 root INFO Name panther-webapp
	 - Time: 822.50s
	 - CPU Usage: 0.00%
	 - Memory Usage: 127.30MB (24.86%)
22:43:19,371 root INFO Name ping-pong-ivy
	 - Time: 827.56s
	 - CPU Usage: 0.00%
	 - Memory Usage: 58.10MB (2.84%)
22:43:21,428 root INFO Name picoquic-ivy
	 - Time: 829.43s
	 - CPU Usage: 0.00%
	 - Memory Usage: 62.39MB (3.05%)
22:43:23,449 root INFO Name picoquic-shadow-ivy
	 - Time: 831.56s
	 - CPU Usage: 0.00%
	 - Memory Usage: 1166.46MB (56.96%)
22:43:25,455 root INFO Name panther-webapp
	 - Time: 833.52s
	 - CPU Usage: 0.00%
	 - Memory Usage: 127.08MB (24.82%)
22:43:30,387 root INFO Name ping-pong-ivy
	 - Time: 838.57s
	 - CPU Usage: 0.00%
	 - Memory Usage: 58.10MB (2.84%)
22:43:32,444 root INFO Name picoquic-ivy
	 - Time: 840.45s
	 - CPU Usage: 0.00%
	 - Memory Usage: 62.38MB (3.05%)
22:43:34,463 root INFO Name picoquic-shadow-ivy
	 - Time: 842.57s
	 - CPU Usage: 0.00%
	 - Memory Usage: 1400.50MB (68.38%)
22:43:36,471 root INFO Name panther-webapp
	 - Time: 844.53s
	 - CPU Usage: 0.00%
	 - Memory Usage: 126.03MB (24.61%)
22:43:41,403 root INFO Name ping-pong-ivy
	 - Time: 849.59s
	 - CPU Usage: 0.00%
	 - Memory Usage: 58.10MB (2.84%)
22:43:43,462 root INFO Name picoquic-ivy
	 - Time: 851.46s
	 - CPU Usage: 0.00%
	 - Memory Usage: 62.38MB (3.05%)
22:43:45,479 root INFO Name picoquic-shadow-ivy
	 - Time: 853.59s
	 - CPU Usage: 0.00%
	 - Memory Usage: 408.05MB (19.92%)
22:43:47,486 root INFO Name panther-webapp
	 - Time: 855.55s
	 - CPU Usage: 0.00%
	 - Memory Usage: 126.03MB (24.61%)
22:43:52,421 root INFO Name ping-pong-ivy
	 - Time: 860.61s
	 - CPU Usage: 0.00%
	 - Memory Usage: 58.10MB (2.84%)
22:43:54,480 root INFO Name picoquic-ivy
	 - Time: 862.48s
	 - CPU Usage: 0.00%
	 - Memory Usage: 62.38MB (3.05%)
22:43:56,498 root INFO Name picoquic-shadow-ivy
	 - Time: 864.61s
	 - CPU Usage: 0.00%
	 - Memory Usage: 422.90MB (20.65%)
22:43:58,504 root INFO Name panther-webapp
	 - Time: 866.56s
	 - CPU Usage: 0.00%
	 - Memory Usage: 126.03MB (24.61%)
22:44:03,438 root INFO Name ping-pong-ivy
	 - Time: 871.63s
	 - CPU Usage: 0.00%
	 - Memory Usage: 58.10MB (2.84%)
22:44:05,498 root INFO Name picoquic-ivy
	 - Time: 873.50s
	 - CPU Usage: 0.00%
	 - Memory Usage: 62.38MB (3.05%)
22:44:07,517 root INFO Name picoquic-shadow-ivy
	 - Time: 875.63s
	 - CPU Usage: 0.00%
	 - Memory Usage: 704.28MB (34.39%)
22:44:09,522 root INFO Name panther-webapp
	 - Time: 877.58s
	 - CPU Usage: 0.00%
	 - Memory Usage: 126.03MB (24.62%)
22:44:14,454 root INFO Name ping-pong-ivy
	 - Time: 882.64s
	 - CPU Usage: 0.00%
	 - Memory Usage: 58.10MB (2.84%)
22:44:16,513 root INFO Name picoquic-ivy
	 - Time: 884.51s
	 - CPU Usage: 0.00%
	 - Memory Usage: 62.38MB (3.05%)
22:44:18,532 root INFO Name picoquic-shadow-ivy
	 - Time: 886.64s
	 - CPU Usage: 0.00%
	 - Memory Usage: 1235.89MB (60.35%)
22:44:20,539 root INFO Name panther-webapp
	 - Time: 888.60s
	 - CPU Usage: 0.00%
	 - Memory Usage: 126.03MB (24.62%)
22:44:25,473 root INFO Name ping-pong-ivy
	 - Time: 893.66s
	 - CPU Usage: 0.00%
	 - Memory Usage: 58.10MB (2.84%)
22:44:27,527 root INFO Name picoquic-ivy
	 - Time: 895.53s
	 - CPU Usage: 0.00%
	 - Memory Usage: 62.38MB (3.05%)
22:44:29,547 root INFO Name picoquic-shadow-ivy
	 - Time: 897.66s
	 - CPU Usage: 0.00%
	 - Memory Usage: 747.61MB (36.50%)
22:44:31,557 root INFO Name panther-webapp
	 - Time: 899.62s
	 - CPU Usage: 0.00%
	 - Memory Usage: 126.04MB (24.62%)
22:44:36,487 root INFO Name ping-pong-ivy
	 - Time: 904.67s
	 - CPU Usage: 0.00%
	 - Memory Usage: 58.10MB (2.84%)
22:44:38,545 root INFO Name picoquic-ivy
	 - Time: 906.55s
	 - CPU Usage: 0.00%
	 - Memory Usage: 62.38MB (3.05%)
22:44:40,563 root INFO Name picoquic-shadow-ivy
	 - Time: 908.67s
	 - CPU Usage: 0.00%
	 - Memory Usage: 595.64MB (29.08%)
22:44:42,573 root INFO Name panther-webapp
	 - Time: 910.63s
	 - CPU Usage: 0.00%
	 - Memory Usage: 126.04MB (24.62%)
22:44:47,503 root INFO Name ping-pong-ivy
	 - Time: 915.69s
	 - CPU Usage: 0.00%
	 - Memory Usage: 58.10MB (2.84%)
22:44:49,563 root INFO Name picoquic-ivy
	 - Time: 917.56s
	 - CPU Usage: 0.00%
	 - Memory Usage: 62.38MB (3.05%)
22:44:51,581 root INFO Name picoquic-shadow-ivy
	 - Time: 919.69s
	 - CPU Usage: 0.00%
	 - Memory Usage: 358.55MB (17.51%)
22:44:53,587 root INFO Name panther-webapp
	 - Time: 921.65s
	 - CPU Usage: 0.00%
	 - Memory Usage: 145.98MB (28.51%)
22:44:58,524 root INFO Name ping-pong-ivy
	 - Time: 926.71s
	 - CPU Usage: 0.00%
	 - Memory Usage: 58.10MB (2.84%)
22:45:00,579 root INFO Name picoquic-ivy
	 - Time: 928.58s
	 - CPU Usage: 0.00%
	 - Memory Usage: 62.38MB (3.05%)
22:45:02,597 root INFO Name picoquic-shadow-ivy
	 - Time: 930.71s
	 - CPU Usage: 0.00%
	 - Memory Usage: 358.65MB (17.51%)
22:45:04,606 root INFO Name panther-webapp
	 - Time: 932.67s
	 - CPU Usage: 0.00%
	 - Memory Usage: 201.00MB (39.26%)
22:45:09,542 root INFO Name ping-pong-ivy
	 - Time: 937.73s
	 - CPU Usage: 0.00%
	 - Memory Usage: 58.10MB (2.84%)
22:45:11,599 root INFO Name picoquic-ivy
	 - Time: 939.60s
	 - CPU Usage: 0.00%
	 - Memory Usage: 62.52MB (3.05%)
22:45:13,614 root INFO Name picoquic-shadow-ivy
	 - Time: 941.72s
	 - CPU Usage: 0.00%
	 - Memory Usage: 358.78MB (17.52%)
22:45:15,625 root INFO Name panther-webapp
	 - Time: 943.69s
	 - CPU Usage: 0.00%
	 - Memory Usage: 258.28MB (50.44%)
22:45:20,562 root INFO Name ping-pong-ivy
	 - Time: 948.75s
	 - CPU Usage: 0.00%
	 - Memory Usage: 58.10MB (2.84%)
22:45:22,618 root INFO Name picoquic-ivy
	 - Time: 950.62s
	 - CPU Usage: 0.00%
	 - Memory Usage: 62.38MB (3.05%)
22:45:24,634 root INFO Name picoquic-shadow-ivy
	 - Time: 952.74s
	 - CPU Usage: 0.00%
	 - Memory Usage: 358.88MB (17.52%)
22:45:26,650 root INFO Name panther-webapp
	 - Time: 954.71s
	 - CPU Usage: 0.00%
	 - Memory Usage: 312.71MB (61.08%)
22:45:31,579 root INFO Name ping-pong-ivy
	 - Time: 959.77s
	 - CPU Usage: 0.00%
	 - Memory Usage: 58.27MB (2.85%)
22:45:33,636 root INFO Name picoquic-ivy
	 - Time: 961.64s
	 - CPU Usage: 0.00%
	 - Memory Usage: 62.38MB (3.05%)
22:45:35,655 root INFO Name picoquic-shadow-ivy
	 - Time: 963.76s
	 - CPU Usage: 0.00%
	 - Memory Usage: 358.98MB (17.53%)
22:45:37,663 root INFO Name panther-webapp
	 - Time: 965.72s
	 - CPU Usage: 0.00%
	 - Memory Usage: 374.25MB (73.10%)
22:45:42,597 root INFO Name ping-pong-ivy
	 - Time: 970.79s
	 - CPU Usage: 0.00%
	 - Memory Usage: 58.10MB (2.84%)
22:45:44,652 root INFO Name picoquic-ivy
	 - Time: 972.65s
	 - CPU Usage: 0.00%
	 - Memory Usage: 62.38MB (3.05%)
22:45:46,673 root INFO Name picoquic-shadow-ivy
	 - Time: 974.78s
	 - CPU Usage: 0.00%
	 - Memory Usage: 447.45MB (21.85%)
22:45:48,681 root INFO Name panther-webapp
	 - Time: 976.74s
	 - CPU Usage: 0.00%
	 - Memory Usage: 124.21MB (24.26%)
22:45:53,612 root INFO Name ping-pong-ivy
	 - Time: 981.80s
	 - CPU Usage: 0.00%
	 - Memory Usage: 58.10MB (2.84%)
22:45:55,668 root INFO Name picoquic-ivy
	 - Time: 983.67s
	 - CPU Usage: 0.00%
	 - Memory Usage: 62.38MB (3.05%)
22:45:57,689 root INFO Name picoquic-shadow-ivy
	 - Time: 985.80s
	 - CPU Usage: 0.00%
	 - Memory Usage: 472.80MB (23.09%)
22:45:59,695 root INFO Name panther-webapp
	 - Time: 987.76s
	 - CPU Usage: 0.00%
	 - Memory Usage: 124.23MB (24.26%)
22:46:04,627 root INFO Name ping-pong-ivy
	 - Time: 992.81s
	 - CPU Usage: 0.00%
	 - Memory Usage: 58.21MB (2.84%)
22:46:06,684 root INFO Name picoquic-ivy
	 - Time: 994.68s
	 - CPU Usage: 0.00%
	 - Memory Usage: 62.38MB (3.05%)
22:46:08,710 root INFO Name picoquic-shadow-ivy
	 - Time: 996.82s
	 - CPU Usage: 0.00%
	 - Memory Usage: 472.68MB (23.08%)
22:46:10,716 root INFO Name panther-webapp
	 - Time: 998.78s
	 - CPU Usage: 0.00%
	 - Memory Usage: 124.24MB (24.27%)
22:46:15,646 root INFO Name ping-pong-ivy
	 - Time: 1003.83s
	 - CPU Usage: 0.00%
	 - Memory Usage: 58.10MB (2.84%)
22:46:17,703 root INFO Name picoquic-ivy
	 - Time: 1005.70s
	 - CPU Usage: 0.00%
	 - Memory Usage: 62.38MB (3.05%)
22:46:19,730 root INFO Name picoquic-shadow-ivy
	 - Time: 1007.84s
	 - CPU Usage: 0.00%
	 - Memory Usage: 472.59MB (23.08%)
22:46:21,740 root INFO Name panther-webapp
	 - Time: 1009.80s
	 - CPU Usage: 0.00%
	 - Memory Usage: 124.24MB (24.27%)
22:46:26,664 root INFO Name ping-pong-ivy
	 - Time: 1014.85s
	 - CPU Usage: 0.00%
	 - Memory Usage: 58.10MB (2.84%)
22:46:28,718 root INFO Name picoquic-ivy
	 - Time: 1016.72s
	 - CPU Usage: 0.00%
	 - Memory Usage: 62.38MB (3.05%)
22:46:30,749 root INFO Name picoquic-shadow-ivy
	 - Time: 1018.86s
	 - CPU Usage: 0.00%
	 - Memory Usage: 472.68MB (23.08%)
22:46:32,761 root INFO Name panther-webapp
	 - Time: 1020.82s
	 - CPU Usage: 0.00%
	 - Memory Usage: 126.54MB (24.72%)
22:46:37,681 root INFO Name ping-pong-ivy
	 - Time: 1025.87s
	 - CPU Usage: 0.00%
	 - Memory Usage: 58.10MB (2.84%)
22:46:39,735 root INFO Name picoquic-ivy
	 - Time: 1027.74s
	 - CPU Usage: 0.00%
	 - Memory Usage: 62.38MB (3.05%)
22:46:41,764 root INFO Name picoquic-shadow-ivy
	 - Time: 1029.87s
	 - CPU Usage: 0.00%
	 - Memory Usage: 472.58MB (23.08%)
22:46:43,778 root INFO Name panther-webapp
	 - Time: 1031.84s
	 - CPU Usage: 0.00%
	 - Memory Usage: 126.63MB (24.73%)
22:46:48,698 root INFO Name ping-pong-ivy
	 - Time: 1036.89s
	 - CPU Usage: 0.00%
	 - Memory Usage: 58.10MB (2.84%)
22:46:50,753 root INFO Name picoquic-ivy
	 - Time: 1038.75s
	 - CPU Usage: 0.00%
	 - Memory Usage: 62.38MB (3.05%)
22:46:52,782 root INFO Name picoquic-shadow-ivy
	 - Time: 1040.89s
	 - CPU Usage: 0.00%
	 - Memory Usage: 472.58MB (23.08%)
22:46:54,796 root INFO Name panther-webapp
	 - Time: 1042.86s
	 - CPU Usage: 0.00%
	 - Memory Usage: 126.62MB (24.73%)
22:46:59,713 root INFO Name ping-pong-ivy
	 - Time: 1047.90s
	 - CPU Usage: 0.00%
	 - Memory Usage: 58.10MB (2.84%)
22:47:01,767 root INFO Name picoquic-ivy
	 - Time: 1049.77s
	 - CPU Usage: 0.00%
	 - Memory Usage: 62.38MB (3.05%)
22:47:03,799 root INFO Name picoquic-shadow-ivy
	 - Time: 1051.91s
	 - CPU Usage: 0.00%
	 - Memory Usage: 472.58MB (23.08%)
22:47:05,812 root INFO Name panther-webapp
	 - Time: 1053.87s
	 - CPU Usage: 0.00%
	 - Memory Usage: 126.61MB (24.73%)
22:47:10,730 root INFO Name ping-pong-ivy
	 - Time: 1058.92s
	 - CPU Usage: 0.00%
	 - Memory Usage: 58.10MB (2.84%)
22:47:12,787 root INFO Name picoquic-ivy
	 - Time: 1060.79s
	 - CPU Usage: 0.00%
	 - Memory Usage: 62.38MB (3.05%)
22:47:14,819 root INFO Name picoquic-shadow-ivy
	 - Time: 1062.93s
	 - CPU Usage: 0.00%
	 - Memory Usage: 472.58MB (23.08%)
22:47:16,829 root INFO Name panther-webapp
	 - Time: 1064.89s
	 - CPU Usage: 0.00%
	 - Memory Usage: 126.61MB (24.73%)
22:47:21,754 root INFO Name ping-pong-ivy
	 - Time: 1069.94s
	 - CPU Usage: 0.00%
	 - Memory Usage: 58.10MB (2.84%)
22:47:23,807 root INFO Name picoquic-ivy
	 - Time: 1071.81s
	 - CPU Usage: 0.00%
	 - Memory Usage: 62.38MB (3.05%)
22:47:25,841 root INFO Name picoquic-shadow-ivy
	 - Time: 1073.95s
	 - CPU Usage: 0.00%
	 - Memory Usage: 472.58MB (23.08%)
22:47:27,850 root INFO Name panther-webapp
	 - Time: 1075.91s
	 - CPU Usage: 0.00%
	 - Memory Usage: 126.61MB (24.73%)
22:47:32,777 root INFO Name ping-pong-ivy
	 - Time: 1080.97s
	 - CPU Usage: 0.00%
	 - Memory Usage: 58.10MB (2.84%)
22:47:34,828 root INFO Name picoquic-ivy
	 - Time: 1082.83s
	 - CPU Usage: 0.00%
	 - Memory Usage: 62.38MB (3.05%)
22:47:36,860 root INFO Name picoquic-shadow-ivy
	 - Time: 1084.97s
	 - CPU Usage: 0.00%
	 - Memory Usage: 472.59MB (23.08%)
22:47:38,873 root INFO Name panther-webapp
	 - Time: 1086.93s
	 - CPU Usage: 0.00%
	 - Memory Usage: 126.61MB (24.73%)
22:47:43,795 root INFO Name ping-pong-ivy
	 - Time: 1091.98s
	 - CPU Usage: 0.00%
	 - Memory Usage: 58.10MB (2.84%)
22:47:45,846 root INFO Name picoquic-ivy
	 - Time: 1093.85s
	 - CPU Usage: 0.00%
	 - Memory Usage: 62.38MB (3.05%)
22:47:47,881 root INFO Name picoquic-shadow-ivy
	 - Time: 1095.99s
	 - CPU Usage: 0.00%
	 - Memory Usage: 472.59MB (23.08%)
22:47:49,897 root INFO Name panther-webapp
	 - Time: 1097.96s
	 - CPU Usage: 0.00%
	 - Memory Usage: 126.61MB (24.73%)
22:47:54,811 root INFO Name ping-pong-ivy
	 - Time: 1103.00s
	 - CPU Usage: 0.00%
	 - Memory Usage: 58.10MB (2.84%)
22:47:56,863 root INFO Name picoquic-ivy
	 - Time: 1104.86s
	 - CPU Usage: 0.00%
	 - Memory Usage: 62.38MB (3.05%)
22:47:58,895 root INFO Name picoquic-shadow-ivy
	 - Time: 1107.00s
	 - CPU Usage: 0.00%
	 - Memory Usage: 472.59MB (23.08%)
22:48:00,912 root INFO Name panther-webapp
	 - Time: 1108.97s
	 - CPU Usage: 0.00%
	 - Memory Usage: 126.61MB (24.73%)
22:48:05,827 root INFO Name ping-pong-ivy
	 - Time: 1114.02s
	 - CPU Usage: 0.00%
	 - Memory Usage: 58.10MB (2.84%)
22:48:07,880 root INFO Name picoquic-ivy
	 - Time: 1115.88s
	 - CPU Usage: 0.00%
	 - Memory Usage: 62.50MB (3.05%)
22:48:09,912 root INFO Name picoquic-shadow-ivy
	 - Time: 1118.02s
	 - CPU Usage: 0.00%
	 - Memory Usage: 472.58MB (23.08%)
22:48:11,928 root INFO Name panther-webapp
	 - Time: 1119.99s
	 - CPU Usage: 0.00%
	 - Memory Usage: 126.61MB (24.73%)
22:48:17,89 root INFO Name ping-pong-ivy
	 - Time: 1125.28s
	 - CPU Usage: 0.00%
	 - Memory Usage: 58.08MB (2.84%)
22:48:19,96 root INFO Name picoquic-ivy
	 - Time: 1127.10s
	 - CPU Usage: 0.00%
	 - Memory Usage: 62.39MB (3.05%)
22:48:21,102 root INFO Name picoquic-shadow-ivy
	 - Time: 1129.21s
	 - CPU Usage: 0.00%
	 - Memory Usage: 57.85MB (2.82%)
22:48:23,108 root INFO Name panther-webapp
	 - Time: 1131.17s
	 - CPU Usage: 0.00%
	 - Memory Usage: 126.69MB (24.74%)
22:48:28,108 root INFO Name ping-pong-ivy
	 - Time: 1136.30s
	 - CPU Usage: 0.00%
	 - Memory Usage: 58.10MB (2.84%)
22:48:30,114 root INFO Name picoquic-ivy
	 - Time: 1138.12s
	 - CPU Usage: 0.00%
	 - Memory Usage: 62.39MB (3.05%)
22:48:32,124 root INFO Name picoquic-shadow-ivy
	 - Time: 1140.23s
	 - CPU Usage: 0.00%
	 - Memory Usage: 58.05MB (2.83%)
22:48:34,131 root INFO Name panther-webapp
	 - Time: 1142.19s
	 - CPU Usage: 0.00%
	 - Memory Usage: 126.69MB (24.74%)
22:48:39,123 root INFO Name ping-pong-ivy
	 - Time: 1147.31s
	 - CPU Usage: 0.00%
	 - Memory Usage: 58.10MB (2.84%)
22:48:41,134 root INFO Name picoquic-ivy
	 - Time: 1149.14s
	 - CPU Usage: 0.00%
	 - Memory Usage: 62.39MB (3.05%)
22:48:43,142 root INFO Name picoquic-shadow-ivy
	 - Time: 1151.25s
	 - CPU Usage: 0.00%
	 - Memory Usage: 58.05MB (2.83%)
22:48:45,148 root INFO Name panther-webapp
	 - Time: 1153.21s
	 - CPU Usage: 0.00%
	 - Memory Usage: 126.69MB (24.74%)
22:48:50,142 root INFO Name ping-pong-ivy
	 - Time: 1158.33s
	 - CPU Usage: 0.00%
	 - Memory Usage: 58.10MB (2.84%)
22:48:52,153 root INFO Name picoquic-ivy
	 - Time: 1160.15s
	 - CPU Usage: 0.00%
	 - Memory Usage: 62.39MB (3.05%)
22:48:54,159 root INFO Name picoquic-shadow-ivy
	 - Time: 1162.27s
	 - CPU Usage: 0.00%
	 - Memory Usage: 58.05MB (2.83%)
22:48:56,167 root INFO Name panther-webapp
	 - Time: 1164.23s
	 - CPU Usage: 0.00%
	 - Memory Usage: 126.68MB (24.74%)
22:49:01,160 root INFO Name ping-pong-ivy
	 - Time: 1169.35s
	 - CPU Usage: 0.00%
	 - Memory Usage: 58.11MB (2.84%)
22:49:03,168 root INFO Name picoquic-ivy
	 - Time: 1171.17s
	 - CPU Usage: 0.00%
	 - Memory Usage: 62.28MB (3.04%)
22:49:05,176 root INFO Name picoquic-shadow-ivy
	 - Time: 1173.28s
	 - CPU Usage: 0.00%
	 - Memory Usage: 58.05MB (2.83%)
22:49:07,182 root INFO Name panther-webapp
	 - Time: 1175.24s
	 - CPU Usage: 0.00%
	 - Memory Usage: 125.61MB (24.53%)
22:49:12,182 root INFO Name ping-pong-ivy
	 - Time: 1180.37s
	 - CPU Usage: 0.00%
	 - Memory Usage: 58.11MB (2.84%)
22:49:14,192 root INFO Name picoquic-ivy
	 - Time: 1182.19s
	 - CPU Usage: 0.00%
	 - Memory Usage: 62.28MB (3.04%)
22:49:16,197 root INFO Name picoquic-shadow-ivy
	 - Time: 1184.30s
	 - CPU Usage: 0.00%
	 - Memory Usage: 58.05MB (2.83%)
22:49:18,203 root INFO Name panther-webapp
	 - Time: 1186.26s
	 - CPU Usage: 0.00%
	 - Memory Usage: 125.61MB (24.53%)
22:49:23,204 root INFO Name ping-pong-ivy
	 - Time: 1191.39s
	 - CPU Usage: 0.00%
	 - Memory Usage: 58.11MB (2.84%)
22:49:25,210 root INFO Name picoquic-ivy
	 - Time: 1193.21s
	 - CPU Usage: 0.00%
	 - Memory Usage: 62.29MB (3.04%)
22:49:27,216 root INFO Name picoquic-shadow-ivy
	 - Time: 1195.32s
	 - CPU Usage: 0.00%
	 - Memory Usage: 58.05MB (2.83%)
22:49:29,222 root INFO Name panther-webapp
	 - Time: 1197.28s
	 - CPU Usage: 0.00%
	 - Memory Usage: 125.61MB (24.53%)
22:49:34,220 root INFO Name ping-pong-ivy
	 - Time: 1202.41s
	 - CPU Usage: 0.00%
	 - Memory Usage: 58.11MB (2.84%)
22:49:36,230 root INFO Name picoquic-ivy
	 - Time: 1204.23s
	 - CPU Usage: 0.00%
	 - Memory Usage: 62.28MB (3.04%)
22:49:38,241 root INFO Name picoquic-shadow-ivy
	 - Time: 1206.35s
	 - CPU Usage: 0.00%
	 - Memory Usage: 58.05MB (2.83%)
22:49:40,246 root INFO Name panther-webapp
	 - Time: 1208.31s
	 - CPU Usage: 0.00%
	 - Memory Usage: 125.61MB (24.53%)
22:49:45,243 root INFO Name ping-pong-ivy
	 - Time: 1213.43s
	 - CPU Usage: 0.00%
	 - Memory Usage: 58.11MB (2.84%)
22:49:47,248 root INFO Name picoquic-ivy
	 - Time: 1215.25s
	 - CPU Usage: 0.00%
	 - Memory Usage: 62.28MB (3.04%)
22:49:49,257 root INFO Name picoquic-shadow-ivy
	 - Time: 1217.36s
	 - CPU Usage: 0.00%
	 - Memory Usage: 58.05MB (2.83%)
22:49:51,262 root INFO Name panther-webapp
	 - Time: 1219.32s
	 - CPU Usage: 0.00%
	 - Memory Usage: 125.61MB (24.53%)
22:49:56,259 root INFO Name ping-pong-ivy
	 - Time: 1224.45s
	 - CPU Usage: 0.00%
	 - Memory Usage: 58.11MB (2.84%)
22:49:58,266 root INFO Name picoquic-ivy
	 - Time: 1226.27s
	 - CPU Usage: 0.00%
	 - Memory Usage: 62.47MB (3.05%)
22:50:00,273 root INFO Name picoquic-shadow-ivy
	 - Time: 1228.38s
	 - CPU Usage: 0.00%
	 - Memory Usage: 58.05MB (2.83%)
22:50:02,278 root INFO Name panther-webapp
	 - Time: 1230.34s
	 - CPU Usage: 0.00%
	 - Memory Usage: 125.61MB (24.53%)
22:50:07,278 root INFO Name ping-pong-ivy
	 - Time: 1235.47s
	 - CPU Usage: 0.00%
	 - Memory Usage: 58.11MB (2.84%)
22:50:09,290 root INFO Name picoquic-ivy
	 - Time: 1237.29s
	 - CPU Usage: 0.00%
	 - Memory Usage: 62.28MB (3.04%)
22:50:11,298 root INFO Name picoquic-shadow-ivy
	 - Time: 1239.41s
	 - CPU Usage: 0.00%
	 - Memory Usage: 58.05MB (2.83%)
22:50:13,307 root INFO Name panther-webapp
	 - Time: 1241.37s
	 - CPU Usage: 0.00%
	 - Memory Usage: 125.61MB (24.53%)
22:50:18,298 root INFO Name ping-pong-ivy
	 - Time: 1246.49s
	 - CPU Usage: 0.00%
	 - Memory Usage: 58.11MB (2.84%)
22:50:20,308 root INFO Name picoquic-ivy
	 - Time: 1248.31s
	 - CPU Usage: 0.00%
	 - Memory Usage: 62.28MB (3.04%)
22:50:22,319 root INFO Name picoquic-shadow-ivy
	 - Time: 1250.43s
	 - CPU Usage: 0.00%
	 - Memory Usage: 58.05MB (2.83%)
22:50:24,328 root INFO Name panther-webapp
	 - Time: 1252.39s
	 - CPU Usage: 0.00%
	 - Memory Usage: 125.61MB (24.53%)
22:50:29,315 root INFO Name ping-pong-ivy
	 - Time: 1257.50s
	 - CPU Usage: 0.00%
	 - Memory Usage: 58.11MB (2.84%)
22:50:31,324 root INFO Name picoquic-ivy
	 - Time: 1259.32s
	 - CPU Usage: 0.00%
	 - Memory Usage: 62.28MB (3.04%)
22:50:33,336 root INFO Name picoquic-shadow-ivy
	 - Time: 1261.44s
	 - CPU Usage: 0.00%
	 - Memory Usage: 58.14MB (2.84%)
22:50:35,345 root INFO Name panther-webapp
	 - Time: 1263.41s
	 - CPU Usage: 0.00%
	 - Memory Usage: 125.61MB (24.53%)
22:50:40,332 root INFO Name ping-pong-ivy
	 - Time: 1268.52s
	 - CPU Usage: 0.00%
	 - Memory Usage: 58.10MB (2.84%)
22:50:42,339 root INFO Name picoquic-ivy
	 - Time: 1270.34s
	 - CPU Usage: 0.00%
	 - Memory Usage: 62.28MB (3.04%)
22:50:44,351 root INFO Name picoquic-shadow-ivy
	 - Time: 1272.46s
	 - CPU Usage: 0.00%
	 - Memory Usage: 58.05MB (2.83%)
22:50:46,362 root INFO Name panther-webapp
	 - Time: 1274.42s
	 - CPU Usage: 0.00%
	 - Memory Usage: 125.61MB (24.53%)
22:50:51,351 root INFO Name ping-pong-ivy
	 - Time: 1279.54s
	 - CPU Usage: 0.00%
	 - Memory Usage: 58.11MB (2.84%)
22:50:53,356 root INFO Name picoquic-ivy
	 - Time: 1281.36s
	 - CPU Usage: 0.00%
	 - Memory Usage: 62.28MB (3.04%)
22:50:55,369 root INFO Name picoquic-shadow-ivy
	 - Time: 1283.48s
	 - CPU Usage: 0.00%
	 - Memory Usage: 58.05MB (2.83%)
22:50:57,376 root INFO Name panther-webapp
	 - Time: 1285.44s
	 - CPU Usage: 0.00%
	 - Memory Usage: 125.61MB (24.53%)
22:51:02,372 root INFO Name ping-pong-ivy
	 - Time: 1290.56s
	 - CPU Usage: 0.00%
	 - Memory Usage: 58.11MB (2.84%)
22:51:04,380 root INFO Name picoquic-ivy
	 - Time: 1292.38s
	 - CPU Usage: 0.00%
	 - Memory Usage: 62.28MB (3.04%)
22:51:06,386 root INFO Name picoquic-shadow-ivy
	 - Time: 1294.49s
	 - CPU Usage: 0.00%
	 - Memory Usage: 58.05MB (2.83%)
22:51:08,396 root INFO Name panther-webapp
	 - Time: 1296.46s
	 - CPU Usage: 0.00%
	 - Memory Usage: 125.62MB (24.53%)
22:51:13,393 root INFO Name ping-pong-ivy
	 - Time: 1301.58s
	 - CPU Usage: 0.00%
	 - Memory Usage: 58.11MB (2.84%)
22:51:15,403 root INFO Name picoquic-ivy
	 - Time: 1303.40s
	 - CPU Usage: 0.00%
	 - Memory Usage: 62.28MB (3.04%)
22:51:17,411 root INFO Name picoquic-shadow-ivy
	 - Time: 1305.52s
	 - CPU Usage: 0.00%
	 - Memory Usage: 58.05MB (2.83%)
22:51:19,420 root INFO Name panther-webapp
	 - Time: 1307.48s
	 - CPU Usage: 0.00%
	 - Memory Usage: 125.61MB (24.53%)
22:51:24,412 root INFO Name ping-pong-ivy
	 - Time: 1312.60s
	 - CPU Usage: 0.00%
	 - Memory Usage: 58.11MB (2.84%)
22:51:26,425 root INFO Name picoquic-ivy
	 - Time: 1314.43s
	 - CPU Usage: 0.00%
	 - Memory Usage: 62.28MB (3.04%)
22:51:28,429 root INFO Name picoquic-shadow-ivy
	 - Time: 1316.54s
	 - CPU Usage: 0.00%
	 - Memory Usage: 58.05MB (2.83%)
22:51:30,436 root INFO Name panther-webapp
	 - Time: 1318.50s
	 - CPU Usage: 0.00%
	 - Memory Usage: 125.61MB (24.53%)
22:51:35,432 root INFO Name ping-pong-ivy
	 - Time: 1323.62s
	 - CPU Usage: 0.00%
	 - Memory Usage: 58.11MB (2.84%)
22:51:37,445 root INFO Name picoquic-ivy
	 - Time: 1325.45s
	 - CPU Usage: 0.00%
	 - Memory Usage: 62.28MB (3.04%)
