13:12:51,274 docker.utils.config DEBUG Trying paths: ['/home/crochetch/.docker/config.json', '/home/crochetch/.dockercfg']
13:12:51,274 docker.utils.config DEBUG Found file at path: /home/crochetch/.docker/config.json
13:12:51,274 docker.auth DEBUG Found 'auths' section
13:12:51,274 docker.auth DEBUG Found entry (registry='https://index.docker.io/v1/', username='elniak')
13:12:51,281 urllib3.connectionpool DEBUG http://localhost:None "GET /version HTTP/1.1" 200 828
13:12:51,283 urllib3.connectionpool DEBUG http://localhost:None "GET /v1.45/containers/json?limit=-1&all=1&size=0&trunc_cmd=0 HTTP/1.1" 200 3
13:12:51,283 panther-cli DEBUG Executing command: git clean -f -d panther_worker/panther-ivy;
13:12:51,338 docker.utils.config DEBUG Trying paths: ['/home/crochetch/.docker/config.json', '/home/crochetch/.dockercfg']
13:12:51,338 docker.utils.config DEBUG Found file at path: /home/crochetch/.docker/config.json
13:12:51,338 docker.auth DEBUG Found 'auths' section
13:12:51,338 docker.auth DEBUG Found entry (registry='https://index.docker.io/v1/', username='elniak')
13:12:51,345 urllib3.connectionpool DEBUG http://localhost:None "GET /version HTTP/1.1" 200 828
13:12:51,346 panther-cli INFO Building Docker image ping-pong from Dockerfile.ping-pong
13:12:51,346 panther-cli DEBUG Building Docker image ubuntu-panther
13:13:00,465 docker.api.build DEBUG Looking for auth config
13:13:00,465 docker.api.build DEBUG Sending auth config ('https://index.docker.io/v1/')
13:13:05,863 urllib3.connectionpool DEBUG http://localhost:None "POST /v1.45/build?t=ubuntu-panther&q=False&nocache=False&rm=True&forcerm=False&pull=False&dockerfile=Dockerfile.ubuntu&networkmode=host HTTP/1.1" 200 None
13:13:06,379 urllib3.connectionpool DEBUG http://localhost:None "GET /v1.45/images/0c1ffa23dbf2/json HTTP/1.1" 200 None
13:13:06,379 root INFO Building Docker image ubuntu-panther: Step 1/9 : FROM ubuntu:20.04
13:13:06,379 root INFO Building Docker image ubuntu-panther: 
13:13:06,379 root INFO Building Docker image ubuntu-panther:  ---> 2abc4dfd8318
13:13:06,379 root INFO Building Docker image ubuntu-panther: Step 2/9 : WORKDIR /app
13:13:06,379 root INFO Building Docker image ubuntu-panther: 
13:13:06,379 root INFO Building Docker image ubuntu-panther:  ---> Using cache
13:13:06,380 root INFO Building Docker image ubuntu-panther:  ---> 98c68f7c9f04
13:13:06,380 root INFO Building Docker image ubuntu-panther: Step 3/9 : ENV DEBIAN_FRONTEND="noninteractive"
13:13:06,380 root INFO Building Docker image ubuntu-panther: 
13:13:06,380 root INFO Building Docker image ubuntu-panther:  ---> Using cache
13:13:06,380 root INFO Building Docker image ubuntu-panther:  ---> ba5d4ccd7c24
13:13:06,380 root INFO Building Docker image ubuntu-panther: Step 4/9 : RUN apt-get update
13:13:06,380 root INFO Building Docker image ubuntu-panther: 
13:13:06,380 root INFO Building Docker image ubuntu-panther:  ---> Using cache
13:13:06,380 root INFO Building Docker image ubuntu-panther:  ---> 5a48eb28141a
13:13:06,380 root INFO Building Docker image ubuntu-panther: Step 5/9 : RUN apt-get --fix-missing -y install alien                                      apt-utils                                      git                                      iptables                                      sudo                                      iproute2                                      iputils-ping                                      python3                                      python3-dev                                      python3-pip                                      build-essential                                      tzdata                                      curl                                      wget                                      tar                                      g++                                      cmake                                      python2.7                                      python-ply                                      python-tk                                      python-dev                                      tix                                      gperf                                      pkg-config                                      libssl-dev                                      lsof                                      graphviz                                      graphviz-dev                                      doxygen                                      faketime                                      libscope-guard-perl                                      libtest-tcp-perl                                      libbrotli-dev                                      libev-dev                                      libhttp-parser-dev                                      libbsd-dev                                      snapd                                      wireshark                                      tshark                                      rand                                      binutils                                      binutils-dev                                      autoconf                                      automake                                      autotools-dev                                      libtool                                      libjemalloc-dev                                      ca-certificates                                      mime-support                                      libboost-all-dev                                      libevent-dev                                      libdouble-conversion-dev                                      libgoogle-glog-dev                                      libgflags-dev                                      libiberty-dev                                      liblz4-dev                                      liblzma-dev                                      libsnappy-dev                                      zlib1g-dev                                      libsodium-dev                                      libffi-dev                                      cargo                                      software-properties-common                                      libunwind-dev                                      radare2                                      strace                                      bridge-utils                                      libreadline-dev                                      python3-pyqt5                                      tk                                      libgv-tcl                                      libgraphviz-dev                                      libdevil1c2                                      libgts-0.7-5                                      liblasi0                                      tcl-dev                                      tcl                                      python                                      libgmp-dev                                      libreadline-dev
13:13:06,380 root INFO Building Docker image ubuntu-panther: 
13:13:06,380 root INFO Building Docker image ubuntu-panther:  ---> Using cache
13:13:06,380 root INFO Building Docker image ubuntu-panther:  ---> 333a1ccc5497
13:13:06,380 root INFO Building Docker image ubuntu-panther: Step 6/9 : RUN curl -fsSL https://bootstrap.pypa.io/pip/3.5/get-pip.py | python3
13:13:06,380 root INFO Building Docker image ubuntu-panther: 
13:13:06,380 root INFO Building Docker image ubuntu-panther:  ---> Using cache
13:13:06,380 root INFO Building Docker image ubuntu-panther:  ---> ab6bfeec9006
13:13:06,380 root INFO Building Docker image ubuntu-panther: Step 7/9 : RUN wget https://bootstrap.pypa.io/pip/2.7/get-pip.py
13:13:06,380 root INFO Building Docker image ubuntu-panther: 
13:13:06,380 root INFO Building Docker image ubuntu-panther:  ---> Using cache
13:13:06,380 root INFO Building Docker image ubuntu-panther:  ---> 9d738a0cb028
13:13:06,380 root INFO Building Docker image ubuntu-panther: Step 8/9 : RUN sudo python2.7 get-pip.py
13:13:06,380 root INFO Building Docker image ubuntu-panther: 
13:13:06,380 root INFO Building Docker image ubuntu-panther:  ---> Using cache
13:13:06,380 root INFO Building Docker image ubuntu-panther:  ---> d797c7167653
13:13:06,380 root INFO Building Docker image ubuntu-panther: Step 9/9 : RUN pip3 install progressbar2
13:13:06,380 root INFO Building Docker image ubuntu-panther: 
13:13:06,380 root INFO Building Docker image ubuntu-panther:  ---> Using cache
13:13:06,380 root INFO Building Docker image ubuntu-panther:  ---> 0c1ffa23dbf2
13:13:06,380 root INFO Building Docker image ubuntu-panther: Successfully built 0c1ffa23dbf2
13:13:06,381 root INFO Building Docker image ubuntu-panther: Successfully tagged ubuntu-panther:latest
13:13:06,381 root INFO Building Docker image ubuntu-panther complete.
13:13:06,381 panther-cli DEBUG Building Docker image ivy
13:13:12,940 docker.api.build DEBUG Looking for auth config
13:13:12,941 docker.api.build DEBUG Sending auth config ('https://index.docker.io/v1/')
13:13:18,179 urllib3.connectionpool DEBUG http://localhost:None "POST /v1.45/build?t=ivy&q=False&nocache=False&rm=True&forcerm=False&pull=False&dockerfile=Dockerfile.ivy_1&networkmode=host HTTP/1.1" 200 None
13:13:20,0 urllib3.connectionpool DEBUG http://localhost:None "GET /v1.45/images/d79adfea587d/json HTTP/1.1" 200 None
13:13:20,1 root INFO Building Docker image ivy: Step 1/14 : FROM ubuntu-panther:latest
13:13:20,1 root INFO Building Docker image ivy: 
13:13:20,1 root INFO Building Docker image ivy:  ---> 0c1ffa23dbf2
13:13:20,1 root INFO Building Docker image ivy: Step 2/14 : ENV DEBIAN_FRONTEND="noninteractive"
13:13:20,1 root INFO Building Docker image ivy: 
13:13:20,1 root INFO Building Docker image ivy:  ---> Using cache
13:13:20,1 root INFO Building Docker image ivy:  ---> 57011aff4db2
13:13:20,1 root INFO Building Docker image ivy: Step 3/14 : ENV PATH="/root/.cargo/bin:${PATH}"
13:13:20,1 root INFO Building Docker image ivy: 
13:13:20,2 root INFO Building Docker image ivy:  ---> Using cache
13:13:20,2 root INFO Building Docker image ivy:  ---> 2efa973d8f76
13:13:20,2 root INFO Building Docker image ivy: Step 4/14 : WORKDIR /app/panther-ivy/
13:13:20,2 root INFO Building Docker image ivy: 
13:13:20,2 root INFO Building Docker image ivy:  ---> Using cache
13:13:20,2 root INFO Building Docker image ivy:  ---> e7a017b36d4c
13:13:20,2 root INFO Building Docker image ivy: Step 5/14 : ADD setup.py /app/panther-ivy/setup.py
13:13:20,2 root INFO Building Docker image ivy: 
13:13:20,2 root INFO Building Docker image ivy:  ---> Using cache
13:13:20,2 root INFO Building Docker image ivy:  ---> 5b65ae248eb8
13:13:20,2 root INFO Building Docker image ivy: Step 6/14 : RUN python3 -m pip install .
13:13:20,2 root INFO Building Docker image ivy: 
13:13:20,2 root INFO Building Docker image ivy:  ---> Using cache
13:13:20,2 root INFO Building Docker image ivy:  ---> c9001e0f9948
13:13:20,2 root INFO Building Docker image ivy: Step 7/14 : ADD ./app/panther-ivy/ /app/panther-ivy/
13:13:20,2 root INFO Building Docker image ivy: 
13:13:20,2 root INFO Building Docker image ivy:  ---> Using cache
13:13:20,2 root INFO Building Docker image ivy:  ---> c48f4c4024f9
13:13:20,2 root INFO Building Docker image ivy: Step 8/14 : RUN rm -r /usr/local/lib/python2.7/dist-packages && sudo mkdir /usr/local/lib/python2.7/dist-packages
13:13:20,2 root INFO Building Docker image ivy: 
13:13:20,3 root INFO Building Docker image ivy:  ---> Using cache
13:13:20,3 root INFO Building Docker image ivy:  ---> a3e1ced8575f
13:13:20,3 root INFO Building Docker image ivy: Step 9/14 : RUN wget https://bootstrap.pypa.io/pip/2.7/get-pip.py
13:13:20,3 root INFO Building Docker image ivy: 
13:13:20,3 root INFO Building Docker image ivy:  ---> Using cache
13:13:20,3 root INFO Building Docker image ivy:  ---> 85781355fd30
13:13:20,3 root INFO Building Docker image ivy: Step 10/14 : RUN sudo python2.7 get-pip.py --force-reinstall
13:13:20,3 root INFO Building Docker image ivy: 
13:13:20,3 root INFO Building Docker image ivy:  ---> Using cache
13:13:20,3 root INFO Building Docker image ivy:  ---> 5a35538486e7
13:13:20,3 root INFO Building Docker image ivy: Step 11/14 : RUN pip2.7 install pexpect     chardet     gperf     pandas     scandir     ply
13:13:20,3 root INFO Building Docker image ivy: 
13:13:20,3 root INFO Building Docker image ivy:  ---> Using cache
13:13:20,3 root INFO Building Docker image ivy:  ---> 4c58ad5059f6
13:13:20,3 root INFO Building Docker image ivy: Step 12/14 : RUN python2.7 build_submodules.py
13:13:20,3 root INFO Building Docker image ivy: 
13:13:20,3 root INFO Building Docker image ivy:  ---> Using cache
13:13:20,3 root INFO Building Docker image ivy:  ---> 48a433f28de3
13:13:20,3 root INFO Building Docker image ivy: Step 13/14 : RUN sudo python2.7 setup.py install
13:13:20,3 root INFO Building Docker image ivy: 
13:13:20,3 root INFO Building Docker image ivy:  ---> Using cache
13:13:20,4 root INFO Building Docker image ivy:  ---> 25382fe858f6
13:13:20,4 root INFO Building Docker image ivy: Step 14/14 : WORKDIR /app
13:13:20,4 root INFO Building Docker image ivy: 
13:13:20,4 root INFO Building Docker image ivy:  ---> Using cache
13:13:20,4 root INFO Building Docker image ivy:  ---> d79adfea587d
13:13:20,4 root INFO Building Docker image ivy: Successfully built d79adfea587d
13:13:20,4 root INFO Building Docker image ivy: Successfully tagged ivy:latest
13:13:20,4 root INFO Building Docker image ivy complete.
13:13:20,4 panther-cli DEBUG Building Docker image shadow-panther
