11:36:32,783 root INFO Docker Compose configuration updated successfully.
11:36:32,955 root INFO Added entry to /etc/hosts: 172.27.1.10 panther-webapp
11:36:32,978 root INFO Added entry to /etc/hosts: 172.27.1.13 picoquic-ivy
11:36:32,999 root INFO Added entry to /etc/hosts: 172.27.1.14 picoquic-shadow-ivy
11:36:33,25 root INFO Added entry to /etc/hosts: 172.27.1.12 ping-pong-ivy
11:36:33,961 root INFO Name panther-webapp - Time: 1.01s - CPU Usage: 0.00% - Memory Usage: 141.75MB (27.69%)
11:36:34,968 root INFO Name picoquic-ivy - Time: 1.99s - CPU Usage: 0.00% - Memory Usage: 58.07MB (2.84%)
11:36:34,969 root INFO Name picoquic-shadow-ivy - Time: 1.97s - CPU Usage: 0.00% - Memory Usage: 76.04MB (3.71%)
11:36:34,970 root INFO Name ping-pong-ivy - Time: 1.95s - CPU Usage: 0.00% - Memory Usage: 58.02MB (2.83%)
11:36:44,977 root INFO Name panther-webapp - Time: 12.03s - CPU Usage: 0.00% - Memory Usage: 141.76MB (27.69%)
11:36:46,987 root INFO Name picoquic-ivy - Time: 14.01s - CPU Usage: 0.00% - Memory Usage: 58.07MB (2.84%)
11:36:46,989 root INFO Name picoquic-shadow-ivy - Time: 13.99s - CPU Usage: 0.00% - Memory Usage: 75.98MB (3.71%)
11:36:46,990 root INFO Name ping-pong-ivy - Time: 13.97s - CPU Usage: 0.00% - Memory Usage: 58.01MB (2.83%)
11:36:55,994 root INFO Name panther-webapp - Time: 23.04s - CPU Usage: 0.00% - Memory Usage: 140.69MB (27.48%)
11:36:58,5 root INFO Name picoquic-shadow-ivy - Time: 25.01s - CPU Usage: 0.00% - Memory Usage: 75.90MB (3.71%)
11:36:59,13 root INFO Name picoquic-ivy - Time: 26.04s - CPU Usage: 0.00% - Memory Usage: 58.07MB (2.84%)
11:36:59,14 root INFO Name ping-pong-ivy - Time: 25.99s - CPU Usage: 0.00% - Memory Usage: 58.02MB (2.83%)
11:37:07,9 root INFO Name panther-webapp - Time: 34.06s - CPU Usage: 0.00% - Memory Usage: 140.70MB (27.48%)
11:37:09,19 root INFO Name picoquic-shadow-ivy - Time: 36.02s - CPU Usage: 0.00% - Memory Usage: 75.90MB (3.71%)
11:37:11,27 root INFO Name ping-pong-ivy - Time: 38.01s - CPU Usage: 0.00% - Memory Usage: 58.02MB (2.83%)
11:37:11,29 root INFO Name picoquic-ivy - Time: 38.05s - CPU Usage: 0.00% - Memory Usage: 58.07MB (2.84%)
11:37:18,28 root INFO Name panther-webapp - Time: 45.08s - CPU Usage: 0.00% - Memory Usage: 140.70MB (27.48%)
11:37:20,36 root INFO Name picoquic-shadow-ivy - Time: 47.04s - CPU Usage: 0.00% - Memory Usage: 76.02MB (3.71%)
11:37:22,43 root INFO Name ping-pong-ivy - Time: 49.02s - CPU Usage: 0.00% - Memory Usage: 58.02MB (2.83%)
11:37:23,48 root INFO Name picoquic-ivy - Time: 50.07s - CPU Usage: 0.00% - Memory Usage: 58.07MB (2.84%)
11:37:29,45 root INFO Name panther-webapp - Time: 56.09s - CPU Usage: 0.00% - Memory Usage: 140.17MB (27.38%)
11:37:31,51 root INFO Name picoquic-shadow-ivy - Time: 58.05s - CPU Usage: 0.00% - Memory Usage: 75.90MB (3.71%)
11:37:33,60 root INFO Name ping-pong-ivy - Time: 60.04s - CPU Usage: 0.00% - Memory Usage: 58.03MB (2.83%)
11:37:35,67 root INFO Name picoquic-ivy - Time: 62.09s - CPU Usage: 0.00% - Memory Usage: 58.08MB (2.84%)
11:37:40,61 root INFO Name panther-webapp - Time: 67.11s - CPU Usage: 0.00% - Memory Usage: 140.17MB (27.38%)
11:37:42,67 root INFO Name picoquic-shadow-ivy - Time: 69.07s - CPU Usage: 0.00% - Memory Usage: 75.90MB (3.71%)
11:37:44,76 root INFO Name ping-pong-ivy - Time: 71.06s - CPU Usage: 0.00% - Memory Usage: 58.03MB (2.83%)
11:37:46,84 root INFO Name picoquic-ivy - Time: 73.11s - CPU Usage: 0.00% - Memory Usage: 58.08MB (2.84%)
11:37:51,78 root INFO Name panther-webapp - Time: 78.13s - CPU Usage: 0.00% - Memory Usage: 140.18MB (27.38%)
11:37:53,84 root INFO Name picoquic-shadow-ivy - Time: 80.09s - CPU Usage: 0.00% - Memory Usage: 75.90MB (3.71%)
11:37:55,90 root INFO Name ping-pong-ivy - Time: 82.07s - CPU Usage: 0.00% - Memory Usage: 58.02MB (2.83%)
11:37:57,99 root INFO Name picoquic-ivy - Time: 84.12s - CPU Usage: 0.00% - Memory Usage: 58.32MB (2.85%)
11:38:02,95 root INFO Name panther-webapp - Time: 89.14s - CPU Usage: 0.00% - Memory Usage: 140.17MB (27.38%)
11:38:04,101 root INFO Name picoquic-shadow-ivy - Time: 91.10s - CPU Usage: 0.00% - Memory Usage: 75.89MB (3.71%)
11:38:06,106 root INFO Name ping-pong-ivy - Time: 93.09s - CPU Usage: 0.00% - Memory Usage: 58.03MB (2.83%)
11:38:08,114 root INFO Name picoquic-ivy - Time: 95.14s - CPU Usage: 0.00% - Memory Usage: 58.08MB (2.84%)
11:38:13,109 root INFO Name panther-webapp - Time: 100.16s - CPU Usage: 0.00% - Memory Usage: 140.17MB (27.38%)
11:38:15,118 root INFO Name picoquic-shadow-ivy - Time: 102.12s - CPU Usage: 0.00% - Memory Usage: 75.89MB (3.71%)
11:38:17,125 root INFO Name ping-pong-ivy - Time: 104.11s - CPU Usage: 0.00% - Memory Usage: 58.02MB (2.83%)
11:38:19,131 root INFO Name picoquic-ivy - Time: 106.15s - CPU Usage: 0.00% - Memory Usage: 58.08MB (2.84%)
11:38:24,131 root INFO Name panther-webapp - Time: 111.18s - CPU Usage: 0.00% - Memory Usage: 140.17MB (27.38%)
11:38:26,136 root INFO Name picoquic-shadow-ivy - Time: 113.14s - CPU Usage: 0.00% - Memory Usage: 75.89MB (3.71%)
11:38:28,143 root INFO Name ping-pong-ivy - Time: 115.12s - CPU Usage: 0.00% - Memory Usage: 58.03MB (2.83%)
11:38:30,151 root INFO Name picoquic-ivy - Time: 117.17s - CPU Usage: 0.00% - Memory Usage: 58.07MB (2.84%)
11:38:35,149 root INFO Name panther-webapp - Time: 122.20s - CPU Usage: 0.00% - Memory Usage: 140.18MB (27.38%)
11:38:37,155 root INFO Name picoquic-shadow-ivy - Time: 124.16s - CPU Usage: 0.00% - Memory Usage: 75.90MB (3.71%)
11:38:39,159 root INFO Name ping-pong-ivy - Time: 126.14s - CPU Usage: 0.00% - Memory Usage: 58.02MB (2.83%)
11:38:41,165 root INFO Name picoquic-ivy - Time: 128.19s - CPU Usage: 0.00% - Memory Usage: 58.08MB (2.84%)
11:38:46,165 root INFO Name panther-webapp - Time: 133.21s - CPU Usage: 0.00% - Memory Usage: 140.18MB (27.38%)
11:38:48,174 root INFO Name picoquic-shadow-ivy - Time: 135.18s - CPU Usage: 0.00% - Memory Usage: 75.89MB (3.71%)
11:38:50,180 root INFO Name ping-pong-ivy - Time: 137.16s - CPU Usage: 0.00% - Memory Usage: 58.02MB (2.83%)
11:38:52,185 root INFO Name picoquic-ivy - Time: 139.21s - CPU Usage: 0.00% - Memory Usage: 58.08MB (2.84%)
11:38:57,177 root INFO Name panther-webapp - Time: 144.23s - CPU Usage: 0.00% - Memory Usage: 140.18MB (27.38%)
11:38:59,193 root INFO Name picoquic-shadow-ivy - Time: 146.20s - CPU Usage: 0.00% - Memory Usage: 75.90MB (3.71%)
11:39:01,200 root INFO Name ping-pong-ivy - Time: 148.18s - CPU Usage: 0.00% - Memory Usage: 58.03MB (2.83%)
11:39:03,205 root INFO Name picoquic-ivy - Time: 150.23s - CPU Usage: 0.00% - Memory Usage: 58.08MB (2.84%)
11:39:08,190 root INFO Name panther-webapp - Time: 155.24s - CPU Usage: 0.00% - Memory Usage: 140.19MB (27.38%)
11:39:10,206 root INFO Name picoquic-shadow-ivy - Time: 157.21s - CPU Usage: 0.00% - Memory Usage: 75.89MB (3.71%)
11:39:12,216 root INFO Name ping-pong-ivy - Time: 159.20s - CPU Usage: 0.00% - Memory Usage: 58.06MB (2.84%)
11:39:14,224 root INFO Name picoquic-ivy - Time: 161.25s - CPU Usage: 0.00% - Memory Usage: 58.08MB (2.84%)
11:39:19,212 root INFO Name panther-webapp - Time: 166.26s - CPU Usage: 0.00% - Memory Usage: 140.20MB (27.38%)
11:39:21,223 root INFO Name picoquic-shadow-ivy - Time: 168.23s - CPU Usage: 0.00% - Memory Usage: 75.90MB (3.71%)
11:39:23,232 root INFO Name ping-pong-ivy - Time: 170.21s - CPU Usage: 0.00% - Memory Usage: 58.03MB (2.83%)
11:39:25,238 root INFO Name picoquic-ivy - Time: 172.26s - CPU Usage: 0.00% - Memory Usage: 58.07MB (2.84%)
11:39:30,229 root INFO Name panther-webapp - Time: 177.28s - CPU Usage: 0.00% - Memory Usage: 140.20MB (27.38%)
11:39:32,238 root INFO Name picoquic-shadow-ivy - Time: 179.24s - CPU Usage: 0.00% - Memory Usage: 75.89MB (3.71%)
11:39:34,247 root INFO Name ping-pong-ivy - Time: 181.23s - CPU Usage: 0.00% - Memory Usage: 58.03MB (2.83%)
11:39:36,254 root INFO Name picoquic-ivy - Time: 183.28s - CPU Usage: 0.00% - Memory Usage: 58.08MB (2.84%)
11:39:41,248 root INFO Name panther-webapp - Time: 188.30s - CPU Usage: 0.00% - Memory Usage: 140.20MB (27.38%)
11:39:43,255 root INFO Name picoquic-shadow-ivy - Time: 190.26s - CPU Usage: 0.00% - Memory Usage: 75.90MB (3.71%)
11:39:45,264 root INFO Name ping-pong-ivy - Time: 192.24s - CPU Usage: 0.00% - Memory Usage: 58.09MB (2.84%)
11:39:47,270 root INFO Name picoquic-ivy - Time: 194.29s - CPU Usage: 0.00% - Memory Usage: 58.07MB (2.84%)
11:39:52,264 root INFO Name panther-webapp - Time: 199.31s - CPU Usage: 0.00% - Memory Usage: 140.20MB (27.38%)
11:39:54,273 root INFO Name picoquic-shadow-ivy - Time: 201.28s - CPU Usage: 0.00% - Memory Usage: 75.89MB (3.71%)
11:39:56,278 root INFO Name ping-pong-ivy - Time: 203.26s - CPU Usage: 0.00% - Memory Usage: 58.02MB (2.83%)
11:39:58,286 root INFO Name picoquic-ivy - Time: 205.31s - CPU Usage: 0.00% - Memory Usage: 58.07MB (2.84%)
