SERVER_HANDSHAKE_TRAFFIC_SECRET fd1bab1039ce1ab34f8fc59ba42ca1ec38cb9e311d397a526739dd1a4926a5dc d49679e777a56081e7528ab13097da7f6dc1eeec055efd6db3b6244f810bcf05
EXPORTER_SECRET fd1bab1039ce1ab34f8fc59ba42ca1ec38cb9e311d397a526739dd1a4926a5dc 382e915d6bacf6180d4c57b75dc0bd50a2a0bc118b8bb7a24fd795d42ea42690
SERVER_TRAFFIC_SECRET_0 fd1bab1039ce1ab34f8fc59ba42ca1ec38cb9e311d397a526739dd1a4926a5dc 6ed5d59ef23aa89c44aeb27b6cd82ec2ea21db0bb59e6e950e7b6e13df676bb2
CLIENT_HANDSHAKE_TRAFFIC_SECRET fd1bab1039ce1ab34f8fc59ba42ca1ec38cb9e311d397a526739dd1a4926a5dc 16382efbb358dc40f894c610224f5847c60f1e012a0a59a5e640fcb237121bd0
CLIENT_TRAFFIC_SECRET_0 fd1bab1039ce1ab34f8fc59ba42ca1ec38cb9e311d397a526739dd1a4926a5dc 6e5e2175cb2bab901644c98bf0b7da2d14e8205a9671092925be00b9370084c9
SERVER_HANDSHAKE_TRAFFIC_SECRET 1d79ab3b002a153c9db5fa19449b5304805bdeb69261cd7d939c6f97af14f007 83d17bf786d9798562a58f79edd76939831c715fdf75da8ce4959c05d44d94ba
EXPORTER_SECRET 1d79ab3b002a153c9db5fa19449b5304805bdeb69261cd7d939c6f97af14f007 926187ff0f22d0208b9e9b59a412c251252044226e306221eb131d9bd71296a6
SERVER_TRAFFIC_SECRET_0 1d79ab3b002a153c9db5fa19449b5304805bdeb69261cd7d939c6f97af14f007 d7dbade77ce9a901a9c988373a153a75604062bc78cb7759094479a30a23ab1a
CLIENT_HANDSHAKE_TRAFFIC_SECRET 1d79ab3b002a153c9db5fa19449b5304805bdeb69261cd7d939c6f97af14f007 ba0f9715f70afbe7f47f05d2c65075654629e74addb358bce460e2bd9469d9fa
CLIENT_TRAFFIC_SECRET_0 1d79ab3b002a153c9db5fa19449b5304805bdeb69261cd7d939c6f97af14f007 e86fe6a80bb5ee9d0f8c311efc7954f6bc254b45d445e0e138a8dda5b26b8c75
SERVER_HANDSHAKE_TRAFFIC_SECRET 18eaf3f32a8e3dabecaf2e8e112b46b2afceccf8f2c339f727a4d8fdc8dc7327 34e6a891d739d2298eeffd67d442b2013fe9ffc17db0601267f3fc9774676fba
EXPORTER_SECRET 18eaf3f32a8e3dabecaf2e8e112b46b2afceccf8f2c339f727a4d8fdc8dc7327 02856090bde924e6a185db5242345f9d8da8e2ad1d4d9a73ad6c5dbfc3f9077f
SERVER_TRAFFIC_SECRET_0 18eaf3f32a8e3dabecaf2e8e112b46b2afceccf8f2c339f727a4d8fdc8dc7327 ed7acee2c8fc02339f1867f831673e88500587c4ada1c8b4b3d10216c3e31223
CLIENT_HANDSHAKE_TRAFFIC_SECRET 18eaf3f32a8e3dabecaf2e8e112b46b2afceccf8f2c339f727a4d8fdc8dc7327 379076dfe1df6f5055b20ca95cf9b5bba9b2719e85a46b7db188b850ee93aad1
CLIENT_TRAFFIC_SECRET_0 18eaf3f32a8e3dabecaf2e8e112b46b2afceccf8f2c339f727a4d8fdc8dc7327 87ca70df211246c70e1c49669e634b0d3258dbe03e77783d3cf3fe3440495df8
SERVER_HANDSHAKE_TRAFFIC_SECRET f82991dac611dab3af50ecb7a83dd8af7ba7de43e10b75bfadd666a28f3a03f4 3a7086456a8288b7888e9b85dad327c605ba48ca725b941a0dbe3913e4c6cc9a
CLIENT_HANDSHAKE_TRAFFIC_SECRET f82991dac611dab3af50ecb7a83dd8af7ba7de43e10b75bfadd666a28f3a03f4 f2fc479dc9367c3121042c0377e4ab5fa1d258051893be4daf2d49e5fc992686
SERVER_TRAFFIC_SECRET_0 f82991dac611dab3af50ecb7a83dd8af7ba7de43e10b75bfadd666a28f3a03f4 989114a7c89bc3bfbcebb451bbe3e54c175c408d1fcc8a8cef482ad00351ef0c
CLIENT_HANDSHAKE_TRAFFIC_SECRET f82991dac611dab3af50ecb7a83dd8af7ba7de43e10b75bfadd666a28f3a03f4 f2fc479dc9367c3121042c0377e4ab5fa1d258051893be4daf2d49e5fc992686
SERVER_HANDSHAKE_TRAFFIC_SECRET f82991dac611dab3af50ecb7a83dd8af7ba7de43e10b75bfadd666a28f3a03f4 3a7086456a8288b7888e9b85dad327c605ba48ca725b941a0dbe3913e4c6cc9a
CLIENT_TRAFFIC_SECRET_0 f82991dac611dab3af50ecb7a83dd8af7ba7de43e10b75bfadd666a28f3a03f4 fcb709dc54109cee9e990b55d0097328707df74fb567da684e4e778fc5e4357f
SERVER_TRAFFIC_SECRET_0 f82991dac611dab3af50ecb7a83dd8af7ba7de43e10b75bfadd666a28f3a03f4 989114a7c89bc3bfbcebb451bbe3e54c175c408d1fcc8a8cef482ad00351ef0c
EXPORTER_SECRET f82991dac611dab3af50ecb7a83dd8af7ba7de43e10b75bfadd666a28f3a03f4 31db738103269f8e7fed00091d8c918518115559ab1280626a5f0bb117e4833c
CLIENT_TRAFFIC_SECRET_0 f82991dac611dab3af50ecb7a83dd8af7ba7de43e10b75bfadd666a28f3a03f4 fcb709dc54109cee9e990b55d0097328707df74fb567da684e4e778fc5e4357f
SERVER_HANDSHAKE_TRAFFIC_SECRET 63e0ef4406ea4cd11085555a51aa938de3345cfc55b34667aae48a0bf91e1af5 f6270f9eb15162e4fbe59b2348105129faa6d6bf021ce48b4184ca14e43643d6
CLIENT_HANDSHAKE_TRAFFIC_SECRET 63e0ef4406ea4cd11085555a51aa938de3345cfc55b34667aae48a0bf91e1af5 5f27ba8821e26c806c45284f2f1a7d087a4892a677a3cfe0aa60f6419d1fddc7
SERVER_TRAFFIC_SECRET_0 63e0ef4406ea4cd11085555a51aa938de3345cfc55b34667aae48a0bf91e1af5 8922fa3e83af63ded121d147fe9fe9e2a3105c25fb31f919442e765052d11764
CLIENT_HANDSHAKE_TRAFFIC_SECRET 63e0ef4406ea4cd11085555a51aa938de3345cfc55b34667aae48a0bf91e1af5 5f27ba8821e26c806c45284f2f1a7d087a4892a677a3cfe0aa60f6419d1fddc7
SERVER_HANDSHAKE_TRAFFIC_SECRET 63e0ef4406ea4cd11085555a51aa938de3345cfc55b34667aae48a0bf91e1af5 f6270f9eb15162e4fbe59b2348105129faa6d6bf021ce48b4184ca14e43643d6
CLIENT_TRAFFIC_SECRET_0 63e0ef4406ea4cd11085555a51aa938de3345cfc55b34667aae48a0bf91e1af5 1945ab0bc9bb81a969d6ca8e02c2aa1d7a98fdf0ea9b1aeb0bce9663dc701cca
SERVER_TRAFFIC_SECRET_0 63e0ef4406ea4cd11085555a51aa938de3345cfc55b34667aae48a0bf91e1af5 8922fa3e83af63ded121d147fe9fe9e2a3105c25fb31f919442e765052d11764
EXPORTER_SECRET 63e0ef4406ea4cd11085555a51aa938de3345cfc55b34667aae48a0bf91e1af5 bf72a7b5d173a6a32b10d70527a7c43262803ad410240f397dd350c87449cf0d
CLIENT_TRAFFIC_SECRET_0 63e0ef4406ea4cd11085555a51aa938de3345cfc55b34667aae48a0bf91e1af5 1945ab0bc9bb81a969d6ca8e02c2aa1d7a98fdf0ea9b1aeb0bce9663dc701cca
SERVER_HANDSHAKE_TRAFFIC_SECRET 55e8bdd0005401d3b05c7917289f6a2f7c920ba9e47edc7aaf5952ebaed802a0 f1f2cc90812df6258b0e8cee5586b9f8263366966f1641ab14db33550c24ab7f
CLIENT_HANDSHAKE_TRAFFIC_SECRET 55e8bdd0005401d3b05c7917289f6a2f7c920ba9e47edc7aaf5952ebaed802a0 58c8b51f5b2ba6fdda9e53a0a0c91a49bd9c343645244adc6f942ebd0f27ea45
SERVER_TRAFFIC_SECRET_0 55e8bdd0005401d3b05c7917289f6a2f7c920ba9e47edc7aaf5952ebaed802a0 124e089e5dc2b5c9dc1f364d23701f21f55beaa30eb7d96d455c5f0a45224012
CLIENT_HANDSHAKE_TRAFFIC_SECRET 55e8bdd0005401d3b05c7917289f6a2f7c920ba9e47edc7aaf5952ebaed802a0 58c8b51f5b2ba6fdda9e53a0a0c91a49bd9c343645244adc6f942ebd0f27ea45
SERVER_HANDSHAKE_TRAFFIC_SECRET 55e8bdd0005401d3b05c7917289f6a2f7c920ba9e47edc7aaf5952ebaed802a0 f1f2cc90812df6258b0e8cee5586b9f8263366966f1641ab14db33550c24ab7f
CLIENT_TRAFFIC_SECRET_0 55e8bdd0005401d3b05c7917289f6a2f7c920ba9e47edc7aaf5952ebaed802a0 174b621b6ea932e505a873e87764769dcb943299f241272740a8c9198df433b0
SERVER_TRAFFIC_SECRET_0 55e8bdd0005401d3b05c7917289f6a2f7c920ba9e47edc7aaf5952ebaed802a0 124e089e5dc2b5c9dc1f364d23701f21f55beaa30eb7d96d455c5f0a45224012
EXPORTER_SECRET 55e8bdd0005401d3b05c7917289f6a2f7c920ba9e47edc7aaf5952ebaed802a0 873830a96ae16ce5dbc32f5b227644d3d11bdeda9108d753e7212b29b19a9d26
CLIENT_TRAFFIC_SECRET_0 55e8bdd0005401d3b05c7917289f6a2f7c920ba9e47edc7aaf5952ebaed802a0 174b621b6ea932e505a873e87764769dcb943299f241272740a8c9198df433b0
SERVER_HANDSHAKE_TRAFFIC_SECRET 9a75389c503ff042c923de1ec17f614857f91f2733dc6ffbd9480a140eaf85bc 790ebf094581bde360cf9c71387440638d2f5bd29e427f1e2c6da6bbf7f4cda0
CLIENT_HANDSHAKE_TRAFFIC_SECRET 9a75389c503ff042c923de1ec17f614857f91f2733dc6ffbd9480a140eaf85bc 6d40b6b29e6edf9d84e24c29f44cb97afeb3b996f49c090007b6f2c0ff726b16
SERVER_TRAFFIC_SECRET_0 9a75389c503ff042c923de1ec17f614857f91f2733dc6ffbd9480a140eaf85bc 9ae9bc393aea6f6b6f19b10f5bbb9fc6142e3e6013cc124f0951c1985e2c712a
CLIENT_HANDSHAKE_TRAFFIC_SECRET 9a75389c503ff042c923de1ec17f614857f91f2733dc6ffbd9480a140eaf85bc 6d40b6b29e6edf9d84e24c29f44cb97afeb3b996f49c090007b6f2c0ff726b16
SERVER_HANDSHAKE_TRAFFIC_SECRET 9a75389c503ff042c923de1ec17f614857f91f2733dc6ffbd9480a140eaf85bc 790ebf094581bde360cf9c71387440638d2f5bd29e427f1e2c6da6bbf7f4cda0
CLIENT_TRAFFIC_SECRET_0 9a75389c503ff042c923de1ec17f614857f91f2733dc6ffbd9480a140eaf85bc 4d35e02a3d75f0de3a76dee949f6bec218ed78db2df2d02f0516639d229bbad4
SERVER_TRAFFIC_SECRET_0 9a75389c503ff042c923de1ec17f614857f91f2733dc6ffbd9480a140eaf85bc 9ae9bc393aea6f6b6f19b10f5bbb9fc6142e3e6013cc124f0951c1985e2c712a
EXPORTER_SECRET 9a75389c503ff042c923de1ec17f614857f91f2733dc6ffbd9480a140eaf85bc 5b8b791d5ada363e9aea6f9a32c2fefd04b50790c82eb2fa3021d7feded2008d
CLIENT_TRAFFIC_SECRET_0 9a75389c503ff042c923de1ec17f614857f91f2733dc6ffbd9480a140eaf85bc 4d35e02a3d75f0de3a76dee949f6bec218ed78db2df2d02f0516639d229bbad4
SERVER_HANDSHAKE_TRAFFIC_SECRET 2aa80fe66860c7fc5f47513058280f828217aa2b9b56e054e6aaea93a0463076 3cb161139e8ca5fe87c96686587a8d6fa0d209502c5ee5e9759d8b8df465f80b
CLIENT_HANDSHAKE_TRAFFIC_SECRET 2aa80fe66860c7fc5f47513058280f828217aa2b9b56e054e6aaea93a0463076 edb15a94575579bd7576011b00017e4f9c197267910e06dc6c9b5c947d114196
SERVER_TRAFFIC_SECRET_0 2aa80fe66860c7fc5f47513058280f828217aa2b9b56e054e6aaea93a0463076 960344f9fe3522f8ff0c6349d2a36bf336a04a445bce34a2cb5914dded0a284b
CLIENT_HANDSHAKE_TRAFFIC_SECRET 2aa80fe66860c7fc5f47513058280f828217aa2b9b56e054e6aaea93a0463076 edb15a94575579bd7576011b00017e4f9c197267910e06dc6c9b5c947d114196
SERVER_HANDSHAKE_TRAFFIC_SECRET 2aa80fe66860c7fc5f47513058280f828217aa2b9b56e054e6aaea93a0463076 3cb161139e8ca5fe87c96686587a8d6fa0d209502c5ee5e9759d8b8df465f80b
CLIENT_TRAFFIC_SECRET_0 2aa80fe66860c7fc5f47513058280f828217aa2b9b56e054e6aaea93a0463076 97d8db6875428ad536cf246681af2ae1524be382d17f269b71ea972af2a996a4
SERVER_TRAFFIC_SECRET_0 2aa80fe66860c7fc5f47513058280f828217aa2b9b56e054e6aaea93a0463076 960344f9fe3522f8ff0c6349d2a36bf336a04a445bce34a2cb5914dded0a284b
EXPORTER_SECRET 2aa80fe66860c7fc5f47513058280f828217aa2b9b56e054e6aaea93a0463076 e37db9a19fdfcfe2263ea90ba2421eb3123370418048d2dbc50d4150b91afa99
CLIENT_TRAFFIC_SECRET_0 2aa80fe66860c7fc5f47513058280f828217aa2b9b56e054e6aaea93a0463076 97d8db6875428ad536cf246681af2ae1524be382d17f269b71ea972af2a996a4
SERVER_HANDSHAKE_TRAFFIC_SECRET d0d98ec78967c99f0d67a9c41ddc15ed5772ff9c32b50453a38acd28357c25f3 de1c30f76d9366e77c95e2f1047c36059805abd1fb5cbf605198fd8adb23c71c
CLIENT_HANDSHAKE_TRAFFIC_SECRET d0d98ec78967c99f0d67a9c41ddc15ed5772ff9c32b50453a38acd28357c25f3 a4c4967b897d45966310147ea0e0bcf112762777e59a5263723458e889df5e5e
SERVER_TRAFFIC_SECRET_0 d0d98ec78967c99f0d67a9c41ddc15ed5772ff9c32b50453a38acd28357c25f3 ac89c6fc5741604ae226741d0e4c90d5b9450ec109e80532f7ad7a812d64c41a
CLIENT_HANDSHAKE_TRAFFIC_SECRET d0d98ec78967c99f0d67a9c41ddc15ed5772ff9c32b50453a38acd28357c25f3 a4c4967b897d45966310147ea0e0bcf112762777e59a5263723458e889df5e5e
SERVER_HANDSHAKE_TRAFFIC_SECRET d0d98ec78967c99f0d67a9c41ddc15ed5772ff9c32b50453a38acd28357c25f3 de1c30f76d9366e77c95e2f1047c36059805abd1fb5cbf605198fd8adb23c71c
CLIENT_TRAFFIC_SECRET_0 d0d98ec78967c99f0d67a9c41ddc15ed5772ff9c32b50453a38acd28357c25f3 a265668b0c88d951871d7b844debf141d95a808974c00eec5708b0f30a52cdd5
SERVER_TRAFFIC_SECRET_0 d0d98ec78967c99f0d67a9c41ddc15ed5772ff9c32b50453a38acd28357c25f3 ac89c6fc5741604ae226741d0e4c90d5b9450ec109e80532f7ad7a812d64c41a
EXPORTER_SECRET d0d98ec78967c99f0d67a9c41ddc15ed5772ff9c32b50453a38acd28357c25f3 6c674f68d2cab214a84f14f8a1830f56f555d200839202c0f7b33e08fb8bd215
CLIENT_TRAFFIC_SECRET_0 d0d98ec78967c99f0d67a9c41ddc15ed5772ff9c32b50453a38acd28357c25f3 a265668b0c88d951871d7b844debf141d95a808974c00eec5708b0f30a52cdd5
SERVER_HANDSHAKE_TRAFFIC_SECRET 12780a9dee2a1063308bc088d5221b3e4bb76d60a74c69ee88a71a6f661797b0 e1493f2714cf24ed9805f19f45ac13d3bd241a2e7ae6064cff2a1163c142baeb
CLIENT_HANDSHAKE_TRAFFIC_SECRET 12780a9dee2a1063308bc088d5221b3e4bb76d60a74c69ee88a71a6f661797b0 f079fc7ad99d82851701f5005880ebed199ef495a39e1e8efa1d1548471cea98
SERVER_TRAFFIC_SECRET_0 12780a9dee2a1063308bc088d5221b3e4bb76d60a74c69ee88a71a6f661797b0 ddaedbe809fcf9beb72c1a1b3cab752c774d81a348bcee49519ec8a7dc73c6be
CLIENT_HANDSHAKE_TRAFFIC_SECRET 12780a9dee2a1063308bc088d5221b3e4bb76d60a74c69ee88a71a6f661797b0 f079fc7ad99d82851701f5005880ebed199ef495a39e1e8efa1d1548471cea98
SERVER_HANDSHAKE_TRAFFIC_SECRET 12780a9dee2a1063308bc088d5221b3e4bb76d60a74c69ee88a71a6f661797b0 e1493f2714cf24ed9805f19f45ac13d3bd241a2e7ae6064cff2a1163c142baeb
CLIENT_TRAFFIC_SECRET_0 12780a9dee2a1063308bc088d5221b3e4bb76d60a74c69ee88a71a6f661797b0 7b3aa9415bab225500bb58fe4015915d6c633172b043747eb63aed1c3465b66e
SERVER_TRAFFIC_SECRET_0 12780a9dee2a1063308bc088d5221b3e4bb76d60a74c69ee88a71a6f661797b0 ddaedbe809fcf9beb72c1a1b3cab752c774d81a348bcee49519ec8a7dc73c6be
EXPORTER_SECRET 12780a9dee2a1063308bc088d5221b3e4bb76d60a74c69ee88a71a6f661797b0 1e4a68427e3973121f3a72e679819666e7ae2cce46fb5f6d12231f52aa6b23a1
CLIENT_TRAFFIC_SECRET_0 12780a9dee2a1063308bc088d5221b3e4bb76d60a74c69ee88a71a6f661797b0 7b3aa9415bab225500bb58fe4015915d6c633172b043747eb63aed1c3465b66e
SERVER_HANDSHAKE_TRAFFIC_SECRET 37efacc77218b0413ea370e0cdcef4695ff3181be99c112273c1e45c15a77465 3e1618156b20a67d9ef2560ba5235ae51ffc74fbf5f1883021573c84e80e45d4
CLIENT_HANDSHAKE_TRAFFIC_SECRET 37efacc77218b0413ea370e0cdcef4695ff3181be99c112273c1e45c15a77465 971d54ee0377f43fd252627f155610ba5fbfbdb5cb231c715b7964b85cfa1ecb
SERVER_TRAFFIC_SECRET_0 37efacc77218b0413ea370e0cdcef4695ff3181be99c112273c1e45c15a77465 61f8258de3c1d6f9f50a8866cf104d01bcf133f24f9e86d34879291d076dbffe
CLIENT_HANDSHAKE_TRAFFIC_SECRET 37efacc77218b0413ea370e0cdcef4695ff3181be99c112273c1e45c15a77465 971d54ee0377f43fd252627f155610ba5fbfbdb5cb231c715b7964b85cfa1ecb
SERVER_HANDSHAKE_TRAFFIC_SECRET 37efacc77218b0413ea370e0cdcef4695ff3181be99c112273c1e45c15a77465 3e1618156b20a67d9ef2560ba5235ae51ffc74fbf5f1883021573c84e80e45d4
CLIENT_TRAFFIC_SECRET_0 37efacc77218b0413ea370e0cdcef4695ff3181be99c112273c1e45c15a77465 ca23e57ea5aa7953e6ea2fe51f7b3443c0dc51608239ff062e2607578253e290
SERVER_TRAFFIC_SECRET_0 37efacc77218b0413ea370e0cdcef4695ff3181be99c112273c1e45c15a77465 61f8258de3c1d6f9f50a8866cf104d01bcf133f24f9e86d34879291d076dbffe
EXPORTER_SECRET 37efacc77218b0413ea370e0cdcef4695ff3181be99c112273c1e45c15a77465 4171ac29fc6b67bda7246c8c3f873bca474e9e0eff173829c772286ae6aaf764
CLIENT_TRAFFIC_SECRET_0 37efacc77218b0413ea370e0cdcef4695ff3181be99c112273c1e45c15a77465 ca23e57ea5aa7953e6ea2fe51f7b3443c0dc51608239ff062e2607578253e290
SERVER_HANDSHAKE_TRAFFIC_SECRET 84506c8de25fbdd9dae08f17dc2eef9aa8c25edf21aca3109c130451b762256c 89c13ea433fd50335442c43e1ea5e69832c96d81d9e11acbd98e67854c7de6dc
CLIENT_HANDSHAKE_TRAFFIC_SECRET 84506c8de25fbdd9dae08f17dc2eef9aa8c25edf21aca3109c130451b762256c b55cc7138ab435d35043068b17c7e0cbbc2021f6679016cfbcc4ce50821f7774
SERVER_TRAFFIC_SECRET_0 84506c8de25fbdd9dae08f17dc2eef9aa8c25edf21aca3109c130451b762256c 061ccd9e21775d0618cd99ca2ef050cefd5701c152faeb1d5f044b866f797521
CLIENT_HANDSHAKE_TRAFFIC_SECRET 84506c8de25fbdd9dae08f17dc2eef9aa8c25edf21aca3109c130451b762256c b55cc7138ab435d35043068b17c7e0cbbc2021f6679016cfbcc4ce50821f7774
SERVER_HANDSHAKE_TRAFFIC_SECRET 84506c8de25fbdd9dae08f17dc2eef9aa8c25edf21aca3109c130451b762256c 89c13ea433fd50335442c43e1ea5e69832c96d81d9e11acbd98e67854c7de6dc
CLIENT_TRAFFIC_SECRET_0 84506c8de25fbdd9dae08f17dc2eef9aa8c25edf21aca3109c130451b762256c 74dff71a00d245de6084ab3ba24178bb66fd26c0bf3b1d4448fda99964ba5ba7
SERVER_TRAFFIC_SECRET_0 84506c8de25fbdd9dae08f17dc2eef9aa8c25edf21aca3109c130451b762256c 061ccd9e21775d0618cd99ca2ef050cefd5701c152faeb1d5f044b866f797521
EXPORTER_SECRET 84506c8de25fbdd9dae08f17dc2eef9aa8c25edf21aca3109c130451b762256c bb0aace4a998635350697b991af3ba440ef34904d07f4e4593e92a067d08afed
CLIENT_TRAFFIC_SECRET_0 84506c8de25fbdd9dae08f17dc2eef9aa8c25edf21aca3109c130451b762256c 74dff71a00d245de6084ab3ba24178bb66fd26c0bf3b1d4448fda99964ba5ba7
SERVER_HANDSHAKE_TRAFFIC_SECRET c6aa7a9c82f8aa559deb3c9d5238c214dfb89ac0f8d9943ed68eb9b2e02ca157 ab27f09e1d007a090bc24a1cc7ed096f4e331600833a3ef6b1ff1690363f569d
CLIENT_HANDSHAKE_TRAFFIC_SECRET c6aa7a9c82f8aa559deb3c9d5238c214dfb89ac0f8d9943ed68eb9b2e02ca157 a9f6257c60538c3f7daa23c836c486a766d7243f9256a4fe64d6b170f6bc0010
SERVER_TRAFFIC_SECRET_0 c6aa7a9c82f8aa559deb3c9d5238c214dfb89ac0f8d9943ed68eb9b2e02ca157 7184ec6821636e6a5541236fd31b200b9484b8cb817c065184058edd167e0ea4
CLIENT_HANDSHAKE_TRAFFIC_SECRET c6aa7a9c82f8aa559deb3c9d5238c214dfb89ac0f8d9943ed68eb9b2e02ca157 a9f6257c60538c3f7daa23c836c486a766d7243f9256a4fe64d6b170f6bc0010
SERVER_HANDSHAKE_TRAFFIC_SECRET c6aa7a9c82f8aa559deb3c9d5238c214dfb89ac0f8d9943ed68eb9b2e02ca157 ab27f09e1d007a090bc24a1cc7ed096f4e331600833a3ef6b1ff1690363f569d
CLIENT_TRAFFIC_SECRET_0 c6aa7a9c82f8aa559deb3c9d5238c214dfb89ac0f8d9943ed68eb9b2e02ca157 dbd8e395e28bcc9b9d8b6a6bd0fba334280c9afd43e28df8198b0e675237e912
SERVER_TRAFFIC_SECRET_0 c6aa7a9c82f8aa559deb3c9d5238c214dfb89ac0f8d9943ed68eb9b2e02ca157 7184ec6821636e6a5541236fd31b200b9484b8cb817c065184058edd167e0ea4
EXPORTER_SECRET c6aa7a9c82f8aa559deb3c9d5238c214dfb89ac0f8d9943ed68eb9b2e02ca157 fef6af05332daf01f1ad19674843280f2e99ccfcd2ebd47d571792b2b2adc556
CLIENT_TRAFFIC_SECRET_0 c6aa7a9c82f8aa559deb3c9d5238c214dfb89ac0f8d9943ed68eb9b2e02ca157 dbd8e395e28bcc9b9d8b6a6bd0fba334280c9afd43e28df8198b0e675237e912
SERVER_HANDSHAKE_TRAFFIC_SECRET 5e5593b023bdce086779cb2af6de29edd498c0ba9e257f21b7b89ddd5fac5773 1ad58429375ce7de1f6cdb269305de91978c0267116d5cbc0e504b0292d3d7bd
CLIENT_HANDSHAKE_TRAFFIC_SECRET 5e5593b023bdce086779cb2af6de29edd498c0ba9e257f21b7b89ddd5fac5773 c133147185523f8f03d5ef75e699a47293f185a79f0b29bed12a39f8a4f516e8
SERVER_TRAFFIC_SECRET_0 5e5593b023bdce086779cb2af6de29edd498c0ba9e257f21b7b89ddd5fac5773 311b963336064971a1697508f623ed912dafc33626a0f75fb3d3d9a5667020ea
CLIENT_HANDSHAKE_TRAFFIC_SECRET 5e5593b023bdce086779cb2af6de29edd498c0ba9e257f21b7b89ddd5fac5773 c133147185523f8f03d5ef75e699a47293f185a79f0b29bed12a39f8a4f516e8
SERVER_HANDSHAKE_TRAFFIC_SECRET 5e5593b023bdce086779cb2af6de29edd498c0ba9e257f21b7b89ddd5fac5773 1ad58429375ce7de1f6cdb269305de91978c0267116d5cbc0e504b0292d3d7bd
CLIENT_TRAFFIC_SECRET_0 5e5593b023bdce086779cb2af6de29edd498c0ba9e257f21b7b89ddd5fac5773 a0ab413e7caa35462369f43b563a61cc78304bc8a9958edf1af10b2bd056bf3f
SERVER_TRAFFIC_SECRET_0 5e5593b023bdce086779cb2af6de29edd498c0ba9e257f21b7b89ddd5fac5773 311b963336064971a1697508f623ed912dafc33626a0f75fb3d3d9a5667020ea
EXPORTER_SECRET 5e5593b023bdce086779cb2af6de29edd498c0ba9e257f21b7b89ddd5fac5773 bc14b3628970691089c1ad527d7ae53e29be2789b3ce9dc120c92938b2a1aabb
CLIENT_TRAFFIC_SECRET_0 5e5593b023bdce086779cb2af6de29edd498c0ba9e257f21b7b89ddd5fac5773 a0ab413e7caa35462369f43b563a61cc78304bc8a9958edf1af10b2bd056bf3f
SERVER_HANDSHAKE_TRAFFIC_SECRET 08a8f0250b00e72e8276aa858a8bd0519c85865a478e05302df139fe029b4688 2dae7e872f8dbc5c4398642b8c6dbdc03e3ec3294c9d0ed77d8be7207866356f
CLIENT_HANDSHAKE_TRAFFIC_SECRET 08a8f0250b00e72e8276aa858a8bd0519c85865a478e05302df139fe029b4688 9086b6c603481eed8bf78cecd70165c7bdc5c02b3ebd38427bd98dda4197b8d1
SERVER_TRAFFIC_SECRET_0 08a8f0250b00e72e8276aa858a8bd0519c85865a478e05302df139fe029b4688 5d078aa9ebcaeafe13894637a364497203f7b14578cb275b7cfd340195afbaa0
CLIENT_HANDSHAKE_TRAFFIC_SECRET 08a8f0250b00e72e8276aa858a8bd0519c85865a478e05302df139fe029b4688 9086b6c603481eed8bf78cecd70165c7bdc5c02b3ebd38427bd98dda4197b8d1
SERVER_HANDSHAKE_TRAFFIC_SECRET 08a8f0250b00e72e8276aa858a8bd0519c85865a478e05302df139fe029b4688 2dae7e872f8dbc5c4398642b8c6dbdc03e3ec3294c9d0ed77d8be7207866356f
CLIENT_TRAFFIC_SECRET_0 08a8f0250b00e72e8276aa858a8bd0519c85865a478e05302df139fe029b4688 34925326f5ed3bbbdca93281f4f3ac75f13687e0b4187728dcda7e560c11f696
SERVER_TRAFFIC_SECRET_0 08a8f0250b00e72e8276aa858a8bd0519c85865a478e05302df139fe029b4688 5d078aa9ebcaeafe13894637a364497203f7b14578cb275b7cfd340195afbaa0
EXPORTER_SECRET 08a8f0250b00e72e8276aa858a8bd0519c85865a478e05302df139fe029b4688 96a3ba0d9037b1359992e00e40f601200b324624105c43c7b798a78722e60977
CLIENT_TRAFFIC_SECRET_0 08a8f0250b00e72e8276aa858a8bd0519c85865a478e05302df139fe029b4688 34925326f5ed3bbbdca93281f4f3ac75f13687e0b4187728dcda7e560c11f696
SERVER_HANDSHAKE_TRAFFIC_SECRET 74cfa8b63d57bd42bda6e4d2af1f363e048b45dbcca09081b7e2cee3eef96e52 6f75eb0f9121a13cddd1707558ad382399e6b94e7c9e844a3d1019b36cf5b488
CLIENT_HANDSHAKE_TRAFFIC_SECRET 74cfa8b63d57bd42bda6e4d2af1f363e048b45dbcca09081b7e2cee3eef96e52 03f8c22d96c024b87fa0f187ecde2fb2ea955500eceb68c9a9ef645f52669610
SERVER_TRAFFIC_SECRET_0 74cfa8b63d57bd42bda6e4d2af1f363e048b45dbcca09081b7e2cee3eef96e52 eb3069c6ee089f6309dc031b72427ebdf2b2a5d28faa189d886ff4b69eef70cc
CLIENT_HANDSHAKE_TRAFFIC_SECRET 74cfa8b63d57bd42bda6e4d2af1f363e048b45dbcca09081b7e2cee3eef96e52 03f8c22d96c024b87fa0f187ecde2fb2ea955500eceb68c9a9ef645f52669610
SERVER_HANDSHAKE_TRAFFIC_SECRET 74cfa8b63d57bd42bda6e4d2af1f363e048b45dbcca09081b7e2cee3eef96e52 6f75eb0f9121a13cddd1707558ad382399e6b94e7c9e844a3d1019b36cf5b488
CLIENT_TRAFFIC_SECRET_0 74cfa8b63d57bd42bda6e4d2af1f363e048b45dbcca09081b7e2cee3eef96e52 37608e9f96337017801b20105af4da7ef8c8a91874c74085ef317834bff28852
SERVER_TRAFFIC_SECRET_0 74cfa8b63d57bd42bda6e4d2af1f363e048b45dbcca09081b7e2cee3eef96e52 eb3069c6ee089f6309dc031b72427ebdf2b2a5d28faa189d886ff4b69eef70cc
EXPORTER_SECRET 74cfa8b63d57bd42bda6e4d2af1f363e048b45dbcca09081b7e2cee3eef96e52 905f6404ea3c28b94acd20dc3fa1564d2e793813f14b4282a9b8d4cba17badc1
CLIENT_TRAFFIC_SECRET_0 74cfa8b63d57bd42bda6e4d2af1f363e048b45dbcca09081b7e2cee3eef96e52 37608e9f96337017801b20105af4da7ef8c8a91874c74085ef317834bff28852
SERVER_HANDSHAKE_TRAFFIC_SECRET b54f340af27751ebe886e13250115932f66b9b08778fb9faab9e1e9d6afca72c 276a526d87ad241439c0e2f2f10b9a7eff49a4299759c2a9c6c263cdc103d778
CLIENT_HANDSHAKE_TRAFFIC_SECRET b54f340af27751ebe886e13250115932f66b9b08778fb9faab9e1e9d6afca72c 153d411a3731e6ee3eb5e7a35572157d384166164b6e4694ce9817f2f2d94049
SERVER_TRAFFIC_SECRET_0 b54f340af27751ebe886e13250115932f66b9b08778fb9faab9e1e9d6afca72c a62c8c9a8ea770bd34df99fef4ee844bf8344182bd2809974a1c2dca668373f0
CLIENT_HANDSHAKE_TRAFFIC_SECRET b54f340af27751ebe886e13250115932f66b9b08778fb9faab9e1e9d6afca72c 153d411a3731e6ee3eb5e7a35572157d384166164b6e4694ce9817f2f2d94049
SERVER_HANDSHAKE_TRAFFIC_SECRET b54f340af27751ebe886e13250115932f66b9b08778fb9faab9e1e9d6afca72c 276a526d87ad241439c0e2f2f10b9a7eff49a4299759c2a9c6c263cdc103d778
CLIENT_TRAFFIC_SECRET_0 b54f340af27751ebe886e13250115932f66b9b08778fb9faab9e1e9d6afca72c 90e6e8c1833f1918829805c1cf170aface93ab6547a45f9d2359af6834ed750a
SERVER_TRAFFIC_SECRET_0 b54f340af27751ebe886e13250115932f66b9b08778fb9faab9e1e9d6afca72c a62c8c9a8ea770bd34df99fef4ee844bf8344182bd2809974a1c2dca668373f0
EXPORTER_SECRET b54f340af27751ebe886e13250115932f66b9b08778fb9faab9e1e9d6afca72c 5a6af21256869a50e739f8b847dbed8b03687db2d46ae38b6557960233433674
CLIENT_TRAFFIC_SECRET_0 b54f340af27751ebe886e13250115932f66b9b08778fb9faab9e1e9d6afca72c 90e6e8c1833f1918829805c1cf170aface93ab6547a45f9d2359af6834ed750a
SERVER_HANDSHAKE_TRAFFIC_SECRET efb013d55f74efb58f78dde8f8620bf0e2dfd54b9bd5e16d38dab4071e8f5965 b533fbf88c20cafa4db1ec6f269cd4b700862e5bdf994f7106264394dd5ab4c7
CLIENT_HANDSHAKE_TRAFFIC_SECRET efb013d55f74efb58f78dde8f8620bf0e2dfd54b9bd5e16d38dab4071e8f5965 36e522d0a46db61a449ad051284e9e090d359a7a3071031c0d64c64fd9cb7788
SERVER_TRAFFIC_SECRET_0 efb013d55f74efb58f78dde8f8620bf0e2dfd54b9bd5e16d38dab4071e8f5965 ff607b0297d551c9cb56d0bc984696c6872d60bd7b5dbf29ab98035a82c588c4
CLIENT_HANDSHAKE_TRAFFIC_SECRET efb013d55f74efb58f78dde8f8620bf0e2dfd54b9bd5e16d38dab4071e8f5965 36e522d0a46db61a449ad051284e9e090d359a7a3071031c0d64c64fd9cb7788
SERVER_HANDSHAKE_TRAFFIC_SECRET efb013d55f74efb58f78dde8f8620bf0e2dfd54b9bd5e16d38dab4071e8f5965 b533fbf88c20cafa4db1ec6f269cd4b700862e5bdf994f7106264394dd5ab4c7
CLIENT_TRAFFIC_SECRET_0 efb013d55f74efb58f78dde8f8620bf0e2dfd54b9bd5e16d38dab4071e8f5965 37cb2fbdac32cbf83a97e727aa782d76f54183e02ff0eeff4fd7d0f1fe6dc8f4
SERVER_TRAFFIC_SECRET_0 efb013d55f74efb58f78dde8f8620bf0e2dfd54b9bd5e16d38dab4071e8f5965 ff607b0297d551c9cb56d0bc984696c6872d60bd7b5dbf29ab98035a82c588c4
EXPORTER_SECRET efb013d55f74efb58f78dde8f8620bf0e2dfd54b9bd5e16d38dab4071e8f5965 91d496b2844157147365f66b69d19aacd694c0ce63b239d2fc8c95bb6783e0ca
CLIENT_TRAFFIC_SECRET_0 efb013d55f74efb58f78dde8f8620bf0e2dfd54b9bd5e16d38dab4071e8f5965 37cb2fbdac32cbf83a97e727aa782d76f54183e02ff0eeff4fd7d0f1fe6dc8f4
SERVER_HANDSHAKE_TRAFFIC_SECRET 2c6cd40d911d55ca78cd895977c75fd230521f3f1e80c80144aa5f862c88d256 452b902d16d23b34600521dce3c59e2621a7d687a2ed9a07c94cc7dfd450d782
CLIENT_HANDSHAKE_TRAFFIC_SECRET 2c6cd40d911d55ca78cd895977c75fd230521f3f1e80c80144aa5f862c88d256 44eea01601b0f67f7479f61c65997818587fd9f37a53d9586b2aab0feba3f11c
SERVER_TRAFFIC_SECRET_0 2c6cd40d911d55ca78cd895977c75fd230521f3f1e80c80144aa5f862c88d256 4351a5c4fcf992c223d5098147b72c5c5989151def1d1031bade21f9f64751af
CLIENT_HANDSHAKE_TRAFFIC_SECRET 2c6cd40d911d55ca78cd895977c75fd230521f3f1e80c80144aa5f862c88d256 44eea01601b0f67f7479f61c65997818587fd9f37a53d9586b2aab0feba3f11c
SERVER_HANDSHAKE_TRAFFIC_SECRET 2c6cd40d911d55ca78cd895977c75fd230521f3f1e80c80144aa5f862c88d256 452b902d16d23b34600521dce3c59e2621a7d687a2ed9a07c94cc7dfd450d782
CLIENT_TRAFFIC_SECRET_0 2c6cd40d911d55ca78cd895977c75fd230521f3f1e80c80144aa5f862c88d256 a260494b2e3fbc67150149403d51db3e3033af4da7b3818a3187b75265c8b9f0
SERVER_TRAFFIC_SECRET_0 2c6cd40d911d55ca78cd895977c75fd230521f3f1e80c80144aa5f862c88d256 4351a5c4fcf992c223d5098147b72c5c5989151def1d1031bade21f9f64751af
EXPORTER_SECRET 2c6cd40d911d55ca78cd895977c75fd230521f3f1e80c80144aa5f862c88d256 a6f73f8cb93a80dbdd5a3c541ff1ce48ab4077ed3450990c6a704615b6b5ab65
CLIENT_TRAFFIC_SECRET_0 2c6cd40d911d55ca78cd895977c75fd230521f3f1e80c80144aa5f862c88d256 a260494b2e3fbc67150149403d51db3e3033af4da7b3818a3187b75265c8b9f0
SERVER_HANDSHAKE_TRAFFIC_SECRET 6ea1667714726a166129d73b8ad08d7528151bbf42714ea8c22186fa7affb436 cad6723a3de9140ae3b8e6266781b7c9039560f8575709f62f51520b70dc73e6
CLIENT_HANDSHAKE_TRAFFIC_SECRET 6ea1667714726a166129d73b8ad08d7528151bbf42714ea8c22186fa7affb436 1c1a9e1df510ce1ac170cc8595c72c408a76887661f7ae020494cc085a23367b
SERVER_TRAFFIC_SECRET_0 6ea1667714726a166129d73b8ad08d7528151bbf42714ea8c22186fa7affb436 faf792959a92b309933d7d5f8302c79e62a3da3b647cdd70ff275c46001fcdb7
CLIENT_HANDSHAKE_TRAFFIC_SECRET 6ea1667714726a166129d73b8ad08d7528151bbf42714ea8c22186fa7affb436 1c1a9e1df510ce1ac170cc8595c72c408a76887661f7ae020494cc085a23367b
SERVER_HANDSHAKE_TRAFFIC_SECRET 6ea1667714726a166129d73b8ad08d7528151bbf42714ea8c22186fa7affb436 cad6723a3de9140ae3b8e6266781b7c9039560f8575709f62f51520b70dc73e6
CLIENT_TRAFFIC_SECRET_0 6ea1667714726a166129d73b8ad08d7528151bbf42714ea8c22186fa7affb436 a9069086f725fe7135b3800673b95c8e841863706aba6a3810c19b4bb65a57ef
SERVER_TRAFFIC_SECRET_0 6ea1667714726a166129d73b8ad08d7528151bbf42714ea8c22186fa7affb436 faf792959a92b309933d7d5f8302c79e62a3da3b647cdd70ff275c46001fcdb7
EXPORTER_SECRET 6ea1667714726a166129d73b8ad08d7528151bbf42714ea8c22186fa7affb436 d3dab43aedba7aa90fd9af8d834ddc6fe37dffae761fc61ec44016bc710dce33
CLIENT_TRAFFIC_SECRET_0 6ea1667714726a166129d73b8ad08d7528151bbf42714ea8c22186fa7affb436 a9069086f725fe7135b3800673b95c8e841863706aba6a3810c19b4bb65a57ef
SERVER_HANDSHAKE_TRAFFIC_SECRET a4600869c7b08388442211dcac410dd349171c2c77a246b1148d7d94e00e195f 663cfc2279d06cd190286d59376b9564d43fb994da6d552c99dbc9e0a3274cb9
CLIENT_HANDSHAKE_TRAFFIC_SECRET a4600869c7b08388442211dcac410dd349171c2c77a246b1148d7d94e00e195f 433a2ed0ebb8f843b48ac860193af6e42e8673bb2c2935cdaacf561e7be42ca1
SERVER_TRAFFIC_SECRET_0 a4600869c7b08388442211dcac410dd349171c2c77a246b1148d7d94e00e195f 8abc4391877539e4a90d4cde11a6d1a834d7f559e2a41e3f16021cd316ed6e8e
CLIENT_HANDSHAKE_TRAFFIC_SECRET a4600869c7b08388442211dcac410dd349171c2c77a246b1148d7d94e00e195f 433a2ed0ebb8f843b48ac860193af6e42e8673bb2c2935cdaacf561e7be42ca1
SERVER_HANDSHAKE_TRAFFIC_SECRET a4600869c7b08388442211dcac410dd349171c2c77a246b1148d7d94e00e195f 663cfc2279d06cd190286d59376b9564d43fb994da6d552c99dbc9e0a3274cb9
CLIENT_TRAFFIC_SECRET_0 a4600869c7b08388442211dcac410dd349171c2c77a246b1148d7d94e00e195f c90d697108c258c26cbb7782f95777eff31f05da3de4933d490ee66e851920f6
SERVER_TRAFFIC_SECRET_0 a4600869c7b08388442211dcac410dd349171c2c77a246b1148d7d94e00e195f 8abc4391877539e4a90d4cde11a6d1a834d7f559e2a41e3f16021cd316ed6e8e
EXPORTER_SECRET a4600869c7b08388442211dcac410dd349171c2c77a246b1148d7d94e00e195f 915475bef5360b5eed8915e1887a3d39bf29dd345463a9ff8925d6eeac38b49f
CLIENT_TRAFFIC_SECRET_0 a4600869c7b08388442211dcac410dd349171c2c77a246b1148d7d94e00e195f c90d697108c258c26cbb7782f95777eff31f05da3de4933d490ee66e851920f6
SERVER_HANDSHAKE_TRAFFIC_SECRET f72c0c4f6463d57210866b9e8cac33fa0ab19322ba56796eb7d8c228595b0fbe 2160307cfe5ada181159870c5b41c67ba380b03f263024c8041b52f2973fc188
CLIENT_HANDSHAKE_TRAFFIC_SECRET f72c0c4f6463d57210866b9e8cac33fa0ab19322ba56796eb7d8c228595b0fbe ee4c20d43e6db17ae5749165870694b9dd81b7860d4f166a7931c131fec31c88
SERVER_TRAFFIC_SECRET_0 f72c0c4f6463d57210866b9e8cac33fa0ab19322ba56796eb7d8c228595b0fbe 265d398e82e0c6e883bac6399fbddc1859dbf3269efdb47fc1978dafd4dc7122
CLIENT_HANDSHAKE_TRAFFIC_SECRET f72c0c4f6463d57210866b9e8cac33fa0ab19322ba56796eb7d8c228595b0fbe ee4c20d43e6db17ae5749165870694b9dd81b7860d4f166a7931c131fec31c88
SERVER_HANDSHAKE_TRAFFIC_SECRET f72c0c4f6463d57210866b9e8cac33fa0ab19322ba56796eb7d8c228595b0fbe 2160307cfe5ada181159870c5b41c67ba380b03f263024c8041b52f2973fc188
CLIENT_TRAFFIC_SECRET_0 f72c0c4f6463d57210866b9e8cac33fa0ab19322ba56796eb7d8c228595b0fbe 4c7ec62d6ac9254f2c5a8ab7d92ed89f653014f1c2f676d8831d4c2eb6c246e7
SERVER_TRAFFIC_SECRET_0 f72c0c4f6463d57210866b9e8cac33fa0ab19322ba56796eb7d8c228595b0fbe 265d398e82e0c6e883bac6399fbddc1859dbf3269efdb47fc1978dafd4dc7122
EXPORTER_SECRET f72c0c4f6463d57210866b9e8cac33fa0ab19322ba56796eb7d8c228595b0fbe 6cce89ee1d930b2bf6c54d87dad51909f55f063ba9e9c202066d9e9590bc28d6
CLIENT_TRAFFIC_SECRET_0 f72c0c4f6463d57210866b9e8cac33fa0ab19322ba56796eb7d8c228595b0fbe 4c7ec62d6ac9254f2c5a8ab7d92ed89f653014f1c2f676d8831d4c2eb6c246e7
SERVER_HANDSHAKE_TRAFFIC_SECRET a6550adb0f04df0d81f87bc1ec8065c286841f16f2c595d872b649f88004901e 258821bec4b8171151732e1c9a906ee4f53c11be23ede8fa290a1b63ca346ad8
CLIENT_HANDSHAKE_TRAFFIC_SECRET a6550adb0f04df0d81f87bc1ec8065c286841f16f2c595d872b649f88004901e 2b25658693006c18f51fd1c5cdf454c4718739bc6777167d64f54e6b155dae5a
SERVER_TRAFFIC_SECRET_0 a6550adb0f04df0d81f87bc1ec8065c286841f16f2c595d872b649f88004901e 5c22e29f937b45c6b554e68a633791a9e6617d3e4d11f26c4d7a6642b5209c65
CLIENT_HANDSHAKE_TRAFFIC_SECRET a6550adb0f04df0d81f87bc1ec8065c286841f16f2c595d872b649f88004901e 2b25658693006c18f51fd1c5cdf454c4718739bc6777167d64f54e6b155dae5a
SERVER_HANDSHAKE_TRAFFIC_SECRET a6550adb0f04df0d81f87bc1ec8065c286841f16f2c595d872b649f88004901e 258821bec4b8171151732e1c9a906ee4f53c11be23ede8fa290a1b63ca346ad8
CLIENT_TRAFFIC_SECRET_0 a6550adb0f04df0d81f87bc1ec8065c286841f16f2c595d872b649f88004901e a6fe3e556158437cc3ce115a4765d34992472fd03eef0d1f11d94919543a5755
SERVER_TRAFFIC_SECRET_0 a6550adb0f04df0d81f87bc1ec8065c286841f16f2c595d872b649f88004901e 5c22e29f937b45c6b554e68a633791a9e6617d3e4d11f26c4d7a6642b5209c65
EXPORTER_SECRET a6550adb0f04df0d81f87bc1ec8065c286841f16f2c595d872b649f88004901e ded2b9cd543cc6fda6737c9a0b8b00e833f09ee785ba95e5c3aefb4b2a093ac6
CLIENT_TRAFFIC_SECRET_0 a6550adb0f04df0d81f87bc1ec8065c286841f16f2c595d872b649f88004901e a6fe3e556158437cc3ce115a4765d34992472fd03eef0d1f11d94919543a5755
SERVER_HANDSHAKE_TRAFFIC_SECRET cac07d536b4efc92ea3d5c66812e1cd392d7c4d20f5bfecfcd8cb99e47d843ee b3b27a5f5749f8b5791a14ae63ee839c1d1e3c5e6c47fde06ba53b4b336c66da
CLIENT_HANDSHAKE_TRAFFIC_SECRET cac07d536b4efc92ea3d5c66812e1cd392d7c4d20f5bfecfcd8cb99e47d843ee 21cf4afc942c43565f144e2045570dedd7b324af3b3763721a739bc5bb28f95f
SERVER_TRAFFIC_SECRET_0 cac07d536b4efc92ea3d5c66812e1cd392d7c4d20f5bfecfcd8cb99e47d843ee 55f85b3f3ad1a4ae182d8061f828bdd817424e240f5aae7adc7035833bf7d398
CLIENT_HANDSHAKE_TRAFFIC_SECRET cac07d536b4efc92ea3d5c66812e1cd392d7c4d20f5bfecfcd8cb99e47d843ee 21cf4afc942c43565f144e2045570dedd7b324af3b3763721a739bc5bb28f95f
SERVER_HANDSHAKE_TRAFFIC_SECRET cac07d536b4efc92ea3d5c66812e1cd392d7c4d20f5bfecfcd8cb99e47d843ee b3b27a5f5749f8b5791a14ae63ee839c1d1e3c5e6c47fde06ba53b4b336c66da
CLIENT_TRAFFIC_SECRET_0 cac07d536b4efc92ea3d5c66812e1cd392d7c4d20f5bfecfcd8cb99e47d843ee 25398e5c8169c92bacc1f3b1fd7c6c2348ee341bd46e45178738f000f57a036a
SERVER_TRAFFIC_SECRET_0 cac07d536b4efc92ea3d5c66812e1cd392d7c4d20f5bfecfcd8cb99e47d843ee 55f85b3f3ad1a4ae182d8061f828bdd817424e240f5aae7adc7035833bf7d398
EXPORTER_SECRET cac07d536b4efc92ea3d5c66812e1cd392d7c4d20f5bfecfcd8cb99e47d843ee f10693ff319ac19b9c1c34395bfe1310b1687b6c03164e9ccb1aa06da1d245f3
CLIENT_TRAFFIC_SECRET_0 cac07d536b4efc92ea3d5c66812e1cd392d7c4d20f5bfecfcd8cb99e47d843ee 25398e5c8169c92bacc1f3b1fd7c6c2348ee341bd46e45178738f000f57a036a
SERVER_HANDSHAKE_TRAFFIC_SECRET dc1b0b7bcb59ef4056263996836bd0a78260afa08d95968b4070db894c5db534 50d778a10dd2ea163770dfe2969834976ac70eac15c740e7dfa47f718b9ceb2c
CLIENT_HANDSHAKE_TRAFFIC_SECRET dc1b0b7bcb59ef4056263996836bd0a78260afa08d95968b4070db894c5db534 cfb968048eddef5d10f1d35ff4b914956a5fad40fde5c76c69f7fca1c48f8776
SERVER_TRAFFIC_SECRET_0 dc1b0b7bcb59ef4056263996836bd0a78260afa08d95968b4070db894c5db534 98bd7835efd173be6c73a6c11d1265a2ab0649dae0563a786ac0b3d13480ecf7
CLIENT_HANDSHAKE_TRAFFIC_SECRET dc1b0b7bcb59ef4056263996836bd0a78260afa08d95968b4070db894c5db534 cfb968048eddef5d10f1d35ff4b914956a5fad40fde5c76c69f7fca1c48f8776
SERVER_HANDSHAKE_TRAFFIC_SECRET dc1b0b7bcb59ef4056263996836bd0a78260afa08d95968b4070db894c5db534 50d778a10dd2ea163770dfe2969834976ac70eac15c740e7dfa47f718b9ceb2c
CLIENT_TRAFFIC_SECRET_0 dc1b0b7bcb59ef4056263996836bd0a78260afa08d95968b4070db894c5db534 ca06a759decf22bb3c0cce50ed8d16e3b143e62843e96437833ecb48e9ca9d3e
SERVER_TRAFFIC_SECRET_0 dc1b0b7bcb59ef4056263996836bd0a78260afa08d95968b4070db894c5db534 98bd7835efd173be6c73a6c11d1265a2ab0649dae0563a786ac0b3d13480ecf7
EXPORTER_SECRET dc1b0b7bcb59ef4056263996836bd0a78260afa08d95968b4070db894c5db534 086b604846e42f0996a82c2baa39461b324c7fc789c8208b42b7cb402e6cf51f
CLIENT_TRAFFIC_SECRET_0 dc1b0b7bcb59ef4056263996836bd0a78260afa08d95968b4070db894c5db534 ca06a759decf22bb3c0cce50ed8d16e3b143e62843e96437833ecb48e9ca9d3e
SERVER_HANDSHAKE_TRAFFIC_SECRET a9c94880f9e55779e850428dc4bc69ed2d6477790a7bb051ef00797cbc996049 72e595ef4eb9d1ea6ccb66392be05b0e49033f09f513b54d21e3e25b3b36a147
CLIENT_HANDSHAKE_TRAFFIC_SECRET a9c94880f9e55779e850428dc4bc69ed2d6477790a7bb051ef00797cbc996049 772d6e82c3b27f08e4bb6854b1e2aea65f36c9c01837b9ffb4cd0a84677c16ce
SERVER_TRAFFIC_SECRET_0 a9c94880f9e55779e850428dc4bc69ed2d6477790a7bb051ef00797cbc996049 05c8deab19a6e7499d3643da2f676c905329379b5364c1e58a9f945f3c3d3e90
CLIENT_HANDSHAKE_TRAFFIC_SECRET a9c94880f9e55779e850428dc4bc69ed2d6477790a7bb051ef00797cbc996049 772d6e82c3b27f08e4bb6854b1e2aea65f36c9c01837b9ffb4cd0a84677c16ce
SERVER_HANDSHAKE_TRAFFIC_SECRET a9c94880f9e55779e850428dc4bc69ed2d6477790a7bb051ef00797cbc996049 72e595ef4eb9d1ea6ccb66392be05b0e49033f09f513b54d21e3e25b3b36a147
CLIENT_TRAFFIC_SECRET_0 a9c94880f9e55779e850428dc4bc69ed2d6477790a7bb051ef00797cbc996049 b1fb65e249a5ec7c204c0ccbca8ea408f886f205fbbac75831af0ce3011106ee
SERVER_TRAFFIC_SECRET_0 a9c94880f9e55779e850428dc4bc69ed2d6477790a7bb051ef00797cbc996049 05c8deab19a6e7499d3643da2f676c905329379b5364c1e58a9f945f3c3d3e90
EXPORTER_SECRET a9c94880f9e55779e850428dc4bc69ed2d6477790a7bb051ef00797cbc996049 b29fda2196826a13925b8f0fbcfaebbb6a1ca126c5794f6b86ea41afc964cafc
CLIENT_TRAFFIC_SECRET_0 a9c94880f9e55779e850428dc4bc69ed2d6477790a7bb051ef00797cbc996049 b1fb65e249a5ec7c204c0ccbca8ea408f886f205fbbac75831af0ce3011106ee
SERVER_HANDSHAKE_TRAFFIC_SECRET 47a556de00db53927447a937cd8fc3fa69ee2495ff16cf3d5738aae159929ffe d226d3548fc5323653a542686d8bde0927a2e60f6f9785ee903e5c6b5807f8fd
CLIENT_HANDSHAKE_TRAFFIC_SECRET 47a556de00db53927447a937cd8fc3fa69ee2495ff16cf3d5738aae159929ffe 4cdba954fa9b1a16af7dccd03c8785467220823258c5b998ee8f3b64ce52f20b
SERVER_TRAFFIC_SECRET_0 47a556de00db53927447a937cd8fc3fa69ee2495ff16cf3d5738aae159929ffe 34665dd627b64ae71b999bcae539df783084cfe36543e0289cc258e2552e63e0
CLIENT_HANDSHAKE_TRAFFIC_SECRET 47a556de00db53927447a937cd8fc3fa69ee2495ff16cf3d5738aae159929ffe 4cdba954fa9b1a16af7dccd03c8785467220823258c5b998ee8f3b64ce52f20b
SERVER_HANDSHAKE_TRAFFIC_SECRET 47a556de00db53927447a937cd8fc3fa69ee2495ff16cf3d5738aae159929ffe d226d3548fc5323653a542686d8bde0927a2e60f6f9785ee903e5c6b5807f8fd
CLIENT_TRAFFIC_SECRET_0 47a556de00db53927447a937cd8fc3fa69ee2495ff16cf3d5738aae159929ffe 523204df2afb18b2fb5de9c09b9ca977bec6ca6a0ee0a10dee005f00fdbb61ac
SERVER_TRAFFIC_SECRET_0 47a556de00db53927447a937cd8fc3fa69ee2495ff16cf3d5738aae159929ffe 34665dd627b64ae71b999bcae539df783084cfe36543e0289cc258e2552e63e0
EXPORTER_SECRET 47a556de00db53927447a937cd8fc3fa69ee2495ff16cf3d5738aae159929ffe 802f42f01fce319e5b46d454f2073aa034909d830102279cb5c64d4f4c78ab9f
CLIENT_TRAFFIC_SECRET_0 47a556de00db53927447a937cd8fc3fa69ee2495ff16cf3d5738aae159929ffe 523204df2afb18b2fb5de9c09b9ca977bec6ca6a0ee0a10dee005f00fdbb61ac
SERVER_HANDSHAKE_TRAFFIC_SECRET 760ddd1aa1700c1ba22475a613096bffec57e122cf71d9aa931fcf3a1fb607be 50737cc8e9a00d6424cee364a4a939ba16a553a0b0ec9852d9ff552f7c2f3f72
CLIENT_HANDSHAKE_TRAFFIC_SECRET 760ddd1aa1700c1ba22475a613096bffec57e122cf71d9aa931fcf3a1fb607be 9384590b418e1f3aee53de4fb1856bc53e4895fa04219f617dab6cec989d3e96
SERVER_TRAFFIC_SECRET_0 760ddd1aa1700c1ba22475a613096bffec57e122cf71d9aa931fcf3a1fb607be 4a39a579cdac8aaa870ff9f87df851f495d90e938fe45285d55a5bdb146a2cf2
CLIENT_HANDSHAKE_TRAFFIC_SECRET 760ddd1aa1700c1ba22475a613096bffec57e122cf71d9aa931fcf3a1fb607be 9384590b418e1f3aee53de4fb1856bc53e4895fa04219f617dab6cec989d3e96
SERVER_HANDSHAKE_TRAFFIC_SECRET 760ddd1aa1700c1ba22475a613096bffec57e122cf71d9aa931fcf3a1fb607be 50737cc8e9a00d6424cee364a4a939ba16a553a0b0ec9852d9ff552f7c2f3f72
CLIENT_TRAFFIC_SECRET_0 760ddd1aa1700c1ba22475a613096bffec57e122cf71d9aa931fcf3a1fb607be 25e9956d2877a8aa49a1ed8bd93acce51708d50e00cd0209be4cd50bf56737dd
SERVER_TRAFFIC_SECRET_0 760ddd1aa1700c1ba22475a613096bffec57e122cf71d9aa931fcf3a1fb607be 4a39a579cdac8aaa870ff9f87df851f495d90e938fe45285d55a5bdb146a2cf2
EXPORTER_SECRET 760ddd1aa1700c1ba22475a613096bffec57e122cf71d9aa931fcf3a1fb607be 2058b49491358246380bacb19afc8097e82f1e13fbcee6b67b7fcc41c90b7e7b
CLIENT_TRAFFIC_SECRET_0 760ddd1aa1700c1ba22475a613096bffec57e122cf71d9aa931fcf3a1fb607be 25e9956d2877a8aa49a1ed8bd93acce51708d50e00cd0209be4cd50bf56737dd
SERVER_HANDSHAKE_TRAFFIC_SECRET 47d96ca4dc4e63e589dfff307c25871ed15a725e2f522b8e3e72425065325d23 f06baa03537383154b8d97b1e1600ef26b09d73efcde78c884defd26a3bce521
CLIENT_HANDSHAKE_TRAFFIC_SECRET 47d96ca4dc4e63e589dfff307c25871ed15a725e2f522b8e3e72425065325d23 0712138043eed6f441cc38ede7ab3f442b0684d70a62ec9bc50ffc0b0599058b
SERVER_TRAFFIC_SECRET_0 47d96ca4dc4e63e589dfff307c25871ed15a725e2f522b8e3e72425065325d23 e0eecf304ef2276c1b24d595d204ae930d8a6b860b9cfe5f45128fd3a116a59e
CLIENT_HANDSHAKE_TRAFFIC_SECRET 47d96ca4dc4e63e589dfff307c25871ed15a725e2f522b8e3e72425065325d23 0712138043eed6f441cc38ede7ab3f442b0684d70a62ec9bc50ffc0b0599058b
SERVER_HANDSHAKE_TRAFFIC_SECRET 47d96ca4dc4e63e589dfff307c25871ed15a725e2f522b8e3e72425065325d23 f06baa03537383154b8d97b1e1600ef26b09d73efcde78c884defd26a3bce521
CLIENT_TRAFFIC_SECRET_0 47d96ca4dc4e63e589dfff307c25871ed15a725e2f522b8e3e72425065325d23 45ae9df016639d987c60beb85383bde2df0e0b0798f10b90d28e20936e643d40
SERVER_TRAFFIC_SECRET_0 47d96ca4dc4e63e589dfff307c25871ed15a725e2f522b8e3e72425065325d23 e0eecf304ef2276c1b24d595d204ae930d8a6b860b9cfe5f45128fd3a116a59e
EXPORTER_SECRET 47d96ca4dc4e63e589dfff307c25871ed15a725e2f522b8e3e72425065325d23 b1fc6ac6921dbb5cd0596835a4c9a58de006c03045c24437d702632ff15a8834
CLIENT_TRAFFIC_SECRET_0 47d96ca4dc4e63e589dfff307c25871ed15a725e2f522b8e3e72425065325d23 45ae9df016639d987c60beb85383bde2df0e0b0798f10b90d28e20936e643d40
SERVER_HANDSHAKE_TRAFFIC_SECRET c8bca7a73520c4fe5ee79aea5a156da306614eb6860e842d8b301d5abf8fea5e 7ac85852d689e0d4cec2fd1b4a34df1baa2cb46ec51733726a2b896b9990ac01
CLIENT_HANDSHAKE_TRAFFIC_SECRET c8bca7a73520c4fe5ee79aea5a156da306614eb6860e842d8b301d5abf8fea5e cc7ba6b50ae25f8e7efc34cfb33d33631acecce1e5df42d5ef1ef05e4e811eb0
SERVER_TRAFFIC_SECRET_0 c8bca7a73520c4fe5ee79aea5a156da306614eb6860e842d8b301d5abf8fea5e 5c6236f55f1c4eaaf8cdcbf8a8053f4c231736203245166ba6dd08744cf6f6bf
CLIENT_HANDSHAKE_TRAFFIC_SECRET c8bca7a73520c4fe5ee79aea5a156da306614eb6860e842d8b301d5abf8fea5e cc7ba6b50ae25f8e7efc34cfb33d33631acecce1e5df42d5ef1ef05e4e811eb0
SERVER_HANDSHAKE_TRAFFIC_SECRET c8bca7a73520c4fe5ee79aea5a156da306614eb6860e842d8b301d5abf8fea5e 7ac85852d689e0d4cec2fd1b4a34df1baa2cb46ec51733726a2b896b9990ac01
CLIENT_TRAFFIC_SECRET_0 c8bca7a73520c4fe5ee79aea5a156da306614eb6860e842d8b301d5abf8fea5e 4c9664e26f0d8a1b240c70bbc6ab7194f2b9ee3f17903f7dc53ab81f0ba0f194
SERVER_TRAFFIC_SECRET_0 c8bca7a73520c4fe5ee79aea5a156da306614eb6860e842d8b301d5abf8fea5e 5c6236f55f1c4eaaf8cdcbf8a8053f4c231736203245166ba6dd08744cf6f6bf
EXPORTER_SECRET c8bca7a73520c4fe5ee79aea5a156da306614eb6860e842d8b301d5abf8fea5e 3a1c3e31d64e3d434cbeaf1adedee4ffdd313f5ffb8c2b95286bbfd68b011700
CLIENT_TRAFFIC_SECRET_0 c8bca7a73520c4fe5ee79aea5a156da306614eb6860e842d8b301d5abf8fea5e 4c9664e26f0d8a1b240c70bbc6ab7194f2b9ee3f17903f7dc53ab81f0ba0f194
SERVER_HANDSHAKE_TRAFFIC_SECRET a55b97adf93d23220f49d0a9ec044e496549d29e4680ff9353c30b3c4d1e0f3c e53cd682d6c943265e53b1a01d494290a8f84820e9964f00f7ce37022bb4ee00
CLIENT_HANDSHAKE_TRAFFIC_SECRET a55b97adf93d23220f49d0a9ec044e496549d29e4680ff9353c30b3c4d1e0f3c 3dfce798766abce4404c0ed8013b217db9876985149ef50f41804537fccc04db
SERVER_TRAFFIC_SECRET_0 a55b97adf93d23220f49d0a9ec044e496549d29e4680ff9353c30b3c4d1e0f3c 5460ed552369eab06d43c5618042698da34bfe16413688a722db9ed22d4b0dca
CLIENT_HANDSHAKE_TRAFFIC_SECRET a55b97adf93d23220f49d0a9ec044e496549d29e4680ff9353c30b3c4d1e0f3c 3dfce798766abce4404c0ed8013b217db9876985149ef50f41804537fccc04db
SERVER_HANDSHAKE_TRAFFIC_SECRET a55b97adf93d23220f49d0a9ec044e496549d29e4680ff9353c30b3c4d1e0f3c e53cd682d6c943265e53b1a01d494290a8f84820e9964f00f7ce37022bb4ee00
CLIENT_TRAFFIC_SECRET_0 a55b97adf93d23220f49d0a9ec044e496549d29e4680ff9353c30b3c4d1e0f3c f7daf8e9f61ff6424a5a70af1a217fe1aeed9417ad1e1de9fe30ebc49a92dc04
SERVER_TRAFFIC_SECRET_0 a55b97adf93d23220f49d0a9ec044e496549d29e4680ff9353c30b3c4d1e0f3c 5460ed552369eab06d43c5618042698da34bfe16413688a722db9ed22d4b0dca
EXPORTER_SECRET a55b97adf93d23220f49d0a9ec044e496549d29e4680ff9353c30b3c4d1e0f3c 08d422def0e1307f26c79de63c83baa246b4520a353809feb8d075358d22e2f8
CLIENT_TRAFFIC_SECRET_0 a55b97adf93d23220f49d0a9ec044e496549d29e4680ff9353c30b3c4d1e0f3c f7daf8e9f61ff6424a5a70af1a217fe1aeed9417ad1e1de9fe30ebc49a92dc04
SERVER_HANDSHAKE_TRAFFIC_SECRET c01ff04bd5b880d301210946b79671405a177a0b02f4829751d3804933e0d0c6 a3b2cb934c8fd35abf0dc0eeec011093157c4539a0d9675e884a62b71549680d
CLIENT_HANDSHAKE_TRAFFIC_SECRET c01ff04bd5b880d301210946b79671405a177a0b02f4829751d3804933e0d0c6 639ac4e4dcffef15f15eeb48d27b0b8abb85528644385a3a609caa03d8d7f6c2
SERVER_TRAFFIC_SECRET_0 c01ff04bd5b880d301210946b79671405a177a0b02f4829751d3804933e0d0c6 347aa9b58e2d9be359f03177ac9cb6531ff79178ac4f7058a509b6ad7ce0e64d
CLIENT_HANDSHAKE_TRAFFIC_SECRET c01ff04bd5b880d301210946b79671405a177a0b02f4829751d3804933e0d0c6 639ac4e4dcffef15f15eeb48d27b0b8abb85528644385a3a609caa03d8d7f6c2
SERVER_HANDSHAKE_TRAFFIC_SECRET c01ff04bd5b880d301210946b79671405a177a0b02f4829751d3804933e0d0c6 a3b2cb934c8fd35abf0dc0eeec011093157c4539a0d9675e884a62b71549680d
CLIENT_TRAFFIC_SECRET_0 c01ff04bd5b880d301210946b79671405a177a0b02f4829751d3804933e0d0c6 49713f5329a669709e74e222dd6c36f5524af2200ee741d38d60b3f6e007e3da
SERVER_TRAFFIC_SECRET_0 c01ff04bd5b880d301210946b79671405a177a0b02f4829751d3804933e0d0c6 347aa9b58e2d9be359f03177ac9cb6531ff79178ac4f7058a509b6ad7ce0e64d
EXPORTER_SECRET c01ff04bd5b880d301210946b79671405a177a0b02f4829751d3804933e0d0c6 5937b702ea42d4f7bddf69b06d2b1f193a22e85c7efa5ec60b6b7c47a0261981
CLIENT_TRAFFIC_SECRET_0 c01ff04bd5b880d301210946b79671405a177a0b02f4829751d3804933e0d0c6 49713f5329a669709e74e222dd6c36f5524af2200ee741d38d60b3f6e007e3da
SERVER_HANDSHAKE_TRAFFIC_SECRET 1ead9f2d55b6112c456abb42257d512db876d9fe37688fe64b794ede44feb15f 8d7fe359953d14123ff577882e88b020479a8a2e0be7ba40e2289d752d6ead2a
CLIENT_HANDSHAKE_TRAFFIC_SECRET 1ead9f2d55b6112c456abb42257d512db876d9fe37688fe64b794ede44feb15f d9e17df1e8cdff49400cd409cc392cdb772c9eb2cf2b4854bf2954271b2dd30a
SERVER_TRAFFIC_SECRET_0 1ead9f2d55b6112c456abb42257d512db876d9fe37688fe64b794ede44feb15f 1e821f1fcb0525001f65f9731bc8f458880a8513d25f43be85ef1c336fab3cf2
CLIENT_HANDSHAKE_TRAFFIC_SECRET 1ead9f2d55b6112c456abb42257d512db876d9fe37688fe64b794ede44feb15f d9e17df1e8cdff49400cd409cc392cdb772c9eb2cf2b4854bf2954271b2dd30a
SERVER_HANDSHAKE_TRAFFIC_SECRET 1ead9f2d55b6112c456abb42257d512db876d9fe37688fe64b794ede44feb15f 8d7fe359953d14123ff577882e88b020479a8a2e0be7ba40e2289d752d6ead2a
CLIENT_TRAFFIC_SECRET_0 1ead9f2d55b6112c456abb42257d512db876d9fe37688fe64b794ede44feb15f 9669bbaa0250cd0f126ab8676e2648a597402e68759bcbd77314ab4169acfacf
SERVER_TRAFFIC_SECRET_0 1ead9f2d55b6112c456abb42257d512db876d9fe37688fe64b794ede44feb15f 1e821f1fcb0525001f65f9731bc8f458880a8513d25f43be85ef1c336fab3cf2
EXPORTER_SECRET 1ead9f2d55b6112c456abb42257d512db876d9fe37688fe64b794ede44feb15f fd9f121da32def2c7cad9874437193691a675c82519a9e424ae74cae6498788d
CLIENT_TRAFFIC_SECRET_0 1ead9f2d55b6112c456abb42257d512db876d9fe37688fe64b794ede44feb15f 9669bbaa0250cd0f126ab8676e2648a597402e68759bcbd77314ab4169acfacf
SERVER_HANDSHAKE_TRAFFIC_SECRET 184b0dfe6a6a822a174874b6a0312a38040359602e5ad152ab3db01e2c08f457 d8a097e4bf140f45d56cce2e430ceb375c357f1456145032f8f594716c46bca3
CLIENT_HANDSHAKE_TRAFFIC_SECRET 184b0dfe6a6a822a174874b6a0312a38040359602e5ad152ab3db01e2c08f457 f2e2491d98496d1dd71dbdb4cd5fcb8c1aebf3bfe34e50c4d3057ab898e6e5b6
SERVER_TRAFFIC_SECRET_0 184b0dfe6a6a822a174874b6a0312a38040359602e5ad152ab3db01e2c08f457 9d4089f9d9c3b9f1ef8aab2cdb28423cb7b850576f61e305dd1c84cb83375eb8
CLIENT_HANDSHAKE_TRAFFIC_SECRET 184b0dfe6a6a822a174874b6a0312a38040359602e5ad152ab3db01e2c08f457 f2e2491d98496d1dd71dbdb4cd5fcb8c1aebf3bfe34e50c4d3057ab898e6e5b6
SERVER_HANDSHAKE_TRAFFIC_SECRET 184b0dfe6a6a822a174874b6a0312a38040359602e5ad152ab3db01e2c08f457 d8a097e4bf140f45d56cce2e430ceb375c357f1456145032f8f594716c46bca3
CLIENT_TRAFFIC_SECRET_0 184b0dfe6a6a822a174874b6a0312a38040359602e5ad152ab3db01e2c08f457 41d3dc523e652daf44e35d6801c061df19e80eeaf75560e67e6b464b9c376b7f
SERVER_TRAFFIC_SECRET_0 184b0dfe6a6a822a174874b6a0312a38040359602e5ad152ab3db01e2c08f457 9d4089f9d9c3b9f1ef8aab2cdb28423cb7b850576f61e305dd1c84cb83375eb8
EXPORTER_SECRET 184b0dfe6a6a822a174874b6a0312a38040359602e5ad152ab3db01e2c08f457 07d4f3d8d3fc0c77ecc129c199b03123e416afa5cf72077999cf6ecbc4f96a0d
CLIENT_TRAFFIC_SECRET_0 184b0dfe6a6a822a174874b6a0312a38040359602e5ad152ab3db01e2c08f457 41d3dc523e652daf44e35d6801c061df19e80eeaf75560e67e6b464b9c376b7f
SERVER_HANDSHAKE_TRAFFIC_SECRET efc879f32098715352fee503013e47c8b71e0fff63fa339b57a4f51a80d60202 5ffa65fdbd873795348b969779f8be4f6093c2770b9da4171b94671cc0094c8c
CLIENT_HANDSHAKE_TRAFFIC_SECRET efc879f32098715352fee503013e47c8b71e0fff63fa339b57a4f51a80d60202 23df5f3c539c629035b3992d75996487fab893cd2d87793c37240645884be1f5
SERVER_TRAFFIC_SECRET_0 efc879f32098715352fee503013e47c8b71e0fff63fa339b57a4f51a80d60202 c43eb4234f1c76da8b8bfa5e5bfdb4457b37998bb9fc58aaebc6cd993afb8b61
CLIENT_HANDSHAKE_TRAFFIC_SECRET efc879f32098715352fee503013e47c8b71e0fff63fa339b57a4f51a80d60202 23df5f3c539c629035b3992d75996487fab893cd2d87793c37240645884be1f5
SERVER_HANDSHAKE_TRAFFIC_SECRET efc879f32098715352fee503013e47c8b71e0fff63fa339b57a4f51a80d60202 5ffa65fdbd873795348b969779f8be4f6093c2770b9da4171b94671cc0094c8c
CLIENT_TRAFFIC_SECRET_0 efc879f32098715352fee503013e47c8b71e0fff63fa339b57a4f51a80d60202 b1b2fa3dd4d7a29916ac5a2086b9124b6b16422a0fc4cdb92c36f9469a18a5fb
SERVER_TRAFFIC_SECRET_0 efc879f32098715352fee503013e47c8b71e0fff63fa339b57a4f51a80d60202 c43eb4234f1c76da8b8bfa5e5bfdb4457b37998bb9fc58aaebc6cd993afb8b61
EXPORTER_SECRET efc879f32098715352fee503013e47c8b71e0fff63fa339b57a4f51a80d60202 4500242be0d98b508d99c910ac098e782b99e03c5e475dece431d1a96955123a
CLIENT_TRAFFIC_SECRET_0 efc879f32098715352fee503013e47c8b71e0fff63fa339b57a4f51a80d60202 b1b2fa3dd4d7a29916ac5a2086b9124b6b16422a0fc4cdb92c36f9469a18a5fb
SERVER_HANDSHAKE_TRAFFIC_SECRET e2218c2bbc99ee0717943b6e400218a01f0e32f6fcbc208dce478f826c366b62 4e38b06e9e81641fa26bc57ceb2b621d387635fc820fef6def463b286236833d
CLIENT_HANDSHAKE_TRAFFIC_SECRET e2218c2bbc99ee0717943b6e400218a01f0e32f6fcbc208dce478f826c366b62 ad4a742d5271a82bd874f2df11356cb7d703ab08f910e78ff88df212a6427926
SERVER_TRAFFIC_SECRET_0 e2218c2bbc99ee0717943b6e400218a01f0e32f6fcbc208dce478f826c366b62 a8c68e8ea87a3df50ae94dd0f50353f9514415c6f3b8c90cd8d8d7238c974a0b
CLIENT_HANDSHAKE_TRAFFIC_SECRET e2218c2bbc99ee0717943b6e400218a01f0e32f6fcbc208dce478f826c366b62 ad4a742d5271a82bd874f2df11356cb7d703ab08f910e78ff88df212a6427926
SERVER_HANDSHAKE_TRAFFIC_SECRET e2218c2bbc99ee0717943b6e400218a01f0e32f6fcbc208dce478f826c366b62 4e38b06e9e81641fa26bc57ceb2b621d387635fc820fef6def463b286236833d
CLIENT_TRAFFIC_SECRET_0 e2218c2bbc99ee0717943b6e400218a01f0e32f6fcbc208dce478f826c366b62 5df56c7121220e38f99efe4f123d6b0eb2bd0fdf043cb3c81d7c1e3fcb2161f2
SERVER_TRAFFIC_SECRET_0 e2218c2bbc99ee0717943b6e400218a01f0e32f6fcbc208dce478f826c366b62 a8c68e8ea87a3df50ae94dd0f50353f9514415c6f3b8c90cd8d8d7238c974a0b
EXPORTER_SECRET e2218c2bbc99ee0717943b6e400218a01f0e32f6fcbc208dce478f826c366b62 6f62752b2813afb340e3f698bad352875f6ebe0da93aeaae6a906650d8a4a9d2
CLIENT_TRAFFIC_SECRET_0 e2218c2bbc99ee0717943b6e400218a01f0e32f6fcbc208dce478f826c366b62 5df56c7121220e38f99efe4f123d6b0eb2bd0fdf043cb3c81d7c1e3fcb2161f2
SERVER_HANDSHAKE_TRAFFIC_SECRET 8efbc0d6c55f576c08476870e84304bb183b297969d6e6dd1d3de4de08c4133d db067a61aedf448fc0ad7bee99a0c0cf73abd4b8b282cdb827840ac3bec17675
CLIENT_HANDSHAKE_TRAFFIC_SECRET 8efbc0d6c55f576c08476870e84304bb183b297969d6e6dd1d3de4de08c4133d d91685794f02e89052350058c86716c526da060af24acaf57e9d865a407df57e
SERVER_TRAFFIC_SECRET_0 8efbc0d6c55f576c08476870e84304bb183b297969d6e6dd1d3de4de08c4133d d777d0d9ab8cd03b36a1a6272d9bd39b668b68b72679a6279f6c23e70d5ea166
CLIENT_HANDSHAKE_TRAFFIC_SECRET 8efbc0d6c55f576c08476870e84304bb183b297969d6e6dd1d3de4de08c4133d d91685794f02e89052350058c86716c526da060af24acaf57e9d865a407df57e
SERVER_HANDSHAKE_TRAFFIC_SECRET 8efbc0d6c55f576c08476870e84304bb183b297969d6e6dd1d3de4de08c4133d db067a61aedf448fc0ad7bee99a0c0cf73abd4b8b282cdb827840ac3bec17675
CLIENT_TRAFFIC_SECRET_0 8efbc0d6c55f576c08476870e84304bb183b297969d6e6dd1d3de4de08c4133d f1731b1c2a2d64fd0e86852eeadb03c5b5f7fe18a718dd0f914070ce57c7a22d
SERVER_TRAFFIC_SECRET_0 8efbc0d6c55f576c08476870e84304bb183b297969d6e6dd1d3de4de08c4133d d777d0d9ab8cd03b36a1a6272d9bd39b668b68b72679a6279f6c23e70d5ea166
EXPORTER_SECRET 8efbc0d6c55f576c08476870e84304bb183b297969d6e6dd1d3de4de08c4133d b706de411973b491074dc3190aec1ef3edb7f8910f362131d36996573a70aeaf
CLIENT_TRAFFIC_SECRET_0 8efbc0d6c55f576c08476870e84304bb183b297969d6e6dd1d3de4de08c4133d f1731b1c2a2d64fd0e86852eeadb03c5b5f7fe18a718dd0f914070ce57c7a22d
SERVER_HANDSHAKE_TRAFFIC_SECRET 30831ec97ac1e0490f1c63e25a94fce0bf0d149012a41deed1e8e9a50174cd25 2bf5673d6d2b0d8da34d6ee34e85fb65c526f9de9d909d66070133461598cd28
CLIENT_HANDSHAKE_TRAFFIC_SECRET 30831ec97ac1e0490f1c63e25a94fce0bf0d149012a41deed1e8e9a50174cd25 bd02ea26728decd999fb32a9ff67fb06e9a995e4d33c5fc3fef09537820ec44e
SERVER_TRAFFIC_SECRET_0 30831ec97ac1e0490f1c63e25a94fce0bf0d149012a41deed1e8e9a50174cd25 2ef77320182c77db5b0cce8de3491e686178b99826adb74fd90730b6ffd90bb6
CLIENT_HANDSHAKE_TRAFFIC_SECRET 30831ec97ac1e0490f1c63e25a94fce0bf0d149012a41deed1e8e9a50174cd25 bd02ea26728decd999fb32a9ff67fb06e9a995e4d33c5fc3fef09537820ec44e
SERVER_HANDSHAKE_TRAFFIC_SECRET 30831ec97ac1e0490f1c63e25a94fce0bf0d149012a41deed1e8e9a50174cd25 2bf5673d6d2b0d8da34d6ee34e85fb65c526f9de9d909d66070133461598cd28
CLIENT_TRAFFIC_SECRET_0 30831ec97ac1e0490f1c63e25a94fce0bf0d149012a41deed1e8e9a50174cd25 97b165d7888065859c22273b21b6d3b3a4e8004de9f2a07b101b756c5ed6d556
SERVER_TRAFFIC_SECRET_0 30831ec97ac1e0490f1c63e25a94fce0bf0d149012a41deed1e8e9a50174cd25 2ef77320182c77db5b0cce8de3491e686178b99826adb74fd90730b6ffd90bb6
EXPORTER_SECRET 30831ec97ac1e0490f1c63e25a94fce0bf0d149012a41deed1e8e9a50174cd25 d6f85d83737d6eb239076823121ceeb01499890fe928846ad6c5b1ccc3f54ac6
CLIENT_TRAFFIC_SECRET_0 30831ec97ac1e0490f1c63e25a94fce0bf0d149012a41deed1e8e9a50174cd25 97b165d7888065859c22273b21b6d3b3a4e8004de9f2a07b101b756c5ed6d556
SERVER_HANDSHAKE_TRAFFIC_SECRET 8c2bacc0b7c7b888b3cae155a027b00039f74859b4c46faad2d62428b2bc9c5d ad74be60270bfde66fae57f80f1eb67aa73b354efcf11601dadb34b16c0faf23
CLIENT_HANDSHAKE_TRAFFIC_SECRET 8c2bacc0b7c7b888b3cae155a027b00039f74859b4c46faad2d62428b2bc9c5d 0b5b842d20f69868bafb30c7422a8754818a6feea89486b14248680e6700f3dd
SERVER_TRAFFIC_SECRET_0 8c2bacc0b7c7b888b3cae155a027b00039f74859b4c46faad2d62428b2bc9c5d 067f05462eb690c9391069766b88f41187c6979540d7e87e800f014036c78684
CLIENT_HANDSHAKE_TRAFFIC_SECRET 8c2bacc0b7c7b888b3cae155a027b00039f74859b4c46faad2d62428b2bc9c5d 0b5b842d20f69868bafb30c7422a8754818a6feea89486b14248680e6700f3dd
SERVER_HANDSHAKE_TRAFFIC_SECRET 8c2bacc0b7c7b888b3cae155a027b00039f74859b4c46faad2d62428b2bc9c5d ad74be60270bfde66fae57f80f1eb67aa73b354efcf11601dadb34b16c0faf23
CLIENT_TRAFFIC_SECRET_0 8c2bacc0b7c7b888b3cae155a027b00039f74859b4c46faad2d62428b2bc9c5d bc622bee7124990856889e78cf4c27486b612e27aeb69f4c7ea304bb154d680f
SERVER_TRAFFIC_SECRET_0 8c2bacc0b7c7b888b3cae155a027b00039f74859b4c46faad2d62428b2bc9c5d 067f05462eb690c9391069766b88f41187c6979540d7e87e800f014036c78684
EXPORTER_SECRET 8c2bacc0b7c7b888b3cae155a027b00039f74859b4c46faad2d62428b2bc9c5d 3712219a8af5963596cd92d39b45571429e4f187b052f33f5f7200ad4ac00d99
CLIENT_TRAFFIC_SECRET_0 8c2bacc0b7c7b888b3cae155a027b00039f74859b4c46faad2d62428b2bc9c5d bc622bee7124990856889e78cf4c27486b612e27aeb69f4c7ea304bb154d680f
SERVER_HANDSHAKE_TRAFFIC_SECRET 8e2ebec4775ebcb8b43a3e52721f44e2375a075ab536bdc8a7190160cc124979 52cdb84ea7bf471087d17e862501f772e1aa3f3a4b74cde6f7c11b4b898470de
CLIENT_HANDSHAKE_TRAFFIC_SECRET 8e2ebec4775ebcb8b43a3e52721f44e2375a075ab536bdc8a7190160cc124979 bc05f7d2f118ab01bed088a4a3c90986a9589b2da9b7917b49aef9b91bdd93ad
SERVER_TRAFFIC_SECRET_0 8e2ebec4775ebcb8b43a3e52721f44e2375a075ab536bdc8a7190160cc124979 2d6b075725f00909a872e0659d56372846559fa82f856aa02b6d698a1bf55be0
CLIENT_HANDSHAKE_TRAFFIC_SECRET 8e2ebec4775ebcb8b43a3e52721f44e2375a075ab536bdc8a7190160cc124979 bc05f7d2f118ab01bed088a4a3c90986a9589b2da9b7917b49aef9b91bdd93ad
SERVER_HANDSHAKE_TRAFFIC_SECRET 8e2ebec4775ebcb8b43a3e52721f44e2375a075ab536bdc8a7190160cc124979 52cdb84ea7bf471087d17e862501f772e1aa3f3a4b74cde6f7c11b4b898470de
CLIENT_TRAFFIC_SECRET_0 8e2ebec4775ebcb8b43a3e52721f44e2375a075ab536bdc8a7190160cc124979 a97fa708cd2da7f0e19ab6f84c868a937cd798a0c9e2f19d54088b2ae87dcc91
SERVER_TRAFFIC_SECRET_0 8e2ebec4775ebcb8b43a3e52721f44e2375a075ab536bdc8a7190160cc124979 2d6b075725f00909a872e0659d56372846559fa82f856aa02b6d698a1bf55be0
EXPORTER_SECRET 8e2ebec4775ebcb8b43a3e52721f44e2375a075ab536bdc8a7190160cc124979 31372870730d16938d7e88a7517054de03a23623e2511155516c3c99e34c1355
CLIENT_TRAFFIC_SECRET_0 8e2ebec4775ebcb8b43a3e52721f44e2375a075ab536bdc8a7190160cc124979 a97fa708cd2da7f0e19ab6f84c868a937cd798a0c9e2f19d54088b2ae87dcc91
SERVER_HANDSHAKE_TRAFFIC_SECRET 3b9c8456c9d226d8f4a2879cd1e383278f486e5a13befcde7864463989299119 a9be630d7e3eea868428f2726cbe9740a1ac9cf8b89a442ec5e65bd87b2ee6d8
CLIENT_HANDSHAKE_TRAFFIC_SECRET 3b9c8456c9d226d8f4a2879cd1e383278f486e5a13befcde7864463989299119 2a653bfdc90ed6f1c90a40c000ec9e637f80e18dd5824d1d723b46eee09dfa4f
SERVER_TRAFFIC_SECRET_0 3b9c8456c9d226d8f4a2879cd1e383278f486e5a13befcde7864463989299119 946d597f47c6b459690f3709ad517e29be3e1e5f29332f0fba4ae98bbfdee63a
CLIENT_HANDSHAKE_TRAFFIC_SECRET 3b9c8456c9d226d8f4a2879cd1e383278f486e5a13befcde7864463989299119 2a653bfdc90ed6f1c90a40c000ec9e637f80e18dd5824d1d723b46eee09dfa4f
SERVER_HANDSHAKE_TRAFFIC_SECRET 3b9c8456c9d226d8f4a2879cd1e383278f486e5a13befcde7864463989299119 a9be630d7e3eea868428f2726cbe9740a1ac9cf8b89a442ec5e65bd87b2ee6d8
CLIENT_TRAFFIC_SECRET_0 3b9c8456c9d226d8f4a2879cd1e383278f486e5a13befcde7864463989299119 969f612252ea3f3d9058aabeb707abccbea5c23d032ed24463817bc5de0a9896
SERVER_TRAFFIC_SECRET_0 3b9c8456c9d226d8f4a2879cd1e383278f486e5a13befcde7864463989299119 946d597f47c6b459690f3709ad517e29be3e1e5f29332f0fba4ae98bbfdee63a
EXPORTER_SECRET 3b9c8456c9d226d8f4a2879cd1e383278f486e5a13befcde7864463989299119 5150fd1f36467412d94974679ac97b507e3e3dd0f90afd7aec233dcee60dffac
CLIENT_TRAFFIC_SECRET_0 3b9c8456c9d226d8f4a2879cd1e383278f486e5a13befcde7864463989299119 969f612252ea3f3d9058aabeb707abccbea5c23d032ed24463817bc5de0a9896
SERVER_HANDSHAKE_TRAFFIC_SECRET 079eb30c6c7b4c0ab77484a8ca1322c973bd6e56d37e70f74aabd4bcc9742e5b d4101c5fcdbbc686d3b85231e311c4f83aa65c12eff2848ea5a4409ac191e2d3
CLIENT_HANDSHAKE_TRAFFIC_SECRET 079eb30c6c7b4c0ab77484a8ca1322c973bd6e56d37e70f74aabd4bcc9742e5b ba078cd0decc17a99872fb3234dfd10f7f5a5cccabede202ec12b989ec128ed4
SERVER_TRAFFIC_SECRET_0 079eb30c6c7b4c0ab77484a8ca1322c973bd6e56d37e70f74aabd4bcc9742e5b 3582f766ff77b052dd19419e474c58b559e97c6be0273af124fde13835ef830b
CLIENT_HANDSHAKE_TRAFFIC_SECRET 079eb30c6c7b4c0ab77484a8ca1322c973bd6e56d37e70f74aabd4bcc9742e5b ba078cd0decc17a99872fb3234dfd10f7f5a5cccabede202ec12b989ec128ed4
SERVER_HANDSHAKE_TRAFFIC_SECRET 079eb30c6c7b4c0ab77484a8ca1322c973bd6e56d37e70f74aabd4bcc9742e5b d4101c5fcdbbc686d3b85231e311c4f83aa65c12eff2848ea5a4409ac191e2d3
CLIENT_TRAFFIC_SECRET_0 079eb30c6c7b4c0ab77484a8ca1322c973bd6e56d37e70f74aabd4bcc9742e5b a788d903b9277e2e4c48eab3b5917ac277af75a7900d186bea17a0b0ffda4fc8
SERVER_TRAFFIC_SECRET_0 079eb30c6c7b4c0ab77484a8ca1322c973bd6e56d37e70f74aabd4bcc9742e5b 3582f766ff77b052dd19419e474c58b559e97c6be0273af124fde13835ef830b
EXPORTER_SECRET 079eb30c6c7b4c0ab77484a8ca1322c973bd6e56d37e70f74aabd4bcc9742e5b 4255f237c3252d46be5612a4c5802c815ad5ff54ef766ae531e89a6b94b25775
CLIENT_TRAFFIC_SECRET_0 079eb30c6c7b4c0ab77484a8ca1322c973bd6e56d37e70f74aabd4bcc9742e5b a788d903b9277e2e4c48eab3b5917ac277af75a7900d186bea17a0b0ffda4fc8
SERVER_HANDSHAKE_TRAFFIC_SECRET 1ca848a579ff730c746ced84faa3063062aa714a3bc40aabebd2c5f9b39b4587 810ac0178e9823ad365e02fcf68ff8f9dd6d041ef2eb76e23fd575afbaa5e23b
CLIENT_HANDSHAKE_TRAFFIC_SECRET 1ca848a579ff730c746ced84faa3063062aa714a3bc40aabebd2c5f9b39b4587 717834595d9454cea6503f9c4fad9835b471690d1587a6b7ee3f793b6592f038
SERVER_TRAFFIC_SECRET_0 1ca848a579ff730c746ced84faa3063062aa714a3bc40aabebd2c5f9b39b4587 30641cf584f2ef03f1b34e914492ad93711cd0b13994897cc8b55738bb1cf763
CLIENT_HANDSHAKE_TRAFFIC_SECRET 1ca848a579ff730c746ced84faa3063062aa714a3bc40aabebd2c5f9b39b4587 717834595d9454cea6503f9c4fad9835b471690d1587a6b7ee3f793b6592f038
SERVER_HANDSHAKE_TRAFFIC_SECRET 1ca848a579ff730c746ced84faa3063062aa714a3bc40aabebd2c5f9b39b4587 810ac0178e9823ad365e02fcf68ff8f9dd6d041ef2eb76e23fd575afbaa5e23b
CLIENT_TRAFFIC_SECRET_0 1ca848a579ff730c746ced84faa3063062aa714a3bc40aabebd2c5f9b39b4587 f34213100122a13023fc033abe5dd242ff8d4ba38c816a846f38fc9d0d8db970
SERVER_TRAFFIC_SECRET_0 1ca848a579ff730c746ced84faa3063062aa714a3bc40aabebd2c5f9b39b4587 30641cf584f2ef03f1b34e914492ad93711cd0b13994897cc8b55738bb1cf763
EXPORTER_SECRET 1ca848a579ff730c746ced84faa3063062aa714a3bc40aabebd2c5f9b39b4587 0fe8f6288998cecaf61d36cbf62c60f98284635a023d29b0cd8b039cdaac4ab8
CLIENT_TRAFFIC_SECRET_0 1ca848a579ff730c746ced84faa3063062aa714a3bc40aabebd2c5f9b39b4587 f34213100122a13023fc033abe5dd242ff8d4ba38c816a846f38fc9d0d8db970
SERVER_HANDSHAKE_TRAFFIC_SECRET 8ab71b42df8dc1f3db3688eaf4965f41e8c57173fe481616df139a1db5955b3c b40daecf1be34b45491557341387b144cc683fe07e2739d886fac308ea043438
CLIENT_HANDSHAKE_TRAFFIC_SECRET 8ab71b42df8dc1f3db3688eaf4965f41e8c57173fe481616df139a1db5955b3c f756727af0c75c5843557c31f61355f4e61c2f30f5a0033e41d348f6faacabd5
SERVER_TRAFFIC_SECRET_0 8ab71b42df8dc1f3db3688eaf4965f41e8c57173fe481616df139a1db5955b3c 1b49ddedcb8599c6e7d44fab3aeaeff23d7b43653840b5408170a6cb030484a3
CLIENT_HANDSHAKE_TRAFFIC_SECRET 8ab71b42df8dc1f3db3688eaf4965f41e8c57173fe481616df139a1db5955b3c f756727af0c75c5843557c31f61355f4e61c2f30f5a0033e41d348f6faacabd5
SERVER_HANDSHAKE_TRAFFIC_SECRET 8ab71b42df8dc1f3db3688eaf4965f41e8c57173fe481616df139a1db5955b3c b40daecf1be34b45491557341387b144cc683fe07e2739d886fac308ea043438
CLIENT_TRAFFIC_SECRET_0 8ab71b42df8dc1f3db3688eaf4965f41e8c57173fe481616df139a1db5955b3c 95b09a16fee9dfb008569d7c39f02ebd6bf47eedd03e8c785722229d3a29e5eb
SERVER_TRAFFIC_SECRET_0 8ab71b42df8dc1f3db3688eaf4965f41e8c57173fe481616df139a1db5955b3c 1b49ddedcb8599c6e7d44fab3aeaeff23d7b43653840b5408170a6cb030484a3
EXPORTER_SECRET 8ab71b42df8dc1f3db3688eaf4965f41e8c57173fe481616df139a1db5955b3c 8775a5c82bdef98978b592578b0d63828b4dbac221c3179f7a7457789a4c0afe
CLIENT_TRAFFIC_SECRET_0 8ab71b42df8dc1f3db3688eaf4965f41e8c57173fe481616df139a1db5955b3c 95b09a16fee9dfb008569d7c39f02ebd6bf47eedd03e8c785722229d3a29e5eb
SERVER_HANDSHAKE_TRAFFIC_SECRET 5ed94bbc005b5f8f68aa1484cafb09a5908c05de2f079faa9c63297c095dc10c 0ba3edffd2ae8c6d885c5bb7aebf492b790fd72557f4982da345d984d55037cc
CLIENT_HANDSHAKE_TRAFFIC_SECRET 5ed94bbc005b5f8f68aa1484cafb09a5908c05de2f079faa9c63297c095dc10c 2af5a0ff7a1db32bb283d21a36baf2e1dc69f22c6c1fddfccca0691aa00b56e4
SERVER_TRAFFIC_SECRET_0 5ed94bbc005b5f8f68aa1484cafb09a5908c05de2f079faa9c63297c095dc10c c22b6edd2ef83120905d8e50f5950c7c4064e6517e0d8aae09a3687c108f91df
CLIENT_HANDSHAKE_TRAFFIC_SECRET 5ed94bbc005b5f8f68aa1484cafb09a5908c05de2f079faa9c63297c095dc10c 2af5a0ff7a1db32bb283d21a36baf2e1dc69f22c6c1fddfccca0691aa00b56e4
SERVER_HANDSHAKE_TRAFFIC_SECRET 5ed94bbc005b5f8f68aa1484cafb09a5908c05de2f079faa9c63297c095dc10c 0ba3edffd2ae8c6d885c5bb7aebf492b790fd72557f4982da345d984d55037cc
CLIENT_TRAFFIC_SECRET_0 5ed94bbc005b5f8f68aa1484cafb09a5908c05de2f079faa9c63297c095dc10c 994dcbd9e7409b4d7bb9911969e3d4e5aefc1e5427367a4fa7892f6ac4828ce1
SERVER_TRAFFIC_SECRET_0 5ed94bbc005b5f8f68aa1484cafb09a5908c05de2f079faa9c63297c095dc10c c22b6edd2ef83120905d8e50f5950c7c4064e6517e0d8aae09a3687c108f91df
EXPORTER_SECRET 5ed94bbc005b5f8f68aa1484cafb09a5908c05de2f079faa9c63297c095dc10c ce74f2feeae5698c6513c00210a426afccd75ced063bc333ab1a50578882d89b
CLIENT_TRAFFIC_SECRET_0 5ed94bbc005b5f8f68aa1484cafb09a5908c05de2f079faa9c63297c095dc10c 994dcbd9e7409b4d7bb9911969e3d4e5aefc1e5427367a4fa7892f6ac4828ce1
SERVER_HANDSHAKE_TRAFFIC_SECRET 43554d2a6d8eb6ccdaefe56be70a7c602a5bdb2cee486a107f77e4b26e7fbba3 9be50e41d492cbee8a29cc35a56c20faacc1d9d87a6076c7f89102daba10f5c2
CLIENT_HANDSHAKE_TRAFFIC_SECRET 43554d2a6d8eb6ccdaefe56be70a7c602a5bdb2cee486a107f77e4b26e7fbba3 75fd8e56eafd0307a4f23c1c21b2893b19ba62bf7dce12be1c7d41bc949d8d3a
SERVER_TRAFFIC_SECRET_0 43554d2a6d8eb6ccdaefe56be70a7c602a5bdb2cee486a107f77e4b26e7fbba3 0acd2d94704d2076a6c192aa3fc75bf236b42bd1ddec316111bea6853f11d8cf
CLIENT_HANDSHAKE_TRAFFIC_SECRET 43554d2a6d8eb6ccdaefe56be70a7c602a5bdb2cee486a107f77e4b26e7fbba3 75fd8e56eafd0307a4f23c1c21b2893b19ba62bf7dce12be1c7d41bc949d8d3a
SERVER_HANDSHAKE_TRAFFIC_SECRET 43554d2a6d8eb6ccdaefe56be70a7c602a5bdb2cee486a107f77e4b26e7fbba3 9be50e41d492cbee8a29cc35a56c20faacc1d9d87a6076c7f89102daba10f5c2
CLIENT_TRAFFIC_SECRET_0 43554d2a6d8eb6ccdaefe56be70a7c602a5bdb2cee486a107f77e4b26e7fbba3 5f37757af0058eb34299720ae9b6c8a4f043b3e379f6efbb1aeac13861d271ee
SERVER_TRAFFIC_SECRET_0 43554d2a6d8eb6ccdaefe56be70a7c602a5bdb2cee486a107f77e4b26e7fbba3 0acd2d94704d2076a6c192aa3fc75bf236b42bd1ddec316111bea6853f11d8cf
EXPORTER_SECRET 43554d2a6d8eb6ccdaefe56be70a7c602a5bdb2cee486a107f77e4b26e7fbba3 8ccffd075b67bc0883167022f8f53a0e62e26881f5135da35dc78a8b3bd92735
CLIENT_TRAFFIC_SECRET_0 43554d2a6d8eb6ccdaefe56be70a7c602a5bdb2cee486a107f77e4b26e7fbba3 5f37757af0058eb34299720ae9b6c8a4f043b3e379f6efbb1aeac13861d271ee
SERVER_HANDSHAKE_TRAFFIC_SECRET 081f1c2d07307a9773896041e4ad62654514a10f0c33933014d32483a91f6315 909370ee939f71a83e669aa2078f604d9af5d796060adebf36efe223ad1cf144
CLIENT_HANDSHAKE_TRAFFIC_SECRET 081f1c2d07307a9773896041e4ad62654514a10f0c33933014d32483a91f6315 38ad291fc08716c7e375c656cc5723a855a17e89a6d7fc37f26a5e69d927771f
SERVER_TRAFFIC_SECRET_0 081f1c2d07307a9773896041e4ad62654514a10f0c33933014d32483a91f6315 27be9682d315667c8f85cff9ed53d5120be72bb53fc2a40d2b4aa78d1bba921b
CLIENT_HANDSHAKE_TRAFFIC_SECRET 081f1c2d07307a9773896041e4ad62654514a10f0c33933014d32483a91f6315 38ad291fc08716c7e375c656cc5723a855a17e89a6d7fc37f26a5e69d927771f
SERVER_HANDSHAKE_TRAFFIC_SECRET 081f1c2d07307a9773896041e4ad62654514a10f0c33933014d32483a91f6315 909370ee939f71a83e669aa2078f604d9af5d796060adebf36efe223ad1cf144
CLIENT_TRAFFIC_SECRET_0 081f1c2d07307a9773896041e4ad62654514a10f0c33933014d32483a91f6315 bb88ecf44c4b1333adaf4209fcb7aa58437b09e3558b42baf254b4359880fb28
SERVER_TRAFFIC_SECRET_0 081f1c2d07307a9773896041e4ad62654514a10f0c33933014d32483a91f6315 27be9682d315667c8f85cff9ed53d5120be72bb53fc2a40d2b4aa78d1bba921b
EXPORTER_SECRET 081f1c2d07307a9773896041e4ad62654514a10f0c33933014d32483a91f6315 54d936c2c165fa33443f1112b899b7afe893ffdf303e3ef016735c34a1ee9c67
CLIENT_TRAFFIC_SECRET_0 081f1c2d07307a9773896041e4ad62654514a10f0c33933014d32483a91f6315 bb88ecf44c4b1333adaf4209fcb7aa58437b09e3558b42baf254b4359880fb28
SERVER_HANDSHAKE_TRAFFIC_SECRET 473febafda1d05a733d25df9148b11c98570dc072c6d15d82edb124f620459dc 38fde3b5b9f16c48ecccf4f55cf486a22bb0117e7e6c33d8ccd25a3781958d44
CLIENT_HANDSHAKE_TRAFFIC_SECRET 473febafda1d05a733d25df9148b11c98570dc072c6d15d82edb124f620459dc 83ee8c8781f14cae2780cfc7944ee27bb3443a99c3d8e430f73817a9bbbae9f3
SERVER_TRAFFIC_SECRET_0 473febafda1d05a733d25df9148b11c98570dc072c6d15d82edb124f620459dc 052cb6911e2df18ce1cab26a1b069d8b8e69228e0affd6384a2b5b83b6241e84
CLIENT_HANDSHAKE_TRAFFIC_SECRET 473febafda1d05a733d25df9148b11c98570dc072c6d15d82edb124f620459dc 83ee8c8781f14cae2780cfc7944ee27bb3443a99c3d8e430f73817a9bbbae9f3
SERVER_HANDSHAKE_TRAFFIC_SECRET 473febafda1d05a733d25df9148b11c98570dc072c6d15d82edb124f620459dc 38fde3b5b9f16c48ecccf4f55cf486a22bb0117e7e6c33d8ccd25a3781958d44
CLIENT_TRAFFIC_SECRET_0 473febafda1d05a733d25df9148b11c98570dc072c6d15d82edb124f620459dc a4765efb9cb8da00eb7bd7689655d5912b86beebf3d27db219075afcd1c5880f
SERVER_TRAFFIC_SECRET_0 473febafda1d05a733d25df9148b11c98570dc072c6d15d82edb124f620459dc 052cb6911e2df18ce1cab26a1b069d8b8e69228e0affd6384a2b5b83b6241e84
EXPORTER_SECRET 473febafda1d05a733d25df9148b11c98570dc072c6d15d82edb124f620459dc 52993d5ec1a9732b5f2e7c1ce2cec2b0dcea005ddf5ef0f5a54f33e81c304a97
CLIENT_TRAFFIC_SECRET_0 473febafda1d05a733d25df9148b11c98570dc072c6d15d82edb124f620459dc a4765efb9cb8da00eb7bd7689655d5912b86beebf3d27db219075afcd1c5880f
SERVER_HANDSHAKE_TRAFFIC_SECRET b7e490658da53ecbbae65bea3aa409afaaf9558b4b242d9fb0f0db53f1e0bced b85472a704c118ca968c5076552a2560103c10b9e24c19c5ba0fdc282353696c
CLIENT_HANDSHAKE_TRAFFIC_SECRET b7e490658da53ecbbae65bea3aa409afaaf9558b4b242d9fb0f0db53f1e0bced 6fe012692c536b8643036a509478aa4d096d26e8729f500458c576594c1fc8ab
SERVER_TRAFFIC_SECRET_0 b7e490658da53ecbbae65bea3aa409afaaf9558b4b242d9fb0f0db53f1e0bced 13951dff882f1658883e07ad4b3c2564c17f4fb2817aa669f0e986695dabfdd7
CLIENT_HANDSHAKE_TRAFFIC_SECRET b7e490658da53ecbbae65bea3aa409afaaf9558b4b242d9fb0f0db53f1e0bced 6fe012692c536b8643036a509478aa4d096d26e8729f500458c576594c1fc8ab
SERVER_HANDSHAKE_TRAFFIC_SECRET b7e490658da53ecbbae65bea3aa409afaaf9558b4b242d9fb0f0db53f1e0bced b85472a704c118ca968c5076552a2560103c10b9e24c19c5ba0fdc282353696c
CLIENT_TRAFFIC_SECRET_0 b7e490658da53ecbbae65bea3aa409afaaf9558b4b242d9fb0f0db53f1e0bced 2b797e157a6de7f3c8d770dac9b27fb07c47be0db3e9b4c88543a799f5e3631d
SERVER_TRAFFIC_SECRET_0 b7e490658da53ecbbae65bea3aa409afaaf9558b4b242d9fb0f0db53f1e0bced 13951dff882f1658883e07ad4b3c2564c17f4fb2817aa669f0e986695dabfdd7
EXPORTER_SECRET b7e490658da53ecbbae65bea3aa409afaaf9558b4b242d9fb0f0db53f1e0bced 6b56bc7722f26707364b0cb0c99ee7aa5a08af95368254dc01fc95193d0aaec4
CLIENT_TRAFFIC_SECRET_0 b7e490658da53ecbbae65bea3aa409afaaf9558b4b242d9fb0f0db53f1e0bced 2b797e157a6de7f3c8d770dac9b27fb07c47be0db3e9b4c88543a799f5e3631d
SERVER_HANDSHAKE_TRAFFIC_SECRET 384584a5ff0db94430eedf8661d8e11d2d39455c8a8d0c76747bf1814183dc6e bd284d542e1dcd3fdfa9b927d69b59eb25f0e476ab749388f6048f892f7e9685
CLIENT_HANDSHAKE_TRAFFIC_SECRET 384584a5ff0db94430eedf8661d8e11d2d39455c8a8d0c76747bf1814183dc6e 938e723652042a4db9d419463ce61bf6534a82bfc4f2d27a97fc5cd87b643b09
SERVER_TRAFFIC_SECRET_0 384584a5ff0db94430eedf8661d8e11d2d39455c8a8d0c76747bf1814183dc6e c3c4e8623aecbba68c89cbedf993946eb7c6b650d0b222bc179d41499f424a13
CLIENT_HANDSHAKE_TRAFFIC_SECRET 384584a5ff0db94430eedf8661d8e11d2d39455c8a8d0c76747bf1814183dc6e 938e723652042a4db9d419463ce61bf6534a82bfc4f2d27a97fc5cd87b643b09
SERVER_HANDSHAKE_TRAFFIC_SECRET 384584a5ff0db94430eedf8661d8e11d2d39455c8a8d0c76747bf1814183dc6e bd284d542e1dcd3fdfa9b927d69b59eb25f0e476ab749388f6048f892f7e9685
CLIENT_TRAFFIC_SECRET_0 384584a5ff0db94430eedf8661d8e11d2d39455c8a8d0c76747bf1814183dc6e 8d0ee1153096b7b23867a60a2d162b59d5ec1f6ec8b898b859c5528aa06752df
SERVER_TRAFFIC_SECRET_0 384584a5ff0db94430eedf8661d8e11d2d39455c8a8d0c76747bf1814183dc6e c3c4e8623aecbba68c89cbedf993946eb7c6b650d0b222bc179d41499f424a13
EXPORTER_SECRET 384584a5ff0db94430eedf8661d8e11d2d39455c8a8d0c76747bf1814183dc6e 061bb16995e03ac6060292ceb51b425f41f72821b18950d16b1b673fcf1b35fa
CLIENT_TRAFFIC_SECRET_0 384584a5ff0db94430eedf8661d8e11d2d39455c8a8d0c76747bf1814183dc6e 8d0ee1153096b7b23867a60a2d162b59d5ec1f6ec8b898b859c5528aa06752df
SERVER_HANDSHAKE_TRAFFIC_SECRET 10d3f5181ff3748c0ea09e75cbf9dd678cac509268138eb32330c03f1b620f84 032d25ad85cbaff5b8f6d8b0456d19480a0c1f7aeb7dc6c0e4c4591e79085203
CLIENT_HANDSHAKE_TRAFFIC_SECRET 10d3f5181ff3748c0ea09e75cbf9dd678cac509268138eb32330c03f1b620f84 bf2967310f3f88c92ab72381df6d8f4879c1fb6be1c857c5456214a01451fa95
SERVER_TRAFFIC_SECRET_0 10d3f5181ff3748c0ea09e75cbf9dd678cac509268138eb32330c03f1b620f84 d5689f76e6663a8ee2877f0824a8054347af6e31ad9029d9b95d2051523de5d4
CLIENT_HANDSHAKE_TRAFFIC_SECRET 10d3f5181ff3748c0ea09e75cbf9dd678cac509268138eb32330c03f1b620f84 bf2967310f3f88c92ab72381df6d8f4879c1fb6be1c857c5456214a01451fa95
SERVER_HANDSHAKE_TRAFFIC_SECRET 10d3f5181ff3748c0ea09e75cbf9dd678cac509268138eb32330c03f1b620f84 032d25ad85cbaff5b8f6d8b0456d19480a0c1f7aeb7dc6c0e4c4591e79085203
CLIENT_TRAFFIC_SECRET_0 10d3f5181ff3748c0ea09e75cbf9dd678cac509268138eb32330c03f1b620f84 97b7aa169b133945853828501da87391eb104ba7ce8a17b548aa75794641787a
SERVER_TRAFFIC_SECRET_0 10d3f5181ff3748c0ea09e75cbf9dd678cac509268138eb32330c03f1b620f84 d5689f76e6663a8ee2877f0824a8054347af6e31ad9029d9b95d2051523de5d4
EXPORTER_SECRET 10d3f5181ff3748c0ea09e75cbf9dd678cac509268138eb32330c03f1b620f84 0c3a71b1817e4f8509441994c0aaab80956880094ceac6097e3c3909e77d1a85
CLIENT_TRAFFIC_SECRET_0 10d3f5181ff3748c0ea09e75cbf9dd678cac509268138eb32330c03f1b620f84 97b7aa169b133945853828501da87391eb104ba7ce8a17b548aa75794641787a
SERVER_HANDSHAKE_TRAFFIC_SECRET 88655beaf75e513b4b61fccc5e43ffdd940e8a311c49b5554e5139d2c9e5de56 719d23b147cc5ad95c07d7595dd3ec305a78da8e652111b28dfbce9b4253a7f3
CLIENT_HANDSHAKE_TRAFFIC_SECRET 88655beaf75e513b4b61fccc5e43ffdd940e8a311c49b5554e5139d2c9e5de56 d3002595fd7ff3b6d34d3fcfe8b00c320283672f96885870c436f8d441383527
SERVER_TRAFFIC_SECRET_0 88655beaf75e513b4b61fccc5e43ffdd940e8a311c49b5554e5139d2c9e5de56 119c64255b2d581aa576a53f9a22c2f49561fe02e97ef70f7bb5aed1ca240f69
CLIENT_HANDSHAKE_TRAFFIC_SECRET 88655beaf75e513b4b61fccc5e43ffdd940e8a311c49b5554e5139d2c9e5de56 d3002595fd7ff3b6d34d3fcfe8b00c320283672f96885870c436f8d441383527
SERVER_HANDSHAKE_TRAFFIC_SECRET 88655beaf75e513b4b61fccc5e43ffdd940e8a311c49b5554e5139d2c9e5de56 719d23b147cc5ad95c07d7595dd3ec305a78da8e652111b28dfbce9b4253a7f3
CLIENT_TRAFFIC_SECRET_0 88655beaf75e513b4b61fccc5e43ffdd940e8a311c49b5554e5139d2c9e5de56 dbcfd15598cae0864654afec58115ae955a290085a962ce3605c54c5a02abd6d
SERVER_TRAFFIC_SECRET_0 88655beaf75e513b4b61fccc5e43ffdd940e8a311c49b5554e5139d2c9e5de56 119c64255b2d581aa576a53f9a22c2f49561fe02e97ef70f7bb5aed1ca240f69
EXPORTER_SECRET 88655beaf75e513b4b61fccc5e43ffdd940e8a311c49b5554e5139d2c9e5de56 7028b9ff61e23459be8c6203448f81b56fae952b2ab276f40e3473c72da6ead9
CLIENT_TRAFFIC_SECRET_0 88655beaf75e513b4b61fccc5e43ffdd940e8a311c49b5554e5139d2c9e5de56 dbcfd15598cae0864654afec58115ae955a290085a962ce3605c54c5a02abd6d
SERVER_HANDSHAKE_TRAFFIC_SECRET b8d8175712350e468f3c8ccd825155e01cd91363c3ac4fbf3fcb98efee24ca2c 2288d9a49730e5a7c57d8aae7a653dfe4f5e5bf07d5641a6ee61538fd3072f56
CLIENT_HANDSHAKE_TRAFFIC_SECRET b8d8175712350e468f3c8ccd825155e01cd91363c3ac4fbf3fcb98efee24ca2c 31373cf3da659995ff6c198526c34c821604c4f5b212e247c16bde9062d5944b
SERVER_TRAFFIC_SECRET_0 b8d8175712350e468f3c8ccd825155e01cd91363c3ac4fbf3fcb98efee24ca2c 553cab822365e5c338c0fc1b8449b8aa095ce4b9aec717d9e49f41d8f35ab784
CLIENT_HANDSHAKE_TRAFFIC_SECRET b8d8175712350e468f3c8ccd825155e01cd91363c3ac4fbf3fcb98efee24ca2c 31373cf3da659995ff6c198526c34c821604c4f5b212e247c16bde9062d5944b
SERVER_HANDSHAKE_TRAFFIC_SECRET b8d8175712350e468f3c8ccd825155e01cd91363c3ac4fbf3fcb98efee24ca2c 2288d9a49730e5a7c57d8aae7a653dfe4f5e5bf07d5641a6ee61538fd3072f56
CLIENT_TRAFFIC_SECRET_0 b8d8175712350e468f3c8ccd825155e01cd91363c3ac4fbf3fcb98efee24ca2c e8b4a22b49fde86dbc2962a18ce19731f0213f514b9c1473b30c76c6b74f0483
SERVER_TRAFFIC_SECRET_0 b8d8175712350e468f3c8ccd825155e01cd91363c3ac4fbf3fcb98efee24ca2c 553cab822365e5c338c0fc1b8449b8aa095ce4b9aec717d9e49f41d8f35ab784
EXPORTER_SECRET b8d8175712350e468f3c8ccd825155e01cd91363c3ac4fbf3fcb98efee24ca2c 1ea17a93f56ef2c3e9a95679064fa67152273c0a475ddf12a632c4f8935a0164
CLIENT_TRAFFIC_SECRET_0 b8d8175712350e468f3c8ccd825155e01cd91363c3ac4fbf3fcb98efee24ca2c e8b4a22b49fde86dbc2962a18ce19731f0213f514b9c1473b30c76c6b74f0483
SERVER_HANDSHAKE_TRAFFIC_SECRET a4708ac9b45d8b690a0f8eb38e5510b710634640feba7541f4dca25e28bee496 312157e66a0d8bc184634f9c02f9959aec35d40a48c98cb0582dcdefc1d5a4d1
CLIENT_HANDSHAKE_TRAFFIC_SECRET a4708ac9b45d8b690a0f8eb38e5510b710634640feba7541f4dca25e28bee496 2091163ddf769964c1c041e96bbf2165db645e517ef3698498f69f60c24f44c3
SERVER_TRAFFIC_SECRET_0 a4708ac9b45d8b690a0f8eb38e5510b710634640feba7541f4dca25e28bee496 2f936633f4a40fe75fc23255a5f6d9226b0bf3f098350871d42e201a6d25ee41
SERVER_HANDSHAKE_TRAFFIC_SECRET 16997054d7545578b4c55aac7299dc37b076aba1b5d43b64fdd9a054cd1be91d c3a2d581c8ecfd39c8ecd12a8105ae9eb247edfe3b1407270b61959ae6a73175
CLIENT_HANDSHAKE_TRAFFIC_SECRET 16997054d7545578b4c55aac7299dc37b076aba1b5d43b64fdd9a054cd1be91d 7f6bb5b3a4e67811ab6ad1f8328221179a990781d67e7bb229059d0e40eff255
SERVER_TRAFFIC_SECRET_0 16997054d7545578b4c55aac7299dc37b076aba1b5d43b64fdd9a054cd1be91d baf70c9afc673911dd752183d98fb52097fd209d75c323d1f7316399bb7d456d
SERVER_HANDSHAKE_TRAFFIC_SECRET 8bb9d84f6f3e8a60c4b60ccebb03029c3f7b4536011f6d9922b06ef0a476366f 32fb6845cf5b234cb210fccb0107717a7cda59a1644f2602828d347a04dc5ab4
CLIENT_HANDSHAKE_TRAFFIC_SECRET 8bb9d84f6f3e8a60c4b60ccebb03029c3f7b4536011f6d9922b06ef0a476366f f2e32626dba83e79c11309cfb87de58613385d7dca1829ca71e12b00416fbfc7
SERVER_TRAFFIC_SECRET_0 8bb9d84f6f3e8a60c4b60ccebb03029c3f7b4536011f6d9922b06ef0a476366f 5ffd25ee18bbab9c40b84c66bcc242b6f78c2b5ecccf1134d971de28ce7dbd12
SERVER_HANDSHAKE_TRAFFIC_SECRET f3cd413ba4a33c9930cc9f59f8bec0e07a2c205fcddf79fb4824b7f4ed2dece5 16dbc1857ce31e050bc7c58c5ced009ae811f6e813fab8dc9718571547903afe
CLIENT_HANDSHAKE_TRAFFIC_SECRET f3cd413ba4a33c9930cc9f59f8bec0e07a2c205fcddf79fb4824b7f4ed2dece5 0f3de60240088d314f0483ab236ca30f48e185807afeac26f431bc191a955d8c
SERVER_TRAFFIC_SECRET_0 f3cd413ba4a33c9930cc9f59f8bec0e07a2c205fcddf79fb4824b7f4ed2dece5 898698f63a607048945aeccd04bc1a1c1e576293112f296a609389bbe919de86
SERVER_HANDSHAKE_TRAFFIC_SECRET 1ac06afaf01946c2163f95c4bf95210c1e6bc46d4d350a63fe3dcda08c4f1d37 d797b23746d32de87b79302bd671c012a28fe0ac8ba4d79d224a0e554939b18f
CLIENT_HANDSHAKE_TRAFFIC_SECRET 1ac06afaf01946c2163f95c4bf95210c1e6bc46d4d350a63fe3dcda08c4f1d37 3b62fe36ec3cd29e082d62833be78b60a94a9fb7e3688758e1722530ec62ff26
SERVER_TRAFFIC_SECRET_0 1ac06afaf01946c2163f95c4bf95210c1e6bc46d4d350a63fe3dcda08c4f1d37 26951f3dddc8b7201638c0dc34b50343d1f6a04f2a5a2e02dbcb597efa4f2e4f
SERVER_HANDSHAKE_TRAFFIC_SECRET a85fe11bcc35af8a3fa9ab630b39334a207c37115b964a5b4da35cfc1bc567e3 87808210233af7f637b21765bb41d9b409fc03bfb5bb59e67ac066b29cd0bc5a
CLIENT_HANDSHAKE_TRAFFIC_SECRET a85fe11bcc35af8a3fa9ab630b39334a207c37115b964a5b4da35cfc1bc567e3 71d9c91055585e397584a6594d4e15b611596836a5a5b0279895adbd459cd18f
SERVER_TRAFFIC_SECRET_0 a85fe11bcc35af8a3fa9ab630b39334a207c37115b964a5b4da35cfc1bc567e3 c396f7c8221c8efa160d54b198576d03ebc696f31befdf18157cf54ee8121521
SERVER_HANDSHAKE_TRAFFIC_SECRET fba09dbe774add98a96bbe0cacf5cab8210798e0e547bdace8aa4f738684d2ab c98e7fa6f497e2fc00db68ddba3ff0643b5c43cdda848aff1216e32c3a8e215d
CLIENT_HANDSHAKE_TRAFFIC_SECRET fba09dbe774add98a96bbe0cacf5cab8210798e0e547bdace8aa4f738684d2ab ec60c218b079266a38d7273e753cf5c5bb0c356091bedfd440d20f00cd6b0b55
SERVER_TRAFFIC_SECRET_0 fba09dbe774add98a96bbe0cacf5cab8210798e0e547bdace8aa4f738684d2ab 3408adf937f068a73a51c5a8eeeacf286e6f799814ede26ec7bed8952349ce20
SERVER_HANDSHAKE_TRAFFIC_SECRET 01a10358ca6e08d558e36d0f53307cb059840c8a23ad45a7f5b7f76f62631d63 4d2fa91d2a24536e7ceb26d8153692c854ed12fe3b50eaf27ac67e1b7a819385
CLIENT_HANDSHAKE_TRAFFIC_SECRET 01a10358ca6e08d558e36d0f53307cb059840c8a23ad45a7f5b7f76f62631d63 a67c6e7fe4ab166c384411b95712e43ff5489f8848b8cdc16540749aace5056c
SERVER_TRAFFIC_SECRET_0 01a10358ca6e08d558e36d0f53307cb059840c8a23ad45a7f5b7f76f62631d63 1debd2d8e0016de350c747b51cb1feee69b83b7d84e9e77b788a50f21759e695
SERVER_HANDSHAKE_TRAFFIC_SECRET b411b0c73f0195014efd36066ad3016ff57e0fc16e3d5e9851681b28abbbda51 9d1e315ebcc75e159bf0053fea82eeba400af225c053bc18e1929e3170528c65
CLIENT_HANDSHAKE_TRAFFIC_SECRET b411b0c73f0195014efd36066ad3016ff57e0fc16e3d5e9851681b28abbbda51 db1d104d9e307d11b47c979687c57189602164467c0ddaff29e3fae0d31d9a88
SERVER_TRAFFIC_SECRET_0 b411b0c73f0195014efd36066ad3016ff57e0fc16e3d5e9851681b28abbbda51 82326442908dffc0f83a3a20cf56ab36fe411af4e124a3a259ebb529de630490
SERVER_HANDSHAKE_TRAFFIC_SECRET e6be24679dd4a1e0a3cac4c585117c85c5dfd83589ce7157f38b8a28324c25dc 6213a482076a20f093364687cf2f5084fa43477283566b0f177aeff15062d335
CLIENT_HANDSHAKE_TRAFFIC_SECRET e6be24679dd4a1e0a3cac4c585117c85c5dfd83589ce7157f38b8a28324c25dc 9e798c5d871ced135134d40eea0d9414b160ad3970dfb54974b89d96303583d3
SERVER_TRAFFIC_SECRET_0 e6be24679dd4a1e0a3cac4c585117c85c5dfd83589ce7157f38b8a28324c25dc 7d11000705e8cb5cd4b32521a8ae6fe46e64a91e21887031bfc0d74041ce84a2
SERVER_HANDSHAKE_TRAFFIC_SECRET 3ca4ce1f397a2c7822b5cc5f94cf6b44668e4239bf9892b031376457e2cf1022 2fe17a0387f3b6240b6866a0b45b9e434465252ac9f9a760d07f0fca9797162d
CLIENT_HANDSHAKE_TRAFFIC_SECRET 3ca4ce1f397a2c7822b5cc5f94cf6b44668e4239bf9892b031376457e2cf1022 8b0c0fd6f7f14eb53dce6332ef1c79d4a8bc17265a31654ee7ca6ec0a86e67a4
SERVER_TRAFFIC_SECRET_0 3ca4ce1f397a2c7822b5cc5f94cf6b44668e4239bf9892b031376457e2cf1022 7f304641de85ab5c5f642926acf918447bb12c2ce062ed1b99a768bf337e431e
SERVER_HANDSHAKE_TRAFFIC_SECRET baaa1cb70cbbc5dd53da9c583b76cd615d90089cb180b298904fddf3ea5b48d8 39ad10aed5284ace38deecbd0a09b66202c0651aab9349a4e26e13303026f015
CLIENT_HANDSHAKE_TRAFFIC_SECRET baaa1cb70cbbc5dd53da9c583b76cd615d90089cb180b298904fddf3ea5b48d8 be16dbc7aae71f755e7362d022f1a815798f17f1225c9ab188c253954fa09551
SERVER_TRAFFIC_SECRET_0 baaa1cb70cbbc5dd53da9c583b76cd615d90089cb180b298904fddf3ea5b48d8 3a7a3f99ed97c65c302a782851fae7109cf83b5ae3995136434186f26d8fa776
SERVER_HANDSHAKE_TRAFFIC_SECRET 860a1785dc7caac5610af76501ea5aa05790502477e93e4017ccb68ab5dd7df7 1e30f19059265ab3c73eb5e3b64af81d871ffa781ea3b5991f8770710b3ba3b7
CLIENT_HANDSHAKE_TRAFFIC_SECRET 860a1785dc7caac5610af76501ea5aa05790502477e93e4017ccb68ab5dd7df7 1de9796102dc30ee154774f1c0a7547797615d067616debd201a57febcf428c1
SERVER_TRAFFIC_SECRET_0 860a1785dc7caac5610af76501ea5aa05790502477e93e4017ccb68ab5dd7df7 8d4f4421032a2b9145becadf870920037c0151f3825e720c4b86d10bf5676c89
SERVER_HANDSHAKE_TRAFFIC_SECRET c177e4a69c3d486c54cff1ca82bf67c80d20419dd8cfc098c51b44ba7d79c0d2 4dd3873665babcb7070b0eaa3f51a75dd04001e5ae5e83ea77a3d529dad2a56b
CLIENT_HANDSHAKE_TRAFFIC_SECRET c177e4a69c3d486c54cff1ca82bf67c80d20419dd8cfc098c51b44ba7d79c0d2 effc2f8d280208a978195c4c6879687c36d93824459f898a229533b0d83e37aa
SERVER_TRAFFIC_SECRET_0 c177e4a69c3d486c54cff1ca82bf67c80d20419dd8cfc098c51b44ba7d79c0d2 b1e8e382543a8acc81037d1afd54accfc4591d22a5d9208b6c239388a866a162
SERVER_HANDSHAKE_TRAFFIC_SECRET 69a40d199b085242baea0bbeb76a6864343da79cd14a3ec79493da442bc4f4a3 2830af1af0cda473536a19500d957b109698762e559656a098b8182bdcb39796
CLIENT_HANDSHAKE_TRAFFIC_SECRET 69a40d199b085242baea0bbeb76a6864343da79cd14a3ec79493da442bc4f4a3 8c8b06de3b59038f967cbe29b9da671137815b3c266c77ce545e5d172bfd009f
SERVER_TRAFFIC_SECRET_0 69a40d199b085242baea0bbeb76a6864343da79cd14a3ec79493da442bc4f4a3 84f43fd833686c4d5b4746dfd1a6e72a66eae6b3feecaae9801ecd76b72e4e7a
SERVER_HANDSHAKE_TRAFFIC_SECRET 2aa3f2a12e52a4f5380b313030f5c10ceca8580cd3f13bf39c7faae1b1d14802 cd373eb0c473eba8f64bd013745c50f95fdea72497a3b479bb17b83e0d1857f3
CLIENT_HANDSHAKE_TRAFFIC_SECRET 2aa3f2a12e52a4f5380b313030f5c10ceca8580cd3f13bf39c7faae1b1d14802 769d57fca990ede03e7597598f05bf73425beb254533b578cd72b20134d77761
SERVER_TRAFFIC_SECRET_0 2aa3f2a12e52a4f5380b313030f5c10ceca8580cd3f13bf39c7faae1b1d14802 091865cc9948a39db2c6e9ac8b902414880e8255090c0ad40132095aff4d9847
SERVER_HANDSHAKE_TRAFFIC_SECRET c90d8b6f39ff184282a480c130165069ea8801e5a999d45115c62acd04f97f1a ddffb542619ccbf71fdf2a97ca93635de29ed1436e6f07e56c7b492dfc9e3f56
CLIENT_HANDSHAKE_TRAFFIC_SECRET c90d8b6f39ff184282a480c130165069ea8801e5a999d45115c62acd04f97f1a 41b958c556e8c9984fcc808fcd43dd6b200c620dfe7585fa9848e4ef31bf1c67
SERVER_TRAFFIC_SECRET_0 c90d8b6f39ff184282a480c130165069ea8801e5a999d45115c62acd04f97f1a 279ea4b98db9feceb31ebfaf2b2b3b37f033357e2ba596e4a88730964a409458
SERVER_HANDSHAKE_TRAFFIC_SECRET eec9e602c4cf5d476679f32f02239a9298361c91a0ec767cf368ce96231197a7 2222575186e4009e18ebc88d089218ed527b76af674d65e21b492829e2e16b03
CLIENT_HANDSHAKE_TRAFFIC_SECRET eec9e602c4cf5d476679f32f02239a9298361c91a0ec767cf368ce96231197a7 fce697b00818cc4c7b602706527299771704419b403357c756995c704c602251
SERVER_TRAFFIC_SECRET_0 eec9e602c4cf5d476679f32f02239a9298361c91a0ec767cf368ce96231197a7 6084d220571ab7cd4e0ab7a95e46a1586011025990585bc349df9881b62007f0
SERVER_HANDSHAKE_TRAFFIC_SECRET affcf70971f1205ea86104a660d02b224dcb537f8245861366ead320b03b8bf5 45da8df744b7ec93aa02ecfaf9428c0f3c12de41b6ec8878fde9e33f91bcdffe
CLIENT_HANDSHAKE_TRAFFIC_SECRET affcf70971f1205ea86104a660d02b224dcb537f8245861366ead320b03b8bf5 94fd2774b7ad487a712ae419e0d74327dbc426da265bd742a0a2b2b1098bb159
SERVER_TRAFFIC_SECRET_0 affcf70971f1205ea86104a660d02b224dcb537f8245861366ead320b03b8bf5 33c5cd78065f4400db2a9ba9d167bca4dfbdf8e6d15321deef0fd588ad06d967
SERVER_HANDSHAKE_TRAFFIC_SECRET 2513e5bc8b76f86f10403f0a82c87306250b3e300e9a6c8098956372bc06ba5d c8c262177a7c0e991881cf2fdad2c36d3fea2a9113c7f498b1a7f07558a07cb2
CLIENT_HANDSHAKE_TRAFFIC_SECRET 2513e5bc8b76f86f10403f0a82c87306250b3e300e9a6c8098956372bc06ba5d 1877f89f0a1d791e15d087a79e7365158b03af9556a01bb3b04909efbfb9efc5
SERVER_TRAFFIC_SECRET_0 2513e5bc8b76f86f10403f0a82c87306250b3e300e9a6c8098956372bc06ba5d 44711609847daded28fd69c9eb4e77b0cdb74f862c20fc0661fa0c0c2cb96e16
SERVER_HANDSHAKE_TRAFFIC_SECRET c00709967ce378c5c67d88cbd709ec4f1e437702063e49a0d0ca8b8f88609761 6b43b786afa9f48a2c7ec4ef45a0a6abb0b99b855a9e10b4284cc58f691b1ec8
CLIENT_HANDSHAKE_TRAFFIC_SECRET c00709967ce378c5c67d88cbd709ec4f1e437702063e49a0d0ca8b8f88609761 40cdd13ff93e79c35637db8863bc6b134f3719da3e18a1da052082828be503c1
SERVER_TRAFFIC_SECRET_0 c00709967ce378c5c67d88cbd709ec4f1e437702063e49a0d0ca8b8f88609761 1d2c72269073642eb5ca1582237c99de85be0f64e5c5c3e8b48fcc0b2cf57960
SERVER_HANDSHAKE_TRAFFIC_SECRET 6ffcf2582664a02cab0871b2c56e236c0ee8ac32717c00291745f773d027dbe3 72ae1e685d2dccadbf3f56b2e127c0d7079534d87c562bf4e6f66c201e6c969d
CLIENT_HANDSHAKE_TRAFFIC_SECRET 6ffcf2582664a02cab0871b2c56e236c0ee8ac32717c00291745f773d027dbe3 3df80228053a776d3ccba2721f138d44c2d7a6a1c155e3fdf19f6eafe3f866e9
SERVER_TRAFFIC_SECRET_0 6ffcf2582664a02cab0871b2c56e236c0ee8ac32717c00291745f773d027dbe3 ac46dad59cdea34e2a9df45ac3c9a43d8364422714c04b4d951dcd62faca4009
SERVER_HANDSHAKE_TRAFFIC_SECRET 5e221057df9ac44fb5eb01c1bffc771cdd963d6dfe66b4586b2ef43190ea94af 70f9f6223d8cf49929efeaf020a1fa2d05c967fb2d4ee560924ffa3b5ae94767
CLIENT_HANDSHAKE_TRAFFIC_SECRET 5e221057df9ac44fb5eb01c1bffc771cdd963d6dfe66b4586b2ef43190ea94af 006f0aa5523b65b0079cd681b3efb7e84eedc7c1f188e62544a5a11e87b87ceb
SERVER_TRAFFIC_SECRET_0 5e221057df9ac44fb5eb01c1bffc771cdd963d6dfe66b4586b2ef43190ea94af 531176401e1a2034be20f4706c17e6ca317011381875c16ecb77fcaa736063f1
SERVER_HANDSHAKE_TRAFFIC_SECRET 922ce6c7124046143b51a08fe08d988b305604cc8822e5884b848af95194ce79 cfbbee65334d321c310e076f2b431f7d4b1291096ef6a90970c4d535f78b96f5
CLIENT_HANDSHAKE_TRAFFIC_SECRET 922ce6c7124046143b51a08fe08d988b305604cc8822e5884b848af95194ce79 adee6ceb8939408535ecd5dadc77018a95676089d8489d92bf34713019a734d8
SERVER_TRAFFIC_SECRET_0 922ce6c7124046143b51a08fe08d988b305604cc8822e5884b848af95194ce79 e7a387359c5c91d775ddd323098a8f51c77ac3514af7cb0c521452af659a0452
SERVER_HANDSHAKE_TRAFFIC_SECRET 60201fdd2687758541a91460c1de1020f4c6cdbe63c4d13ca7bff7e3cf9e0686 1fad1787febabd54d259bcf7fc2761bbb0c5ee03712ab5ff143e692045c6bc7b
CLIENT_HANDSHAKE_TRAFFIC_SECRET 60201fdd2687758541a91460c1de1020f4c6cdbe63c4d13ca7bff7e3cf9e0686 d5a62f24b4725b91989147a65c86e2176a170ce1209dae3ce4fffc9d231b5728
SERVER_TRAFFIC_SECRET_0 60201fdd2687758541a91460c1de1020f4c6cdbe63c4d13ca7bff7e3cf9e0686 40fb5b5d4b78a469b2291b34275560bb84ccf1d8477b098be73fb569c287ff5d
SERVER_HANDSHAKE_TRAFFIC_SECRET c241419b2c0ca91447024c7ecd06edb1c173588e4e75c0a1da09fa7c9db9de1d e275b3ab1787d754905cb5ae2f6a42a5ee1d582ecb0656479e0e8450f436adae
CLIENT_HANDSHAKE_TRAFFIC_SECRET c241419b2c0ca91447024c7ecd06edb1c173588e4e75c0a1da09fa7c9db9de1d 35ca81a0bc2ccf0abcbd27288e9f3cdd46059a178638c13867f24c0c8f748025
SERVER_TRAFFIC_SECRET_0 c241419b2c0ca91447024c7ecd06edb1c173588e4e75c0a1da09fa7c9db9de1d d571fce95280832f16749338bd1425d4ea7de444f4ad83e4b7865a59e578f595
SERVER_HANDSHAKE_TRAFFIC_SECRET 25a1270b5fb700081d6760b93e09e9cb7aca312281a5b9fd4d7c83b6a8d6e42d d906ceacc686e2744efc49659e5c18b5f5e5abbcb57d1de4144bf6a9e6c5bc15
CLIENT_HANDSHAKE_TRAFFIC_SECRET 25a1270b5fb700081d6760b93e09e9cb7aca312281a5b9fd4d7c83b6a8d6e42d a61eb10873526de4b9acadbe2d52c62aefc9d2109aca666353dfdac9e41b69f7
SERVER_TRAFFIC_SECRET_0 25a1270b5fb700081d6760b93e09e9cb7aca312281a5b9fd4d7c83b6a8d6e42d 419b55466d8cf11c220129db9a992d27132896e5e44f77c117127ea5ce042d22
SERVER_HANDSHAKE_TRAFFIC_SECRET d149206624ac6a011cbb1f1cc705a006f9fd0612338384031a01679cf4399acd a2172817a342aad4036fd1e0ffcde3f223989acd384e25c7a36c6d1ce78f1bed
CLIENT_HANDSHAKE_TRAFFIC_SECRET d149206624ac6a011cbb1f1cc705a006f9fd0612338384031a01679cf4399acd 3d4e3d5c2ee0f6565e22946f62616967345867664c963d8c5220b972b484a36f
SERVER_TRAFFIC_SECRET_0 d149206624ac6a011cbb1f1cc705a006f9fd0612338384031a01679cf4399acd 0bbe8e5c4389f2f98c6eb564e0cdf217b755f0ab0a661258645874d93b1680da
SERVER_HANDSHAKE_TRAFFIC_SECRET ca5db611bab7fd989ddaa8c48f30cd83ca7e62870ebd38a0c8a257277b33502f 51c1ffafa7a8e5de3137c17ab7aedf742b1dbb1d4921f30264e2a8a96ae521f4
CLIENT_HANDSHAKE_TRAFFIC_SECRET ca5db611bab7fd989ddaa8c48f30cd83ca7e62870ebd38a0c8a257277b33502f e872d6fd467c949647a608239ed8da47ec663baa834ad67476c9ad82194cee67
SERVER_TRAFFIC_SECRET_0 ca5db611bab7fd989ddaa8c48f30cd83ca7e62870ebd38a0c8a257277b33502f 57d028bd4fbe6ec04d677583cf6e9c8a729d603c8c18a6d50ce76181ba40c9b3
SERVER_HANDSHAKE_TRAFFIC_SECRET aba14542051194e083af6ae6e5946f1ba340420a0c6be2412d905ae4ac3895d3 a179bba06ccfa3560b03bd9e7a9c303814f9030b1f52ffcac51905478fd8ce56
CLIENT_HANDSHAKE_TRAFFIC_SECRET aba14542051194e083af6ae6e5946f1ba340420a0c6be2412d905ae4ac3895d3 9da14ed7d38de02ba497f08958ea4ce2e1d5dfbd75ed9b22a9ff7d96e0da208b
SERVER_TRAFFIC_SECRET_0 aba14542051194e083af6ae6e5946f1ba340420a0c6be2412d905ae4ac3895d3 368ad1187051541ba25b8775533a5bdd790ce6834007cf8f63742f4eef8a8334
SERVER_HANDSHAKE_TRAFFIC_SECRET c7ddb1c2c47f13798832cf4b9b06594976cdd2e08cd26557ea8ff26ed55c648e 9842bf3e86130784ca6ccac80b1b1e7e3fe62b2cd4ffb6658c4516d69dddb953
CLIENT_HANDSHAKE_TRAFFIC_SECRET c7ddb1c2c47f13798832cf4b9b06594976cdd2e08cd26557ea8ff26ed55c648e 96bf7adfedad150204520e1cfb13f7bbea0f88043d49f834f56e0fb94e8a58d7
SERVER_TRAFFIC_SECRET_0 c7ddb1c2c47f13798832cf4b9b06594976cdd2e08cd26557ea8ff26ed55c648e 51484f30edd4af812d1eede9f4077df4bc015bacba4c5161b9cede750ac149d2
SERVER_HANDSHAKE_TRAFFIC_SECRET 18c9bb5674a80e33a63cde9edefd0c535d12f98436d216b016f9c353829338e7 f9e625547ad5378ae0abf38e427c788c141f5d18e92b6d1a06763acf46b1c026
CLIENT_HANDSHAKE_TRAFFIC_SECRET 18c9bb5674a80e33a63cde9edefd0c535d12f98436d216b016f9c353829338e7 dbc88664ec104c71e8b31ea7445fd61a7cf88f3d797c2a172308cfd20b0147a6
SERVER_TRAFFIC_SECRET_0 18c9bb5674a80e33a63cde9edefd0c535d12f98436d216b016f9c353829338e7 aa8261db89d597c0a9491337e62764e6b8218d88e770515b009a6153875ca3a6
SERVER_HANDSHAKE_TRAFFIC_SECRET 100c178f02810d340767c9ab7f37bd5f806e6e480c5a0481c7e3a2ff3d9b2d0f 13b42825409c0b09ebd0b1313ca9a116bc009c83ccfea7b267a9cd71351e2a49
CLIENT_HANDSHAKE_TRAFFIC_SECRET 100c178f02810d340767c9ab7f37bd5f806e6e480c5a0481c7e3a2ff3d9b2d0f b2882032df5c9145c2cf59005366cfaf72fb097a695d1efdc88ef1ba34b69ba1
SERVER_TRAFFIC_SECRET_0 100c178f02810d340767c9ab7f37bd5f806e6e480c5a0481c7e3a2ff3d9b2d0f e5d3ea45b70c32ffe5160d415cfac996c5dc8944cbac87904785e2235e2bb3db
SERVER_HANDSHAKE_TRAFFIC_SECRET f658d5e88cc1a12e78b021ca99cba467ddea27cdab9b3536faa418487ad2736a d7f0d266770b46aaaba14dfbbfc244d424878264ff0fac38c452bf7429cdc5ee
CLIENT_HANDSHAKE_TRAFFIC_SECRET f658d5e88cc1a12e78b021ca99cba467ddea27cdab9b3536faa418487ad2736a c1fe3eae07531c6932e0300cf7a28bc9fc8059b3542d1b630c1f7dc9405a1e00
SERVER_TRAFFIC_SECRET_0 f658d5e88cc1a12e78b021ca99cba467ddea27cdab9b3536faa418487ad2736a d8569b95ab939212738537ef839c3a296954b978411144c232eb1eec026fdc83
SERVER_HANDSHAKE_TRAFFIC_SECRET 952fd7b4a7053601b2c495c9b62ff29b0c6f8b68f69d03322345dae4cb1ca752 c05210afcc62771c783d5666aaa1e64ab11e9f8871cc5c89594d87380dbabff3
CLIENT_HANDSHAKE_TRAFFIC_SECRET 952fd7b4a7053601b2c495c9b62ff29b0c6f8b68f69d03322345dae4cb1ca752 0387fb5410f687d324be867d424596fdda8e6bf73cc1b1c912d37f78c784d2f1
SERVER_TRAFFIC_SECRET_0 952fd7b4a7053601b2c495c9b62ff29b0c6f8b68f69d03322345dae4cb1ca752 d15694f21badd96372f5b14079dfb8aecbb27b21bbb22eeb8bc4e4e038f52d61
SERVER_HANDSHAKE_TRAFFIC_SECRET 08639f128791b3b293d34dae78a11179419b74871b6d69c943f29cf606a5ee5a f3b2d7422f0089af070ce3f8487f486051dc4f95f912a93fad29c1781e40e923
CLIENT_HANDSHAKE_TRAFFIC_SECRET 08639f128791b3b293d34dae78a11179419b74871b6d69c943f29cf606a5ee5a 32928fe6abb6f5ebecd2a4aa20f433755757a3c005c07e19f481aafd092ed816
SERVER_TRAFFIC_SECRET_0 08639f128791b3b293d34dae78a11179419b74871b6d69c943f29cf606a5ee5a 450ddefc3b28e7334b9aab6960795a4970ed6f7c12d4e59ff8dd0b0bd2eec818
SERVER_HANDSHAKE_TRAFFIC_SECRET b5864af8a8c2fff1cfa2931850af317ca63b248ef0c62619cd1b824761006b93 033241eaf250454fa4813db06c7ead57cdc59ad0bd6a6b47baaa0fff5d91b144
CLIENT_HANDSHAKE_TRAFFIC_SECRET b5864af8a8c2fff1cfa2931850af317ca63b248ef0c62619cd1b824761006b93 36a0e02db580f93c83a75d1fb65159fd0f767677abfafc8d6c917e58c4f7fe69
SERVER_TRAFFIC_SECRET_0 b5864af8a8c2fff1cfa2931850af317ca63b248ef0c62619cd1b824761006b93 95fe0c4f4861f1cd3de454b6eb8d28759fb36b5a1e161db5bead85a17ba6e0dc
SERVER_HANDSHAKE_TRAFFIC_SECRET 0e4c2c00325d07969d5cec55edd6bbd40624d17f9230d202c054865ddf262d1c 5c50368df58db3977e7d77db878e62bccb1a39de530ca026a1cdfce8f1724318
CLIENT_HANDSHAKE_TRAFFIC_SECRET 0e4c2c00325d07969d5cec55edd6bbd40624d17f9230d202c054865ddf262d1c c46b1c2c015483f3847cca58373b24882bcd3d154adcf362e595891e06f3ec35
SERVER_TRAFFIC_SECRET_0 0e4c2c00325d07969d5cec55edd6bbd40624d17f9230d202c054865ddf262d1c 7c62062ff44b578ce2bec2643e7e0437221aa58076b407e85916babc100bc5f8
